hi
Restoring modules from user's standard_modules
parameter values for minimization:
K33 = 3.000000e+01
k24 = 6.000000e-01
Lambda = 0.000000e+00
d0 = 1.000000e+00
omega = 3.560000e+01
gamma_s = 1.000000e-01
initial guesses for R, eta, and delta:
guess for R = 5.000000e-01
guess for eta = 6.300000e+00
guess for delta = 8.100000e-01
estimated ranges of R, eta, and delta:
upper bound estimate of R = 2.000000e+00
lower bound estimate of R = 1.000000e-01
upper bound estimate of eta = 6.430000e+00
lower bound estimate of eta = 6.290000e+00
upper bound estimate of delta = 8.160000e-01
lower bound estimate of delta = 8.000000e-01
    iteration	            R	          eta	        delta	            E	         dEdR	       dEdeta	     dEddelta	    grad norm
minimum found at:
            5	 4.384966e-01	 6.300000e+00	 8.164966e-01	-5.916049e+00	-2.633371e-09	 0.000000e+00	 9.251859e-09	 9.619331e-09
psi(R) = 3.15e-01
parameter values for minimization:
K33 = 3.000000e+01
k24 = 6.000000e-01
Lambda = 1.000000e+00
d0 = 1.000000e+00
omega = 3.560000e+01
gamma_s = 1.000000e-01
initial guesses for R, eta, and delta:
guess for R = 4.384966e-01
guess for eta = 6.300000e+00
guess for delta = 8.164966e-01
estimated ranges of R, eta, and delta:
upper bound estimate of R = 6.577449e-01
lower bound estimate of R = 3.288724e-01
upper bound estimate of eta = 6.400000e+00
lower bound estimate of eta = 6.280000e+00
upper bound estimate of delta = 8.180000e-01
lower bound estimate of delta = 8.100000e-01
    iteration	            R	          eta	        delta	            E	         dEdR	       dEdeta	     dEddelta	    grad norm
minimum found at:
           13	 3.106187e-01	 6.358764e+00	 8.140875e-01	-5.806941e+00	-1.874270e-07	 1.682605e-07	 1.065074e-05	 1.065372e-05
psi(R) = 2.39e-01
parameter values for minimization:
K33 = 3.000000e+01
k24 = 6.000000e-01
Lambda = 2.000000e+00
d0 = 1.000000e+00
omega = 3.560000e+01
gamma_s = 1.000000e-01
initial guesses for R, eta, and delta:
guess for R = 3.106187e-01
guess for eta = 6.358764e+00
guess for delta = 8.140875e-01
estimated ranges of R, eta, and delta:
upper bound estimate of R = 4.659281e-01
lower bound estimate of R = 2.329640e-01
upper bound estimate of eta = 6.458764e+00
lower bound estimate of eta = 6.338764e+00
upper bound estimate of delta = 8.180000e-01
lower bound estimate of delta = 8.100000e-01
    iteration	            R	          eta	        delta	            E	         dEdR	       dEdeta	     dEddelta	    grad norm
minimum found at:
           14	 2.868317e-01	 6.347946e+00	 8.132194e-01	-5.750333e+00	-2.452717e-07	 1.305129e-07	-1.389999e-05	 1.390277e-05
psi(R) = 2.19e-01
parameter values for minimization:
K33 = 3.000000e+01
k24 = 6.000000e-01
Lambda = 3.000000e+00
d0 = 1.000000e+00
omega = 3.560000e+01
gamma_s = 1.000000e-01
initial guesses for R, eta, and delta:
guess for R = 2.868317e-01
guess for eta = 6.347946e+00
guess for delta = 8.132194e-01
estimated ranges of R, eta, and delta:
upper bound estimate of R = 4.302476e-01
lower bound estimate of R = 2.151238e-01
upper bound estimate of eta = 6.447946e+00
lower bound estimate of eta = 6.327946e+00
upper bound estimate of delta = 8.180000e-01
lower bound estimate of delta = 8.100000e-01
    iteration	            R	          eta	        delta	            E	         dEdR	       dEdeta	     dEddelta	    grad norm
a-alpha = -8.788961e-08, fpa = -3.367848e-10
minimum found at:
           13	 2.754662e-01	 6.341795e+00	 8.126796e-01	-5.708989e+00	 1.257873e-07	 3.049413e-07	-9.621933e-08	 3.436128e-07
psi(R) = 2.07e-01
parameter values for minimization:
K33 = 3.000000e+01
k24 = 6.000000e-01
Lambda = 4.000000e+00
d0 = 1.000000e+00
omega = 3.560000e+01
gamma_s = 1.000000e-01
initial guesses for R, eta, and delta:
guess for R = 2.754662e-01
guess for eta = 6.341795e+00
guess for delta = 8.126796e-01
estimated ranges of R, eta, and delta:
upper bound estimate of R = 4.131993e-01
lower bound estimate of R = 2.065996e-01
upper bound estimate of eta = 6.441795e+00
lower bound estimate of eta = 6.321795e+00
upper bound estimate of delta = 8.180000e-01
lower bound estimate of delta = 8.100000e-01
    iteration	            R	          eta	        delta	            E	         dEdR	       dEdeta	     dEddelta	    grad norm
a-alpha = -1.451551e-08, fpa = -1.202397e-09
minimum found at:
           21	 2.691167e-01	 6.337570e+00	 8.123015e-01	-5.675891e+00	-3.927882e-07	-5.225450e-07	-3.767357e-06	 3.823652e-06
psi(R) = 1.99e-01
parameter values for minimization:
K33 = 3.000000e+01
k24 = 6.000000e-01
Lambda = 5.000000e+00
d0 = 1.000000e+00
omega = 3.560000e+01
gamma_s = 1.000000e-01
initial guesses for R, eta, and delta:
guess for R = 2.691167e-01
guess for eta = 6.337570e+00
guess for delta = 8.123015e-01
estimated ranges of R, eta, and delta:
upper bound estimate of R = 4.036750e-01
lower bound estimate of R = 2.018375e-01
upper bound estimate of eta = 6.437570e+00
lower bound estimate of eta = 6.317570e+00
upper bound estimate of delta = 8.180000e-01
lower bound estimate of delta = 8.100000e-01
    iteration	            R	          eta	        delta	            E	         dEdR	       dEdeta	     dEddelta	    grad norm
a-alpha = 2.721367e-09, fpa = 6.513976e-09
a-alpha = 1.006276e-07, fpa = 5.142098e-10
minimum found at:
           21	 2.655100e-01	 6.334392e+00	 8.120234e-01	-5.648141e+00	 3.646516e-07	 1.680138e-07	-1.195340e-06	 1.260967e-06
psi(R) = 1.92e-01
parameter values for minimization:
K33 = 3.000000e+01
k24 = 6.000000e-01
Lambda = 6.000000e+00
d0 = 1.000000e+00
omega = 3.560000e+01
gamma_s = 1.000000e-01
initial guesses for R, eta, and delta:
guess for R = 2.655100e-01
guess for eta = 6.334392e+00
guess for delta = 8.120234e-01
estimated ranges of R, eta, and delta:
upper bound estimate of R = 3.982650e-01
lower bound estimate of R = 1.991325e-01
upper bound estimate of eta = 6.434392e+00
lower bound estimate of eta = 6.314392e+00
upper bound estimate of delta = 8.180000e-01
lower bound estimate of delta = 8.100000e-01
    iteration	            R	          eta	        delta	            E	         dEdR	       dEdeta	     dEddelta	    grad norm
minimum found at:
            7	 2.636771e-01	 6.331871e+00	 8.118148e-01	-5.624211e+00	-3.226239e-07	 4.112760e-07	 6.927792e-06	 6.947484e-06
psi(R) = 1.87e-01
parameter values for minimization:
K33 = 3.000000e+01
k24 = 6.000000e-01
Lambda = 7.000000e+00
d0 = 1.000000e+00
omega = 3.560000e+01
gamma_s = 1.000000e-01
initial guesses for R, eta, and delta:
guess for R = 2.636771e-01
guess for eta = 6.331871e+00
guess for delta = 8.118148e-01
estimated ranges of R, eta, and delta:
upper bound estimate of R = 3.955156e-01
lower bound estimate of R = 1.977578e-01
upper bound estimate of eta = 6.431871e+00
lower bound estimate of eta = 6.311871e+00
upper bound estimate of delta = 8.180000e-01
lower bound estimate of delta = 8.100000e-01
    iteration	            R	          eta	        delta	            E	         dEdR	       dEdeta	     dEddelta	    grad norm
minimum found at:
            6	 2.631365e-01	 6.329801e+00	 8.116580e-01	-5.603184e+00	 5.013724e-07	-1.670269e-07	-9.636736e-06	 9.651215e-06
psi(R) = 1.82e-01
parameter values for minimization:
K33 = 3.000000e+01
k24 = 6.000000e-01
Lambda = 8.000000e+00
d0 = 1.000000e+00
omega = 3.560000e+01
gamma_s = 1.000000e-01
initial guesses for R, eta, and delta:
guess for R = 2.631365e-01
guess for eta = 6.329801e+00
guess for delta = 8.116580e-01
estimated ranges of R, eta, and delta:
upper bound estimate of R = 3.947047e-01
lower bound estimate of R = 1.973524e-01
upper bound estimate of eta = 6.429801e+00
lower bound estimate of eta = 6.309801e+00
upper bound estimate of delta = 8.180000e-01
lower bound estimate of delta = 8.100000e-01
    iteration	            R	          eta	        delta	            E	         dEdR	       dEdeta	     dEddelta	    grad norm
minimum found at:
            6	 2.636319e-01	 6.328060e+00	 8.115431e-01	-5.584457e+00	 2.400251e-09	-1.184238e-08	-2.945792e-06	 2.945817e-06
psi(R) = 1.78e-01
parameter values for minimization:
K33 = 3.000000e+01
k24 = 6.000000e-01
Lambda = 9.000000e+00
d0 = 1.000000e+00
omega = 3.560000e+01
gamma_s = 1.000000e-01
initial guesses for R, eta, and delta:
guess for R = 2.636319e-01
guess for eta = 6.328060e+00
guess for delta = 8.115431e-01
estimated ranges of R, eta, and delta:
upper bound estimate of R = 3.954478e-01
lower bound estimate of R = 1.977239e-01
upper bound estimate of eta = 6.428060e+00
lower bound estimate of eta = 6.308060e+00
upper bound estimate of delta = 8.180000e-01
lower bound estimate of delta = 8.100000e-01
    iteration	            R	          eta	        delta	            E	         dEdR	       dEdeta	     dEddelta	    grad norm
minimum found at:
           13	 2.650321e-01	 6.326572e+00	 8.114629e-01	-5.567615e+00	-1.762366e-07	-1.122559e-07	-7.975102e-06	 7.977839e-06
psi(R) = 1.75e-01
parameter values for minimization:
K33 = 3.000000e+01
k24 = 6.000000e-01
Lambda = 1.000000e+01
d0 = 1.000000e+00
omega = 3.560000e+01
gamma_s = 1.000000e-01
initial guesses for R, eta, and delta:
guess for R = 2.650321e-01
guess for eta = 6.326572e+00
guess for delta = 8.114629e-01
estimated ranges of R, eta, and delta:
upper bound estimate of R = 3.975481e-01
lower bound estimate of R = 1.987741e-01
upper bound estimate of eta = 6.426572e+00
lower bound estimate of eta = 6.306572e+00
upper bound estimate of delta = 8.180000e-01
lower bound estimate of delta = 8.100000e-01
    iteration	            R	          eta	        delta	            E	         dEdR	       dEdeta	     dEddelta	    grad norm
minimum found at:
            6	 2.672876e-01	 6.325285e+00	 8.114134e-01	-5.552356e+00	-3.842722e-08	 1.280457e-07	 1.850372e-07	 2.282786e-07
psi(R) = 1.72e-01
parameter values for minimization:
K33 = 3.000000e+01
k24 = 6.000000e-01
Lambda = 1.100000e+01
d0 = 1.000000e+00
omega = 3.560000e+01
gamma_s = 1.000000e-01
initial guesses for R, eta, and delta:
guess for R = 2.672876e-01
guess for eta = 6.325285e+00
guess for delta = 8.114134e-01
estimated ranges of R, eta, and delta:
upper bound estimate of R = 4.009314e-01
lower bound estimate of R = 2.004657e-01
upper bound estimate of eta = 6.425285e+00
lower bound estimate of eta = 6.305285e+00
upper bound estimate of delta = 8.180000e-01
lower bound estimate of delta = 8.100000e-01
    iteration	            R	          eta	        delta	            E	         dEdR	       dEdeta	     dEddelta	    grad norm
minimum found at:
            6	 2.704144e-01	 6.324167e+00	 8.113918e-01	-5.538457e+00	-4.297658e-08	 4.983668e-08	 3.626729e-07	 3.685950e-07
psi(R) = 1.69e-01
parameter values for minimization:
K33 = 3.000000e+01
k24 = 6.000000e-01
Lambda = 1.200000e+01
d0 = 1.000000e+00
omega = 3.560000e+01
gamma_s = 1.000000e-01
initial guesses for R, eta, and delta:
guess for R = 2.704144e-01
guess for eta = 6.324167e+00
guess for delta = 8.113918e-01
estimated ranges of R, eta, and delta:
upper bound estimate of R = 4.056216e-01
lower bound estimate of R = 2.028108e-01
upper bound estimate of eta = 6.424167e+00
lower bound estimate of eta = 6.304167e+00
upper bound estimate of delta = 8.180000e-01
lower bound estimate of delta = 8.100000e-01
    iteration	            R	          eta	        delta	            E	         dEdR	       dEdeta	     dEddelta	    grad norm
minimum found at:
            7	 2.744956e-01	 6.323195e+00	 8.113974e-01	-5.525748e+00	-2.401341e-07	 4.440892e-09	 3.149333e-06	 3.158478e-06
psi(R) = 1.66e-01
parameter values for minimization:
K33 = 3.000000e+01
k24 = 6.000000e-01
Lambda = 1.300000e+01
d0 = 1.000000e+00
omega = 3.560000e+01
gamma_s = 1.000000e-01
initial guesses for R, eta, and delta:
guess for R = 2.744956e-01
guess for eta = 6.323195e+00
guess for delta = 8.113974e-01
estimated ranges of R, eta, and delta:
upper bound estimate of R = 4.117434e-01
lower bound estimate of R = 2.058717e-01
upper bound estimate of eta = 6.423195e+00
lower bound estimate of eta = 6.303195e+00
upper bound estimate of delta = 8.180000e-01
lower bound estimate of delta = 8.100000e-01
    iteration	            R	          eta	        delta	            E	         dEdR	       dEdeta	     dEddelta	    grad norm
a-alpha = -1.114308e-08, fpa = -1.193171e-09
a-alpha = -1.634454e-08, fpa = -9.822037e-09
a-alpha = -8.720862e-09, fpa = -5.705771e-09
a-alpha = 2.134935e-08, fpa = 2.396934e-09
minimum found at:
           46	 2.797023e-01	 6.322356e+00	 8.114304e-01	-5.514100e+00	 5.795453e-08	 9.079157e-08	-7.031412e-06	 7.032237e-06
psi(R) = 1.64e-01
parameter values for minimization:
K33 = 3.000000e+01
k24 = 6.000000e-01
Lambda = 1.400000e+01
d0 = 1.000000e+00
omega = 3.560000e+01
gamma_s = 1.000000e-01
initial guesses for R, eta, and delta:
guess for R = 2.797023e-01
guess for eta = 6.322356e+00
guess for delta = 8.114304e-01
estimated ranges of R, eta, and delta:
upper bound estimate of R = 4.195534e-01
lower bound estimate of R = 2.097767e-01
upper bound estimate of eta = 6.422356e+00
lower bound estimate of eta = 6.302356e+00
upper bound estimate of delta = 8.180000e-01
lower bound estimate of delta = 8.100000e-01
    iteration	            R	          eta	        delta	            E	         dEdR	       dEdeta	     dEddelta	    grad norm
a-alpha = -1.075680e-08, fpa = -5.024087e-09
minimum found at:
           10	 2.863442e-01	 6.321648e+00	 8.114941e-01	-5.503415e+00	 2.963746e-09	 1.055205e-06	 2.960595e-08	 1.055625e-06
psi(R) = 1.62e-01
parameter values for minimization:
K33 = 3.000000e+01
k24 = 6.000000e-01
Lambda = 1.500000e+01
d0 = 1.000000e+00
omega = 3.560000e+01
gamma_s = 1.000000e-01
initial guesses for R, eta, and delta:
guess for R = 2.863442e-01
guess for eta = 6.321648e+00
guess for delta = 8.114941e-01
estimated ranges of R, eta, and delta:
upper bound estimate of R = 4.295163e-01
lower bound estimate of R = 2.147581e-01
upper bound estimate of eta = 6.421648e+00
lower bound estimate of eta = 6.301648e+00
upper bound estimate of delta = 8.180000e-01
lower bound estimate of delta = 8.100000e-01
    iteration	            R	          eta	        delta	            E	         dEdR	       dEdeta	     dEddelta	    grad norm
minimum found at:
           12	 2.949973e-01	 6.321081e+00	 8.115943e-01	-5.493626e+00	 1.322050e-07	 2.886580e-08	 4.773959e-06	 4.775876e-06
psi(R) = 1.60e-01
parameter values for minimization:
K33 = 3.000000e+01
k24 = 6.000000e-01
Lambda = 1.600000e+01
d0 = 1.000000e+00
omega = 3.560000e+01
gamma_s = 1.000000e-01
initial guesses for R, eta, and delta:
guess for R = 2.949973e-01
guess for eta = 6.321081e+00
guess for delta = 8.115943e-01
estimated ranges of R, eta, and delta:
upper bound estimate of R = 4.424960e-01
lower bound estimate of R = 2.212480e-01
upper bound estimate of eta = 6.421081e+00
lower bound estimate of eta = 6.301081e+00
upper bound estimate of delta = 8.180000e-01
lower bound estimate of delta = 8.100000e-01
    iteration	            R	          eta	        delta	            E	         dEdR	       dEdeta	     dEddelta	    grad norm
minimum found at:
            7	 3.068643e-01	 6.320692e+00	 8.117446e-01	-5.484693e+00	-1.437156e-07	-1.551845e-07	-3.552714e-06	 3.559004e-06
psi(R) = 1.58e-01
parameter values for minimization:
K33 = 3.000000e+01
k24 = 6.000000e-01
Lambda = 1.700000e+01
d0 = 1.000000e+00
omega = 3.560000e+01
gamma_s = 1.000000e-01
initial guesses for R, eta, and delta:
guess for R = 3.068643e-01
guess for eta = 6.320692e+00
guess for delta = 8.117446e-01
estimated ranges of R, eta, and delta:
upper bound estimate of R = 4.602964e-01
lower bound estimate of R = 2.301482e-01
upper bound estimate of eta = 6.420692e+00
lower bound estimate of eta = 6.300692e+00
upper bound estimate of delta = 8.180000e-01
lower bound estimate of delta = 8.100000e-01
    iteration	            R	          eta	        delta	            E	         dEdR	       dEdeta	     dEddelta	    grad norm
minimum found at:
           18	 3.252207e-01	 6.320605e+00	 8.119831e-01	-5.476624e+00	 2.689833e-07	-5.797831e-08	 2.716346e-06	 2.730247e-06
psi(R) = 1.57e-01
parameter values for minimization:
K33 = 3.000000e+01
k24 = 6.000000e-01
Lambda = 1.800000e+01
d0 = 1.000000e+00
omega = 3.560000e+01
gamma_s = 1.000000e-01
initial guesses for R, eta, and delta:
guess for R = 3.252207e-01
guess for eta = 6.320605e+00
guess for delta = 8.119831e-01
estimated ranges of R, eta, and delta:
upper bound estimate of R = 4.878310e-01
lower bound estimate of R = 2.439155e-01
upper bound estimate of eta = 6.420605e+00
lower bound estimate of eta = 6.300605e+00
upper bound estimate of delta = 8.180000e-01
lower bound estimate of delta = 8.100000e-01
    iteration	            R	          eta	        delta	            E	         dEdR	       dEdeta	     dEddelta	    grad norm
a-alpha = -1.305572e-06, fpa = -1.671583e-10
a-alpha = -5.936046e-08, fpa = -6.041516e-10
minimum found at:
           77	 1.295825e+00	 6.360365e+00	 8.156361e-01	-5.474089e+00	-5.510555e-08	 1.746751e-07	 1.164994e-05	 1.165138e-05
psi(R) = 1.87e-01
parameter values for minimization:
K33 = 3.000000e+01
k24 = 6.000000e-01
Lambda = 1.900000e+01
d0 = 1.000000e+00
omega = 3.560000e+01
gamma_s = 1.000000e-01
initial guesses for R, eta, and delta:
guess for R = 1.295825e+00
guess for eta = 6.360365e+00
guess for delta = 8.156361e-01
estimated ranges of R, eta, and delta:
upper bound estimate of R = 1.943738e+00
lower bound estimate of R = 9.718688e-01
upper bound estimate of eta = 6.460365e+00
lower bound estimate of eta = 6.340365e+00
upper bound estimate of delta = 8.180000e-01
lower bound estimate of delta = 8.100000e-01
    iteration	            R	          eta	        delta	            E	         dEdR	       dEdeta	     dEddelta	    grad norm
a-alpha = 6.980431e-08, fpa = 8.506950e-10
minimum found at:
           29	 1.427645e+00	 6.364675e+00	 8.157451e-01	-5.472830e+00	-5.669147e-08	-7.194245e-07	 7.123931e-06	 7.160390e-06
psi(R) = 1.90e-01
parameter values for minimization:
K33 = 3.000000e+01
k24 = 6.000000e-01
Lambda = 2.000000e+01
d0 = 1.000000e+00
omega = 3.560000e+01
gamma_s = 1.000000e-01
initial guesses for R, eta, and delta:
guess for R = 1.427645e+00
guess for eta = 6.364675e+00
guess for delta = 8.157451e-01
estimated ranges of R, eta, and delta:
upper bound estimate of R = 2.141468e+00
lower bound estimate of R = 1.070734e+00
upper bound estimate of eta = 6.464675e+00
lower bound estimate of eta = 6.344675e+00
upper bound estimate of delta = 8.180000e-01
lower bound estimate of delta = 8.100000e-01
    iteration	            R	          eta	        delta	            E	         dEdR	       dEdeta	     dEddelta	    grad norm
minimum found at:
           35	 1.538965e+00	 6.368133e+00	 8.158214e-01	-5.471771e+00	-6.171513e-08	-6.227118e-07	-1.761554e-06	 1.869398e-06
psi(R) = 1.92e-01
parameter values for minimization:
K33 = 3.000000e+01
k24 = 6.000000e-01
Lambda = 2.100000e+01
d0 = 1.000000e+00
omega = 3.560000e+01
gamma_s = 1.000000e-01
initial guesses for R, eta, and delta:
guess for R = 1.538965e+00
guess for eta = 6.368133e+00
guess for delta = 8.158214e-01
estimated ranges of R, eta, and delta:
upper bound estimate of R = 2.308447e+00
lower bound estimate of R = 1.154224e+00
upper bound estimate of eta = 6.468133e+00
lower bound estimate of eta = 6.348133e+00
upper bound estimate of delta = 8.180000e-01
lower bound estimate of delta = 8.100000e-01
    iteration	            R	          eta	        delta	            E	         dEdR	       dEdeta	     dEddelta	    grad norm
minimum found at:
           15	 1.636914e+00	 6.371050e+00	 8.158791e-01	-5.470858e+00	 2.611180e-08	 4.546980e-07	-8.826273e-06	 8.838016e-06
psi(R) = 1.94e-01
parameter values for minimization:
K33 = 3.000000e+01
k24 = 6.000000e-01
Lambda = 2.200000e+01
d0 = 1.000000e+00
omega = 3.560000e+01
gamma_s = 1.000000e-01
initial guesses for R, eta, and delta:
guess for R = 1.636914e+00
guess for eta = 6.371050e+00
guess for delta = 8.158791e-01
estimated ranges of R, eta, and delta:
upper bound estimate of R = 2.455371e+00
lower bound estimate of R = 1.227685e+00
upper bound estimate of eta = 6.471050e+00
lower bound estimate of eta = 6.351050e+00
upper bound estimate of delta = 8.180000e-01
lower bound estimate of delta = 8.100000e-01
    iteration	            R	          eta	        delta	            E	         dEdR	       dEdeta	     dEddelta	    grad norm
minimum found at:
           17	 1.725045e+00	 6.373581e+00	 8.159253e-01	-5.470056e+00	-2.983057e-08	-5.030544e-07	 8.315570e-06	 8.330826e-06
psi(R) = 1.95e-01
parameter values for minimization:
K33 = 3.000000e+01
k24 = 6.000000e-01
Lambda = 2.300000e+01
d0 = 1.000000e+00
omega = 3.560000e+01
gamma_s = 1.000000e-01
initial guesses for R, eta, and delta:
guess for R = 1.725045e+00
guess for eta = 6.373581e+00
guess for delta = 8.159253e-01
estimated ranges of R, eta, and delta:
upper bound estimate of R = 2.587568e+00
lower bound estimate of R = 1.293784e+00
upper bound estimate of eta = 6.473581e+00
lower bound estimate of eta = 6.353581e+00
upper bound estimate of delta = 8.180000e-01
lower bound estimate of delta = 8.100000e-01
    iteration	            R	          eta	        delta	            E	         dEdR	       dEdeta	     dEddelta	    grad norm
a-alpha = 4.062168e-07, fpa = 1.859357e-10
minimum found at:
           20	 1.805551e+00	 6.375821e+00	 8.159626e-01	-5.469344e+00	-3.501134e-08	-7.507575e-07	-8.178643e-06	 8.213103e-06
psi(R) = 1.96e-01
parameter values for minimization:
K33 = 3.000000e+01
k24 = 6.000000e-01
Lambda = 2.400000e+01
d0 = 1.000000e+00
omega = 3.560000e+01
gamma_s = 1.000000e-01
initial guesses for R, eta, and delta:
guess for R = 1.805551e+00
guess for eta = 6.375821e+00
guess for delta = 8.159626e-01
estimated ranges of R, eta, and delta:
upper bound estimate of R = 2.708327e+00
lower bound estimate of R = 1.354163e+00
upper bound estimate of eta = 6.475821e+00
lower bound estimate of eta = 6.355821e+00
upper bound estimate of delta = 8.180000e-01
lower bound estimate of delta = 8.100000e-01
    iteration	            R	          eta	        delta	            E	         dEdR	       dEdeta	     dEddelta	    grad norm
minimum found at:
           30	 1.879866e+00	 6.377830e+00	 8.159940e-01	-5.468705e+00	 9.466639e-09	-2.782959e-07	-1.186828e-05	 1.187155e-05
psi(R) = 1.97e-01
parameter values for minimization:
K33 = 3.000000e+01
k24 = 6.000000e-01
Lambda = 2.500000e+01
d0 = 1.000000e+00
omega = 3.560000e+01
gamma_s = 1.000000e-01
initial guesses for R, eta, and delta:
guess for R = 1.879866e+00
guess for eta = 6.377830e+00
guess for delta = 8.159940e-01
estimated ranges of R, eta, and delta:
upper bound estimate of R = 2.819799e+00
lower bound estimate of R = 1.409900e+00
upper bound estimate of eta = 6.477830e+00
lower bound estimate of eta = 6.357830e+00
upper bound estimate of delta = 8.180000e-01
lower bound estimate of delta = 8.100000e-01
    iteration	            R	          eta	        delta	            E	         dEdR	       dEdeta	     dEddelta	    grad norm
minimum found at:
           23	 1.948994e+00	 6.379651e+00	 8.160209e-01	-5.468126e+00	 4.772987e-08	 6.155570e-07	-8.981704e-06	 9.002900e-06
psi(R) = 1.98e-01
parameter values for minimization:
K33 = 3.000000e+01
k24 = 6.000000e-01
Lambda = 2.600000e+01
d0 = 1.000000e+00
omega = 3.560000e+01
gamma_s = 1.000000e-01
initial guesses for R, eta, and delta:
guess for R = 1.948994e+00
guess for eta = 6.379651e+00
guess for delta = 8.160209e-01
estimated ranges of R, eta, and delta:
upper bound estimate of R = 2.923491e+00
lower bound estimate of R = 1.461745e+00
upper bound estimate of eta = 6.479651e+00
lower bound estimate of eta = 6.359651e+00
upper bound estimate of delta = 8.180000e-01
lower bound estimate of delta = 8.100000e-01
    iteration	            R	          eta	        delta	            E	         dEdR	       dEdeta	     dEddelta	    grad norm
minimum found at:
           13	 2.013662e+00	 6.381313e+00	 8.160444e-01	-5.467598e+00	-7.898994e-09	 1.445757e-07	 2.131628e-06	 2.136540e-06
psi(R) = 1.99e-01
parameter values for minimization:
K33 = 3.000000e+01
k24 = 6.000000e-01
Lambda = 2.700000e+01
d0 = 1.000000e+00
omega = 3.560000e+01
gamma_s = 1.000000e-01
initial guesses for R, eta, and delta:
guess for R = 2.013662e+00
guess for eta = 6.381313e+00
guess for delta = 8.160444e-01
estimated ranges of R, eta, and delta:
upper bound estimate of R = 3.020493e+00
lower bound estimate of R = 1.510247e+00
upper bound estimate of eta = 6.481313e+00
lower bound estimate of eta = 6.361313e+00
upper bound estimate of delta = 8.180000e-01
lower bound estimate of delta = 8.100000e-01
    iteration	            R	          eta	        delta	            E	         dEdR	       dEdeta	     dEddelta	    grad norm
minimum found at:
           20	 2.074493e+00	 6.382843e+00	 8.160647e-01	-5.467114e+00	 3.665833e-09	-1.144763e-07	-4.514907e-07	 4.657919e-07
psi(R) = 2.00e-01
parameter values for minimization:
K33 = 3.000000e+01
k24 = 6.000000e-01
Lambda = 2.800000e+01
d0 = 1.000000e+00
omega = 3.560000e+01
gamma_s = 1.000000e-01
initial guesses for R, eta, and delta:
guess for R = 2.074493e+00
guess for eta = 6.382843e+00
guess for delta = 8.160647e-01
estimated ranges of R, eta, and delta:
upper bound estimate of R = 3.111739e+00
lower bound estimate of R = 1.555870e+00
upper bound estimate of eta = 6.482843e+00
lower bound estimate of eta = 6.362843e+00
upper bound estimate of delta = 8.180000e-01
lower bound estimate of delta = 8.100000e-01
likely a maximizing (vs minimizing) solution for psi(r), as y[1][2]=-1.619710e-04  which usually means high energy.
solvde convergence failed when x = (2.074493e+00,6.382843e+00,8.160647e-01).
Retrying using a constant y value
    iteration	            R	          eta	        delta	            E	         dEdR	       dEdeta	     dEddelta	    grad norm
minimum found at:
           11	 2.131937e+00	 6.384259e+00	 8.160828e-01	-5.466667e+00	-1.050376e-08	 2.114358e-07	 5.343873e-06	 5.348065e-06
psi(R) = 2.00e-01
parameter values for minimization:
K33 = 3.000000e+01
k24 = 6.000000e-01
Lambda = 2.900000e+01
d0 = 1.000000e+00
omega = 3.560000e+01
gamma_s = 1.000000e-01
initial guesses for R, eta, and delta:
guess for R = 2.131937e+00
guess for eta = 6.384259e+00
guess for delta = 8.160828e-01
estimated ranges of R, eta, and delta:
upper bound estimate of R = 3.197906e+00
lower bound estimate of R = 1.598953e+00
upper bound estimate of eta = 6.484259e+00
lower bound estimate of eta = 6.364259e+00
upper bound estimate of delta = 8.180000e-01
lower bound estimate of delta = 8.100000e-01
    iteration	            R	          eta	        delta	            E	         dEdR	       dEdeta	     dEddelta	    grad norm
minimum found at:
            7	 2.186366e+00	 6.385574e+00	 8.160987e-01	-5.466254e+00	-2.610733e-08	-2.958128e-07	-9.037215e-06	 9.042093e-06
psi(R) = 2.01e-01
parameter values for minimization:
K33 = 3.000000e+01
k24 = 6.000000e-01
Lambda = 3.000000e+01
d0 = 1.000000e+00
omega = 3.560000e+01
gamma_s = 1.000000e-01
initial guesses for R, eta, and delta:
guess for R = 2.186366e+00
guess for eta = 6.385574e+00
guess for delta = 8.160987e-01
estimated ranges of R, eta, and delta:
upper bound estimate of R = 3.279549e+00
lower bound estimate of R = 1.639775e+00
upper bound estimate of eta = 6.485574e+00
lower bound estimate of eta = 6.365574e+00
upper bound estimate of delta = 8.180000e-01
lower bound estimate of delta = 8.100000e-01
ss=4.320590327688e+19, lastss = 7.918125233834e+01
tol = 1.279928948136e-13
failed to integrate at x = (2.186366e+00,6.385574e+00,8.160987e-01)
solvde convergence failed when x = (2.186366e+00,6.385574e+00,8.160987e-01).
Retrying using a constant y value
    iteration	            R	          eta	        delta	            E	         dEdR	       dEdeta	     dEddelta	    grad norm
minimum found at:
            8	 2.238104e+00	 6.386803e+00	 8.161131e-01	-5.465870e+00	-3.950410e-08	-1.734415e-07	-1.202372e-05	 1.202503e-05
psi(R) = 2.01e-01
parameter values for minimization:
K33 = 3.000000e+01
k24 = 6.000000e-01
Lambda = 3.100000e+01
d0 = 1.000000e+00
omega = 3.560000e+01
gamma_s = 1.000000e-01
initial guesses for R, eta, and delta:
guess for R = 2.238104e+00
guess for eta = 6.386803e+00
guess for delta = 8.161131e-01
estimated ranges of R, eta, and delta:
upper bound estimate of R = 3.357156e+00
lower bound estimate of R = 1.678578e+00
upper bound estimate of eta = 6.486803e+00
lower bound estimate of eta = 6.366803e+00
upper bound estimate of delta = 8.180000e-01
lower bound estimate of delta = 8.100000e-01
likely a maximizing (vs minimizing) solution for psi(r), as y[1][2]=-2.262632e-04  which usually means high energy.
solvde convergence failed when x = (2.238104e+00,6.386803e+00,8.161131e-01).
Retrying using a constant y value
    iteration	            R	          eta	        delta	            E	         dEdR	       dEdeta	     dEddelta	    grad norm
minimum found at:
           10	 2.287422e+00	 6.387954e+00	 8.161266e-01	-5.465511e+00	-2.044188e-08	 3.567517e-07	 1.222356e-05	 1.222878e-05
psi(R) = 2.02e-01
parameter values for minimization:
K33 = 3.000000e+01
k24 = 6.000000e-01
Lambda = 3.200000e+01
d0 = 1.000000e+00
omega = 3.560000e+01
gamma_s = 1.000000e-01
initial guesses for R, eta, and delta:
guess for R = 2.287422e+00
guess for eta = 6.387954e+00
guess for delta = 8.161266e-01
estimated ranges of R, eta, and delta:
upper bound estimate of R = 3.431133e+00
lower bound estimate of R = 1.715566e+00
upper bound estimate of eta = 6.487954e+00
lower bound estimate of eta = 6.367954e+00
upper bound estimate of delta = 8.180000e-01
lower bound estimate of delta = 8.100000e-01
    iteration	            R	          eta	        delta	            E	         dEdR	       dEdeta	     dEddelta	    grad norm
minimum found at:
           14	 2.334521e+00	 6.389035e+00	 8.161385e-01	-5.465175e+00	-1.242521e-09	-2.220446e-07	 1.292300e-05	 1.292490e-05
psi(R) = 2.02e-01
parameter values for minimization:
K33 = 3.000000e+01
k24 = 6.000000e-01
Lambda = 3.300000e+01
d0 = 1.000000e+00
omega = 3.560000e+01
gamma_s = 1.000000e-01
initial guesses for R, eta, and delta:
guess for R = 2.334521e+00
guess for eta = 6.389035e+00
guess for delta = 8.161385e-01
estimated ranges of R, eta, and delta:
upper bound estimate of R = 3.501781e+00
lower bound estimate of R = 1.750891e+00
upper bound estimate of eta = 6.489035e+00
lower bound estimate of eta = 6.369035e+00
upper bound estimate of delta = 8.180000e-01
lower bound estimate of delta = 8.100000e-01
    iteration	            R	          eta	        delta	            E	         dEdR	       dEdeta	     dEddelta	    grad norm
a-alpha = -3.918588e-08, fpa = -5.322672e-10
minimum found at:
           13	 2.379607e+00	 6.390055e+00	 8.161494e-01	-5.464860e+00	 6.577631e-09	-6.093891e-08	 1.263804e-05	 1.263819e-05
psi(R) = 2.03e-01
parameter values for minimization:
K33 = 3.000000e+01
k24 = 6.000000e-01
Lambda = 3.400000e+01
d0 = 1.000000e+00
omega = 3.560000e+01
gamma_s = 1.000000e-01
initial guesses for R, eta, and delta:
guess for R = 2.379607e+00
guess for eta = 6.390055e+00
guess for delta = 8.161494e-01
estimated ranges of R, eta, and delta:
upper bound estimate of R = 3.569411e+00
lower bound estimate of R = 1.784705e+00
upper bound estimate of eta = 6.490055e+00
lower bound estimate of eta = 6.370055e+00
upper bound estimate of delta = 8.180000e-01
lower bound estimate of delta = 8.100000e-01
    iteration	            R	          eta	        delta	            E	         dEdR	       dEdeta	     dEddelta	    grad norm
minimum found at:
            9	 2.422829e+00	 6.391018e+00	 8.161592e-01	-5.464563e+00	-2.319101e-08	-1.361874e-07	 4.144833e-06	 4.147134e-06
psi(R) = 2.03e-01
parameter values for minimization:
K33 = 3.000000e+01
k24 = 6.000000e-01
Lambda = 3.500000e+01
d0 = 1.000000e+00
omega = 3.560000e+01
gamma_s = 1.000000e-01
initial guesses for R, eta, and delta:
guess for R = 2.422829e+00
guess for eta = 6.391018e+00
guess for delta = 8.161592e-01
estimated ranges of R, eta, and delta:
upper bound estimate of R = 3.634244e+00
lower bound estimate of R = 1.817122e+00
upper bound estimate of eta = 6.491018e+00
lower bound estimate of eta = 6.371018e+00
upper bound estimate of delta = 8.180000e-01
lower bound estimate of delta = 8.100000e-01
ss=2.864876560136e+20, lastss = 1.393092029148e+20
tol = 1.573736001722e-13
failed to integrate at x = (2.422829e+00,6.391018e+00,8.161592e-01)
solvde convergence failed when x = (2.422829e+00,6.391018e+00,8.161592e-01).
Retrying using a constant y value
    iteration	            R	          eta	        delta	            E	         dEdR	       dEdeta	     dEddelta	    grad norm
minimum found at:
            7	 2.464348e+00	 6.391931e+00	 8.161683e-01	-5.464283e+00	-4.030831e-08	-5.296997e-07	-9.459100e-06	 9.474006e-06
psi(R) = 2.04e-01
parameter values for minimization:
K33 = 3.000000e+01
k24 = 6.000000e-01
Lambda = 3.600000e+01
d0 = 1.000000e+00
omega = 3.560000e+01
gamma_s = 1.000000e-01
initial guesses for R, eta, and delta:
guess for R = 2.464348e+00
guess for eta = 6.391931e+00
guess for delta = 8.161683e-01
estimated ranges of R, eta, and delta:
upper bound estimate of R = 3.696522e+00
lower bound estimate of R = 1.848261e+00
upper bound estimate of eta = 6.491931e+00
lower bound estimate of eta = 6.371931e+00
upper bound estimate of delta = 8.180000e-01
lower bound estimate of delta = 8.100000e-01
likely a maximizing (vs minimizing) solution for psi(r), as y[1][2]=-2.247236e-04  which usually means high energy.
solvde convergence failed when x = (2.464348e+00,6.391931e+00,8.161683e-01).
Retrying using a constant y value
    iteration	            R	          eta	        delta	            E	         dEdR	       dEdeta	     dEddelta	    grad norm
minimum found at:
            7	 2.504312e+00	 6.392798e+00	 8.161768e-01	-5.464018e+00	-1.449654e-08	-1.268121e-07	-7.719751e-06	 7.720806e-06
psi(R) = 2.04e-01
parameter values for minimization:
K33 = 3.000000e+01
k24 = 6.000000e-01
Lambda = 3.700000e+01
d0 = 1.000000e+00
omega = 3.560000e+01
gamma_s = 1.000000e-01
initial guesses for R, eta, and delta:
guess for R = 2.504312e+00
guess for eta = 6.392798e+00
guess for delta = 8.161768e-01
estimated ranges of R, eta, and delta:
upper bound estimate of R = 3.756468e+00
lower bound estimate of R = 1.878234e+00
upper bound estimate of eta = 6.492798e+00
lower bound estimate of eta = 6.372798e+00
upper bound estimate of delta = 8.180000e-01
lower bound estimate of delta = 8.100000e-01
likely a maximizing (vs minimizing) solution for psi(r), as y[1][2]=-2.330108e-04  which usually means high energy.
solvde convergence failed when x = (2.504312e+00,6.392798e+00,8.161768e-01).
Retrying using a constant y value
    iteration	            R	          eta	        delta	            E	         dEdR	       dEdeta	     dEddelta	    grad norm
minimum found at:
            6	 2.542825e+00	 6.393623e+00	 8.161850e-01	-5.463767e+00	 3.414190e-08	 3.239384e-07	 1.043240e-05	 1.043748e-05
psi(R) = 2.05e-01
parameter values for minimization:
K33 = 3.000000e+01
k24 = 6.000000e-01
Lambda = 3.800000e+01
d0 = 1.000000e+00
omega = 3.560000e+01
gamma_s = 1.000000e-01
initial guesses for R, eta, and delta:
guess for R = 2.542825e+00
guess for eta = 6.393623e+00
guess for delta = 8.161850e-01
estimated ranges of R, eta, and delta:
upper bound estimate of R = 3.814237e+00
lower bound estimate of R = 1.907119e+00
upper bound estimate of eta = 6.493623e+00
lower bound estimate of eta = 6.373623e+00
upper bound estimate of delta = 8.180000e-01
lower bound estimate of delta = 8.100000e-01
likely a maximizing (vs minimizing) solution for psi(r), as y[1][2]=-2.428537e-04  which usually means high energy.
solvde convergence failed when x = (2.542825e+00,6.393623e+00,8.161850e-01).
Retrying using a constant y value
    iteration	            R	          eta	        delta	            E	         dEdR	       dEdeta	     dEddelta	    grad norm
minimum found at:
            6	 2.579934e+00	 6.394407e+00	 8.161921e-01	-5.463529e+00	-2.198186e-08	-2.449892e-07	-9.418392e-06	 9.421603e-06
psi(R) = 2.05e-01
Traceback (most recent call last):
  File "scan2d.py", line 77, in <module>
    Ei,Ri,etai,deltai,surftwisti = run.get_all_observables('observables',str2float=True)
  File "../../modules_gammak24/singlerun.py", line 77, in get_all_observables
    E,R,eta,delta,surftwist = map(float,line.split())
ValueError: not enough values to unpack (expected 5, got 0)
