hi
Restoring modules from user's standard_modules
parameter values for minimization:
K33 = 3.000000e+01
k24 = 6.000000e-01
Lambda = 0.000000e+00
d0 = 1.000000e+00
omega = 3.610000e+01
gamma_s = 1.000000e-01
initial guesses for R, eta, and delta:
guess for R = 5.000000e-01
guess for eta = 6.300000e+00
guess for delta = 8.100000e-01
estimated ranges of R, eta, and delta:
upper bound estimate of R = 2.000000e+00
lower bound estimate of R = 1.000000e-01
upper bound estimate of eta = 6.430000e+00
lower bound estimate of eta = 6.290000e+00
upper bound estimate of delta = 8.160000e-01
lower bound estimate of delta = 8.000000e-01
    iteration	            R	          eta	        delta	            E	         dEdR	       dEdeta	     dEddelta	    grad norm
minimum found at:
            5	 4.384966e-01	 6.300000e+00	 8.164966e-01	-5.999382e+00	-2.789192e-09	 2.114711e-10	 2.220446e-08	 2.237995e-08
psi(R) = 3.15e-01
parameter values for minimization:
K33 = 3.000000e+01
k24 = 6.000000e-01
Lambda = 1.000000e+00
d0 = 1.000000e+00
omega = 3.610000e+01
gamma_s = 1.000000e-01
initial guesses for R, eta, and delta:
guess for R = 4.384966e-01
guess for eta = 6.300000e+00
guess for delta = 8.164966e-01
estimated ranges of R, eta, and delta:
upper bound estimate of R = 6.577449e-01
lower bound estimate of R = 3.288724e-01
upper bound estimate of eta = 6.400000e+00
lower bound estimate of eta = 6.280000e+00
upper bound estimate of delta = 8.180000e-01
lower bound estimate of delta = 8.100000e-01
    iteration	            R	          eta	        delta	            E	         dEdR	       dEdeta	     dEddelta	    grad norm
minimum found at:
           13	 3.106156e-01	 6.358763e+00	 8.141210e-01	-5.890271e+00	-1.665418e-07	 1.433421e-07	 1.025106e-05	 1.025341e-05
psi(R) = 2.39e-01
parameter values for minimization:
K33 = 3.000000e+01
k24 = 6.000000e-01
Lambda = 2.000000e+00
d0 = 1.000000e+00
omega = 3.610000e+01
gamma_s = 1.000000e-01
initial guesses for R, eta, and delta:
guess for R = 3.106156e-01
guess for eta = 6.358763e+00
guess for delta = 8.141210e-01
estimated ranges of R, eta, and delta:
upper bound estimate of R = 4.659234e-01
lower bound estimate of R = 2.329617e-01
upper bound estimate of eta = 6.458763e+00
lower bound estimate of eta = 6.338763e+00
upper bound estimate of delta = 8.180000e-01
lower bound estimate of delta = 8.100000e-01
    iteration	            R	          eta	        delta	            E	         dEdR	       dEdeta	     dEddelta	    grad norm
minimum found at:
           17	 2.868282e-01	 6.347944e+00	 8.132653e-01	-5.833661e+00	-2.818746e-07	-4.058482e-07	 3.848773e-07	 6.263359e-07
psi(R) = 2.19e-01
parameter values for minimization:
K33 = 3.000000e+01
k24 = 6.000000e-01
Lambda = 3.000000e+00
d0 = 1.000000e+00
omega = 3.610000e+01
gamma_s = 1.000000e-01
initial guesses for R, eta, and delta:
guess for R = 2.868282e-01
guess for eta = 6.347944e+00
guess for delta = 8.132653e-01
estimated ranges of R, eta, and delta:
upper bound estimate of R = 4.302423e-01
lower bound estimate of R = 2.151211e-01
upper bound estimate of eta = 6.447944e+00
lower bound estimate of eta = 6.327944e+00
upper bound estimate of delta = 8.180000e-01
lower bound estimate of delta = 8.100000e-01
    iteration	            R	          eta	        delta	            E	         dEdR	       dEdeta	     dEddelta	    grad norm
minimum found at:
           11	 2.754629e-01	 6.341793e+00	 8.127329e-01	-5.792315e+00	-1.513870e-09	 3.083953e-08	 5.181041e-08	 6.031324e-08
psi(R) = 2.07e-01
parameter values for minimization:
K33 = 3.000000e+01
k24 = 6.000000e-01
Lambda = 4.000000e+00
d0 = 1.000000e+00
omega = 3.610000e+01
gamma_s = 1.000000e-01
initial guesses for R, eta, and delta:
guess for R = 2.754629e-01
guess for eta = 6.341793e+00
guess for delta = 8.127329e-01
estimated ranges of R, eta, and delta:
upper bound estimate of R = 4.131944e-01
lower bound estimate of R = 2.065972e-01
upper bound estimate of eta = 6.441793e+00
lower bound estimate of eta = 6.321793e+00
upper bound estimate of delta = 8.180000e-01
lower bound estimate of delta = 8.100000e-01
    iteration	            R	          eta	        delta	            E	         dEdR	       dEdeta	     dEddelta	    grad norm
minimum found at:
           15	 2.691140e-01	 6.337568e+00	 8.123604e-01	-5.759215e+00	 1.547670e-08	-2.099555e-07	 9.610831e-06	 9.613136e-06
psi(R) = 1.99e-01
parameter values for minimization:
K33 = 3.000000e+01
k24 = 6.000000e-01
Lambda = 5.000000e+00
d0 = 1.000000e+00
omega = 3.610000e+01
gamma_s = 1.000000e-01
initial guesses for R, eta, and delta:
guess for R = 2.691140e-01
guess for eta = 6.337568e+00
guess for delta = 8.123604e-01
estimated ranges of R, eta, and delta:
upper bound estimate of R = 4.036710e-01
lower bound estimate of R = 2.018355e-01
upper bound estimate of eta = 6.437568e+00
lower bound estimate of eta = 6.317568e+00
upper bound estimate of delta = 8.180000e-01
lower bound estimate of delta = 8.100000e-01
    iteration	            R	          eta	        delta	            E	         dEdR	       dEdeta	     dEddelta	    grad norm
a-alpha = 3.136461e-09, fpa = 9.468576e-09
a-alpha = 1.983527e-08, fpa = 2.346474e-09
minimum found at:
           23	 2.655079e-01	 6.334390e+00	 8.120860e-01	-5.731464e+00	 1.063456e-07	 8.955799e-08	-2.242651e-06	 2.246956e-06
psi(R) = 1.92e-01
parameter values for minimization:
K33 = 3.000000e+01
k24 = 6.000000e-01
Lambda = 6.000000e+00
d0 = 1.000000e+00
omega = 3.610000e+01
gamma_s = 1.000000e-01
initial guesses for R, eta, and delta:
guess for R = 2.655079e-01
guess for eta = 6.334390e+00
guess for delta = 8.120860e-01
estimated ranges of R, eta, and delta:
upper bound estimate of R = 3.982619e-01
lower bound estimate of R = 1.991309e-01
upper bound estimate of eta = 6.434390e+00
lower bound estimate of eta = 6.314390e+00
upper bound estimate of delta = 8.180000e-01
lower bound estimate of delta = 8.100000e-01
    iteration	            R	          eta	        delta	            E	         dEdR	       dEdeta	     dEddelta	    grad norm
minimum found at:
            6	 2.636760e-01	 6.331869e+00	 8.118804e-01	-5.707534e+00	-5.014834e-07	-6.661338e-08	 7.157238e-06	 7.175094e-06
psi(R) = 1.87e-01
parameter values for minimization:
K33 = 3.000000e+01
k24 = 6.000000e-01
Lambda = 7.000000e+00
d0 = 1.000000e+00
omega = 3.610000e+01
gamma_s = 1.000000e-01
initial guesses for R, eta, and delta:
guess for R = 2.636760e-01
guess for eta = 6.331869e+00
guess for delta = 8.118804e-01
estimated ranges of R, eta, and delta:
upper bound estimate of R = 3.955140e-01
lower bound estimate of R = 1.977570e-01
upper bound estimate of eta = 6.431869e+00
lower bound estimate of eta = 6.311869e+00
upper bound estimate of delta = 8.180000e-01
lower bound estimate of delta = 8.100000e-01
    iteration	            R	          eta	        delta	            E	         dEdR	       dEdeta	     dEddelta	    grad norm
minimum found at:
            6	 2.631365e-01	 6.329799e+00	 8.117261e-01	-5.686505e+00	 1.040476e-07	-3.059281e-08	 6.076621e-06	 6.077588e-06
psi(R) = 1.82e-01
parameter values for minimization:
K33 = 3.000000e+01
k24 = 6.000000e-01
Lambda = 8.000000e+00
d0 = 1.000000e+00
omega = 3.610000e+01
gamma_s = 1.000000e-01
initial guesses for R, eta, and delta:
guess for R = 2.631365e-01
guess for eta = 6.329799e+00
guess for delta = 8.117261e-01
estimated ranges of R, eta, and delta:
upper bound estimate of R = 3.947047e-01
lower bound estimate of R = 1.973524e-01
upper bound estimate of eta = 6.429799e+00
lower bound estimate of eta = 6.309799e+00
upper bound estimate of delta = 8.180000e-01
lower bound estimate of delta = 8.100000e-01
    iteration	            R	          eta	        delta	            E	         dEdR	       dEdeta	     dEddelta	    grad norm
minimum found at:
            6	 2.636332e-01	 6.328058e+00	 8.116126e-01	-5.667778e+00	-9.000940e-10	-1.504969e-08	-2.401782e-06	 2.401830e-06
psi(R) = 1.78e-01
parameter values for minimization:
K33 = 3.000000e+01
k24 = 6.000000e-01
Lambda = 9.000000e+00
d0 = 1.000000e+00
omega = 3.610000e+01
gamma_s = 1.000000e-01
initial guesses for R, eta, and delta:
guess for R = 2.636332e-01
guess for eta = 6.328058e+00
guess for delta = 8.116126e-01
estimated ranges of R, eta, and delta:
upper bound estimate of R = 3.954498e-01
lower bound estimate of R = 1.977249e-01
upper bound estimate of eta = 6.428058e+00
lower bound estimate of eta = 6.308058e+00
upper bound estimate of delta = 8.180000e-01
lower bound estimate of delta = 8.100000e-01
    iteration	            R	          eta	        delta	            E	         dEdR	       dEdeta	     dEddelta	    grad norm
a-alpha = -1.215664e-07, fpa = -1.294791e-09
a-alpha = 1.829563e-08, fpa = 1.441643e-09
minimum found at:
           21	 2.650351e-01	 6.326570e+00	 8.115337e-01	-5.650936e+00	 4.776483e-08	 8.881784e-08	-9.103829e-07	 9.159515e-07
psi(R) = 1.75e-01
parameter values for minimization:
K33 = 3.000000e+01
k24 = 6.000000e-01
Lambda = 1.000000e+01
d0 = 1.000000e+00
omega = 3.610000e+01
gamma_s = 1.000000e-01
initial guesses for R, eta, and delta:
guess for R = 2.650351e-01
guess for eta = 6.326570e+00
guess for delta = 8.115337e-01
estimated ranges of R, eta, and delta:
upper bound estimate of R = 3.975527e-01
lower bound estimate of R = 1.987763e-01
upper bound estimate of eta = 6.426570e+00
lower bound estimate of eta = 6.306570e+00
upper bound estimate of delta = 8.180000e-01
lower bound estimate of delta = 8.100000e-01
    iteration	            R	          eta	        delta	            E	         dEdR	       dEdeta	     dEddelta	    grad norm
minimum found at:
            6	 2.672924e-01	 6.325283e+00	 8.114849e-01	-5.635677e+00	-9.562013e-08	 1.904649e-07	 2.261154e-06	 2.271176e-06
psi(R) = 1.72e-01
parameter values for minimization:
K33 = 3.000000e+01
k24 = 6.000000e-01
Lambda = 1.100000e+01
d0 = 1.000000e+00
omega = 3.610000e+01
gamma_s = 1.000000e-01
initial guesses for R, eta, and delta:
guess for R = 2.672924e-01
guess for eta = 6.325283e+00
guess for delta = 8.114849e-01
estimated ranges of R, eta, and delta:
upper bound estimate of R = 4.009386e-01
lower bound estimate of R = 2.004693e-01
upper bound estimate of eta = 6.425283e+00
lower bound estimate of eta = 6.305283e+00
upper bound estimate of delta = 8.180000e-01
lower bound estimate of delta = 8.100000e-01
    iteration	            R	          eta	        delta	            E	         dEdR	       dEdeta	     dEddelta	    grad norm
a-alpha = -8.150238e-09, fpa = -4.522493e-09
minimum found at:
            7	 2.704213e-01	 6.324165e+00	 8.114636e-01	-5.621778e+00	 1.240539e-08	 1.899715e-08	 2.590520e-07	 2.600437e-07
psi(R) = 1.69e-01
parameter values for minimization:
K33 = 3.000000e+01
k24 = 6.000000e-01
Lambda = 1.200000e+01
d0 = 1.000000e+00
omega = 3.610000e+01
gamma_s = 1.000000e-01
initial guesses for R, eta, and delta:
guess for R = 2.704213e-01
guess for eta = 6.324165e+00
guess for delta = 8.114636e-01
estimated ranges of R, eta, and delta:
upper bound estimate of R = 4.056319e-01
lower bound estimate of R = 2.028160e-01
upper bound estimate of eta = 6.424165e+00
lower bound estimate of eta = 6.304165e+00
upper bound estimate of delta = 8.180000e-01
lower bound estimate of delta = 8.100000e-01
    iteration	            R	          eta	        delta	            E	         dEdR	       dEdeta	     dEddelta	    grad norm
a-alpha = 4.199312e-09, fpa = 1.473421e-08
minimum found at:
            7	 2.745054e-01	 6.323193e+00	 8.114691e-01	-5.609069e+00	-8.875246e-08	 3.091354e-07	 9.288866e-07	 9.829914e-07
psi(R) = 1.66e-01
parameter values for minimization:
K33 = 3.000000e+01
k24 = 6.000000e-01
Lambda = 1.300000e+01
d0 = 1.000000e+00
omega = 3.610000e+01
gamma_s = 1.000000e-01
initial guesses for R, eta, and delta:
guess for R = 2.745054e-01
guess for eta = 6.323193e+00
guess for delta = 8.114691e-01
estimated ranges of R, eta, and delta:
upper bound estimate of R = 4.117581e-01
lower bound estimate of R = 2.058791e-01
upper bound estimate of eta = 6.423193e+00
lower bound estimate of eta = 6.303193e+00
upper bound estimate of delta = 8.180000e-01
lower bound estimate of delta = 8.100000e-01
    iteration	            R	          eta	        delta	            E	         dEdR	       dEdeta	     dEddelta	    grad norm
minimum found at:
           17	 2.797158e-01	 6.322354e+00	 8.115020e-01	-5.597421e+00	 4.457881e-07	 3.555181e-07	 8.496907e-06	 8.516017e-06
psi(R) = 1.64e-01
parameter values for minimization:
K33 = 3.000000e+01
k24 = 6.000000e-01
Lambda = 1.400000e+01
d0 = 1.000000e+00
omega = 3.610000e+01
gamma_s = 1.000000e-01
initial guesses for R, eta, and delta:
guess for R = 2.797158e-01
guess for eta = 6.322354e+00
guess for delta = 8.115020e-01
estimated ranges of R, eta, and delta:
upper bound estimate of R = 4.195737e-01
lower bound estimate of R = 2.097869e-01
upper bound estimate of eta = 6.422354e+00
lower bound estimate of eta = 6.302354e+00
upper bound estimate of delta = 8.180000e-01
lower bound estimate of delta = 8.100000e-01
    iteration	            R	          eta	        delta	            E	         dEdR	       dEdeta	     dEddelta	    grad norm
a-alpha = 1.844154e-08, fpa = 4.236119e-09
minimum found at:
           19	 2.863623e-01	 6.321646e+00	 8.115646e-01	-5.586737e+00	-4.319804e-07	 5.938460e-07	-3.371377e-06	 3.450427e-06
psi(R) = 1.62e-01
parameter values for minimization:
K33 = 3.000000e+01
k24 = 6.000000e-01
Lambda = 1.500000e+01
d0 = 1.000000e+00
omega = 3.610000e+01
gamma_s = 1.000000e-01
initial guesses for R, eta, and delta:
guess for R = 2.863623e-01
guess for eta = 6.321646e+00
guess for delta = 8.115646e-01
estimated ranges of R, eta, and delta:
upper bound estimate of R = 4.295435e-01
lower bound estimate of R = 2.147717e-01
upper bound estimate of eta = 6.421646e+00
lower bound estimate of eta = 6.301646e+00
upper bound estimate of delta = 8.180000e-01
lower bound estimate of delta = 8.100000e-01
    iteration	            R	          eta	        delta	            E	         dEdR	       dEdeta	     dEddelta	    grad norm
a-alpha = -1.393347e-07, fpa = -1.302513e-09
a-alpha = 1.839127e-07, fpa = 2.457105e-10
a-alpha = -1.633635e-07, fpa = -8.736648e-10
a-alpha = 1.849945e-07, fpa = 4.810332e-10
a-alpha = 4.079326e-08, fpa = 2.553708e-10
minimum found at:
           14	 2.950228e-01	 6.321079e+00	 8.116634e-01	-5.576947e+00	 3.322147e-07	 4.418688e-07	-3.193742e-06	 3.241234e-06
psi(R) = 1.60e-01
parameter values for minimization:
K33 = 3.000000e+01
k24 = 6.000000e-01
Lambda = 1.600000e+01
d0 = 1.000000e+00
omega = 3.610000e+01
gamma_s = 1.000000e-01
initial guesses for R, eta, and delta:
guess for R = 2.950228e-01
guess for eta = 6.321079e+00
guess for delta = 8.116634e-01
estimated ranges of R, eta, and delta:
upper bound estimate of R = 4.425342e-01
lower bound estimate of R = 2.212671e-01
upper bound estimate of eta = 6.421079e+00
lower bound estimate of eta = 6.301079e+00
upper bound estimate of delta = 8.180000e-01
lower bound estimate of delta = 8.100000e-01
    iteration	            R	          eta	        delta	            E	         dEdR	       dEdeta	     dEddelta	    grad norm
a-alpha = 2.034638e-08, fpa = 2.444656e-09
a-alpha = 5.646383e-08, fpa = 2.082751e-09
a-alpha = 1.388447e-08, fpa = 2.834437e-09
a-alpha = -3.929529e-09, fpa = -2.638744e-09
a-alpha = -1.903737e-08, fpa = -3.292785e-09
a-alpha = 1.774771e-08, fpa = 4.471346e-10
minimum found at:
           31	 3.069019e-01	 6.320691e+00	 8.118120e-01	-5.568015e+00	 1.672523e-08	 8.783098e-08	 2.875478e-06	 2.876867e-06
psi(R) = 1.58e-01
parameter values for minimization:
K33 = 3.000000e+01
k24 = 6.000000e-01
Lambda = 1.700000e+01
d0 = 1.000000e+00
omega = 3.610000e+01
gamma_s = 1.000000e-01
initial guesses for R, eta, and delta:
guess for R = 3.069019e-01
guess for eta = 6.320691e+00
guess for delta = 8.118120e-01
estimated ranges of R, eta, and delta:
upper bound estimate of R = 4.603529e-01
lower bound estimate of R = 2.301764e-01
upper bound estimate of eta = 6.420691e+00
lower bound estimate of eta = 6.300691e+00
upper bound estimate of delta = 8.180000e-01
lower bound estimate of delta = 8.100000e-01
    iteration	            R	          eta	        delta	            E	         dEdR	       dEdeta	     dEddelta	    grad norm
a-alpha = -1.240847e-08, fpa = -9.196991e-10
minimum found at:
           19	 3.252850e-01	 6.320606e+00	 8.120473e-01	-5.559948e+00	 6.289657e-08	 1.002161e-06	-6.513308e-07	 1.196877e-06
psi(R) = 1.57e-01
parameter values for minimization:
K33 = 3.000000e+01
k24 = 6.000000e-01
Lambda = 1.800000e+01
d0 = 1.000000e+00
omega = 3.610000e+01
gamma_s = 1.000000e-01
initial guesses for R, eta, and delta:
guess for R = 3.252850e-01
guess for eta = 6.320606e+00
guess for delta = 8.120473e-01
estimated ranges of R, eta, and delta:
upper bound estimate of R = 4.879275e-01
lower bound estimate of R = 2.439637e-01
upper bound estimate of eta = 6.420606e+00
lower bound estimate of eta = 6.300606e+00
upper bound estimate of delta = 8.180000e-01
lower bound estimate of delta = 8.100000e-01
    iteration	            R	          eta	        delta	            E	         dEdR	       dEdeta	     dEddelta	    grad norm
a-alpha = -1.611462e-08, fpa = -2.781621e-09
a-alpha = 1.300993e-07, fpa = 8.465102e-10
minimum found at:
           57	 1.295927e+00	 6.360368e+00	 8.156480e-01	-5.557422e+00	 1.606725e-07	 6.614462e-07	 2.342571e-06	 2.439460e-06
psi(R) = 1.87e-01
parameter values for minimization:
K33 = 3.000000e+01
k24 = 6.000000e-01
Lambda = 1.900000e+01
d0 = 1.000000e+00
omega = 3.610000e+01
gamma_s = 1.000000e-01
initial guesses for R, eta, and delta:
guess for R = 1.295927e+00
guess for eta = 6.360368e+00
guess for delta = 8.156480e-01
estimated ranges of R, eta, and delta:
upper bound estimate of R = 1.943891e+00
lower bound estimate of R = 9.719453e-01
upper bound estimate of eta = 6.460368e+00
lower bound estimate of eta = 6.340368e+00
upper bound estimate of delta = 8.180000e-01
lower bound estimate of delta = 8.100000e-01
    iteration	            R	          eta	        delta	            E	         dEdR	       dEdeta	     dEddelta	    grad norm
minimum found at:
           18	 1.427711e+00	 6.364677e+00	 8.157555e-01	-5.556163e+00	 1.166638e-08	-7.120230e-07	-1.728247e-06	 1.869211e-06
psi(R) = 1.90e-01
parameter values for minimization:
K33 = 3.000000e+01
k24 = 6.000000e-01
Lambda = 2.000000e+01
d0 = 1.000000e+00
omega = 3.610000e+01
gamma_s = 1.000000e-01
initial guesses for R, eta, and delta:
guess for R = 1.427711e+00
guess for eta = 6.364677e+00
guess for delta = 8.157555e-01
estimated ranges of R, eta, and delta:
upper bound estimate of R = 2.141566e+00
lower bound estimate of R = 1.070783e+00
upper bound estimate of eta = 6.464677e+00
lower bound estimate of eta = 6.344677e+00
upper bound estimate of delta = 8.180000e-01
lower bound estimate of delta = 8.100000e-01
    iteration	            R	          eta	        delta	            E	         dEdR	       dEdeta	     dEddelta	    grad norm
a-alpha = -7.576684e-08, fpa = -1.408987e-09
minimum found at:
           26	 1.539029e+00	 6.368135e+00	 8.158309e-01	-5.555104e+00	 2.574110e-08	 3.345472e-07	 9.473903e-07	 1.005054e-06
psi(R) = 1.92e-01
parameter values for minimization:
K33 = 3.000000e+01
k24 = 6.000000e-01
Lambda = 2.100000e+01
d0 = 1.000000e+00
omega = 3.610000e+01
gamma_s = 1.000000e-01
initial guesses for R, eta, and delta:
guess for R = 1.539029e+00
guess for eta = 6.368135e+00
guess for delta = 8.158309e-01
estimated ranges of R, eta, and delta:
upper bound estimate of R = 2.308543e+00
lower bound estimate of R = 1.154272e+00
upper bound estimate of eta = 6.468135e+00
lower bound estimate of eta = 6.348135e+00
upper bound estimate of delta = 8.180000e-01
lower bound estimate of delta = 8.100000e-01
    iteration	            R	          eta	        delta	            E	         dEdR	       dEdeta	     dEddelta	    grad norm
minimum found at:
           16	 1.636942e+00	 6.371051e+00	 8.158879e-01	-5.554191e+00	-1.951891e-08	-9.071756e-07	-8.881784e-08	 9.117221e-07
psi(R) = 1.94e-01
parameter values for minimization:
K33 = 3.000000e+01
k24 = 6.000000e-01
Lambda = 2.200000e+01
d0 = 1.000000e+00
omega = 3.610000e+01
gamma_s = 1.000000e-01
initial guesses for R, eta, and delta:
guess for R = 1.636942e+00
guess for eta = 6.371051e+00
guess for delta = 8.158879e-01
estimated ranges of R, eta, and delta:
upper bound estimate of R = 2.455413e+00
lower bound estimate of R = 1.227707e+00
upper bound estimate of eta = 6.471051e+00
lower bound estimate of eta = 6.351051e+00
upper bound estimate of delta = 8.180000e-01
lower bound estimate of delta = 8.100000e-01
    iteration	            R	          eta	        delta	            E	         dEdR	       dEdeta	     dEddelta	    grad norm
a-alpha = 3.650938e-08, fpa = 3.423628e-10
minimum found at:
           18	 1.725099e+00	 6.373583e+00	 8.159331e-01	-5.553390e+00	 7.355027e-08	 1.287859e-07	-1.535809e-06	 1.542953e-06
psi(R) = 1.95e-01
parameter values for minimization:
K33 = 3.000000e+01
k24 = 6.000000e-01
Lambda = 2.300000e+01
d0 = 1.000000e+00
omega = 3.610000e+01
gamma_s = 1.000000e-01
initial guesses for R, eta, and delta:
guess for R = 1.725099e+00
guess for eta = 6.373583e+00
guess for delta = 8.159331e-01
estimated ranges of R, eta, and delta:
upper bound estimate of R = 2.587648e+00
lower bound estimate of R = 1.293824e+00
upper bound estimate of eta = 6.473583e+00
lower bound estimate of eta = 6.353583e+00
upper bound estimate of delta = 8.180000e-01
lower bound estimate of delta = 8.100000e-01
    iteration	            R	          eta	        delta	            E	         dEdR	       dEdeta	     dEddelta	    grad norm
minimum found at:
           25	 1.805592e+00	 6.375822e+00	 8.159700e-01	-5.552677e+00	-9.747950e-09	 2.765689e-07	-1.121325e-05	 1.121667e-05
psi(R) = 1.96e-01
parameter values for minimization:
K33 = 3.000000e+01
k24 = 6.000000e-01
Lambda = 2.400000e+01
d0 = 1.000000e+00
omega = 3.610000e+01
gamma_s = 1.000000e-01
initial guesses for R, eta, and delta:
guess for R = 1.805592e+00
guess for eta = 6.375822e+00
guess for delta = 8.159700e-01
estimated ranges of R, eta, and delta:
upper bound estimate of R = 2.708388e+00
lower bound estimate of R = 1.354194e+00
upper bound estimate of eta = 6.475822e+00
lower bound estimate of eta = 6.355822e+00
upper bound estimate of delta = 8.180000e-01
lower bound estimate of delta = 8.100000e-01
    iteration	            R	          eta	        delta	            E	         dEdR	       dEdeta	     dEddelta	    grad norm
minimum found at:
           18	 1.879904e+00	 6.377831e+00	 8.160012e-01	-5.552038e+00	 4.416207e-08	-3.231983e-08	 4.637031e-06	 4.637354e-06
psi(R) = 1.97e-01
parameter values for minimization:
K33 = 3.000000e+01
k24 = 6.000000e-01
Lambda = 2.500000e+01
d0 = 1.000000e+00
omega = 3.610000e+01
gamma_s = 1.000000e-01
initial guesses for R, eta, and delta:
guess for R = 1.879904e+00
guess for eta = 6.377831e+00
guess for delta = 8.160012e-01
estimated ranges of R, eta, and delta:
upper bound estimate of R = 2.819856e+00
lower bound estimate of R = 1.409928e+00
upper bound estimate of eta = 6.477831e+00
lower bound estimate of eta = 6.357831e+00
upper bound estimate of delta = 8.180000e-01
lower bound estimate of delta = 8.100000e-01
    iteration	            R	          eta	        delta	            E	         dEdR	       dEdeta	     dEddelta	    grad norm
minimum found at:
           19	 1.948993e+00	 6.379650e+00	 8.160277e-01	-5.551459e+00	-8.642858e-08	 7.327472e-08	 2.938390e-06	 2.940574e-06
psi(R) = 1.98e-01
parameter values for minimization:
K33 = 3.000000e+01
k24 = 6.000000e-01
Lambda = 2.600000e+01
d0 = 1.000000e+00
omega = 3.610000e+01
gamma_s = 1.000000e-01
initial guesses for R, eta, and delta:
guess for R = 1.948993e+00
guess for eta = 6.379650e+00
guess for delta = 8.160277e-01
estimated ranges of R, eta, and delta:
upper bound estimate of R = 2.923490e+00
lower bound estimate of R = 1.461745e+00
upper bound estimate of eta = 6.479650e+00
lower bound estimate of eta = 6.359650e+00
upper bound estimate of delta = 8.180000e-01
lower bound estimate of delta = 8.100000e-01
    iteration	            R	          eta	        delta	            E	         dEdR	       dEdeta	     dEddelta	    grad norm
minimum found at:
           12	 2.013693e+00	 6.381314e+00	 8.160507e-01	-5.550931e+00	 2.495273e-08	 8.931127e-08	 3.167836e-06	 3.169193e-06
psi(R) = 1.99e-01
parameter values for minimization:
K33 = 3.000000e+01
k24 = 6.000000e-01
Lambda = 2.700000e+01
d0 = 1.000000e+00
omega = 3.610000e+01
gamma_s = 1.000000e-01
initial guesses for R, eta, and delta:
guess for R = 2.013693e+00
guess for eta = 6.381314e+00
guess for delta = 8.160507e-01
estimated ranges of R, eta, and delta:
upper bound estimate of R = 3.020539e+00
lower bound estimate of R = 1.510270e+00
upper bound estimate of eta = 6.481314e+00
lower bound estimate of eta = 6.361314e+00
upper bound estimate of delta = 8.180000e-01
lower bound estimate of delta = 8.100000e-01
    iteration	            R	          eta	        delta	            E	         dEdR	       dEdeta	     dEddelta	    grad norm
minimum found at:
           10	 2.074518e+00	 6.382844e+00	 8.160708e-01	-5.550447e+00	 2.424902e-08	-5.514108e-07	 3.356574e-06	 3.401651e-06
psi(R) = 2.00e-01
parameter values for minimization:
K33 = 3.000000e+01
k24 = 6.000000e-01
Lambda = 2.800000e+01
d0 = 1.000000e+00
omega = 3.610000e+01
gamma_s = 1.000000e-01
initial guesses for R, eta, and delta:
guess for R = 2.074518e+00
guess for eta = 6.382844e+00
guess for delta = 8.160708e-01
estimated ranges of R, eta, and delta:
upper bound estimate of R = 3.111777e+00
lower bound estimate of R = 1.555889e+00
upper bound estimate of eta = 6.482844e+00
lower bound estimate of eta = 6.362844e+00
upper bound estimate of delta = 8.180000e-01
lower bound estimate of delta = 8.100000e-01
likely a maximizing (vs minimizing) solution for psi(r), as y[1][2]=-1.619896e-04  which usually means high energy.
solvde convergence failed when x = (2.074518e+00,6.382844e+00,8.160708e-01).
Retrying using a constant y value
    iteration	            R	          eta	        delta	            E	         dEdR	       dEdeta	     dEddelta	    grad norm
minimum found at:
           10	 2.131965e+00	 6.384260e+00	 8.160884e-01	-5.550000e+00	 1.558420e-08	 2.277191e-07	-6.269059e-06	 6.273213e-06
psi(R) = 2.00e-01
parameter values for minimization:
K33 = 3.000000e+01
k24 = 6.000000e-01
Lambda = 2.900000e+01
d0 = 1.000000e+00
omega = 3.610000e+01
gamma_s = 1.000000e-01
initial guesses for R, eta, and delta:
guess for R = 2.131965e+00
guess for eta = 6.384260e+00
guess for delta = 8.160884e-01
estimated ranges of R, eta, and delta:
upper bound estimate of R = 3.197948e+00
lower bound estimate of R = 1.598974e+00
upper bound estimate of eta = 6.484260e+00
lower bound estimate of eta = 6.364260e+00
upper bound estimate of delta = 8.180000e-01
lower bound estimate of delta = 8.100000e-01
    iteration	            R	          eta	        delta	            E	         dEdR	       dEdeta	     dEddelta	    grad norm
minimum found at:
            7	 2.186393e+00	 6.385575e+00	 8.161043e-01	-5.549587e+00	-5.628740e-09	-4.268191e-08	-1.509903e-06	 1.510517e-06
psi(R) = 2.01e-01
parameter values for minimization:
K33 = 3.000000e+01
k24 = 6.000000e-01
Lambda = 3.000000e+01
d0 = 1.000000e+00
omega = 3.610000e+01
gamma_s = 1.000000e-01
initial guesses for R, eta, and delta:
guess for R = 2.186393e+00
guess for eta = 6.385575e+00
guess for delta = 8.161043e-01
estimated ranges of R, eta, and delta:
upper bound estimate of R = 3.279589e+00
lower bound estimate of R = 1.639795e+00
upper bound estimate of eta = 6.485575e+00
lower bound estimate of eta = 6.365575e+00
upper bound estimate of delta = 8.180000e-01
lower bound estimate of delta = 8.100000e-01
ss=1.518811621566e+19, lastss = 8.848979038650e+19
tol = 1.299878767258e-13
failed to integrate at x = (2.186393e+00,6.385575e+00,8.161043e-01)
solvde convergence failed when x = (2.186393e+00,6.385575e+00,8.161043e-01).
Retrying using a constant y value
    iteration	            R	          eta	        delta	            E	         dEdR	       dEdeta	     dEddelta	    grad norm
minimum found at:
           17	 2.238136e+00	 6.386803e+00	 8.161185e-01	-5.549203e+00	 6.969101e-09	-6.513308e-08	-1.317465e-05	 1.317481e-05
psi(R) = 2.01e-01
parameter values for minimization:
K33 = 3.000000e+01
k24 = 6.000000e-01
Lambda = 3.100000e+01
d0 = 1.000000e+00
omega = 3.610000e+01
gamma_s = 1.000000e-01
initial guesses for R, eta, and delta:
guess for R = 2.238136e+00
guess for eta = 6.386803e+00
guess for delta = 8.161185e-01
estimated ranges of R, eta, and delta:
upper bound estimate of R = 3.357204e+00
lower bound estimate of R = 1.678602e+00
upper bound estimate of eta = 6.486803e+00
lower bound estimate of eta = 6.366803e+00
upper bound estimate of delta = 8.180000e-01
lower bound estimate of delta = 8.100000e-01
likely a maximizing (vs minimizing) solution for psi(r), as y[1][2]=-2.262648e-04  which usually means high energy.
solvde convergence failed when x = (2.238136e+00,6.386803e+00,8.161185e-01).
Retrying using a constant y value
    iteration	            R	          eta	        delta	            E	         dEdR	       dEdeta	     dEddelta	    grad norm
minimum found at:
            7	 2.287445e+00	 6.387954e+00	 8.161316e-01	-5.548844e+00	 3.915473e-09	 2.543644e-07	 1.121325e-06	 1.149820e-06
psi(R) = 2.02e-01
parameter values for minimization:
K33 = 3.000000e+01
k24 = 6.000000e-01
Lambda = 3.200000e+01
d0 = 1.000000e+00
omega = 3.610000e+01
gamma_s = 1.000000e-01
initial guesses for R, eta, and delta:
guess for R = 2.287445e+00
guess for eta = 6.387954e+00
guess for delta = 8.161316e-01
estimated ranges of R, eta, and delta:
upper bound estimate of R = 3.431167e+00
lower bound estimate of R = 1.715584e+00
upper bound estimate of eta = 6.487954e+00
lower bound estimate of eta = 6.367954e+00
upper bound estimate of delta = 8.180000e-01
lower bound estimate of delta = 8.100000e-01
    iteration	            R	          eta	        delta	            E	         dEdR	       dEdeta	     dEddelta	    grad norm
a-alpha = 3.208217e-07, fpa = 1.617148e-10
minimum found at:
           10	 2.334537e+00	 6.389036e+00	 8.161433e-01	-5.548509e+00	-2.424618e-08	 3.251720e-07	 3.008704e-06	 3.026322e-06
psi(R) = 2.02e-01
Traceback (most recent call last):
  File "scan2d.py", line 77, in <module>
    Ei,Ri,etai,deltai,surftwisti = run.get_all_observables('observables',str2float=True)
  File "../../modules_gammak24/singlerun.py", line 77, in get_all_observables
    E,R,eta,delta,surftwist = map(float,line.split())
ValueError: not enough values to unpack (expected 5, got 0)
