hi
Restoring modules from user's standard_modules
parameter values for minimization:
K33 = 3.000000e+01
k24 = 8.000000e-01
Lambda = 0.000000e+00
d0 = 1.000000e+00
omega = 3.100000e+00
gamma_s = 1.000000e-01
initial guesses for R, eta, and delta:
guess for R = 5.000000e-01
guess for eta = 6.300000e+00
guess for delta = 8.100000e-01
estimated ranges of R, eta, and delta:
upper bound estimate of R = 2.000000e+00
lower bound estimate of R = 1.000000e-01
upper bound estimate of eta = 6.430000e+00
lower bound estimate of eta = 6.290000e+00
upper bound estimate of delta = 8.160000e-01
lower bound estimate of delta = 8.000000e-01
    iteration	            R	          eta	        delta	            E	         dEdR	       dEdeta	     dEddelta	    grad norm
minimum found at:
            6	 2.782732e-01	 6.300000e+00	 8.164966e-01	-6.364570e-01	-1.154697e-10	 6.700948e-10	 7.401487e-09	 7.432655e-09
psi(R) = 2.75e-01
parameter values for minimization:
K33 = 3.000000e+01
k24 = 8.000000e-01
Lambda = 1.000000e+00
d0 = 1.000000e+00
omega = 3.100000e+00
gamma_s = 1.000000e-01
initial guesses for R, eta, and delta:
guess for R = 2.782732e-01
guess for eta = 6.300000e+00
guess for delta = 8.164966e-01
estimated ranges of R, eta, and delta:
upper bound estimate of R = 4.174098e-01
lower bound estimate of R = 2.087049e-01
upper bound estimate of eta = 6.400000e+00
lower bound estimate of eta = 6.280000e+00
upper bound estimate of delta = 8.180000e-01
lower bound estimate of delta = 8.100000e-01
    iteration	            R	          eta	        delta	            E	         dEdR	       dEdeta	     dEddelta	    grad norm
minimum found at:
           16	 2.204689e-01	 6.355890e+00	 7.900823e-01	-5.524093e-01	 2.335297e-08	-2.750886e-08	-2.917702e-06	 2.917925e-06
psi(R) = 2.34e-01
parameter values for minimization:
K33 = 3.000000e+01
k24 = 8.000000e-01
Lambda = 2.000000e+00
d0 = 1.000000e+00
omega = 3.100000e+00
gamma_s = 1.000000e-01
initial guesses for R, eta, and delta:
guess for R = 2.204689e-01
guess for eta = 6.355890e+00
guess for delta = 7.900823e-01
estimated ranges of R, eta, and delta:
upper bound estimate of R = 3.307034e-01
lower bound estimate of R = 1.653517e-01
upper bound estimate of eta = 6.455890e+00
lower bound estimate of eta = 6.335890e+00
upper bound estimate of delta = 8.180000e-01
lower bound estimate of delta = 7.505782e-01
    iteration	            R	          eta	        delta	            E	         dEdR	       dEdeta	     dEddelta	    grad norm
minimum found at:
           25	 2.037909e-01	 6.348027e+00	 7.760511e-01	-5.001803e-01	 5.044688e-08	-1.218778e-07	 1.101630e-07	 1.718575e-07
psi(R) = 2.19e-01
parameter values for minimization:
K33 = 3.000000e+01
k24 = 8.000000e-01
Lambda = 3.000000e+00
d0 = 1.000000e+00
omega = 3.100000e+00
gamma_s = 1.000000e-01
initial guesses for R, eta, and delta:
guess for R = 2.037909e-01
guess for eta = 6.348027e+00
guess for delta = 7.760511e-01
estimated ranges of R, eta, and delta:
upper bound estimate of R = 3.056863e-01
lower bound estimate of R = 1.528432e-01
upper bound estimate of eta = 6.448027e+00
lower bound estimate of eta = 6.328027e+00
upper bound estimate of delta = 8.180000e-01
lower bound estimate of delta = 7.372485e-01
    iteration	            R	          eta	        delta	            E	         dEdR	       dEdeta	     dEddelta	    grad norm
minimum found at:
           16	 1.945458e-01	 6.343313e+00	 7.655916e-01	-4.597092e-01	-7.602783e-09	 3.380012e-08	-1.544431e-07	 1.582812e-07
psi(R) = 2.10e-01
parameter values for minimization:
K33 = 3.000000e+01
k24 = 8.000000e-01
Lambda = 4.000000e+00
d0 = 1.000000e+00
omega = 3.100000e+00
gamma_s = 1.000000e-01
initial guesses for R, eta, and delta:
guess for R = 1.945458e-01
guess for eta = 6.343313e+00
guess for delta = 7.655916e-01
estimated ranges of R, eta, and delta:
upper bound estimate of R = 2.918187e-01
lower bound estimate of R = 1.459093e-01
upper bound estimate of eta = 6.443313e+00
lower bound estimate of eta = 6.323313e+00
upper bound estimate of delta = 8.180000e-01
lower bound estimate of delta = 7.273120e-01
    iteration	            R	          eta	        delta	            E	         dEdR	       dEdeta	     dEddelta	    grad norm
a-alpha = 2.457448e-08, fpa = 1.262767e-09
minimum found at:
           14	 1.884508e-01	 6.339982e+00	 7.570384e-01	-4.260084e-01	-7.329995e-09	-2.942091e-08	 4.643886e-08	 5.546067e-08
psi(R) = 2.04e-01
parameter values for minimization:
K33 = 3.000000e+01
k24 = 8.000000e-01
Lambda = 5.000000e+00
d0 = 1.000000e+00
omega = 3.100000e+00
gamma_s = 1.000000e-01
initial guesses for R, eta, and delta:
guess for R = 1.884508e-01
guess for eta = 6.339982e+00
guess for delta = 7.570384e-01
estimated ranges of R, eta, and delta:
upper bound estimate of R = 2.826762e-01
lower bound estimate of R = 1.413381e-01
upper bound estimate of eta = 6.439982e+00
lower bound estimate of eta = 6.319982e+00
upper bound estimate of delta = 8.180000e-01
lower bound estimate of delta = 7.191865e-01
    iteration	            R	          eta	        delta	            E	         dEdR	       dEdeta	     dEddelta	    grad norm
a-alpha = 3.311287e-08, fpa = 2.668048e-10
minimum found at:
           11	 1.840766e-01	 6.337424e+00	 7.497159e-01	-3.968552e-01	-1.256028e-07	-3.531126e-08	 3.730361e-09	 1.305254e-07
psi(R) = 1.99e-01
parameter values for minimization:
K33 = 3.000000e+01
k24 = 8.000000e-01
Lambda = 6.000000e+00
d0 = 1.000000e+00
omega = 3.100000e+00
gamma_s = 1.000000e-01
initial guesses for R, eta, and delta:
guess for R = 1.840766e-01
guess for eta = 6.337424e+00
guess for delta = 7.497159e-01
estimated ranges of R, eta, and delta:
upper bound estimate of R = 2.761149e-01
lower bound estimate of R = 1.380574e-01
upper bound estimate of eta = 6.437424e+00
lower bound estimate of eta = 6.317424e+00
upper bound estimate of delta = 8.180000e-01
lower bound estimate of delta = 7.122301e-01
    iteration	            R	          eta	        delta	            E	         dEdR	       dEdeta	     dEddelta	    grad norm
a-alpha = 2.963385e-08, fpa = 1.049011e-09
a-alpha = -1.268334e-07, fpa = -8.958690e-10
minimum found at:
           14	 1.807769e-01	 6.335360e+00	 7.432725e-01	-3.710236e-01	 3.726009e-09	-7.893853e-11	-4.198635e-09	 5.614082e-09
psi(R) = 1.94e-01
parameter values for minimization:
K33 = 3.000000e+01
k24 = 8.000000e-01
Lambda = 7.000000e+00
d0 = 1.000000e+00
omega = 3.100000e+00
gamma_s = 1.000000e-01
initial guesses for R, eta, and delta:
guess for R = 1.807769e-01
guess for eta = 6.335360e+00
guess for delta = 7.432725e-01
estimated ranges of R, eta, and delta:
upper bound estimate of R = 2.711653e-01
lower bound estimate of R = 1.355827e-01
upper bound estimate of eta = 6.435360e+00
lower bound estimate of eta = 6.315360e+00
upper bound estimate of delta = 8.180000e-01
lower bound estimate of delta = 7.061089e-01
    iteration	            R	          eta	        delta	            E	         dEdR	       dEdeta	     dEddelta	    grad norm
a-alpha = -3.707384e-08, fpa = -1.222477e-09
a-alpha = -3.794119e-08, fpa = -4.150689e-10
a-alpha = -1.415152e-09, fpa = -5.528674e-09
minimum found at:
           14	 1.782071e-01	 6.333637e+00	 7.374985e-01	-3.477516e-01	 5.232472e-08	-6.180242e-08	-1.227064e-08	 8.190228e-08
psi(R) = 1.91e-01
parameter values for minimization:
K33 = 3.000000e+01
k24 = 8.000000e-01
Lambda = 8.000000e+00
d0 = 1.000000e+00
omega = 3.100000e+00
gamma_s = 1.000000e-01
initial guesses for R, eta, and delta:
guess for R = 1.782071e-01
guess for eta = 6.333637e+00
guess for delta = 7.374985e-01
estimated ranges of R, eta, and delta:
upper bound estimate of R = 2.673106e-01
lower bound estimate of R = 1.336553e-01
upper bound estimate of eta = 6.433637e+00
lower bound estimate of eta = 6.313637e+00
upper bound estimate of delta = 8.180000e-01
lower bound estimate of delta = 7.006236e-01
    iteration	            R	          eta	        delta	            E	         dEdR	       dEdeta	     dEddelta	    grad norm
a-alpha = -8.462567e-08, fpa = -2.177103e-09
minimum found at:
           12	 1.761632e-01	 6.332162e+00	 7.322574e-01	-3.265273e-01	 6.133124e-08	 1.437122e-08	 2.925877e-08	 6.945595e-08
psi(R) = 1.88e-01
parameter values for minimization:
K33 = 3.000000e+01
k24 = 8.000000e-01
Lambda = 9.000000e+00
d0 = 1.000000e+00
omega = 3.100000e+00
gamma_s = 1.000000e-01
initial guesses for R, eta, and delta:
guess for R = 1.761632e-01
guess for eta = 6.332162e+00
guess for delta = 7.322574e-01
estimated ranges of R, eta, and delta:
upper bound estimate of R = 2.642448e-01
lower bound estimate of R = 1.321224e-01
upper bound estimate of eta = 6.432162e+00
lower bound estimate of eta = 6.312162e+00
upper bound estimate of delta = 8.180000e-01
lower bound estimate of delta = 6.956445e-01
    iteration	            R	          eta	        delta	            E	         dEdR	       dEdeta	     dEddelta	    grad norm
a-alpha = -1.364246e-08, fpa = -1.263051e-08
minimum found at:
           14	 1.745152e-01	 6.330875e+00	 7.274551e-01	-3.069870e-01	 6.699983e-08	-9.103704e-08	 4.147067e-08	 1.204016e-07
psi(R) = 1.85e-01
parameter values for minimization:
K33 = 3.000000e+01
k24 = 8.000000e-01
Lambda = 1.000000e+01
d0 = 1.000000e+00
omega = 3.100000e+00
gamma_s = 1.000000e-01
initial guesses for R, eta, and delta:
guess for R = 1.745152e-01
guess for eta = 6.330875e+00
guess for delta = 7.274551e-01
estimated ranges of R, eta, and delta:
upper bound estimate of R = 2.617728e-01
lower bound estimate of R = 1.308864e-01
upper bound estimate of eta = 6.430875e+00
lower bound estimate of eta = 6.310875e+00
upper bound estimate of delta = 8.180000e-01
lower bound estimate of delta = 6.910823e-01
    iteration	            R	          eta	        delta	            E	         dEdR	       dEdeta	     dEddelta	    grad norm
a-alpha = 2.033097e-08, fpa = 2.958591e-09
a-alpha = 5.164851e-08, fpa = 4.208809e-09
a-alpha = 4.326158e-09, fpa = 4.209416e-09
a-alpha = 2.832853e-09, fpa = 1.423889e-08
a-alpha = -3.854658e-09, fpa = -1.447491e-08
a-alpha = 9.336263e-10, fpa = 1.001539e-09
minimum found at:
           13	 1.731755e-01	 6.329737e+00	 7.230235e-01	-2.888618e-01	-2.298714e-08	-8.635068e-10	-3.320165e-08	 4.039188e-08
psi(R) = 1.82e-01
parameter values for minimization:
K33 = 3.000000e+01
k24 = 8.000000e-01
Lambda = 1.100000e+01
d0 = 1.000000e+00
omega = 3.100000e+00
gamma_s = 1.000000e-01
initial guesses for R, eta, and delta:
guess for R = 1.731755e-01
guess for eta = 6.329737e+00
guess for delta = 7.230235e-01
estimated ranges of R, eta, and delta:
upper bound estimate of R = 2.597633e-01
lower bound estimate of R = 1.298816e-01
upper bound estimate of eta = 6.429737e+00
lower bound estimate of eta = 6.309737e+00
upper bound estimate of delta = 8.180000e-01
lower bound estimate of delta = 6.868723e-01
    iteration	            R	          eta	        delta	            E	         dEdR	       dEdeta	     dEddelta	    grad norm
a-alpha = 5.334875e-08, fpa = 3.347141e-09
minimum found at:
            9	 1.720827e-01	 6.328718e+00	 7.189119e-01	-2.719461e-01	-1.116649e-07	-2.066248e-09	 5.627555e-08	 1.250610e-07
psi(R) = 1.80e-01
parameter values for minimization:
K33 = 3.000000e+01
k24 = 8.000000e-01
Lambda = 1.200000e+01
d0 = 1.000000e+00
omega = 3.100000e+00
gamma_s = 1.000000e-01
initial guesses for R, eta, and delta:
guess for R = 1.720827e-01
guess for eta = 6.328718e+00
guess for delta = 7.189119e-01
estimated ranges of R, eta, and delta:
upper bound estimate of R = 2.581240e-01
lower bound estimate of R = 1.290620e-01
upper bound estimate of eta = 6.428718e+00
lower bound estimate of eta = 6.308718e+00
upper bound estimate of delta = 8.180000e-01
lower bound estimate of delta = 6.829663e-01
    iteration	            R	          eta	        delta	            E	         dEdR	       dEdeta	     dEddelta	    grad norm
a-alpha = 1.303497e-08, fpa = 3.478196e-09
minimum found at:
            9	 1.711922e-01	 6.327795e+00	 7.150814e-01	-2.560787e-01	-1.255928e-08	 2.436323e-09	-1.433338e-08	 1.921241e-08
psi(R) = 1.78e-01
parameter values for minimization:
K33 = 3.000000e+01
k24 = 8.000000e-01
Lambda = 1.300000e+01
d0 = 1.000000e+00
omega = 3.100000e+00
gamma_s = 1.000000e-01
initial guesses for R, eta, and delta:
guess for R = 1.711922e-01
guess for eta = 6.327795e+00
guess for delta = 7.150814e-01
estimated ranges of R, eta, and delta:
upper bound estimate of R = 2.567883e-01
lower bound estimate of R = 1.283941e-01
upper bound estimate of eta = 6.427795e+00
lower bound estimate of eta = 6.307795e+00
upper bound estimate of delta = 8.180000e-01
lower bound estimate of delta = 6.793273e-01
    iteration	            R	          eta	        delta	            E	         dEdR	       dEdeta	     dEddelta	    grad norm
a-alpha = -4.436205e-09, fpa = -1.960967e-08
a-alpha = -1.725990e-08, fpa = -2.582795e-09
a-alpha = 4.397450e-09, fpa = 6.097304e-09
minimum found at:
           10	 1.704709e-01	 6.326954e+00	 7.115017e-01	-2.411306e-01	 1.282637e-09	 1.861474e-07	 3.922974e-09	 1.861931e-07
psi(R) = 1.76e-01
parameter values for minimization:
K33 = 3.000000e+01
k24 = 8.000000e-01
Lambda = 1.400000e+01
d0 = 1.000000e+00
omega = 3.100000e+00
gamma_s = 1.000000e-01
initial guesses for R, eta, and delta:
guess for R = 1.704709e-01
guess for eta = 6.326954e+00
guess for delta = 7.115017e-01
estimated ranges of R, eta, and delta:
upper bound estimate of R = 2.557064e-01
lower bound estimate of R = 1.278532e-01
upper bound estimate of eta = 6.426954e+00
lower bound estimate of eta = 6.306954e+00
upper bound estimate of delta = 8.180000e-01
lower bound estimate of delta = 6.759266e-01
    iteration	            R	          eta	        delta	            E	         dEdR	       dEdeta	     dEddelta	    grad norm
a-alpha = 1.891921e-08, fpa = 1.885288e-09
a-alpha = 1.420975e-09, fpa = 3.996698e-10
minimum found at:
            9	 1.698935e-01	 6.326181e+00	 7.081487e-01	-2.269965e-01	-4.906222e-08	 1.017704e-08	-5.774447e-08	 7.645323e-08
psi(R) = 1.75e-01
parameter values for minimization:
K33 = 3.000000e+01
k24 = 8.000000e-01
Lambda = 1.500000e+01
d0 = 1.000000e+00
omega = 3.100000e+00
gamma_s = 1.000000e-01
initial guesses for R, eta, and delta:
guess for R = 1.698935e-01
guess for eta = 6.326181e+00
guess for delta = 7.081487e-01
estimated ranges of R, eta, and delta:
upper bound estimate of R = 2.548402e-01
lower bound estimate of R = 1.274201e-01
upper bound estimate of eta = 6.426181e+00
lower bound estimate of eta = 6.306181e+00
upper bound estimate of delta = 8.180000e-01
lower bound estimate of delta = 6.727413e-01
    iteration	            R	          eta	        delta	            E	         dEdR	       dEdeta	     dEddelta	    grad norm
minimum found at:
            7	 1.694407e-01	 6.325467e+00	 7.050033e-01	-2.135896e-01	-3.171565e-08	-5.299773e-08	-1.701650e-09	 6.178622e-08
psi(R) = 1.73e-01
parameter values for minimization:
K33 = 3.000000e+01
k24 = 8.000000e-01
Lambda = 1.600000e+01
d0 = 1.000000e+00
omega = 3.100000e+00
gamma_s = 1.000000e-01
initial guesses for R, eta, and delta:
guess for R = 1.694407e-01
guess for eta = 6.325467e+00
guess for delta = 7.050033e-01
estimated ranges of R, eta, and delta:
upper bound estimate of R = 2.541610e-01
lower bound estimate of R = 1.270805e-01
upper bound estimate of eta = 6.425467e+00
lower bound estimate of eta = 6.305467e+00
upper bound estimate of delta = 8.180000e-01
lower bound estimate of delta = 6.697531e-01
    iteration	            R	          eta	        delta	            E	         dEdR	       dEdeta	     dEddelta	    grad norm
a-alpha = -3.678846e-09, fpa = -4.948961e-09
a-alpha = -2.139585e-09, fpa = -1.707883e-08
a-alpha = -1.495860e-08, fpa = -1.467164e-08
minimum found at:
           11	 1.690971e-01	 6.324802e+00	 7.020498e-01	-2.008367e-01	-1.223092e-09	 2.866534e-08	 7.988283e-09	 2.978272e-08
psi(R) = 1.71e-01
parameter values for minimization:
K33 = 3.000000e+01
k24 = 8.000000e-01
Lambda = 1.700000e+01
d0 = 1.000000e+00
omega = 3.100000e+00
gamma_s = 1.000000e-01
initial guesses for R, eta, and delta:
guess for R = 1.690971e-01
guess for eta = 6.324802e+00
guess for delta = 7.020498e-01
estimated ranges of R, eta, and delta:
upper bound estimate of R = 2.536457e-01
lower bound estimate of R = 1.268228e-01
upper bound estimate of eta = 6.424802e+00
lower bound estimate of eta = 6.304802e+00
upper bound estimate of delta = 8.180000e-01
lower bound estimate of delta = 6.669473e-01
    iteration	            R	          eta	        delta	            E	         dEdR	       dEdeta	     dEddelta	    grad norm
minimum found at:
            9	 1.688509e-01	 6.324181e+00	 6.992757e-01	-1.886762e-01	-4.026898e-09	 4.839247e-10	 3.415633e-09	 5.302513e-09
psi(R) = 1.70e-01
parameter values for minimization:
K33 = 3.000000e+01
k24 = 8.000000e-01
Lambda = 1.800000e+01
d0 = 1.000000e+00
omega = 3.100000e+00
gamma_s = 1.000000e-01
initial guesses for R, eta, and delta:
guess for R = 1.688509e-01
guess for eta = 6.324181e+00
guess for delta = 6.992757e-01
estimated ranges of R, eta, and delta:
upper bound estimate of R = 2.532763e-01
lower bound estimate of R = 1.266382e-01
upper bound estimate of eta = 6.424181e+00
lower bound estimate of eta = 6.304181e+00
upper bound estimate of delta = 8.180000e-01
lower bound estimate of delta = 6.643119e-01
    iteration	            R	          eta	        delta	            E	         dEdR	       dEdeta	     dEddelta	    grad norm
minimum found at:
            9	 1.686924e-01	 6.323599e+00	 6.966708e-01	-1.770553e-01	-7.919424e-09	-3.008396e-08	-1.021576e-07	 1.067892e-07
psi(R) = 1.69e-01
parameter values for minimization:
K33 = 3.000000e+01
k24 = 8.000000e-01
Lambda = 1.900000e+01
d0 = 1.000000e+00
omega = 3.100000e+00
gamma_s = 1.000000e-01
initial guesses for R, eta, and delta:
guess for R = 1.686924e-01
guess for eta = 6.323599e+00
guess for delta = 6.966708e-01
estimated ranges of R, eta, and delta:
upper bound estimate of R = 2.530386e-01
lower bound estimate of R = 1.265193e-01
upper bound estimate of eta = 6.423599e+00
lower bound estimate of eta = 6.303599e+00
upper bound estimate of delta = 8.180000e-01
lower bound estimate of delta = 6.618373e-01
    iteration	            R	          eta	        delta	            E	         dEdR	       dEdeta	     dEddelta	    grad norm
a-alpha = -1.816270e-08, fpa = -1.052644e-08
a-alpha = 1.086264e-09, fpa = 1.052512e-08
a-alpha = 2.400486e-08, fpa = 4.797156e-09
a-alpha = -2.372256e-08, fpa = -5.850038e-09
minimum found at:
           18	 1.686142e-01	 6.323050e+00	 6.942271e-01	-1.659283e-01	-6.718823e-08	 2.084752e-08	 3.580767e-08	 7.893710e-08
psi(R) = 1.67e-01
parameter values for minimization:
K33 = 3.000000e+01
k24 = 8.000000e-01
Lambda = 2.000000e+01
d0 = 1.000000e+00
omega = 3.100000e+00
gamma_s = 1.000000e-01
initial guesses for R, eta, and delta:
guess for R = 1.686142e-01
guess for eta = 6.323050e+00
guess for delta = 6.942271e-01
estimated ranges of R, eta, and delta:
upper bound estimate of R = 2.529213e-01
lower bound estimate of R = 1.264607e-01
upper bound estimate of eta = 6.423050e+00
lower bound estimate of eta = 6.303050e+00
upper bound estimate of delta = 8.180000e-01
lower bound estimate of delta = 6.595157e-01
    iteration	            R	          eta	        delta	            E	         dEdR	       dEdeta	     dEddelta	    grad norm
a-alpha = -6.354321e-08, fpa = -1.940541e-09
a-alpha = 2.369688e-08, fpa = 1.002820e-09
a-alpha = -1.403603e-08, fpa = -4.942849e-10
a-alpha = -6.093183e-08, fpa = -1.479768e-09
a-alpha = 4.961310e-09, fpa = 2.133344e-10
a-alpha = 3.222914e-09, fpa = 1.447997e-09
a-alpha = -1.064603e-08, fpa = -8.628938e-10
minimum found at:
           18	 1.686103e-01	 6.322531e+00	 6.919379e-01	-1.552556e-01	-1.395189e-07	 5.577329e-08	 3.701111e-08	 1.547450e-07
psi(R) = 1.66e-01
parameter values for minimization:
K33 = 3.000000e+01
k24 = 8.000000e-01
Lambda = 2.100000e+01
d0 = 1.000000e+00
omega = 3.100000e+00
gamma_s = 1.000000e-01
initial guesses for R, eta, and delta:
guess for R = 1.686103e-01
guess for eta = 6.322531e+00
guess for delta = 6.919379e-01
estimated ranges of R, eta, and delta:
upper bound estimate of R = 2.529154e-01
lower bound estimate of R = 1.264577e-01
upper bound estimate of eta = 6.422531e+00
lower bound estimate of eta = 6.302531e+00
upper bound estimate of delta = 8.180000e-01
lower bound estimate of delta = 6.573410e-01
    iteration	            R	          eta	        delta	            E	         dEdR	       dEdeta	     dEddelta	    grad norm
minimum found at:
           10	 1.686763e-01	 6.322038e+00	 6.897984e-01	-1.450025e-01	 9.342378e-08	-3.915078e-08	 1.138609e-07	 1.523978e-07
psi(R) = 1.65e-01
parameter values for minimization:
K33 = 3.000000e+01
k24 = 8.000000e-01
Lambda = 2.200000e+01
d0 = 1.000000e+00
omega = 3.100000e+00
gamma_s = 1.000000e-01
initial guesses for R, eta, and delta:
guess for R = 1.686763e-01
guess for eta = 6.322038e+00
guess for delta = 6.897984e-01
estimated ranges of R, eta, and delta:
upper bound estimate of R = 2.530145e-01
lower bound estimate of R = 1.265072e-01
upper bound estimate of eta = 6.422038e+00
lower bound estimate of eta = 6.302038e+00
upper bound estimate of delta = 8.180000e-01
lower bound estimate of delta = 6.553085e-01
    iteration	            R	          eta	        delta	            E	         dEdR	       dEdeta	     dEddelta	    grad norm
a-alpha = 9.312985e-09, fpa = 1.120624e-09
a-alpha = 9.973574e-09, fpa = 1.808035e-09
minimum found at:
           15	 1.688085e-01	 6.321569e+00	 6.878047e-01	-1.351385e-01	 7.943711e-08	 8.659740e-08	 4.857092e-08	 1.271554e-07
psi(R) = 1.64e-01
parameter values for minimization:
K33 = 3.000000e+01
k24 = 8.000000e-01
Lambda = 2.300000e+01
d0 = 1.000000e+00
omega = 3.100000e+00
gamma_s = 1.000000e-01
initial guesses for R, eta, and delta:
guess for R = 1.688085e-01
guess for eta = 6.321569e+00
guess for delta = 6.878047e-01
estimated ranges of R, eta, and delta:
upper bound estimate of R = 2.532127e-01
lower bound estimate of R = 1.266064e-01
upper bound estimate of eta = 6.421569e+00
lower bound estimate of eta = 6.301569e+00
upper bound estimate of delta = 8.180000e-01
lower bound estimate of delta = 6.534145e-01
    iteration	            R	          eta	        delta	            E	         dEdR	       dEdeta	     dEddelta	    grad norm
a-alpha = -1.942761e-09, fpa = -1.622280e-09
a-alpha = 3.399448e-09, fpa = 1.670239e-09
minimum found at:
           22	 1.690048e-01	 6.321121e+00	 6.859544e-01	-1.256366e-01	 2.380814e-08	-4.410873e-08	 2.124854e-09	 5.016894e-08
psi(R) = 1.63e-01
parameter values for minimization:
K33 = 3.000000e+01
k24 = 8.000000e-01
Lambda = 2.400000e+01
d0 = 1.000000e+00
omega = 3.100000e+00
gamma_s = 1.000000e-01
initial guesses for R, eta, and delta:
guess for R = 1.690048e-01
guess for eta = 6.321121e+00
guess for delta = 6.859544e-01
estimated ranges of R, eta, and delta:
upper bound estimate of R = 2.535072e-01
lower bound estimate of R = 1.267536e-01
upper bound estimate of eta = 6.421121e+00
lower bound estimate of eta = 6.301121e+00
upper bound estimate of delta = 8.180000e-01
lower bound estimate of delta = 6.516567e-01
    iteration	            R	          eta	        delta	            E	         dEdR	       dEdeta	     dEddelta	    grad norm
a-alpha = -1.281610e-09, fpa = -1.052122e-08
a-alpha = 1.951153e-08, fpa = 1.115288e-09
a-alpha = -1.090718e-08, fpa = -9.752157e-09
a-alpha = -2.819225e-09, fpa = -4.481190e-09
a-alpha = 2.566743e-09, fpa = 6.266080e-10
a-alpha = 1.056036e-07, fpa = 3.921817e-10
a-alpha = 1.080646e-08, fpa = 1.471710e-09
a-alpha = -4.211219e-09, fpa = -2.801137e-09
a-alpha = 1.513969e-08, fpa = 4.821248e-09
a-alpha = 4.237714e-09, fpa = 4.287822e-09
a-alpha = -8.331393e-09, fpa = -1.172481e-08
a-alpha = -2.150640e-08, fpa = -8.849644e-09
minimum found at:
           19	 1.692634e-01	 6.320692e+00	 6.842460e-01	-1.164729e-01	 6.742899e-08	-2.081668e-09	 7.865647e-08	 1.036236e-07
psi(R) = 1.62e-01
parameter values for minimization:
K33 = 3.000000e+01
k24 = 8.000000e-01
Lambda = 2.500000e+01
d0 = 1.000000e+00
omega = 3.100000e+00
gamma_s = 1.000000e-01
initial guesses for R, eta, and delta:
guess for R = 1.692634e-01
guess for eta = 6.320692e+00
guess for delta = 6.842460e-01
estimated ranges of R, eta, and delta:
upper bound estimate of R = 2.538951e-01
lower bound estimate of R = 1.269476e-01
upper bound estimate of eta = 6.420692e+00
lower bound estimate of eta = 6.300692e+00
upper bound estimate of delta = 8.180000e-01
lower bound estimate of delta = 6.500337e-01
    iteration	            R	          eta	        delta	            E	         dEdR	       dEdeta	     dEddelta	    grad norm
a-alpha = -1.452515e-08, fpa = -1.173270e-08
minimum found at:
           10	 1.695839e-01	 6.320280e+00	 6.826789e-01	-1.076258e-01	-3.187744e-08	 1.189326e-07	-4.592356e-09	 1.232162e-07
psi(R) = 1.61e-01
parameter values for minimization:
K33 = 3.000000e+01
k24 = 8.000000e-01
Lambda = 2.600000e+01
d0 = 1.000000e+00
omega = 3.100000e+00
gamma_s = 1.000000e-01
initial guesses for R, eta, and delta:
guess for R = 1.695839e-01
guess for eta = 6.320280e+00
guess for delta = 6.826789e-01
estimated ranges of R, eta, and delta:
upper bound estimate of R = 2.543759e-01
lower bound estimate of R = 1.271879e-01
upper bound estimate of eta = 6.420280e+00
lower bound estimate of eta = 6.300280e+00
upper bound estimate of delta = 8.180000e-01
lower bound estimate of delta = 6.485450e-01
    iteration	            R	          eta	        delta	            E	         dEdR	       dEdeta	     dEddelta	    grad norm
a-alpha = 3.169823e-09, fpa = 1.080127e-09
a-alpha = -5.899910e-09, fpa = -2.422770e-08
a-alpha = 6.697990e-10, fpa = 1.736055e-10
minimum found at:
           11	 1.699664e-01	 6.319883e+00	 6.812540e-01	-9.907634e-02	-1.344621e-09	-1.121017e-08	-4.029311e-09	 1.198796e-08
psi(R) = 1.60e-01
parameter values for minimization:
K33 = 3.000000e+01
k24 = 8.000000e-01
Lambda = 2.700000e+01
d0 = 1.000000e+00
omega = 3.100000e+00
gamma_s = 1.000000e-01
initial guesses for R, eta, and delta:
guess for R = 1.699664e-01
guess for eta = 6.319883e+00
guess for delta = 6.812540e-01
estimated ranges of R, eta, and delta:
upper bound estimate of R = 2.549496e-01
lower bound estimate of R = 1.274748e-01
upper bound estimate of eta = 6.419883e+00
lower bound estimate of eta = 6.299883e+00
upper bound estimate of delta = 8.180000e-01
lower bound estimate of delta = 6.471913e-01
    iteration	            R	          eta	        delta	            E	         dEdR	       dEdeta	     dEddelta	    grad norm
a-alpha = 1.341219e-08, fpa = 1.330267e-09
minimum found at:
           17	 1.704120e-01	 6.319500e+00	 6.799728e-01	-9.080719e-02	 1.240938e-07	-2.377196e-08	 5.775076e-08	 1.389227e-07
psi(R) = 1.59e-01
parameter values for minimization:
K33 = 3.000000e+01
k24 = 8.000000e-01
Lambda = 2.800000e+01
d0 = 1.000000e+00
omega = 3.100000e+00
gamma_s = 1.000000e-01
initial guesses for R, eta, and delta:
guess for R = 1.704120e-01
guess for eta = 6.319500e+00
guess for delta = 6.799728e-01
estimated ranges of R, eta, and delta:
upper bound estimate of R = 2.556180e-01
lower bound estimate of R = 1.278090e-01
upper bound estimate of eta = 6.419500e+00
lower bound estimate of eta = 6.299500e+00
upper bound estimate of delta = 8.180000e-01
lower bound estimate of delta = 6.459742e-01
    iteration	            R	          eta	        delta	            E	         dEdR	       dEdeta	     dEddelta	    grad norm
a-alpha = -2.746472e-08, fpa = -4.832039e-09
a-alpha = 1.090022e-08, fpa = 5.152542e-10
a-alpha = -1.920570e-08, fpa = -3.538701e-10
a-alpha = -1.135696e-08, fpa = -1.303428e-08
minimum found at:
           30	 1.709227e-01	 6.319130e+00	 6.788379e-01	-8.280292e-02	 5.313291e-09	-8.972761e-08	 1.008301e-07	 1.350777e-07
psi(R) = 1.58e-01
parameter values for minimization:
K33 = 3.000000e+01
k24 = 8.000000e-01
Lambda = 2.900000e+01
d0 = 1.000000e+00
omega = 3.100000e+00
gamma_s = 1.000000e-01
initial guesses for R, eta, and delta:
guess for R = 1.709227e-01
guess for eta = 6.319130e+00
guess for delta = 6.788379e-01
estimated ranges of R, eta, and delta:
upper bound estimate of R = 2.563841e-01
lower bound estimate of R = 1.281920e-01
upper bound estimate of eta = 6.419130e+00
lower bound estimate of eta = 6.299130e+00
upper bound estimate of delta = 8.180000e-01
lower bound estimate of delta = 6.448960e-01
    iteration	            R	          eta	        delta	            E	         dEdR	       dEdeta	     dEddelta	    grad norm
a-alpha = 5.591250e-08, fpa = 1.695428e-09
a-alpha = 2.069957e-08, fpa = 2.408738e-09
a-alpha = 2.227575e-08, fpa = 1.543812e-09
a-alpha = 1.318127e-08, fpa = 2.614748e-09
a-alpha = -2.500057e-08, fpa = -3.018226e-09
a-alpha = 8.900129e-09, fpa = 1.108461e-09
minimum found at:
           45	 1.715015e-01	 6.318770e+00	 6.778530e-01	-7.504957e-02	-1.443437e-09	 6.221875e-08	 4.898936e-08	 7.920362e-08
psi(R) = 1.57e-01
parameter values for minimization:
K33 = 3.000000e+01
k24 = 8.000000e-01
Lambda = 3.000000e+01
d0 = 1.000000e+00
omega = 3.100000e+00
gamma_s = 1.000000e-01
initial guesses for R, eta, and delta:
guess for R = 1.715015e-01
guess for eta = 6.318770e+00
guess for delta = 6.778530e-01
estimated ranges of R, eta, and delta:
upper bound estimate of R = 2.572523e-01
lower bound estimate of R = 1.286261e-01
upper bound estimate of eta = 6.418770e+00
lower bound estimate of eta = 6.298770e+00
upper bound estimate of delta = 8.180000e-01
lower bound estimate of delta = 6.439603e-01
    iteration	            R	          eta	        delta	            E	         dEdR	       dEdeta	     dEddelta	    grad norm
a-alpha = 9.650395e-09, fpa = 6.605650e-09
a-alpha = -2.192403e-08, fpa = -8.779440e-10
a-alpha = -3.651897e-08, fpa = -3.980818e-09
a-alpha = 5.513368e-08, fpa = 1.953466e-09
a-alpha = 9.865244e-09, fpa = 2.974058e-09
minimum found at:
           14	 1.721525e-01	 6.318420e+00	 6.770233e-01	-6.753461e-02	-4.530044e-08	 5.043805e-08	-4.151756e-08	 7.949739e-08
psi(R) = 1.56e-01
parameter values for minimization:
K33 = 3.000000e+01
k24 = 8.000000e-01
Lambda = 3.100000e+01
d0 = 1.000000e+00
omega = 3.100000e+00
gamma_s = 1.000000e-01
initial guesses for R, eta, and delta:
guess for R = 1.721525e-01
guess for eta = 6.318420e+00
guess for delta = 6.770233e-01
estimated ranges of R, eta, and delta:
upper bound estimate of R = 2.582288e-01
lower bound estimate of R = 1.291144e-01
upper bound estimate of eta = 6.418420e+00
lower bound estimate of eta = 6.298420e+00
upper bound estimate of delta = 8.180000e-01
lower bound estimate of delta = 6.431721e-01
    iteration	            R	          eta	        delta	            E	         dEdR	       dEdeta	     dEddelta	    grad norm
a-alpha = -3.494985e-08, fpa = -5.745197e-10
a-alpha = 4.496694e-08, fpa = 3.274221e-09
a-alpha = -1.038059e-08, fpa = -1.407261e-08
a-alpha = 7.404981e-09, fpa = 2.103686e-10
minimum found at:
           47	 1.728813e-01	 6.318079e+00	 6.763553e-01	-6.024671e-02	 2.496506e-08	-8.724503e-08	 5.876216e-08	 1.081108e-07
psi(R) = 1.55e-01
parameter values for minimization:
K33 = 3.000000e+01
k24 = 8.000000e-01
Lambda = 3.200000e+01
d0 = 1.000000e+00
omega = 3.100000e+00
gamma_s = 1.000000e-01
initial guesses for R, eta, and delta:
guess for R = 1.728813e-01
guess for eta = 6.318079e+00
guess for delta = 6.763553e-01
estimated ranges of R, eta, and delta:
upper bound estimate of R = 2.593219e-01
lower bound estimate of R = 1.296610e-01
upper bound estimate of eta = 6.418079e+00
lower bound estimate of eta = 6.298079e+00
upper bound estimate of delta = 8.180000e-01
lower bound estimate of delta = 6.425375e-01
    iteration	            R	          eta	        delta	            E	         dEdR	       dEdeta	     dEddelta	    grad norm
a-alpha = 5.717479e-09, fpa = 2.787508e-09
a-alpha = 9.439455e-09, fpa = 6.998284e-09
a-alpha = 3.299266e-08, fpa = 2.028857e-09
a-alpha = -1.430712e-08, fpa = -1.084241e-08
a-alpha = -5.252974e-08, fpa = -2.468704e-09
minimum found at:
           77	 1.736950e-01	 6.317746e+00	 6.758569e-01	-5.317572e-02	-9.133341e-09	-2.822368e-08	-7.171065e-10	 2.967336e-08
psi(R) = 1.54e-01
parameter values for minimization:
K33 = 3.000000e+01
k24 = 8.000000e-01
Lambda = 3.300000e+01
d0 = 1.000000e+00
omega = 3.100000e+00
gamma_s = 1.000000e-01
initial guesses for R, eta, and delta:
guess for R = 1.736950e-01
guess for eta = 6.317746e+00
guess for delta = 6.758569e-01
estimated ranges of R, eta, and delta:
upper bound estimate of R = 2.605425e-01
lower bound estimate of R = 1.302713e-01
upper bound estimate of eta = 6.417746e+00
lower bound estimate of eta = 6.297746e+00
upper bound estimate of delta = 8.180000e-01
lower bound estimate of delta = 6.420641e-01
    iteration	            R	          eta	        delta	            E	         dEdR	       dEdeta	     dEddelta	    grad norm
a-alpha = 6.851267e-09, fpa = 1.411324e-09
a-alpha = 5.933368e-09, fpa = 3.312547e-10
a-alpha = 9.163086e-09, fpa = 4.289035e-09
a-alpha = -8.762687e-09, fpa = -2.231003e-08
a-alpha = 1.624968e-08, fpa = 1.400913e-09
a-alpha = -7.135453e-09, fpa = -9.982568e-09
minimum found at:
           19	 1.746029e-01	 6.317420e+00	 6.755383e-01	-4.631254e-02	 9.055044e-09	-8.762281e-08	-7.570881e-08	 1.161532e-07
psi(R) = 1.54e-01
parameter values for minimization:
K33 = 3.000000e+01
k24 = 8.000000e-01
Lambda = 3.400000e+01
d0 = 1.000000e+00
omega = 3.100000e+00
gamma_s = 1.000000e-01
initial guesses for R, eta, and delta:
guess for R = 1.746029e-01
guess for eta = 6.317420e+00
guess for delta = 6.755383e-01
estimated ranges of R, eta, and delta:
upper bound estimate of R = 2.619044e-01
lower bound estimate of R = 1.309522e-01
upper bound estimate of eta = 6.417420e+00
lower bound estimate of eta = 6.297420e+00
upper bound estimate of delta = 8.180000e-01
lower bound estimate of delta = 6.417614e-01
    iteration	            R	          eta	        delta	            E	         dEdR	       dEdeta	     dEddelta	    grad norm
a-alpha = 2.355746e-09, fpa = 1.591290e-09
a-alpha = -8.804454e-09, fpa = -9.886448e-09
a-alpha = 1.076135e-08, fpa = 6.356046e-10
minimum found at:
           10	 1.756168e-01	 6.317099e+00	 6.754120e-01	-3.964908e-02	 1.511924e-09	-4.587380e-09	 1.317655e-09	 5.006614e-09
psi(R) = 1.53e-01
parameter values for minimization:
K33 = 3.000000e+01
k24 = 8.000000e-01
Lambda = 3.500000e+01
d0 = 1.000000e+00
omega = 3.100000e+00
gamma_s = 1.000000e-01
initial guesses for R, eta, and delta:
guess for R = 1.756168e-01
guess for eta = 6.317099e+00
guess for delta = 6.754120e-01
estimated ranges of R, eta, and delta:
upper bound estimate of R = 2.634252e-01
lower bound estimate of R = 1.317126e-01
upper bound estimate of eta = 6.417099e+00
lower bound estimate of eta = 6.297099e+00
upper bound estimate of delta = 8.180000e-01
lower bound estimate of delta = 6.416414e-01
    iteration	            R	          eta	        delta	            E	         dEdR	       dEdeta	     dEddelta	    grad norm
a-alpha = 3.492872e-08, fpa = 6.329452e-10
minimum found at:
            9	 1.767521e-01	 6.316783e+00	 6.754938e-01	-3.317826e-02	-2.809711e-08	-9.210225e-08	-1.105343e-08	 9.692497e-08
psi(R) = 1.52e-01
parameter values for minimization:
K33 = 3.000000e+01
k24 = 8.000000e-01
Lambda = 3.600000e+01
d0 = 1.000000e+00
omega = 3.100000e+00
gamma_s = 1.000000e-01
initial guesses for R, eta, and delta:
guess for R = 1.767521e-01
guess for eta = 6.316783e+00
guess for delta = 6.754938e-01
estimated ranges of R, eta, and delta:
upper bound estimate of R = 2.651282e-01
lower bound estimate of R = 1.325641e-01
upper bound estimate of eta = 6.416783e+00
lower bound estimate of eta = 6.296783e+00
upper bound estimate of delta = 8.180000e-01
lower bound estimate of delta = 6.417191e-01
    iteration	            R	          eta	        delta	            E	         dEdR	       dEdeta	     dEddelta	    grad norm
a-alpha = 7.916569e-09, fpa = 5.897981e-10
a-alpha = -8.155266e-09, fpa = -1.417250e-08
a-alpha = 2.418447e-09, fpa = 3.136327e-09
a-alpha = -8.407436e-09, fpa = -5.049977e-09
minimum found at:
           18	 1.780291e-01	 6.316472e+00	 6.758036e-01	-2.689395e-02	 7.359524e-08	-5.412337e-08	-4.768098e-08	 1.030489e-07
psi(R) = 1.51e-01
parameter values for minimization:
K33 = 3.000000e+01
k24 = 8.000000e-01
Lambda = 3.700000e+01
d0 = 1.000000e+00
omega = 3.100000e+00
gamma_s = 1.000000e-01
initial guesses for R, eta, and delta:
guess for R = 1.780291e-01
guess for eta = 6.316472e+00
guess for delta = 6.758036e-01
estimated ranges of R, eta, and delta:
upper bound estimate of R = 2.670436e-01
lower bound estimate of R = 1.335218e-01
upper bound estimate of eta = 6.416472e+00
lower bound estimate of eta = 6.296472e+00
upper bound estimate of delta = 8.180000e-01
lower bound estimate of delta = 6.420134e-01
    iteration	            R	          eta	        delta	            E	         dEdR	       dEdeta	     dEddelta	    grad norm
minimum found at:
           15	 1.794752e-01	 6.316163e+00	 6.763675e-01	-2.079105e-02	-1.404528e-08	 4.147146e-08	 1.188113e-08	 4.536863e-08
psi(R) = 1.50e-01
parameter values for minimization:
K33 = 3.000000e+01
k24 = 8.000000e-01
Lambda = 3.800000e+01
d0 = 1.000000e+00
omega = 3.100000e+00
gamma_s = 1.000000e-01
initial guesses for R, eta, and delta:
guess for R = 1.794752e-01
guess for eta = 6.316163e+00
guess for delta = 6.763675e-01
estimated ranges of R, eta, and delta:
upper bound estimate of R = 2.692128e-01
lower bound estimate of R = 1.346064e-01
upper bound estimate of eta = 6.416163e+00
lower bound estimate of eta = 6.296163e+00
upper bound estimate of delta = 8.180000e-01
lower bound estimate of delta = 6.425491e-01
    iteration	            R	          eta	        delta	            E	         dEdR	       dEdeta	     dEddelta	    grad norm
a-alpha = 2.349926e-08, fpa = 6.119422e-10
a-alpha = -2.226739e-08, fpa = -8.538765e-10
a-alpha = -1.965048e-08, fpa = -1.604547e-09
a-alpha = -4.851010e-08, fpa = -1.521819e-09
a-alpha = 3.547224e-09, fpa = 7.543770e-10
a-alpha = -8.610421e-09, fpa = -9.294176e-10
minimum found at:
           26	 1.811277e-01	 6.315856e+00	 6.772200e-01	-1.486560e-02	 8.910161e-08	 9.366335e-08	-3.246967e-08	 1.332899e-07
psi(R) = 1.49e-01
parameter values for minimization:
K33 = 3.000000e+01
k24 = 8.000000e-01
Lambda = 3.900000e+01
d0 = 1.000000e+00
omega = 3.100000e+00
gamma_s = 1.000000e-01
initial guesses for R, eta, and delta:
guess for R = 1.811277e-01
guess for eta = 6.315856e+00
guess for delta = 6.772200e-01
estimated ranges of R, eta, and delta:
upper bound estimate of R = 2.716916e-01
lower bound estimate of R = 1.358458e-01
upper bound estimate of eta = 6.415856e+00
lower bound estimate of eta = 6.295856e+00
upper bound estimate of delta = 8.180000e-01
lower bound estimate of delta = 6.433590e-01
    iteration	            R	          eta	        delta	            E	         dEdR	       dEdeta	     dEddelta	    grad norm
a-alpha = -3.287017e-08, fpa = -1.768598e-09
a-alpha = 6.156714e-08, fpa = 3.379541e-10
a-alpha = -1.023807e-08, fpa = -6.587840e-10
a-alpha = -8.639299e-09, fpa = -1.445740e-10
a-alpha = 5.757336e-09, fpa = 8.723721e-09
a-alpha = -2.331834e-09, fpa = -1.890162e-08
a-alpha = 6.250000e-09, fpa = 3.480684e-09
a-alpha = -1.766561e-08, fpa = -4.832649e-10
a-alpha = 1.104367e-08, fpa = 1.842583e-10
minimum found at:
           33	 1.830406e-01	 6.315550e+00	 6.784091e-01	-9.114912e-03	 6.760503e-08	-5.204170e-10	-2.078266e-08	 7.072927e-08
psi(R) = 1.49e-01
parameter values for minimization:
K33 = 3.000000e+01
k24 = 8.000000e-01
Lambda = 4.000000e+01
d0 = 1.000000e+00
omega = 3.100000e+00
gamma_s = 1.000000e-01
initial guesses for R, eta, and delta:
guess for R = 1.830406e-01
guess for eta = 6.315550e+00
guess for delta = 6.784091e-01
estimated ranges of R, eta, and delta:
upper bound estimate of R = 2.745609e-01
lower bound estimate of R = 1.372804e-01
upper bound estimate of eta = 6.415550e+00
lower bound estimate of eta = 6.295550e+00
upper bound estimate of delta = 8.180000e-01
lower bound estimate of delta = 6.444886e-01
    iteration	            R	          eta	        delta	            E	         dEdR	       dEdeta	     dEddelta	    grad norm
a-alpha = 8.009371e-08, fpa = 5.168870e-10
a-alpha = -3.584576e-08, fpa = -7.391781e-10
a-alpha = -2.600318e-08, fpa = -1.128272e-09
a-alpha = 1.353619e-08, fpa = 1.074823e-09
a-alpha = -2.310891e-08, fpa = -3.295567e-10
a-alpha = -3.740253e-08, fpa = -2.618268e-10
a-alpha = -1.499729e-07, fpa = -2.209121e-10
a-alpha = -1.540199e-09, fpa = -4.332981e-08
a-alpha = 1.802197e-09, fpa = 5.396949e-09
minimum found at:
           51	 1.852950e-01	 6.315243e+00	 6.800046e-01	-3.537919e-03	-7.286945e-08	-1.294239e-07	 3.992835e-08	 1.538011e-07
psi(R) = 1.48e-01
parameter values for minimization:
K33 = 3.000000e+01
k24 = 8.000000e-01
Lambda = 4.100000e+01
d0 = 1.000000e+00
omega = 3.100000e+00
gamma_s = 1.000000e-01
initial guesses for R, eta, and delta:
guess for R = 1.852950e-01
guess for eta = 6.315243e+00
guess for delta = 6.800046e-01
estimated ranges of R, eta, and delta:
upper bound estimate of R = 2.779425e-01
lower bound estimate of R = 1.389712e-01
upper bound estimate of eta = 6.415243e+00
lower bound estimate of eta = 6.295243e+00
upper bound estimate of delta = 8.180000e-01
lower bound estimate of delta = 6.460044e-01
    iteration	            R	          eta	        delta	            E	         dEdR	       dEdeta	     dEddelta	    grad norm
a-alpha = -7.696602e-08, fpa = -1.539683e-09
a-alpha = 1.668094e-08, fpa = 7.810910e-10
minimum found at:
           18	 1.880230e-01	 6.314934e+00	 6.821167e-01	 1.864190e-03	 4.856982e-08	-5.174006e-08	 9.389329e-08	 1.176946e-07
psi(R) = 1.47e-01
parameter values for minimization:
K33 = 3.000000e+01
k24 = 8.000000e-01
Lambda = 4.200000e+01
d0 = 1.000000e+00
omega = 3.100000e+00
gamma_s = 1.000000e-01
initial guesses for R, eta, and delta:
guess for R = 1.880230e-01
guess for eta = 6.314934e+00
guess for delta = 6.821167e-01
estimated ranges of R, eta, and delta:
upper bound estimate of R = 2.820345e-01
lower bound estimate of R = 1.410172e-01
upper bound estimate of eta = 6.414934e+00
lower bound estimate of eta = 6.294934e+00
upper bound estimate of delta = 8.180000e-01
lower bound estimate of delta = 6.480109e-01
    iteration	            R	          eta	        delta	            E	         dEdR	       dEdeta	     dEddelta	    grad norm
a-alpha = 4.983043e-08, fpa = 2.405608e-09
a-alpha = -5.258489e-09, fpa = -3.916393e-10
minimum found at:
           15	 1.914648e-01	 6.314621e+00	 6.849396e-01	 7.086710e-03	-1.299448e-09	 1.508121e-09	 1.874216e-08	 1.884759e-08
psi(R) = 1.46e-01
parameter values for minimization:
K33 = 3.000000e+01
k24 = 8.000000e-01
Lambda = 4.300000e+01
d0 = 1.000000e+00
omega = 3.100000e+00
gamma_s = 1.000000e-01
initial guesses for R, eta, and delta:
guess for R = 1.914648e-01
guess for eta = 6.314621e+00
guess for delta = 6.849396e-01
estimated ranges of R, eta, and delta:
upper bound estimate of R = 2.871972e-01
lower bound estimate of R = 1.435986e-01
upper bound estimate of eta = 6.414621e+00
lower bound estimate of eta = 6.294621e+00
upper bound estimate of delta = 8.180000e-01
lower bound estimate of delta = 6.506926e-01
    iteration	            R	          eta	        delta	            E	         dEdR	       dEdeta	     dEddelta	    grad norm
a-alpha = 1.192131e-07, fpa = 4.539766e-10
a-alpha = -2.188541e-09, fpa = -1.686112e-08
a-alpha = 6.250000e-09, fpa = 3.255621e-10
a-alpha = -5.957086e-08, fpa = -1.647579e-09
minimum found at:
           27	 1.961509e-01	 6.314299e+00	 6.888887e-01	 1.211830e-02	 8.896947e-08	 5.765643e-08	 3.750349e-08	 1.124560e-07
psi(R) = 1.45e-01
parameter values for minimization:
K33 = 3.000000e+01
k24 = 8.000000e-01
Lambda = 4.400000e+01
d0 = 1.000000e+00
omega = 3.100000e+00
gamma_s = 1.000000e-01
initial guesses for R, eta, and delta:
guess for R = 1.961509e-01
guess for eta = 6.314299e+00
guess for delta = 6.888887e-01
estimated ranges of R, eta, and delta:
upper bound estimate of R = 2.942263e-01
lower bound estimate of R = 1.471132e-01
upper bound estimate of eta = 6.414299e+00
lower bound estimate of eta = 6.294299e+00
upper bound estimate of delta = 8.180000e-01
lower bound estimate of delta = 6.544443e-01
    iteration	            R	          eta	        delta	            E	         dEdR	       dEdeta	     dEddelta	    grad norm
a-alpha = -5.077409e-08, fpa = -2.109402e-09
a-alpha = -4.545573e-08, fpa = -1.215224e-09
a-alpha = 2.775917e-08, fpa = 5.990293e-10
a-alpha = 1.963471e-08, fpa = 3.158158e-09
a-alpha = 2.754501e-08, fpa = 5.947824e-10
a-alpha = 7.908901e-09, fpa = 5.150220e-09
a-alpha = -1.981063e-08, fpa = -8.106830e-10
a-alpha = 4.289311e-08, fpa = 2.636451e-09
a-alpha = 7.005557e-08, fpa = 1.405770e-09
a-alpha = -5.368347e-08, fpa = -5.550954e-10
a-alpha = 1.725406e-08, fpa = 5.427632e-10
a-alpha = -2.130206e-08, fpa = -2.829828e-09
a-alpha = 3.038525e-08, fpa = 4.642091e-09
a-alpha = 1.164570e-08, fpa = 1.218209e-08
a-alpha = -1.108439e-08, fpa = -1.599118e-08
a-alpha = -1.264775e-08, fpa = -1.270051e-08
a-alpha = -1.091485e-07, fpa = -2.776425e-10
a-alpha = 1.106748e-08, fpa = 3.621739e-10
a-alpha = -2.019186e-07, fpa = -4.130105e-10
a-alpha = 1.574295e-08, fpa = 4.654840e-11
minimum found at:
          100	 2.039033e-01	 6.313957e+00	 6.953431e-01	 1.693005e-02	 8.452335e-09	-1.739349e-08	-1.592784e-08	 2.505338e-08
psi(R) = 1.44e-01
parameter values for minimization:
K33 = 3.000000e+01
k24 = 8.000000e-01
Lambda = 4.500000e+01
d0 = 1.000000e+00
omega = 3.100000e+00
gamma_s = 1.000000e-01
initial guesses for R, eta, and delta:
guess for R = 2.039033e-01
guess for eta = 6.313957e+00
guess for delta = 6.953431e-01
estimated ranges of R, eta, and delta:
upper bound estimate of R = 3.058550e-01
lower bound estimate of R = 1.529275e-01
upper bound estimate of eta = 6.413957e+00
lower bound estimate of eta = 6.293957e+00
upper bound estimate of delta = 8.180000e-01
lower bound estimate of delta = 6.605759e-01
    iteration	            R	          eta	        delta	            E	         dEdR	       dEdeta	     dEddelta	    grad norm
minimum found at:
           41	 2.557873e+00	 6.393837e+00	 8.129991e-01	-4.665418e-02	-1.499074e-08	 5.459753e-08	 5.035145e-08	 7.576860e-08
psi(R) = 2.03e-01
parameter values for minimization:
K33 = 3.000000e+01
k24 = 8.000000e-01
Lambda = 4.600000e+01
d0 = 1.000000e+00
omega = 3.100000e+00
gamma_s = 1.000000e-01
initial guesses for R, eta, and delta:
guess for R = 2.557873e+00
guess for eta = 6.393837e+00
guess for delta = 8.129991e-01
estimated ranges of R, eta, and delta:
upper bound estimate of R = 3.836809e+00
lower bound estimate of R = 1.918405e+00
upper bound estimate of eta = 6.493837e+00
lower bound estimate of eta = 6.373837e+00
upper bound estimate of delta = 8.180000e-01
lower bound estimate of delta = 8.100000e-01
    iteration	            R	          eta	        delta	            E	         dEdR	       dEdeta	     dEddelta	    grad norm
minimum found at:
           22	 2.588969e+00	 6.394486e+00	 8.130687e-01	-4.646360e-02	 7.499273e-11	 3.020346e-08	-1.642667e-06	 1.642945e-06
psi(R) = 2.04e-01
parameter values for minimization:
K33 = 3.000000e+01
k24 = 8.000000e-01
Lambda = 4.700000e+01
d0 = 1.000000e+00
omega = 3.100000e+00
gamma_s = 1.000000e-01
initial guesses for R, eta, and delta:
guess for R = 2.588969e+00
guess for eta = 6.394486e+00
guess for delta = 8.130687e-01
estimated ranges of R, eta, and delta:
upper bound estimate of R = 3.883453e+00
lower bound estimate of R = 1.941727e+00
upper bound estimate of eta = 6.494486e+00
lower bound estimate of eta = 6.374486e+00
upper bound estimate of delta = 8.180000e-01
lower bound estimate of delta = 8.100000e-01
    iteration	            R	          eta	        delta	            E	         dEdR	       dEdeta	     dEddelta	    grad norm
minimum found at:
           22	 2.619145e+00	 6.395109e+00	 8.131348e-01	-4.628074e-02	-3.649805e-09	-1.312492e-07	-6.187180e-07	 6.324964e-07
psi(R) = 2.04e-01
parameter values for minimization:
K33 = 3.000000e+01
k24 = 8.000000e-01
Lambda = 4.800000e+01
d0 = 1.000000e+00
omega = 3.100000e+00
gamma_s = 1.000000e-01
initial guesses for R, eta, and delta:
guess for R = 2.619145e+00
guess for eta = 6.395109e+00
guess for delta = 8.131348e-01
estimated ranges of R, eta, and delta:
upper bound estimate of R = 3.928718e+00
lower bound estimate of R = 1.964359e+00
upper bound estimate of eta = 6.495109e+00
lower bound estimate of eta = 6.375109e+00
upper bound estimate of delta = 8.180000e-01
lower bound estimate of delta = 8.100000e-01
    iteration	            R	          eta	        delta	            E	         dEdR	       dEdeta	     dEddelta	    grad norm
minimum found at:
           13	 2.648463e+00	 6.395709e+00	 8.131973e-01	-4.610507e-02	-8.717954e-10	-7.102729e-08	 3.802514e-07	 3.868291e-07
psi(R) = 2.04e-01
parameter values for minimization:
K33 = 3.000000e+01
k24 = 8.000000e-01
Lambda = 4.900000e+01
d0 = 1.000000e+00
omega = 3.100000e+00
gamma_s = 1.000000e-01
initial guesses for R, eta, and delta:
guess for R = 2.648463e+00
guess for eta = 6.395709e+00
guess for delta = 8.131973e-01
estimated ranges of R, eta, and delta:
upper bound estimate of R = 3.972695e+00
lower bound estimate of R = 1.986347e+00
upper bound estimate of eta = 6.495709e+00
lower bound estimate of eta = 6.375709e+00
upper bound estimate of delta = 8.180000e-01
lower bound estimate of delta = 8.100000e-01
likely a maximizing (vs minimizing) solution for psi(r), as y[1][2]=-6.398556e-04  which usually means high energy.
solvde convergence failed when x = (2.648463e+00,6.395709e+00,8.131973e-01).
Retrying using a constant y value
    iteration	            R	          eta	        delta	            E	         dEdR	       dEdeta	     dEddelta	    grad norm
a-alpha = -2.558756e-07, fpa = -2.677685e-11
minimum found at:
           25	 2.676969e+00	 6.396287e+00	 8.132564e-01	-4.593613e-02	 8.144032e-09	-5.246423e-08	 8.549296e-07	 8.565765e-07
psi(R) = 2.04e-01
parameter values for minimization:
K33 = 3.000000e+01
k24 = 8.000000e-01
Lambda = 5.000000e+01
d0 = 1.000000e+00
omega = 3.100000e+00
gamma_s = 1.000000e-01
initial guesses for R, eta, and delta:
guess for R = 2.676969e+00
guess for eta = 6.396287e+00
guess for delta = 8.132564e-01
estimated ranges of R, eta, and delta:
upper bound estimate of R = 4.015454e+00
lower bound estimate of R = 2.007727e+00
upper bound estimate of eta = 6.496287e+00
lower bound estimate of eta = 6.376287e+00
upper bound estimate of delta = 8.180000e-01
lower bound estimate of delta = 8.100000e-01
ss=4.937136148927e+21, lastss = 9.769785247759e+16
tol = 1.000000000000e-14
failed to integrate at x = (2.676969e+00,6.396287e+00,8.132564e-01)
solvde convergence failed when x = (2.676969e+00,6.396287e+00,8.132564e-01).
Retrying using a constant y value
    iteration	            R	          eta	        delta	            E	         dEdR	       dEdeta	     dEddelta	    grad norm
minimum found at:
            8	 2.704696e+00	 6.396844e+00	 8.133124e-01	-4.577349e-02	-2.356461e-10	-3.218876e-09	 6.472832e-07	 6.472912e-07
psi(R) = 2.05e-01
parameter values for minimization:
K33 = 3.000000e+01
k24 = 8.000000e-01
Lambda = 5.100000e+01
d0 = 1.000000e+00
omega = 3.100000e+00
gamma_s = 1.000000e-01
initial guesses for R, eta, and delta:
guess for R = 2.704696e+00
guess for eta = 6.396844e+00
guess for delta = 8.133124e-01
estimated ranges of R, eta, and delta:
upper bound estimate of R = 4.057044e+00
lower bound estimate of R = 2.028522e+00
upper bound estimate of eta = 6.496844e+00
lower bound estimate of eta = 6.376844e+00
upper bound estimate of delta = 8.180000e-01
lower bound estimate of delta = 8.100000e-01
    iteration	            R	          eta	        delta	            E	         dEdR	       dEdeta	     dEddelta	    grad norm
a-alpha = -4.142964e-07, fpa = -3.919000e-11
minimum found at:
           15	 2.731693e+00	 6.397381e+00	 8.133654e-01	-4.561675e-02	-4.935107e-09	-4.070047e-08	-4.019933e-07	 4.040785e-07
psi(R) = 2.05e-01
parameter values for minimization:
K33 = 3.000000e+01
k24 = 8.000000e-01
Lambda = 5.200000e+01
d0 = 1.000000e+00
omega = 3.100000e+00
gamma_s = 1.000000e-01
initial guesses for R, eta, and delta:
guess for R = 2.731693e+00
guess for eta = 6.397381e+00
guess for delta = 8.133654e-01
estimated ranges of R, eta, and delta:
upper bound estimate of R = 4.097539e+00
lower bound estimate of R = 2.048770e+00
upper bound estimate of eta = 6.497381e+00
lower bound estimate of eta = 6.377381e+00
upper bound estimate of delta = 8.180000e-01
lower bound estimate of delta = 8.100000e-01
    iteration	            R	          eta	        delta	            E	         dEdR	       dEdeta	     dEddelta	    grad norm
minimum found at:
           16	 2.758004e+00	 6.397900e+00	 8.134163e-01	-4.546555e-02	 8.302546e-09	-7.832084e-08	 8.989915e-07	 9.024350e-07
psi(R) = 2.05e-01
parameter values for minimization:
K33 = 3.000000e+01
k24 = 8.000000e-01
Lambda = 5.300000e+01
d0 = 1.000000e+00
omega = 3.100000e+00
gamma_s = 1.000000e-01
initial guesses for R, eta, and delta:
guess for R = 2.758004e+00
guess for eta = 6.397900e+00
guess for delta = 8.134163e-01
estimated ranges of R, eta, and delta:
upper bound estimate of R = 4.137006e+00
lower bound estimate of R = 2.068503e+00
upper bound estimate of eta = 6.497900e+00
lower bound estimate of eta = 6.377900e+00
upper bound estimate of delta = 8.180000e-01
lower bound estimate of delta = 8.100000e-01
likely a maximizing (vs minimizing) solution for psi(r), as y[1][2]=-3.172626e-04  which usually means high energy.
solvde convergence failed when x = (2.758004e+00,6.397900e+00,8.134163e-01).
Retrying using a constant y value
    iteration	            R	          eta	        delta	            E	         dEdR	       dEdeta	     dEddelta	    grad norm
minimum found at:
           15	 2.783646e+00	 6.398402e+00	 8.134644e-01	-4.531958e-02	-3.072767e-10	 2.217469e-09	-1.579670e-07	 1.579829e-07
psi(R) = 2.05e-01
parameter values for minimization:
K33 = 3.000000e+01
k24 = 8.000000e-01
Lambda = 5.400000e+01
d0 = 1.000000e+00
omega = 3.100000e+00
gamma_s = 1.000000e-01
initial guesses for R, eta, and delta:
guess for R = 2.783646e+00
guess for eta = 6.398402e+00
guess for delta = 8.134644e-01
estimated ranges of R, eta, and delta:
upper bound estimate of R = 4.175469e+00
lower bound estimate of R = 2.087734e+00
upper bound estimate of eta = 6.498402e+00
lower bound estimate of eta = 6.378402e+00
upper bound estimate of delta = 8.180000e-01
lower bound estimate of delta = 8.100000e-01
    iteration	            R	          eta	        delta	            E	         dEdR	       dEdeta	     dEddelta	    grad norm
a-alpha = 1.337968e-07, fpa = 4.523305e-11
a-alpha = -3.126850e-07, fpa = -3.583158e-10
a-alpha = 6.521895e-08, fpa = 1.599305e-11
minimum found at:
           24	 2.808661e+00	 6.398888e+00	 8.135104e-01	-4.517852e-02	-5.184004e-09	 7.976644e-08	-2.151346e-07	 2.295048e-07
psi(R) = 2.06e-01
parameter values for minimization:
K33 = 3.000000e+01
k24 = 8.000000e-01
Lambda = 5.500000e+01
d0 = 1.000000e+00
omega = 3.100000e+00
gamma_s = 1.000000e-01
initial guesses for R, eta, and delta:
guess for R = 2.808661e+00
guess for eta = 6.398888e+00
guess for delta = 8.135104e-01
estimated ranges of R, eta, and delta:
upper bound estimate of R = 4.212991e+00
lower bound estimate of R = 2.106496e+00
upper bound estimate of eta = 6.498888e+00
lower bound estimate of eta = 6.378888e+00
upper bound estimate of delta = 8.180000e-01
lower bound estimate of delta = 8.100000e-01
    iteration	            R	          eta	        delta	            E	         dEdR	       dEdeta	     dEddelta	    grad norm
minimum found at:
           13	 2.833082e+00	 6.399358e+00	 8.135547e-01	-4.504210e-02	-1.115906e-10	 1.699451e-08	 1.616242e-06	 1.616331e-06
psi(R) = 2.06e-01
parameter values for minimization:
K33 = 3.000000e+01
k24 = 8.000000e-01
Lambda = 5.600000e+01
d0 = 1.000000e+00
omega = 3.100000e+00
gamma_s = 1.000000e-01
initial guesses for R, eta, and delta:
guess for R = 2.833082e+00
guess for eta = 6.399358e+00
guess for delta = 8.135547e-01
estimated ranges of R, eta, and delta:
upper bound estimate of R = 4.249623e+00
lower bound estimate of R = 2.124811e+00
upper bound estimate of eta = 6.499358e+00
lower bound estimate of eta = 6.379358e+00
upper bound estimate of delta = 8.180000e-01
lower bound estimate of delta = 8.100000e-01
likely a maximizing (vs minimizing) solution for psi(r), as y[1][2]=-5.810676e-04  which usually means high energy.
solvde convergence failed when x = (2.833082e+00,6.399358e+00,8.135547e-01).
Retrying using a constant y value
    iteration	            R	          eta	        delta	            E	         dEdR	       dEdeta	     dEddelta	    grad norm
a-alpha = -3.595647e-07, fpa = -5.140905e-10
minimum found at:
           16	 2.856925e+00	 6.399814e+00	 8.135961e-01	-4.491006e-02	-1.408367e-09	 5.330897e-08	-2.211252e-06	 2.211895e-06
psi(R) = 2.06e-01
parameter values for minimization:
K33 = 3.000000e+01
k24 = 8.000000e-01
Lambda = 5.700000e+01
d0 = 1.000000e+00
omega = 3.100000e+00
gamma_s = 1.000000e-01
initial guesses for R, eta, and delta:
guess for R = 2.856925e+00
guess for eta = 6.399814e+00
guess for delta = 8.135961e-01
estimated ranges of R, eta, and delta:
upper bound estimate of R = 4.285387e+00
lower bound estimate of R = 2.142694e+00
upper bound estimate of eta = 6.499814e+00
lower bound estimate of eta = 6.379814e+00
upper bound estimate of delta = 8.180000e-01
lower bound estimate of delta = 8.100000e-01
    iteration	            R	          eta	        delta	            E	         dEdR	       dEdeta	     dEddelta	    grad norm
minimum found at:
           14	 2.880227e+00	 6.400256e+00	 8.136371e-01	-4.478218e-02	-2.060808e-09	 1.711016e-08	 2.181270e-06	 2.181338e-06
psi(R) = 2.06e-01
parameter values for minimization:
K33 = 3.000000e+01
k24 = 8.000000e-01
Lambda = 5.800000e+01
d0 = 1.000000e+00
omega = 3.100000e+00
gamma_s = 1.000000e-01
initial guesses for R, eta, and delta:
guess for R = 2.880227e+00
guess for eta = 6.400256e+00
guess for delta = 8.136371e-01
estimated ranges of R, eta, and delta:
upper bound estimate of R = 4.320341e+00
lower bound estimate of R = 2.160170e+00
upper bound estimate of eta = 6.500256e+00
lower bound estimate of eta = 6.380256e+00
upper bound estimate of delta = 8.180000e-01
lower bound estimate of delta = 8.100000e-01
    iteration	            R	          eta	        delta	            E	         dEdR	       dEdeta	     dEddelta	    grad norm
a-alpha = -4.046398e-07, fpa = -4.399685e-10
minimum found at:
           15	 2.903001e+00	 6.400685e+00	 8.136755e-01	-4.465823e-02	-3.063366e-09	-1.319392e-07	 6.429463e-07	 6.563515e-07
psi(R) = 2.06e-01
parameter values for minimization:
K33 = 3.000000e+01
k24 = 8.000000e-01
Lambda = 5.900000e+01
d0 = 1.000000e+00
omega = 3.100000e+00
gamma_s = 1.000000e-01
initial guesses for R, eta, and delta:
guess for R = 2.903001e+00
guess for eta = 6.400685e+00
guess for delta = 8.136755e-01
estimated ranges of R, eta, and delta:
upper bound estimate of R = 4.354502e+00
lower bound estimate of R = 2.177251e+00
upper bound estimate of eta = 6.500685e+00
lower bound estimate of eta = 6.380685e+00
upper bound estimate of delta = 8.180000e-01
lower bound estimate of delta = 8.100000e-01
ss=1.116813095322e+21, lastss = 6.184971707234e+20
tol = 1.000000000000e-14
failed to integrate at x = (2.903001e+00,6.400685e+00,8.136755e-01)
solvde convergence failed when x = (2.903001e+00,6.400685e+00,8.136755e-01).
Retrying using a constant y value
    iteration	            R	          eta	        delta	            E	         dEdR	       dEdeta	     dEddelta	    grad norm
a-alpha = 2.291127e-07, fpa = 2.478033e-10
minimum found at:
           20	 2.925280e+00	 6.401102e+00	 8.137124e-01	-4.453800e-02	-2.667836e-09	 6.577879e-08	-1.092881e-07	 1.275847e-07
psi(R) = 2.07e-01
parameter values for minimization:
K33 = 3.000000e+01
k24 = 8.000000e-01
Lambda = 6.000000e+01
d0 = 1.000000e+00
omega = 3.100000e+00
gamma_s = 1.000000e-01
initial guesses for R, eta, and delta:
guess for R = 2.925280e+00
guess for eta = 6.401102e+00
guess for delta = 8.137124e-01
estimated ranges of R, eta, and delta:
upper bound estimate of R = 4.387920e+00
lower bound estimate of R = 2.193960e+00
upper bound estimate of eta = 6.501102e+00
lower bound estimate of eta = 6.381102e+00
upper bound estimate of delta = 8.180000e-01
lower bound estimate of delta = 8.100000e-01
likely a maximizing (vs minimizing) solution for psi(r), as y[1][2]=-8.225366e-04  which usually means high energy.
solvde convergence failed when x = (2.925280e+00,6.401102e+00,8.137124e-01).
Retrying using a constant y value
    iteration	            R	          eta	        delta	            E	         dEdR	       dEdeta	     dEddelta	    grad norm
a-alpha = 8.376814e-08, fpa = 8.635528e-11
minimum found at:
           20	 2.947076e+00	 6.401506e+00	 8.137483e-01	-4.442132e-02	-5.200259e-09	-5.332733e-08	 1.140552e-06	 1.141810e-06
psi(R) = 2.07e-01
parameter values for minimization:
K33 = 3.000000e+01
k24 = 8.000000e-01
Lambda = 6.100000e+01
d0 = 1.000000e+00
omega = 3.100000e+00
gamma_s = 1.000000e-01
initial guesses for R, eta, and delta:
guess for R = 2.947076e+00
guess for eta = 6.401506e+00
guess for delta = 8.137483e-01
estimated ranges of R, eta, and delta:
upper bound estimate of R = 4.420614e+00
lower bound estimate of R = 2.210307e+00
upper bound estimate of eta = 6.501506e+00
lower bound estimate of eta = 6.381506e+00
upper bound estimate of delta = 8.180000e-01
lower bound estimate of delta = 8.100000e-01
likely a maximizing (vs minimizing) solution for psi(r), as y[1][2]=-2.389642e-03  which usually means high energy.
solvde convergence failed when x = (2.947076e+00,6.401506e+00,8.137483e-01).
Retrying using a constant y value
    iteration	            R	          eta	        delta	            E	         dEdR	       dEdeta	     dEddelta	    grad norm
minimum found at:
           22	 2.968418e+00	 6.401900e+00	 8.137821e-01	-4.430800e-02	 3.098524e-09	 8.823669e-08	-1.346521e-06	 1.349413e-06
psi(R) = 2.07e-01
parameter values for minimization:
K33 = 3.000000e+01
k24 = 8.000000e-01
Lambda = 6.200000e+01
d0 = 1.000000e+00
omega = 3.100000e+00
gamma_s = 1.000000e-01
initial guesses for R, eta, and delta:
guess for R = 2.968418e+00
guess for eta = 6.401900e+00
guess for delta = 8.137821e-01
estimated ranges of R, eta, and delta:
upper bound estimate of R = 4.452627e+00
lower bound estimate of R = 2.226313e+00
upper bound estimate of eta = 6.501900e+00
lower bound estimate of eta = 6.381900e+00
upper bound estimate of delta = 8.180000e-01
lower bound estimate of delta = 8.100000e-01
    iteration	            R	          eta	        delta	            E	         dEdR	       dEdeta	     dEddelta	    grad norm
minimum found at:
           16	 2.989312e+00	 6.402282e+00	 8.138155e-01	-4.419788e-02	-1.187591e-09	-4.645274e-08	 1.337904e-06	 1.338711e-06
psi(R) = 2.07e-01
parameter values for minimization:
K33 = 3.000000e+01
k24 = 8.000000e-01
Lambda = 6.300000e+01
d0 = 1.000000e+00
omega = 3.100000e+00
gamma_s = 1.000000e-01
initial guesses for R, eta, and delta:
guess for R = 2.989312e+00
guess for eta = 6.402282e+00
guess for delta = 8.138155e-01
estimated ranges of R, eta, and delta:
upper bound estimate of R = 4.483968e+00
lower bound estimate of R = 2.241984e+00
upper bound estimate of eta = 6.502282e+00
lower bound estimate of eta = 6.382282e+00
upper bound estimate of delta = 8.180000e-01
lower bound estimate of delta = 8.100000e-01
ss=9.974437043511e+20, lastss = 7.340236029938e+20
tol = 1.000000000000e-14
failed to integrate at x = (2.989312e+00,6.402282e+00,8.138155e-01)
solvde convergence failed when x = (2.989312e+00,6.402282e+00,8.138155e-01).
Retrying using a constant y value
    iteration	            R	          eta	        delta	            E	         dEdR	       dEdeta	     dEddelta	    grad norm
minimum found at:
           19	 3.009783e+00	 6.402655e+00	 8.138471e-01	-4.409081e-02	-1.351165e-09	-6.351507e-08	 3.984660e-07	 4.034986e-07
psi(R) = 2.07e-01
parameter values for minimization:
K33 = 3.000000e+01
k24 = 8.000000e-01
Lambda = 6.400000e+01
d0 = 1.000000e+00
omega = 3.100000e+00
gamma_s = 1.000000e-01
initial guesses for R, eta, and delta:
guess for R = 3.009783e+00
guess for eta = 6.402655e+00
guess for delta = 8.138471e-01
estimated ranges of R, eta, and delta:
upper bound estimate of R = 4.514674e+00
lower bound estimate of R = 2.257337e+00
upper bound estimate of eta = 6.502655e+00
lower bound estimate of eta = 6.382655e+00
upper bound estimate of delta = 8.180000e-01
lower bound estimate of delta = 8.100000e-01
ss=5.762358859541e+25, lastss = 2.948762056131e+19
tol = 1.000000000000e-14
failed to integrate at x = (3.009783e+00,6.402655e+00,8.138471e-01)
solvde convergence failed when x = (3.009783e+00,6.402655e+00,8.138471e-01).
Retrying using a constant y value
    iteration	            R	          eta	        delta	            E	         dEdR	       dEdeta	     dEddelta	    grad norm
a-alpha = 1.775313e-07, fpa = 1.007429e-09
minimum found at:
           15	 3.029849e+00	 6.403018e+00	 8.138778e-01	-4.398665e-02	 1.569912e-09	-1.099455e-07	 1.091141e-06	 1.096667e-06
psi(R) = 2.07e-01
parameter values for minimization:
K33 = 3.000000e+01
k24 = 8.000000e-01
Lambda = 6.500000e+01
d0 = 1.000000e+00
omega = 3.100000e+00
gamma_s = 1.000000e-01
initial guesses for R, eta, and delta:
guess for R = 3.029849e+00
guess for eta = 6.403018e+00
guess for delta = 8.138778e-01
estimated ranges of R, eta, and delta:
upper bound estimate of R = 4.544773e+00
lower bound estimate of R = 2.272387e+00
upper bound estimate of eta = 6.503018e+00
lower bound estimate of eta = 6.383018e+00
upper bound estimate of delta = 8.180000e-01
lower bound estimate of delta = 8.100000e-01
    iteration	            R	          eta	        delta	            E	         dEdR	       dEdeta	     dEddelta	    grad norm
a-alpha = -2.978858e-07, fpa = -3.992627e-10
minimum found at:
           16	 3.049523e+00	 6.403371e+00	 8.139071e-01	-4.388527e-02	 2.846742e-09	 7.108897e-08	-6.684468e-08	 9.762150e-08
psi(R) = 2.08e-01
parameter values for minimization:
K33 = 3.000000e+01
k24 = 8.000000e-01
Lambda = 6.600000e+01
d0 = 1.000000e+00
omega = 3.100000e+00
gamma_s = 1.000000e-01
initial guesses for R, eta, and delta:
guess for R = 3.049523e+00
guess for eta = 6.403371e+00
guess for delta = 8.139071e-01
estimated ranges of R, eta, and delta:
upper bound estimate of R = 4.574285e+00
lower bound estimate of R = 2.287142e+00
upper bound estimate of eta = 6.503371e+00
lower bound estimate of eta = 6.383371e+00
upper bound estimate of delta = 8.180000e-01
lower bound estimate of delta = 8.100000e-01
ss=1.606313406795e+21, lastss = 2.852504016759e+21
tol = 1.000000000000e-14
failed to integrate at x = (3.049523e+00,6.403371e+00,8.139071e-01)
solvde convergence failed when x = (3.049523e+00,6.403371e+00,8.139071e-01).
Retrying using a constant y value
    iteration	            R	          eta	        delta	            E	         dEdR	       dEdeta	     dEddelta	    grad norm
a-alpha = 2.369246e-07, fpa = 5.639225e-10
a-alpha = -5.839820e-07, fpa = -1.742053e-10
minimum found at:
           27	 3.068813e+00	 6.403716e+00	 8.139354e-01	-4.378654e-02	-3.556435e-09	 7.810871e-08	-1.165387e-06	 1.168007e-06
psi(R) = 2.08e-01
parameter values for minimization:
K33 = 3.000000e+01
k24 = 8.000000e-01
Lambda = 6.700000e+01
d0 = 1.000000e+00
omega = 3.100000e+00
gamma_s = 1.000000e-01
initial guesses for R, eta, and delta:
guess for R = 3.068813e+00
guess for eta = 6.403716e+00
guess for delta = 8.139354e-01
estimated ranges of R, eta, and delta:
upper bound estimate of R = 4.603219e+00
lower bound estimate of R = 2.301610e+00
upper bound estimate of eta = 6.503716e+00
lower bound estimate of eta = 6.383716e+00
upper bound estimate of delta = 8.180000e-01
lower bound estimate of delta = 8.100000e-01
    iteration	            R	          eta	        delta	            E	         dEdR	       dEdeta	     dEddelta	    grad norm
a-alpha = 1.238615e-07, fpa = 2.201343e-10
minimum found at:
           16	 3.087743e+00	 6.404052e+00	 8.139632e-01	-4.369034e-02	-5.902385e-10	-7.670562e-08	 7.410450e-07	 7.450045e-07
psi(R) = 2.08e-01
parameter values for minimization:
K33 = 3.000000e+01
k24 = 8.000000e-01
Lambda = 6.800000e+01
d0 = 1.000000e+00
omega = 3.100000e+00
gamma_s = 1.000000e-01
initial guesses for R, eta, and delta:
guess for R = 3.087743e+00
guess for eta = 6.404052e+00
guess for delta = 8.139632e-01
estimated ranges of R, eta, and delta:
upper bound estimate of R = 4.631615e+00
lower bound estimate of R = 2.315807e+00
upper bound estimate of eta = 6.504052e+00
lower bound estimate of eta = 6.384052e+00
upper bound estimate of delta = 8.180000e-01
lower bound estimate of delta = 8.100000e-01
    iteration	            R	          eta	        delta	            E	         dEdR	       dEdeta	     dEddelta	    grad norm
a-alpha = -5.805919e-08, fpa = -2.942674e-09
minimum found at:
           22	 3.106325e+00	 6.404380e+00	 8.139898e-01	-4.359656e-02	 4.475200e-09	 4.675273e-08	 3.034320e-07	 3.070454e-07
psi(R) = 2.08e-01
parameter values for minimization:
K33 = 3.000000e+01
k24 = 8.000000e-01
Lambda = 6.900000e+01
d0 = 1.000000e+00
omega = 3.100000e+00
gamma_s = 1.000000e-01
initial guesses for R, eta, and delta:
guess for R = 3.106325e+00
guess for eta = 6.404380e+00
guess for delta = 8.139898e-01
estimated ranges of R, eta, and delta:
upper bound estimate of R = 4.659488e+00
lower bound estimate of R = 2.329744e+00
upper bound estimate of eta = 6.504380e+00
lower bound estimate of eta = 6.384380e+00
upper bound estimate of delta = 8.180000e-01
lower bound estimate of delta = 8.100000e-01
likely a maximizing (vs minimizing) solution for psi(r), as y[1][2]=-1.178281e-03  which usually means high energy.
solvde convergence failed when x = (3.106325e+00,6.404380e+00,8.139898e-01).
Retrying using a constant y value
    iteration	            R	          eta	        delta	            E	         dEdR	       dEdeta	     dEddelta	    grad norm
minimum found at:
           13	 3.124561e+00	 6.404700e+00	 8.140155e-01	-4.350511e-02	-4.744422e-10	 7.440036e-10	 3.929149e-08	 3.930139e-08
psi(R) = 2.08e-01
parameter values for minimization:
K33 = 3.000000e+01
k24 = 8.000000e-01
Lambda = 7.000000e+01
d0 = 1.000000e+00
omega = 3.100000e+00
gamma_s = 1.000000e-01
initial guesses for R, eta, and delta:
guess for R = 3.124561e+00
guess for eta = 6.404700e+00
guess for delta = 8.140155e-01
estimated ranges of R, eta, and delta:
upper bound estimate of R = 4.686841e+00
lower bound estimate of R = 2.343421e+00
upper bound estimate of eta = 6.504700e+00
lower bound estimate of eta = 6.384700e+00
upper bound estimate of delta = 8.180000e-01
lower bound estimate of delta = 8.100000e-01
ss=2.112009927200e+22, lastss = 2.644375193318e+22
tol = 1.000000000000e-14
failed to integrate at x = (3.124561e+00,6.404700e+00,8.140155e-01)
solvde convergence failed when x = (3.124561e+00,6.404700e+00,8.140155e-01).
Retrying using a constant y value
    iteration	            R	          eta	        delta	            E	         dEdR	       dEdeta	     dEddelta	    grad norm
minimum found at:
           27	 3.142473e+00	 6.405012e+00	 8.140403e-01	-4.341588e-02	-5.544986e-10	 3.064871e-08	-9.135793e-07	 9.140934e-07
psi(R) = 2.08e-01
parameter values for minimization:
K33 = 3.000000e+01
k24 = 8.000000e-01
Lambda = 7.100000e+01
d0 = 1.000000e+00
omega = 3.100000e+00
gamma_s = 1.000000e-01
initial guesses for R, eta, and delta:
guess for R = 3.142473e+00
guess for eta = 6.405012e+00
guess for delta = 8.140403e-01
estimated ranges of R, eta, and delta:
upper bound estimate of R = 4.713710e+00
lower bound estimate of R = 2.356855e+00
upper bound estimate of eta = 6.505012e+00
lower bound estimate of eta = 6.385012e+00
upper bound estimate of delta = 8.180000e-01
lower bound estimate of delta = 8.100000e-01
likely a maximizing (vs minimizing) solution for psi(r), as y[1][2]=-5.724133e-04  which usually means high energy.
solvde convergence failed when x = (3.142473e+00,6.405012e+00,8.140403e-01).
Retrying using a constant y value
    iteration	            R	          eta	        delta	            E	         dEdR	       dEdeta	     dEddelta	    grad norm
a-alpha = 3.160839e-07, fpa = 5.294957e-10
minimum found at:
           21	 3.160072e+00	 6.405317e+00	 8.140644e-01	-4.332879e-02	 5.455773e-09	-3.466755e-08	-1.301390e-06	 1.301863e-06
psi(R) = 2.08e-01
parameter values for minimization:
K33 = 3.000000e+01
k24 = 8.000000e-01
Lambda = 7.200000e+01
d0 = 1.000000e+00
omega = 3.100000e+00
gamma_s = 1.000000e-01
initial guesses for R, eta, and delta:
guess for R = 3.160072e+00
guess for eta = 6.405317e+00
guess for delta = 8.140644e-01
estimated ranges of R, eta, and delta:
upper bound estimate of R = 4.740108e+00
lower bound estimate of R = 2.370054e+00
upper bound estimate of eta = 6.505317e+00
lower bound estimate of eta = 6.385317e+00
upper bound estimate of delta = 8.180000e-01
lower bound estimate of delta = 8.100000e-01
likely a maximizing (vs minimizing) solution for psi(r), as y[1][2]=-4.471950e-04  which usually means high energy.
solvde convergence failed when x = (3.160072e+00,6.405317e+00,8.140644e-01).
Retrying using a constant y value
    iteration	            R	          eta	        delta	            E	         dEdR	       dEdeta	     dEddelta	    grad norm
minimum found at:
           13	 3.177356e+00	 6.405615e+00	 8.140879e-01	-4.324374e-02	-3.784588e-09	-1.383083e-07	-2.238661e-07	 2.631720e-07
psi(R) = 2.09e-01
parameter values for minimization:
K33 = 3.000000e+01
k24 = 8.000000e-01
Lambda = 7.300000e+01
d0 = 1.000000e+00
omega = 3.100000e+00
gamma_s = 1.000000e-01
initial guesses for R, eta, and delta:
guess for R = 3.177356e+00
guess for eta = 6.405615e+00
guess for delta = 8.140879e-01
estimated ranges of R, eta, and delta:
upper bound estimate of R = 4.766034e+00
lower bound estimate of R = 2.383017e+00
upper bound estimate of eta = 6.505615e+00
lower bound estimate of eta = 6.385615e+00
upper bound estimate of delta = 8.180000e-01
lower bound estimate of delta = 8.100000e-01
ss=4.792930838850e+21, lastss = 1.593537842805e+22
tol = 1.000000000000e-14
failed to integrate at x = (3.177356e+00,6.405615e+00,8.140879e-01)
solvde convergence failed when x = (3.177356e+00,6.405615e+00,8.140879e-01).
Retrying using a constant y value
    iteration	            R	          eta	        delta	            E	         dEdR	       dEdeta	     dEddelta	    grad norm
minimum found at:
           22	 3.194352e+00	 6.405907e+00	 8.141104e-01	-4.316066e-02	-1.527439e-09	-7.907062e-08	-1.898374e-06	 1.900021e-06
psi(R) = 2.09e-01
parameter values for minimization:
K33 = 3.000000e+01
k24 = 8.000000e-01
Lambda = 7.400000e+01
d0 = 1.000000e+00
omega = 3.100000e+00
gamma_s = 1.000000e-01
initial guesses for R, eta, and delta:
guess for R = 3.194352e+00
guess for eta = 6.405907e+00
guess for delta = 8.141104e-01
estimated ranges of R, eta, and delta:
upper bound estimate of R = 4.791528e+00
lower bound estimate of R = 2.395764e+00
upper bound estimate of eta = 6.505907e+00
lower bound estimate of eta = 6.385907e+00
upper bound estimate of delta = 8.180000e-01
lower bound estimate of delta = 8.100000e-01
likely a maximizing (vs minimizing) solution for psi(r), as y[1][2]=-4.583159e-04  which usually means high energy.
solvde convergence failed when x = (3.194352e+00,6.405907e+00,8.141104e-01).
Retrying using a constant y value
    iteration	            R	          eta	        delta	            E	         dEdR	       dEdeta	     dEddelta	    grad norm
minimum found at:
           23	 3.211063e+00	 6.406192e+00	 8.141328e-01	-4.307947e-02	-1.949318e-09	 6.024502e-08	 5.076957e-07	 5.112614e-07
psi(R) = 2.09e-01
parameter values for minimization:
K33 = 3.000000e+01
k24 = 8.000000e-01
Lambda = 7.500000e+01
d0 = 1.000000e+00
omega = 3.100000e+00
gamma_s = 1.000000e-01
initial guesses for R, eta, and delta:
guess for R = 3.211063e+00
guess for eta = 6.406192e+00
guess for delta = 8.141328e-01
estimated ranges of R, eta, and delta:
upper bound estimate of R = 4.816594e+00
lower bound estimate of R = 2.408297e+00
upper bound estimate of eta = 6.506192e+00
lower bound estimate of eta = 6.386192e+00
upper bound estimate of delta = 8.180000e-01
lower bound estimate of delta = 8.100000e-01
ss=2.634637382461e+22, lastss = 3.061824595009e+21
tol = 1.000000000000e-14
failed to integrate at x = (3.211063e+00,6.406192e+00,8.141328e-01)
solvde convergence failed when x = (3.211063e+00,6.406192e+00,8.141328e-01).
Retrying using a constant y value
    iteration	            R	          eta	        delta	            E	         dEdR	       dEdeta	     dEddelta	    grad norm
minimum found at:
           20	 3.227496e+00	 6.406471e+00	 8.141540e-01	-4.300009e-02	-1.654148e-09	 1.406919e-07	-3.814946e-07	 4.066142e-07
psi(R) = 2.09e-01
parameter values for minimization:
K33 = 3.000000e+01
k24 = 8.000000e-01
Lambda = 7.600000e+01
d0 = 1.000000e+00
omega = 3.100000e+00
gamma_s = 1.000000e-01
initial guesses for R, eta, and delta:
guess for R = 3.227496e+00
guess for eta = 6.406471e+00
guess for delta = 8.141540e-01
estimated ranges of R, eta, and delta:
upper bound estimate of R = 4.841244e+00
lower bound estimate of R = 2.420622e+00
upper bound estimate of eta = 6.506471e+00
lower bound estimate of eta = 6.386471e+00
upper bound estimate of delta = 8.180000e-01
lower bound estimate of delta = 8.100000e-01
    iteration	            R	          eta	        delta	            E	         dEdR	       dEdeta	     dEddelta	    grad norm
a-alpha = -4.057738e-07, fpa = -1.852896e-10
minimum found at:
           22	 3.243657e+00	 6.406744e+00	 8.141747e-01	-4.292246e-02	-2.111328e-09	 4.886462e-08	-1.099815e-06	 1.100902e-06
psi(R) = 2.09e-01
parameter values for minimization:
K33 = 3.000000e+01
k24 = 8.000000e-01
Lambda = 7.700000e+01
d0 = 1.000000e+00
omega = 3.100000e+00
gamma_s = 1.000000e-01
initial guesses for R, eta, and delta:
guess for R = 3.243657e+00
guess for eta = 6.406744e+00
guess for delta = 8.141747e-01
estimated ranges of R, eta, and delta:
upper bound estimate of R = 4.865486e+00
lower bound estimate of R = 2.432743e+00
upper bound estimate of eta = 6.506744e+00
lower bound estimate of eta = 6.386744e+00
upper bound estimate of delta = 8.180000e-01
lower bound estimate of delta = 8.100000e-01
ss=7.301331329197e+19, lastss = 4.089546074502e+20
tol = 1.000000000000e-14
failed to integrate at x = (3.243657e+00,6.406744e+00,8.141747e-01)
solvde convergence failed when x = (3.243657e+00,6.406744e+00,8.141747e-01).
Retrying using a constant y value
    iteration	            R	          eta	        delta	            E	         dEdR	       dEdeta	     dEddelta	    grad norm
minimum found at:
           18	 3.259564e+00	 6.407012e+00	 8.141950e-01	-4.284652e-02	 1.562106e-09	 1.223115e-07	-3.644943e-07	 3.844719e-07
psi(R) = 2.09e-01
parameter values for minimization:
K33 = 3.000000e+01
k24 = 8.000000e-01
Lambda = 7.800000e+01
d0 = 1.000000e+00
omega = 3.100000e+00
gamma_s = 1.000000e-01
initial guesses for R, eta, and delta:
guess for R = 3.259564e+00
guess for eta = 6.407012e+00
guess for delta = 8.141950e-01
estimated ranges of R, eta, and delta:
upper bound estimate of R = 4.889346e+00
lower bound estimate of R = 2.444673e+00
upper bound estimate of eta = 6.507012e+00
lower bound estimate of eta = 6.387012e+00
upper bound estimate of delta = 8.180000e-01
lower bound estimate of delta = 8.100000e-01
ss=2.814624107962e+20, lastss = 4.493707833530e+20
tol = 1.000000000000e-14
failed to integrate at x = (3.259564e+00,6.407012e+00,8.141950e-01)
solvde convergence failed when x = (3.259564e+00,6.407012e+00,8.141950e-01).
Retrying using a constant y value
    iteration	            R	          eta	        delta	            E	         dEdR	       dEdeta	     dEddelta	    grad norm
minimum found at:
           19	 3.275212e+00	 6.407273e+00	 8.142148e-01	-4.277219e-02	-1.637457e-09	 2.250322e-08	 1.107216e-06	 1.107446e-06
psi(R) = 2.09e-01
parameter values for minimization:
K33 = 3.000000e+01
k24 = 8.000000e-01
Lambda = 7.900000e+01
d0 = 1.000000e+00
omega = 3.100000e+00
gamma_s = 1.000000e-01
initial guesses for R, eta, and delta:
guess for R = 3.275212e+00
guess for eta = 6.407273e+00
guess for delta = 8.142148e-01
estimated ranges of R, eta, and delta:
upper bound estimate of R = 4.912818e+00
lower bound estimate of R = 2.456409e+00
upper bound estimate of eta = 6.507273e+00
lower bound estimate of eta = 6.387273e+00
upper bound estimate of delta = 8.180000e-01
lower bound estimate of delta = 8.100000e-01
ss=9.139966843797e+22, lastss = 4.840515334359e+23
tol = 1.000000000000e-14
failed to integrate at x = (3.275212e+00,6.407273e+00,8.142148e-01)
solvde convergence failed when x = (3.275212e+00,6.407273e+00,8.142148e-01).
Retrying using a constant y value
    iteration	            R	          eta	        delta	            E	         dEdR	       dEdeta	     dEddelta	    grad norm
a-alpha = 5.461155e-08, fpa = 1.576016e-10
minimum found at:
           18	 3.290618e+00	 6.407530e+00	 8.142337e-01	-4.269943e-02	-9.728653e-10	-1.190020e-08	-3.524380e-08	 3.721138e-08
psi(R) = 2.09e-01
