hi
Restoring modules from user's standard_modules
parameter values for minimization:
K33 = 3.000000e+01
k24 = 6.000000e-01
Lambda = 0.000000e+00
d0 = 1.000000e+00
omega = 3.670000e+01
gamma_s = 1.000000e-01
initial guesses for R, eta, and delta:
guess for R = 5.000000e-01
guess for eta = 6.300000e+00
guess for delta = 8.100000e-01
estimated ranges of R, eta, and delta:
upper bound estimate of R = 2.000000e+00
lower bound estimate of R = 1.000000e-01
upper bound estimate of eta = 6.430000e+00
lower bound estimate of eta = 6.290000e+00
upper bound estimate of delta = 8.160000e-01
lower bound estimate of delta = 8.000000e-01
    iteration	            R	          eta	        delta	            E	         dEdR	       dEdeta	     dEddelta	    grad norm
minimum found at:
            5	 4.384966e-01	 6.300000e+00	 8.164966e-01	-6.099382e+00	 2.103580e-09	 2.114711e-10	-3.145632e-08	 3.152729e-08
psi(R) = 3.15e-01
parameter values for minimization:
K33 = 3.000000e+01
k24 = 6.000000e-01
Lambda = 1.000000e+00
d0 = 1.000000e+00
omega = 3.670000e+01
gamma_s = 1.000000e-01
initial guesses for R, eta, and delta:
guess for R = 4.384966e-01
guess for eta = 6.300000e+00
guess for delta = 8.164966e-01
estimated ranges of R, eta, and delta:
upper bound estimate of R = 6.577449e-01
lower bound estimate of R = 3.288724e-01
upper bound estimate of eta = 6.400000e+00
lower bound estimate of eta = 6.280000e+00
upper bound estimate of delta = 8.180000e-01
lower bound estimate of delta = 8.100000e-01
    iteration	            R	          eta	        delta	            E	         dEdR	       dEdeta	     dEddelta	    grad norm
minimum found at:
           13	 3.106121e-01	 6.358761e+00	 8.141600e-01	-5.990268e+00	-1.703227e-07	 1.601188e-07	 1.037688e-05	 1.037952e-05
psi(R) = 2.39e-01
parameter values for minimization:
K33 = 3.000000e+01
k24 = 6.000000e-01
Lambda = 2.000000e+00
d0 = 1.000000e+00
omega = 3.670000e+01
gamma_s = 1.000000e-01
initial guesses for R, eta, and delta:
guess for R = 3.106121e-01
guess for eta = 6.358761e+00
guess for delta = 8.141600e-01
estimated ranges of R, eta, and delta:
upper bound estimate of R = 4.659182e-01
lower bound estimate of R = 2.329591e-01
upper bound estimate of eta = 6.458761e+00
lower bound estimate of eta = 6.338761e+00
upper bound estimate of delta = 8.180000e-01
lower bound estimate of delta = 8.100000e-01
    iteration	            R	          eta	        delta	            E	         dEdR	       dEdeta	     dEddelta	    grad norm
minimum found at:
           13	 2.868242e-01	 6.347942e+00	 8.133185e-01	-5.933655e+00	-9.912745e-08	 4.354541e-07	 3.145632e-06	 3.177176e-06
psi(R) = 2.19e-01
parameter values for minimization:
K33 = 3.000000e+01
k24 = 6.000000e-01
Lambda = 3.000000e+00
d0 = 1.000000e+00
omega = 3.670000e+01
gamma_s = 1.000000e-01
initial guesses for R, eta, and delta:
guess for R = 2.868242e-01
guess for eta = 6.347942e+00
guess for delta = 8.133185e-01
estimated ranges of R, eta, and delta:
upper bound estimate of R = 4.302363e-01
lower bound estimate of R = 2.151181e-01
upper bound estimate of eta = 6.447942e+00
lower bound estimate of eta = 6.327942e+00
upper bound estimate of delta = 8.180000e-01
lower bound estimate of delta = 8.100000e-01
    iteration	            R	          eta	        delta	            E	         dEdR	       dEdeta	     dEddelta	    grad norm
minimum found at:
           11	 2.754591e-01	 6.341791e+00	 8.127950e-01	-5.892307e+00	-1.472603e-08	 2.977865e-07	-3.182639e-07	 4.361027e-07
psi(R) = 2.07e-01
parameter values for minimization:
K33 = 3.000000e+01
k24 = 6.000000e-01
Lambda = 4.000000e+00
d0 = 1.000000e+00
omega = 3.670000e+01
gamma_s = 1.000000e-01
initial guesses for R, eta, and delta:
guess for R = 2.754591e-01
guess for eta = 6.341791e+00
guess for delta = 8.127950e-01
estimated ranges of R, eta, and delta:
upper bound estimate of R = 4.131887e-01
lower bound estimate of R = 2.065943e-01
upper bound estimate of eta = 6.441791e+00
lower bound estimate of eta = 6.321791e+00
upper bound estimate of delta = 8.180000e-01
lower bound estimate of delta = 8.100000e-01
    iteration	            R	          eta	        delta	            E	         dEdR	       dEdeta	     dEddelta	    grad norm
a-alpha = -2.018329e-08, fpa = -5.772277e-09
minimum found at:
           14	 2.691108e-01	 6.337565e+00	 8.124286e-01	-5.859205e+00	-1.550557e-07	 6.989471e-07	 3.874678e-06	 3.940267e-06
psi(R) = 1.99e-01
parameter values for minimization:
K33 = 3.000000e+01
k24 = 6.000000e-01
Lambda = 5.000000e+00
d0 = 1.000000e+00
omega = 3.670000e+01
gamma_s = 1.000000e-01
initial guesses for R, eta, and delta:
guess for R = 2.691108e-01
guess for eta = 6.337565e+00
guess for delta = 8.124286e-01
estimated ranges of R, eta, and delta:
upper bound estimate of R = 4.036662e-01
lower bound estimate of R = 2.018331e-01
upper bound estimate of eta = 6.437565e+00
lower bound estimate of eta = 6.317565e+00
upper bound estimate of delta = 8.180000e-01
lower bound estimate of delta = 8.100000e-01
    iteration	            R	          eta	        delta	            E	         dEdR	       dEdeta	     dEddelta	    grad norm
minimum found at:
           13	 2.655056e-01	 6.334387e+00	 8.121591e-01	-5.831453e+00	 1.642875e-07	 3.922788e-08	 1.258623e-05	 1.258736e-05
psi(R) = 1.92e-01
parameter values for minimization:
K33 = 3.000000e+01
k24 = 6.000000e-01
Lambda = 6.000000e+00
d0 = 1.000000e+00
omega = 3.670000e+01
gamma_s = 1.000000e-01
initial guesses for R, eta, and delta:
guess for R = 2.655056e-01
guess for eta = 6.334387e+00
guess for delta = 8.121591e-01
estimated ranges of R, eta, and delta:
upper bound estimate of R = 3.982584e-01
lower bound estimate of R = 1.991292e-01
upper bound estimate of eta = 6.434387e+00
lower bound estimate of eta = 6.314387e+00
upper bound estimate of delta = 8.180000e-01
lower bound estimate of delta = 8.100000e-01
    iteration	            R	          eta	        delta	            E	         dEdR	       dEdeta	     dEddelta	    grad norm
minimum found at:
            6	 2.636747e-01	 6.331866e+00	 8.119568e-01	-5.807521e+00	-5.001497e-07	-6.315935e-08	 7.242355e-06	 7.259879e-06
psi(R) = 1.87e-01
parameter values for minimization:
K33 = 3.000000e+01
k24 = 6.000000e-01
Lambda = 7.000000e+00
d0 = 1.000000e+00
omega = 3.670000e+01
gamma_s = 1.000000e-01
initial guesses for R, eta, and delta:
guess for R = 2.636747e-01
guess for eta = 6.331866e+00
guess for delta = 8.119568e-01
estimated ranges of R, eta, and delta:
upper bound estimate of R = 3.955121e-01
lower bound estimate of R = 1.977560e-01
upper bound estimate of eta = 6.431866e+00
lower bound estimate of eta = 6.311866e+00
upper bound estimate of delta = 8.180000e-01
lower bound estimate of delta = 8.100000e-01
    iteration	            R	          eta	        delta	            E	         dEdR	       dEdeta	     dEddelta	    grad norm
a-alpha = 5.329685e-09, fpa = 3.448944e-09
minimum found at:
           14	 2.631364e-01	 6.329796e+00	 8.118050e-01	-5.786492e+00	-4.004728e-07	-1.909584e-07	 2.398082e-06	 2.438778e-06
psi(R) = 1.82e-01
parameter values for minimization:
K33 = 3.000000e+01
k24 = 6.000000e-01
Lambda = 8.000000e+00
d0 = 1.000000e+00
omega = 3.670000e+01
gamma_s = 1.000000e-01
initial guesses for R, eta, and delta:
guess for R = 2.631364e-01
guess for eta = 6.329796e+00
guess for delta = 8.118050e-01
estimated ranges of R, eta, and delta:
upper bound estimate of R = 3.947046e-01
lower bound estimate of R = 1.973523e-01
upper bound estimate of eta = 6.429796e+00
lower bound estimate of eta = 6.309796e+00
upper bound estimate of delta = 8.180000e-01
lower bound estimate of delta = 8.100000e-01
    iteration	            R	          eta	        delta	            E	         dEdR	       dEdeta	     dEddelta	    grad norm
minimum found at:
            6	 2.636348e-01	 6.328055e+00	 8.116935e-01	-5.767764e+00	-1.500157e-10	-1.628327e-08	-2.416585e-06	 2.416640e-06
psi(R) = 1.78e-01
parameter values for minimization:
K33 = 3.000000e+01
k24 = 6.000000e-01
Lambda = 9.000000e+00
d0 = 1.000000e+00
omega = 3.670000e+01
gamma_s = 1.000000e-01
initial guesses for R, eta, and delta:
guess for R = 2.636348e-01
guess for eta = 6.328055e+00
guess for delta = 8.116935e-01
estimated ranges of R, eta, and delta:
upper bound estimate of R = 3.954522e-01
lower bound estimate of R = 1.977261e-01
upper bound estimate of eta = 6.428055e+00
lower bound estimate of eta = 6.308055e+00
upper bound estimate of delta = 8.180000e-01
lower bound estimate of delta = 8.100000e-01
    iteration	            R	          eta	        delta	            E	         dEdR	       dEdeta	     dEddelta	    grad norm
minimum found at:
            6	 2.650384e-01	 6.326567e+00	 8.116160e-01	-5.750921e+00	-1.898603e-07	-1.497568e-07	 5.332771e-06	 5.338251e-06
psi(R) = 1.75e-01
parameter values for minimization:
K33 = 3.000000e+01
k24 = 6.000000e-01
Lambda = 1.000000e+01
d0 = 1.000000e+00
omega = 3.670000e+01
gamma_s = 1.000000e-01
initial guesses for R, eta, and delta:
guess for R = 2.650384e-01
guess for eta = 6.326567e+00
guess for delta = 8.116160e-01
estimated ranges of R, eta, and delta:
upper bound estimate of R = 3.975576e-01
lower bound estimate of R = 1.987788e-01
upper bound estimate of eta = 6.426567e+00
lower bound estimate of eta = 6.306567e+00
upper bound estimate of delta = 8.180000e-01
lower bound estimate of delta = 8.100000e-01
    iteration	            R	          eta	        delta	            E	         dEdR	       dEdeta	     dEddelta	    grad norm
minimum found at:
            6	 2.672979e-01	 6.325281e+00	 8.115680e-01	-5.735662e+00	-9.606576e-08	 1.761554e-07	 2.383279e-06	 2.391710e-06
psi(R) = 1.72e-01
parameter values for minimization:
K33 = 3.000000e+01
k24 = 6.000000e-01
Lambda = 1.100000e+01
d0 = 1.000000e+00
omega = 3.670000e+01
gamma_s = 1.000000e-01
initial guesses for R, eta, and delta:
guess for R = 2.672979e-01
guess for eta = 6.325281e+00
guess for delta = 8.115680e-01
estimated ranges of R, eta, and delta:
upper bound estimate of R = 4.009468e-01
lower bound estimate of R = 2.004734e-01
upper bound estimate of eta = 6.425281e+00
lower bound estimate of eta = 6.305281e+00
upper bound estimate of delta = 8.180000e-01
lower bound estimate of delta = 8.100000e-01
    iteration	            R	          eta	        delta	            E	         dEdR	       dEdeta	     dEddelta	    grad norm
minimum found at:
            7	 2.704295e-01	 6.324163e+00	 8.115472e-01	-5.721763e+00	 1.255281e-08	 3.083953e-08	 9.992007e-08	 1.053217e-07
psi(R) = 1.69e-01
parameter values for minimization:
K33 = 3.000000e+01
k24 = 6.000000e-01
Lambda = 1.200000e+01
d0 = 1.000000e+00
omega = 3.670000e+01
gamma_s = 1.000000e-01
initial guesses for R, eta, and delta:
guess for R = 2.704295e-01
guess for eta = 6.324163e+00
guess for delta = 8.115472e-01
estimated ranges of R, eta, and delta:
upper bound estimate of R = 4.056442e-01
lower bound estimate of R = 2.028221e-01
upper bound estimate of eta = 6.424163e+00
lower bound estimate of eta = 6.304163e+00
upper bound estimate of delta = 8.180000e-01
lower bound estimate of delta = 8.100000e-01
    iteration	            R	          eta	        delta	            E	         dEdR	       dEdeta	     dEddelta	    grad norm
minimum found at:
            7	 2.745168e-01	 6.323191e+00	 8.115526e-01	-5.709054e+00	 4.977577e-08	-1.480297e-09	-1.302662e-06	 1.303613e-06
psi(R) = 1.66e-01
parameter values for minimization:
K33 = 3.000000e+01
k24 = 6.000000e-01
Lambda = 1.300000e+01
d0 = 1.000000e+00
omega = 3.670000e+01
gamma_s = 1.000000e-01
initial guesses for R, eta, and delta:
guess for R = 2.745168e-01
guess for eta = 6.323191e+00
guess for delta = 8.115526e-01
estimated ranges of R, eta, and delta:
upper bound estimate of R = 4.117752e-01
lower bound estimate of R = 2.058876e-01
upper bound estimate of eta = 6.423191e+00
lower bound estimate of eta = 6.303191e+00
upper bound estimate of delta = 8.180000e-01
lower bound estimate of delta = 8.100000e-01
    iteration	            R	          eta	        delta	            E	         dEdR	       dEdeta	     dEddelta	    grad norm
a-alpha = -3.219835e-08, fpa = -6.665382e-09
minimum found at:
           49	 2.797312e-01	 6.322352e+00	 8.115847e-01	-5.697406e+00	-4.903466e-08	 5.136632e-07	-1.196820e-05	 1.197932e-05
psi(R) = 1.64e-01
parameter values for minimization:
K33 = 3.000000e+01
k24 = 6.000000e-01
Lambda = 1.400000e+01
d0 = 1.000000e+00
omega = 3.670000e+01
gamma_s = 1.000000e-01
initial guesses for R, eta, and delta:
guess for R = 2.797312e-01
guess for eta = 6.322352e+00
guess for delta = 8.115847e-01
estimated ranges of R, eta, and delta:
upper bound estimate of R = 4.195968e-01
lower bound estimate of R = 2.097984e-01
upper bound estimate of eta = 6.422352e+00
lower bound estimate of eta = 6.302352e+00
upper bound estimate of delta = 8.180000e-01
lower bound estimate of delta = 8.100000e-01
    iteration	            R	          eta	        delta	            E	         dEdR	       dEdeta	     dEddelta	    grad norm
a-alpha = 9.064417e-09, fpa = 2.505123e-09
a-alpha = 3.105167e-08, fpa = 1.291967e-09
a-alpha = 2.141521e-09, fpa = 6.857930e-09
a-alpha = 3.044768e-09, fpa = 1.636851e-08
a-alpha = 1.573681e-08, fpa = 8.161331e-09
a-alpha = -9.088617e-08, fpa = -4.141726e-10
a-alpha = -4.258907e-08, fpa = -1.511359e-09
a-alpha = -5.016998e-08, fpa = -1.478418e-09
minimum found at:
           27	 2.863837e-01	 6.321644e+00	 8.116467e-01	-5.686722e+00	 3.499681e-08	-2.689207e-08	 1.887379e-07	 1.938297e-07
psi(R) = 1.62e-01
parameter values for minimization:
K33 = 3.000000e+01
k24 = 6.000000e-01
Lambda = 1.500000e+01
d0 = 1.000000e+00
omega = 3.670000e+01
gamma_s = 1.000000e-01
initial guesses for R, eta, and delta:
guess for R = 2.863837e-01
guess for eta = 6.321644e+00
guess for delta = 8.116467e-01
estimated ranges of R, eta, and delta:
upper bound estimate of R = 4.295756e-01
lower bound estimate of R = 2.147878e-01
upper bound estimate of eta = 6.421644e+00
lower bound estimate of eta = 6.301644e+00
upper bound estimate of delta = 8.180000e-01
lower bound estimate of delta = 8.100000e-01
    iteration	            R	          eta	        delta	            E	         dEdR	       dEdeta	     dEddelta	    grad norm
minimum found at:
            7	 2.950522e-01	 6.321078e+00	 8.117440e-01	-5.676934e+00	-1.337030e-08	-1.307596e-08	-6.291264e-08	 6.563342e-08
psi(R) = 1.60e-01
parameter values for minimization:
K33 = 3.000000e+01
k24 = 6.000000e-01
Lambda = 1.600000e+01
d0 = 1.000000e+00
omega = 3.670000e+01
gamma_s = 1.000000e-01
initial guesses for R, eta, and delta:
guess for R = 2.950522e-01
guess for eta = 6.321078e+00
guess for delta = 8.117440e-01
estimated ranges of R, eta, and delta:
upper bound estimate of R = 4.425783e-01
lower bound estimate of R = 2.212891e-01
upper bound estimate of eta = 6.421078e+00
lower bound estimate of eta = 6.301078e+00
upper bound estimate of delta = 8.180000e-01
lower bound estimate of delta = 8.100000e-01
    iteration	            R	          eta	        delta	            E	         dEdR	       dEdeta	     dEddelta	    grad norm
a-alpha = 2.535103e-08, fpa = 8.740055e-10
a-alpha = 7.077214e-08, fpa = 8.189169e-10
minimum found at:
           14	 3.069456e-01	 6.320691e+00	 8.118902e-01	-5.668002e+00	 1.820862e-07	 8.479637e-07	 3.593422e-06	 3.696604e-06
psi(R) = 1.58e-01
parameter values for minimization:
K33 = 3.000000e+01
k24 = 6.000000e-01
Lambda = 1.700000e+01
d0 = 1.000000e+00
omega = 3.670000e+01
gamma_s = 1.000000e-01
initial guesses for R, eta, and delta:
guess for R = 3.069456e-01
guess for eta = 6.320691e+00
guess for delta = 8.118902e-01
estimated ranges of R, eta, and delta:
upper bound estimate of R = 4.604184e-01
lower bound estimate of R = 2.302092e-01
upper bound estimate of eta = 6.420691e+00
lower bound estimate of eta = 6.300691e+00
upper bound estimate of delta = 8.180000e-01
lower bound estimate of delta = 8.100000e-01
    iteration	            R	          eta	        delta	            E	         dEdR	       dEdeta	     dEddelta	    grad norm
minimum found at:
           12	 3.253601e-01	 6.320606e+00	 8.121219e-01	-5.659936e+00	-3.665229e-08	 1.060880e-08	-5.218048e-06	 5.218188e-06
psi(R) = 1.57e-01
parameter values for minimization:
K33 = 3.000000e+01
k24 = 6.000000e-01
Lambda = 1.800000e+01
d0 = 1.000000e+00
omega = 3.670000e+01
gamma_s = 1.000000e-01
initial guesses for R, eta, and delta:
guess for R = 3.253601e-01
guess for eta = 6.320606e+00
guess for delta = 8.121219e-01
estimated ranges of R, eta, and delta:
upper bound estimate of R = 4.880402e-01
lower bound estimate of R = 2.440201e-01
upper bound estimate of eta = 6.420606e+00
lower bound estimate of eta = 6.300606e+00
upper bound estimate of delta = 8.180000e-01
lower bound estimate of delta = 8.100000e-01
    iteration	            R	          eta	        delta	            E	         dEdR	       dEdeta	     dEddelta	    grad norm
minimum found at:
           12	 1.296042e+00	 6.360372e+00	 8.156620e-01	-5.657421e+00	 4.034085e-07	 3.259121e-07	 3.323268e-06	 3.363490e-06
psi(R) = 1.87e-01
parameter values for minimization:
K33 = 3.000000e+01
k24 = 6.000000e-01
Lambda = 1.900000e+01
d0 = 1.000000e+00
omega = 3.670000e+01
gamma_s = 1.000000e-01
initial guesses for R, eta, and delta:
guess for R = 1.296042e+00
guess for eta = 6.360372e+00
guess for delta = 8.156620e-01
estimated ranges of R, eta, and delta:
upper bound estimate of R = 1.944063e+00
lower bound estimate of R = 9.720315e-01
upper bound estimate of eta = 6.460372e+00
lower bound estimate of eta = 6.340372e+00
upper bound estimate of delta = 8.180000e-01
lower bound estimate of delta = 8.100000e-01
    iteration	            R	          eta	        delta	            E	         dEdR	       dEdeta	     dEddelta	    grad norm
minimum found at:
           16	 1.427783e+00	 6.364679e+00	 8.157677e-01	-5.656163e+00	-1.078206e-08	 8.901521e-07	 6.661338e-08	 8.927062e-07
psi(R) = 1.90e-01
parameter values for minimization:
K33 = 3.000000e+01
k24 = 6.000000e-01
Lambda = 2.000000e+01
d0 = 1.000000e+00
omega = 3.670000e+01
gamma_s = 1.000000e-01
initial guesses for R, eta, and delta:
guess for R = 1.427783e+00
guess for eta = 6.364679e+00
guess for delta = 8.157677e-01
estimated ranges of R, eta, and delta:
upper bound estimate of R = 2.141675e+00
lower bound estimate of R = 1.070837e+00
upper bound estimate of eta = 6.464679e+00
lower bound estimate of eta = 6.344679e+00
upper bound estimate of delta = 8.180000e-01
lower bound estimate of delta = 8.100000e-01
    iteration	            R	          eta	        delta	            E	         dEdR	       dEdeta	     dEddelta	    grad norm
minimum found at:
           14	 1.539078e+00	 6.368137e+00	 8.158417e-01	-5.655104e+00	-3.505700e-08	 7.137500e-07	-6.713149e-06	 6.751076e-06
psi(R) = 1.92e-01
parameter values for minimization:
K33 = 3.000000e+01
k24 = 6.000000e-01
Lambda = 2.100000e+01
d0 = 1.000000e+00
omega = 3.670000e+01
gamma_s = 1.000000e-01
initial guesses for R, eta, and delta:
guess for R = 1.539078e+00
guess for eta = 6.368137e+00
guess for delta = 8.158417e-01
estimated ranges of R, eta, and delta:
upper bound estimate of R = 2.308617e+00
lower bound estimate of R = 1.154308e+00
upper bound estimate of eta = 6.468137e+00
lower bound estimate of eta = 6.348137e+00
upper bound estimate of delta = 8.180000e-01
lower bound estimate of delta = 8.100000e-01
    iteration	            R	          eta	        delta	            E	         dEdR	       dEdeta	     dEddelta	    grad norm
a-alpha = -1.109629e-07, fpa = -2.964605e-10
minimum found at:
           15	 1.636991e+00	 6.371053e+00	 8.158978e-01	-5.654191e+00	-3.234239e-08	-1.643130e-07	-4.496403e-06	 4.499521e-06
psi(R) = 1.94e-01
parameter values for minimization:
K33 = 3.000000e+01
k24 = 6.000000e-01
Lambda = 2.200000e+01
d0 = 1.000000e+00
omega = 3.670000e+01
gamma_s = 1.000000e-01
initial guesses for R, eta, and delta:
guess for R = 1.636991e+00
guess for eta = 6.371053e+00
guess for delta = 8.158978e-01
estimated ranges of R, eta, and delta:
upper bound estimate of R = 2.455487e+00
lower bound estimate of R = 1.227743e+00
upper bound estimate of eta = 6.471053e+00
lower bound estimate of eta = 6.351053e+00
upper bound estimate of delta = 8.180000e-01
lower bound estimate of delta = 8.100000e-01
    iteration	            R	          eta	        delta	            E	         dEdR	       dEdeta	     dEddelta	    grad norm
minimum found at:
           18	 1.725118e+00	 6.373583e+00	 8.159424e-01	-5.653389e+00	-5.030205e-08	-7.122697e-07	 2.416585e-06	 2.519870e-06
psi(R) = 1.95e-01
parameter values for minimization:
K33 = 3.000000e+01
k24 = 6.000000e-01
Lambda = 2.300000e+01
d0 = 1.000000e+00
omega = 3.670000e+01
gamma_s = 1.000000e-01
initial guesses for R, eta, and delta:
guess for R = 1.725118e+00
guess for eta = 6.373583e+00
guess for delta = 8.159424e-01
estimated ranges of R, eta, and delta:
upper bound estimate of R = 2.587677e+00
lower bound estimate of R = 1.293838e+00
upper bound estimate of eta = 6.473583e+00
lower bound estimate of eta = 6.353583e+00
upper bound estimate of delta = 8.180000e-01
lower bound estimate of delta = 8.100000e-01
    iteration	            R	          eta	        delta	            E	         dEdR	       dEdeta	     dEddelta	    grad norm
minimum found at:
           15	 1.805646e+00	 6.375824e+00	 8.159787e-01	-5.652677e+00	 8.130067e-08	 3.535444e-07	-4.840572e-06	 4.854147e-06
psi(R) = 1.96e-01
parameter values for minimization:
K33 = 3.000000e+01
k24 = 6.000000e-01
Lambda = 2.400000e+01
d0 = 1.000000e+00
omega = 3.670000e+01
gamma_s = 1.000000e-01
initial guesses for R, eta, and delta:
guess for R = 1.805646e+00
guess for eta = 6.375824e+00
guess for delta = 8.159787e-01
estimated ranges of R, eta, and delta:
upper bound estimate of R = 2.708469e+00
lower bound estimate of R = 1.354235e+00
upper bound estimate of eta = 6.475824e+00
lower bound estimate of eta = 6.355824e+00
upper bound estimate of delta = 8.180000e-01
lower bound estimate of delta = 8.100000e-01
    iteration	            R	          eta	        delta	            E	         dEdR	       dEdeta	     dEddelta	    grad norm
a-alpha = 7.537738e-08, fpa = 1.437762e-09
minimum found at:
           26	 1.879943e+00	 6.377832e+00	 8.160092e-01	-5.652038e+00	 8.001404e-08	-2.629995e-07	-6.964799e-06	 6.970222e-06
psi(R) = 1.97e-01
parameter values for minimization:
K33 = 3.000000e+01
k24 = 6.000000e-01
Lambda = 2.500000e+01
d0 = 1.000000e+00
omega = 3.670000e+01
gamma_s = 1.000000e-01
initial guesses for R, eta, and delta:
guess for R = 1.879943e+00
guess for eta = 6.377832e+00
guess for delta = 8.160092e-01
estimated ranges of R, eta, and delta:
upper bound estimate of R = 2.819914e+00
lower bound estimate of R = 1.409957e+00
upper bound estimate of eta = 6.477832e+00
lower bound estimate of eta = 6.357832e+00
upper bound estimate of delta = 8.180000e-01
lower bound estimate of delta = 8.100000e-01
    iteration	            R	          eta	        delta	            E	         dEdR	       dEdeta	     dEddelta	    grad norm
minimum found at:
           23	 1.949054e+00	 6.379652e+00	 8.160355e-01	-5.651459e+00	 5.003767e-08	 5.521509e-07	 1.058413e-05	 1.059864e-05
psi(R) = 1.98e-01
parameter values for minimization:
K33 = 3.000000e+01
k24 = 6.000000e-01
Lambda = 2.600000e+01
d0 = 1.000000e+00
omega = 3.670000e+01
gamma_s = 1.000000e-01
initial guesses for R, eta, and delta:
guess for R = 1.949054e+00
guess for eta = 6.379652e+00
guess for delta = 8.160355e-01
estimated ranges of R, eta, and delta:
upper bound estimate of R = 2.923581e+00
lower bound estimate of R = 1.461790e+00
upper bound estimate of eta = 6.479652e+00
lower bound estimate of eta = 6.359652e+00
upper bound estimate of delta = 8.180000e-01
lower bound estimate of delta = 8.100000e-01
    iteration	            R	          eta	        delta	            E	         dEdR	       dEdeta	     dEddelta	    grad norm
minimum found at:
           12	 2.013716e+00	 6.381315e+00	 8.160578e-01	-5.650931e+00	-8.384828e-09	 1.796094e-07	-8.633834e-06	 8.635706e-06
psi(R) = 1.99e-01
parameter values for minimization:
K33 = 3.000000e+01
k24 = 6.000000e-01
Lambda = 2.700000e+01
d0 = 1.000000e+00
omega = 3.670000e+01
gamma_s = 1.000000e-01
initial guesses for R, eta, and delta:
guess for R = 2.013716e+00
guess for eta = 6.381315e+00
guess for delta = 8.160578e-01
estimated ranges of R, eta, and delta:
upper bound estimate of R = 3.020574e+00
lower bound estimate of R = 1.510287e+00
upper bound estimate of eta = 6.481315e+00
lower bound estimate of eta = 6.361315e+00
upper bound estimate of delta = 8.180000e-01
lower bound estimate of delta = 8.100000e-01
    iteration	            R	          eta	        delta	            E	         dEdR	       dEdeta	     dEddelta	    grad norm
minimum found at:
           15	 2.074538e+00	 6.382845e+00	 8.160775e-01	-5.650447e+00	-3.759829e-08	 5.272326e-07	-1.223466e-05	 1.224607e-05
psi(R) = 2.00e-01
parameter values for minimization:
K33 = 3.000000e+01
k24 = 6.000000e-01
Lambda = 2.800000e+01
d0 = 1.000000e+00
omega = 3.670000e+01
gamma_s = 1.000000e-01
initial guesses for R, eta, and delta:
guess for R = 2.074538e+00
guess for eta = 6.382845e+00
guess for delta = 8.160775e-01
estimated ranges of R, eta, and delta:
upper bound estimate of R = 3.111807e+00
lower bound estimate of R = 1.555903e+00
upper bound estimate of eta = 6.482845e+00
lower bound estimate of eta = 6.362845e+00
upper bound estimate of delta = 8.180000e-01
lower bound estimate of delta = 8.100000e-01
likely a maximizing (vs minimizing) solution for psi(r), as y[1][2]=-1.620079e-04  which usually means high energy.
solvde convergence failed when x = (2.074538e+00,6.382845e+00,8.160775e-01).
Retrying using a constant y value
    iteration	            R	          eta	        delta	            E	         dEdR	       dEdeta	     dEddelta	    grad norm
minimum found at:
           12	 2.131992e+00	 6.384260e+00	 8.160951e-01	-5.650000e+00	 5.276503e-08	-7.887518e-07	-5.473400e-06	 5.530191e-06
psi(R) = 2.00e-01
parameter values for minimization:
K33 = 3.000000e+01
k24 = 6.000000e-01
Lambda = 2.900000e+01
d0 = 1.000000e+00
omega = 3.670000e+01
gamma_s = 1.000000e-01
initial guesses for R, eta, and delta:
guess for R = 2.131992e+00
guess for eta = 6.384260e+00
guess for delta = 8.160951e-01
estimated ranges of R, eta, and delta:
upper bound estimate of R = 3.197988e+00
lower bound estimate of R = 1.598994e+00
upper bound estimate of eta = 6.484260e+00
lower bound estimate of eta = 6.364260e+00
upper bound estimate of delta = 8.180000e-01
lower bound estimate of delta = 8.100000e-01
    iteration	            R	          eta	        delta	            E	         dEdR	       dEdeta	     dEddelta	    grad norm
a-alpha = 2.631186e-07, fpa = 1.470303e-10
minimum found at:
            9	 2.186426e+00	 6.385576e+00	 8.161108e-01	-5.649587e+00	 0.000000e+00	 8.538849e-07	-1.191639e-06	 1.465989e-06
psi(R) = 2.01e-01
parameter values for minimization:
K33 = 3.000000e+01
k24 = 6.000000e-01
Lambda = 3.000000e+01
d0 = 1.000000e+00
omega = 3.670000e+01
gamma_s = 1.000000e-01
initial guesses for R, eta, and delta:
guess for R = 2.186426e+00
guess for eta = 6.385576e+00
guess for delta = 8.161108e-01
estimated ranges of R, eta, and delta:
upper bound estimate of R = 3.279639e+00
lower bound estimate of R = 1.639819e+00
upper bound estimate of eta = 6.485576e+00
lower bound estimate of eta = 6.365576e+00
upper bound estimate of delta = 8.180000e-01
lower bound estimate of delta = 8.100000e-01
ss=4.669745617067e+19, lastss = 7.525157910590e+01
tol = 1.323820574831e-13
failed to integrate at x = (2.186426e+00,6.385576e+00,8.161108e-01)
solvde convergence failed when x = (2.186426e+00,6.385576e+00,8.161108e-01).
Retrying using a constant y value
    iteration	            R	          eta	        delta	            E	         dEdR	       dEdeta	     dEddelta	    grad norm
a-alpha = -2.109043e-07, fpa = -1.399201e-10
minimum found at:
           12	 2.238148e+00	 6.386804e+00	 8.161250e-01	-5.649203e+00	-3.390615e-08	-3.357808e-07	 1.160923e-05	 1.161414e-05
psi(R) = 2.01e-01
parameter values for minimization:
K33 = 3.000000e+01
k24 = 6.000000e-01
Lambda = 3.100000e+01
d0 = 1.000000e+00
omega = 3.670000e+01
gamma_s = 1.000000e-01
initial guesses for R, eta, and delta:
guess for R = 2.238148e+00
guess for eta = 6.386804e+00
guess for delta = 8.161250e-01
estimated ranges of R, eta, and delta:
upper bound estimate of R = 3.357222e+00
lower bound estimate of R = 1.678611e+00
upper bound estimate of eta = 6.486804e+00
lower bound estimate of eta = 6.366804e+00
upper bound estimate of delta = 8.180000e-01
lower bound estimate of delta = 8.100000e-01
likely a maximizing (vs minimizing) solution for psi(r), as y[1][2]=-2.262667e-04  which usually means high energy.
solvde convergence failed when x = (2.238148e+00,6.386804e+00,8.161250e-01).
Retrying using a constant y value
    iteration	            R	          eta	        delta	            E	         dEdR	       dEdeta	     dEddelta	    grad norm
minimum found at:
           10	 2.287467e+00	 6.387955e+00	 8.161375e-01	-5.648844e+00	 1.202855e-08	-7.426158e-08	 2.183439e-07	 2.309405e-07
psi(R) = 2.02e-01
parameter values for minimization:
K33 = 3.000000e+01
k24 = 6.000000e-01
Lambda = 3.200000e+01
d0 = 1.000000e+00
omega = 3.670000e+01
gamma_s = 1.000000e-01
initial guesses for R, eta, and delta:
guess for R = 2.287467e+00
guess for eta = 6.387955e+00
guess for delta = 8.161375e-01
estimated ranges of R, eta, and delta:
upper bound estimate of R = 3.431201e+00
lower bound estimate of R = 1.715600e+00
upper bound estimate of eta = 6.487955e+00
lower bound estimate of eta = 6.367955e+00
upper bound estimate of delta = 8.180000e-01
lower bound estimate of delta = 8.100000e-01
    iteration	            R	          eta	        delta	            E	         dEdR	       dEdeta	     dEddelta	    grad norm
minimum found at:
            8	 2.334543e+00	 6.389036e+00	 8.161490e-01	-5.648509e+00	-4.692152e-08	-6.777295e-07	-4.518608e-06	 4.569391e-06
psi(R) = 2.02e-01
parameter values for minimization:
K33 = 3.000000e+01
k24 = 6.000000e-01
Lambda = 3.300000e+01
d0 = 1.000000e+00
omega = 3.670000e+01
gamma_s = 1.000000e-01
initial guesses for R, eta, and delta:
guess for R = 2.334543e+00
guess for eta = 6.389036e+00
guess for delta = 8.161490e-01
estimated ranges of R, eta, and delta:
upper bound estimate of R = 3.501815e+00
lower bound estimate of R = 1.750907e+00
upper bound estimate of eta = 6.489036e+00
lower bound estimate of eta = 6.369036e+00
upper bound estimate of delta = 8.180000e-01
lower bound estimate of delta = 8.100000e-01
    iteration	            R	          eta	        delta	            E	         dEdR	       dEdeta	     dEddelta	    grad norm
a-alpha = -8.453631e-08, fpa = -1.149312e-09
a-alpha = -2.735931e-08, fpa = -6.631099e-10
minimum found at:
           13	 2.379627e+00	 6.390055e+00	 8.161596e-01	-5.648193e+00	-5.884304e-08	 2.842171e-07	-8.844777e-07	 9.308827e-07
psi(R) = 2.03e-01
parameter values for minimization:
K33 = 3.000000e+01
k24 = 6.000000e-01
Lambda = 3.400000e+01
d0 = 1.000000e+00
omega = 3.670000e+01
gamma_s = 1.000000e-01
initial guesses for R, eta, and delta:
guess for R = 2.379627e+00
guess for eta = 6.390055e+00
guess for delta = 8.161596e-01
estimated ranges of R, eta, and delta:
upper bound estimate of R = 3.569441e+00
lower bound estimate of R = 1.784720e+00
upper bound estimate of eta = 6.490055e+00
lower bound estimate of eta = 6.370055e+00
upper bound estimate of delta = 8.180000e-01
lower bound estimate of delta = 8.100000e-01
    iteration	            R	          eta	        delta	            E	         dEdR	       dEdeta	     dEddelta	    grad norm
minimum found at:
           19	 2.422888e+00	 6.391020e+00	 8.161693e-01	-5.647897e+00	 5.344836e-08	 0.000000e+00	-5.155136e-06	 5.155413e-06
psi(R) = 2.03e-01
parameter values for minimization:
K33 = 3.000000e+01
k24 = 6.000000e-01
Lambda = 3.500000e+01
d0 = 1.000000e+00
omega = 3.670000e+01
gamma_s = 1.000000e-01
initial guesses for R, eta, and delta:
guess for R = 2.422888e+00
guess for eta = 6.391020e+00
guess for delta = 8.161693e-01
estimated ranges of R, eta, and delta:
upper bound estimate of R = 3.634332e+00
lower bound estimate of R = 1.817166e+00
upper bound estimate of eta = 6.491020e+00
lower bound estimate of eta = 6.371020e+00
upper bound estimate of delta = 8.180000e-01
lower bound estimate of delta = 8.100000e-01
ss=1.227472863887e+20, lastss = 7.307745422210e+20
tol = 1.627625030068e-13
failed to integrate at x = (2.422888e+00,6.391020e+00,8.161693e-01)
solvde convergence failed when x = (2.422888e+00,6.391020e+00,8.161693e-01).
Retrying using a constant y value
    iteration	            R	          eta	        delta	            E	         dEdR	       dEdeta	     dEddelta	    grad norm
minimum found at:
            6	 2.464393e+00	 6.391932e+00	 8.161782e-01	-5.647617e+00	-3.985115e-08	 6.883383e-07	-6.394885e-06	 6.431947e-06
psi(R) = 2.04e-01
parameter values for minimization:
K33 = 3.000000e+01
k24 = 6.000000e-01
Lambda = 3.600000e+01
d0 = 1.000000e+00
omega = 3.670000e+01
gamma_s = 1.000000e-01
initial guesses for R, eta, and delta:
guess for R = 2.464393e+00
guess for eta = 6.391932e+00
guess for delta = 8.161782e-01
estimated ranges of R, eta, and delta:
upper bound estimate of R = 3.696589e+00
lower bound estimate of R = 1.848295e+00
upper bound estimate of eta = 6.491932e+00
lower bound estimate of eta = 6.371932e+00
upper bound estimate of delta = 8.180000e-01
lower bound estimate of delta = 8.100000e-01
likely a maximizing (vs minimizing) solution for psi(r), as y[1][2]=-2.247321e-04  which usually means high energy.
solvde convergence failed when x = (2.464393e+00,6.391932e+00,8.161782e-01).
Retrying using a constant y value
    iteration	            R	          eta	        delta	            E	         dEdR	       dEdeta	     dEddelta	    grad norm
a-alpha = 5.974839e-08, fpa = 3.296324e-10
minimum found at:
            9	 2.504352e+00	 6.392799e+00	 8.161866e-01	-5.647352e+00	-1.265420e-09	 1.233581e-07	 2.653433e-06	 2.656299e-06
psi(R) = 2.04e-01
parameter values for minimization:
K33 = 3.000000e+01
k24 = 6.000000e-01
Lambda = 3.700000e+01
d0 = 1.000000e+00
omega = 3.670000e+01
gamma_s = 1.000000e-01
initial guesses for R, eta, and delta:
guess for R = 2.504352e+00
guess for eta = 6.392799e+00
guess for delta = 8.161866e-01
estimated ranges of R, eta, and delta:
upper bound estimate of R = 3.756528e+00
lower bound estimate of R = 1.878264e+00
upper bound estimate of eta = 6.492799e+00
lower bound estimate of eta = 6.372799e+00
upper bound estimate of delta = 8.180000e-01
lower bound estimate of delta = 8.100000e-01
likely a maximizing (vs minimizing) solution for psi(r), as y[1][2]=-2.330197e-04  which usually means high energy.
solvde convergence failed when x = (2.504352e+00,6.392799e+00,8.161866e-01).
Retrying using a constant y value
    iteration	            R	          eta	        delta	            E	         dEdR	       dEdeta	     dEddelta	    grad norm
minimum found at:
            7	 2.542837e+00	 6.393623e+00	 8.161942e-01	-5.647101e+00	-1.043471e-08	-2.935923e-07	 3.145632e-07	 4.304130e-07
psi(R) = 2.05e-01
parameter values for minimization:
K33 = 3.000000e+01
k24 = 6.000000e-01
Lambda = 3.800000e+01
d0 = 1.000000e+00
omega = 3.670000e+01
gamma_s = 1.000000e-01
initial guesses for R, eta, and delta:
guess for R = 2.542837e+00
guess for eta = 6.393623e+00
guess for delta = 8.161942e-01
estimated ranges of R, eta, and delta:
upper bound estimate of R = 3.814255e+00
lower bound estimate of R = 1.907128e+00
upper bound estimate of eta = 6.493623e+00
lower bound estimate of eta = 6.373623e+00
upper bound estimate of delta = 8.180000e-01
lower bound estimate of delta = 8.100000e-01
likely a maximizing (vs minimizing) solution for psi(r), as y[1][2]=-2.428892e-04  which usually means high energy.
solvde convergence failed when x = (2.542837e+00,6.393623e+00,8.161942e-01).
Retrying using a constant y value
    iteration	            R	          eta	        delta	            E	         dEdR	       dEdeta	     dEddelta	    grad norm
a-alpha = 7.231085e-07, fpa = 2.455657e-10
minimum found at:
            9	 2.579960e+00	 6.394408e+00	 8.162014e-01	-5.646862e+00	-2.788082e-08	-6.190110e-07	 3.996803e-06	 4.044550e-06
psi(R) = 2.05e-01
parameter values for minimization:
K33 = 3.000000e+01
k24 = 6.000000e-01
Lambda = 3.900000e+01
d0 = 1.000000e+00
omega = 3.670000e+01
gamma_s = 1.000000e-01
initial guesses for R, eta, and delta:
guess for R = 2.579960e+00
guess for eta = 6.394408e+00
guess for delta = 8.162014e-01
estimated ranges of R, eta, and delta:
upper bound estimate of R = 3.869940e+00
lower bound estimate of R = 1.934970e+00
upper bound estimate of eta = 6.494408e+00
lower bound estimate of eta = 6.374408e+00
upper bound estimate of delta = 8.180000e-01
lower bound estimate of delta = 8.100000e-01
    iteration	            R	          eta	        delta	            E	         dEdR	       dEdeta	     dEddelta	    grad norm
minimum found at:
            7	 2.615836e+00	 6.395158e+00	 8.162081e-01	-5.646635e+00	-1.458135e-08	 1.931788e-07	 1.302662e-06	 1.316988e-06
psi(R) = 2.05e-01
parameter values for minimization:
K33 = 3.000000e+01
k24 = 6.000000e-01
Lambda = 4.000000e+01
d0 = 1.000000e+00
omega = 3.670000e+01
gamma_s = 1.000000e-01
initial guesses for R, eta, and delta:
guess for R = 2.615836e+00
guess for eta = 6.395158e+00
guess for delta = 8.162081e-01
estimated ranges of R, eta, and delta:
upper bound estimate of R = 3.923754e+00
lower bound estimate of R = 1.961877e+00
upper bound estimate of eta = 6.495158e+00
lower bound estimate of eta = 6.375158e+00
upper bound estimate of delta = 8.180000e-01
lower bound estimate of delta = 8.100000e-01
    iteration	            R	          eta	        delta	            E	         dEdR	       dEdeta	     dEddelta	    grad norm
minimum found at:
           10	 2.650524e+00	 6.395875e+00	 8.162144e-01	-5.646419e+00	 1.168014e-08	 1.033741e-07	 4.674039e-06	 4.675197e-06
psi(R) = 2.06e-01
parameter values for minimization:
K33 = 3.000000e+01
k24 = 6.000000e-01
Lambda = 4.100000e+01
d0 = 1.000000e+00
omega = 3.670000e+01
gamma_s = 1.000000e-01
initial guesses for R, eta, and delta:
guess for R = 2.650524e+00
guess for eta = 6.395875e+00
guess for delta = 8.162144e-01
estimated ranges of R, eta, and delta:
upper bound estimate of R = 3.975786e+00
lower bound estimate of R = 1.987893e+00
upper bound estimate of eta = 6.495875e+00
lower bound estimate of eta = 6.375875e+00
upper bound estimate of delta = 8.180000e-01
lower bound estimate of delta = 8.100000e-01
    iteration	            R	          eta	        delta	            E	         dEdR	       dEdeta	     dEddelta	    grad norm
a-alpha = -4.496660e-08, fpa = -1.531987e-09
minimum found at:
            6	 2.684086e+00	 6.396561e+00	 8.162202e-01	-5.646212e+00	 1.280809e-09	-3.454027e-09	-1.298961e-06	 1.298966e-06
psi(R) = 2.06e-01
parameter values for minimization:
K33 = 3.000000e+01
k24 = 6.000000e-01
Lambda = 4.200000e+01
d0 = 1.000000e+00
omega = 3.670000e+01
gamma_s = 1.000000e-01
initial guesses for R, eta, and delta:
guess for R = 2.684086e+00
guess for eta = 6.396561e+00
guess for delta = 8.162202e-01
estimated ranges of R, eta, and delta:
upper bound estimate of R = 4.026129e+00
lower bound estimate of R = 2.013065e+00
upper bound estimate of eta = 6.496561e+00
lower bound estimate of eta = 6.376561e+00
upper bound estimate of delta = 8.180000e-01
lower bound estimate of delta = 8.100000e-01
likely a maximizing (vs minimizing) solution for psi(r), as y[1][2]=-2.735576e-04  which usually means high energy.
solvde convergence failed when x = (2.684086e+00,6.396561e+00,8.162202e-01).
Retrying using a constant y value
    iteration	            R	          eta	        delta	            E	         dEdR	       dEdeta	     dEddelta	    grad norm
minimum found at:
            7	 2.716609e+00	 6.397219e+00	 8.162257e-01	-5.646015e+00	-1.617759e-10	-1.924387e-08	-1.217545e-06	 1.217697e-06
psi(R) = 2.06e-01
parameter values for minimization:
K33 = 3.000000e+01
k24 = 6.000000e-01
Lambda = 4.300000e+01
d0 = 1.000000e+00
omega = 3.670000e+01
gamma_s = 1.000000e-01
initial guesses for R, eta, and delta:
guess for R = 2.716609e+00
guess for eta = 6.397219e+00
guess for delta = 8.162257e-01
estimated ranges of R, eta, and delta:
upper bound estimate of R = 4.074914e+00
lower bound estimate of R = 2.037457e+00
upper bound estimate of eta = 6.497219e+00
lower bound estimate of eta = 6.377219e+00
upper bound estimate of delta = 8.180000e-01
lower bound estimate of delta = 8.100000e-01
likely a maximizing (vs minimizing) solution for psi(r), as y[1][2]=-2.813784e-04  which usually means high energy.
solvde convergence failed when x = (2.716609e+00,6.397219e+00,8.162257e-01).
Retrying using a constant y value
    iteration	            R	          eta	        delta	            E	         dEdR	       dEdeta	     dEddelta	    grad norm
minimum found at:
            8	 2.748146e+00	 6.397851e+00	 8.162311e-01	-5.645826e+00	 1.889009e-10	-4.265724e-07	 8.052818e-06	 8.064108e-06
psi(R) = 2.06e-01
parameter values for minimization:
K33 = 3.000000e+01
k24 = 6.000000e-01
Lambda = 4.400000e+01
d0 = 1.000000e+00
omega = 3.670000e+01
gamma_s = 1.000000e-01
initial guesses for R, eta, and delta:
guess for R = 2.748146e+00
guess for eta = 6.397851e+00
guess for delta = 8.162311e-01
estimated ranges of R, eta, and delta:
upper bound estimate of R = 4.122219e+00
lower bound estimate of R = 2.061110e+00
upper bound estimate of eta = 6.497851e+00
lower bound estimate of eta = 6.377851e+00
upper bound estimate of delta = 8.180000e-01
lower bound estimate of delta = 8.100000e-01
likely a maximizing (vs minimizing) solution for psi(r), as y[1][2]=-7.497471e-04  which usually means high energy.
solvde convergence failed when x = (2.748146e+00,6.397851e+00,8.162311e-01).
Retrying using a constant y value
    iteration	            R	          eta	        delta	            E	         dEdR	       dEdeta	     dEddelta	    grad norm
minimum found at:
            6	 2.778765e+00	 6.398458e+00	 8.162360e-01	-5.645645e+00	-1.220947e-09	 6.044548e-08	 4.300264e-06	 4.300689e-06
psi(R) = 2.07e-01
parameter values for minimization:
K33 = 3.000000e+01
k24 = 6.000000e-01
Lambda = 4.500000e+01
d0 = 1.000000e+00
omega = 3.670000e+01
gamma_s = 1.000000e-01
initial guesses for R, eta, and delta:
guess for R = 2.778765e+00
guess for eta = 6.398458e+00
guess for delta = 8.162360e-01
estimated ranges of R, eta, and delta:
upper bound estimate of R = 4.168147e+00
lower bound estimate of R = 2.084074e+00
upper bound estimate of eta = 6.498458e+00
lower bound estimate of eta = 6.378458e+00
upper bound estimate of delta = 8.180000e-01
lower bound estimate of delta = 8.100000e-01
    iteration	            R	          eta	        delta	            E	         dEdR	       dEdeta	     dEddelta	    grad norm
minimum found at:
            6	 2.808504e+00	 6.399042e+00	 8.162406e-01	-5.645471e+00	-2.309864e-08	 9.286399e-07	 6.069219e-07	 1.109621e-06
psi(R) = 2.07e-01
parameter values for minimization:
K33 = 3.000000e+01
k24 = 6.000000e-01
Lambda = 4.600000e+01
d0 = 1.000000e+00
omega = 3.670000e+01
gamma_s = 1.000000e-01
initial guesses for R, eta, and delta:
guess for R = 2.808504e+00
guess for eta = 6.399042e+00
guess for delta = 8.162406e-01
estimated ranges of R, eta, and delta:
upper bound estimate of R = 4.212756e+00
lower bound estimate of R = 2.106378e+00
upper bound estimate of eta = 6.499042e+00
lower bound estimate of eta = 6.379042e+00
upper bound estimate of delta = 8.180000e-01
lower bound estimate of delta = 8.100000e-01
    iteration	            R	          eta	        delta	            E	         dEdR	       dEdeta	     dEddelta	    grad norm
minimum found at:
            7	 2.837413e+00	 6.399604e+00	 8.162450e-01	-5.645304e+00	-6.606030e-10	 1.134895e-08	-2.009504e-06	 2.009536e-06
psi(R) = 2.07e-01
