hi
Restoring modules from user's standard_modules
parameter values for minimization:
K33 = 3.000000e+01
k24 = 6.000000e-01
Lambda = 0.000000e+00
d0 = 1.000000e+00
omega = 4.340000e+01
gamma_s = 1.000000e-01
initial guesses for R, eta, and delta:
guess for R = 5.000000e-01
guess for eta = 6.300000e+00
guess for delta = 8.100000e-01
estimated ranges of R, eta, and delta:
upper bound estimate of R = 2.000000e+00
lower bound estimate of R = 1.000000e-01
upper bound estimate of eta = 6.430000e+00
lower bound estimate of eta = 6.290000e+00
upper bound estimate of delta = 8.160000e-01
lower bound estimate of delta = 8.000000e-01
    iteration	            R	          eta	        delta	            E	         dEdR	       dEdeta	     dEddelta	    grad norm
minimum found at:
            6	 4.384966e-01	 6.300000e+00	 8.164966e-01	-7.216049e+00	-6.856114e-10	 0.000000e+00	-2.590520e-08	 2.591428e-08
psi(R) = 3.15e-01
parameter values for minimization:
K33 = 3.000000e+01
k24 = 6.000000e-01
Lambda = 1.000000e+00
d0 = 1.000000e+00
omega = 4.340000e+01
gamma_s = 1.000000e-01
initial guesses for R, eta, and delta:
guess for R = 4.384966e-01
guess for eta = 6.300000e+00
guess for delta = 8.164966e-01
estimated ranges of R, eta, and delta:
upper bound estimate of R = 6.577449e-01
lower bound estimate of R = 3.288724e-01
upper bound estimate of eta = 6.400000e+00
lower bound estimate of eta = 6.280000e+00
upper bound estimate of delta = 8.180000e-01
lower bound estimate of delta = 8.100000e-01
    iteration	            R	          eta	        delta	            E	         dEdR	       dEdeta	     dEddelta	    grad norm
minimum found at:
           13	 3.105791e-01	 6.358747e+00	 8.145220e-01	-7.106904e+00	-7.138791e-08	 1.051011e-07	 3.560115e-06	 3.562382e-06
psi(R) = 2.39e-01
parameter values for minimization:
K33 = 3.000000e+01
k24 = 6.000000e-01
Lambda = 2.000000e+00
d0 = 1.000000e+00
omega = 4.340000e+01
gamma_s = 1.000000e-01
initial guesses for R, eta, and delta:
guess for R = 3.105791e-01
guess for eta = 6.358747e+00
guess for delta = 8.145220e-01
estimated ranges of R, eta, and delta:
upper bound estimate of R = 4.658686e-01
lower bound estimate of R = 2.329343e-01
upper bound estimate of eta = 6.458747e+00
lower bound estimate of eta = 6.338747e+00
upper bound estimate of delta = 8.180000e-01
lower bound estimate of delta = 8.100000e-01
    iteration	            R	          eta	        delta	            E	         dEdR	       dEdeta	     dEddelta	    grad norm
minimum found at:
           15	 2.867867e-01	 6.347924e+00	 8.138119e-01	-7.050265e+00	-1.790839e-07	-3.695809e-07	-1.310063e-06	 1.372926e-06
psi(R) = 2.19e-01
parameter values for minimization:
K33 = 3.000000e+01
k24 = 6.000000e-01
Lambda = 3.000000e+00
d0 = 1.000000e+00
omega = 4.340000e+01
gamma_s = 1.000000e-01
initial guesses for R, eta, and delta:
guess for R = 2.867867e-01
guess for eta = 6.347924e+00
guess for delta = 8.138119e-01
estimated ranges of R, eta, and delta:
upper bound estimate of R = 4.301801e-01
lower bound estimate of R = 2.150900e-01
upper bound estimate of eta = 6.447924e+00
lower bound estimate of eta = 6.327924e+00
upper bound estimate of delta = 8.180000e-01
lower bound estimate of delta = 8.100000e-01
    iteration	            R	          eta	        delta	            E	         dEdR	       dEdeta	     dEddelta	    grad norm
minimum found at:
           13	 2.754239e-01	 6.341770e+00	 8.133705e-01	-7.008896e+00	 5.822360e-08	-8.573389e-07	 4.973799e-06	 5.047484e-06
psi(R) = 2.07e-01
parameter values for minimization:
K33 = 3.000000e+01
k24 = 6.000000e-01
Lambda = 4.000000e+00
d0 = 1.000000e+00
omega = 4.340000e+01
gamma_s = 1.000000e-01
initial guesses for R, eta, and delta:
guess for R = 2.754239e-01
guess for eta = 6.341770e+00
guess for delta = 8.133705e-01
estimated ranges of R, eta, and delta:
upper bound estimate of R = 4.131358e-01
lower bound estimate of R = 2.065679e-01
upper bound estimate of eta = 6.441770e+00
lower bound estimate of eta = 6.321770e+00
upper bound estimate of delta = 8.180000e-01
lower bound estimate of delta = 8.100000e-01
    iteration	            R	          eta	        delta	            E	         dEdR	       dEdeta	     dEddelta	    grad norm
minimum found at:
           13	 2.690811e-01	 6.337543e+00	 8.130617e-01	-6.975779e+00	-5.603932e-08	-1.041142e-07	 5.591823e-06	 5.593073e-06
psi(R) = 1.99e-01
parameter values for minimization:
K33 = 3.000000e+01
k24 = 6.000000e-01
Lambda = 5.000000e+00
d0 = 1.000000e+00
omega = 4.340000e+01
gamma_s = 1.000000e-01
initial guesses for R, eta, and delta:
guess for R = 2.690811e-01
guess for eta = 6.337543e+00
guess for delta = 8.130617e-01
estimated ranges of R, eta, and delta:
upper bound estimate of R = 4.036217e-01
lower bound estimate of R = 2.018108e-01
upper bound estimate of eta = 6.437543e+00
lower bound estimate of eta = 6.317543e+00
upper bound estimate of delta = 8.180000e-01
lower bound estimate of delta = 8.100000e-01
    iteration	            R	          eta	        delta	            E	         dEdR	       dEdeta	     dEddelta	    grad norm
a-alpha = 7.391951e-08, fpa = 8.688721e-10
a-alpha = -6.353114e-08, fpa = -2.647595e-09
a-alpha = 1.704721e-08, fpa = 3.782798e-09
a-alpha = -3.645377e-08, fpa = -2.967349e-10
minimum found at:
           20	 2.654838e-01	 6.334364e+00	 8.128346e-01	-6.948013e+00	-4.320359e-07	-1.228647e-07	-1.184238e-06	 1.266558e-06
psi(R) = 1.92e-01
parameter values for minimization:
K33 = 3.000000e+01
k24 = 6.000000e-01
Lambda = 6.000000e+00
d0 = 1.000000e+00
omega = 4.340000e+01
gamma_s = 1.000000e-01
initial guesses for R, eta, and delta:
guess for R = 2.654838e-01
guess for eta = 6.334364e+00
guess for delta = 8.128346e-01
estimated ranges of R, eta, and delta:
upper bound estimate of R = 3.982257e-01
lower bound estimate of R = 1.991129e-01
upper bound estimate of eta = 6.434364e+00
lower bound estimate of eta = 6.314364e+00
upper bound estimate of delta = 8.180000e-01
lower bound estimate of delta = 8.100000e-01
    iteration	            R	          eta	        delta	            E	         dEdR	       dEdeta	     dEddelta	    grad norm
minimum found at:
            9	 2.636631e-01	 6.331843e+00	 8.126643e-01	-6.924072e+00	 5.965414e-07	-8.166307e-08	-9.992007e-08	 6.103397e-07
psi(R) = 1.87e-01
parameter values for minimization:
K33 = 3.000000e+01
k24 = 6.000000e-01
Lambda = 7.000000e+00
d0 = 1.000000e+00
omega = 4.340000e+01
gamma_s = 1.000000e-01
initial guesses for R, eta, and delta:
guess for R = 2.636631e-01
guess for eta = 6.331843e+00
guess for delta = 8.126643e-01
estimated ranges of R, eta, and delta:
upper bound estimate of R = 3.954946e-01
lower bound estimate of R = 1.977473e-01
upper bound estimate of eta = 6.431843e+00
lower bound estimate of eta = 6.311843e+00
upper bound estimate of delta = 8.180000e-01
lower bound estimate of delta = 8.100000e-01
    iteration	            R	          eta	        delta	            E	         dEdR	       dEdeta	     dEddelta	    grad norm
a-alpha = 3.212234e-09, fpa = 7.364723e-09
a-alpha = -1.687211e-08, fpa = -1.701886e-09
minimum found at:
           14	 2.631366e-01	 6.329772e+00	 8.125368e-01	-6.903035e+00	-4.744501e-07	-1.258253e-07	-1.750452e-06	 1.817970e-06
psi(R) = 1.82e-01
parameter values for minimization:
K33 = 3.000000e+01
k24 = 6.000000e-01
Lambda = 8.000000e+00
d0 = 1.000000e+00
omega = 4.340000e+01
gamma_s = 1.000000e-01
initial guesses for R, eta, and delta:
guess for R = 2.631366e-01
guess for eta = 6.329772e+00
guess for delta = 8.125368e-01
estimated ranges of R, eta, and delta:
upper bound estimate of R = 3.947049e-01
lower bound estimate of R = 1.973525e-01
upper bound estimate of eta = 6.429772e+00
lower bound estimate of eta = 6.309772e+00
upper bound estimate of delta = 8.180000e-01
lower bound estimate of delta = 8.100000e-01
    iteration	            R	          eta	        delta	            E	         dEdR	       dEdeta	     dEddelta	    grad norm
minimum found at:
            6	 2.636492e-01	 6.328032e+00	 8.124432e-01	-6.884301e+00	 1.080112e-08	-5.921189e-09	-3.597123e-06	 3.597144e-06
psi(R) = 1.78e-01
parameter values for minimization:
K33 = 3.000000e+01
k24 = 6.000000e-01
Lambda = 9.000000e+00
d0 = 1.000000e+00
omega = 4.340000e+01
gamma_s = 1.000000e-01
initial guesses for R, eta, and delta:
guess for R = 2.636492e-01
guess for eta = 6.328032e+00
guess for delta = 8.124432e-01
estimated ranges of R, eta, and delta:
upper bound estimate of R = 3.954738e-01
lower bound estimate of R = 1.977369e-01
upper bound estimate of eta = 6.428032e+00
lower bound estimate of eta = 6.308032e+00
upper bound estimate of delta = 8.180000e-01
lower bound estimate of delta = 8.100000e-01
    iteration	            R	          eta	        delta	            E	         dEdR	       dEdeta	     dEddelta	    grad norm
minimum found at:
            6	 2.650696e-01	 6.326544e+00	 8.123783e-01	-6.867454e+00	-1.573599e-07	-8.264994e-08	 5.388282e-06	 5.391213e-06
psi(R) = 1.75e-01
parameter values for minimization:
K33 = 3.000000e+01
k24 = 6.000000e-01
Lambda = 1.000000e+01
d0 = 1.000000e+00
omega = 4.340000e+01
gamma_s = 1.000000e-01
initial guesses for R, eta, and delta:
guess for R = 2.650696e-01
guess for eta = 6.326544e+00
guess for delta = 8.123783e-01
estimated ranges of R, eta, and delta:
upper bound estimate of R = 3.976044e-01
lower bound estimate of R = 1.988022e-01
upper bound estimate of eta = 6.426544e+00
lower bound estimate of eta = 6.306544e+00
upper bound estimate of delta = 8.180000e-01
lower bound estimate of delta = 8.100000e-01
    iteration	            R	          eta	        delta	            E	         dEdR	       dEdeta	     dEddelta	    grad norm
minimum found at:
            6	 2.673491e-01	 6.325258e+00	 8.123382e-01	-6.852192e+00	-6.865287e-08	 1.270589e-07	 2.039110e-06	 2.044218e-06
psi(R) = 1.72e-01
parameter values for minimization:
K33 = 3.000000e+01
k24 = 6.000000e-01
Lambda = 1.100000e+01
d0 = 1.000000e+00
omega = 4.340000e+01
gamma_s = 1.000000e-01
initial guesses for R, eta, and delta:
guess for R = 2.673491e-01
guess for eta = 6.325258e+00
guess for delta = 8.123382e-01
estimated ranges of R, eta, and delta:
upper bound estimate of R = 4.010237e-01
lower bound estimate of R = 2.005118e-01
upper bound estimate of eta = 6.425258e+00
lower bound estimate of eta = 6.305258e+00
upper bound estimate of delta = 8.180000e-01
lower bound estimate of delta = 8.100000e-01
    iteration	            R	          eta	        delta	            E	         dEdR	       dEdeta	     dEddelta	    grad norm
minimum found at:
            6	 2.705050e-01	 6.324141e+00	 8.123211e-01	-6.838292e+00	-1.033563e-09	-5.551115e-08	 3.330669e-07	 3.376627e-07
psi(R) = 1.69e-01
parameter values for minimization:
K33 = 3.000000e+01
k24 = 6.000000e-01
Lambda = 1.200000e+01
d0 = 1.000000e+00
omega = 4.340000e+01
gamma_s = 1.000000e-01
initial guesses for R, eta, and delta:
guess for R = 2.705050e-01
guess for eta = 6.324141e+00
guess for delta = 8.123211e-01
estimated ranges of R, eta, and delta:
upper bound estimate of R = 4.057575e-01
lower bound estimate of R = 2.028787e-01
upper bound estimate of eta = 6.424141e+00
lower bound estimate of eta = 6.304141e+00
upper bound estimate of delta = 8.180000e-01
lower bound estimate of delta = 8.100000e-01
    iteration	            R	          eta	        delta	            E	         dEdR	       dEdeta	     dEddelta	    grad norm
minimum found at:
            7	 2.746226e-01	 6.323170e+00	 8.123261e-01	-6.825583e+00	 4.480029e-08	 1.273056e-07	-1.258253e-06	 1.265470e-06
psi(R) = 1.66e-01
parameter values for minimization:
K33 = 3.000000e+01
k24 = 6.000000e-01
Lambda = 1.300000e+01
d0 = 1.000000e+00
omega = 4.340000e+01
gamma_s = 1.000000e-01
initial guesses for R, eta, and delta:
guess for R = 2.746226e-01
guess for eta = 6.323170e+00
guess for delta = 8.123261e-01
estimated ranges of R, eta, and delta:
upper bound estimate of R = 4.119339e-01
lower bound estimate of R = 2.059669e-01
upper bound estimate of eta = 6.423170e+00
lower bound estimate of eta = 6.303170e+00
upper bound estimate of delta = 8.180000e-01
lower bound estimate of delta = 8.100000e-01
    iteration	            R	          eta	        delta	            E	         dEdR	       dEdeta	     dEddelta	    grad norm
a-alpha = 6.113956e-08, fpa = 6.378832e-10
a-alpha = 3.503310e-09, fpa = 7.080521e-09
minimum found at:
           39	 2.798761e-01	 6.322333e+00	 8.123539e-01	-6.813937e+00	 1.697584e-07	 3.125895e-07	-5.769459e-06	 5.780414e-06
psi(R) = 1.64e-01
parameter values for minimization:
K33 = 3.000000e+01
k24 = 6.000000e-01
Lambda = 1.400000e+01
d0 = 1.000000e+00
omega = 4.340000e+01
gamma_s = 1.000000e-01
initial guesses for R, eta, and delta:
guess for R = 2.798761e-01
guess for eta = 6.322333e+00
guess for delta = 8.123539e-01
estimated ranges of R, eta, and delta:
upper bound estimate of R = 4.198141e-01
lower bound estimate of R = 2.099071e-01
upper bound estimate of eta = 6.422333e+00
lower bound estimate of eta = 6.302333e+00
upper bound estimate of delta = 8.180000e-01
lower bound estimate of delta = 8.100000e-01
    iteration	            R	          eta	        delta	            E	         dEdR	       dEdeta	     dEddelta	    grad norm
minimum found at:
            6	 2.865813e-01	 6.321628e+00	 8.124066e-01	-6.803257e+00	-2.033842e-07	 5.918722e-07	-8.574622e-06	 8.597432e-06
psi(R) = 1.62e-01
parameter values for minimization:
K33 = 3.000000e+01
k24 = 6.000000e-01
Lambda = 1.500000e+01
d0 = 1.000000e+00
omega = 4.340000e+01
gamma_s = 1.000000e-01
initial guesses for R, eta, and delta:
guess for R = 2.865813e-01
guess for eta = 6.321628e+00
guess for delta = 8.124066e-01
estimated ranges of R, eta, and delta:
upper bound estimate of R = 4.298720e-01
lower bound estimate of R = 2.149360e-01
upper bound estimate of eta = 6.421628e+00
lower bound estimate of eta = 6.301628e+00
upper bound estimate of delta = 8.180000e-01
lower bound estimate of delta = 8.100000e-01
    iteration	            R	          eta	        delta	            E	         dEdR	       dEdeta	     dEddelta	    grad norm
a-alpha = -9.792404e-09, fpa = -2.835779e-09
a-alpha = 2.722900e-08, fpa = 1.529442e-09
a-alpha = 1.499344e-09, fpa = 9.748717e-09
a-alpha = -8.273273e-09, fpa = -2.935680e-09
a-alpha = 1.199309e-08, fpa = 4.690388e-09
minimum found at:
           56	 2.953278e-01	 6.321065e+00	 8.124897e-01	-6.793473e+00	 2.048240e-07	 1.285392e-07	 1.268615e-05	 1.268845e-05
psi(R) = 1.60e-01
parameter values for minimization:
K33 = 3.000000e+01
k24 = 6.000000e-01
Lambda = 1.600000e+01
d0 = 1.000000e+00
omega = 4.340000e+01
gamma_s = 1.000000e-01
initial guesses for R, eta, and delta:
guess for R = 2.953278e-01
guess for eta = 6.321065e+00
guess for delta = 8.124897e-01
estimated ranges of R, eta, and delta:
upper bound estimate of R = 4.429917e-01
lower bound estimate of R = 2.214958e-01
upper bound estimate of eta = 6.421065e+00
lower bound estimate of eta = 6.301065e+00
upper bound estimate of delta = 8.180000e-01
lower bound estimate of delta = 8.100000e-01
    iteration	            R	          eta	        delta	            E	         dEdR	       dEdeta	     dEddelta	    grad norm
a-alpha = 7.723206e-09, fpa = 3.607617e-09
a-alpha = 1.459543e-07, fpa = 1.344362e-09
minimum found at:
           28	 3.073517e-01	 6.320683e+00	 8.126142e-01	-6.784549e+00	-4.382832e-07	 2.457294e-07	-4.033810e-06	 4.064985e-06
psi(R) = 1.58e-01
parameter values for minimization:
K33 = 3.000000e+01
k24 = 6.000000e-01
Lambda = 1.700000e+01
d0 = 1.000000e+00
omega = 4.340000e+01
gamma_s = 1.000000e-01
initial guesses for R, eta, and delta:
guess for R = 3.073517e-01
guess for eta = 6.320683e+00
guess for delta = 8.126142e-01
estimated ranges of R, eta, and delta:
upper bound estimate of R = 4.610276e-01
lower bound estimate of R = 2.305138e-01
upper bound estimate of eta = 6.420683e+00
lower bound estimate of eta = 6.300683e+00
upper bound estimate of delta = 8.180000e-01
lower bound estimate of delta = 8.100000e-01
    iteration	            R	          eta	        delta	            E	         dEdR	       dEdeta	     dEddelta	    grad norm
a-alpha = 1.927140e-08, fpa = 7.123857e-09
a-alpha = 3.084040e-08, fpa = 8.071803e-10
minimum found at:
           32	 3.260641e-01	 6.320611e+00	 8.128123e-01	-6.776495e+00	-1.417918e-07	-2.102022e-07	-1.006972e-05	 1.007291e-05
psi(R) = 1.57e-01
parameter values for minimization:
K33 = 3.000000e+01
k24 = 6.000000e-01
Lambda = 1.800000e+01
d0 = 1.000000e+00
omega = 4.340000e+01
gamma_s = 1.000000e-01
initial guesses for R, eta, and delta:
guess for R = 3.260641e-01
guess for eta = 6.320611e+00
guess for delta = 8.128123e-01
estimated ranges of R, eta, and delta:
upper bound estimate of R = 4.890962e-01
lower bound estimate of R = 2.445481e-01
upper bound estimate of eta = 6.420611e+00
lower bound estimate of eta = 6.300611e+00
upper bound estimate of delta = 8.180000e-01
lower bound estimate of delta = 8.100000e-01
    iteration	            R	          eta	        delta	            E	         dEdR	       dEdeta	     dEddelta	    grad norm
likely a maximizing (vs minimizing) solution for psi(r), as y[1][2]=-6.620354e-04  which usually means high energy.
solvde convergence failed when x = (4.613736e+00,6.484542e+00,8.134922e-01).
Retrying using a constant y value
minimum found at:
           60	 1.296862e+00	 6.360400e+00	 8.157915e-01	-6.774084e+00	 3.006017e-07	 1.216311e-07	-1.324496e-05	 1.324893e-05
psi(R) = 1.87e-01
parameter values for minimization:
K33 = 3.000000e+01
k24 = 6.000000e-01
Lambda = 1.900000e+01
d0 = 1.000000e+00
omega = 4.340000e+01
gamma_s = 1.000000e-01
initial guesses for R, eta, and delta:
guess for R = 1.296862e+00
guess for eta = 6.360400e+00
guess for delta = 8.157915e-01
estimated ranges of R, eta, and delta:
upper bound estimate of R = 1.945293e+00
lower bound estimate of R = 9.726465e-01
upper bound estimate of eta = 6.460400e+00
lower bound estimate of eta = 6.340400e+00
upper bound estimate of delta = 8.180000e-01
lower bound estimate of delta = 8.100000e-01
    iteration	            R	          eta	        delta	            E	         dEdR	       dEdeta	     dEddelta	    grad norm
minimum found at:
           21	 1.428405e+00	 6.364699e+00	 8.158809e-01	-6.772826e+00	-4.422721e-08	 7.524845e-08	 7.593925e-06	 7.594427e-06
psi(R) = 1.90e-01
parameter values for minimization:
K33 = 3.000000e+01
k24 = 6.000000e-01
Lambda = 2.000000e+01
d0 = 1.000000e+00
omega = 4.340000e+01
gamma_s = 1.000000e-01
initial guesses for R, eta, and delta:
guess for R = 1.428405e+00
guess for eta = 6.364699e+00
guess for delta = 8.158809e-01
estimated ranges of R, eta, and delta:
upper bound estimate of R = 2.142607e+00
lower bound estimate of R = 1.071304e+00
upper bound estimate of eta = 6.464699e+00
lower bound estimate of eta = 6.344699e+00
upper bound estimate of delta = 8.180000e-01
lower bound estimate of delta = 8.100000e-01
    iteration	            R	          eta	        delta	            E	         dEdR	       dEdeta	     dEddelta	    grad norm
minimum found at:
           12	 1.539587e+00	 6.368152e+00	 8.159433e-01	-6.771768e+00	-8.843340e-08	 7.539648e-07	 2.523907e-06	 2.635600e-06
psi(R) = 1.92e-01
parameter values for minimization:
K33 = 3.000000e+01
k24 = 6.000000e-01
Lambda = 2.100000e+01
d0 = 1.000000e+00
omega = 4.340000e+01
gamma_s = 1.000000e-01
initial guesses for R, eta, and delta:
guess for R = 1.539587e+00
guess for eta = 6.368152e+00
guess for delta = 8.159433e-01
estimated ranges of R, eta, and delta:
upper bound estimate of R = 2.309381e+00
lower bound estimate of R = 1.154690e+00
upper bound estimate of eta = 6.468152e+00
lower bound estimate of eta = 6.348152e+00
upper bound estimate of delta = 8.180000e-01
lower bound estimate of delta = 8.100000e-01
    iteration	            R	          eta	        delta	            E	         dEdR	       dEdeta	     dEddelta	    grad norm
minimum found at:
           15	 1.637438e+00	 6.371066e+00	 8.159906e-01	-6.770855e+00	-1.628123e-08	 4.201577e-07	 3.626729e-07	 5.552740e-07
psi(R) = 1.94e-01
parameter values for minimization:
K33 = 3.000000e+01
k24 = 6.000000e-01
Lambda = 2.200000e+01
d0 = 1.000000e+00
omega = 4.340000e+01
gamma_s = 1.000000e-01
initial guesses for R, eta, and delta:
guess for R = 1.637438e+00
guess for eta = 6.371066e+00
guess for delta = 8.159906e-01
estimated ranges of R, eta, and delta:
upper bound estimate of R = 2.456157e+00
lower bound estimate of R = 1.228079e+00
upper bound estimate of eta = 6.471066e+00
lower bound estimate of eta = 6.351066e+00
upper bound estimate of delta = 8.180000e-01
lower bound estimate of delta = 8.100000e-01
    iteration	            R	          eta	        delta	            E	         dEdR	       dEdeta	     dEddelta	    grad norm
a-alpha = 2.566692e-08, fpa = 1.226477e-09
minimum found at:
           20	 1.725518e+00	 6.373595e+00	 8.160282e-01	-6.770054e+00	-5.351873e-09	 2.403016e-07	 5.928591e-06	 5.933461e-06
psi(R) = 1.95e-01
parameter values for minimization:
K33 = 3.000000e+01
k24 = 6.000000e-01
Lambda = 2.300000e+01
d0 = 1.000000e+00
omega = 4.340000e+01
gamma_s = 1.000000e-01
initial guesses for R, eta, and delta:
guess for R = 1.725518e+00
guess for eta = 6.373595e+00
guess for delta = 8.160282e-01
estimated ranges of R, eta, and delta:
upper bound estimate of R = 2.588277e+00
lower bound estimate of R = 1.294139e+00
upper bound estimate of eta = 6.473595e+00
lower bound estimate of eta = 6.353595e+00
upper bound estimate of delta = 8.180000e-01
lower bound estimate of delta = 8.100000e-01
    iteration	            R	          eta	        delta	            E	         dEdR	       dEdeta	     dEddelta	    grad norm
minimum found at:
           16	 1.805989e+00	 6.375833e+00	 8.160589e-01	-6.769342e+00	 5.794733e-08	 4.317534e-08	-3.330669e-06	 3.331453e-06
psi(R) = 1.96e-01
parameter values for minimization:
K33 = 3.000000e+01
k24 = 6.000000e-01
Lambda = 2.400000e+01
d0 = 1.000000e+00
omega = 4.340000e+01
gamma_s = 1.000000e-01
initial guesses for R, eta, and delta:
guess for R = 1.805989e+00
guess for eta = 6.375833e+00
guess for delta = 8.160589e-01
estimated ranges of R, eta, and delta:
upper bound estimate of R = 2.708983e+00
lower bound estimate of R = 1.354492e+00
upper bound estimate of eta = 6.475833e+00
lower bound estimate of eta = 6.355833e+00
upper bound estimate of delta = 8.180000e-01
lower bound estimate of delta = 8.100000e-01
    iteration	            R	          eta	        delta	            E	         dEdR	       dEdeta	     dEddelta	    grad norm
minimum found at:
           16	 1.880241e+00	 6.377840e+00	 8.160848e-01	-6.768703e+00	-3.724536e-08	 9.424560e-08	 7.257158e-06	 7.257865e-06
psi(R) = 1.97e-01
parameter values for minimization:
K33 = 3.000000e+01
k24 = 6.000000e-01
Lambda = 2.500000e+01
d0 = 1.000000e+00
omega = 4.340000e+01
gamma_s = 1.000000e-01
initial guesses for R, eta, and delta:
guess for R = 1.880241e+00
guess for eta = 6.377840e+00
guess for delta = 8.160848e-01
estimated ranges of R, eta, and delta:
upper bound estimate of R = 2.820362e+00
lower bound estimate of R = 1.410181e+00
upper bound estimate of eta = 6.477840e+00
lower bound estimate of eta = 6.357840e+00
upper bound estimate of delta = 8.180000e-01
lower bound estimate of delta = 8.100000e-01
    iteration	            R	          eta	        delta	            E	         dEdR	       dEdeta	     dEddelta	    grad norm
minimum found at:
           19	 1.949345e+00	 6.379660e+00	 8.161069e-01	-6.768124e+00	 7.757444e-08	-3.550247e-07	 1.065814e-05	 1.066433e-05
psi(R) = 1.98e-01
parameter values for minimization:
K33 = 3.000000e+01
k24 = 6.000000e-01
Lambda = 2.600000e+01
d0 = 1.000000e+00
omega = 4.340000e+01
gamma_s = 1.000000e-01
initial guesses for R, eta, and delta:
guess for R = 1.949345e+00
guess for eta = 6.379660e+00
guess for delta = 8.161069e-01
estimated ranges of R, eta, and delta:
upper bound estimate of R = 2.924018e+00
lower bound estimate of R = 1.462009e+00
upper bound estimate of eta = 6.479660e+00
lower bound estimate of eta = 6.359660e+00
upper bound estimate of delta = 8.180000e-01
lower bound estimate of delta = 8.100000e-01
    iteration	            R	          eta	        delta	            E	         dEdR	       dEdeta	     dEddelta	    grad norm
minimum found at:
           12	 2.013974e+00	 6.381321e+00	 8.161257e-01	-6.767596e+00	-4.566417e-08	-6.488637e-07	-7.379282e-06	 7.407896e-06
psi(R) = 1.99e-01
parameter values for minimization:
K33 = 3.000000e+01
k24 = 6.000000e-01
Lambda = 2.700000e+01
d0 = 1.000000e+00
omega = 4.340000e+01
gamma_s = 1.000000e-01
initial guesses for R, eta, and delta:
guess for R = 2.013974e+00
guess for eta = 6.381321e+00
guess for delta = 8.161257e-01
estimated ranges of R, eta, and delta:
upper bound estimate of R = 3.020961e+00
lower bound estimate of R = 1.510481e+00
upper bound estimate of eta = 6.481321e+00
lower bound estimate of eta = 6.361321e+00
upper bound estimate of delta = 8.180000e-01
lower bound estimate of delta = 8.100000e-01
    iteration	            R	          eta	        delta	            E	         dEdR	       dEdeta	     dEddelta	    grad norm
minimum found at:
           16	 2.074790e+00	 6.382851e+00	 8.161425e-01	-6.767112e+00	 2.450044e-09	-1.067541e-06	-3.297362e-06	 3.465869e-06
psi(R) = 2.00e-01
parameter values for minimization:
K33 = 3.000000e+01
k24 = 6.000000e-01
Lambda = 2.800000e+01
d0 = 1.000000e+00
omega = 4.340000e+01
gamma_s = 1.000000e-01
initial guesses for R, eta, and delta:
guess for R = 2.074790e+00
guess for eta = 6.382851e+00
guess for delta = 8.161425e-01
estimated ranges of R, eta, and delta:
upper bound estimate of R = 3.112185e+00
lower bound estimate of R = 1.556093e+00
upper bound estimate of eta = 6.482851e+00
lower bound estimate of eta = 6.362851e+00
upper bound estimate of delta = 8.180000e-01
lower bound estimate of delta = 8.100000e-01
likely a maximizing (vs minimizing) solution for psi(r), as y[1][2]=-1.621763e-04  which usually means high energy.
solvde convergence failed when x = (2.074790e+00,6.382851e+00,8.161425e-01).
Retrying using a constant y value
    iteration	            R	          eta	        delta	            E	         dEdR	       dEdeta	     dEddelta	    grad norm
minimum found at:
           13	 2.132223e+00	 6.384266e+00	 8.161574e-01	-6.766666e+00	 8.885061e-09	-4.189242e-07	 6.772360e-06	 6.785311e-06
psi(R) = 2.00e-01
parameter values for minimization:
K33 = 3.000000e+01
k24 = 6.000000e-01
Lambda = 2.900000e+01
d0 = 1.000000e+00
omega = 4.340000e+01
gamma_s = 1.000000e-01
initial guesses for R, eta, and delta:
guess for R = 2.132223e+00
guess for eta = 6.384266e+00
guess for delta = 8.161574e-01
estimated ranges of R, eta, and delta:
upper bound estimate of R = 3.198335e+00
lower bound estimate of R = 1.599167e+00
upper bound estimate of eta = 6.484266e+00
lower bound estimate of eta = 6.364266e+00
upper bound estimate of delta = 8.180000e-01
lower bound estimate of delta = 8.100000e-01
    iteration	            R	          eta	        delta	            E	         dEdR	       dEdeta	     dEddelta	    grad norm
minimum found at:
            7	 2.186639e+00	 6.385581e+00	 8.161704e-01	-6.766253e+00	-1.838376e-08	-7.549517e-08	-3.552714e-06	 3.553563e-06
psi(R) = 2.01e-01
parameter values for minimization:
K33 = 3.000000e+01
k24 = 6.000000e-01
Lambda = 3.000000e+01
d0 = 1.000000e+00
omega = 4.340000e+01
gamma_s = 1.000000e-01
initial guesses for R, eta, and delta:
guess for R = 2.186639e+00
guess for eta = 6.385581e+00
guess for delta = 8.161704e-01
estimated ranges of R, eta, and delta:
upper bound estimate of R = 3.279959e+00
lower bound estimate of R = 1.639979e+00
upper bound estimate of eta = 6.485581e+00
lower bound estimate of eta = 6.365581e+00
upper bound estimate of delta = 8.180000e-01
lower bound estimate of delta = 8.100000e-01
ss=4.531588316835e+19, lastss = 6.973218737164e+01
tol = 1.591041251167e-13
failed to integrate at x = (2.186639e+00,6.385581e+00,8.161704e-01)
solvde convergence failed when x = (2.186639e+00,6.385581e+00,8.161704e-01).
Retrying using a constant y value
    iteration	            R	          eta	        delta	            E	         dEdR	       dEdeta	     dEddelta	    grad norm
minimum found at:
           11	 2.238370e+00	 6.386809e+00	 8.161824e-01	-6.765869e+00	-9.026318e-09	 4.909653e-08	 4.096723e-06	 4.097027e-06
psi(R) = 2.01e-01
Traceback (most recent call last):
  File "scan2d.py", line 77, in <module>
    Ei,Ri,etai,deltai,surftwisti = run.get_all_observables('observables',str2float=True)
  File "../../modules_gammak24/singlerun.py", line 77, i