hi
Restoring modules from user's standard_modules
parameter values for minimization:
K33 = 3.000000e+01
k24 = 6.000000e-01
Lambda = 0.000000e+00
d0 = 1.000000e+00
omega = 7.270000e+01
gamma_s = 1.000000e-01
initial guesses for R, eta, and delta:
guess for R = 5.000000e-01
guess for eta = 6.300000e+00
guess for delta = 8.100000e-01
estimated ranges of R, eta, and delta:
upper bound estimate of R = 2.000000e+00
lower bound estimate of R = 1.000000e-01
upper bound estimate of eta = 6.430000e+00
lower bound estimate of eta = 6.290000e+00
upper bound estimate of delta = 8.160000e-01
lower bound estimate of delta = 8.000000e-01
    iteration	            R	          eta	        delta	            E	         dEdR	       dEdeta	     dEddelta	    grad norm
minimum found at:
            5	 4.384966e-01	 6.300000e+00	 8.164966e-01	-1.209938e+01	-2.399640e-09	-4.229421e-10	 1.480297e-08	 1.500217e-08
psi(R) = 3.15e-01
parameter values for minimization:
K33 = 3.000000e+01
k24 = 6.000000e-01
Lambda = 1.000000e+00
d0 = 1.000000e+00
omega = 7.270000e+01
gamma_s = 1.000000e-01
initial guesses for R, eta, and delta:
guess for R = 4.384966e-01
guess for eta = 6.300000e+00
guess for delta = 8.164966e-01
estimated ranges of R, eta, and delta:
upper bound estimate of R = 6.577449e-01
lower bound estimate of R = 3.288724e-01
upper bound estimate of eta = 6.400000e+00
lower bound estimate of eta = 6.280000e+00
upper bound estimate of delta = 8.180000e-01
lower bound estimate of delta = 8.100000e-01
    iteration	            R	          eta	        delta	            E	         dEdR	       dEdeta	     dEddelta	    grad norm
minimum found at:
           12	 3.105063e-01	 6.358716e+00	 8.153196e-01	-1.199017e+01	-1.080271e-07	-1.844944e-06	 1.019185e-05	 1.035805e-05
psi(R) = 2.39e-01
parameter values for minimization:
K33 = 3.000000e+01
k24 = 6.000000e-01
Lambda = 2.000000e+00
d0 = 1.000000e+00
omega = 7.270000e+01
gamma_s = 1.000000e-01
initial guesses for R, eta, and delta:
guess for R = 3.105063e-01
guess for eta = 6.358716e+00
guess for delta = 8.153196e-01
estimated ranges of R, eta, and delta:
upper bound estimate of R = 4.657595e-01
lower bound estimate of R = 2.328797e-01
upper bound estimate of eta = 6.458716e+00
lower bound estimate of eta = 6.338716e+00
upper bound estimate of delta = 8.180000e-01
lower bound estimate of delta = 8.100000e-01
    iteration	            R	          eta	        delta	            E	         dEdR	       dEdeta	     dEddelta	    grad norm
a-alpha = -2.001850e-08, fpa = -2.214877e-09
minimum found at:
           18	 2.867043e-01	 6.347882e+00	 8.148975e-01	-1.193347e+01	 4.291901e-07	-3.616860e-07	-1.125026e-06	 1.257261e-06
psi(R) = 2.19e-01
parameter values for minimization:
K33 = 3.000000e+01
k24 = 6.000000e-01
Lambda = 3.000000e+00
d0 = 1.000000e+00
omega = 7.270000e+01
gamma_s = 1.000000e-01
initial guesses for R, eta, and delta:
guess for R = 2.867043e-01
guess for eta = 6.347882e+00
guess for delta = 8.148975e-01
estimated ranges of R, eta, and delta:
upper bound estimate of R = 4.300565e-01
lower bound estimate of R = 2.150282e-01
upper bound estimate of eta = 6.447882e+00
lower bound estimate of eta = 6.327882e+00
upper bound estimate of delta = 8.180000e-01
lower bound estimate of delta = 8.100000e-01
    iteration	            R	          eta	        delta	            E	         dEdR	       dEdeta	     dEddelta	    grad norm
minimum found at:
           14	 2.753465e-01	 6.341723e+00	 8.146355e-01	-1.189206e+01	-1.467711e-07	 1.919452e-07	-7.423691e-06	 7.427623e-06
psi(R) = 2.07e-01
parameter values for minimization:
K33 = 3.000000e+01
k24 = 6.000000e-01
Lambda = 4.000000e+00
d0 = 1.000000e+00
omega = 7.270000e+01
gamma_s = 1.000000e-01
initial guesses for R, eta, and delta:
guess for R = 2.753465e-01
guess for eta = 6.341723e+00
guess for delta = 8.146355e-01
estimated ranges of R, eta, and delta:
upper bound estimate of R = 4.130198e-01
lower bound estimate of R = 2.065099e-01
upper bound estimate of eta = 6.441723e+00
lower bound estimate of eta = 6.321723e+00
upper bound estimate of delta = 8.180000e-01
lower bound estimate of delta = 8.100000e-01
    iteration	            R	          eta	        delta	            E	         dEdR	       dEdeta	     dEddelta	    grad norm
minimum found at:
           15	 2.690161e-01	 6.337493e+00	 8.144526e-01	-1.185891e+01	-6.781086e-07	-1.314011e-06	-3.345472e-06	 3.657682e-06
psi(R) = 1.99e-01
