hi
Restoring modules from user's standard_modules
parameter values for minimization:
K33 = 3.000000e+01
k24 = 6.000000e-01
Lambda = 0.000000e+00
d0 = 1.000000e+00
omega = 6.730000e+01
gamma_s = 1.000000e-01
initial guesses for R, eta, and delta:
guess for R = 5.000000e-01
guess for eta = 6.300000e+00
guess for delta = 8.100000e-01
estimated ranges of R, eta, and delta:
upper bound estimate of R = 2.000000e+00
lower bound estimate of R = 1.000000e-01
upper bound estimate of eta = 6.430000e+00
lower bound estimate of eta = 6.290000e+00
upper bound estimate of delta = 8.160000e-01
lower bound estimate of delta = 8.000000e-01
    iteration	            R	          eta	        delta	            E	         dEdR	       dEdeta	     dEddelta	    grad norm
minimum found at:
            5	 4.384966e-01	 6.300000e+00	 8.164966e-01	-1.119938e+01	-2.025670e-09	 0.000000e+00	 9.992007e-08	 9.994060e-08
psi(R) = 3.15e-01
parameter values for minimization:
K33 = 3.000000e+01
k24 = 6.000000e-01
Lambda = 1.000000e+00
d0 = 1.000000e+00
omega = 6.730000e+01
gamma_s = 1.000000e-01
initial guesses for R, eta, and delta:
guess for R = 4.384966e-01
guess for eta = 6.300000e+00
guess for delta = 8.164966e-01
estimated ranges of R, eta, and delta:
upper bound estimate of R = 6.577449e-01
lower bound estimate of R = 3.288724e-01
upper bound estimate of eta = 6.400000e+00
lower bound estimate of eta = 6.280000e+00
upper bound estimate of delta = 8.180000e-01
lower bound estimate of delta = 8.100000e-01
    iteration	            R	          eta	        delta	            E	         dEdR	       dEdeta	     dEddelta	    grad norm
minimum found at:
           13	 3.105150e-01	 6.358720e+00	 8.152249e-01	-1.109018e+01	 4.447116e-08	 7.204114e-08	-5.255056e-07	 5.322816e-07
psi(R) = 2.39e-01
parameter values for minimization:
K33 = 3.000000e+01
k24 = 6.000000e-01
Lambda = 2.000000e+00
d0 = 1.000000e+00
omega = 6.730000e+01
gamma_s = 1.000000e-01
initial guesses for R, eta, and delta:
guess for R = 3.105150e-01
guess for eta = 6.358720e+00
guess for delta = 8.152249e-01
estimated ranges of R, eta, and delta:
upper bound estimate of R = 4.657725e-01
lower bound estimate of R = 2.328862e-01
upper bound estimate of eta = 6.458720e+00
lower bound estimate of eta = 6.338720e+00
upper bound estimate of delta = 8.180000e-01
lower bound estimate of delta = 8.100000e-01
    iteration	            R	          eta	        delta	            E	         dEdR	       dEdeta	     dEddelta	    grad norm
minimum found at:
           18	 2.867141e-01	 6.347887e+00	 8.147687e-01	-1.103349e+01	 2.776437e-07	-5.832372e-07	-1.998401e-06	 2.100205e-06
psi(R) = 2.19e-01
parameter values for minimization:
K33 = 3.000000e+01
k24 = 6.000000e-01
Lambda = 3.000000e+00
d0 = 1.000000e+00
omega = 6.730000e+01
gamma_s = 1.000000e-01
initial guesses for R, eta, and delta:
guess for R = 2.867141e-01
guess for eta = 6.347887e+00
guess for delta = 8.147687e-01
estimated ranges of R, eta, and delta:
upper bound estimate of R = 4.300712e-01
lower bound estimate of R = 2.150356e-01
upper bound estimate of eta = 6.447887e+00
lower bound estimate of eta = 6.327887e+00
upper bound estimate of delta = 8.180000e-01
lower bound estimate of delta = 8.100000e-01
    iteration	            R	          eta	        delta	            E	         dEdR	       dEdeta	     dEddelta	    grad norm
minimum found at:
           11	 2.753557e-01	 6.341729e+00	 8.144856e-01	-1.099208e+01	-1.652152e-08	-4.505038e-07	-1.162033e-06	 1.246414e-06
psi(R) = 2.07e-01
parameter values for minimization:
K33 = 3.000000e+01
k24 = 6.000000e-01
Lambda = 4.000000e+00
d0 = 1.000000e+00
omega = 6.730000e+01
gamma_s = 1.000000e-01
initial guesses for R, eta, and delta:
guess for R = 2.753557e-01
guess for eta = 6.341729e+00
guess for delta = 8.144856e-01
estimated ranges of R, eta, and delta:
upper bound estimate of R = 4.130335e-01
lower bound estimate of R = 2.065168e-01
upper bound estimate of eta = 6.441729e+00
lower bound estimate of eta = 6.321729e+00
upper bound estimate of delta = 8.180000e-01
lower bound estimate of delta = 8.100000e-01
    iteration	            R	          eta	        delta	            E	         dEdR	       dEdeta	     dEddelta	    grad norm
a-alpha = 3.781589e-09, fpa = 9.542207e-09
a-alpha = -7.842645e-08, fpa = -1.715950e-09
minimum found at:
           16	 2.690240e-01	 6.337499e+00	 8.142878e-01	-1.095893e+01	 5.986653e-07	 1.379637e-06	 9.251859e-07	 1.765720e-06
psi(R) = 1.99e-01
parameter values for minimization:
K33 = 3.000000e+01
k24 = 6.000000e-01
Lambda = 5.000000e+00
d0 = 1.000000e+00
omega = 6.730000e+01
gamma_s = 1.000000e-01
initial guesses for R, eta, and delta:
guess for R = 2.690240e-01
guess for eta = 6.337499e+00
guess for delta = 8.142878e-01
estimated ranges of R, eta, and delta:
upper bound estimate of R = 4.035360e-01
lower bound estimate of R = 2.017680e-01
upper bound estimate of eta = 6.437499e+00
lower bound estimate of eta = 6.317499e+00
upper bound estimate of delta = 8.180000e-01
lower bound estimate of delta = 8.100000e-01
    iteration	            R	          eta	        delta	            E	         dEdR	       dEdeta	     dEddelta	    grad norm
a-alpha = -1.181566e-08, fpa = -7.138337e-09
minimum found at:
           19	 2.654421e-01	 6.334319e+00	 8.141426e-01	-1.093114e+01	 5.748984e-07	 5.773160e-07	 5.750955e-06	 5.808381e-06
psi(R) = 1.92e-01
parameter values for minimization:
K33 = 3.000000e+01
k24 = 6.000000e-01
Lambda = 6.000000e+00
d0 = 1.000000e+00
omega = 6.730000e+01
gamma_s = 1.000000e-01
initial guesses for R, eta, and delta:
guess for R = 2.654421e-01
guess for eta = 6.334319e+00
guess for delta = 8.141426e-01
estimated ranges of R, eta, and delta:
upper bound estimate of R = 3.981632e-01
lower bound estimate of R = 1.990816e-01
upper bound estimate of eta = 6.434319e+00
lower bound estimate of eta = 6.314319e+00
upper bound estimate of delta = 8.180000e-01
lower bound estimate of delta = 8.100000e-01
    iteration	            R	          eta	        delta	            E	         dEdR	       dEdeta	     dEddelta	    grad norm
a-alpha = 5.544080e-09, fpa = 3.889693e-09
minimum found at:
           10	 2.636407e-01	 6.331797e+00	 8.140338e-01	-1.090718e+01	 8.327908e-09	 3.113559e-07	 3.256654e-07	 4.506327e-07
psi(R) = 1.87e-01
parameter values for minimization:
K33 = 3.000000e+01
k24 = 6.000000e-01
Lambda = 7.000000e+00
d0 = 1.000000e+00
omega = 6.730000e+01
gamma_s = 1.000000e-01
initial guesses for R, eta, and delta:
guess for R = 2.636407e-01
guess for eta = 6.331797e+00
guess for delta = 8.140338e-01
estimated ranges of R, eta, and delta:
upper bound estimate of R = 3.954610e-01
lower bound estimate of R = 1.977305e-01
upper bound estimate of eta = 6.431797e+00
lower bound estimate of eta = 6.311797e+00
upper bound estimate of delta = 8.180000e-01
lower bound estimate of delta = 8.100000e-01
    iteration	            R	          eta	        delta	            E	         dEdR	       dEdeta	     dEddelta	    grad norm
minimum found at:
            5	 2.631377e-01	 6.329726e+00	 8.139524e-01	-1.088613e+01	 9.358048e-07	 6.493571e-07	-6.661338e-08	 1.140979e-06
psi(R) = 1.82e-01
parameter values for minimization:
K33 = 3.000000e+01
k24 = 6.000000e-01
Lambda = 8.000000e+00
d0 = 1.000000e+00
omega = 6.730000e+01
gamma_s = 1.000000e-01
initial guesses for R, eta, and delta:
guess for R = 2.631377e-01
guess for eta = 6.329726e+00
guess for delta = 8.139524e-01
estimated ranges of R, eta, and delta:
upper bound estimate of R = 3.947065e-01
lower bound estimate of R = 1.973533e-01
upper bound estimate of eta = 6.429726e+00
lower bound estimate of eta = 6.309726e+00
upper bound estimate of delta = 8.180000e-01
lower bound estimate of delta = 8.100000e-01
    iteration	            R	          eta	        delta	            E	         dEdR	       dEdeta	     dEddelta	    grad norm
minimum found at:
            7	 2.636776e-01	 6.327986e+00	 8.138929e-01	-1.086738e+01	-5.790578e-08	 2.467162e-09	-2.220446e-07	 2.294841e-07
psi(R) = 1.78e-01
parameter values for minimization:
K33 = 3.000000e+01
k24 = 6.000000e-01
Lambda = 9.000000e+00
d0 = 1.000000e+00
omega = 6.730000e+01
gamma_s = 1.000000e-01
initial guesses for R, eta, and delta:
guess for R = 2.636776e-01
guess for eta = 6.327986e+00
guess for delta = 8.138929e-01
estimated ranges of R, eta, and delta:
upper bound estimate of R = 3.955164e-01
lower bound estimate of R = 1.977582e-01
upper bound estimate of eta = 6.427986e+00
lower bound estimate of eta = 6.307986e+00
upper bound estimate of delta = 8.180000e-01
lower bound estimate of delta = 8.100000e-01
    iteration	            R	          eta	        delta	            E	         dEdR	       dEdeta	     dEddelta	    grad norm
a-alpha = 2.168462e-08, fpa = 3.166907e-09
minimum found at:
           11	 2.651306e-01	 6.326499e+00	 8.138517e-01	-1.085053e+01	-5.383493e-07	-4.687608e-07	 3.737751e-06	 3.805304e-06
psi(R) = 1.75e-01
parameter values for minimization:
K33 = 3.000000e+01
k24 = 6.000000e-01
Lambda = 1.000000e+01
d0 = 1.000000e+00
omega = 6.730000e+01
gamma_s = 1.000000e-01
initial guesses for R, eta, and delta:
guess for R = 2.651306e-01
guess for eta = 6.326499e+00
guess for delta = 8.138517e-01
estimated ranges of R, eta, and delta:
upper bound estimate of R = 3.976959e-01
lower bound estimate of R = 1.988479e-01
upper bound estimate of eta = 6.426499e+00
lower bound estimate of eta = 6.306499e+00
upper bound estimate of delta = 8.180000e-01
lower bound estimate of delta = 8.100000e-01
    iteration	            R	          eta	        delta	            E	         dEdR	       dEdeta	     dEddelta	    grad norm
a-alpha = 5.564396e-09, fpa = 1.269589e-08
a-alpha = 3.319123e-08, fpa = 3.980744e-09
a-alpha = 6.257100e-08, fpa = 1.744298e-09
minimum found at:
           25	 2.674491e-01	 6.325214e+00	 8.138265e-01	-1.083526e+01	-3.751962e-07	-4.702411e-07	-7.882583e-06	 7.905506e-06
psi(R) = 1.71e-01
Traceback (most recent call last):
  File "scan2d.py", line 77, in <module>
    Ei,Ri,etai,deltai,surftwisti = run.get_all_observables('observables',str2float=True)
  File "../../modules_gammak24/singlerun.py", line 77, in get_all_observables
    E,R,eta,delta,surftwist = map(float,line.split())
ValueError: not enough values to unpack (expected 5, got 0)
