hi
Restoring modules from user's standard_modules
parameter values for minimization:
K33 = 3.000000e+01
k24 = 6.000000e-01
Lambda = 0.000000e+00
d0 = 1.000000e+00
omega = 1.710000e+01
gamma_s = 1.000000e-01
initial guesses for R, eta, and delta:
guess for R = 5.000000e-01
guess for eta = 6.300000e+00
guess for delta = 8.100000e-01
estimated ranges of R, eta, and delta:
upper bound estimate of R = 2.000000e+00
lower bound estimate of R = 1.000000e-01
upper bound estimate of eta = 6.430000e+00
lower bound estimate of eta = 6.290000e+00
upper bound estimate of delta = 8.160000e-01
lower bound estimate of delta = 8.000000e-01
    iteration	            R	          eta	        delta	            E	         dEdR	       dEdeta	     dEddelta	    grad norm
a-alpha = -2.083189e-08, fpa = -2.098464e-09
minimum found at:
            5	 4.384966e-01	 6.300000e+00	 8.164966e-01	-2.832715e+00	-1.965679e-08	 0.000000e+00	-6.217249e-07	 6.220356e-07
psi(R) = 3.15e-01
parameter values for minimization:
K33 = 3.000000e+01
k24 = 6.000000e-01
Lambda = 1.000000e+00
d0 = 1.000000e+00
omega = 1.710000e+01
gamma_s = 1.000000e-01
initial guesses for R, eta, and delta:
guess for R = 4.384966e-01
guess for eta = 6.300000e+00
guess for delta = 8.164966e-01
estimated ranges of R, eta, and delta:
upper bound estimate of R = 6.577449e-01
lower bound estimate of R = 3.288724e-01
upper bound estimate of eta = 6.400000e+00
lower bound estimate of eta = 6.280000e+00
upper bound estimate of delta = 8.180000e-01
lower bound estimate of delta = 8.100000e-01
    iteration	            R	          eta	        delta	            E	         dEdR	       dEdeta	     dEddelta	    grad norm
a-alpha = 4.178083e-09, fpa = 5.758072e-09
minimum found at:
           19	 3.108595e-01	 6.358866e+00	 8.114558e-01	-2.723831e+00	-5.720935e-08	 8.153971e-08	-5.310567e-07	 5.403173e-07
psi(R) = 2.40e-01
parameter values for minimization:
K33 = 3.000000e+01
k24 = 6.000000e-01
Lambda = 2.000000e+00
d0 = 1.000000e+00
omega = 1.710000e+01
gamma_s = 1.000000e-01
initial guesses for R, eta, and delta:
guess for R = 3.108595e-01
guess for eta = 6.358866e+00
guess for delta = 8.114558e-01
estimated ranges of R, eta, and delta:
upper bound estimate of R = 4.662892e-01
lower bound estimate of R = 2.331446e-01
upper bound estimate of eta = 6.458866e+00
lower bound estimate of eta = 6.338866e+00
upper bound estimate of delta = 8.180000e-01
lower bound estimate of delta = 8.100000e-01
    iteration	            R	          eta	        delta	            E	         dEdR	       dEdeta	     dEddelta	    grad norm
a-alpha = 1.432395e-08, fpa = 5.161366e-10
minimum found at:
           19	 2.871066e-01	 6.348083e+00	 8.096227e-01	-2.667414e+00	 7.327054e-08	 5.020675e-08	-8.918792e-07	 8.962911e-07
psi(R) = 2.20e-01
parameter values for minimization:
K33 = 3.000000e+01
k24 = 6.000000e-01
Lambda = 3.000000e+00
d0 = 1.000000e+00
omega = 1.710000e+01
gamma_s = 1.000000e-01
initial guesses for R, eta, and delta:
guess for R = 2.871066e-01
guess for eta = 6.348083e+00
guess for delta = 8.096227e-01
estimated ranges of R, eta, and delta:
upper bound estimate of R = 4.306599e-01
lower bound estimate of R = 2.153299e-01
upper bound estimate of eta = 6.448083e+00
lower bound estimate of eta = 6.328083e+00
upper bound estimate of delta = 8.180000e-01
lower bound estimate of delta = 7.691416e-01
    iteration	            R	          eta	        delta	            E	         dEdR	       dEdeta	     dEddelta	    grad norm
minimum found at:
           22	 2.757258e-01	 6.341951e+00	 8.084755e-01	-2.626218e+00	-2.976682e-08	-9.103829e-08	 4.062919e-07	 4.174292e-07
psi(R) = 2.08e-01
parameter values for minimization:
K33 = 3.000000e+01
k24 = 6.000000e-01
Lambda = 4.000000e+00
d0 = 1.000000e+00
omega = 1.710000e+01
gamma_s = 1.000000e-01
initial guesses for R, eta, and delta:
guess for R = 2.757258e-01
guess for eta = 6.341951e+00
guess for delta = 8.084755e-01
estimated ranges of R, eta, and delta:
upper bound estimate of R = 4.135887e-01
lower bound estimate of R = 2.067944e-01
upper bound estimate of eta = 6.441951e+00
lower bound estimate of eta = 6.321951e+00
upper bound estimate of delta = 8.180000e-01
lower bound estimate of delta = 7.680517e-01
    iteration	            R	          eta	        delta	            E	         dEdR	       dEdeta	     dEddelta	    grad norm
minimum found at:
            9	 2.693364e-01	 6.337736e+00	 8.076682e-01	-2.593237e+00	-1.405176e-07	 2.097088e-08	 3.138517e-07	 3.445110e-07
psi(R) = 1.99e-01
parameter values for minimization:
K33 = 3.000000e+01
k24 = 6.000000e-01
Lambda = 5.000000e+00
d0 = 1.000000e+00
omega = 1.710000e+01
gamma_s = 1.000000e-01
initial guesses for R, eta, and delta:
guess for R = 2.693364e-01
guess for eta = 6.337736e+00
guess for delta = 8.076682e-01
estimated ranges of R, eta, and delta:
upper bound estimate of R = 4.040046e-01
lower bound estimate of R = 2.020023e-01
upper bound estimate of eta = 6.437736e+00
lower bound estimate of eta = 6.317736e+00
upper bound estimate of delta = 8.180000e-01
lower bound estimate of delta = 7.672848e-01
    iteration	            R	          eta	        delta	            E	         dEdR	       dEdeta	     dEddelta	    grad norm
minimum found at:
           12	 2.656724e-01	 6.334564e+00	 8.070714e-01	-2.565581e+00	-8.654511e-08	-5.526444e-08	-4.728526e-08	 1.130491e-07
psi(R) = 1.93e-01
parameter values for minimization:
K33 = 3.000000e+01
k24 = 6.000000e-01
Lambda = 6.000000e+00
d0 = 1.000000e+00
omega = 1.710000e+01
gamma_s = 1.000000e-01
initial guesses for R, eta, and delta:
guess for R = 2.656724e-01
guess for eta = 6.334564e+00
guess for delta = 8.070714e-01
estimated ranges of R, eta, and delta:
upper bound estimate of R = 3.985086e-01
lower bound estimate of R = 1.992543e-01
upper bound estimate of eta = 6.434564e+00
lower bound estimate of eta = 6.314564e+00
upper bound estimate of delta = 8.180000e-01
lower bound estimate of delta = 7.667178e-01
    iteration	            R	          eta	        delta	            E	         dEdR	       dEdeta	     dEddelta	    grad norm
a-alpha = -2.455112e-08, fpa = -1.130368e-09
minimum found at:
            9	 2.637677e-01	 6.332047e+00	 8.066212e-01	-2.541725e+00	-1.820151e-08	 5.390750e-08	 1.267206e-07	 1.389079e-07
psi(R) = 1.87e-01
parameter values for minimization:
K33 = 3.000000e+01
k24 = 6.000000e-01
Lambda = 7.000000e+00
d0 = 1.000000e+00
omega = 1.710000e+01
gamma_s = 1.000000e-01
initial guesses for R, eta, and delta:
guess for R = 2.637677e-01
guess for eta = 6.332047e+00
guess for delta = 8.066212e-01
estimated ranges of R, eta, and delta:
upper bound estimate of R = 3.956515e-01
lower bound estimate of R = 1.978258e-01
upper bound estimate of eta = 6.432047e+00
lower bound estimate of eta = 6.312047e+00
upper bound estimate of delta = 8.180000e-01
lower bound estimate of delta = 7.662901e-01
    iteration	            R	          eta	        delta	            E	         dEdR	       dEdeta	     dEddelta	    grad norm
a-alpha = 1.499107e-08, fpa = 1.265273e-09
a-alpha = -1.098603e-08, fpa = -2.884173e-09
minimum found at:
           10	 2.631402e-01	 6.329977e+00	 8.062813e-01	-2.520756e+00	-4.564529e-08	 3.799430e-08	 6.068921e-08	 8.491312e-08
psi(R) = 1.83e-01
parameter values for minimization:
K33 = 3.000000e+01
k24 = 6.000000e-01
Lambda = 8.000000e+00
d0 = 1.000000e+00
omega = 1.710000e+01
gamma_s = 1.000000e-01
initial guesses for R, eta, and delta:
guess for R = 2.631402e-01
guess for eta = 6.329977e+00
guess for delta = 8.062813e-01
estimated ranges of R, eta, and delta:
upper bound estimate of R = 3.947103e-01
lower bound estimate of R = 1.973551e-01
upper bound estimate of eta = 6.429977e+00
lower bound estimate of eta = 6.309977e+00
upper bound estimate of delta = 8.180000e-01
lower bound estimate of delta = 7.659672e-01
    iteration	            R	          eta	        delta	            E	         dEdR	       dEdeta	     dEddelta	    grad norm
minimum found at:
           13	 2.635328e-01	 6.328236e+00	 8.060294e-01	-2.502074e+00	 1.184357e-07	-4.453228e-08	 3.419610e-07	 3.646196e-07
psi(R) = 1.79e-01
parameter values for minimization:
K33 = 3.000000e+01
k24 = 6.000000e-01
Lambda = 9.000000e+00
d0 = 1.000000e+00
omega = 1.710000e+01
gamma_s = 1.000000e-01
initial guesses for R, eta, and delta:
guess for R = 2.635328e-01
guess for eta = 6.328236e+00
guess for delta = 8.060294e-01
estimated ranges of R, eta, and delta:
upper bound estimate of R = 3.952992e-01
lower bound estimate of R = 1.976496e-01
upper bound estimate of eta = 6.428236e+00
lower bound estimate of eta = 6.308236e+00
upper bound estimate of delta = 8.180000e-01
lower bound estimate of delta = 7.657279e-01
    iteration	            R	          eta	        delta	            E	         dEdR	       dEdeta	     dEddelta	    grad norm
minimum found at:
            7	 2.648113e-01	 6.326745e+00	 8.058513e-01	-2.485263e+00	-1.813209e-07	-1.936722e-07	-2.492080e-08	 2.664718e-07
psi(R) = 1.75e-01
parameter values for minimization:
K33 = 3.000000e+01
k24 = 6.000000e-01
Lambda = 1.000000e+01
d0 = 1.000000e+00
omega = 1.710000e+01
gamma_s = 1.000000e-01
initial guesses for R, eta, and delta:
guess for R = 2.648113e-01
guess for eta = 6.326745e+00
guess for delta = 8.058513e-01
estimated ranges of R, eta, and delta:
upper bound estimate of R = 3.972170e-01
lower bound estimate of R = 1.986085e-01
upper bound estimate of eta = 6.426745e+00
lower bound estimate of eta = 6.306745e+00
upper bound estimate of delta = 8.180000e-01
lower bound estimate of delta = 7.655587e-01
    iteration	            R	          eta	        delta	            E	         dEdR	       dEdeta	     dEddelta	    grad norm
minimum found at:
            7	 2.669217e-01	 6.325454e+00	 8.057377e-01	-2.470025e+00	-5.433488e-08	-6.932726e-08	 3.387326e-09	 8.814773e-08
psi(R) = 1.72e-01
parameter values for minimization:
K33 = 3.000000e+01
k24 = 6.000000e-01
Lambda = 1.100000e+01
d0 = 1.000000e+00
omega = 1.710000e+01
gamma_s = 1.000000e-01
initial guesses for R, eta, and delta:
guess for R = 2.669217e-01
guess for eta = 6.325454e+00
guess for delta = 8.057377e-01
estimated ranges of R, eta, and delta:
upper bound estimate of R = 4.003826e-01
lower bound estimate of R = 2.001913e-01
upper bound estimate of eta = 6.425454e+00
lower bound estimate of eta = 6.305454e+00
upper bound estimate of delta = 8.180000e-01
lower bound estimate of delta = 7.654508e-01
    iteration	            R	          eta	        delta	            E	         dEdR	       dEdeta	     dEddelta	    grad norm
minimum found at:
            7	 2.698727e-01	 6.324330e+00	 8.056833e-01	-2.456135e+00	 1.626771e-09	-2.467162e-09	 8.817132e-08	 8.822083e-08
psi(R) = 1.69e-01
parameter values for minimization:
K33 = 3.000000e+01
k24 = 6.000000e-01
Lambda = 1.200000e+01
d0 = 1.000000e+00
omega = 1.710000e+01
gamma_s = 1.000000e-01
initial guesses for R, eta, and delta:
guess for R = 2.698727e-01
guess for eta = 6.324330e+00
guess for delta = 8.056833e-01
estimated ranges of R, eta, and delta:
upper bound estimate of R = 4.048091e-01
lower bound estimate of R = 2.024045e-01
upper bound estimate of eta = 6.424330e+00
lower bound estimate of eta = 6.304330e+00
upper bound estimate of delta = 8.180000e-01
lower bound estimate of delta = 7.653991e-01
    iteration	            R	          eta	        delta	            E	         dEdR	       dEdeta	     dEddelta	    grad norm
minimum found at:
            6	 2.737362e-01	 6.323349e+00	 8.056857e-01	-2.443425e+00	 1.828390e-09	-6.352943e-08	-2.983060e-08	 7.020823e-08
psi(R) = 1.67e-01
parameter values for minimization:
K33 = 3.000000e+01
k24 = 6.000000e-01
Lambda = 1.300000e+01
d0 = 1.000000e+00
omega = 1.710000e+01
gamma_s = 1.000000e-01
initial guesses for R, eta, and delta:
guess for R = 2.737362e-01
guess for eta = 6.323349e+00
guess for delta = 8.056857e-01
estimated ranges of R, eta, and delta:
upper bound estimate of R = 4.106043e-01
lower bound estimate of R = 2.053021e-01
upper bound estimate of eta = 6.423349e+00
lower bound estimate of eta = 6.303349e+00
upper bound estimate of delta = 8.180000e-01
lower bound estimate of delta = 7.654014e-01
    iteration	            R	          eta	        delta	            E	         dEdR	       dEdeta	     dEddelta	    grad norm
minimum found at:
            8	 2.786636e-01	 6.322499e+00	 8.057458e-01	-2.431765e+00	 1.389432e-07	-3.750087e-08	-4.165207e-08	 1.498213e-07
psi(R) = 1.64e-01
parameter values for minimization:
K33 = 3.000000e+01
k24 = 6.000000e-01
Lambda = 1.400000e+01
d0 = 1.000000e+00
omega = 1.710000e+01
gamma_s = 1.000000e-01
initial guesses for R, eta, and delta:
guess for R = 2.786636e-01
guess for eta = 6.322499e+00
guess for delta = 8.057458e-01
estimated ranges of R, eta, and delta:
upper bound estimate of R = 4.179954e-01
lower bound estimate of R = 2.089977e-01
upper bound estimate of eta = 6.422499e+00
lower bound estimate of eta = 6.302499e+00
upper bound estimate of delta = 8.180000e-01
lower bound estimate of delta = 7.654585e-01
    iteration	            R	          eta	        delta	            E	         dEdR	       dEdeta	     dEddelta	    grad norm
a-alpha = 4.014154e-08, fpa = 1.110565e-09
minimum found at:
           11	 2.849294e-01	 6.321774e+00	 8.058685e-01	-2.421056e+00	 3.144781e-08	 2.824901e-08	-9.410074e-08	 1.031597e-07
psi(R) = 1.62e-01
parameter values for minimization:
K33 = 3.000000e+01
k24 = 6.000000e-01
Lambda = 1.500000e+01
d0 = 1.000000e+00
omega = 1.710000e+01
gamma_s = 1.000000e-01
initial guesses for R, eta, and delta:
guess for R = 2.849294e-01
guess for eta = 6.321774e+00
guess for delta = 8.058685e-01
estimated ranges of R, eta, and delta:
upper bound estimate of R = 4.273941e-01
lower bound estimate of R = 2.136970e-01
upper bound estimate of eta = 6.421774e+00
lower bound estimate of eta = 6.301774e+00
upper bound estimate of delta = 8.180000e-01
lower bound estimate of delta = 7.655751e-01
    iteration	            R	          eta	        delta	            E	         dEdR	       dEdeta	     dEddelta	    grad norm
minimum found at:
            9	 2.930360e-01	 6.321183e+00	 8.060651e-01	-2.411230e+00	-2.597656e-08	-1.485232e-07	-2.676822e-07	 3.072258e-07
psi(R) = 1.60e-01
parameter values for minimization:
K33 = 3.000000e+01
k24 = 6.000000e-01
Lambda = 1.600000e+01
d0 = 1.000000e+00
omega = 1.710000e+01
gamma_s = 1.000000e-01
initial guesses for R, eta, and delta:
guess for R = 2.930360e-01
guess for eta = 6.321183e+00
guess for delta = 8.060651e-01
estimated ranges of R, eta, and delta:
upper bound estimate of R = 4.395540e-01
lower bound estimate of R = 2.197770e-01
upper bound estimate of eta = 6.421183e+00
lower bound estimate of eta = 6.301183e+00
upper bound estimate of delta = 8.180000e-01
lower bound estimate of delta = 7.657618e-01
    iteration	            R	          eta	        delta	            E	         dEdR	       dEdeta	     dEddelta	    grad norm
a-alpha = -3.248373e-08, fpa = -1.712591e-09
a-alpha = 1.523155e-08, fpa = 2.267213e-09
minimum found at:
           32	 3.040002e-01	 6.320755e+00	 8.063608e-01	-2.402242e+00	-4.546430e-08	 1.097887e-07	 7.469758e-07	 7.563686e-07
psi(R) = 1.59e-01
parameter values for minimization:
K33 = 3.000000e+01
k24 = 6.000000e-01
Lambda = 1.700000e+01
d0 = 1.000000e+00
omega = 1.710000e+01
gamma_s = 1.000000e-01
initial guesses for R, eta, and delta:
guess for R = 3.040002e-01
guess for eta = 6.320755e+00
guess for delta = 8.063608e-01
estimated ranges of R, eta, and delta:
upper bound estimate of R = 4.560003e-01
lower bound estimate of R = 2.280002e-01
upper bound estimate of eta = 6.420755e+00
lower bound estimate of eta = 6.300755e+00
upper bound estimate of delta = 8.180000e-01
lower bound estimate of delta = 7.660428e-01
    iteration	            R	          eta	        delta	            E	         dEdR	       dEdeta	     dEddelta	    grad norm
a-alpha = 3.517897e-09, fpa = 7.292178e-09
a-alpha = 7.618941e-08, fpa = 1.013225e-09
a-alpha = -2.772975e-08, fpa = -8.862629e-10
a-alpha = -2.553717e-08, fpa = -3.195475e-09
a-alpha = 6.058949e-09, fpa = 5.019640e-09
minimum found at:
           90	 3.204040e-01	 6.320584e+00	 8.068193e-01	-2.394092e+00	 1.608848e-07	 6.414622e-08	 6.501574e-07	 6.728323e-07
psi(R) = 1.57e-01
parameter values for minimization:
K33 = 3.000000e+01
k24 = 6.000000e-01
Lambda = 1.800000e+01
d0 = 1.000000e+00
omega = 1.710000e+01
gamma_s = 1.000000e-01
initial guesses for R, eta, and delta:
guess for R = 3.204040e-01
guess for eta = 6.320584e+00
guess for delta = 8.068193e-01
estimated ranges of R, eta, and delta:
upper bound estimate of R = 4.806060e-01
lower bound estimate of R = 2.403030e-01
upper bound estimate of eta = 6.420584e+00
lower bound estimate of eta = 6.300584e+00
upper bound estimate of delta = 8.180000e-01
lower bound estimate of delta = 7.664783e-01
    iteration	            R	          eta	        delta	            E	         dEdR	       dEdeta	     dEddelta	    grad norm
a-alpha = -4.823706e-08, fpa = -3.718385e-09
a-alpha = -1.239261e-08, fpa = -1.967903e-09
a-alpha = -6.944588e-08, fpa = -4.115253e-10
a-alpha = 5.469613e-09, fpa = 2.330591e-09
a-alpha = -2.147572e-08, fpa = -1.140790e-09
a-alpha = -6.833260e-08, fpa = -1.809139e-09
a-alpha = -8.523817e-09, fpa = -1.557418e-09
minimum found at:
           93	 3.550677e-01	 6.321175e+00	 8.077443e-01	-2.386882e+00	 2.058099e-07	-3.111092e-07	 4.884364e-08	 3.762078e-07
psi(R) = 1.56e-01
parameter values for minimization:
K33 = 3.000000e+01
k24 = 6.000000e-01
Lambda = 1.900000e+01
d0 = 1.000000e+00
omega = 1.710000e+01
gamma_s = 1.000000e-01
initial guesses for R, eta, and delta:
guess for R = 3.550677e-01
guess for eta = 6.321175e+00
guess for delta = 8.077443e-01
estimated ranges of R, eta, and delta:
upper bound estimate of R = 5.326015e-01
lower bound estimate of R = 2.663008e-01
upper bound estimate of eta = 6.421175e+00
lower bound estimate of eta = 6.301175e+00
upper bound estimate of delta = 8.180000e-01
lower bound estimate of delta = 7.673571e-01
    iteration	            R	          eta	        delta	            E	         dEdR	       dEdeta	     dEddelta	    grad norm
ss=2.031031798158e+22, lastss = 2.010974135466e+21
tol = 1.911035701680e-13
failed to integrate at x = (4.074125e+00,6.472431e+00,8.328583e-01)
solvde convergence failed when x = (4.074125e+00,6.472431e+00,8.328583e-01).
Retrying using a constant y value
minimum found at:
           12	 1.423067e+00	 6.364529e+00	 8.149209e-01	-2.389518e+00	 7.276394e-08	-1.949058e-08	 9.254249e-07	 9.284857e-07
psi(R) = 1.90e-01
parameter values for minimization:
K33 = 3.000000e+01
k24 = 6.000000e-01
Lambda = 2.000000e+01
d0 = 1.000000e+00
omega = 1.710000e+01
gamma_s = 1.000000e-01
initial guesses for R, eta, and delta:
guess for R = 1.423067e+00
guess for eta = 6.364529e+00
guess for delta = 8.149209e-01
estimated ranges of R, eta, and delta:
upper bound estimate of R = 2.134601e+00
lower bound estimate of R = 1.067300e+00
upper bound estimate of eta = 6.464529e+00
lower bound estimate of eta = 6.344529e+00
upper bound estimate of delta = 8.180000e-01
lower bound estimate of delta = 8.100000e-01
    iteration	            R	          eta	        delta	            E	         dEdR	       dEdeta	     dEddelta	    grad norm
minimum found at:
           18	 1.535217e+00	 6.368019e+00	 8.150830e-01	-2.388455e+00	-3.363366e-08	-7.401487e-08	 5.038562e-06	 5.039218e-06
psi(R) = 1.92e-01
parameter values for minimization:
K33 = 3.000000e+01
k24 = 6.000000e-01
Lambda = 2.100000e+01
d0 = 1.000000e+00
omega = 1.710000e+01
gamma_s = 1.000000e-01
initial guesses for R, eta, and delta:
guess for R = 1.535217e+00
guess for eta = 6.368019e+00
guess for delta = 8.150830e-01
estimated ranges of R, eta, and delta:
upper bound estimate of R = 2.302825e+00
lower bound estimate of R = 1.151413e+00
upper bound estimate of eta = 6.468019e+00
lower bound estimate of eta = 6.348019e+00
upper bound estimate of delta = 8.180000e-01
lower bound estimate of delta = 8.100000e-01
    iteration	            R	          eta	        delta	            E	         dEdR	       dEdeta	     dEddelta	    grad norm
minimum found at:
           31	 1.633692e+00	 6.370956e+00	 8.152049e-01	-2.387539e+00	-3.062384e-08	-3.103690e-07	-4.357625e-06	 4.368772e-06
psi(R) = 1.94e-01
parameter values for minimization:
K33 = 3.000000e+01
k24 = 6.000000e-01
Lambda = 2.200000e+01
d0 = 1.000000e+00
omega = 1.710000e+01
gamma_s = 1.000000e-01
initial guesses for R, eta, and delta:
guess for R = 1.633692e+00
guess for eta = 6.370956e+00
guess for delta = 8.152049e-01
estimated ranges of R, eta, and delta:
upper bound estimate of R = 2.450538e+00
lower bound estimate of R = 1.225269e+00
upper bound estimate of eta = 6.470956e+00
lower bound estimate of eta = 6.350956e+00
upper bound estimate of delta = 8.180000e-01
lower bound estimate of delta = 8.100000e-01
    iteration	            R	          eta	        delta	            E	         dEdR	       dEdeta	     dEddelta	    grad norm
minimum found at:
           16	 1.722229e+00	 6.373502e+00	 8.153017e-01	-2.386736e+00	 1.705895e-08	-4.989836e-07	-1.833718e-06	 1.900473e-06
psi(R) = 1.95e-01
parameter values for minimization:
K33 = 3.000000e+01
k24 = 6.000000e-01
Lambda = 2.300000e+01
d0 = 1.000000e+00
omega = 1.710000e+01
gamma_s = 1.000000e-01
initial guesses for R, eta, and delta:
guess for R = 1.722229e+00
guess for eta = 6.373502e+00
guess for delta = 8.153017e-01
estimated ranges of R, eta, and delta:
upper bound estimate of R = 2.583343e+00
lower bound estimate of R = 1.291672e+00
upper bound estimate of eta = 6.473502e+00
lower bound estimate of eta = 6.353502e+00
upper bound estimate of delta = 8.180000e-01
lower bound estimate of delta = 8.100000e-01
    iteration	            R	          eta	        delta	            E	         dEdR	       dEdeta	     dEddelta	    grad norm
a-alpha = -2.064480e-08, fpa = -1.418195e-09
a-alpha = -1.313935e-07, fpa = -1.910074e-10
minimum found at:
           38	 1.803030e+00	 6.375752e+00	 8.153808e-01	-2.386022e+00	-1.087585e-08	 1.881211e-07	 1.006602e-06	 1.024088e-06
psi(R) = 1.96e-01
parameter values for minimization:
K33 = 3.000000e+01
k24 = 6.000000e-01
Lambda = 2.400000e+01
d0 = 1.000000e+00
omega = 1.710000e+01
gamma_s = 1.000000e-01
initial guesses for R, eta, and delta:
guess for R = 1.803030e+00
guess for eta = 6.375752e+00
guess for delta = 8.153808e-01
estimated ranges of R, eta, and delta:
upper bound estimate of R = 2.704545e+00
lower bound estimate of R = 1.352272e+00
upper bound estimate of eta = 6.475752e+00
lower bound estimate of eta = 6.355752e+00
upper bound estimate of delta = 8.180000e-01
lower bound estimate of delta = 8.100000e-01
    iteration	            R	          eta	        delta	            E	         dEdR	       dEdeta	     dEddelta	    grad norm
minimum found at:
           19	 1.877561e+00	 6.377768e+00	 8.154470e-01	-2.385381e+00	-1.813875e-08	-1.289092e-07	 6.846375e-08	 1.470846e-07
psi(R) = 1.97e-01
parameter values for minimization:
K33 = 3.000000e+01
k24 = 6.000000e-01
Lambda = 2.500000e+01
d0 = 1.000000e+00
omega = 1.710000e+01
gamma_s = 1.000000e-01
initial guesses for R, eta, and delta:
guess for R = 1.877561e+00
guess for eta = 6.377768e+00
guess for delta = 8.154470e-01
estimated ranges of R, eta, and delta:
upper bound estimate of R = 2.816342e+00
lower bound estimate of R = 1.408171e+00
upper bound estimate of eta = 6.477768e+00
lower bound estimate of eta = 6.357768e+00
upper bound estimate of delta = 8.180000e-01
lower bound estimate of delta = 8.100000e-01
    iteration	            R	          eta	        delta	            E	         dEdR	       dEdeta	     dEddelta	    grad norm
minimum found at:
           13	 1.946863e+00	 6.379595e+00	 8.155034e-01	-2.384801e+00	-1.547396e-08	 1.507436e-07	-3.515706e-07	 3.828381e-07
psi(R) = 1.98e-01
parameter values for minimization:
K33 = 3.000000e+01
k24 = 6.000000e-01
Lambda = 2.600000e+01
d0 = 1.000000e+00
omega = 1.710000e+01
gamma_s = 1.000000e-01
initial guesses for R, eta, and delta:
guess for R = 1.946863e+00
guess for eta = 6.379595e+00
guess for delta = 8.155034e-01
estimated ranges of R, eta, and delta:
upper bound estimate of R = 2.920294e+00
lower bound estimate of R = 1.460147e+00
upper bound estimate of eta = 6.479595e+00
lower bound estimate of eta = 6.359595e+00
upper bound estimate of delta = 8.180000e-01
lower bound estimate of delta = 8.100000e-01
    iteration	            R	          eta	        delta	            E	         dEdR	       dEdeta	     dEddelta	    grad norm
minimum found at:
           27	 2.011702e+00	 6.381263e+00	 8.155524e-01	-2.384272e+00	 1.265222e-08	-8.980471e-08	 6.659488e-06	 6.660105e-06
psi(R) = 1.99e-01
parameter values for minimization:
K33 = 3.000000e+01
k24 = 6.000000e-01
Lambda = 2.700000e+01
d0 = 1.000000e+00
omega = 1.710000e+01
gamma_s = 1.000000e-01
initial guesses for R, eta, and delta:
guess for R = 2.011702e+00
guess for eta = 6.381263e+00
guess for delta = 8.155524e-01
estimated ranges of R, eta, and delta:
upper bound estimate of R = 3.017553e+00
lower bound estimate of R = 1.508777e+00
upper bound estimate of eta = 6.481263e+00
lower bound estimate of eta = 6.361263e+00
upper bound estimate of delta = 8.180000e-01
lower bound estimate of delta = 8.100000e-01
    iteration	            R	          eta	        delta	            E	         dEdR	       dEdeta	     dEddelta	    grad norm
minimum found at:
           16	 2.072658e+00	 6.382798e+00	 8.155949e-01	-2.383787e+00	-7.515413e-09	 2.019372e-07	-2.758904e-06	 2.766295e-06
psi(R) = 2.00e-01
parameter values for minimization:
K33 = 3.000000e+01
k24 = 6.000000e-01
Lambda = 2.800000e+01
d0 = 1.000000e+00
omega = 1.710000e+01
gamma_s = 1.000000e-01
initial guesses for R, eta, and delta:
guess for R = 2.072658e+00
guess for eta = 6.382798e+00
guess for delta = 8.155949e-01
estimated ranges of R, eta, and delta:
upper bound estimate of R = 3.108987e+00
lower bound estimate of R = 1.554493e+00
upper bound estimate of eta = 6.482798e+00
lower bound estimate of eta = 6.362798e+00
upper bound estimate of delta = 8.180000e-01
lower bound estimate of delta = 8.100000e-01
    iteration	            R	          eta	        delta	            E	         dEdR	       dEdeta	     dEddelta	    grad norm
minimum found at:
           11	 2.130203e+00	 6.384216e+00	 8.156327e-01	-2.383341e+00	-4.200463e-08	-1.100354e-07	-4.218847e-07	 4.380170e-07
psi(R) = 2.00e-01
parameter values for minimization:
K33 = 3.000000e+01
k24 = 6.000000e-01
Lambda = 2.900000e+01
d0 = 1.000000e+00
omega = 1.710000e+01
gamma_s = 1.000000e-01
initial guesses for R, eta, and delta:
guess for R = 2.130203e+00
guess for eta = 6.384216e+00
guess for delta = 8.156327e-01
estimated ranges of R, eta, and delta:
upper bound estimate of R = 3.195304e+00
lower bound estimate of R = 1.597652e+00
upper bound estimate of eta = 6.484216e+00
lower bound estimate of eta = 6.364216e+00
upper bound estimate of delta = 8.180000e-01
lower bound estimate of delta = 8.100000e-01
    iteration	            R	          eta	        delta	            E	         dEdR	       dEdeta	     dEddelta	    grad norm
a-alpha = 1.182255e-07, fpa = 2.209572e-10
minimum found at:
           12	 2.184746e+00	 6.385536e+00	 8.156665e-01	-2.382927e+00	 1.853091e-09	-3.700743e-09	-6.383782e-07	 6.383917e-07
psi(R) = 2.01e-01
parameter values for minimization:
K33 = 3.000000e+01
k24 = 6.000000e-01
Lambda = 3.000000e+01
d0 = 1.000000e+00
omega = 1.710000e+01
gamma_s = 1.000000e-01
initial guesses for R, eta, and delta:
guess for R = 2.184746e+00
guess for eta = 6.385536e+00
guess for delta = 8.156665e-01
estimated ranges of R, eta, and delta:
upper bound estimate of R = 3.277119e+00
lower bound estimate of R = 1.638559e+00
upper bound estimate of eta = 6.485536e+00
lower bound estimate of eta = 6.365536e+00
upper bound estimate of delta = 8.180000e-01
lower bound estimate of delta = 8.100000e-01
    iteration	            R	          eta	        delta	            E	         dEdR	       dEdeta	     dEddelta	    grad norm
a-alpha = -3.185535e-08, fpa = -1.157372e-09
a-alpha = 2.332745e-08, fpa = 1.549262e-09
minimum found at:
           15	 2.236566e+00	 6.386767e+00	 8.156966e-01	-2.382542e+00	-1.826703e-08	 1.338436e-07	-6.159887e-06	 6.161368e-06
psi(R) = 2.01e-01
parameter values for minimization:
K33 = 3.000000e+01
k24 = 6.000000e-01
Lambda = 3.100000e+01
d0 = 1.000000e+00
omega = 1.710000e+01
gamma_s = 1.000000e-01
initial guesses for R, eta, and delta:
guess for R = 2.236566e+00
guess for eta = 6.386767e+00
guess for delta = 8.156966e-01
estimated ranges of R, eta, and delta:
upper bound estimate of R = 3.354849e+00
lower bound estimate of R = 1.677424e+00
upper bound estimate of eta = 6.486767e+00
lower bound estimate of eta = 6.366767e+00
upper bound estimate of delta = 8.180000e-01
lower bound estimate of delta = 8.100000e-01
ss=1.198257375851e+21, lastss = 6.538764483193e+20
tol = 5.685852811298e-14
failed to integrate at x = (2.236566e+00,6.386767e+00,8.156966e-01)
solvde convergence failed when x = (2.236566e+00,6.386767e+00,8.156966e-01).
Retrying using a constant y value
    iteration	            R	          eta	        delta	            E	         dEdR	       dEdeta	     dEddelta	    grad norm
minimum found at:
           19	 2.285956e+00	 6.387920e+00	 8.157242e-01	-2.382183e+00	 9.804378e-09	 1.380377e-07	 4.052314e-07	 4.282091e-07
psi(R) = 2.02e-01
parameter values for minimization:
K33 = 3.000000e+01
k24 = 6.000000e-01
Lambda = 3.200000e+01
d0 = 1.000000e+00
omega = 1.710000e+01
gamma_s = 1.000000e-01
initial guesses for R, eta, and delta:
guess for R = 2.285956e+00
guess for eta = 6.387920e+00
guess for delta = 8.157242e-01
estimated ranges of R, eta, and delta:
upper bound estimate of R = 3.428934e+00
lower bound estimate of R = 1.714467e+00
upper bound estimate of eta = 6.487920e+00
lower bound estimate of eta = 6.367920e+00
upper bound estimate of delta = 8.180000e-01
lower bound estimate of delta = 8.100000e-01
    iteration	            R	          eta	        delta	            E	         dEdR	       dEdeta	     dEddelta	    grad norm
minimum found at:
           15	 2.333118e+00	 6.389003e+00	 8.157491e-01	-2.381847e+00	-6.216592e-10	 3.676072e-08	 1.685689e-06	 1.686090e-06
psi(R) = 2.02e-01
parameter values for minimization:
K33 = 3.000000e+01
k24 = 6.000000e-01
Lambda = 3.300000e+01
d0 = 1.000000e+00
omega = 1.710000e+01
gamma_s = 1.000000e-01
initial guesses for R, eta, and delta:
guess for R = 2.333118e+00
guess for eta = 6.389003e+00
guess for delta = 8.157491e-01
estimated ranges of R, eta, and delta:
upper bound estimate of R = 3.499677e+00
lower bound estimate of R = 1.749838e+00
upper bound estimate of eta = 6.489003e+00
lower bound estimate of eta = 6.369003e+00
upper bound estimate of delta = 8.180000e-01
lower bound estimate of delta = 8.100000e-01
ss=1.206268229103e+19, lastss = 6.988946941749e+19
tol = 6.194956270273e-14
failed to integrate at x = (2.333118e+00,6.389003e+00,8.157491e-01)
solvde convergence failed when x = (2.333118e+00,6.389003e+00,8.157491e-01).
Retrying using a constant y value
    iteration	            R	          eta	        delta	            E	         dEdR	       dEdeta	     dEddelta	    grad norm
minimum found at:
           16	 2.378256e+00	 6.390025e+00	 8.157720e-01	-2.381532e+00	-7.148381e-09	-1.525940e-07	 5.726900e-06	 5.728937e-06
psi(R) = 2.03e-01
parameter values for minimization:
K33 = 3.000000e+01
k24 = 6.000000e-01
Lambda = 3.400000e+01
d0 = 1.000000e+00
omega = 1.710000e+01
gamma_s = 1.000000e-01
initial guesses for R, eta, and delta:
guess for R = 2.378256e+00
guess for eta = 6.390025e+00
guess for delta = 8.157720e-01
estimated ranges of R, eta, and delta:
upper bound estimate of R = 3.567384e+00
lower bound estimate of R = 1.783692e+00
upper bound estimate of eta = 6.490025e+00
lower bound estimate of eta = 6.370025e+00
upper bound estimate of delta = 8.180000e-01
lower bound estimate of delta = 8.100000e-01
    iteration	            R	          eta	        delta	            E	         dEdR	       dEdeta	     dEddelta	    grad norm
minimum found at:
            7	 2.421544e+00	 6.390990e+00	 8.157926e-01	-2.381235e+00	-3.029158e-09	 2.310497e-07	-7.147986e-06	 7.151720e-06
psi(R) = 2.03e-01
parameter values for minimization:
K33 = 3.000000e+01
k24 = 6.000000e-01
Lambda = 3.500000e+01
d0 = 1.000000e+00
omega = 1.710000e+01
gamma_s = 1.000000e-01
initial guesses for R, eta, and delta:
guess for R = 2.421544e+00
guess for eta = 6.390990e+00
guess for delta = 8.157926e-01
estimated ranges of R, eta, and delta:
upper bound estimate of R = 3.632316e+00
lower bound estimate of R = 1.816158e+00
upper bound estimate of eta = 6.490990e+00
lower bound estimate of eta = 6.370990e+00
upper bound estimate of delta = 8.180000e-01
lower bound estimate of delta = 8.100000e-01
    iteration	            R	          eta	        delta	            E	         dEdR	       dEdeta	     dEddelta	    grad norm
minimum found at:
            8	 2.463117e+00	 6.391904e+00	 8.158119e-01	-2.380954e+00	-6.756937e-09	-1.682605e-07	-5.658437e-06	 5.660942e-06
psi(R) = 2.04e-01
parameter values for minimization:
K33 = 3.000000e+01
k24 = 6.000000e-01
Lambda = 3.600000e+01
d0 = 1.000000e+00
omega = 1.710000e+01
gamma_s = 1.000000e-01
initial guesses for R, eta, and delta:
guess for R = 2.463117e+00
guess for eta = 6.391904e+00
guess for delta = 8.158119e-01
estimated ranges of R, eta, and delta:
upper bound estimate of R = 3.694675e+00
lower bound estimate of R = 1.847338e+00
upper bound estimate of eta = 6.491904e+00
lower bound estimate of eta = 6.371904e+00
upper bound estimate of delta = 8.180000e-01
lower bound estimate of delta = 8.100000e-01
likely a maximizing (vs minimizing) solution for psi(r), as y[1][2]=-4.661940e-04  which usually means high energy.
solvde convergence failed when x = (2.463117e+00,6.391904e+00,8.158119e-01).
Retrying using a constant y value
    iteration	            R	          eta	        delta	            E	         dEdR	       dEdeta	     dEddelta	    grad norm
minimum found at:
           11	 2.503113e+00	 6.392772e+00	 8.158299e-01	-2.380689e+00	-1.943186e-08	 9.190179e-08	 1.317465e-06	 1.320809e-06
psi(R) = 2.04e-01
parameter values for minimization:
K33 = 3.000000e+01
k24 = 6.000000e-01
Lambda = 3.700000e+01
d0 = 1.000000e+00
omega = 1.710000e+01
gamma_s = 1.000000e-01
initial guesses for R, eta, and delta:
guess for R = 2.503113e+00
guess for eta = 6.392772e+00
guess for delta = 8.158299e-01
estimated ranges of R, eta, and delta:
upper bound estimate of R = 3.754669e+00
lower bound estimate of R = 1.877335e+00
upper bound estimate of eta = 6.492772e+00
lower bound estimate of eta = 6.372772e+00
upper bound estimate of delta = 8.180000e-01
lower bound estimate of delta = 8.100000e-01
ss=3.400662428693e+21, lastss = 1.223570504053e+22
tol = 7.144519340945e-14
failed to integrate at x = (2.503113e+00,6.392772e+00,8.158299e-01)
solvde convergence failed when x = (2.503113e+00,6.392772e+00,8.158299e-01).
Retrying using a constant y value
    iteration	            R	          eta	        delta	            E	         dEdR	       dEdeta	     dEddelta	    grad norm
a-alpha = 3.084021e-08, fpa = 4.205717e-10
minimum found at:
           13	 2.541651e+00	 6.393597e+00	 8.158463e-01	-2.380438e+00	-3.422134e-09	 1.352005e-07	-5.118128e-06	 5.119915e-06
psi(R) = 2.05e-01
parameter values for minimization:
K33 = 3.000000e+01
k24 = 6.000000e-01
Lambda = 3.800000e+01
d0 = 1.000000e+00
omega = 1.710000e+01
gamma_s = 1.000000e-01
initial guesses for R, eta, and delta:
guess for R = 2.541651e+00
guess for eta = 6.393597e+00
guess for delta = 8.158463e-01
estimated ranges of R, eta, and delta:
upper bound estimate of R = 3.812476e+00
lower bound estimate of R = 1.906238e+00
upper bound estimate of eta = 6.493597e+00
lower bound estimate of eta = 6.373597e+00
upper bound estimate of delta = 8.180000e-01
lower bound estimate of delta = 8.100000e-01
    iteration	            R	          eta	        delta	            E	         dEdR	       dEdeta	     dEddelta	    grad norm
a-alpha = -4.571747e-07, fpa = -3.627002e-10
minimum found at:
           10	 2.578824e+00	 6.394384e+00	 8.158619e-01	-2.380199e+00	 1.545343e-09	 2.056380e-07	-1.051011e-06	 1.070941e-06
psi(R) = 2.05e-01
parameter values for minimization:
K33 = 3.000000e+01
k24 = 6.000000e-01
Lambda = 3.900000e+01
d0 = 1.000000e+00
omega = 1.710000e+01
gamma_s = 1.000000e-01
initial guesses for R, eta, and delta:
guess for R = 2.578824e+00
guess for eta = 6.394384e+00
guess for delta = 8.158619e-01
estimated ranges of R, eta, and delta:
upper bound estimate of R = 3.868236e+00
lower bound estimate of R = 1.934118e+00
upper bound estimate of eta = 6.494384e+00
lower bound estimate of eta = 6.374384e+00
upper bound estimate of delta = 8.180000e-01
lower bound estimate of delta = 8.100000e-01
    iteration	            R	          eta	        delta	            E	         dEdR	       dEdeta	     dEddelta	    grad norm
minimum found at:
           12	 2.614732e+00	 6.395135e+00	 8.158763e-01	-2.379972e+00	 2.604522e-08	 1.176836e-07	-1.469195e-06	 1.474131e-06
psi(R) = 2.05e-01
parameter values for minimization:
K33 = 3.000000e+01
k24 = 6.000000e-01
Lambda = 4.000000e+01
d0 = 1.000000e+00
omega = 1.710000e+01
gamma_s = 1.000000e-01
initial guesses for R, eta, and delta:
guess for R = 2.614732e+00
guess for eta = 6.395135e+00
guess for delta = 8.158763e-01
estimated ranges of R, eta, and delta:
upper bound estimate of R = 3.922098e+00
lower bound estimate of R = 1.961049e+00
upper bound estimate of eta = 6.495135e+00
lower bound estimate of eta = 6.375135e+00
upper bound estimate of delta = 8.180000e-01
lower bound estimate of delta = 8.100000e-01
    iteration	            R	          eta	        delta	            E	         dEdR	       dEdeta	     dEddelta	    grad norm
minimum found at:
           14	 2.649435e+00	 6.395853e+00	 8.158897e-01	-2.379755e+00	-2.943914e-09	 2.575717e-07	-3.920938e-06	 3.929390e-06
psi(R) = 2.06e-01
parameter values for minimization:
K33 = 3.000000e+01
k24 = 6.000000e-01
Lambda = 4.100000e+01
d0 = 1.000000e+00
omega = 1.710000e+01
gamma_s = 1.000000e-01
initial guesses for R, eta, and delta:
guess for R = 2.649435e+00
guess for eta = 6.395853e+00
guess for delta = 8.158897e-01
estimated ranges of R, eta, and delta:
upper bound estimate of R = 3.974152e+00
lower bound estimate of R = 1.987076e+00
upper bound estimate of eta = 6.495853e+00
lower bound estimate of eta = 6.375853e+00
upper bound estimate of delta = 8.180000e-01
lower bound estimate of delta = 8.100000e-01
    iteration	            R	          eta	        delta	            E	         dEdR	       dEdeta	     dEddelta	    grad norm
a-alpha = -2.261438e-07, fpa = -1.411151e-10
minimum found at:
            9	 2.683021e+00	 6.396539e+00	 8.159025e-01	-2.379549e+00	-1.985325e-08	-3.286260e-07	 2.100172e-06	 2.125820e-06
psi(R) = 2.06e-01
parameter values for minimization:
K33 = 3.000000e+01
k24 = 6.000000e-01
Lambda = 4.200000e+01
d0 = 1.000000e+00
omega = 1.710000e+01
gamma_s = 1.000000e-01
initial guesses for R, eta, and delta:
guess for R = 2.683021e+00
guess for eta = 6.396539e+00
guess for delta = 8.159025e-01
estimated ranges of R, eta, and delta:
upper bound estimate of R = 4.024532e+00
lower bound estimate of R = 2.012266e+00
upper bound estimate of eta = 6.496539e+00
lower bound estimate of eta = 6.376539e+00
upper bound estimate of delta = 8.180000e-01
lower bound estimate of delta = 8.100000e-01
    iteration	            R	          eta	        delta	            E	         dEdR	       dEdeta	     dEddelta	    grad norm
minimum found at:
            7	 2.715585e+00	 6.397199e+00	 8.159145e-01	-2.379351e+00	-8.459827e-10	 7.685210e-08	 3.611926e-06	 3.612743e-06
psi(R) = 2.06e-01
parameter values for minimization:
K33 = 3.000000e+01
k24 = 6.000000e-01
Lambda = 4.300000e+01
d0 = 1.000000e+00
omega = 1.710000e+01
gamma_s = 1.000000e-01
initial guesses for R, eta, and delta:
guess for R = 2.715585e+00
guess for eta = 6.397199e+00
guess for delta = 8.159145e-01
estimated ranges of R, eta, and delta:
upper bound estimate of R = 4.073377e+00
lower bound estimate of R = 2.036689e+00
upper bound estimate of eta = 6.497199e+00
lower bound estimate of eta = 6.377199e+00
upper bound estimate of delta = 8.180000e-01
lower bound estimate of delta = 8.100000e-01
    iteration	            R	          eta	        delta	            E	         dEdR	       dEdeta	     dEddelta	    grad norm
minimum found at:
           13	 2.747148e+00	 6.397831e+00	 8.159258e-01	-2.379162e+00	-8.990710e-09	-3.096289e-08	 6.405987e-06	 6.406068e-06
psi(R) = 2.06e-01
parameter values for minimization:
K33 = 3.000000e+01
k24 = 6.000000e-01
Lambda = 4.400000e+01
d0 = 1.000000e+00
omega = 1.710000e+01
gamma_s = 1.000000e-01
initial guesses for R, eta, and delta:
guess for R = 2.747148e+00
guess for eta = 6.397831e+00
guess for delta = 8.159258e-01
estimated ranges of R, eta, and delta:
upper bound estimate of R = 4.120722e+00
lower bound estimate of R = 2.060361e+00
upper bound estimate of eta = 6.497831e+00
lower bound estimate of eta = 6.377831e+00
upper bound estimate of delta = 8.180000e-01
lower bound estimate of delta = 8.100000e-01
likely a maximizing (vs minimizing) solution for psi(r), as y[1][2]=-7.363242e-04  which usually means high energy.
solvde convergence failed when x = (2.747148e+00,6.397831e+00,8.159258e-01).
Retrying using a constant y value
    iteration	            R	          eta	        delta	            E	         dEdR	       dEdeta	     dEddelta	    grad norm
minimum found at:
           11	 2.777786e+00	 6.398439e+00	 8.159363e-01	-2.378981e+00	-1.469261e-08	 1.717145e-07	 6.735353e-07	 6.952349e-07
psi(R) = 2.07e-01
parameter values for minimization:
K33 = 3.000000e+01
k24 = 6.000000e-01
Lambda = 4.500000e+01
d0 = 1.000000e+00
omega = 1.710000e+01
gamma_s = 1.000000e-01
initial guesses for R, eta, and delta:
guess for R = 2.777786e+00
guess for eta = 6.398439e+00
guess for delta = 8.159363e-01
estimated ranges of R, eta, and delta:
upper bound estimate of R = 4.166679e+00
lower bound estimate of R = 2.083340e+00
upper bound estimate of eta = 6.498439e+00
lower bound estimate of eta = 6.378439e+00
upper bound estimate of delta = 8.180000e-01
lower bound estimate of delta = 8.100000e-01
    iteration	            R	          eta	        delta	            E	         dEdR	       dEdeta	     dEddelta	    grad norm
minimum found at:
           15	 2.807562e+00	 6.399024e+00	 8.159464e-01	-2.378807e+00	 1.544005e-08	 3.294895e-07	 3.545312e-06	 3.560624e-06
psi(R) = 2.07e-01
Traceback (most recent call last):
  File "scan2d.py", line 77, in <module>
    Ei,Ri,etai,deltai,surftwisti = run.get_all_observables('observables',str2float=True)
  File "../../modules_gammak24/singlerun.py", line 77, in get_all_observables
    E,R,eta,delta,surftwist = map(float,line.split())
ValueError: not enough values to unpack (expected 5, got 0)
