hi
Restoring modules from user's standard_modules
parameter values for minimization:
K33 = 3.000000e+01
k24 = 6.000000e-01
Lambda = 0.000000e+00
d0 = 1.000000e+00
omega = 3.810000e+01
gamma_s = 1.000000e-01
initial guesses for R, eta, and delta:
guess for R = 5.000000e-01
guess for eta = 6.300000e+00
guess for delta = 8.100000e-01
estimated ranges of R, eta, and delta:
upper bound estimate of R = 2.000000e+00
lower bound estimate of R = 1.000000e-01
upper bound estimate of eta = 6.430000e+00
lower bound estimate of eta = 6.290000e+00
upper bound estimate of delta = 8.160000e-01
lower bound estimate of delta = 8.000000e-01
    iteration	            R	          eta	        delta	            E	         dEdR	       dEdeta	     dEddelta	    grad norm
minimum found at:
            5	 4.384966e-01	 6.300000e+00	 8.164966e-01	-6.332715e+00	 3.241072e-09	 2.114711e-10	-5.551115e-08	 5.560609e-08
psi(R) = 3.15e-01
parameter values for minimization:
K33 = 3.000000e+01
k24 = 6.000000e-01
Lambda = 1.000000e+00
d0 = 1.000000e+00
omega = 3.810000e+01
gamma_s = 1.000000e-01
initial guesses for R, eta, and delta:
guess for R = 4.384966e-01
guess for eta = 6.300000e+00
guess for delta = 8.164966e-01
estimated ranges of R, eta, and delta:
upper bound estimate of R = 6.577449e-01
lower bound estimate of R = 3.288724e-01
upper bound estimate of eta = 6.400000e+00
lower bound estimate of eta = 6.280000e+00
upper bound estimate of delta = 8.180000e-01
lower bound estimate of delta = 8.100000e-01
    iteration	            R	          eta	        delta	            E	         dEdR	       dEdeta	     dEddelta	    grad norm
minimum found at:
           13	 3.106042e-01	 6.358758e+00	 8.142462e-01	-6.223594e+00	-7.435865e-08	 1.157099e-07	 7.697546e-06	 7.698775e-06
psi(R) = 2.39e-01
parameter values for minimization:
K33 = 3.000000e+01
k24 = 6.000000e-01
Lambda = 2.000000e+00
d0 = 1.000000e+00
omega = 3.810000e+01
gamma_s = 1.000000e-01
initial guesses for R, eta, and delta:
guess for R = 3.106042e-01
guess for eta = 6.358758e+00
guess for delta = 8.142462e-01
estimated ranges of R, eta, and delta:
upper bound estimate of R = 4.659063e-01
lower bound estimate of R = 2.329531e-01
upper bound estimate of eta = 6.458758e+00
lower bound estimate of eta = 6.338758e+00
upper bound estimate of delta = 8.180000e-01
lower bound estimate of delta = 8.100000e-01
    iteration	            R	          eta	        delta	            E	         dEdR	       dEdeta	     dEddelta	    grad norm
minimum found at:
           13	 2.868153e-01	 6.347938e+00	 8.134361e-01	-6.166975e+00	-1.265813e-07	 5.282194e-07	 4.422388e-06	 4.455621e-06
psi(R) = 2.19e-01
parameter values for minimization:
K33 = 3.000000e+01
k24 = 6.000000e-01
Lambda = 3.000000e+00
d0 = 1.000000e+00
omega = 3.810000e+01
gamma_s = 1.000000e-01
initial guesses for R, eta, and delta:
guess for R = 2.868153e-01
guess for eta = 6.347938e+00
guess for delta = 8.134361e-01
estimated ranges of R, eta, and delta:
upper bound estimate of R = 4.302229e-01
lower bound estimate of R = 2.151115e-01
upper bound estimate of eta = 6.447938e+00
lower bound estimate of eta = 6.327938e+00
upper bound estimate of delta = 8.180000e-01
lower bound estimate of delta = 8.100000e-01
    iteration	            R	          eta	        delta	            E	         dEdR	       dEdeta	     dEddelta	    grad norm
a-alpha = 1.124264e-07, fpa = 3.191269e-10
minimum found at:
           12	 2.754508e-01	 6.341786e+00	 8.129321e-01	-6.125622e+00	 2.824182e-07	 1.423553e-07	-7.475502e-07	 8.116997e-07
psi(R) = 2.07e-01
parameter values for minimization:
K33 = 3.000000e+01
k24 = 6.000000e-01
Lambda = 4.000000e+00
d0 = 1.000000e+00
omega = 3.810000e+01
gamma_s = 1.000000e-01
initial guesses for R, eta, and delta:
guess for R = 2.754508e-01
guess for eta = 6.341786e+00
guess for delta = 8.129321e-01
estimated ranges of R, eta, and delta:
upper bound estimate of R = 4.131762e-01
lower bound estimate of R = 2.065881e-01
upper bound estimate of eta = 6.441786e+00
lower bound estimate of eta = 6.321786e+00
upper bound estimate of delta = 8.180000e-01
lower bound estimate of delta = 8.100000e-01
    iteration	            R	          eta	        delta	            E	         dEdR	       dEdeta	     dEddelta	    grad norm
a-alpha = -2.210493e-08, fpa = -3.241177e-09
minimum found at:
           19	 2.691037e-01	 6.337560e+00	 8.125794e-01	-6.092516e+00	-3.360598e-07	-5.052748e-07	-4.514907e-07	 7.563615e-07
psi(R) = 1.99e-01
parameter values for minimization:
K33 = 3.000000e+01
k24 = 6.000000e-01
Lambda = 5.000000e+00
d0 = 1.000000e+00
omega = 3.810000e+01
gamma_s = 1.000000e-01
initial guesses for R, eta, and delta:
guess for R = 2.691037e-01
guess for eta = 6.337560e+00
guess for delta = 8.125794e-01
estimated ranges of R, eta, and delta:
upper bound estimate of R = 4.036555e-01
lower bound estimate of R = 2.018278e-01
upper bound estimate of eta = 6.437560e+00
lower bound estimate of eta = 6.317560e+00
upper bound estimate of delta = 8.180000e-01
lower bound estimate of delta = 8.100000e-01
    iteration	            R	          eta	        delta	            E	         dEdR	       dEdeta	     dEddelta	    grad norm
minimum found at:
           20	 2.655004e-01	 6.334382e+00	 8.123201e-01	-6.064761e+00	 2.973389e-07	 6.809368e-08	 7.993606e-06	 7.999424e-06
psi(R) = 1.92e-01
parameter values for minimization:
K33 = 3.000000e+01
k24 = 6.000000e-01
Lambda = 6.000000e+00
d0 = 1.000000e+00
omega = 3.810000e+01
gamma_s = 1.000000e-01
initial guesses for R, eta, and delta:
guess for R = 2.655004e-01
guess for eta = 6.334382e+00
guess for delta = 8.123201e-01
estimated ranges of R, eta, and delta:
upper bound estimate of R = 3.982506e-01
lower bound estimate of R = 1.991253e-01
upper bound estimate of eta = 6.434382e+00
lower bound estimate of eta = 6.314382e+00
upper bound estimate of delta = 8.180000e-01
lower bound estimate of delta = 8.100000e-01
    iteration	            R	          eta	        delta	            E	         dEdR	       dEdeta	     dEddelta	    grad norm
minimum found at:
            6	 2.636719e-01	 6.331861e+00	 8.121254e-01	-6.040827e+00	-4.424716e-07	-5.871846e-08	 6.690944e-06	 6.705816e-06
psi(R) = 1.87e-01
parameter values for minimization:
K33 = 3.000000e+01
k24 = 6.000000e-01
Lambda = 7.000000e+00
d0 = 1.000000e+00
omega = 3.810000e+01
gamma_s = 1.000000e-01
initial guesses for R, eta, and delta:
guess for R = 2.636719e-01
guess for eta = 6.331861e+00
guess for delta = 8.121254e-01
estimated ranges of R, eta, and delta:
upper bound estimate of R = 3.955078e-01
lower bound estimate of R = 1.977539e-01
upper bound estimate of eta = 6.431861e+00
lower bound estimate of eta = 6.311861e+00
upper bound estimate of delta = 8.180000e-01
lower bound estimate of delta = 8.100000e-01
    iteration	            R	          eta	        delta	            E	         dEdR	       dEdeta	     dEddelta	    grad norm
minimum found at:
           15	 2.631365e-01	 6.329790e+00	 8.119795e-01	-6.019796e+00	-2.235186e-07	 5.089756e-07	 3.412085e-06	 3.457072e-06
psi(R) = 1.82e-01
parameter values for minimization:
K33 = 3.000000e+01
k24 = 6.000000e-01
Lambda = 8.000000e+00
d0 = 1.000000e+00
omega = 3.810000e+01
gamma_s = 1.000000e-01
initial guesses for R, eta, and delta:
guess for R = 2.631365e-01
guess for eta = 6.329790e+00
guess for delta = 8.119795e-01
estimated ranges of R, eta, and delta:
upper bound estimate of R = 3.947047e-01
lower bound estimate of R = 1.973524e-01
upper bound estimate of eta = 6.429790e+00
lower bound estimate of eta = 6.309790e+00
upper bound estimate of delta = 8.180000e-01
lower bound estimate of delta = 8.100000e-01
    iteration	            R	          eta	        delta	            E	         dEdR	       dEdeta	     dEddelta	    grad norm
minimum found at:
            6	 2.636382e-01	 6.328050e+00	 8.118723e-01	-6.001067e+00	-8.700908e-09	-1.751685e-08	-3.441691e-07	 3.447244e-07
psi(R) = 1.78e-01
parameter values for minimization:
K33 = 3.000000e+01
k24 = 6.000000e-01
Lambda = 9.000000e+00
d0 = 1.000000e+00
omega = 3.810000e+01
gamma_s = 1.000000e-01
initial guesses for R, eta, and delta:
guess for R = 2.636382e-01
guess for eta = 6.328050e+00
guess for delta = 8.118723e-01
estimated ranges of R, eta, and delta:
upper bound estimate of R = 3.954573e-01
lower bound estimate of R = 1.977287e-01
upper bound estimate of eta = 6.428050e+00
lower bound estimate of eta = 6.308050e+00
upper bound estimate of delta = 8.180000e-01
lower bound estimate of delta = 8.100000e-01
    iteration	            R	          eta	        delta	            E	         dEdR	       dEdeta	     dEddelta	    grad norm
minimum found at:
            6	 2.650458e-01	 6.326561e+00	 8.117978e-01	-5.984223e+00	-2.840382e-07	-1.648064e-07	 1.124286e-05	 1.124765e-05
psi(R) = 1.75e-01
parameter values for minimization:
K33 = 3.000000e+01
k24 = 6.000000e-01
Lambda = 1.000000e+01
d0 = 1.000000e+00
omega = 3.810000e+01
gamma_s = 1.000000e-01
initial guesses for R, eta, and delta:
guess for R = 2.650458e-01
guess for eta = 6.326561e+00
guess for delta = 8.117978e-01
estimated ranges of R, eta, and delta:
upper bound estimate of R = 3.975687e-01
lower bound estimate of R = 1.987843e-01
upper bound estimate of eta = 6.426561e+00
lower bound estimate of eta = 6.306561e+00
upper bound estimate of delta = 8.180000e-01
lower bound estimate of delta = 8.100000e-01
    iteration	            R	          eta	        delta	            E	         dEdR	       dEdeta	     dEddelta	    grad norm
minimum found at:
            6	 2.673101e-01	 6.325275e+00	 8.117516e-01	-5.968963e+00	-5.212725e-08	 1.376677e-07	 6.402286e-07	 6.569340e-07
psi(R) = 1.72e-01
parameter values for minimization:
K33 = 3.000000e+01
k24 = 6.000000e-01
Lambda = 1.100000e+01
d0 = 1.000000e+00
omega = 3.810000e+01
gamma_s = 1.000000e-01
initial guesses for R, eta, and delta:
guess for R = 2.673101e-01
guess for eta = 6.325275e+00
guess for delta = 8.117516e-01
estimated ranges of R, eta, and delta:
upper bound estimate of R = 4.009651e-01
lower bound estimate of R = 2.004826e-01
upper bound estimate of eta = 6.425275e+00
lower bound estimate of eta = 6.305275e+00
upper bound estimate of delta = 8.180000e-01
lower bound estimate of delta = 8.100000e-01
    iteration	            R	          eta	        delta	            E	         dEdR	       dEdeta	     dEddelta	    grad norm
minimum found at:
            6	 2.704475e-01	 6.324158e+00	 8.117317e-01	-5.955064e+00	 4.710782e-08	 9.350545e-08	-1.110223e-07	 1.526053e-07
psi(R) = 1.69e-01
parameter values for minimization:
K33 = 3.000000e+01
k24 = 6.000000e-01
Lambda = 1.200000e+01
d0 = 1.000000e+00
omega = 3.810000e+01
gamma_s = 1.000000e-01
initial guesses for R, eta, and delta:
guess for R = 2.704475e-01
guess for eta = 6.324158e+00
guess for delta = 8.117317e-01
estimated ranges of R, eta, and delta:
upper bound estimate of R = 4.056713e-01
lower bound estimate of R = 2.028356e-01
upper bound estimate of eta = 6.424158e+00
lower bound estimate of eta = 6.304158e+00
upper bound estimate of delta = 8.180000e-01
lower bound estimate of delta = 8.100000e-01
    iteration	            R	          eta	        delta	            E	         dEdR	       dEdeta	     dEddelta	    grad norm
minimum found at:
            7	 2.745420e-01	 6.323186e+00	 8.117371e-01	-5.942355e+00	-1.401219e-08	 4.934325e-10	 3.922788e-07	 3.925293e-07
psi(R) = 1.66e-01
parameter values for minimization:
K33 = 3.000000e+01
k24 = 6.000000e-01
Lambda = 1.300000e+01
d0 = 1.000000e+00
omega = 3.810000e+01
gamma_s = 1.000000e-01
initial guesses for R, eta, and delta:
guess for R = 2.745420e-01
guess for eta = 6.323186e+00
guess for delta = 8.117371e-01
estimated ranges of R, eta, and delta:
upper bound estimate of R = 4.118130e-01
lower bound estimate of R = 2.059065e-01
upper bound estimate of eta = 6.423186e+00
lower bound estimate of eta = 6.303186e+00
upper bound estimate of delta = 8.180000e-01
lower bound estimate of delta = 8.100000e-01
    iteration	            R	          eta	        delta	            E	         dEdR	       dEdeta	     dEddelta	    grad norm
a-alpha = -2.846887e-08, fpa = -4.025472e-09
minimum found at:
           41	 2.797658e-01	 6.322348e+00	 8.117682e-01	-5.930707e+00	 2.803777e-07	 2.708944e-07	-6.676141e-06	 6.687515e-06
psi(R) = 1.64e-01
parameter values for minimization:
K33 = 3.000000e+01
k24 = 6.000000e-01
Lambda = 1.400000e+01
d0 = 1.000000e+00
omega = 3.810000e+01
gamma_s = 1.000000e-01
initial guesses for R, eta, and delta:
guess for R = 2.797658e-01
guess for eta = 6.322348e+00
guess for delta = 8.117682e-01
estimated ranges of R, eta, and delta:
upper bound estimate of R = 4.196487e-01
lower bound estimate of R = 2.098243e-01
upper bound estimate of eta = 6.422348e+00
lower bound estimate of eta = 6.302348e+00
upper bound estimate of delta = 8.180000e-01
lower bound estimate of delta = 8.100000e-01
    iteration	            R	          eta	        delta	            E	         dEdR	       dEdeta	     dEddelta	    grad norm
a-alpha = 1.543927e-08, fpa = 5.744606e-09
minimum found at:
           12	 2.864306e-01	 6.321640e+00	 8.118279e-01	-5.920024e+00	-1.087871e-07	 2.516506e-08	-7.249756e-06	 7.250616e-06
psi(R) = 1.62e-01
parameter values for minimization:
K33 = 3.000000e+01
k24 = 6.000000e-01
Lambda = 1.500000e+01
d0 = 1.000000e+00
omega = 3.810000e+01
gamma_s = 1.000000e-01
initial guesses for R, eta, and delta:
guess for R = 2.864306e-01
guess for eta = 6.321640e+00
guess for delta = 8.118279e-01
estimated ranges of R, eta, and delta:
upper bound estimate of R = 4.296459e-01
lower bound estimate of R = 2.148229e-01
upper bound estimate of eta = 6.421640e+00
lower bound estimate of eta = 6.301640e+00
upper bound estimate of delta = 8.180000e-01
lower bound estimate of delta = 8.100000e-01
    iteration	            R	          eta	        delta	            E	         dEdR	       dEdeta	     dEddelta	    grad norm
minimum found at:
           17	 2.951175e-01	 6.321075e+00	 8.119217e-01	-5.910237e+00	-3.569423e-07	-2.908784e-07	-1.266024e-05	 1.266861e-05
psi(R) = 1.60e-01
parameter values for minimization:
K33 = 3.000000e+01
k24 = 6.000000e-01
Lambda = 1.600000e+01
d0 = 1.000000e+00
omega = 3.810000e+01
gamma_s = 1.000000e-01
initial guesses for R, eta, and delta:
guess for R = 2.951175e-01
guess for eta = 6.321075e+00
guess for delta = 8.119217e-01
estimated ranges of R, eta, and delta:
upper bound estimate of R = 4.426762e-01
lower bound estimate of R = 2.213381e-01
upper bound estimate of eta = 6.421075e+00
lower bound estimate of eta = 6.301075e+00
upper bound estimate of delta = 8.180000e-01
lower bound estimate of delta = 8.100000e-01
    iteration	            R	          eta	        delta	            E	         dEdR	       dEdeta	     dEddelta	    grad norm
a-alpha = 1.052301e-08, fpa = 4.633599e-09
a-alpha = -2.237118e-08, fpa = -1.255860e-09
minimum found at:
           26	 3.070418e-01	 6.320689e+00	 8.120629e-01	-5.901307e+00	-2.739383e-07	 2.795295e-07	-4.185541e-06	 4.203800e-06
psi(R) = 1.58e-01
parameter values for minimization:
K33 = 3.000000e+01
k24 = 6.000000e-01
Lambda = 1.700000e+01
d0 = 1.000000e+00
omega = 3.810000e+01
gamma_s = 1.000000e-01
initial guesses for R, eta, and delta:
guess for R = 3.070418e-01
guess for eta = 6.320689e+00
guess for delta = 8.120629e-01
estimated ranges of R, eta, and delta:
upper bound estimate of R = 4.605627e-01
lower bound estimate of R = 2.302813e-01
upper bound estimate of eta = 6.420689e+00
lower bound estimate of eta = 6.300689e+00
upper bound estimate of delta = 8.180000e-01
lower bound estimate of delta = 8.100000e-01
    iteration	            R	          eta	        delta	            E	         dEdR	       dEdeta	     dEddelta	    grad norm
a-alpha = 1.334650e-08, fpa = 3.524330e-09
a-alpha = -8.199043e-08, fpa = -8.994528e-10
a-alpha = -3.735212e-07, fpa = -2.529194e-10
minimum found at:
           22	 3.255269e-01	 6.320607e+00	 8.122869e-01	-5.893244e+00	-1.416778e-07	 2.259921e-07	 7.357078e-06	 7.361911e-06
psi(R) = 1.57e-01
parameter values for minimization:
K33 = 3.000000e+01
k24 = 6.000000e-01
Lambda = 1.800000e+01
d0 = 1.000000e+00
omega = 3.810000e+01
gamma_s = 1.000000e-01
initial guesses for R, eta, and delta:
guess for R = 3.255269e-01
guess for eta = 6.320607e+00
guess for delta = 8.122869e-01
estimated ranges of R, eta, and delta:
upper bound estimate of R = 4.882903e-01
lower bound estimate of R = 2.441452e-01
upper bound estimate of eta = 6.420607e+00
lower bound estimate of eta = 6.300607e+00
upper bound estimate of delta = 8.180000e-01
lower bound estimate of delta = 8.100000e-01
    iteration	            R	          eta	        delta	            E	         dEdR	       dEdeta	     dEddelta	    grad norm
a-alpha = -7.198311e-07, fpa = -1.519135e-10
minimum found at:
           73	 3.770528e-01	 6.321899e+00	 8.128582e-01	-5.886212e+00	 4.005340e-07	 5.686809e-07	-1.291559e-06	 1.466953e-06
psi(R) = 1.57e-01
parameter values for minimization:
K33 = 3.000000e+01
k24 = 6.000000e-01
Lambda = 1.900000e+01
d0 = 1.000000e+00
omega = 3.810000e+01
gamma_s = 1.000000e-01
initial guesses for R, eta, and delta:
guess for R = 3.770528e-01
guess for eta = 6.321899e+00
guess for delta = 8.128582e-01
estimated ranges of R, eta, and delta:
upper bound estimate of R = 5.655792e-01
lower bound estimate of R = 2.827896e-01
upper bound estimate of eta = 6.421899e+00
lower bound estimate of eta = 6.301899e+00
upper bound estimate of delta = 8.180000e-01
lower bound estimate of delta = 8.100000e-01
    iteration	            R	          eta	        delta	            E	         dEdR	       dEdeta	     dEddelta	    grad norm
ss=5.373775500537e+22, lastss = 1.578171809318e+22
tol = 4.699197128652e-13
failed to integrate at x = (4.023127e+00,6.476248e+00,8.134757e-01)
solvde convergence failed when x = (4.023127e+00,6.476248e+00,8.134757e-01).
Retrying using a constant y value
minimum found at:
           40	 1.427953e+00	 6.364685e+00	 8.157947e-01	-5.889495e+00	 1.763022e-07	 2.010737e-07	 4.185541e-06	 4.194075e-06
psi(R) = 1.90e-01
parameter values for minimization:
K33 = 3.000000e+01
k24 = 6.000000e-01
Lambda = 2.000000e+01
d0 = 1.000000e+00
omega = 3.810000e+01
gamma_s = 1.000000e-01
initial guesses for R, eta, and delta:
guess for R = 1.427953e+00
guess for eta = 6.364685e+00
guess for delta = 8.157947e-01
estimated ranges of R, eta, and delta:
upper bound estimate of R = 2.141929e+00
lower bound estimate of R = 1.070965e+00
upper bound estimate of eta = 6.464685e+00
lower bound estimate of eta = 6.344685e+00
upper bound estimate of delta = 8.180000e-01
lower bound estimate of delta = 8.100000e-01
    iteration	            R	          eta	        delta	            E	         dEdR	       dEdeta	     dEddelta	    grad norm
minimum found at:
           23	 1.539205e+00	 6.368140e+00	 8.158660e-01	-5.888437e+00	 3.696027e-08	-4.981201e-07	 1.247151e-06	 1.343456e-06
psi(R) = 1.92e-01
parameter values for minimization:
K33 = 3.000000e+01
k24 = 6.000000e-01
Lambda = 2.100000e+01
d0 = 1.000000e+00
omega = 3.810000e+01
gamma_s = 1.000000e-01
initial guesses for R, eta, and delta:
guess for R = 1.539205e+00
guess for eta = 6.368140e+00
guess for delta = 8.158660e-01
estimated ranges of R, eta, and delta:
upper bound estimate of R = 2.308807e+00
lower bound estimate of R = 1.154404e+00
upper bound estimate of eta = 6.468140e+00
lower bound estimate of eta = 6.348140e+00
upper bound estimate of delta = 8.180000e-01
lower bound estimate of delta = 8.100000e-01
    iteration	            R	          eta	        delta	            E	         dEdR	       dEdeta	     dEddelta	    grad norm
minimum found at:
           19	 1.637107e+00	 6.371056e+00	 8.159200e-01	-5.887524e+00	 4.223912e-08	-2.916186e-07	 4.163336e-06	 4.173751e-06
psi(R) = 1.94e-01
parameter values for minimization:
K33 = 3.000000e+01
k24 = 6.000000e-01
Lambda = 2.200000e+01
d0 = 1.000000e+00
omega = 3.810000e+01
gamma_s = 1.000000e-01
initial guesses for R, eta, and delta:
guess for R = 1.637107e+00
guess for eta = 6.371056e+00
guess for delta = 8.159200e-01
estimated ranges of R, eta, and delta:
upper bound estimate of R = 2.455661e+00
lower bound estimate of R = 1.227830e+00
upper bound estimate of eta = 6.471056e+00
lower bound estimate of eta = 6.351056e+00
upper bound estimate of delta = 8.180000e-01
lower bound estimate of delta = 8.100000e-01
    iteration	            R	          eta	        delta	            E	         dEdR	       dEdeta	     dEddelta	    grad norm
minimum found at:
           16	 1.725233e+00	 6.373587e+00	 8.159627e-01	-5.886722e+00	 8.516503e-08	-2.632462e-07	-6.609528e-06	 6.615316e-06
psi(R) = 1.95e-01
parameter values for minimization:
K33 = 3.000000e+01
k24 = 6.000000e-01
Lambda = 2.300000e+01
d0 = 1.000000e+00
omega = 3.810000e+01
gamma_s = 1.000000e-01
initial guesses for R, eta, and delta:
guess for R = 1.725233e+00
guess for eta = 6.373587e+00
guess for delta = 8.159627e-01
estimated ranges of R, eta, and delta:
upper bound estimate of R = 2.587849e+00
lower bound estimate of R = 1.293925e+00
upper bound estimate of eta = 6.473587e+00
lower bound estimate of eta = 6.353587e+00
upper bound estimate of delta = 8.180000e-01
lower bound estimate of delta = 8.100000e-01
    iteration	            R	          eta	        delta	            E	         dEdR	       dEdeta	     dEddelta	    grad norm
minimum found at:
           25	 1.805717e+00	 6.375826e+00	 8.159979e-01	-5.886010e+00	 1.567330e-08	 4.046146e-08	 4.392782e-06	 4.392997e-06
psi(R) = 1.96e-01
parameter values for minimization:
K33 = 3.000000e+01
k24 = 6.000000e-01
Lambda = 2.400000e+01
d0 = 1.000000e+00
omega = 3.810000e+01
gamma_s = 1.000000e-01
initial guesses for R, eta, and delta:
guess for R = 1.805717e+00
guess for eta = 6.375826e+00
guess for delta = 8.159979e-01
estimated ranges of R, eta, and delta:
upper bound estimate of R = 2.708576e+00
lower bound estimate of R = 1.354288e+00
upper bound estimate of eta = 6.475826e+00
lower bound estimate of eta = 6.355826e+00
upper bound estimate of delta = 8.180000e-01
lower bound estimate of delta = 8.100000e-01
    iteration	            R	          eta	        delta	            E	         dEdR	       dEdeta	     dEddelta	    grad norm
minimum found at:
           13	 1.880012e+00	 6.377834e+00	 8.160273e-01	-5.885371e+00	 9.990431e-09	 7.724685e-07	 2.442491e-07	 8.102253e-07
psi(R) = 1.97e-01
parameter values for minimization:
K33 = 3.000000e+01
k24 = 6.000000e-01
Lambda = 2.500000e+01
d0 = 1.000000e+00
omega = 3.810000e+01
gamma_s = 1.000000e-01
initial guesses for R, eta, and delta:
guess for R = 1.880012e+00
guess for eta = 6.377834e+00
guess for delta = 8.160273e-01
estimated ranges of R, eta, and delta:
upper bound estimate of R = 2.820018e+00
lower bound estimate of R = 1.410009e+00
upper bound estimate of eta = 6.477834e+00
lower bound estimate of eta = 6.357834e+00
upper bound estimate of delta = 8.180000e-01
lower bound estimate of delta = 8.100000e-01
    iteration	            R	          eta	        delta	            E	         dEdR	       dEdeta	     dEddelta	    grad norm
minimum found at:
           21	 1.949119e+00	 6.379654e+00	 8.160524e-01	-5.884792e+00	 1.686058e-08	 9.621933e-07	 6.690944e-06	 6.759795e-06
psi(R) = 1.98e-01
parameter values for minimization:
K33 = 3.000000e+01
k24 = 6.000000e-01
Lambda = 2.600000e+01
d0 = 1.000000e+00
omega = 3.810000e+01
gamma_s = 1.000000e-01
initial guesses for R, eta, and delta:
guess for R = 1.949119e+00
guess for eta = 6.379654e+00
guess for delta = 8.160524e-01
estimated ranges of R, eta, and delta:
upper bound estimate of R = 2.923679e+00
lower bound estimate of R = 1.461839e+00
upper bound estimate of eta = 6.479654e+00
lower bound estimate of eta = 6.359654e+00
upper bound estimate of delta = 8.180000e-01
lower bound estimate of delta = 8.100000e-01
    iteration	            R	          eta	        delta	            E	         dEdR	       dEdeta	     dEddelta	    grad norm
a-alpha = -6.221382e-08, fpa = -1.837451e-09
minimum found at:
           11	 2.013789e+00	 6.381317e+00	 8.160740e-01	-5.884264e+00	 4.998325e-08	-2.341337e-07	-8.744857e-06	 8.748133e-06
psi(R) = 1.99e-01
parameter values for minimization:
K33 = 3.000000e+01
k24 = 6.000000e-01
Lambda = 2.700000e+01
d0 = 1.000000e+00
omega = 3.810000e+01
gamma_s = 1.000000e-01
initial guesses for R, eta, and delta:
guess for R = 2.013789e+00
guess for eta = 6.381317e+00
guess for delta = 8.160740e-01
estimated ranges of R, eta, and delta:
upper bound estimate of R = 3.020684e+00
lower bound estimate of R = 1.510342e+00
upper bound estimate of eta = 6.481317e+00
lower bound estimate of eta = 6.361317e+00
upper bound estimate of delta = 8.180000e-01
lower bound estimate of delta = 8.100000e-01
    iteration	            R	          eta	        delta	            E	         dEdR	       dEdeta	     dEddelta	    grad norm
minimum found at:
           11	 2.074604e+00	 6.382846e+00	 8.160931e-01	-5.883780e+00	-1.621098e-08	 5.166238e-07	 9.621933e-07	 1.092236e-06
psi(R) = 2.00e-01
parameter values for minimization:
K33 = 3.000000e+01
k24 = 6.000000e-01
Lambda = 2.800000e+01
d0 = 1.000000e+00
omega = 3.810000e+01
gamma_s = 1.000000e-01
initial guesses for R, eta, and delta:
guess for R = 2.074604e+00
guess for eta = 6.382846e+00
guess for delta = 8.160931e-01
estimated ranges of R, eta, and delta:
upper bound estimate of R = 3.111906e+00
lower bound estimate of R = 1.555953e+00
upper bound estimate of eta = 6.482846e+00
lower bound estimate of eta = 6.362846e+00
upper bound estimate of delta = 8.180000e-01
lower bound estimate of delta = 8.100000e-01
likely a maximizing (vs minimizing) solution for psi(r), as y[1][2]=-1.620455e-04  which usually means high energy.
solvde convergence failed when x = (2.074604e+00,6.382846e+00,8.160931e-01).
Retrying using a constant y value
    iteration	            R	          eta	        delta	            E	         dEdR	       dEdeta	     dEddelta	    grad norm
minimum found at:
           10	 2.132030e+00	 6.384261e+00	 8.161100e-01	-5.883334e+00	-3.268930e-08	-6.994405e-07	 2.142730e-06	 2.254236e-06
psi(R) = 2.00e-01
parameter values for minimization:
K33 = 3.000000e+01
k24 = 6.000000e-01
Lambda = 2.900000e+01
d0 = 1.000000e+00
omega = 3.810000e+01
gamma_s = 1.000000e-01
initial guesses for R, eta, and delta:
guess for R = 2.132030e+00
guess for eta = 6.384261e+00
guess for delta = 8.161100e-01
estimated ranges of R, eta, and delta:
upper bound estimate of R = 3.198045e+00
lower bound estimate of R = 1.599022e+00
upper bound estimate of eta = 6.484261e+00
lower bound estimate of eta = 6.364261e+00
upper bound estimate of delta = 8.180000e-01
lower bound estimate of delta = 8.100000e-01
    iteration	            R	          eta	        delta	            E	         dEdR	       dEdeta	     dEddelta	    grad norm
minimum found at:
            7	 2.186463e+00	 6.385577e+00	 8.161249e-01	-5.882920e+00	-3.543776e-08	-2.099555e-07	-6.987004e-06	 6.990247e-06
psi(R) = 2.01e-01
parameter values for minimization:
K33 = 3.000000e+01
k24 = 6.000000e-01
Lambda = 3.000000e+01
d0 = 1.000000e+00
omega = 3.810000e+01
gamma_s = 1.000000e-01
initial guesses for R, eta, and delta:
guess for R = 2.186463e+00
guess for eta = 6.385577e+00
guess for delta = 8.161249e-01
estimated ranges of R, eta, and delta:
upper bound estimate of R = 3.279694e+00
lower bound estimate of R = 1.639847e+00
upper bound estimate of eta = 6.485577e+00
lower bound estimate of eta = 6.365577e+00
upper bound estimate of delta = 8.180000e-01
lower bound estimate of delta = 8.100000e-01
ss=4.810005696774e+19, lastss = 4.703162907205e+17
tol = 1.379639608005e-13
failed to integrate at x = (2.186463e+00,6.385577e+00,8.161249e-01)
solvde convergence failed when x = (2.186463e+00,6.385577e+00,8.161249e-01).
Retrying using a constant y value
    iteration	            R	          eta	        delta	            E	         dEdR	       dEdeta	     dEddelta	    grad norm
minimum found at:
            7	 2.238197e+00	 6.386805e+00	 8.161384e-01	-5.882536e+00	-2.513129e-08	-6.570053e-07	-7.582823e-06	 7.611274e-06
psi(R) = 2.01e-01
parameter values for minimization:
K33 = 3.000000e+01
k24 = 6.000000e-01
Lambda = 3.100000e+01
d0 = 1.000000e+00
omega = 3.810000e+01
gamma_s = 1.000000e-01
initial guesses for R, eta, and delta:
guess for R = 2.238197e+00
guess for eta = 6.386805e+00
guess for delta = 8.161384e-01
estimated ranges of R, eta, and delta:
upper bound estimate of R = 3.357296e+00
lower bound estimate of R = 1.678648e+00
upper bound estimate of eta = 6.486805e+00
lower bound estimate of eta = 6.366805e+00
upper bound estimate of delta = 8.180000e-01
lower bound estimate of delta = 8.100000e-01
likely a maximizing (vs minimizing) solution for psi(r), as y[1][2]=-2.263762e-04  which usually means high energy.
solvde convergence failed when x = (2.238197e+00,6.386805e+00,8.161384e-01).
Retrying using a constant y value
    iteration	            R	          eta	        delta	            E	         dEdR	       dEdeta	     dEddelta	    grad norm
minimum found at:
            9	 2.287516e+00	 6.387956e+00	 8.161507e-01	-5.882177e+00	 1.223993e-08	-1.381611e-08	-3.493502e-06	 3.493551e-06
psi(R) = 2.02e-01
parameter values for minimization:
K33 = 3.000000e+01
k24 = 6.000000e-01
Lambda = 3.200000e+01
d0 = 1.000000e+00
omega = 3.810000e+01
gamma_s = 1.000000e-01
initial guesses for R, eta, and delta:
guess for R = 2.287516e+00
guess for eta = 6.387956e+00
guess for delta = 8.161507e-01
estimated ranges of R, eta, and delta:
upper bound estimate of R = 3.431274e+00
lower bound estimate of R = 1.715637e+00
upper bound estimate of eta = 6.487956e+00
lower bound estimate of eta = 6.367956e+00
upper bound estimate of delta = 8.180000e-01
lower bound estimate of delta = 8.100000e-01
    iteration	            R	          eta	        delta	            E	         dEdR	       dEdeta	     dEddelta	    grad norm
minimum found at:
           10	 2.334602e+00	 6.389037e+00	 8.161619e-01	-5.881842e+00	-2.312375e-08	 1.107756e-07	 4.914587e-06	 4.915890e-06
psi(R) = 2.02e-01
parameter values for minimization:
K33 = 3.000000e+01
k24 = 6.000000e-01
Lambda = 3.300000e+01
d0 = 1.000000e+00
omega = 3.810000e+01
gamma_s = 1.000000e-01
initial guesses for R, eta, and delta:
guess for R = 2.334602e+00
guess for eta = 6.389037e+00
guess for delta = 8.161619e-01
estimated ranges of R, eta, and delta:
upper bound estimate of R = 3.501903e+00
lower bound estimate of R = 1.750951e+00
upper bound estimate of eta = 6.489037e+00
lower bound estimate of eta = 6.369037e+00
upper bound estimate of delta = 8.180000e-01
lower bound estimate of delta = 8.100000e-01
    iteration	            R	          eta	        delta	            E	         dEdR	       dEdeta	     dEddelta	    grad norm
a-alpha = 3.095870e-08, fpa = 1.826846e-09
a-alpha = -6.645108e-08, fpa = -2.646189e-10
minimum found at:
           12	 2.379665e+00	 6.390056e+00	 8.161721e-01	-5.881527e+00	-7.588531e-08	 8.289665e-08	 2.683039e-06	 2.685392e-06
psi(R) = 2.03e-01
