hi
Restoring modules from user's standard_modules
parameter values for minimization:
K33 = 3.000000e+01
k24 = 8.000000e-01
Lambda = 0.000000e+00
d0 = 1.000000e+00
omega = 1.000000e+00
gamma_s = 1.000000e-01
initial guesses for R, eta, and delta:
guess for R = 5.000000e-01
guess for eta = 6.300000e+00
guess for delta = 8.100000e-01
estimated ranges of R, eta, and delta:
upper bound estimate of R = 2.000000e+00
lower bound estimate of R = 1.000000e-01
upper bound estimate of eta = 6.430000e+00
lower bound estimate of eta = 6.290000e+00
upper bound estimate of delta = 8.160000e-01
lower bound estimate of delta = 8.000000e-01
    iteration	            R	          eta	        delta	            E	         dEdR	       dEdeta	     dEddelta	    grad norm
a-alpha = 1.746251e-08, fpa = 5.569512e-10
a-alpha = -1.505209e-07, fpa = -6.556863e-10
a-alpha = -1.250000e-07, fpa = -1.384009e-09
a-alpha = -7.429251e-08, fpa = -2.618943e-09
minimum found at:
           10	 2.782732e-01	 6.300000e+00	 8.164966e-01	-2.864570e-01	-3.617169e-09	 0.000000e+00	 0.000000e+00	 3.617169e-09
psi(R) = 2.75e-01
parameter values for minimization:
K33 = 3.000000e+01
k24 = 8.000000e-01
Lambda = 1.000000e+00
d0 = 1.000000e+00
omega = 1.000000e+00
gamma_s = 1.000000e-01
initial guesses for R, eta, and delta:
guess for R = 2.782732e-01
guess for eta = 6.300000e+00
guess for delta = 8.164966e-01
estimated ranges of R, eta, and delta:
upper bound estimate of R = 4.174098e-01
lower bound estimate of R = 2.087049e-01
upper bound estimate of eta = 6.400000e+00
lower bound estimate of eta = 6.280000e+00
upper bound estimate of delta = 8.180000e-01
lower bound estimate of delta = 8.100000e-01
    iteration	            R	          eta	        delta	            E	         dEdR	       dEdeta	     dEddelta	    grad norm
a-alpha = -1.057596e-07, fpa = -6.547528e-10
a-alpha = 2.978189e-08, fpa = 3.485966e-09
minimum found at:
           33	 2.247404e-01	 6.357812e+00	 7.256559e-01	-2.070817e-01	-8.435085e-08	-3.114792e-08	 1.827168e-06	 1.829379e-06
psi(R) = 2.37e-01
parameter values for minimization:
K33 = 3.000000e+01
k24 = 8.000000e-01
Lambda = 2.000000e+00
d0 = 1.000000e+00
omega = 1.000000e+00
gamma_s = 1.000000e-01
initial guesses for R, eta, and delta:
guess for R = 2.247404e-01
guess for eta = 6.357812e+00
guess for delta = 7.256559e-01
estimated ranges of R, eta, and delta:
upper bound estimate of R = 3.371106e-01
lower bound estimate of R = 1.685553e-01
upper bound estimate of eta = 6.457812e+00
lower bound estimate of eta = 6.337812e+00
upper bound estimate of delta = 8.180000e-01
lower bound estimate of delta = 6.893731e-01
    iteration	            R	          eta	        delta	            E	         dEdR	       dEdeta	     dEddelta	    grad norm
a-alpha = -3.406740e-08, fpa = -3.134531e-10
a-alpha = -1.265674e-08, fpa = -2.382849e-10
minimum found at:
           35	 2.119282e-01	 6.351945e+00	 6.608079e-01	-1.617290e-01	-7.447361e-08	 2.423987e-08	 3.231000e-08	 8.472205e-08
psi(R) = 2.27e-01
parameter values for minimization:
K33 = 3.000000e+01
k24 = 8.000000e-01
Lambda = 3.000000e+00
d0 = 1.000000e+00
omega = 1.000000e+00
gamma_s = 1.000000e-01
initial guesses for R, eta, and delta:
guess for R = 2.119282e-01
guess for eta = 6.351945e+00
guess for delta = 6.608079e-01
estimated ranges of R, eta, and delta:
upper bound estimate of R = 3.178923e-01
lower bound estimate of R = 1.589462e-01
upper bound estimate of eta = 6.451945e+00
lower bound estimate of eta = 6.331945e+00
upper bound estimate of delta = 8.180000e-01
lower bound estimate of delta = 6.277675e-01
    iteration	            R	          eta	        delta	            E	         dEdR	       dEdeta	     dEddelta	    grad norm
a-alpha = -1.679797e-08, fpa = -1.155359e-09
a-alpha = -6.741280e-09, fpa = -2.776507e-10
a-alpha = -2.269835e-08, fpa = -2.058968e-10
minimum found at:
           24	 2.074872e-01	 6.349829e+00	 5.888119e-01	-1.293303e-01	-2.265187e-08	 8.302001e-08	-2.081556e-09	 8.607998e-08
psi(R) = 2.23e-01
parameter values for minimization:
K33 = 3.000000e+01
k24 = 8.000000e-01
Lambda = 4.000000e+00
d0 = 1.000000e+00
omega = 1.000000e+00
gamma_s = 1.000000e-01
initial guesses for R, eta, and delta:
guess for R = 2.074872e-01
guess for eta = 6.349829e+00
guess for delta = 5.888119e-01
estimated ranges of R, eta, and delta:
upper bound estimate of R = 3.112308e-01
lower bound estimate of R = 1.556154e-01
upper bound estimate of eta = 6.449829e+00
lower bound estimate of eta = 6.329829e+00
upper bound estimate of delta = 8.180000e-01
lower bound estimate of delta = 5.593713e-01
    iteration	            R	          eta	        delta	            E	         dEdR	       dEdeta	     dEddelta	    grad norm
minimum found at:
            8	 2.782732e-01	 6.384983e+00	-2.348479e-08	-1.197903e-01	 1.476821e-08	-5.753327e-11	-1.379397e-08	 2.020834e-08
psi(R) = 2.75e-01
parameter values for minimization:
K33 = 3.000000e+01
k24 = 8.000000e-01
Lambda = 5.000000e+00
d0 = 1.000000e+00
omega = 1.000000e+00
gamma_s = 1.000000e-01
initial guesses for R, eta, and delta:
guess for R = 2.782732e-01
guess for eta = 6.349829e+00
guess for delta = 5.888119e-01
estimated ranges of R, eta, and delta:
upper bound estimate of R = 4.174098e-01
lower bound estimate of R = 2.087049e-01
upper bound estimate of eta = 6.449829e+00
lower bound estimate of eta = 6.329829e+00
upper bound estimate of delta = 8.180000e-01
lower bound estimate of delta = 5.593713e-01
    iteration	            R	          eta	        delta	            E	         dEdR	       dEdeta	     dEddelta	    grad norm
minimum found at:
           11	 2.782732e-01	 6.371531e+00	 1.925783e-09	-1.197903e-01	 1.702267e-09	 6.167906e-10	 8.871641e-10	 2.016235e-09
psi(R) = 2.75e-01
parameter values for minimization:
K33 = 3.000000e+01
k24 = 8.000000e-01
Lambda = 6.000000e+00
d0 = 1.000000e+00
omega = 1.000000e+00
gamma_s = 1.000000e-01
initial guesses for R, eta, and delta:
guess for R = 2.782732e-01
guess for eta = 6.349829e+00
guess for delta = 5.888119e-01
estimated ranges of R, eta, and delta:
upper bound estimate of R = 4.174098e-01
lower bound estimate of R = 2.087049e-01
upper bound estimate of eta = 6.449829e+00
lower bound estimate of eta = 6.329829e+00
upper bound estimate of delta = 8.180000e-01
lower bound estimate of delta = 5.593713e-01
    iteration	            R	          eta	        delta	            E	         dEdR	       dEdeta	     dEddelta	    grad norm
minimum found at:
           11	 2.782732e-01	 6.365886e+00	 4.142412e-09	-1.197903e-01	-7.802055e-09	-7.651234e-10	 6.152912e-09	 9.965732e-09
psi(R) = 2.75e-01
parameter values for minimization:
K33 = 3.000000e+01
k24 = 8.000000e-01
Lambda = 7.000000e+00
d0 = 1.000000e+00
omega = 1.000000e+00
gamma_s = 1.000000e-01
initial guesses for R, eta, and delta:
guess for R = 2.782732e-01
guess for eta = 6.349829e+00
guess for delta = 5.888119e-01
estimated ranges of R, eta, and delta:
upper bound estimate of R = 4.174098e-01
lower bound estimate of R = 2.087049e-01
upper bound estimate of eta = 6.449829e+00
lower bound estimate of eta = 6.329829e+00
upper bound estimate of delta = 8.180000e-01
lower bound estimate of delta = 5.593713e-01
    iteration	            R	          eta	        delta	            E	         dEdR	       dEdeta	     dEddelta	    grad norm
minimum found at:
            9	 2.782732e-01	 6.322560e+00	 1.027988e-08	-1.197903e-01	 3.174018e-08	 5.142919e-11	 3.703195e-08	 4.877301e-08
psi(R) = 2.75e-01
parameter values for minimization:
K33 = 3.000000e+01
k24 = 8.000000e-01
Lambda = 8.000000e+00
d0 = 1.000000e+00
omega = 1.000000e+00
gamma_s = 1.000000e-01
initial guesses for R, eta, and delta:
guess for R = 2.782732e-01
guess for eta = 6.349829e+00
guess for delta = 5.888119e-01
estimated ranges of R, eta, and delta:
upper bound estimate of R = 4.174098e-01
lower bound estimate of R = 2.087049e-01
upper bound estimate of eta = 6.449829e+00
lower bound estimate of eta = 6.329829e+00
upper bound estimate of delta = 8.180000e-01
lower bound estimate of delta = 5.593713e-01
    iteration	            R	          eta	        delta	            E	         dEdR	       dEdeta	     dEddelta	    grad norm
minimum found at:
           11	 2.782732e-01	 6.344265e+00	-2.841043e-09	-1.197903e-01	-2.330622e-08	 6.688837e-11	-8.556841e-09	 2.482748e-08
psi(R) = 2.75e-01
parameter values for minimization:
K33 = 3.000000e+01
k24 = 8.000000e-01
Lambda = 9.000000e+00
d0 = 1.000000e+00
omega = 1.000000e+00
gamma_s = 1.000000e-01
initial guesses for R, eta, and delta:
guess for R = 2.782732e-01
guess for eta = 6.349829e+00
guess for delta = 5.888119e-01
estimated ranges of R, eta, and delta:
upper bound estimate of R = 4.174098e-01
lower bound estimate of R = 2.087049e-01
upper bound estimate of eta = 6.449829e+00
lower bound estimate of eta = 6.329829e+00
upper bound estimate of delta = 8.180000e-01
lower bound estimate of delta = 5.593713e-01
    iteration	            R	          eta	        delta	            E	         dEdR	       dEdeta	     dEddelta	    grad norm
minimum found at:
           11	 2.782732e-01	 6.350579e+00	 3.243963e-09	-1.197903e-01	 6.091700e-09	 6.256055e-11	 1.124695e-08	 1.279088e-08
psi(R) = 2.75e-01
parameter values for minimization:
K33 = 3.000000e+01
k24 = 8.000000e-01
Lambda = 1.000000e+01
d0 = 1.000000e+00
omega = 1.000000e+00
gamma_s = 1.000000e-01
initial guesses for R, eta, and delta:
guess for R = 2.782732e-01
guess for eta = 6.349829e+00
guess for delta = 5.888119e-01
estimated ranges of R, eta, and delta:
upper bound estimate of R = 4.174098e-01
lower bound estimate of R = 2.087049e-01
upper bound estimate of eta = 6.449829e+00
lower bound estimate of eta = 6.329829e+00
upper bound estimate of delta = 8.180000e-01
lower bound estimate of delta = 5.593713e-01
    iteration	            R	          eta	        delta	            E	         dEdR	       dEdeta	     dEddelta	    grad norm
minimum found at:
           10	 2.782732e-01	 6.355404e+00	 4.723377e-09	-1.197903e-01	-3.412433e-08	 1.233581e-09	 1.628375e-08	 3.783057e-08
psi(R) = 2.75e-01
parameter values for minimization:
K33 = 3.000000e+01
k24 = 8.000000e-01
Lambda = 1.100000e+01
d0 = 1.000000e+00
omega = 1.000000e+00
gamma_s = 1.000000e-01
initial guesses for R, eta, and delta:
guess for R = 2.782732e-01
guess for eta = 6.349829e+00
guess for delta = 5.888119e-01
estimated ranges of R, eta, and delta:
upper bound estimate of R = 4.174098e-01
lower bound estimate of R = 2.087049e-01
upper bound estimate of eta = 6.449829e+00
lower bound estimate of eta = 6.329829e+00
upper bound estimate of delta = 8.180000e-01
lower bound estimate of delta = 5.593713e-01
    iteration	            R	          eta	        delta	            E	         dEdR	       dEdeta	     dEddelta	    grad norm
minimum found at:
           10	 2.782732e-01	 6.366152e+00	 3.853126e-10	-1.197903e-01	 2.110101e-09	 1.449458e-09	 1.373673e-09	 2.905242e-09
psi(R) = 2.75e-01
parameter values for minimization:
K33 = 3.000000e+01
k24 = 8.000000e-01
Lambda = 1.200000e+01
d0 = 1.000000e+00
omega = 1.000000e+00
gamma_s = 1.000000e-01
initial guesses for R, eta, and delta:
guess for R = 2.782732e-01
guess for eta = 6.349829e+00
guess for delta = 5.888119e-01
estimated ranges of R, eta, and delta:
upper bound estimate of R = 4.174098e-01
lower bound estimate of R = 2.087049e-01
upper bound estimate of eta = 6.449829e+00
lower bound estimate of eta = 6.329829e+00
upper bound estimate of delta = 8.180000e-01
lower bound estimate of delta = 5.593713e-01
    iteration	            R	          eta	        delta	            E	         dEdR	       dEdeta	     dEddelta	    grad norm
minimum found at:
           11	 2.782732e-01	 6.370857e+00	-3.533469e-10	-1.197903e-01	-1.111468e-08	-6.167906e-11	-1.888801e-09	 1.127420e-08
psi(R) = 2.75e-01
parameter values for minimization:
K33 = 3.000000e+01
k24 = 8.000000e-01
Lambda = 1.300000e+01
d0 = 1.000000e+00
omega = 1.000000e+00
gamma_s = 1.000000e-01
initial guesses for R, eta, and delta:
guess for R = 2.782732e-01
guess for eta = 6.349829e+00
guess for delta = 5.888119e-01
estimated ranges of R, eta, and delta:
upper bound estimate of R = 4.174098e-01
lower bound estimate of R = 2.087049e-01
upper bound estimate of eta = 6.449829e+00
lower bound estimate of eta = 6.329829e+00
upper bound estimate of delta = 8.180000e-01
lower bound estimate of delta = 5.593713e-01
    iteration	            R	          eta	        delta	            E	         dEdR	       dEdeta	     dEddelta	    grad norm
minimum found at:
           10	 2.782732e-01	 6.383619e+00	 1.358738e-09	-1.197903e-01	 7.802055e-09	 3.083953e-11	 5.680712e-09	 9.651088e-09
psi(R) = 2.75e-01
parameter values for minimization:
K33 = 3.000000e+01
k24 = 8.000000e-01
Lambda = 1.400000e+01
d0 = 1.000000e+00
omega = 1.000000e+00
gamma_s = 1.000000e-01
initial guesses for R, eta, and delta:
guess for R = 2.782732e-01
guess for eta = 6.349829e+00
guess for delta = 5.888119e-01
estimated ranges of R, eta, and delta:
upper bound estimate of R = 4.174098e-01
lower bound estimate of R = 2.087049e-01
upper bound estimate of eta = 6.449829e+00
lower bound estimate of eta = 6.329829e+00
upper bound estimate of delta = 8.180000e-01
lower bound estimate of delta = 5.593713e-01
    iteration	            R	          eta	        delta	            E	         dEdR	       dEdeta	     dEddelta	    grad norm
a-alpha = 1.847870e-08, fpa = 2.059538e-10
a-alpha = -2.274322e-08, fpa = -6.019294e-09
a-alpha = -2.172914e-08, fpa = -6.312028e-09
a-alpha = -3.820636e-09, fpa = -2.597764e-09
minimum found at:
           13	 2.782732e-01	 6.381619e+00	 9.473209e-09	-1.197903e-01	-7.234633e-08	 4.009139e-10	 4.338519e-08	 8.435891e-08
psi(R) = 2.75e-01
parameter values for minimization:
K33 = 3.000000e+01
k24 = 8.000000e-01
Lambda = 1.500000e+01
d0 = 1.000000e+00
omega = 1.000000e+00
gamma_s = 1.000000e-01
initial guesses for R, eta, and delta:
guess for R = 2.782732e-01
guess for eta = 6.349829e+00
guess for delta = 5.888119e-01
estimated ranges of R, eta, and delta:
upper bound estimate of R = 4.174098e-01
lower bound estimate of R = 2.087049e-01
upper bound estimate of eta = 6.449829e+00
lower bound estimate of eta = 6.329829e+00
upper bound estimate of delta = 8.180000e-01
lower bound estimate of delta = 5.593713e-01
    iteration	            R	          eta	        delta	            E	         dEdR	       dEdeta	     dEddelta	    grad norm
minimum found at:
           11	 2.782732e-01	 6.381120e+00	 2.323749e-09	-1.197903e-01	-2.039173e-08	-1.850372e-10	 1.091784e-08	 2.313129e-08
psi(R) = 2.75e-01
parameter values for minimization:
K33 = 3.000000e+01
k24 = 8.000000e-01
Lambda = 1.600000e+01
d0 = 1.000000e+00
omega = 1.000000e+00
gamma_s = 1.000000e-01
initial guesses for R, eta, and delta:
guess for R = 2.782732e-01
guess for eta = 6.349829e+00
guess for delta = 5.888119e-01
estimated ranges of R, eta, and delta:
upper bound estimate of R = 4.174098e-01
lower bound estimate of R = 2.087049e-01
upper bound estimate of eta = 6.449829e+00
lower bound estimate of eta = 6.329829e+00
upper bound estimate of delta = 8.180000e-01
lower bound estimate of delta = 5.593713e-01
    iteration	            R	          eta	        delta	            E	         dEdR	       dEdeta	     dEddelta	    grad norm
minimum found at:
            9	 2.782732e-01	 6.375935e+00	-8.834427e-10	-1.197903e-01	-7.585468e-09	 1.295934e-10	-4.629971e-09	 8.887786e-09
psi(R) = 2.75e-01
parameter values for minimization:
K33 = 3.000000e+01
k24 = 8.000000e-01
Lambda = 1.700000e+01
d0 = 1.000000e+00
omega = 1.000000e+00
gamma_s = 1.000000e-01
initial guesses for R, eta, and delta:
guess for R = 2.782732e-01
guess for eta = 6.349829e+00
guess for delta = 5.888119e-01
estimated ranges of R, eta, and delta:
upper bound estimate of R = 4.174098e-01
lower bound estimate of R = 2.087049e-01
upper bound estimate of eta = 6.449829e+00
lower bound estimate of eta = 6.329829e+00
upper bound estimate of delta = 8.180000e-01
lower bound estimate of delta = 5.593713e-01
    iteration	            R	          eta	        delta	            E	         dEdR	       dEdeta	     dEddelta	    grad norm
minimum found at:
            8	 2.782732e-01	 6.377603e+00	 7.850415e-11	-1.197903e-01	 7.092777e-10	 4.317534e-10	 2.289456e-10	 8.613373e-10
psi(R) = 2.75e-01
parameter values for minimization:
K33 = 3.000000e+01
k24 = 8.000000e-01
Lambda = 1.800000e+01
d0 = 1.000000e+00
omega = 1.000000e+00
gamma_s = 1.000000e-01
initial guesses for R, eta, and delta:
guess for R = 2.782732e-01
guess for eta = 6.349829e+00
guess for delta = 5.888119e-01
estimated ranges of R, eta, and delta:
upper bound estimate of R = 4.174098e-01
lower bound estimate of R = 2.087049e-01
upper bound estimate of eta = 6.449829e+00
lower bound estimate of eta = 6.329829e+00
upper bound estimate of delta = 8.180000e-01
lower bound estimate of delta = 5.593713e-01
    iteration	            R	          eta	        delta	            E	         dEdR	       dEdeta	     dEddelta	    grad norm
minimum found at:
            9	 2.782732e-01	 6.375692e+00	 1.245751e-09	-1.197903e-01	 6.994273e-09	-1.541976e-10	 8.141877e-09	 1.073470e-08
psi(R) = 2.75e-01
parameter values for minimization:
K33 = 3.000000e+01
k24 = 8.000000e-01
Lambda = 1.900000e+01
d0 = 1.000000e+00
omega = 1.000000e+00
gamma_s = 1.000000e-01
initial guesses for R, eta, and delta:
guess for R = 2.782732e-01
guess for eta = 6.349829e+00
guess for delta = 5.888119e-01
estimated ranges of R, eta, and delta:
upper bound estimate of R = 4.174098e-01
lower bound estimate of R = 2.087049e-01
upper bound estimate of eta = 6.449829e+00
lower bound estimate of eta = 6.329829e+00
upper bound estimate of delta = 8.180000e-01
lower bound estimate of delta = 5.593713e-01
    iteration	            R	          eta	        delta	            E	         dEdR	       dEdeta	     dEddelta	    grad norm
minimum found at:
           10	 2.782732e-01	 6.374837e+00	-6.694853e-10	-1.197903e-01	 8.868362e-09	 4.009139e-10	-3.935002e-09	 9.710449e-09
psi(R) = 2.75e-01
parameter values for minimization:
K33 = 3.000000e+01
k24 = 8.000000e-01
Lambda = 2.000000e+01
d0 = 1.000000e+00
omega = 1.000000e+00
gamma_s = 1.000000e-01
initial guesses for R, eta, and delta:
guess for R = 2.782732e-01
guess for eta = 6.349829e+00
guess for delta = 5.888119e-01
estimated ranges of R, eta, and delta:
upper bound estimate of R = 4.174098e-01
lower bound estimate of R = 2.087049e-01
upper bound estimate of eta = 6.449829e+00
lower bound estimate of eta = 6.329829e+00
upper bound estimate of delta = 8.180000e-01
lower bound estimate of delta = 5.593713e-01
    iteration	            R	          eta	        delta	            E	         dEdR	       dEdeta	     dEddelta	    grad norm
minimum found at:
           11	 2.782732e-01	 6.375239e+00	-3.418716e-10	-1.197903e-01	 5.537334e-10	-8.698485e-10	-2.561329e-09	 2.761098e-09
psi(R) = 2.75e-01
parameter values for minimization:
K33 = 3.000000e+01
k24 = 8.000000e-01
Lambda = 2.100000e+01
d0 = 1.000000e+00
omega = 1.000000e+00
gamma_s = 1.000000e-01
initial guesses for R, eta, and delta:
guess for R = 2.782732e-01
guess for eta = 6.349829e+00
guess for delta = 5.888119e-01
estimated ranges of R, eta, and delta:
upper bound estimate of R = 4.174098e-01
lower bound estimate of R = 2.087049e-01
upper bound estimate of eta = 6.449829e+00
lower bound estimate of eta = 6.329829e+00
upper bound estimate of delta = 8.180000e-01
lower bound estimate of delta = 5.593713e-01
    iteration	            R	          eta	        delta	            E	         dEdR	       dEdeta	     dEddelta	    grad norm
minimum found at:
           12	 2.782732e-01	 6.383758e+00	-2.350387e-10	-1.197903e-01	-3.227214e-09	-4.317534e-10	-2.074819e-09	 3.860854e-09
psi(R) = 2.75e-01
parameter values for minimization:
K33 = 3.000000e+01
k24 = 8.000000e-01
Lambda = 2.200000e+01
d0 = 1.000000e+00
omega = 1.000000e+00
gamma_s = 1.000000e-01
initial guesses for R, eta, and delta:
guess for R = 2.782732e-01
guess for eta = 6.349829e+00
guess for delta = 5.888119e-01
estimated ranges of R, eta, and delta:
upper bound estimate of R = 4.174098e-01
lower bound estimate of R = 2.087049e-01
upper bound estimate of eta = 6.449829e+00
lower bound estimate of eta = 6.329829e+00
upper bound estimate of delta = 8.180000e-01
lower bound estimate of delta = 5.593713e-01
    iteration	            R	          eta	        delta	            E	         dEdR	       dEdeta	     dEddelta	    grad norm
minimum found at:
           12	 2.782732e-01	 6.381206e+00	 7.029649e-11	-1.197903e-01	-6.933190e-09	 1.202742e-09	 1.174563e-09	 7.134095e-09
psi(R) = 2.75e-01
parameter values for minimization:
K33 = 3.000000e+01
k24 = 8.000000e-01
Lambda = 2.300000e+01
d0 = 1.000000e+00
omega = 1.000000e+00
gamma_s = 1.000000e-01
initial guesses for R, eta, and delta:
guess for R = 2.782732e-01
guess for eta = 6.349829e+00
guess for delta = 5.888119e-01
estimated ranges of R, eta, and delta:
upper bound estimate of R = 4.174098e-01
lower bound estimate of R = 2.087049e-01
upper bound estimate of eta = 6.449829e+00
lower bound estimate of eta = 6.329829e+00
upper bound estimate of delta = 8.180000e-01
lower bound estimate of delta = 5.593713e-01
    iteration	            R	          eta	        delta	            E	         dEdR	       dEdeta	     dEddelta	    grad norm
minimum found at:
           12	 2.782732e-01	 6.362288e+00	-4.407472e-10	-1.197903e-01	-4.610305e-09	 1.493592e-09	-3.820529e-09	 6.171076e-09
psi(R) = 2.75e-01
parameter values for minimization:
K33 = 3.000000e+01
k24 = 8.000000e-01
Lambda = 2.400000e+01
d0 = 1.000000e+00
omega = 1.000000e+00
gamma_s = 1.000000e-01
initial guesses for R, eta, and delta:
guess for R = 2.782732e-01
guess for eta = 6.349829e+00
guess for delta = 5.888119e-01
estimated ranges of R, eta, and delta:
upper bound estimate of R = 4.174098e-01
lower bound estimate of R = 2.087049e-01
upper bound estimate of eta = 6.449829e+00
lower bound estimate of eta = 6.329829e+00
upper bound estimate of delta = 8.180000e-01
lower bound estimate of delta = 5.593713e-01
    iteration	            R	          eta	        delta	            E	         dEdR	       dEdeta	     dEddelta	    grad norm
minimum found at:
            8	 2.782732e-01	 6.388700e+00	 1.612169e-09	-1.197903e-01	-1.604783e-08	 6.167906e-11	 1.430910e-08	 2.150086e-08
psi(R) = 2.75e-01
parameter values for minimization:
K33 = 3.000000e+01
k24 = 8.000000e-01
Lambda = 2.500000e+01
d0 = 1.000000e+00
omega = 1.000000e+00
gamma_s = 1.000000e-01
initial guesses for R, eta, and delta:
guess for R = 2.782732e-01
guess for eta = 6.349829e+00
guess for delta = 5.888119e-01
estimated ranges of R, eta, and delta:
upper bound estimate of R = 4.174098e-01
lower bound estimate of R = 2.087049e-01
upper bound estimate of eta = 6.449829e+00
lower bound estimate of eta = 6.329829e+00
upper bound estimate of delta = 8.180000e-01
lower bound estimate of delta = 5.593713e-01
    iteration	            R	          eta	        delta	            E	         dEdR	       dEdeta	     dEddelta	    grad norm
a-alpha = 1.128485e-08, fpa = 3.793979e-10
a-alpha = 9.293432e-09, fpa = 3.790788e-10
a-alpha = -6.066953e-09, fpa = -1.521058e-09
minimum found at:
           11	 2.782732e-01	 6.399832e+00	-2.018876e-09	-1.197903e-01	-3.652780e-09	 5.004844e-10	-1.932604e-08	 1.967458e-08
psi(R) = 2.75e-01
parameter values for minimization:
K33 = 3.000000e+01
k24 = 8.000000e-01
Lambda = 2.600000e+01
d0 = 1.000000e+00
omega = 1.000000e+00
gamma_s = 1.000000e-01
initial guesses for R, eta, and delta:
guess for R = 2.782732e-01
guess for eta = 6.349829e+00
guess for delta = 5.888119e-01
estimated ranges of R, eta, and delta:
upper bound estimate of R = 4.174098e-01
lower bound estimate of R = 2.087049e-01
upper bound estimate of eta = 6.449829e+00
lower bound estimate of eta = 6.329829e+00
upper bound estimate of delta = 8.180000e-01
lower bound estimate of delta = 5.593713e-01
    iteration	            R	          eta	        delta	            E	         dEdR	       dEdeta	     dEddelta	    grad norm
minimum found at:
            9	 2.782732e-01	 6.400051e+00	-9.064783e-10	-1.197903e-01	 3.723708e-10	-9.251859e-11	-9.257987e-09	 9.265934e-09
psi(R) = 2.75e-01
parameter values for minimization:
K33 = 3.000000e+01
k24 = 8.000000e-01
Lambda = 2.700000e+01
d0 = 1.000000e+00
omega = 1.000000e+00
gamma_s = 1.000000e-01
initial guesses for R, eta, and delta:
guess for R = 2.782732e-01
guess for eta = 6.349829e+00
guess for delta = 5.888119e-01
estimated ranges of R, eta, and delta:
upper bound estimate of R = 4.174098e-01
lower bound estimate of R = 2.087049e-01
upper bound estimate of eta = 6.449829e+00
lower bound estimate of eta = 6.329829e+00
upper bound estimate of delta = 8.180000e-01
lower bound estimate of delta = 5.593713e-01
    iteration	            R	          eta	        delta	            E	         dEdR	       dEdeta	     dEddelta	    grad norm
minimum found at:
            9	 2.782732e-01	 6.401653e+00	 2.399009e-11	-1.197903e-01	 2.127833e-09	-6.476301e-10	-4.578911e-10	 2.270851e-09
psi(R) = 2.75e-01
parameter values for minimization:
K33 = 3.000000e+01
k24 = 8.000000e-01
Lambda = 2.800000e+01
d0 = 1.000000e+00
omega = 1.000000e+00
gamma_s = 1.000000e-01
initial guesses for R, eta, and delta:
guess for R = 2.782732e-01
guess for eta = 6.349829e+00
guess for delta = 5.888119e-01
estimated ranges of R, eta, and delta:
upper bound estimate of R = 4.174098e-01
lower bound estimate of R = 2.087049e-01
upper bound estimate of eta = 6.449829e+00
lower bound estimate of eta = 6.329829e+00
upper bound estimate of delta = 8.180000e-01
lower bound estimate of delta = 5.593713e-01
    iteration	            R	          eta	        delta	            E	         dEdR	       dEdeta	     dEddelta	    grad norm
minimum found at:
            9	 2.782732e-01	 6.417436e+00	 4.152918e-09	-1.197903e-01	-2.712987e-08	-9.022792e-10	 5.521881e-08	 6.153016e-08
psi(R) = 2.75e-01
parameter values for minimization:
K33 = 3.000000e+01
k24 = 8.000000e-01
Lambda = 2.900000e+01
d0 = 1.000000e+00
omega = 1.000000e+00
gamma_s = 1.000000e-01
initial guesses for R, eta, and delta:
guess for R = 2.782732e-01
guess for eta = 6.349829e+00
guess for delta = 5.888119e-01
estimated ranges of R, eta, and delta:
upper bound estimate of R = 4.174098e-01
lower bound estimate of R = 2.087049e-01
upper bound estimate of eta = 6.449829e+00
lower bound estimate of eta = 6.329829e+00
upper bound estimate of delta = 8.180000e-01
lower bound estimate of delta = 5.593713e-01
    iteration	            R	          eta	        delta	            E	         dEdR	       dEdeta	     dEddelta	    grad norm
minimum found at:
            9	 2.782732e-01	 6.422910e+00	 2.418905e-09	-1.197903e-01	-3.051667e-08	-1.850372e-10	 3.600778e-08	 4.720023e-08
psi(R) = 2.75e-01
parameter values for minimization:
K33 = 3.000000e+01
k24 = 8.000000e-01
Lambda = 3.000000e+01
d0 = 1.000000e+00
omega = 1.000000e+00
gamma_s = 1.000000e-01
initial guesses for R, eta, and delta:
guess for R = 2.782732e-01
guess for eta = 6.349829e+00
guess for delta = 5.888119e-01
estimated ranges of R, eta, and delta:
upper bound estimate of R = 4.174098e-01
lower bound estimate of R = 2.087049e-01
upper bound estimate of eta = 6.449829e+00
lower bound estimate of eta = 6.329829e+00
upper bound estimate of delta = 8.180000e-01
lower bound estimate of delta = 5.593713e-01
    iteration	            R	          eta	        delta	            E	         dEdR	       dEdeta	     dEddelta	    grad norm
minimum found at:
            9	 2.782732e-01	 6.430429e+00	 1.175449e-12	-1.197903e-01	-1.524947e-09	-2.158767e-10	 1.430910e-10	 1.546784e-09
psi(R) = 2.75e-01
parameter values for minimization:
K33 = 3.000000e+01
k24 = 8.000000e-01
Lambda = 3.100000e+01
d0 = 1.000000e+00
omega = 1.000000e+00
gamma_s = 1.000000e-01
initial guesses for R, eta, and delta:
guess for R = 2.782732e-01
guess for eta = 6.349829e+00
guess for delta = 5.888119e-01
estimated ranges of R, eta, and delta:
upper bound estimate of R = 4.174098e-01
lower bound estimate of R = 2.087049e-01
upper bound estimate of eta = 6.449829e+00
lower bound estimate of eta = 6.329829e+00
upper bound estimate of delta = 8.180000e-01
lower bound estimate of delta = 5.593713e-01
    iteration	            R	          eta	        delta	            E	         dEdR	       dEdeta	     dEddelta	    grad norm
a-alpha = -4.373963e-08, fpa = -2.167009e-10
minimum found at:
           10	 2.782732e-01	 6.437985e+00	 1.870117e-09	-1.197903e-01	 1.614312e-08	 0.000000e+00	 3.688886e-08	 4.026646e-08
psi(R) = 2.75e-01
parameter values for minimization:
K33 = 3.000000e+01
k24 = 8.000000e-01
Lambda = 3.200000e+01
d0 = 1.000000e+00
omega = 1.000000e+00
gamma_s = 1.000000e-01
initial guesses for R, eta, and delta:
guess for R = 2.782732e-01
guess for eta = 6.349829e+00
guess for delta = 5.888119e-01
estimated ranges of R, eta, and delta:
upper bound estimate of R = 4.174098e-01
lower bound estimate of R = 2.087049e-01
upper bound estimate of eta = 6.449829e+00
lower bound estimate of eta = 6.329829e+00
upper bound estimate of delta = 8.180000e-01
lower bound estimate of delta = 5.593713e-01
    iteration	            R	          eta	        delta	            E	         dEdR	       dEdeta	     dEddelta	    grad norm
minimum found at:
            8	 2.782732e-01	 6.439954e+00	-1.594164e-10	-1.197903e-01	-6.915458e-10	-1.233581e-10	-3.906384e-09	 3.969041e-09
psi(R) = 2.75e-01
parameter values for minimization:
K33 = 3.000000e+01
k24 = 8.000000e-01
Lambda = 3.300000e+01
d0 = 1.000000e+00
omega = 1.000000e+00
gamma_s = 1.000000e-01
initial guesses for R, eta, and delta:
guess for R = 2.782732e-01
guess for eta = 6.349829e+00
guess for delta = 5.888119e-01
estimated ranges of R, eta, and delta:
upper bound estimate of R = 4.174098e-01
lower bound estimate of R = 2.087049e-01
upper bound estimate of eta = 6.449829e+00
lower bound estimate of eta = 6.329829e+00
upper bound estimate of delta = 8.180000e-01
lower bound estimate of delta = 5.593713e-01
    iteration	            R	          eta	        delta	            E	         dEdR	       dEdeta	     dEddelta	    grad norm
minimum found at:
            9	 2.782732e-01	 6.444487e+00	 7.162754e-11	-1.197903e-01	-1.271530e-09	-2.158767e-10	 1.130419e-09	 1.715004e-09
psi(R) = 2.75e-01
parameter values for minimization:
K33 = 3.000000e+01
k24 = 8.000000e-01
Lambda = 3.400000e+01
d0 = 1.000000e+00
omega = 1.000000e+00
gamma_s = 1.000000e-01
initial guesses for R, eta, and delta:
guess for R = 2.782732e-01
guess for eta = 6.349829e+00
guess for delta = 5.888119e-01
estimated ranges of R, eta, and delta:
upper bound estimate of R = 4.174098e-01
lower bound estimate of R = 2.087049e-01
upper bound estimate of eta = 6.449829e+00
lower bound estimate of eta = 6.329829e+00
upper bound estimate of delta = 8.180000e-01
lower bound estimate of delta = 5.593713e-01
    iteration	            R	          eta	        delta	            E	         dEdR	       dEdeta	     dEddelta	    grad norm
likely a maximizing (vs minimizing) solution for psi(r), as y[1][2]=-3.157542e-05  which usually means high energy.
solvde convergence failed when x = (4.422085e-01,6.552373e+00,-3.298413e-01).
Retrying using a constant y value
minimum found at:
            9	 2.782732e-01	 6.447277e+00	-6.438500e-11	-1.197903e-01	-1.968246e-09	-1.943902e-10	-1.760019e-09	 2.647536e-09
psi(R) = 2.75e-01
parameter values for minimization:
K33 = 3.000000e+01
k24 = 8.000000e-01
Lambda = 3.500000e+01
d0 = 1.000000e+00
omega = 1.000000e+00
gamma_s = 1.000000e-01
initial guesses for R, eta, and delta:
guess for R = 2.782732e-01
guess for eta = 6.349829e+00
guess for delta = 5.888119e-01
estimated ranges of R, eta, and delta:
upper bound estimate of R = 4.174098e-01
lower bound estimate of R = 2.087049e-01
upper bound estimate of eta = 6.449829e+00
lower bound estimate of eta = 6.329829e+00
upper bound estimate of delta = 8.180000e-01
lower bound estimate of delta = 5.593713e-01
    iteration	            R	          eta	        delta	            E	         dEdR	       dEdeta	     dEddelta	    grad norm
minimum found at:
           10	 2.782732e-01	 6.448532e+00	-3.241668e-11	-1.197903e-01	 1.753489e-09	-2.158767e-10	-9.873278e-10	 2.023893e-09
psi(R) = 2.75e-01
parameter values for minimization:
K33 = 3.000000e+01
k24 = 8.000000e-01
Lambda = 3.600000e+01
d0 = 1.000000e+00
omega = 1.000000e+00
gamma_s = 1.000000e-01
initial guesses for R, eta, and delta:
guess for R = 2.782732e-01
guess for eta = 6.349829e+00
guess for delta = 5.888119e-01
estimated ranges of R, eta, and delta:
upper bound estimate of R = 4.174098e-01
lower bound estimate of R = 2.087049e-01
upper bound estimate of eta = 6.449829e+00
lower bound estimate of eta = 6.329829e+00
upper bound estimate of delta = 8.180000e-01
lower bound estimate of delta = 5.593713e-01
    iteration	            R	          eta	        delta	            E	         dEdR	       dEdeta	     dEddelta	    grad norm
minimum found at:
            9	 2.782732e-01	 6.444512e+00	-1.459492e-10	-1.197903e-01	-4.184739e-09	 7.093092e-10	-3.334020e-09	 5.397300e-09
psi(R) = 2.75e-01
parameter values for minimization:
K33 = 3.000000e+01
k24 = 8.000000e-01
Lambda = 3.700000e+01
d0 = 1.000000e+00
omega = 1.000000e+00
gamma_s = 1.000000e-01
initial guesses for R, eta, and delta:
guess for R = 2.782732e-01
guess for eta = 6.349829e+00
guess for delta = 5.888119e-01
estimated ranges of R, eta, and delta:
upper bound estimate of R = 4.174098e-01
lower bound estimate of R = 2.087049e-01
upper bound estimate of eta = 6.449829e+00
lower bound estimate of eta = 6.329829e+00
upper bound estimate of delta = 8.180000e-01
lower bound estimate of delta = 5.593713e-01
    iteration	            R	          eta	        delta	            E	         dEdR	       dEdeta	     dEddelta	    grad norm
likely a maximizing (vs minimizing) solution for psi(r), as y[1][2]=-1.652137e-05  which usually means high energy.
solvde convergence failed when x = (3.615775e-01,6.520186e+00,-2.395117e-01).
Retrying using a constant y value
minimum found at:
            9	 2.782732e-01	 6.440943e+00	 1.445782e-11	-1.197903e-01	-6.383500e-10	 7.093092e-10	 5.008184e-10	 1.077696e-09
psi(R) = 2.75e-01
parameter values for minimization:
K33 = 3.000000e+01
k24 = 8.000000e-01
Lambda = 3.800000e+01
d0 = 1.000000e+00
omega = 1.000000e+00
gamma_s = 1.000000e-01
initial guesses for R, eta, and delta:
guess for R = 2.782732e-01
guess for eta = 6.349829e+00
guess for delta = 5.888119e-01
estimated ranges of R, eta, and delta:
upper bound estimate of R = 4.174098e-01
lower bound estimate of R = 2.087049e-01
upper bound estimate of eta = 6.449829e+00
lower bound estimate of eta = 6.329829e+00
upper bound estimate of delta = 8.180000e-01
lower bound estimate of delta = 5.593713e-01
    iteration	            R	          eta	        delta	            E	         dEdR	       dEdeta	     dEddelta	    grad norm
minimum found at:
            9	 2.782732e-01	 6.436149e+00	-5.318105e-10	-1.197903e-01	-8.688652e-10	 1.028584e-10	-1.260632e-08	 1.263664e-08
psi(R) = 2.75e-01
parameter values for minimization:
K33 = 3.000000e+01
k24 = 8.000000e-01
Lambda = 3.900000e+01
d0 = 1.000000e+00
omega = 1.000000e+00
gamma_s = 1.000000e-01
initial guesses for R, eta, and delta:
guess for R = 2.782732e-01
guess for eta = 6.349829e+00
guess for delta = 5.888119e-01
estimated ranges of R, eta, and delta:
upper bound estimate of R = 4.174098e-01
lower bound estimate of R = 2.087049e-01
upper bound estimate of eta = 6.449829e+00
lower bound estimate of eta = 6.329829e+00
upper bound estimate of delta = 8.180000e-01
lower bound estimate of delta = 5.593713e-01
    iteration	            R	          eta	        delta	            E	         dEdR	       dEdeta	     dEddelta	    grad norm
likely a maximizing (vs minimizing) solution for psi(r), as y[1][2]=-1.311764e-05  which usually means high energy.
solvde convergence failed when x = (3.241569e-01,6.501403e+00,-2.401040e-01).
Retrying using a constant y value
minimum found at:
           11	 2.782732e-01	 6.425055e+00	 3.029207e-10	-1.197903e-01	-3.546389e-09	-1.233581e-10	 6.582185e-09	 7.477784e-09
psi(R) = 2.75e-01
parameter values for minimization:
K33 = 3.000000e+01
k24 = 8.000000e-01
Lambda = 4.000000e+01
d0 = 1.000000e+00
omega = 1.000000e+00
gamma_s = 1.000000e-01
initial guesses for R, eta, and delta:
guess for R = 2.782732e-01
guess for eta = 6.349829e+00
guess for delta = 5.888119e-01
estimated ranges of R, eta, and delta:
upper bound estimate of R = 4.174098e-01
lower bound estimate of R = 2.087049e-01
upper bound estimate of eta = 6.449829e+00
lower bound estimate of eta = 6.329829e+00
upper bound estimate of delta = 8.180000e-01
lower bound estimate of delta = 5.593713e-01
    iteration	            R	          eta	        delta	            E	         dEdR	       dEdeta	     dEddelta	    grad norm
minimum found at:
           10	 2.782732e-01	 6.416211e+00	-3.625550e-11	-1.197903e-01	 6.922639e-10	 0.000000e+00	-1.359364e-09	 1.525484e-09
psi(R) = 2.75e-01
parameter values for minimization:
K33 = 3.000000e+01
k24 = 8.000000e-01
Lambda = 4.100000e+01
d0 = 1.000000e+00
omega = 1.000000e+00
gamma_s = 1.000000e-01
initial guesses for R, eta, and delta:
guess for R = 2.782732e-01
guess for eta = 6.349829e+00
guess for delta = 5.888119e-01
estimated ranges of R, eta, and delta:
upper bound estimate of R = 4.174098e-01
lower bound estimate of R = 2.087049e-01
upper bound estimate of eta = 6.449829e+00
lower bound estimate of eta = 6.329829e+00
upper bound estimate of delta = 8.180000e-01
lower bound estimate of delta = 5.593713e-01
    iteration	            R	          eta	        delta	            E	         dEdR	       dEdeta	     dEddelta	    grad norm
minimum found at:
           11	 2.782732e-01	 6.405134e+00	-1.070571e-11	-1.197903e-01	 5.975665e-09	 5.639018e-10	-6.009821e-10	 6.032225e-09
psi(R) = 2.75e-01
parameter values for minimization:
K33 = 3.000000e+01
k24 = 8.000000e-01
Lambda = 4.200000e+01
d0 = 1.000000e+00
omega = 1.000000e+00
gamma_s = 1.000000e-01
initial guesses for R, eta, and delta:
guess for R = 2.782732e-01
guess for eta = 6.349829e+00
guess for delta = 5.888119e-01
estimated ranges of R, eta, and delta:
upper bound estimate of R = 4.174098e-01
lower bound estimate of R = 2.087049e-01
upper bound estimate of eta = 6.449829e+00
lower bound estimate of eta = 6.329829e+00
upper bound estimate of delta = 8.180000e-01
lower bound estimate of delta = 5.593713e-01
    iteration	            R	          eta	        delta	            E	         dEdR	       dEdeta	     dEddelta	    grad norm
minimum found at:
           11	 2.782732e-01	 6.395556e+00	-2.864237e-09	-1.197903e-01	 1.781591e-09	 1.141063e-09	-4.689092e-08	 4.693862e-08
psi(R) = 2.75e-01
parameter values for minimization:
K33 = 3.000000e+01
k24 = 8.000000e-01
Lambda = 4.300000e+01
d0 = 1.000000e+00
omega = 1.000000e+00
gamma_s = 1.000000e-01
initial guesses for R, eta, and delta:
guess for R = 2.782732e-01
guess for eta = 6.349829e+00
guess for delta = 5.888119e-01
estimated ranges of R, eta, and delta:
upper bound estimate of R = 4.174098e-01
lower bound estimate of R = 2.087049e-01
upper bound estimate of eta = 6.449829e+00
lower bound estimate of eta = 6.329829e+00
upper bound estimate of delta = 8.180000e-01
lower bound estimate of delta = 5.593713e-01
    iteration	            R	          eta	        delta	            E	         dEdR	       dEdeta	     dEddelta	    grad norm
minimum found at:
           11	 2.782732e-01	 6.386019e+00	-8.443868e-10	-1.197903e-01	-9.169247e-10	-6.206542e-10	-1.415170e-08	 1.419495e-08
psi(R) = 2.75e-01
parameter values for minimization:
K33 = 3.000000e+01
k24 = 8.000000e-01
Lambda = 4.400000e+01
d0 = 1.000000e+00
omega = 1.000000e+00
gamma_s = 1.000000e-01
initial guesses for R, eta, and delta:
guess for R = 2.782732e-01
guess for eta = 6.349829e+00
guess for delta = 5.888119e-01
estimated ranges of R, eta, and delta:
upper bound estimate of R = 4.174098e-01
lower bound estimate of R = 2.087049e-01
upper bound estimate of eta = 6.449829e+00
lower bound estimate of eta = 6.329829e+00
upper bound estimate of delta = 8.180000e-01
lower bound estimate of delta = 5.593713e-01
    iteration	            R	          eta	        delta	            E	         dEdR	       dEdeta	     dEddelta	    grad norm
minimum found at:
           11	 2.782732e-01	 6.377048e+00	 9.318140e-10	-1.197903e-01	 3.422265e-09	-3.083953e-11	 1.553968e-08	 1.591209e-08
psi(R) = 2.75e-01
parameter values for minimization:
K33 = 3.000000e+01
k24 = 8.000000e-01
Lambda = 4.500000e+01
d0 = 1.000000e+00
omega = 1.000000e+00
gamma_s = 1.000000e-01
initial guesses for R, eta, and delta:
guess for R = 2.782732e-01
guess for eta = 6.349829e+00
guess for delta = 5.888119e-01
estimated ranges of R, eta, and delta:
upper bound estimate of R = 4.174098e-01
lower bound estimate of R = 2.087049e-01
upper bound estimate of eta = 6.449829e+00
lower bound estimate of eta = 6.329829e+00
upper bound estimate of delta = 8.180000e-01
lower bound estimate of delta = 5.593713e-01
    iteration	            R	          eta	        delta	            E	         dEdR	       dEdeta	     dEddelta	    grad norm
minimum found at:
           11	 2.782732e-01	 6.369493e+00	 2.844954e-10	-1.197903e-01	-9.220610e-10	 2.467162e-10	 4.550293e-09	 4.649326e-09
psi(R) = 2.75e-01
parameter values for minimization:
K33 = 3.000000e+01
k24 = 8.000000e-01
Lambda = 4.600000e+01
d0 = 1.000000e+00
omega = 1.000000e+00
gamma_s = 1.000000e-01
initial guesses for R, eta, and delta:
guess for R = 2.782732e-01
guess for eta = 6.349829e+00
guess for delta = 5.888119e-01
estimated ranges of R, eta, and delta:
upper bound estimate of R = 4.174098e-01
lower bound estimate of R = 2.087049e-01
upper bound estimate of eta = 6.449829e+00
lower bound estimate of eta = 6.329829e+00
upper bound estimate of delta = 8.180000e-01
lower bound estimate of delta = 5.593713e-01
    iteration	            R	          eta	        delta	            E	         dEdR	       dEdeta	     dEddelta	    grad norm
minimum found at:
            9	 2.782732e-01	 6.361011e+00	-2.327075e-09	-1.197903e-01	 5.238974e-08	-5.551115e-10	-4.294160e-08	 6.774197e-08
psi(R) = 2.75e-01
parameter values for minimization:
K33 = 3.000000e+01
k24 = 8.000000e-01
Lambda = 4.700000e+01
d0 = 1.000000e+00
omega = 1.000000e+00
gamma_s = 1.000000e-01
initial guesses for R, eta, and delta:
guess for R = 2.782732e-01
guess for eta = 6.349829e+00
guess for delta = 5.888119e-01
estimated ranges of R, eta, and delta:
upper bound estimate of R = 4.174098e-01
lower bound estimate of R = 2.087049e-01
upper bound estimate of eta = 6.449829e+00
lower bound estimate of eta = 6.329829e+00
upper bound estimate of delta = 8.180000e-01
lower bound estimate of delta = 5.593713e-01
    iteration	            R	          eta	        delta	            E	         dEdR	       dEdeta	     dEddelta	    grad norm
a-alpha = -1.953285e-08, fpa = -5.884862e-10
minimum found at:
           11	 2.782732e-01	 6.353848e+00	 1.674419e-09	-1.197903e-01	 1.269151e-09	 0.000000e+00	 3.404134e-08	 3.406500e-08
psi(R) = 2.75e-01
parameter values for minimization:
K33 = 3.000000e+01
k24 = 8.000000e-01
Lambda = 4.800000e+01
d0 = 1.000000e+00
omega = 1.000000e+00
gamma_s = 1.000000e-01
initial guesses for R, eta, and delta:
guess for R = 2.782732e-01
guess for eta = 6.349829e+00
guess for delta = 5.888119e-01
estimated ranges of R, eta, and delta:
upper bound estimate of R = 4.174098e-01
lower bound estimate of R = 2.087049e-01
upper bound estimate of eta = 6.449829e+00
lower bound estimate of eta = 6.329829e+00
upper bound estimate of delta = 8.180000e-01
lower bound estimate of delta = 5.593713e-01
    iteration	            R	          eta	        delta	            E	         dEdR	       dEdeta	     dEddelta	    grad norm
a-alpha = 6.992077e-09, fpa = 4.161165e-10
a-alpha = -1.315230e-08, fpa = -3.200698e-10
a-alpha = 9.015897e-09, fpa = 1.010284e-08
a-alpha = 2.847101e-09, fpa = 4.327766e-09
minimum found at:
           13	 2.782732e-01	 6.347703e+00	-9.176205e-10	-1.197903e-01	 2.533940e-08	-5.753327e-11	-2.000022e-08	 3.228154e-08
psi(R) = 2.75e-01
parameter values for minimization:
K33 = 3.000000e+01
k24 = 8.000000e-01
Lambda = 4.900000e+01
d0 = 1.000000e+00
omega = 1.000000e+00
gamma_s = 1.000000e-01
initial guesses for R, eta, and delta:
guess for R = 2.782732e-01
guess for eta = 6.349829e+00
guess for delta = 5.888119e-01
estimated ranges of R, eta, and delta:
upper bound estimate of R = 4.174098e-01
lower bound estimate of R = 2.087049e-01
upper bound estimate of eta = 6.449829e+00
lower bound estimate of eta = 6.329829e+00
upper bound estimate of delta = 8.180000e-01
lower bound estimate of delta = 5.593713e-01
    iteration	            R	          eta	        delta	            E	         dEdR	       dEdeta	     dEddelta	    grad norm
a-alpha = 1.024056e-08, fpa = 6.886658e-10
a-alpha = 9.418534e-09, fpa = 7.512985e-10
minimum found at:
           11	 2.782732e-01	 6.342450e+00	-1.487556e-09	-1.197903e-01	-9.557517e-09	-6.015195e-11	-3.686024e-08	 3.807922e-08
psi(R) = 2.75e-01
parameter values for minimization:
K33 = 3.000000e+01
k24 = 8.000000e-01
Lambda = 5.000000e+01
d0 = 1.000000e+00
omega = 1.000000e+00
gamma_s = 1.000000e-01
initial guesses for R, eta, and delta:
guess for R = 2.782732e-01
guess for eta = 6.349829e+00
guess for delta = 5.888119e-01
estimated ranges of R, eta, and delta:
upper bound estimate of R = 4.174098e-01
lower bound estimate of R = 2.087049e-01
upper bound estimate of eta = 6.449829e+00
lower bound estimate of eta = 6.329829e+00
upper bound estimate of delta = 8.180000e-01
lower bound estimate of delta = 5.593713e-01
    iteration	            R	          eta	        delta	            E	         dEdR	       dEdeta	     dEddelta	    grad norm
minimum found at:
           13	 2.782732e-01	 6.306605e+00	-5.091649e-12	-1.197903e-01	-2.123618e-09	 7.401487e-10	-4.292729e-11	 2.249315e-09
psi(R) = 2.75e-01
parameter values for minimization:
K33 = 3.000000e+01
k24 = 8.000000e-01
Lambda = 5.100000e+01
d0 = 1.000000e+00
omega = 1.000000e+00
gamma_s = 1.000000e-01
initial guesses for R, eta, and delta:
guess for R = 2.782732e-01
guess for eta = 6.349829e+00
guess for delta = 5.888119e-01
estimated ranges of R, eta, and delta:
upper bound estimate of R = 4.174098e-01
lower bound estimate of R = 2.087049e-01
upper bound estimate of eta = 6.449829e+00
lower bound estimate of eta = 6.329829e+00
upper bound estimate of delta = 8.180000e-01
lower bound estimate of delta = 5.593713e-01
    iteration	            R	          eta	        delta	            E	         dEdR	       dEdeta	     dEddelta	    grad norm
minimum found at:
           11	 2.782732e-01	 6.302031e+00	-1.733988e-10	-1.197903e-01	 8.334013e-10	-4.009139e-10	-7.603758e-09	 7.659792e-09
psi(R) = 2.75e-01
parameter values for minimization:
K33 = 3.000000e+01
k24 = 8.000000e-01
Lambda = 5.200000e+01
d0 = 1.000000e+00
omega = 1.000000e+00
gamma_s = 1.000000e-01
initial guesses for R, eta, and delta:
guess for R = 2.782732e-01
guess for eta = 6.349829e+00
guess for delta = 5.888119e-01
estimated ranges of R, eta, and delta:
upper bound estimate of R = 4.174098e-01
lower bound estimate of R = 2.087049e-01
upper bound estimate of eta = 6.449829e+00
lower bound estimate of eta = 6.329829e+00
upper bound estimate of delta = 8.180000e-01
lower bound estimate of delta = 5.593713e-01
    iteration	            R	          eta	        delta	            E	         dEdR	       dEdeta	     dEddelta	    grad norm
minimum found at:
           11	 2.782732e-01	 6.300634e+00	 4.526340e-10	-1.197903e-01	-3.067626e-09	-2.158767e-10	 2.011859e-08	 2.035226e-08
psi(R) = 2.75e-01
parameter values for minimization:
K33 = 3.000000e+01
k24 = 8.000000e-01
Lambda = 5.300000e+01
d0 = 1.000000e+00
omega = 1.000000e+00
gamma_s = 1.000000e-01
initial guesses for R, eta, and delta:
guess for R = 2.782732e-01
guess for eta = 6.349829e+00
guess for delta = 5.888119e-01
estimated ranges of R, eta, and delta:
upper bound estimate of R = 4.174098e-01
lower bound estimate of R = 2.087049e-01
upper bound estimate of eta = 6.449829e+00
lower bound estimate of eta = 6.329829e+00
upper bound estimate of delta = 8.180000e-01
lower bound estimate of delta = 5.593713e-01
    iteration	            R	          eta	        delta	            E	         dEdR	       dEdeta	     dEddelta	    grad norm
minimum found at:
           12	 2.782732e-01	 6.301181e+00	 1.251993e-11	-1.197903e-01	-4.610305e-10	 9.771546e-10	 3.720366e-10	 1.142712e-09
psi(R) = 2.75e-01
parameter values for minimization:
K33 = 3.000000e+01
k24 = 8.000000e-01
Lambda = 5.400000e+01
d0 = 1.000000e+00
omega = 1.000000e+00
gamma_s = 1.000000e-01
initial guesses for R, eta, and delta:
guess for R = 2.782732e-01
guess for eta = 6.349829e+00
guess for delta = 5.888119e-01
estimated ranges of R, eta, and delta:
upper bound estimate of R = 4.174098e-01
lower bound estimate of R = 2.087049e-01
upper bound estimate of eta = 6.449829e+00
lower bound estimate of eta = 6.329829e+00
upper bound estimate of delta = 8.180000e-01
lower bound estimate of delta = 5.593713e-01
    iteration	            R	          eta	        delta	            E	         dEdR	       dEdeta	     dEddelta	    grad norm
minimum found at:
           11	 2.782732e-01	 6.302801e+00	-1.891197e-10	-1.197903e-01	-2.152658e-08	 0.000000e+00	-8.723011e-09	 2.322681e-08
psi(R) = 2.75e-01
parameter values for minimization:
K33 = 3.000000e+01
k24 = 8.000000e-01
Lambda = 5.500000e+01
d0 = 1.000000e+00
omega = 1.000000e+00
gamma_s = 1.000000e-01
initial guesses for R, eta, and delta:
guess for R = 2.782732e-01
guess for eta = 6.349829e+00
guess for delta = 5.888119e-01
estimated ranges of R, eta, and delta:
upper bound estimate of R = 4.174098e-01
lower bound estimate of R = 2.087049e-01
upper bound estimate of eta = 6.449829e+00
lower bound estimate of eta = 6.329829e+00
upper bound estimate of delta = 8.180000e-01
lower bound estimate of delta = 5.593713e-01
    iteration	            R	          eta	        delta	            E	         dEdR	       dEdeta	     dEddelta	    grad norm
minimum found at:
           11	 2.782732e-01	 6.304788e+00	 1.864880e-11	-1.197903e-01	-1.968246e-09	-2.775558e-10	 8.871641e-10	 2.176715e-09
psi(R) = 2.75e-01
parameter values for minimization:
K33 = 3.000000e+01
k24 = 8.000000e-01
Lambda = 5.600000e+01
d0 = 1.000000e+00
omega = 1.000000e+00
gamma_s = 1.000000e-01
initial guesses for R, eta, and delta:
guess for R = 2.782732e-01
guess for eta = 6.349829e+00
guess for delta = 5.888119e-01
estimated ranges of R, eta, and delta:
upper bound estimate of R = 4.174098e-01
lower bound estimate of R = 2.087049e-01
upper bound estimate of eta = 6.449829e+00
lower bound estimate of eta = 6.329829e+00
upper bound estimate of delta = 8.180000e-01
lower bound estimate of delta = 5.593713e-01
    iteration	            R	          eta	        delta	            E	         dEdR	       dEdeta	     dEddelta	    grad norm
a-alpha = 2.487467e-09, fpa = 4.812491e-09
a-alpha = 1.215920e-09, fpa = 2.877806e-09
minimum found at:
           10	 2.782732e-01	 6.306401e+00	 6.874472e-10	-1.197903e-01	 4.354965e-08	 5.242720e-10	 3.085042e-08	 5.337223e-08
psi(R) = 2.75e-01
parameter values for minimization:
K33 = 3.000000e+01
k24 = 8.000000e-01
Lambda = 5.700000e+01
d0 = 1.000000e+00
omega = 1.000000e+00
gamma_s = 1.000000e-01
initial guesses for R, eta, and delta:
guess for R = 2.782732e-01
guess for eta = 6.349829e+00
guess for delta = 5.888119e-01
estimated ranges of R, eta, and delta:
upper bound estimate of R = 4.174098e-01
lower bound estimate of R = 2.087049e-01
upper bound estimate of eta = 6.449829e+00
lower bound estimate of eta = 6.329829e+00
upper bound estimate of delta = 8.180000e-01
lower bound estimate of delta = 5.593713e-01
    iteration	            R	          eta	        delta	            E	         dEdR	       dEdeta	     dEddelta	    grad norm
a-alpha = 8.389619e-09, fpa = 4.112655e-09
minimum found at:
            9	 2.782732e-01	 6.308649e+00	 2.127643e-10	-1.197903e-01	-2.145565e-09	-6.476301e-10	 9.572787e-09	 9.831639e-09
psi(R) = 2.75e-01
parameter values for minimization:
K33 = 3.000000e+01
k24 = 8.000000e-01
Lambda = 5.800000e+01
d0 = 1.000000e+00
omega = 1.000000e+00
gamma_s = 1.000000e-01
initial guesses for R, eta, and delta:
guess for R = 2.782732e-01
guess for eta = 6.349829e+00
guess for delta = 5.888119e-01
estimated ranges of R, eta, and delta:
upper bound estimate of R = 4.174098e-01
lower bound estimate of R = 2.087049e-01
upper bound estimate of eta = 6.449829e+00
lower bound estimate of eta = 6.329829e+00
upper bound estimate of delta = 8.180000e-01
lower bound estimate of delta = 5.593713e-01
    iteration	            R	          eta	        delta	            E	         dEdR	       dEdeta	     dEddelta	    grad norm
minimum found at:
            7	 2.782732e-01	 6.312358e+00	-6.206947e-10	-1.197903e-01	 2.750224e-08	 6.019953e-10	-2.718729e-08	 3.867666e-08
psi(R) = 2.75e-01
parameter values for minimization:
K33 = 3.000000e+01
k24 = 8.000000e-01
Lambda = 5.900000e+01
d0 = 1.000000e+00
omega = 1.000000e+00
gamma_s = 1.000000e-01
initial guesses for R, eta, and delta:
guess for R = 2.782732e-01
guess for eta = 6.349829e+00
guess for delta = 5.888119e-01
estimated ranges of R, eta, and delta:
upper bound estimate of R = 4.174098e-01
lower bound estimate of R = 2.087049e-01
upper bound estimate of eta = 6.449829e+00
lower bound estimate of eta = 6.329829e+00
upper bound estimate of delta = 8.180000e-01
lower bound estimate of delta = 5.593713e-01
    iteration	            R	          eta	        delta	            E	         dEdR	       dEdeta	     dEddelta	    grad norm
minimum found at:
            9	 2.782732e-01	 6.316754e+00	 6.397410e-11	-1.197903e-01	 2.801647e-09	 2.158767e-10	 3.262474e-09	 4.305760e-09
psi(R) = 2.75e-01
parameter values for minimization:
K33 = 3.000000e+01
k24 = 8.000000e-01
Lambda = 6.000000e+01
d0 = 1.000000e+00
omega = 1.000000e+00
gamma_s = 1.000000e-01
initial guesses for R, eta, and delta:
guess for R = 2.782732e-01
guess for eta = 6.349829e+00
guess for delta = 5.888119e-01
estimated ranges of R, eta, and delta:
upper bound estimate of R = 4.174098e-01
lower bound estimate of R = 2.087049e-01
upper bound estimate of eta = 6.449829e+00
lower bound estimate of eta = 6.329829e+00
upper bound estimate of delta = 8.180000e-01
lower bound estimate of delta = 5.593713e-01
    iteration	            R	          eta	        delta	            E	         dEdR	       dEdeta	     dEddelta	    grad norm
minimum found at:
            9	 2.782732e-01	 6.321314e+00	-5.528872e-11	-1.197903e-01	-3.369069e-10	 0.000000e+00	-1.502455e-09	 1.539766e-09
psi(R) = 2.75e-01
parameter values for minimization:
K33 = 3.000000e+01
k24 = 8.000000e-01
Lambda = 6.100000e+01
d0 = 1.000000e+00
omega = 1.000000e+00
gamma_s = 1.000000e-01
initial guesses for R, eta, and delta:
guess for R = 2.782732e-01
guess for eta = 6.349829e+00
guess for delta = 5.888119e-01
estimated ranges of R, eta, and delta:
upper bound estimate of R = 4.174098e-01
lower bound estimate of R = 2.087049e-01
upper bound estimate of eta = 6.449829e+00
lower bound estimate of eta = 6.329829e+00
upper bound estimate of delta = 8.180000e-01
lower bound estimate of delta = 5.593713e-01
    iteration	            R	          eta	        delta	            E	         dEdR	       dEdeta	     dEddelta	    grad norm
minimum found at:
            8	 2.782732e-01	 6.325953e+00	 1.387418e-11	-1.197903e-01	 7.092777e-11	 0.000000e+00	 1.144728e-09	 1.146923e-09
psi(R) = 2.75e-01
parameter values for minimization:
K33 = 3.000000e+01
k24 = 8.000000e-01
Lambda = 6.200000e+01
d0 = 1.000000e+00
omega = 1.000000e+00
gamma_s = 1.000000e-01
initial guesses for R, eta, and delta:
guess for R = 2.782732e-01
guess for eta = 6.349829e+00
guess for delta = 5.888119e-01
estimated ranges of R, eta, and delta:
upper bound estimate of R = 4.174098e-01
lower bound estimate of R = 2.087049e-01
upper bound estimate of eta = 6.449829e+00
lower bound estimate of eta = 6.329829e+00
upper bound estimate of delta = 8.180000e-01
lower bound estimate of delta = 5.593713e-01
    iteration	            R	          eta	        delta	            E	         dEdR	       dEdeta	     dEddelta	    grad norm
minimum found at:
            8	 2.782732e-01	 6.330479e+00	-1.136745e-10	-1.197903e-01	 2.388172e-09	-1.171902e-09	-4.879403e-09	 5.557454e-09
psi(R) = 2.75e-01
parameter values for minimization:
K33 = 3.000000e+01
k24 = 8.000000e-01
Lambda = 6.300000e+01
d0 = 1.000000e+00
omega = 1.000000e+00
gamma_s = 1.000000e-01
initial guesses for R, eta, and delta:
guess for R = 2.782732e-01
guess for eta = 6.349829e+00
guess for delta = 5.888119e-01
estimated ranges of R, eta, and delta:
upper bound estimate of R = 4.174098e-01
lower bound estimate of R = 2.087049e-01
upper bound estimate of eta = 6.449829e+00
lower bound estimate of eta = 6.329829e+00
upper bound estimate of delta = 8.180000e-01
lower bound estimate of delta = 5.593713e-01
    iteration	            R	          eta	        delta	            E	         dEdR	       dEdeta	     dEddelta	    grad norm
a-alpha = -2.344134e-08, fpa = -1.641522e-09
minimum found at:
            9	 2.782732e-01	 6.332399e+00	-5.407075e-10	-1.197903e-01	 6.773602e-09	-4.934325e-10	-1.904541e-08	 2.022011e-08
psi(R) = 2.75e-01
parameter values for minimization:
K33 = 3.000000e+01
k24 = 8.000000e-01
Lambda = 6.400000e+01
d0 = 1.000000e+00
omega = 1.000000e+00
gamma_s = 1.000000e-01
initial guesses for R, eta, and delta:
guess for R = 2.782732e-01
guess for eta = 6.349829e+00
guess for delta = 5.888119e-01
estimated ranges of R, eta, and delta:
upper bound estimate of R = 4.174098e-01
lower bound estimate of R = 2.087049e-01
upper bound estimate of eta = 6.449829e+00
lower bound estimate of eta = 6.329829e+00
upper bound estimate of delta = 8.180000e-01
lower bound estimate of delta = 5.593713e-01
    iteration	            R	          eta	        delta	            E	         dEdR	       dEdeta	     dEddelta	    grad norm
minimum found at:
            6	 2.782732e-01	 6.334012e+00	 2.114661e-10	-1.197903e-01	 3.209482e-09	 7.093092e-10	 7.632635e-09	 8.310295e-09
psi(R) = 2.75e-01
parameter values for minimization:
K33 = 3.000000e+01
k24 = 8.000000e-01
Lambda = 6.500000e+01
d0 = 1.000000e+00
omega = 1.000000e+00
gamma_s = 1.000000e-01
initial guesses for R, eta, and delta:
guess for R = 2.782732e-01
guess for eta = 6.349829e+00
guess for delta = 5.888119e-01
estimated ranges of R, eta, and delta:
upper bound estimate of R = 4.174098e-01
lower bound estimate of R = 2.087049e-01
upper bound estimate of eta = 6.449829e+00
lower bound estimate of eta = 6.329829e+00
upper bound estimate of delta = 8.180000e-01
lower bound estimate of delta = 5.593713e-01
    iteration	            R	          eta	        delta	            E	         dEdR	       dEdeta	     dEddelta	    grad norm
minimum found at:
            7	 2.782732e-01	 6.335415e+00	-2.980377e-11	-1.197903e-01	 4.001847e-10	-3.083953e-11	-1.960346e-09	 2.001014e-09
psi(R) = 2.75e-01
parameter values for minimization:
K33 = 3.000000e+01
k24 = 8.000000e-01
Lambda = 6.600000e+01
d0 = 1.000000e+00
omega = 1.000000e+00
gamma_s = 1.000000e-01
initial guesses for R, eta, and delta:
guess for R = 2.782732e-01
guess for eta = 6.349829e+00
guess for delta = 5.888119e-01
estimated ranges of R, eta, and delta:
upper bound estimate of R = 4.174098e-01
lower bound estimate of R = 2.087049e-01
upper bound estimate of eta = 6.449829e+00
lower bound estimate of eta = 6.329829e+00
upper bound estimate of delta = 8.180000e-01
lower bound estimate of delta = 5.593713e-01
    iteration	            R	          eta	        delta	            E	         dEdR	       dEdeta	     dEddelta	    grad norm
minimum found at:
            9	 2.782732e-01	 6.337212e+00	-3.407502e-11	-1.197903e-01	-7.451293e-11	-1.079383e-09	-8.585459e-10	 1.381203e-09
psi(R) = 2.75e-01
parameter values for minimization:
K33 = 3.000000e+01
k24 = 8.000000e-01
Lambda = 6.700000e+01
d0 = 1.000000e+00
omega = 1.000000e+00
gamma_s = 1.000000e-01
initial guesses for R, eta, and delta:
guess for R = 2.782732e-01
guess for eta = 6.349829e+00
guess for delta = 5.888119e-01
estimated ranges of R, eta, and delta:
upper bound estimate of R = 4.174098e-01
lower bound estimate of R = 2.087049e-01
upper bound estimate of eta = 6.449829e+00
lower bound estimate of eta = 6.329829e+00
upper bound estimate of delta = 8.180000e-01
lower bound estimate of delta = 5.593713e-01
    iteration	            R	          eta	        delta	            E	         dEdR	       dEdeta	     dEddelta	    grad norm
minimum found at:
            8	 2.782732e-01	 6.339137e+00	 4.081482e-10	-1.197903e-01	 5.301851e-09	 4.317534e-10	 1.486715e-08	 1.579013e-08
psi(R) = 2.75e-01
parameter values for minimization:
K33 = 3.000000e+01
k24 = 8.000000e-01
Lambda = 6.800000e+01
d0 = 1.000000e+00
omega = 1.000000e+00
gamma_s = 1.000000e-01
initial guesses for R, eta, and delta:
guess for R = 2.782732e-01
guess for eta = 6.349829e+00
guess for delta = 5.888119e-01
estimated ranges of R, eta, and delta:
upper bound estimate of R = 4.174098e-01
lower bound estimate of R = 2.087049e-01
upper bound estimate of eta = 6.449829e+00
lower bound estimate of eta = 6.329829e+00
upper bound estimate of delta = 8.180000e-01
lower bound estimate of delta = 5.593713e-01
    iteration	            R	          eta	        delta	            E	         dEdR	       dEdeta	     dEddelta	    grad norm
a-alpha = -1.997482e-08, fpa = -1.048993e-08
minimum found at:
            9	 2.782732e-01	 6.341076e+00	-2.439144e-09	-1.197903e-01	 1.324757e-08	 6.476301e-10	-8.333426e-08	 8.438315e-08
psi(R) = 2.75e-01
parameter values for minimization:
K33 = 3.000000e+01
k24 = 8.000000e-01
Lambda = 6.900000e+01
d0 = 1.000000e+00
omega = 1.000000e+00
gamma_s = 1.000000e-01
initial guesses for R, eta, and delta:
guess for R = 2.782732e-01
guess for eta = 6.349829e+00
guess for delta = 5.888119e-01
estimated ranges of R, eta, and delta:
upper bound estimate of R = 4.174098e-01
lower bound estimate of R = 2.087049e-01
upper bound estimate of eta = 6.449829e+00
lower bound estimate of eta = 6.329829e+00
upper bound estimate of delta = 8.180000e-01
lower bound estimate of delta = 5.593713e-01
    iteration	            R	          eta	        delta	            E	         dEdR	       dEdeta	     dEddelta	    grad norm
minimum found at:
            9	 2.782732e-01	 6.343012e+00	 4.407487e-10	-1.197903e-01	 5.248655e-09	 6.167906e-11	 1.435203e-08	 1.528178e-08
psi(R) = 2.75e-01
parameter values for minimization:
K33 = 3.000000e+01
k24 = 8.000000e-01
Lambda = 7.000000e+01
d0 = 1.000000e+00
omega = 1.000000e+00
gamma_s = 1.000000e-01
initial guesses for R, eta, and delta:
guess for R = 2.782732e-01
guess for eta = 6.349829e+00
guess for delta = 5.888119e-01
estimated ranges of R, eta, and delta:
upper bound estimate of R = 4.174098e-01
lower bound estimate of R = 2.087049e-01
upper bound estimate of eta = 6.449829e+00
lower bound estimate of eta = 6.329829e+00
upper bound estimate of delta = 8.180000e-01
lower bound estimate of delta = 5.593713e-01
    iteration	            R	          eta	        delta	            E	         dEdR	       dEdeta	     dEddelta	    grad norm
a-alpha = -2.325765e-08, fpa = -7.383481e-09
minimum found at:
            9	 2.782732e-01	 6.344934e+00	-1.469310e-09	-1.197903e-01	 7.887253e-09	 0.000000e+00	-5.001030e-08	 5.062844e-08
psi(R) = 2.75e-01
parameter values for minimization:
K33 = 3.000000e+01
k24 = 8.000000e-01
Lambda = 7.100000e+01
d0 = 1.000000e+00
omega = 1.000000e+00
gamma_s = 1.000000e-01
initial guesses for R, eta, and delta:
guess for R = 2.782732e-01
guess for eta = 6.349829e+00
guess for delta = 5.888119e-01
estimated ranges of R, eta, and delta:
upper bound estimate of R = 4.174098e-01
lower bound estimate of R = 2.087049e-01
upper bound estimate of eta = 6.449829e+00
lower bound estimate of eta = 6.329829e+00
upper bound estimate of delta = 8.180000e-01
lower bound estimate of delta = 5.593713e-01
    iteration	            R	          eta	        delta	            E	         dEdR	       dEdeta	     dEddelta	    grad norm
minimum found at:
            8	 2.782732e-01	 6.346839e+00	-2.506460e-09	-1.197903e-01	 1.573598e-08	 0.000000e+00	-8.392286e-08	 8.538541e-08
psi(R) = 2.75e-01
parameter values for minimization:
K33 = 3.000000e+01
k24 = 8.000000e-01
Lambda = 7.200000e+01
d0 = 1.000000e+00
omega = 1.000000e+00
gamma_s = 1.000000e-01
initial guesses for R, eta, and delta:
guess for R = 2.782732e-01
guess for eta = 6.349829e+00
guess for delta = 5.888119e-01
estimated ranges of R, eta, and delta:
upper bound estimate of R = 4.174098e-01
lower bound estimate of R = 2.087049e-01
upper bound estimate of eta = 6.449829e+00
lower bound estimate of eta = 6.329829e+00
upper bound estimate of delta = 8.180000e-01
lower bound estimate of delta = 5.593713e-01
    iteration	            R	          eta	        delta	            E	         dEdR	       dEdeta	     dEddelta	    grad norm
minimum found at:
            8	 2.782732e-01	 6.348727e+00	-1.889717e-09	-1.197903e-01	 1.349671e-08	 3.700743e-10	-6.243060e-08	 6.387392e-08
psi(R) = 2.75e-01
parameter values for minimization:
K33 = 3.000000e+01
k24 = 8.000000e-01
Lambda = 7.300000e+01
d0 = 1.000000e+00
omega = 1.000000e+00
gamma_s = 1.000000e-01
initial guesses for R, eta, and delta:
guess for R = 2.782732e-01
guess for eta = 6.349829e+00
guess for delta = 5.888119e-01
estimated ranges of R, eta, and delta:
upper bound estimate of R = 4.174098e-01
lower bound estimate of R = 2.087049e-01
upper bound estimate of eta = 6.449829e+00
lower bound estimate of eta = 6.329829e+00
upper bound estimate of delta = 8.180000e-01
lower bound estimate of delta = 5.593713e-01
    iteration	            R	          eta	        delta	            E	         dEdR	       dEdeta	     dEddelta	    grad norm
minimum found at:
            9	 2.782732e-01	 6.350609e+00	-6.119777e-11	-1.197903e-01	-9.338176e-10	-7.733380e-11	-1.974656e-09	 2.185694e-09
psi(R) = 2.75e-01
parameter values for minimization:
K33 = 3.000000e+01
k24 = 8.000000e-01
Lambda = 7.400000e+01
d0 = 1.000000e+00
omega = 1.000000e+00
gamma_s = 1.000000e-01
initial guesses for R, eta, and delta:
guess for R = 2.782732e-01
guess for eta = 6.349829e+00
guess for delta = 5.888119e-01
estimated ranges of R, eta, and delta:
upper bound estimate of R = 4.174098e-01
lower bound estimate of R = 2.087049e-01
upper bound estimate of eta = 6.449829e+00
lower bound estimate of eta = 6.329829e+00
upper bound estimate of delta = 8.180000e-01
lower bound estimate of delta = 5.593713e-01
    iteration	            R	          eta	        delta	            E	         dEdR	       dEdeta	     dEddelta	    grad norm
minimum found at:
            8	 2.782732e-01	 6.352522e+00	-4.288997e-11	-1.197903e-01	 3.191750e-10	 0.000000e+00	-1.259201e-09	 1.299022e-09
psi(R) = 2.75e-01
parameter values for minimization:
K33 = 3.000000e+01
k24 = 8.000000e-01
Lambda = 7.500000e+01
d0 = 1.000000e+00
omega = 1.000000e+00
gamma_s = 1.000000e-01
initial guesses for R, eta, and delta:
guess for R = 2.782732e-01
guess for eta = 6.349829e+00
guess for delta = 5.888119e-01
estimated ranges of R, eta, and delta:
upper bound estimate of R = 4.174098e-01
lower bound estimate of R = 2.087049e-01
upper bound estimate of eta = 6.449829e+00
lower bound estimate of eta = 6.329829e+00
upper bound estimate of delta = 8.180000e-01
lower bound estimate of delta = 5.593713e-01
    iteration	            R	          eta	        delta	            E	         dEdR	       dEdeta	     dEddelta	    grad norm
minimum found at:
            8	 2.782732e-01	 6.353639e+00	-2.087502e-11	-1.197903e-01	-3.014430e-10	-3.083953e-10	-1.244892e-09	 1.317471e-09
psi(R) = 2.75e-01
parameter values for minimization:
K33 = 3.000000e+01
k24 = 8.000000e-01
Lambda = 7.600000e+01
d0 = 1.000000e+00
omega = 1.000000e+00
gamma_s = 1.000000e-01
initial guesses for R, eta, and delta:
guess for R = 2.782732e-01
guess for eta = 6.349829e+00
guess for delta = 5.888119e-01
estimated ranges of R, eta, and delta:
upper bound estimate of R = 4.174098e-01
lower bound estimate of R = 2.087049e-01
upper bound estimate of eta = 6.449829e+00
lower bound estimate of eta = 6.329829e+00
upper bound estimate of delta = 8.180000e-01
lower bound estimate of delta = 5.593713e-01
    iteration	            R	          eta	        delta	            E	         dEdR	       dEdeta	     dEddelta	    grad norm
a-alpha = 7.384708e-09, fpa = 9.676716e-10
minimum found at:
            8	 2.782732e-01	 6.355567e+00	 2.010017e-10	-1.197903e-01	-2.771363e-09	 1.017704e-09	 6.367549e-09	 7.018679e-09
psi(R) = 2.75e-01
parameter values for minimization:
K33 = 3.000000e+01
k24 = 8.000000e-01
Lambda = 7.700000e+01
d0 = 1.000000e+00
omega = 1.000000e+00
gamma_s = 1.000000e-01
initial guesses for R, eta, and delta:
guess for R = 2.782732e-01
guess for eta = 6.349829e+00
guess for delta = 5.888119e-01
estimated ranges of R, eta, and delta:
upper bound estimate of R = 4.174098e-01
lower bound estimate of R = 2.087049e-01
upper bound estimate of eta = 6.449829e+00
lower bound estimate of eta = 6.329829e+00
upper bound estimate of delta = 8.180000e-01
lower bound estimate of delta = 5.593713e-01
    iteration	            R	          eta	        delta	            E	         dEdR	       dEdeta	     dEddelta	    grad norm
minimum found at:
            8	 2.782732e-01	 6.358666e+00	 1.703575e-10	-1.197903e-01	 2.234225e-09	 9.251859e-11	 6.009821e-09	 6.412353e-09
psi(R) = 2.75e-01
parameter values for minimization:
K33 = 3.000000e+01
k24 = 8.000000e-01
Lambda = 7.800000e+01
d0 = 1.000000e+00
omega = 1.000000e+00
gamma_s = 1.000000e-01
initial guesses for R, eta, and delta:
guess for R = 2.782732e-01
guess for eta = 6.349829e+00
guess for delta = 5.888119e-01
estimated ranges of R, eta, and delta:
upper bound estimate of R = 4.174098e-01
lower bound estimate of R = 2.087049e-01
upper bound estimate of eta = 6.449829e+00
lower bound estimate of eta = 6.329829e+00
upper bound estimate of delta = 8.180000e-01
lower bound estimate of delta = 5.593713e-01
    iteration	            R	          eta	        delta	            E	         dEdR	       dEdeta	     dEddelta	    grad norm
minimum found at:
            7	 2.782732e-01	 6.359805e+00	-1.656955e-09	-1.197903e-01	-1.427421e-08	 2.158767e-10	-5.318692e-08	 5.506948e-08
psi(R) = 2.75e-01
parameter values for minimization:
K33 = 3.000000e+01
k24 = 8.000000e-01
Lambda = 7.900000e+01
d0 = 1.000000e+00
omega = 1.000000e+00
gamma_s = 1.000000e-01
initial guesses for R, eta, and delta:
guess for R = 2.782732e-01
guess for eta = 6.349829e+00
guess for delta = 5.888119e-01
estimated ranges of R, eta, and delta:
upper bound estimate of R = 4.174098e-01
lower bound estimate of R = 2.087049e-01
upper bound estimate of eta = 6.449829e+00
lower bound estimate of eta = 6.329829e+00
upper bound estimate of delta = 8.180000e-01
lower bound estimate of delta = 5.593713e-01
    iteration	            R	          eta	        delta	            E	         dEdR	       dEdeta	     dEddelta	    grad norm
minimum found at:
            8	 2.782732e-01	 6.360646e+00	-2.770723e-11	-1.197903e-01	 3.901027e-10	-1.850372e-10	-9.587096e-10	 1.051448e-09
psi(R) = 2.75e-01
parameter values for minimization:
K33 = 3.000000e+01
k24 = 8.000000e-01
Lambda = 8.000000e+01
d0 = 1.000000e+00
omega = 1.000000e+00
gamma_s = 1.000000e-01
initial guesses for R, eta, and delta:
guess for R = 2.782732e-01
guess for eta = 6.349829e+00
guess for delta = 5.888119e-01
estimated ranges of R, eta, and delta:
upper bound estimate of R = 4.174098e-01
lower bound estimate of R = 2.087049e-01
upper bound estimate of eta = 6.449829e+00
lower bound estimate of eta = 6.329829e+00
upper bound estimate of delta = 8.180000e-01
lower bound estimate of delta = 5.593713e-01
    iteration	            R	          eta	        delta	            E	         dEdR	       dEdeta	     dEddelta	    grad norm
minimum found at:
            8	 2.782732e-01	 6.360695e+00	-2.210016e-11	-1.197903e-01	 1.489483e-09	 4.774263e-11	-7.297640e-10	 1.659336e-09
psi(R) = 2.75e-01
parameter values for minimization:
K33 = 3.000000e+01
k24 = 8.000000e-01
Lambda = 8.100000e+01
d0 = 1.000000e+00
omega = 1.000000e+00
gamma_s = 1.000000e-01
initial guesses for R, eta, and delta:
guess for R = 2.782732e-01
guess for eta = 6.349829e+00
guess for delta = 5.888119e-01
estimated ranges of R, eta, and delta:
upper bound estimate of R = 4.174098e-01
lower bound estimate of R = 2.087049e-01
upper bound estimate of eta = 6.449829e+00
lower bound estimate of eta = 6.329829e+00
upper bound estimate of delta = 8.180000e-01
lower bound estimate of delta = 5.593713e-01
    iteration	            R	          eta	        delta	            E	         dEdR	       dEdeta	     dEddelta	    grad norm
a-alpha = 1.693150e-08, fpa = 1.051693e-08
minimum found at:
            7	 2.782732e-01	 6.364954e+00	 3.491408e-10	-1.197903e-01	-9.377639e-09	-6.167906e-11	 1.130419e-08	 1.468770e-08
psi(R) = 2.75e-01
parameter values for minimization:
K33 = 3.000000e+01
k24 = 8.000000e-01
Lambda = 8.200000e+01
d0 = 1.000000e+00
omega = 1.000000e+00
gamma_s = 1.000000e-01
initial guesses for R, eta, and delta:
guess for R = 2.782732e-01
guess for eta = 6.349829e+00
guess for delta = 5.888119e-01
estimated ranges of R, eta, and delta:
upper bound estimate of R = 4.174098e-01
lower bound estimate of R = 2.087049e-01
upper bound estimate of eta = 6.449829e+00
lower bound estimate of eta = 6.329829e+00
upper bound estimate of delta = 8.180000e-01
lower bound estimate of delta = 5.593713e-01
    iteration	            R	          eta	        delta	            E	         dEdR	       dEdeta	     dEddelta	    grad norm
minimum found at:
           10	 2.782732e-01	 6.355624e+00	-1.424746e-09	-1.197903e-01	 9.025559e-09	-3.036394e-10	-5.045388e-08	 5.125570e-08
psi(R) = 2.75e-01
parameter values for minimization:
K33 = 3.000000e+01
k24 = 8.000000e-01
Lambda = 8.300000e+01
d0 = 1.000000e+00
omega = 1.000000e+00
gamma_s = 1.000000e-01
initial guesses for R, eta, and delta:
guess for R = 2.782732e-01
guess for eta = 6.349829e+00
guess for delta = 5.888119e-01
estimated ranges of R, eta, and delta:
upper bound estimate of R = 4.174098e-01
lower bound estimate of R = 2.087049e-01
upper bound estimate of eta = 6.449829e+00
lower bound estimate of eta = 6.329829e+00
upper bound estimate of delta = 8.180000e-01
lower bound estimate of delta = 5.593713e-01
    iteration	            R	          eta	        delta	            E	         dEdR	       dEdeta	     dEddelta	    grad norm
a-alpha = -2.069115e-08, fpa = -1.549292e-10
minimum found at:
            8	 2.782732e-01	 6.367944e+00	-8.612506e-10	-1.197903e-01	 7.629182e-09	-1.295934e-10	-2.803152e-08	 2.905146e-08
psi(R) = 2.75e-01
parameter values for minimization:
K33 = 3.000000e+01
k24 = 8.000000e-01
Lambda = 8.400000e+01
d0 = 1.000000e+00
omega = 1.000000e+00
gamma_s = 1.000000e-01
initial guesses for R, eta, and delta:
guess for R = 2.782732e-01
guess for eta = 6.349829e+00
guess for delta = 5.888119e-01
estimated ranges of R, eta, and delta:
upper bound estimate of R = 4.174098e-01
lower bound estimate of R = 2.087049e-01
upper bound estimate of eta = 6.449829e+00
lower bound estimate of eta = 6.329829e+00
upper bound estimate of delta = 8.180000e-01
lower bound estimate of delta = 5.593713e-01
    iteration	            R	          eta	        delta	            E	         dEdR	       dEdeta	     dEddelta	    grad norm
minimum found at:
            8	 2.782732e-01	 6.369592e+00	 6.026674e-10	-1.197903e-01	-2.224851e-09	 8.326673e-10	 2.013290e-08	 2.027257e-08
psi(R) = 2.75e-01
parameter values for minimization:
K33 = 3.000000e+01
k24 = 8.000000e-01
Lambda = 8.500000e+01
d0 = 1.000000e+00
omega = 1.000000e+00
gamma_s = 1.000000e-01
initial guesses for R, eta, and delta:
guess for R = 2.782732e-01
guess for eta = 6.349829e+00
guess for delta = 5.888119e-01
estimated ranges of R, eta, and delta:
upper bound estimate of R = 4.174098e-01
lower bound estimate of R = 2.087049e-01
upper bound estimate of eta = 6.449829e+00
lower bound estimate of eta = 6.329829e+00
upper bound estimate of delta = 8.180000e-01
lower bound estimate of delta = 5.593713e-01
    iteration	            R	          eta	        delta	            E	         dEdR	       dEdeta	     dEddelta	    grad norm
minimum found at:
            7	 2.782732e-01	 6.371520e+00	 4.643562e-10	-1.197903e-01	-8.848410e-08	 0.000000e+00	 1.589004e-08	 8.989955e-08
psi(R) = 2.75e-01
parameter values for minimization:
K33 = 3.000000e+01
k24 = 8.000000e-01
Lambda = 8.600000e+01
d0 = 1.000000e+00
omega = 1.000000e+00
gamma_s = 1.000000e-01
initial guesses for R, eta, and delta:
guess for R = 2.782732e-01
guess for eta = 6.349829e+00
guess for delta = 5.888119e-01
estimated ranges of R, eta, and delta:
upper bound estimate of R = 4.174098e-01
lower bound estimate of R = 2.087049e-01
upper bound estimate of eta = 6.449829e+00
lower bound estimate of eta = 6.329829e+00
upper bound estimate of delta = 8.180000e-01
lower bound estimate of delta = 5.593713e-01
    iteration	            R	          eta	        delta	            E	         dEdR	       dEdeta	     dEddelta	    grad norm
minimum found at:
            7	 2.782732e-01	 6.373076e+00	-1.838918e-09	-1.197903e-01	 7.039581e-09	 3.083953e-10	-6.107123e-08	 6.147639e-08
psi(R) = 2.75e-01
parameter values for minimization:
K33 = 3.000000e+01
k24 = 8.000000e-01
Lambda = 8.700000e+01
d0 = 1.000000e+00
omega = 1.000000e+00
gamma_s = 1.000000e-01
initial guesses for R, eta, and delta:
guess for R = 2.782732e-01
guess for eta = 6.349829e+00
guess for delta = 5.888119e-01
estimated ranges of R, eta, and delta:
upper bound estimate of R = 4.174098e-01
lower bound estimate of R = 2.087049e-01
upper bound estimate of eta = 6.449829e+00
lower bound estimate of eta = 6.329829e+00
upper bound estimate of delta = 8.180000e-01
lower bound estimate of delta = 5.593713e-01
    iteration	            R	          eta	        delta	            E	         dEdR	       dEdeta	     dEddelta	    grad norm
likely a maximizing (vs minimizing) solution for psi(r), as y[1][2]=-8.325074e-05  which usually means high energy.
solvde convergence failed when x = (9.074375e-01,6.417064e+00,-4.477652e-01).
Retrying using a constant y value
minimum found at:
            7	 2.782732e-01	 6.374683e+00	 2.459765e-09	-1.197903e-01	-8.670920e-09	 8.758476e-10	 8.282106e-08	 8.327833e-08
psi(R) = 2.75e-01
parameter values for minimization:
K33 = 3.000000e+01
k24 = 8.000000e-01
Lambda = 8.800000e+01
d0 = 1.000000e+00
omega = 1.000000e+00
gamma_s = 1.000000e-01
initial guesses for R, eta, and delta:
guess for R = 2.782732e-01
guess for eta = 6.349829e+00
guess for delta = 5.888119e-01
estimated ranges of R, eta, and delta:
upper bound estimate of R = 4.174098e-01
lower bound estimate of R = 2.087049e-01
upper bound estimate of eta = 6.449829e+00
lower bound estimate of eta = 6.329829e+00
upper bound estimate of delta = 8.180000e-01
lower bound estimate of delta = 5.593713e-01
    iteration	            R	          eta	        delta	            E	         dEdR	       dEdeta	     dEddelta	    grad norm
minimum found at:
            7	 2.782732e-01	 6.378848e+00	-3.528278e-10	-1.197903e-01	 1.154950e-09	 9.251859e-10	-1.163330e-08	 1.172704e-08
psi(R) = 2.75e-01
parameter values for minimization:
K33 = 3.000000e+01
k24 = 8.000000e-01
Lambda = 8.900000e+01
d0 = 1.000000e+00
omega = 1.000000e+00
gamma_s = 1.000000e-01
initial guesses for R, eta, and delta:
guess for R = 2.782732e-01
guess for eta = 6.349829e+00
guess for delta = 5.888119e-01
estimated ranges of R, eta, and delta:
upper bound estimate of R = 4.174098e-01
lower bound estimate of R = 2.087049e-01
upper bound estimate of eta = 6.449829e+00
lower bound estimate of eta = 6.329829e+00
upper bound estimate of delta = 8.180000e-01
lower bound estimate of delta = 5.593713e-01
    iteration	            R	          eta	        delta	            E	         dEdR	       dEdeta	     dEddelta	    grad norm
likely a maximizing (vs minimizing) solution for psi(r), as y[1][2]=-8.196038e-05  which usually means high energy.
solvde convergence failed when x = (9.437365e-01,6.420106e+00,-4.116970e-01).
Retrying using a constant y value
minimum found at:
            8	 2.782732e-01	 6.378328e+00	 7.073619e-12	-1.197903e-01	-1.365360e-09	-1.414374e-10	-1.144728e-10	 1.377431e-09
psi(R) = 2.75e-01
parameter values for minimization:
K33 = 3.000000e+01
k24 = 8.000000e-01
Lambda = 9.000000e+01
d0 = 1.000000e+00
omega = 1.000000e+00
gamma_s = 1.000000e-01
initial guesses for R, eta, and delta:
guess for R = 2.782732e-01
guess for eta = 6.349829e+00
guess for delta = 5.888119e-01
estimated ranges of R, eta, and delta:
upper bound estimate of R = 4.174098e-01
lower bound estimate of R = 2.087049e-01
upper bound estimate of eta = 6.449829e+00
lower bound estimate of eta = 6.329829e+00
upper bound estimate of delta = 8.180000e-01
lower bound estimate of delta = 5.593713e-01
    iteration	            R	          eta	        delta	            E	         dEdR	       dEdeta	     dEddelta	    grad norm
a-alpha = 5.043295e-09, fpa = 1.049440e-09
minimum found at:
            8	 2.782732e-01	 6.377331e+00	 5.180054e-10	-1.197903e-01	 3.138554e-08	 0.000000e+00	 1.824410e-08	 3.630288e-08
psi(R) = 2.75e-01
parameter values for minimization:
K33 = 3.000000e+01
k24 = 8.000000e-01
Lambda = 9.100000e+01
d0 = 1.000000e+00
omega = 1.000000e+00
gamma_s = 1.000000e-01
initial guesses for R, eta, and delta:
guess for R = 2.782732e-01
guess for eta = 6.349829e+00
guess for delta = 5.888119e-01
estimated ranges of R, eta, and delta:
upper bound estimate of R = 4.174098e-01
lower bound estimate of R = 2.087049e-01
upper bound estimate of eta = 6.449829e+00
lower bound estimate of eta = 6.329829e+00
upper bound estimate of delta = 8.180000e-01
lower bound estimate of delta = 5.593713e-01
    iteration	            R	          eta	        delta	            E	         dEdR	       dEdeta	     dEddelta	    grad norm
minimum found at:
            7	 2.782732e-01	 6.380170e+00	 2.001046e-09	-1.197903e-01	 2.717431e-08	-1.233581e-09	 6.989995e-08	 7.500645e-08
psi(R) = 2.75e-01
parameter values for minimization:
K33 = 3.000000e+01
k24 = 8.000000e-01
Lambda = 9.200000e+01
d0 = 1.000000e+00
omega = 1.000000e+00
gamma_s = 1.000000e-01
initial guesses for R, eta, and delta:
guess for R = 2.782732e-01
guess for eta = 6.349829e+00
guess for delta = 5.888119e-01
estimated ranges of R, eta, and delta:
upper bound estimate of R = 4.174098e-01
lower bound estimate of R = 2.087049e-01
upper bound estimate of eta = 6.449829e+00
lower bound estimate of eta = 6.329829e+00
upper bound estimate of delta = 8.180000e-01
lower bound estimate of delta = 5.593713e-01
    iteration	            R	          eta	        delta	            E	         dEdR	       dEdeta	     dEddelta	    grad norm
minimum found at:
            8	 2.782732e-01	 6.363125e+00	-2.953360e-12	-1.197903e-01	-1.773194e-10	-3.392348e-10	-4.865093e-10	 6.190426e-10
psi(R) = 2.75e-01
parameter values for minimization:
K33 = 3.000000e+01
k24 = 8.000000e-01
Lambda = 9.300000e+01
d0 = 1.000000e+00
omega = 1.000000e+00
gamma_s = 1.000000e-01
initial guesses for R, eta, and delta:
guess for R = 2.782732e-01
guess for eta = 6.349829e+00
guess for delta = 5.888119e-01
estimated ranges of R, eta, and delta:
upper bound estimate of R = 4.174098e-01
lower bound estimate of R = 2.087049e-01
upper bound estimate of eta = 6.449829e+00
lower bound estimate of eta = 6.329829e+00
upper bound estimate of delta = 8.180000e-01
lower bound estimate of delta = 5.593713e-01
    iteration	            R	          eta	        delta	            E	         dEdR	       dEdeta	     dEddelta	    grad norm
a-alpha = 4.628972e-09, fpa = 3.100356e-10
minimum found at:
            8	 2.782732e-01	 6.383629e+00	 3.131556e-10	-1.197903e-01	-2.695255e-09	-3.083953e-10	 1.164761e-08	 1.195936e-08
psi(R) = 2.75e-01
parameter values for minimization:
K33 = 3.000000e+01
k24 = 8.000000e-01
Lambda = 9.400000e+01
d0 = 1.000000e+00
omega = 1.000000e+00
gamma_s = 1.000000e-01
initial guesses for R, eta, and delta:
guess for R = 2.782732e-01
guess for eta = 6.349829e+00
guess for delta = 5.888119e-01
estimated ranges of R, eta, and delta:
upper bound estimate of R = 4.174098e-01
lower bound estimate of R = 2.087049e-01
upper bound estimate of eta = 6.449829e+00
lower bound estimate of eta = 6.329829e+00
upper bound estimate of delta = 8.180000e-01
lower bound estimate of delta = 5.593713e-01
    iteration	            R	          eta	        delta	            E	         dEdR	       dEdeta	     dEddelta	    grad norm
a-alpha = 5.872110e-09, fpa = 1.114202e-09
minimum found at:
            8	 2.782732e-01	 6.385520e+00	-3.634558e-10	-1.197903e-01	-5.851541e-10	-1.541976e-10	-1.346486e-08	 1.347845e-08
psi(R) = 2.75e-01
parameter values for minimization:
K33 = 3.000000e+01
k24 = 8.000000e-01
Lambda = 9.500000e+01
d0 = 1.000000e+00
omega = 1.000000e+00
gamma_s = 1.000000e-01
initial guesses for R, eta, and delta:
guess for R = 2.782732e-01
guess for eta = 6.349829e+00
guess for delta = 5.888119e-01
estimated ranges of R, eta, and delta:
upper bound estimate of R = 4.174098e-01
lower bound estimate of R = 2.087049e-01
upper bound estimate of eta = 6.449829e+00
lower bound estimate of eta = 6.329829e+00
upper bound estimate of delta = 8.180000e-01
lower bound estimate of delta = 5.593713e-01
    iteration	            R	          eta	        delta	            E	         dEdR	       dEdeta	     dEddelta	    grad norm
minimum found at:
            7	 2.782732e-01	 6.386219e+00	-7.108997e-10	-1.197903e-01	 4.135467e-09	-5.551115e-10	-2.611410e-08	 2.644535e-08
psi(R) = 2.75e-01
parameter values for minimization:
K33 = 3.000000e+01
k24 = 8.000000e-01
Lambda = 9.600000e+01
d0 = 1.000000e+00
omega = 1.000000e+00
gamma_s = 1.000000e-01
initial guesses for R, eta, and delta:
guess for R = 2.782732e-01
guess for eta = 6.349829e+00
guess for delta = 5.888119e-01
estimated ranges of R, eta, and delta:
upper bound estimate of R = 4.174098e-01
lower bound estimate of R = 2.087049e-01
upper bound estimate of eta = 6.449829e+00
lower bound estimate of eta = 6.329829e+00
upper bound estimate of delta = 8.180000e-01
lower bound estimate of delta = 5.593713e-01
    iteration	            R	          eta	        delta	            E	         dEdR	       dEdeta	     dEddelta	    grad norm
a-alpha = -1.899963e-08, fpa = -6.016106e-10
minimum found at:
            8	 2.782732e-01	 6.384229e+00	-1.471766e-09	-1.197903e-01	-2.801647e-09	 4.625929e-10	-5.623169e-08	 5.630334e-08
psi(R) = 2.75e-01
parameter values for minimization:
K33 = 3.000000e+01
k24 = 8.000000e-01
Lambda = 9.700000e+01
d0 = 1.000000e+00
omega = 1.000000e+00
gamma_s = 1.000000e-01
initial guesses for R, eta, and delta:
guess for R = 2.782732e-01
guess for eta = 6.349829e+00
guess for delta = 5.888119e-01
estimated ranges of R, eta, and delta:
upper bound estimate of R = 4.174098e-01
lower bound estimate of R = 2.087049e-01
upper bound estimate of eta = 6.449829e+00
lower bound estimate of eta = 6.329829e+00
upper bound estimate of delta = 8.180000e-01
lower bound estimate of delta = 5.593713e-01
    iteration	            R	          eta	        delta	            E	         dEdR	       dEdeta	     dEddelta	    grad norm
likely a maximizing (vs minimizing) solution for psi(r), as y[1][2]=-6.701256e-05  which usually means high energy.
solvde convergence failed when x = (1.058209e+00,6.429163e+00,-2.732042e-01).
Retrying using a constant y value
minimum found at:
            8	 2.782732e-01	 6.385239e+00	-2.239725e-11	-1.197903e-01	 5.319583e-11	 1.093033e-10	-8.156186e-10	 8.246276e-10
psi(R) = 2.75e-01
parameter values for minimization:
K33 = 3.000000e+01
k24 = 8.000000e-01
Lambda = 9.800000e+01
d0 = 1.000000e+00
omega = 1.000000e+00
gamma_s = 1.000000e-01
initial guesses for R, eta, and delta:
guess for R = 2.782732e-01
guess for eta = 6.349829e+00
guess for delta = 5.888119e-01
estimated ranges of R, eta, and delta:
upper bound estimate of R = 4.174098e-01
lower bound estimate of R = 2.087049e-01
upper bound estimate of eta = 6.449829e+00
lower bound estimate of eta = 6.329829e+00
upper bound estimate of delta = 8.180000e-01
lower bound estimate of delta = 5.593713e-01
    iteration	            R	          eta	        delta	            E	         dEdR	       dEdeta	     dEddelta	    grad norm
likely a maximizing (vs minimizing) solution for psi(r), as y[1][2]=-6.433736e-05  which usually means high energy.
solvde convergence failed when x = (1.069560e+00,6.430002e+00,-2.569750e-01).
Retrying using a constant y value
minimum found at:
            7	 2.782732e-01	 6.391356e+00	 9.199217e-10	-1.197903e-01	-4.711377e-08	 0.000000e+00	 3.521469e-08	 5.881991e-08
psi(R) = 2.75e-01
parameter values for minimization:
K33 = 3.000000e+01
k24 = 8.000000e-01
Lambda = 9.900000e+01
d0 = 1.000000e+00
omega = 1.000000e+00
gamma_s = 1.000000e-01
initial guesses for R, eta, and delta:
guess for R = 2.782732e-01
guess for eta = 6.349829e+00
guess for delta = 5.888119e-01
estimated ranges of R, eta, and delta:
upper bound estimate of R = 4.174098e-01
lower bound estimate of R = 2.087049e-01
upper bound estimate of eta = 6.449829e+00
lower bound estimate of eta = 6.329829e+00
upper bound estimate of delta = 8.180000e-01
lower bound estimate of delta = 5.593713e-01
    iteration	            R	          eta	        delta	            E	         dEdR	       dEdeta	     dEddelta	    grad norm
minimum found at:
            8	 2.782732e-01	 6.392740e+00	 2.104389e-11	-1.197903e-01	-2.482472e-10	 6.167906e-11	 1.058873e-09	 1.089332e-09
psi(R) = 2.75e-01
parameter values for minimization:
K33 = 3.000000e+01
k24 = 8.000000e-01
Lambda = 1.000000e+02
d0 = 1.000000e+00
omega = 1.000000e+00
gamma_s = 1.000000e-01
initial guesses for R, eta, and delta:
guess for R = 2.782732e-01
guess for eta = 6.349829e+00
guess for delta = 5.888119e-01
estimated ranges of R, eta, and delta:
upper bound estimate of R = 4.174098e-01
lower bound estimate of R = 2.087049e-01
upper bound estimate of eta = 6.449829e+00
lower bound estimate of eta = 6.329829e+00
upper bound estimate of delta = 8.180000e-01
lower bound estimate of delta = 5.593713e-01
    iteration	            R	          eta	        delta	            E	         dEdR	       dEdeta	     dEddelta	    grad norm
minimum found at:
            9	 2.782732e-01	 6.394270e+00	-5.484430e-11	-1.197903e-01	 2.837111e-10	 6.784696e-10	-2.604256e-09	 2.706097e-09
psi(R) = 2.75e-01
parameter values for minimization:
K33 = 3.000000e+01
k24 = 8.000000e-01
Lambda = 1.010000e+02
d0 = 1.000000e+00
omega = 1.000000e+00
gamma_s = 1.000000e-01
initial guesses for R, eta, and delta:
guess for R = 2.782732e-01
guess for eta = 6.349829e+00
guess for delta = 5.888119e-01
estimated ranges of R, eta, and delta:
upper bound estimate of R = 4.174098e-01
lower bound estimate of R = 2.087049e-01
upper bound estimate of eta = 6.449829e+00
lower bound estimate of eta = 6.329829e+00
upper bound estimate of delta = 8.180000e-01
lower bound estimate of delta = 5.593713e-01
    iteration	            R	          eta	        delta	            E	         dEdR	       dEdeta	     dEddelta	    grad norm
minimum found at:
            6	 2.782732e-01	 6.395915e+00	-1.653345e-09	-1.197903e-01	-8.865972e-10	 1.295260e-09	-6.792529e-08	 6.794342e-08
psi(R) = 2.75e-01
parameter values for minimization:
K33 = 3.000000e+01
k24 = 8.000000e-01
Lambda = 1.020000e+02
d0 = 1.000000e+00
omega = 1.000000e+00
gamma_s = 1.000000e-01
initial guesses for R, eta, and delta:
guess for R = 2.782732e-01
guess for eta = 6.349829e+00
guess for delta = 5.888119e-01
estimated ranges of R, eta, and delta:
upper bound estimate of R = 4.174098e-01
lower bound estimate of R = 2.087049e-01
upper bound estimate of eta = 6.449829e+00
lower bound estimate of eta = 6.329829e+00
upper bound estimate of delta = 8.180000e-01
lower bound estimate of delta = 5.593713e-01
    iteration	            R	          eta	        delta	            E	         dEdR	       dEdeta	     dEddelta	    grad norm
a-alpha = 6.029806e-09, fpa = 3.285409e-09
minimum found at:
            8	 2.782732e-01	 6.393430e+00	-9.797047e-10	-1.197903e-01	 1.024906e-08	-4.934325e-10	-3.985084e-08	 4.115065e-08
psi(R) = 2.75e-01
parameter values for minimization:
K33 = 3.000000e+01
k24 = 8.000000e-01
Lambda = 1.030000e+02
d0 = 1.000000e+00
omega = 1.000000e+00
gamma_s = 1.000000e-01
initial guesses for R, eta, and delta:
guess for R = 2.782732e-01
guess for eta = 6.349829e+00
guess for delta = 5.888119e-01
estimated ranges of R, eta, and delta:
upper bound estimate of R = 4.174098e-01
lower bound estimate of R = 2.087049e-01
upper bound estimate of eta = 6.449829e+00
lower bound estimate of eta = 6.329829e+00
upper bound estimate of delta = 8.180000e-01
lower bound estimate of delta = 5.593713e-01
    iteration	            R	          eta	        delta	            E	         dEdR	       dEdeta	     dEddelta	    grad norm
likely a maximizing (vs minimizing) solution for psi(r), as y[1][2]=-4.937565e-05  which usually means high energy.
solvde convergence failed when x = (1.118482e+00,6.433443e+00,-1.803437e-01).
Retrying using a constant y value
minimum found at:
            8	 2.782732e-01	 6.399156e+00	-3.418765e-12	-1.197903e-01	 1.314326e-09	-1.541976e-10	-1.717092e-10	 1.334434e-09
psi(R) = 2.75e-01
parameter values for minimization:
K33 = 3.000000e+01
k24 = 8.000000e-01
Lambda = 1.040000e+02
d0 = 1.000000e+00
omega = 1.000000e+00
gamma_s = 1.000000e-01
initial guesses for R, eta, and delta:
guess for R = 2.782732e-01
guess for eta = 6.349829e+00
guess for delta = 5.888119e-01
estimated ranges of R, eta, and delta:
upper bound estimate of R = 4.174098e-01
lower bound estimate of R = 2.087049e-01
upper bound estimate of eta = 6.449829e+00
lower bound estimate of eta = 6.329829e+00
upper bound estimate of delta = 8.180000e-01
lower bound estimate of delta = 5.593713e-01
    iteration	            R	          eta	        delta	            E	         dEdR	       dEdeta	     dEddelta	    grad norm
minimum found at:
            7	 2.782732e-01	 6.399367e+00	 1.086076e-12	-1.197903e-01	 1.571166e-09	 4.009139e-10	 5.626231e-10	 1.716345e-09
psi(R) = 2.75e-01
Traceback (most recent call last):
  File "scan2d.py", line 77, in <module>
    Ei,Ri,etai,deltai,surftwisti = run.get_all_observables('observables',str2float=True)
  File "../../modules_gammak24/singlerun.py", line 77, in get_all_observables
    E,R,eta,delta,surftwist = map(float,line.split())
ValueError: not enough values to unpack (expected 5, got 0)
