hi
Restoring modules from user's standard_modules
parameter values for minimization:
K33 = 3.000000e+01
k24 = 7.000000e-01
Lambda = 0.000000e+00
d0 = 1.000000e+00
omega = 8.000000e-01
gamma_s = 1.000000e-01
initial guesses for R, eta, and delta:
guess for R = 5.000000e-01
guess for eta = 6.300000e+00
guess for delta = 8.100000e-01
estimated ranges of R, eta, and delta:
upper bound estimate of R = 2.000000e+00
lower bound estimate of R = 1.000000e-01
upper bound estimate of eta = 6.430000e+00
lower bound estimate of eta = 6.290000e+00
upper bound estimate of delta = 8.160000e-01
lower bound estimate of delta = 8.000000e-01
    iteration	            R	          eta	        delta	            E	         dEdR	       dEdeta	     dEddelta	    grad norm
minimum found at:
            5	 3.578031e-01	 6.300000e+00	 8.164965e-01	-1.736655e-01	-1.032050e-08	-2.643388e-11	-1.061651e-07	 1.066655e-07
psi(R) = 2.96e-01
parameter values for minimization:
K33 = 3.000000e+01
k24 = 7.000000e-01
Lambda = 1.000000e+00
d0 = 1.000000e+00
omega = 8.000000e-01
gamma_s = 1.000000e-01
initial guesses for R, eta, and delta:
guess for R = 3.578031e-01
guess for eta = 6.300000e+00
guess for delta = 8.164965e-01
estimated ranges of R, eta, and delta:
upper bound estimate of R = 5.367047e-01
lower bound estimate of R = 2.683523e-01
upper bound estimate of eta = 6.400000e+00
lower bound estimate of eta = 6.280000e+00
upper bound estimate of delta = 8.180000e-01
lower bound estimate of delta = 8.100000e-01
    iteration	            R	          eta	        delta	            E	         dEdR	       dEdeta	     dEddelta	    grad norm
a-alpha = -4.209750e-07, fpa = -1.723763e-10
minimum found at:
           29	 2.772114e-01	 6.362426e+00	 6.834450e-01	-8.425720e-02	-1.548686e-08	 6.288180e-08	 1.080617e-06	 1.082556e-06
psi(R) = 2.46e-01
parameter values for minimization:
K33 = 3.000000e+01
k24 = 7.000000e-01
Lambda = 2.000000e+00
d0 = 1.000000e+00
omega = 8.000000e-01
gamma_s = 1.000000e-01
initial guesses for R, eta, and delta:
guess for R = 2.772114e-01
guess for eta = 6.362426e+00
guess for delta = 6.834450e-01
estimated ranges of R, eta, and delta:
upper bound estimate of R = 4.158171e-01
lower bound estimate of R = 2.079085e-01
upper bound estimate of eta = 6.462426e+00
lower bound estimate of eta = 6.342426e+00
upper bound estimate of delta = 8.180000e-01
lower bound estimate of delta = 6.492727e-01
    iteration	            R	          eta	        delta	            E	         dEdR	       dEdeta	     dEddelta	    grad norm
a-alpha = -1.985536e-08, fpa = -1.939204e-10
a-alpha = -1.062118e-08, fpa = -4.126996e-10
a-alpha = 3.556428e-08, fpa = 2.126352e-10
a-alpha = -1.543283e-08, fpa = -2.414022e-10
minimum found at:
           52	 2.673030e-01	 6.358200e+00	 5.635657e-01	-4.085997e-02	 4.088628e-08	 8.120048e-08	 2.364408e-08	 9.393747e-08
psi(R) = 2.38e-01
parameter values for minimization:
K33 = 3.000000e+01
k24 = 7.000000e-01
Lambda = 3.000000e+00
d0 = 1.000000e+00
omega = 8.000000e-01
gamma_s = 1.000000e-01
initial guesses for R, eta, and delta:
guess for R = 2.673030e-01
guess for eta = 6.358200e+00
guess for delta = 5.635657e-01
estimated ranges of R, eta, and delta:
upper bound estimate of R = 4.009545e-01
lower bound estimate of R = 2.004772e-01
upper bound estimate of eta = 6.458200e+00
lower bound estimate of eta = 6.338200e+00
upper bound estimate of delta = 8.180000e-01
lower bound estimate of delta = 5.353874e-01
    iteration	            R	          eta	        delta	            E	         dEdR	       dEdeta	     dEddelta	    grad norm
minimum found at:
            8	 3.578031e-01	 6.396609e+00	-3.433421e-08	-4.033212e-02	 5.270235e-08	-3.392348e-10	-2.802278e-08	 5.969028e-08
psi(R) = 2.96e-01
parameter values for minimization:
K33 = 3.000000e+01
k24 = 7.000000e-01
Lambda = 4.000000e+00
d0 = 1.000000e+00
omega = 8.000000e-01
gamma_s = 1.000000e-01
initial guesses for R, eta, and delta:
guess for R = 3.578031e-01
guess for eta = 6.358200e+00
guess for delta = 5.635657e-01
estimated ranges of R, eta, and delta:
upper bound estimate of R = 5.367047e-01
lower bound estimate of R = 2.683523e-01
upper bound estimate of eta = 6.458200e+00
lower bound estimate of eta = 6.338200e+00
upper bound estimate of delta = 8.180000e-01
lower bound estimate of delta = 5.353874e-01
    iteration	            R	          eta	        delta	            E	         dEdR	       dEdeta	     dEddelta	    grad norm
a-alpha = -9.136246e-09, fpa = -2.562123e-10
minimum found at:
            9	 3.578031e-01	 6.382354e+00	 4.716940e-08	-4.033212e-02	-2.867069e-08	 4.934325e-10	 6.555236e-08	 7.154973e-08
psi(R) = 2.96e-01
parameter values for minimization:
K33 = 3.000000e+01
k24 = 7.000000e-01
Lambda = 5.000000e+00
d0 = 1.000000e+00
omega = 8.000000e-01
gamma_s = 1.000000e-01
initial guesses for R, eta, and delta:
guess for R = 3.578031e-01
guess for eta = 6.358200e+00
guess for delta = 5.635657e-01
estimated ranges of R, eta, and delta:
upper bound estimate of R = 5.367047e-01
lower bound estimate of R = 2.683523e-01
upper bound estimate of eta = 6.458200e+00
lower bound estimate of eta = 6.338200e+00
upper bound estimate of delta = 8.180000e-01
lower bound estimate of delta = 5.353874e-01
    iteration	            R	          eta	        delta	            E	         dEdR	       dEdeta	     dEddelta	    grad norm
minimum found at:
            9	 3.578031e-01	 6.415314e+00	 8.559545e-10	-4.033212e-02	-1.173581e-08	 0.000000e+00	 1.404620e-09	 1.181957e-08
psi(R) = 2.96e-01
parameter values for minimization:
K33 = 3.000000e+01
k24 = 7.000000e-01
Lambda = 6.000000e+00
d0 = 1.000000e+00
omega = 8.000000e-01
gamma_s = 1.000000e-01
initial guesses for R, eta, and delta:
guess for R = 3.578031e-01
guess for eta = 6.358200e+00
guess for delta = 5.635657e-01
estimated ranges of R, eta, and delta:
upper bound estimate of R = 5.367047e-01
lower bound estimate of R = 2.683523e-01
upper bound estimate of eta = 6.458200e+00
lower bound estimate of eta = 6.338200e+00
upper bound estimate of delta = 8.180000e-01
lower bound estimate of delta = 5.353874e-01
    iteration	            R	          eta	        delta	            E	         dEdR	       dEdeta	     dEddelta	    grad norm
minimum found at:
           10	 3.578031e-01	 6.351565e+00	 2.840718e-10	-4.033212e-02	 1.572130e-09	-5.551115e-10	 8.773488e-10	 1.884007e-09
psi(R) = 2.96e-01
parameter values for minimization:
K33 = 3.000000e+01
k24 = 7.000000e-01
Lambda = 7.000000e+00
d0 = 1.000000e+00
omega = 8.000000e-01
gamma_s = 1.000000e-01
initial guesses for R, eta, and delta:
guess for R = 3.578031e-01
guess for eta = 6.358200e+00
guess for delta = 5.635657e-01
estimated ranges of R, eta, and delta:
upper bound estimate of R = 5.367047e-01
lower bound estimate of R = 2.683523e-01
upper bound estimate of eta = 6.458200e+00
lower bound estimate of eta = 6.338200e+00
upper bound estimate of delta = 8.180000e-01
lower bound estimate of delta = 5.353874e-01
    iteration	            R	          eta	        delta	            E	         dEdR	       dEdeta	     dEddelta	    grad norm
minimum found at:
           11	 3.578031e-01	 6.358158e+00	-7.126592e-10	-4.033212e-02	-7.777906e-09	 0.000000e+00	-2.304677e-09	 8.112174e-09
psi(R) = 2.96e-01
parameter values for minimization:
K33 = 3.000000e+01
k24 = 7.000000e-01
Lambda = 8.000000e+00
d0 = 1.000000e+00
omega = 8.000000e-01
gamma_s = 1.000000e-01
initial guesses for R, eta, and delta:
guess for R = 3.578031e-01
guess for eta = 6.358200e+00
guess for delta = 5.635657e-01
estimated ranges of R, eta, and delta:
upper bound estimate of R = 5.367047e-01
lower bound estimate of R = 2.683523e-01
upper bound estimate of eta = 6.458200e+00
lower bound estimate of eta = 6.338200e+00
upper bound estimate of delta = 8.180000e-01
lower bound estimate of delta = 5.353874e-01
    iteration	            R	          eta	        delta	            E	         dEdR	       dEdeta	     dEddelta	    grad norm
minimum found at:
            9	 3.578031e-01	 6.366144e+00	-4.240891e-11	-4.033212e-02	-2.151248e-08	 2.158767e-10	-3.273690e-10	 2.151605e-08
psi(R) = 2.96e-01
parameter values for minimization:
K33 = 3.000000e+01
k24 = 7.000000e-01
Lambda = 9.000000e+00
d0 = 1.000000e+00
omega = 8.000000e-01
gamma_s = 1.000000e-01
initial guesses for R, eta, and delta:
guess for R = 3.578031e-01
guess for eta = 6.358200e+00
guess for delta = 5.635657e-01
estimated ranges of R, eta, and delta:
upper bound estimate of R = 5.367047e-01
lower bound estimate of R = 2.683523e-01
upper bound estimate of eta = 6.458200e+00
lower bound estimate of eta = 6.338200e+00
upper bound estimate of delta = 8.180000e-01
lower bound estimate of delta = 5.353874e-01
    iteration	            R	          eta	        delta	            E	         dEdR	       dEdeta	     dEddelta	    grad norm
minimum found at:
            9	 3.578031e-01	 6.386273e+00	-4.852703e-10	-4.033212e-02	 5.102527e-09	-9.614811e-11	-1.885645e-09	 5.440651e-09
psi(R) = 2.96e-01
parameter values for minimization:
K33 = 3.000000e+01
k24 = 7.000000e-01
Lambda = 1.000000e+01
d0 = 1.000000e+00
omega = 8.000000e-01
gamma_s = 1.000000e-01
initial guesses for R, eta, and delta:
guess for R = 3.578031e-01
guess for eta = 6.358200e+00
guess for delta = 5.635657e-01
estimated ranges of R, eta, and delta:
upper bound estimate of R = 5.367047e-01
lower bound estimate of R = 2.683523e-01
upper bound estimate of eta = 6.458200e+00
lower bound estimate of eta = 6.338200e+00
upper bound estimate of delta = 8.180000e-01
lower bound estimate of delta = 5.353874e-01
    iteration	            R	          eta	        delta	            E	         dEdR	       dEdeta	     dEddelta	    grad norm
minimum found at:
            9	 3.578031e-01	 6.403423e+00	 1.109454e-08	-4.033212e-02	 3.152534e-08	 6.167906e-10	 5.199928e-08	 6.081244e-08
psi(R) = 2.96e-01
parameter values for minimization:
K33 = 3.000000e+01
k24 = 7.000000e-01
Lambda = 1.100000e+01
d0 = 1.000000e+00
omega = 8.000000e-01
gamma_s = 1.000000e-01
initial guesses for R, eta, and delta:
guess for R = 3.578031e-01
guess for eta = 6.358200e+00
guess for delta = 5.635657e-01
estimated ranges of R, eta, and delta:
upper bound estimate of R = 5.367047e-01
lower bound estimate of R = 2.683523e-01
upper bound estimate of eta = 6.458200e+00
lower bound estimate of eta = 6.338200e+00
upper bound estimate of delta = 8.180000e-01
lower bound estimate of delta = 5.353874e-01
    iteration	            R	          eta	        delta	            E	         dEdR	       dEdeta	     dEddelta	    grad norm
minimum found at:
           10	 3.578031e-01	 6.413234e+00	 2.339445e-10	-4.033212e-02	 6.879179e-10	 1.210509e-09	 1.440423e-09	 2.003343e-09
psi(R) = 2.96e-01
parameter values for minimization:
K33 = 3.000000e+01
k24 = 7.000000e-01
Lambda = 1.200000e+01
d0 = 1.000000e+00
omega = 8.000000e-01
gamma_s = 1.000000e-01
initial guesses for R, eta, and delta:
guess for R = 3.578031e-01
guess for eta = 6.358200e+00
guess for delta = 5.635657e-01
estimated ranges of R, eta, and delta:
upper bound estimate of R = 5.367047e-01
lower bound estimate of R = 2.683523e-01
upper bound estimate of eta = 6.458200e+00
lower bound estimate of eta = 6.338200e+00
upper bound estimate of delta = 8.180000e-01
lower bound estimate of delta = 5.353874e-01
    iteration	            R	          eta	        delta	            E	         dEdR	       dEdeta	     dEddelta	    grad norm
minimum found at:
            9	 3.578031e-01	 6.404596e+00	-6.860016e-10	-4.033212e-02	-4.013069e-09	 0.000000e+00	-3.823669e-09	 5.543029e-09
psi(R) = 2.96e-01
parameter values for minimization:
K33 = 3.000000e+01
k24 = 7.000000e-01
Lambda = 1.300000e+01
d0 = 1.000000e+00
omega = 8.000000e-01
gamma_s = 1.000000e-01
initial guesses for R, eta, and delta:
guess for R = 3.578031e-01
guess for eta = 6.358200e+00
guess for delta = 5.635657e-01
estimated ranges of R, eta, and delta:
upper bound estimate of R = 5.367047e-01
lower bound estimate of R = 2.683523e-01
upper bound estimate of eta = 6.458200e+00
lower bound estimate of eta = 6.338200e+00
upper bound estimate of delta = 8.180000e-01
lower bound estimate of delta = 5.353874e-01
    iteration	            R	          eta	        delta	            E	         dEdR	       dEdeta	     dEddelta	    grad norm
minimum found at:
           10	 3.578031e-01	 6.399826e+00	 5.549303e-10	-4.033212e-02	 3.751047e-09	-3.083953e-11	 4.203417e-09	 5.633828e-09
psi(R) = 2.96e-01
parameter values for minimization:
K33 = 3.000000e+01
k24 = 7.000000e-01
Lambda = 1.400000e+01
d0 = 1.000000e+00
omega = 8.000000e-01
gamma_s = 1.000000e-01
initial guesses for R, eta, and delta:
guess for R = 3.578031e-01
guess for eta = 6.358200e+00
guess for delta = 5.635657e-01
estimated ranges of R, eta, and delta:
upper bound estimate of R = 5.367047e-01
lower bound estimate of R = 2.683523e-01
upper bound estimate of eta = 6.458200e+00
lower bound estimate of eta = 6.338200e+00
upper bound estimate of delta = 8.180000e-01
lower bound estimate of delta = 5.353874e-01
    iteration	            R	          eta	        delta	            E	         dEdR	       dEdeta	     dEddelta	    grad norm
minimum found at:
           11	 3.578031e-01	 6.392910e+00	 6.904550e-10	-4.033212e-02	-1.057740e-08	 4.317534e-10	 4.648639e-09	 1.156191e-08
psi(R) = 2.96e-01
parameter values for minimization:
K33 = 3.000000e+01
k24 = 7.000000e-01
Lambda = 1.500000e+01
d0 = 1.000000e+00
omega = 8.000000e-01
gamma_s = 1.000000e-01
initial guesses for R, eta, and delta:
guess for R = 3.578031e-01
guess for eta = 6.358200e+00
guess for delta = 5.635657e-01
estimated ranges of R, eta, and delta:
upper bound estimate of R = 5.367047e-01
lower bound estimate of R = 2.683523e-01
upper bound estimate of eta = 6.458200e+00
lower bound estimate of eta = 6.338200e+00
upper bound estimate of delta = 8.180000e-01
lower bound estimate of delta = 5.353874e-01
    iteration	            R	          eta	        delta	            E	         dEdR	       dEdeta	     dEddelta	    grad norm
minimum found at:
           11	 3.578031e-01	 6.390494e+00	-2.073192e-09	-4.033212e-02	 6.619495e-10	-6.167906e-11	-1.477089e-08	 1.478584e-08
psi(R) = 2.96e-01
parameter values for minimization:
K33 = 3.000000e+01
k24 = 7.000000e-01
Lambda = 1.600000e+01
d0 = 1.000000e+00
omega = 8.000000e-01
gamma_s = 1.000000e-01
initial guesses for R, eta, and delta:
guess for R = 3.578031e-01
guess for eta = 6.358200e+00
guess for delta = 5.635657e-01
estimated ranges of R, eta, and delta:
upper bound estimate of R = 5.367047e-01
lower bound estimate of R = 2.683523e-01
upper bound estimate of eta = 6.458200e+00
lower bound estimate of eta = 6.338200e+00
upper bound estimate of delta = 8.180000e-01
lower bound estimate of delta = 5.353874e-01
    iteration	            R	          eta	        delta	            E	         dEdR	       dEdeta	     dEddelta	    grad norm
a-alpha = 2.716519e-08, fpa = 2.413718e-10
minimum found at:
           11	 3.578031e-01	 6.384184e+00	 1.842900e-09	-4.033212e-02	-1.778989e-08	 2.467162e-10	 1.479567e-08	 2.313986e-08
psi(R) = 2.96e-01
parameter values for minimization:
K33 = 3.000000e+01
k24 = 7.000000e-01
Lambda = 1.700000e+01
d0 = 1.000000e+00
omega = 8.000000e-01
gamma_s = 1.000000e-01
initial guesses for R, eta, and delta:
guess for R = 3.578031e-01
guess for eta = 6.358200e+00
guess for delta = 5.635657e-01
estimated ranges of R, eta, and delta:
upper bound estimate of R = 5.367047e-01
lower bound estimate of R = 2.683523e-01
upper bound estimate of eta = 6.458200e+00
lower bound estimate of eta = 6.338200e+00
upper bound estimate of delta = 8.180000e-01
lower bound estimate of delta = 5.353874e-01
    iteration	            R	          eta	        delta	            E	         dEdR	       dEdeta	     dEddelta	    grad norm
minimum found at:
            9	 3.578031e-01	 6.394972e+00	 2.450808e-09	-4.033212e-02	-2.417495e-08	 0.000000e+00	 2.016593e-08	 3.148162e-08
psi(R) = 2.96e-01
parameter values for minimization:
K33 = 3.000000e+01
k24 = 7.000000e-01
Lambda = 1.800000e+01
d0 = 1.000000e+00
omega = 8.000000e-01
gamma_s = 1.000000e-01
initial guesses for R, eta, and delta:
guess for R = 3.578031e-01
guess for eta = 6.358200e+00
guess for delta = 5.635657e-01
estimated ranges of R, eta, and delta:
upper bound estimate of R = 5.367047e-01
lower bound estimate of R = 2.683523e-01
upper bound estimate of eta = 6.458200e+00
lower bound estimate of eta = 6.338200e+00
upper bound estimate of delta = 8.180000e-01
lower bound estimate of delta = 5.353874e-01
    iteration	            R	          eta	        delta	            E	         dEdR	       dEdeta	     dEddelta	    grad norm
minimum found at:
           10	 3.578031e-01	 6.396914e+00	-1.523121e-10	-4.033212e-02	 5.516246e-11	 2.158767e-10	-1.623750e-09	 1.638966e-09
psi(R) = 2.96e-01
parameter values for minimization:
K33 = 3.000000e+01
k24 = 7.000000e-01
Lambda = 1.900000e+01
d0 = 1.000000e+00
omega = 8.000000e-01
gamma_s = 1.000000e-01
initial guesses for R, eta, and delta:
guess for R = 3.578031e-01
guess for eta = 6.358200e+00
guess for delta = 5.635657e-01
estimated ranges of R, eta, and delta:
upper bound estimate of R = 5.367047e-01
lower bound estimate of R = 2.683523e-01
upper bound estimate of eta = 6.458200e+00
lower bound estimate of eta = 6.338200e+00
upper bound estimate of delta = 8.180000e-01
lower bound estimate of delta = 5.353874e-01
    iteration	            R	          eta	        delta	            E	         dEdR	       dEdeta	     dEddelta	    grad norm
minimum found at:
           10	 3.578031e-01	 6.399782e+00	 2.699107e-10	-4.033212e-02	-9.198340e-09	-8.646491e-11	 2.710615e-09	 9.589805e-09
psi(R) = 2.96e-01
parameter values for minimization:
K33 = 3.000000e+01
k24 = 7.000000e-01
Lambda = 2.000000e+01
d0 = 1.000000e+00
omega = 8.000000e-01
gamma_s = 1.000000e-01
initial guesses for R, eta, and delta:
guess for R = 3.578031e-01
guess for eta = 6.358200e+00
guess for delta = 5.635657e-01
estimated ranges of R, eta, and delta:
upper bound estimate of R = 5.367047e-01
lower bound estimate of R = 2.683523e-01
upper bound estimate of eta = 6.458200e+00
lower bound estimate of eta = 6.338200e+00
upper bound estimate of delta = 8.180000e-01
lower bound estimate of delta = 5.353874e-01
    iteration	            R	          eta	        delta	            E	         dEdR	       dEdeta	     dEddelta	    grad norm
minimum found at:
           10	 3.578031e-01	 6.401335e+00	 1.590575e-10	-4.033212e-02	-1.136424e-09	-5.174852e-10	 1.178528e-09	 1.717026e-09
psi(R) = 2.96e-01
parameter values for minimization:
K33 = 3.000000e+01
k24 = 7.000000e-01
Lambda = 2.100000e+01
d0 = 1.000000e+00
omega = 8.000000e-01
gamma_s = 1.000000e-01
initial guesses for R, eta, and delta:
guess for R = 3.578031e-01
guess for eta = 6.358200e+00
guess for delta = 5.635657e-01
estimated ranges of R, eta, and delta:
upper bound estimate of R = 5.367047e-01
lower bound estimate of R = 2.683523e-01
upper bound estimate of eta = 6.458200e+00
lower bound estimate of eta = 6.338200e+00
upper bound estimate of delta = 8.180000e-01
lower bound estimate of delta = 5.353874e-01
    iteration	            R	          eta	        delta	            E	         dEdR	       dEdeta	     dEddelta	    grad norm
minimum found at:
           11	 3.578031e-01	 6.399396e+00	-1.914377e-10	-4.033212e-02	 9.239712e-10	 8.018277e-10	-2.095161e-09	 2.426180e-09
psi(R) = 2.96e-01
parameter values for minimization:
K33 = 3.000000e+01
k24 = 7.000000e-01
Lambda = 2.200000e+01
d0 = 1.000000e+00
omega = 8.000000e-01
gamma_s = 1.000000e-01
initial guesses for R, eta, and delta:
guess for R = 3.578031e-01
guess for eta = 6.358200e+00
guess for delta = 5.635657e-01
estimated ranges of R, eta, and delta:
upper bound estimate of R = 5.367047e-01
lower bound estimate of R = 2.683523e-01
upper bound estimate of eta = 6.458200e+00
lower bound estimate of eta = 6.338200e+00
upper bound estimate of delta = 8.180000e-01
lower bound estimate of delta = 5.353874e-01
    iteration	            R	          eta	        delta	            E	         dEdR	       dEdeta	     dEddelta	    grad norm
minimum found at:
           11	 3.578031e-01	 6.399824e+00	 1.465423e-10	-4.033212e-02	-1.958267e-09	 5.174852e-10	 1.597560e-09	 2.579690e-09
psi(R) = 2.96e-01
parameter values for minimization:
K33 = 3.000000e+01
k24 = 7.000000e-01
Lambda = 2.300000e+01
d0 = 1.000000e+00
omega = 8.000000e-01
gamma_s = 1.000000e-01
initial guesses for R, eta, and delta:
guess for R = 3.578031e-01
guess for eta = 6.358200e+00
guess for delta = 5.635657e-01
estimated ranges of R, eta, and delta:
upper bound estimate of R = 5.367047e-01
lower bound estimate of R = 2.683523e-01
upper bound estimate of eta = 6.458200e+00
lower bound estimate of eta = 6.338200e+00
upper bound estimate of delta = 8.180000e-01
lower bound estimate of delta = 5.353874e-01
    iteration	            R	          eta	        delta	            E	         dEdR	       dEdeta	     dEddelta	    grad norm
minimum found at:
           11	 3.578031e-01	 6.398315e+00	-1.121719e-11	-4.033212e-02	-1.841296e-10	-2.158767e-10	 1.309476e-11	 2.840386e-10
psi(R) = 2.96e-01
parameter values for minimization:
K33 = 3.000000e+01
k24 = 7.000000e-01
Lambda = 2.400000e+01
d0 = 1.000000e+00
omega = 8.000000e-01
gamma_s = 1.000000e-01
initial guesses for R, eta, and delta:
guess for R = 3.578031e-01
guess for eta = 6.358200e+00
guess for delta = 5.635657e-01
estimated ranges of R, eta, and delta:
upper bound estimate of R = 5.367047e-01
lower bound estimate of R = 2.683523e-01
upper bound estimate of eta = 6.458200e+00
lower bound estimate of eta = 6.338200e+00
upper bound estimate of delta = 8.180000e-01
lower bound estimate of delta = 5.353874e-01
    iteration	            R	          eta	        delta	            E	         dEdR	       dEdeta	     dEddelta	    grad norm
minimum found at:
            9	 3.578031e-01	 6.399821e+00	 1.118086e-09	-4.033212e-02	-1.516968e-10	 2.158767e-10	 1.325190e-08	 1.325452e-08
psi(R) = 2.96e-01
parameter values for minimization:
K33 = 3.000000e+01
k24 = 7.000000e-01
Lambda = 2.500000e+01
d0 = 1.000000e+00
omega = 8.000000e-01
gamma_s = 1.000000e-01
initial guesses for R, eta, and delta:
guess for R = 3.578031e-01
guess for eta = 6.358200e+00
guess for delta = 5.635657e-01
estimated ranges of R, eta, and delta:
upper bound estimate of R = 5.367047e-01
lower bound estimate of R = 2.683523e-01
upper bound estimate of eta = 6.458200e+00
lower bound estimate of eta = 6.338200e+00
upper bound estimate of delta = 8.180000e-01
lower bound estimate of delta = 5.353874e-01
    iteration	            R	          eta	        delta	            E	         dEdR	       dEdeta	     dEddelta	    grad norm
minimum found at:
           11	 3.578031e-01	 6.394667e+00	-2.985466e-10	-4.033212e-02	-5.516246e-11	-6.476301e-10	-3.993901e-09	 4.046445e-09
psi(R) = 2.96e-01
parameter values for minimization:
K33 = 3.000000e+01
k24 = 7.000000e-01
Lambda = 2.600000e+01
d0 = 1.000000e+00
omega = 8.000000e-01
gamma_s = 1.000000e-01
initial guesses for R, eta, and delta:
guess for R = 3.578031e-01
guess for eta = 6.358200e+00
guess for delta = 5.635657e-01
estimated ranges of R, eta, and delta:
upper bound estimate of R = 5.367047e-01
lower bound estimate of R = 2.683523e-01
upper bound estimate of eta = 6.458200e+00
lower bound estimate of eta = 6.338200e+00
upper bound estimate of delta = 8.180000e-01
lower bound estimate of delta = 5.353874e-01
    iteration	            R	          eta	        delta	            E	         dEdR	       dEdeta	     dEddelta	    grad norm
minimum found at:
           12	 3.578031e-01	 6.389692e+00	 1.211536e-10	-4.033212e-02	-2.151336e-09	 4.934325e-10	 1.885645e-09	 2.902995e-09
psi(R) = 2.96e-01
parameter values for minimization:
K33 = 3.000000e+01
k24 = 7.000000e-01
Lambda = 2.700000e+01
d0 = 1.000000e+00
omega = 8.000000e-01
gamma_s = 1.000000e-01
initial guesses for R, eta, and delta:
guess for R = 3.578031e-01
guess for eta = 6.358200e+00
guess for delta = 5.635657e-01
estimated ranges of R, eta, and delta:
upper bound estimate of R = 5.367047e-01
lower bound estimate of R = 2.683523e-01
upper bound estimate of eta = 6.458200e+00
lower bound estimate of eta = 6.338200e+00
upper bound estimate of delta = 8.180000e-01
lower bound estimate of delta = 5.353874e-01
    iteration	            R	          eta	        delta	            E	         dEdR	       dEdeta	     dEddelta	    grad norm
minimum found at:
           11	 3.578031e-01	 6.388809e+00	-2.218042e-10	-4.033212e-02	 1.337690e-09	 3.392348e-10	-3.090363e-09	 3.384499e-09
psi(R) = 2.96e-01
parameter values for minimization:
K33 = 3.000000e+01
k24 = 7.000000e-01
Lambda = 2.800000e+01
d0 = 1.000000e+00
omega = 8.000000e-01
gamma_s = 1.000000e-01
initial guesses for R, eta, and delta:
guess for R = 3.578031e-01
guess for eta = 6.358200e+00
guess for delta = 5.635657e-01
estimated ranges of R, eta, and delta:
upper bound estimate of R = 5.367047e-01
lower bound estimate of R = 2.683523e-01
upper bound estimate of eta = 6.458200e+00
lower bound estimate of eta = 6.338200e+00
upper bound estimate of delta = 8.180000e-01
lower bound estimate of delta = 5.353874e-01
    iteration	            R	          eta	        delta	            E	         dEdR	       dEdeta	     dEddelta	    grad norm
minimum found at:
           10	 3.578031e-01	 6.383187e+00	 3.232036e-10	-4.033212e-02	 7.584838e-10	-2.593947e-10	 4.569871e-09	 4.639645e-09
psi(R) = 2.96e-01
parameter values for minimization:
K33 = 3.000000e+01
k24 = 7.000000e-01
Lambda = 2.900000e+01
d0 = 1.000000e+00
omega = 8.000000e-01
gamma_s = 1.000000e-01
initial guesses for R, eta, and delta:
guess for R = 3.578031e-01
guess for eta = 6.358200e+00
guess for delta = 5.635657e-01
estimated ranges of R, eta, and delta:
upper bound estimate of R = 5.367047e-01
lower bound estimate of R = 2.683523e-01
upper bound estimate of eta = 6.458200e+00
lower bound estimate of eta = 6.338200e+00
upper bound estimate of delta = 8.180000e-01
lower bound estimate of delta = 5.353874e-01
    iteration	            R	          eta	        delta	            E	         dEdR	       dEdeta	     dEddelta	    grad norm
minimum found at:
           11	 3.578031e-01	 6.377888e+00	-1.825545e-10	-4.033212e-02	 7.998556e-10	 1.233581e-10	-2.605857e-09	 2.728640e-09
psi(R) = 2.96e-01
parameter values for minimization:
K33 = 3.000000e+01
k24 = 7.000000e-01
Lambda = 3.000000e+01
d0 = 1.000000e+00
omega = 8.000000e-01
gamma_s = 1.000000e-01
initial guesses for R, eta, and delta:
guess for R = 3.578031e-01
guess for eta = 6.358200e+00
guess for delta = 5.635657e-01
estimated ranges of R, eta, and delta:
upper bound estimate of R = 5.367047e-01
lower bound estimate of R = 2.683523e-01
upper bound estimate of eta = 6.458200e+00
lower bound estimate of eta = 6.338200e+00
upper bound estimate of delta = 8.180000e-01
lower bound estimate of delta = 5.353874e-01
    iteration	            R	          eta	        delta	            E	         dEdR	       dEdeta	     dEddelta	    grad norm
minimum found at:
           11	 3.578031e-01	 6.371198e+00	-1.155781e-11	-4.033212e-02	 1.585921e-09	-5.174852e-10	-1.309476e-10	 1.673345e-09
psi(R) = 2.96e-01
parameter values for minimization:
K33 = 3.000000e+01
k24 = 7.000000e-01
Lambda = 3.100000e+01
d0 = 1.000000e+00
omega = 8.000000e-01
gamma_s = 1.000000e-01
initial guesses for R, eta, and delta:
guess for R = 3.578031e-01
guess for eta = 6.358200e+00
guess for delta = 5.635657e-01
estimated ranges of R, eta, and delta:
upper bound estimate of R = 5.367047e-01
lower bound estimate of R = 2.683523e-01
upper bound estimate of eta = 6.458200e+00
lower bound estimate of eta = 6.338200e+00
upper bound estimate of delta = 8.180000e-01
lower bound estimate of delta = 5.353874e-01
    iteration	            R	          eta	        delta	            E	         dEdR	       dEdeta	     dEddelta	    grad norm
minimum found at:
           10	 3.578031e-01	 6.365168e+00	 1.462258e-11	-4.033212e-02	-1.582715e-09	-4.934325e-10	 3.011794e-10	 1.684984e-09
psi(R) = 2.96e-01
parameter values for minimization:
K33 = 3.000000e+01
k24 = 7.000000e-01
Lambda = 3.200000e+01
d0 = 1.000000e+00
omega = 8.000000e-01
gamma_s = 1.000000e-01
initial guesses for R, eta, and delta:
guess for R = 3.578031e-01
guess for eta = 6.358200e+00
guess for delta = 5.635657e-01
estimated ranges of R, eta, and delta:
upper bound estimate of R = 5.367047e-01
lower bound estimate of R = 2.683523e-01
upper bound estimate of eta = 6.458200e+00
lower bound estimate of eta = 6.338200e+00
upper bound estimate of delta = 8.180000e-01
lower bound estimate of delta = 5.353874e-01
    iteration	            R	          eta	        delta	            E	         dEdR	       dEdeta	     dEddelta	    grad norm
minimum found at:
           11	 3.578031e-01	 6.358285e+00	 2.243467e-11	-4.033212e-02	 1.185993e-09	 3.083953e-10	 2.226109e-10	 1.245489e-09
psi(R) = 2.96e-01
parameter values for minimization:
K33 = 3.000000e+01
k24 = 7.000000e-01
Lambda = 3.300000e+01
d0 = 1.000000e+00
omega = 8.000000e-01
gamma_s = 1.000000e-01
initial guesses for R, eta, and delta:
guess for R = 3.578031e-01
guess for eta = 6.358200e+00
guess for delta = 5.635657e-01
estimated ranges of R, eta, and delta:
upper bound estimate of R = 5.367047e-01
lower bound estimate of R = 2.683523e-01
upper bound estimate of eta = 6.458200e+00
lower bound estimate of eta = 6.338200e+00
upper bound estimate of delta = 8.180000e-01
lower bound estimate of delta = 5.353874e-01
    iteration	            R	          eta	        delta	            E	         dEdR	       dEdeta	     dEddelta	    grad norm
minimum found at:
           10	 3.578031e-01	 6.352434e+00	-2.551551e-10	-4.033212e-02	-1.097733e-08	-9.251859e-11	-5.892641e-09	 1.245927e-08
psi(R) = 2.96e-01
parameter values for minimization:
K33 = 3.000000e+01
k24 = 7.000000e-01
Lambda = 3.400000e+01
d0 = 1.000000e+00
omega = 8.000000e-01
gamma_s = 1.000000e-01
initial guesses for R, eta, and delta:
guess for R = 3.578031e-01
guess for eta = 6.358200e+00
guess for delta = 5.635657e-01
estimated ranges of R, eta, and delta:
upper bound estimate of R = 5.367047e-01
lower bound estimate of R = 2.683523e-01
upper bound estimate of eta = 6.458200e+00
lower bound estimate of eta = 6.338200e+00
upper bound estimate of delta = 8.180000e-01
lower bound estimate of delta = 5.353874e-01
    iteration	            R	          eta	        delta	            E	         dEdR	       dEdeta	     dEddelta	    grad norm
minimum found at:
           12	 3.578031e-01	 6.346315e+00	 1.500805e-11	-4.033212e-02	 1.461438e-10	 0.000000e+00	-1.178528e-10	 1.877426e-10
psi(R) = 2.96e-01
parameter values for minimization:
K33 = 3.000000e+01
k24 = 7.000000e-01
Lambda = 3.500000e+01
d0 = 1.000000e+00
omega = 8.000000e-01
gamma_s = 1.000000e-01
initial guesses for R, eta, and delta:
guess for R = 3.578031e-01
guess for eta = 6.358200e+00
guess for delta = 5.635657e-01
estimated ranges of R, eta, and delta:
upper bound estimate of R = 5.367047e-01
lower bound estimate of R = 2.683523e-01
upper bound estimate of eta = 6.458200e+00
lower bound estimate of eta = 6.338200e+00
upper bound estimate of delta = 8.180000e-01
lower bound estimate of delta = 5.353874e-01
    iteration	            R	          eta	        delta	            E	         dEdR	       dEdeta	     dEddelta	    grad norm
minimum found at:
           11	 3.578031e-01	 6.341289e+00	-4.085584e-10	-4.033212e-02	 1.682455e-09	 3.083953e-11	-1.035795e-08	 1.049375e-08
psi(R) = 2.96e-01
parameter values for minimization:
K33 = 3.000000e+01
k24 = 7.000000e-01
Lambda = 3.600000e+01
d0 = 1.000000e+00
omega = 8.000000e-01
gamma_s = 1.000000e-01
initial guesses for R, eta, and delta:
guess for R = 3.578031e-01
guess for eta = 6.358200e+00
guess for delta = 5.635657e-01
estimated ranges of R, eta, and delta:
upper bound estimate of R = 5.367047e-01
lower bound estimate of R = 2.683523e-01
upper bound estimate of eta = 6.458200e+00
lower bound estimate of eta = 6.338200e+00
upper bound estimate of delta = 8.180000e-01
lower bound estimate of delta = 5.353874e-01
    iteration	            R	          eta	        delta	            E	         dEdR	       dEdeta	     dEddelta	    grad norm
minimum found at:
           10	 3.578031e-01	 6.337433e+00	-3.029371e-11	-4.033212e-02	 8.274369e-11	 0.000000e+00	-6.809274e-10	 6.859363e-10
psi(R) = 2.96e-01
parameter values for minimization:
K33 = 3.000000e+01
k24 = 7.000000e-01
Lambda = 3.700000e+01
d0 = 1.000000e+00
omega = 8.000000e-01
gamma_s = 1.000000e-01
initial guesses for R, eta, and delta:
guess for R = 3.578031e-01
guess for eta = 6.358200e+00
guess for delta = 5.635657e-01
estimated ranges of R, eta, and delta:
upper bound estimate of R = 5.367047e-01
lower bound estimate of R = 2.683523e-01
upper bound estimate of eta = 6.458200e+00
lower bound estimate of eta = 6.338200e+00
upper bound estimate of delta = 8.180000e-01
lower bound estimate of delta = 5.353874e-01
    iteration	            R	          eta	        delta	            E	         dEdR	       dEdeta	     dEddelta	    grad norm
minimum found at:
           12	 3.578031e-01	 6.334881e+00	 2.052159e-10	-4.033212e-02	 1.334978e-09	-6.167906e-11	 6.209157e-09	 6.351346e-09
psi(R) = 2.96e-01
parameter values for minimization:
K33 = 3.000000e+01
k24 = 7.000000e-01
Lambda = 3.800000e+01
d0 = 1.000000e+00
omega = 8.000000e-01
gamma_s = 1.000000e-01
initial guesses for R, eta, and delta:
guess for R = 3.578031e-01
guess for eta = 6.358200e+00
guess for delta = 5.635657e-01
estimated ranges of R, eta, and delta:
upper bound estimate of R = 5.367047e-01
lower bound estimate of R = 2.683523e-01
upper bound estimate of eta = 6.458200e+00
lower bound estimate of eta = 6.338200e+00
upper bound estimate of delta = 8.180000e-01
lower bound estimate of delta = 5.353874e-01
    iteration	            R	          eta	        delta	            E	         dEdR	       dEdeta	     dEddelta	    grad norm
a-alpha = -6.914988e-09, fpa = -1.158458e-09
minimum found at:
           12	 3.578031e-01	 6.333299e+00	-5.219296e-10	-4.033212e-02	-3.447654e-09	 2.467162e-10	-1.566133e-08	 1.603822e-08
psi(R) = 2.96e-01
parameter values for minimization:
K33 = 3.000000e+01
k24 = 7.000000e-01
Lambda = 3.900000e+01
d0 = 1.000000e+00
omega = 8.000000e-01
gamma_s = 1.000000e-01
initial guesses for R, eta, and delta:
guess for R = 3.578031e-01
guess for eta = 6.358200e+00
guess for delta = 5.635657e-01
estimated ranges of R, eta, and delta:
upper bound estimate of R = 5.367047e-01
lower bound estimate of R = 2.683523e-01
upper bound estimate of eta = 6.458200e+00
lower bound estimate of eta = 6.338200e+00
upper bound estimate of delta = 8.180000e-01
lower bound estimate of delta = 5.353874e-01
    iteration	            R	          eta	        delta	            E	         dEdR	       dEdeta	     dEddelta	    grad norm
minimum found at:
           12	 3.578031e-01	 6.332631e+00	 5.579431e-11	-4.033212e-02	 2.896029e-10	-1.541976e-10	 1.652122e-09	 1.684385e-09
psi(R) = 2.96e-01
parameter values for minimization:
K33 = 3.000000e+01
k24 = 7.000000e-01
Lambda = 4.000000e+01
d0 = 1.000000e+00
omega = 8.000000e-01
gamma_s = 1.000000e-01
initial guesses for R, eta, and delta:
guess for R = 3.578031e-01
guess for eta = 6.358200e+00
guess for delta = 5.635657e-01
estimated ranges of R, eta, and delta:
upper bound estimate of R = 5.367047e-01
lower bound estimate of R = 2.683523e-01
upper bound estimate of eta = 6.458200e+00
lower bound estimate of eta = 6.338200e+00
upper bound estimate of delta = 8.180000e-01
lower bound estimate of delta = 5.353874e-01
    iteration	            R	          eta	        delta	            E	         dEdR	       dEdeta	     dEddelta	    grad norm
minimum found at:
           11	 3.578031e-01	 6.332939e+00	 3.095502e-10	-4.033212e-02	-2.565054e-09	-2.467162e-10	 1.046271e-08	 1.077538e-08
psi(R) = 2.96e-01
parameter values for minimization:
K33 = 3.000000e+01
k24 = 7.000000e-01
Lambda = 4.100000e+01
d0 = 1.000000e+00
omega = 8.000000e-01
gamma_s = 1.000000e-01
initial guesses for R, eta, and delta:
guess for R = 3.578031e-01
guess for eta = 6.358200e+00
guess for delta = 5.635657e-01
estimated ranges of R, eta, and delta:
upper bound estimate of R = 5.367047e-01
lower bound estimate of R = 2.683523e-01
upper bound estimate of eta = 6.458200e+00
lower bound estimate of eta = 6.338200e+00
upper bound estimate of delta = 8.180000e-01
lower bound estimate of delta = 5.353874e-01
    iteration	            R	          eta	        delta	            E	         dEdR	       dEdeta	     dEddelta	    grad norm
minimum found at:
            9	 3.578031e-01	 6.284029e+00	 9.800660e-12	-4.033212e-02	 4.964621e-10	 4.317534e-10	 2.226109e-10	 6.945799e-10
psi(R) = 2.96e-01
parameter values for minimization:
K33 = 3.000000e+01
k24 = 7.000000e-01
Lambda = 4.200000e+01
d0 = 1.000000e+00
omega = 8.000000e-01
gamma_s = 1.000000e-01
initial guesses for R, eta, and delta:
guess for R = 3.578031e-01
guess for eta = 6.358200e+00
guess for delta = 5.635657e-01
estimated ranges of R, eta, and delta:
upper bound estimate of R = 5.367047e-01
lower bound estimate of R = 2.683523e-01
upper bound estimate of eta = 6.458200e+00
lower bound estimate of eta = 6.338200e+00
upper bound estimate of delta = 8.180000e-01
lower bound estimate of delta = 5.353874e-01
    iteration	            R	          eta	        delta	            E	         dEdR	       dEdeta	     dEddelta	    grad norm
minimum found at:
            9	 3.578031e-01	 6.287901e+00	-3.105477e-11	-4.033212e-02	-4.412997e-10	 0.000000e+00	-2.291583e-09	 2.333687e-09
psi(R) = 2.96e-01
parameter values for minimization:
K33 = 3.000000e+01
k24 = 7.000000e-01
Lambda = 4.300000e+01
d0 = 1.000000e+00
omega = 8.000000e-01
gamma_s = 1.000000e-01
initial guesses for R, eta, and delta:
guess for R = 3.578031e-01
guess for eta = 6.358200e+00
guess for delta = 5.635657e-01
estimated ranges of R, eta, and delta:
upper bound estimate of R = 5.367047e-01
lower bound estimate of R = 2.683523e-01
upper bound estimate of eta = 6.458200e+00
lower bound estimate of eta = 6.338200e+00
upper bound estimate of delta = 8.180000e-01
lower bound estimate of delta = 5.353874e-01
    iteration	            R	          eta	        delta	            E	         dEdR	       dEdeta	     dEddelta	    grad norm
minimum found at:
            9	 3.578031e-01	 6.292455e+00	-1.389872e-11	-4.033212e-02	-9.653430e-11	 8.326673e-10	-7.725907e-10	 1.139978e-09
psi(R) = 2.96e-01
parameter values for minimization:
K33 = 3.000000e+01
k24 = 7.000000e-01
Lambda = 4.400000e+01
d0 = 1.000000e+00
omega = 8.000000e-01
gamma_s = 1.000000e-01
initial guesses for R, eta, and delta:
guess for R = 3.578031e-01
guess for eta = 6.358200e+00
guess for delta = 5.635657e-01
estimated ranges of R, eta, and delta:
upper bound estimate of R = 5.367047e-01
lower bound estimate of R = 2.683523e-01
upper bound estimate of eta = 6.458200e+00
lower bound estimate of eta = 6.338200e+00
upper bound estimate of delta = 8.180000e-01
lower bound estimate of delta = 5.353874e-01
    iteration	            R	          eta	        delta	            E	         dEdR	       dEdeta	     dEddelta	    grad norm
minimum found at:
            8	 3.578031e-01	 6.297536e+00	 3.483208e-11	-4.033212e-02	-4.137184e-11	 2.467162e-10	 1.807077e-09	 1.824310e-09
psi(R) = 2.96e-01
parameter values for minimization:
K33 = 3.000000e+01
k24 = 7.000000e-01
Lambda = 4.500000e+01
d0 = 1.000000e+00
omega = 8.000000e-01
gamma_s = 1.000000e-01
initial guesses for R, eta, and delta:
guess for R = 3.578031e-01
guess for eta = 6.358200e+00
guess for delta = 5.635657e-01
estimated ranges of R, eta, and delta:
upper bound estimate of R = 5.367047e-01
lower bound estimate of R = 2.683523e-01
upper bound estimate of eta = 6.458200e+00
lower bound estimate of eta = 6.338200e+00
upper bound estimate of delta = 8.180000e-01
lower bound estimate of delta = 5.353874e-01
    iteration	            R	          eta	        delta	            E	         dEdR	       dEdeta	     dEddelta	    grad norm
minimum found at:
            9	 3.578031e-01	 6.303111e+00	-4.943951e-11	-4.033212e-02	-8.412275e-10	 4.934325e-10	-2.186825e-09	 2.394440e-09
psi(R) = 2.96e-01
parameter values for minimization:
K33 = 3.000000e+01
k24 = 7.000000e-01
Lambda = 4.600000e+01
d0 = 1.000000e+00
omega = 8.000000e-01
gamma_s = 1.000000e-01
initial guesses for R, eta, and delta:
guess for R = 3.578031e-01
guess for eta = 6.358200e+00
guess for delta = 5.635657e-01
estimated ranges of R, eta, and delta:
upper bound estimate of R = 5.367047e-01
lower bound estimate of R = 2.683523e-01
upper bound estimate of eta = 6.458200e+00
lower bound estimate of eta = 6.338200e+00
upper bound estimate of delta = 8.180000e-01
lower bound estimate of delta = 5.353874e-01
    iteration	            R	          eta	        delta	            E	         dEdR	       dEdeta	     dEddelta	    grad norm
minimum found at:
            9	 3.578031e-01	 6.309210e+00	 3.195572e-11	-4.033212e-02	 3.447654e-10	 1.850372e-10	 1.230907e-09	 1.291602e-09
psi(R) = 2.96e-01
parameter values for minimization:
K33 = 3.000000e+01
k24 = 7.000000e-01
Lambda = 4.700000e+01
d0 = 1.000000e+00
omega = 8.000000e-01
gamma_s = 1.000000e-01
initial guesses for R, eta, and delta:
guess for R = 3.578031e-01
guess for eta = 6.358200e+00
guess for delta = 5.635657e-01
estimated ranges of R, eta, and delta:
upper bound estimate of R = 5.367047e-01
lower bound estimate of R = 2.683523e-01
upper bound estimate of eta = 6.458200e+00
lower bound estimate of eta = 6.338200e+00
upper bound estimate of delta = 8.180000e-01
lower bound estimate of delta = 5.353874e-01
    iteration	            R	          eta	        delta	            E	         dEdR	       dEdeta	     dEddelta	    grad norm
minimum found at:
            8	 3.578031e-01	 6.315780e+00	 6.418815e-11	-4.033212e-02	 1.241155e-10	 0.000000e+00	 3.142742e-09	 3.145192e-09
psi(R) = 2.96e-01
parameter values for minimization:
K33 = 3.000000e+01
k24 = 7.000000e-01
Lambda = 4.800000e+01
d0 = 1.000000e+00
omega = 8.000000e-01
gamma_s = 1.000000e-01
initial guesses for R, eta, and delta:
guess for R = 3.578031e-01
guess for eta = 6.358200e+00
guess for delta = 5.635657e-01
estimated ranges of R, eta, and delta:
upper bound estimate of R = 5.367047e-01
lower bound estimate of R = 2.683523e-01
upper bound estimate of eta = 6.458200e+00
lower bound estimate of eta = 6.338200e+00
upper bound estimate of delta = 8.180000e-01
lower bound estimate of delta = 5.353874e-01
    iteration	            R	          eta	        delta	            E	         dEdR	       dEdeta	     dEddelta	    grad norm
minimum found at:
            8	 3.578031e-01	 6.322633e+00	-1.502781e-11	-4.033212e-02	-2.482311e-10	-2.467162e-10	-5.892641e-10	 6.853610e-10
psi(R) = 2.96e-01
parameter values for minimization:
K33 = 3.000000e+01
k24 = 7.000000e-01
Lambda = 4.900000e+01
d0 = 1.000000e+00
omega = 8.000000e-01
gamma_s = 1.000000e-01
initial guesses for R, eta, and delta:
guess for R = 3.578031e-01
guess for eta = 6.358200e+00
guess for delta = 5.635657e-01
estimated ranges of R, eta, and delta:
upper bound estimate of R = 5.367047e-01
lower bound estimate of R = 2.683523e-01
upper bound estimate of eta = 6.458200e+00
lower bound estimate of eta = 6.338200e+00
upper bound estimate of delta = 8.180000e-01
lower bound estimate of delta = 5.353874e-01
    iteration	            R	          eta	        delta	            E	         dEdR	       dEdeta	     dEddelta	    grad norm
minimum found at:
            7	 3.578031e-01	 6.329607e+00	 5.987971e-11	-4.033212e-02	-1.516968e-10	 0.000000e+00	 2.527288e-09	 2.531837e-09
psi(R) = 2.96e-01
parameter values for minimization:
K33 = 3.000000e+01
k24 = 7.000000e-01
Lambda = 5.000000e+01
d0 = 1.000000e+00
omega = 8.000000e-01
gamma_s = 1.000000e-01
initial guesses for R, eta, and delta:
guess for R = 3.578031e-01
guess for eta = 6.358200e+00
guess for delta = 5.635657e-01
estimated ranges of R, eta, and delta:
upper bound estimate of R = 5.367047e-01
lower bound estimate of R = 2.683523e-01
upper bound estimate of eta = 6.458200e+00
lower bound estimate of eta = 6.338200e+00
upper bound estimate of delta = 8.180000e-01
lower bound estimate of delta = 5.353874e-01
    iteration	            R	          eta	        delta	            E	         dEdR	       dEdeta	     dEddelta	    grad norm
a-alpha = 5.672644e-09, fpa = 7.427499e-10
minimum found at:
            7	 3.578031e-01	 6.336930e+00	 4.007822e-10	-4.033212e-02	 3.652561e-09	-3.083953e-11	 1.549110e-08	 1.591591e-08
psi(R) = 2.96e-01
parameter values for minimization:
K33 = 3.000000e+01
k24 = 7.000000e-01
Lambda = 5.100000e+01
d0 = 1.000000e+00
omega = 8.000000e-01
gamma_s = 1.000000e-01
initial guesses for R, eta, and delta:
guess for R = 3.578031e-01
guess for eta = 6.358200e+00
guess for delta = 5.635657e-01
estimated ranges of R, eta, and delta:
upper bound estimate of R = 5.367047e-01
lower bound estimate of R = 2.683523e-01
upper bound estimate of eta = 6.458200e+00
lower bound estimate of eta = 6.338200e+00
upper bound estimate of delta = 8.180000e-01
lower bound estimate of delta = 5.353874e-01
    iteration	            R	          eta	        delta	            E	         dEdR	       dEdeta	     dEddelta	    grad norm
minimum found at:
            8	 3.578031e-01	 6.340992e+00	-1.598343e-09	-4.033212e-02	-2.194087e-08	-1.850372e-10	-6.034064e-08	 6.420615e-08
psi(R) = 2.96e-01
parameter values for minimization:
K33 = 3.000000e+01
k24 = 7.000000e-01
Lambda = 5.200000e+01
d0 = 1.000000e+00
omega = 8.000000e-01
gamma_s = 1.000000e-01
initial guesses for R, eta, and delta:
guess for R = 3.578031e-01
guess for eta = 6.358200e+00
guess for delta = 5.635657e-01
estimated ranges of R, eta, and delta:
upper bound estimate of R = 5.367047e-01
lower bound estimate of R = 2.683523e-01
upper bound estimate of eta = 6.458200e+00
lower bound estimate of eta = 6.338200e+00
upper bound estimate of delta = 8.180000e-01
lower bound estimate of delta = 5.353874e-01
    iteration	            R	          eta	        delta	            E	         dEdR	       dEdeta	     dEddelta	    grad norm
minimum found at:
            8	 3.578031e-01	 6.343368e+00	 1.396684e-10	-4.033212e-02	 1.103249e-10	-4.934325e-10	 5.473609e-09	 5.496912e-09
psi(R) = 2.96e-01
parameter values for minimization:
K33 = 3.000000e+01
k24 = 7.000000e-01
Lambda = 5.300000e+01
d0 = 1.000000e+00
omega = 8.000000e-01
gamma_s = 1.000000e-01
initial guesses for R, eta, and delta:
guess for R = 3.578031e-01
guess for eta = 6.358200e+00
guess for delta = 5.635657e-01
estimated ranges of R, eta, and delta:
upper bound estimate of R = 5.367047e-01
lower bound estimate of R = 2.683523e-01
upper bound estimate of eta = 6.458200e+00
lower bound estimate of eta = 6.338200e+00
upper bound estimate of delta = 8.180000e-01
lower bound estimate of delta = 5.353874e-01
    iteration	            R	          eta	        delta	            E	         dEdR	       dEdeta	     dEddelta	    grad norm
a-alpha = -8.841498e-09, fpa = -7.992096e-09
minimum found at:
            9	 3.578031e-01	 6.345840e+00	-1.774375e-09	-4.033212e-02	 4.992202e-09	-8.921541e-10	-6.621459e-08	 6.640851e-08
psi(R) = 2.96e-01
parameter values for minimization:
K33 = 3.000000e+01
k24 = 7.000000e-01
Lambda = 5.400000e+01
d0 = 1.000000e+00
omega = 8.000000e-01
gamma_s = 1.000000e-01
initial guesses for R, eta, and delta:
guess for R = 3.578031e-01
guess for eta = 6.358200e+00
guess for delta = 5.635657e-01
estimated ranges of R, eta, and delta:
upper bound estimate of R = 5.367047e-01
lower bound estimate of R = 2.683523e-01
upper bound estimate of eta = 6.458200e+00
lower bound estimate of eta = 6.338200e+00
upper bound estimate of delta = 8.180000e-01
lower bound estimate of delta = 5.353874e-01
    iteration	            R	          eta	        delta	            E	         dEdR	       dEdeta	     dEddelta	    grad norm
minimum found at:
            8	 3.578031e-01	 6.348343e+00	-1.683991e-10	-4.033212e-02	-3.447654e-09	 2.775558e-10	-6.468810e-09	 7.335452e-09
psi(R) = 2.96e-01
parameter values for minimization:
K33 = 3.000000e+01
k24 = 7.000000e-01
Lambda = 5.500000e+01
d0 = 1.000000e+00
omega = 8.000000e-01
gamma_s = 1.000000e-01
initial guesses for R, eta, and delta:
guess for R = 3.578031e-01
guess for eta = 6.358200e+00
guess for delta = 5.635657e-01
estimated ranges of R, eta, and delta:
upper bound estimate of R = 5.367047e-01
lower bound estimate of R = 2.683523e-01
upper bound estimate of eta = 6.458200e+00
lower bound estimate of eta = 6.338200e+00
upper bound estimate of delta = 8.180000e-01
lower bound estimate of delta = 5.353874e-01
    iteration	            R	          eta	        delta	            E	         dEdR	       dEdeta	     dEddelta	    grad norm
minimum found at:
            8	 3.578031e-01	 6.350538e+00	-1.708628e-11	-4.033212e-02	 2.344404e-10	 7.093092e-10	-1.047581e-10	 7.543580e-10
psi(R) = 2.96e-01
parameter values for minimization:
K33 = 3.000000e+01
k24 = 7.000000e-01
Lambda = 5.600000e+01
d0 = 1.000000e+00
omega = 8.000000e-01
gamma_s = 1.000000e-01
initial guesses for R, eta, and delta:
guess for R = 3.578031e-01
guess for eta = 6.358200e+00
guess for delta = 5.635657e-01
estimated ranges of R, eta, and delta:
upper bound estimate of R = 5.367047e-01
lower bound estimate of R = 2.683523e-01
upper bound estimate of eta = 6.458200e+00
lower bound estimate of eta = 6.338200e+00
upper bound estimate of delta = 8.180000e-01
lower bound estimate of delta = 5.353874e-01
    iteration	            R	          eta	        delta	            E	         dEdR	       dEdeta	     dEddelta	    grad norm
minimum found at:
            7	 3.578031e-01	 6.353267e+00	-3.636938e-10	-4.033212e-02	 7.943394e-09	 4.009139e-10	-1.373097e-08	 1.586814e-08
psi(R) = 2.96e-01
parameter values for minimization:
K33 = 3.000000e+01
k24 = 7.000000e-01
Lambda = 5.700000e+01
d0 = 1.000000e+00
omega = 8.000000e-01
gamma_s = 1.000000e-01
initial guesses for R, eta, and delta:
guess for R = 3.578031e-01
guess for eta = 6.358200e+00
guess for delta = 5.635657e-01
estimated ranges of R, eta, and delta:
upper bound estimate of R = 5.367047e-01
lower bound estimate of R = 2.683523e-01
upper bound estimate of eta = 6.458200e+00
lower bound estimate of eta = 6.338200e+00
upper bound estimate of delta = 8.180000e-01
lower bound estimate of delta = 5.353874e-01
    iteration	            R	          eta	        delta	            E	         dEdR	       dEdeta	     dEddelta	    grad norm
minimum found at:
            8	 3.578031e-01	 6.355708e+00	-8.078531e-10	-4.033212e-02	 8.330196e-09	 1.850372e-10	-2.901798e-08	 3.019056e-08
psi(R) = 2.96e-01
parameter values for minimization:
K33 = 3.000000e+01
k24 = 7.000000e-01
Lambda = 5.800000e+01
d0 = 1.000000e+00
omega = 8.000000e-01
gamma_s = 1.000000e-01
initial guesses for R, eta, and delta:
guess for R = 3.578031e-01
guess for eta = 6.358200e+00
guess for delta = 5.635657e-01
estimated ranges of R, eta, and delta:
upper bound estimate of R = 5.367047e-01
lower bound estimate of R = 2.683523e-01
upper bound estimate of eta = 6.458200e+00
lower bound estimate of eta = 6.338200e+00
upper bound estimate of delta = 8.180000e-01
lower bound estimate of delta = 5.353874e-01
    iteration	            R	          eta	        delta	            E	         dEdR	       dEdeta	     dEddelta	    grad norm
minimum found at:
            8	 3.578031e-01	 6.358042e+00	-1.691918e-10	-4.033212e-02	 2.181824e-09	 6.862724e-11	-6.323333e-09	 6.689514e-09
psi(R) = 2.96e-01
parameter values for minimization:
K33 = 3.000000e+01
k24 = 7.000000e-01
Lambda = 5.900000e+01
d0 = 1.000000e+00
omega = 8.000000e-01
gamma_s = 1.000000e-01
initial guesses for R, eta, and delta:
guess for R = 3.578031e-01
guess for eta = 6.358200e+00
guess for delta = 5.635657e-01
estimated ranges of R, eta, and delta:
upper bound estimate of R = 5.367047e-01
lower bound estimate of R = 2.683523e-01
upper bound estimate of eta = 6.458200e+00
lower bound estimate of eta = 6.338200e+00
upper bound estimate of delta = 8.180000e-01
lower bound estimate of delta = 5.353874e-01
    iteration	            R	          eta	        delta	            E	         dEdR	       dEdeta	     dEddelta	    grad norm
minimum found at:
            7	 3.578031e-01	 6.360395e+00	-2.703384e-10	-4.033212e-02	 9.777546e-09	-5.789049e-10	-9.716310e-09	 1.379646e-08
psi(R) = 2.96e-01
parameter values for minimization:
K33 = 3.000000e+01
k24 = 7.000000e-01
Lambda = 6.000000e+01
d0 = 1.000000e+00
omega = 8.000000e-01
gamma_s = 1.000000e-01
initial guesses for R, eta, and delta:
guess for R = 3.578031e-01
guess for eta = 6.358200e+00
guess for delta = 5.635657e-01
estimated ranges of R, eta, and delta:
upper bound estimate of R = 5.367047e-01
lower bound estimate of R = 2.683523e-01
upper bound estimate of eta = 6.458200e+00
lower bound estimate of eta = 6.338200e+00
upper bound estimate of delta = 8.180000e-01
lower bound estimate of delta = 5.353874e-01
    iteration	            R	          eta	        delta	            E	         dEdR	       dEdeta	     dEddelta	    grad norm
minimum found at:
            7	 3.578031e-01	 6.361508e+00	-5.235090e-12	-4.033212e-02	-3.447654e-10	-9.251859e-11	 2.488004e-10	 4.351143e-10
psi(R) = 2.96e-01
parameter values for minimization:
K33 = 3.000000e+01
k24 = 7.000000e-01
Lambda = 6.100000e+01
d0 = 1.000000e+00
omega = 8.000000e-01
gamma_s = 1.000000e-01
initial guesses for R, eta, and delta:
guess for R = 3.578031e-01
guess for eta = 6.358200e+00
guess for delta = 5.635657e-01
estimated ranges of R, eta, and delta:
upper bound estimate of R = 5.367047e-01
lower bound estimate of R = 2.683523e-01
upper bound estimate of eta = 6.458200e+00
lower bound estimate of eta = 6.338200e+00
upper bound estimate of delta = 8.180000e-01
lower bound estimate of delta = 5.353874e-01
    iteration	            R	          eta	        delta	            E	         dEdR	       dEdeta	     dEddelta	    grad norm
a-alpha = -2.333064e-08, fpa = -6.761690e-09
minimum found at:
            9	 3.578031e-01	 6.366214e+00	-1.976490e-09	-4.033212e-02	-1.882419e-08	 2.158767e-10	-7.051527e-08	 7.298493e-08
psi(R) = 2.96e-01
parameter values for minimization:
K33 = 3.000000e+01
k24 = 7.000000e-01
Lambda = 6.200000e+01
d0 = 1.000000e+00
omega = 8.000000e-01
gamma_s = 1.000000e-01
initial guesses for R, eta, and delta:
guess for R = 3.578031e-01
guess for eta = 6.358200e+00
guess for delta = 5.635657e-01
estimated ranges of R, eta, and delta:
upper bound estimate of R = 5.367047e-01
lower bound estimate of R = 2.683523e-01
upper bound estimate of eta = 6.458200e+00
lower bound estimate of eta = 6.338200e+00
upper bound estimate of delta = 8.180000e-01
lower bound estimate of delta = 5.353874e-01
    iteration	            R	          eta	        delta	            E	         dEdR	       dEdeta	     dEddelta	    grad norm
minimum found at:
            7	 3.578031e-01	 6.366917e+00	-2.876421e-12	-4.033212e-02	 3.999278e-10	 4.317534e-10	 3.928427e-11	 5.898275e-10
psi(R) = 2.96e-01
parameter values for minimization:
K33 = 3.000000e+01
k24 = 7.000000e-01
Lambda = 6.300000e+01
d0 = 1.000000e+00
omega = 8.000000e-01
gamma_s = 1.000000e-01
initial guesses for R, eta, and delta:
guess for R = 3.578031e-01
guess for eta = 6.358200e+00
guess for delta = 5.635657e-01
estimated ranges of R, eta, and delta:
upper bound estimate of R = 5.367047e-01
lower bound estimate of R = 2.683523e-01
upper bound estimate of eta = 6.458200e+00
lower bound estimate of eta = 6.338200e+00
upper bound estimate of delta = 8.180000e-01
lower bound estimate of delta = 5.353874e-01
    iteration	            R	          eta	        delta	            E	         dEdR	       dEdeta	     dEddelta	    grad norm
ss=1.589351909574e+19, lastss = 9.462188112812e+19
tol = 1.000000000000e-14
failed to integrate at x = (9.692492e-01,6.424045e+00,-7.022805e-01)
solvde convergence failed when x = (9.692492e-01,6.424045e+00,-7.022805e-01).
Retrying using a constant y value
a-alpha = -5.594670e-09, fpa = -4.254593e-10
a-alpha = 5.567551e-09, fpa = 5.719054e-11
minimum found at:
            8	 3.578031e-01	 6.368748e+00	 6.285543e-10	-4.033212e-02	 4.137184e-11	 2.467162e-10	 2.290109e-08	 2.290246e-08
psi(R) = 2.96e-01
parameter values for minimization:
K33 = 3.000000e+01
k24 = 7.000000e-01
Lambda = 6.400000e+01
d0 = 1.000000e+00
omega = 8.000000e-01
gamma_s = 1.000000e-01
initial guesses for R, eta, and delta:
guess for R = 3.578031e-01
guess for eta = 6.358200e+00
guess for delta = 5.635657e-01
estimated ranges of R, eta, and delta:
upper bound estimate of R = 5.367047e-01
lower bound estimate of R = 2.683523e-01
upper bound estimate of eta = 6.458200e+00
lower bound estimate of eta = 6.338200e+00
upper bound estimate of delta = 8.180000e-01
lower bound estimate of delta = 5.353874e-01
    iteration	            R	          eta	        delta	            E	         dEdR	       dEdeta	     dEddelta	    grad norm
minimum found at:
            7	 3.578031e-01	 6.370168e+00	-5.252521e-12	-4.033212e-02	 1.792780e-10	 0.000000e+00	-2.357056e-10	 2.961381e-10
psi(R) = 2.96e-01
parameter values for minimization:
K33 = 3.000000e+01
k24 = 7.000000e-01
Lambda = 6.500000e+01
d0 = 1.000000e+00
omega = 8.000000e-01
gamma_s = 1.000000e-01
initial guesses for R, eta, and delta:
guess for R = 3.578031e-01
guess for eta = 6.358200e+00
guess for delta = 5.635657e-01
estimated ranges of R, eta, and delta:
upper bound estimate of R = 5.367047e-01
lower bound estimate of R = 2.683523e-01
upper bound estimate of eta = 6.458200e+00
lower bound estimate of eta = 6.338200e+00
upper bound estimate of delta = 8.180000e-01
lower bound estimate of delta = 5.353874e-01
    iteration	            R	          eta	        delta	            E	         dEdR	       dEdeta	     dEddelta	    grad norm
minimum found at:
            8	 3.578031e-01	 6.371040e+00	 2.134133e-10	-4.033212e-02	 2.509892e-09	 3.083953e-10	 7.594960e-09	 8.004878e-09
psi(R) = 2.96e-01
parameter values for minimization:
K33 = 3.000000e+01
k24 = 7.000000e-01
Lambda = 6.600000e+01
d0 = 1.000000e+00
omega = 8.000000e-01
gamma_s = 1.000000e-01
initial guesses for R, eta, and delta:
guess for R = 3.578031e-01
guess for eta = 6.358200e+00
guess for delta = 5.635657e-01
estimated ranges of R, eta, and delta:
upper bound estimate of R = 5.367047e-01
lower bound estimate of R = 2.683523e-01
upper bound estimate of eta = 6.458200e+00
lower bound estimate of eta = 6.338200e+00
upper bound estimate of delta = 8.180000e-01
lower bound estimate of delta = 5.353874e-01
    iteration	            R	          eta	        delta	            E	         dEdR	       dEdeta	     dEddelta	    grad norm
likely a maximizing (vs minimizing) solution for psi(r), as y[1][2]=-1.331579e-04  which usually means high energy.
solvde convergence failed when x = (1.084899e+00,6.433048e+00,-6.305021e-01).
Retrying using a constant y value
minimum found at:
            8	 3.578031e-01	 6.377895e+00	-1.947699e-10	-4.033212e-02	 2.758123e-10	 8.326673e-10	-6.992601e-09	 7.047402e-09
psi(R) = 2.96e-01
parameter values for minimization:
K33 = 3.000000e+01
k24 = 7.000000e-01
Lambda = 6.700000e+01
d0 = 1.000000e+00
omega = 8.000000e-01
gamma_s = 1.000000e-01
initial guesses for R, eta, and delta:
guess for R = 3.578031e-01
guess for eta = 6.358200e+00
guess for delta = 5.635657e-01
estimated ranges of R, eta, and delta:
upper bound estimate of R = 5.367047e-01
lower bound estimate of R = 2.683523e-01
upper bound estimate of eta = 6.458200e+00
lower bound estimate of eta = 6.338200e+00
upper bound estimate of delta = 8.180000e-01
lower bound estimate of delta = 5.353874e-01
    iteration	            R	          eta	        delta	            E	         dEdR	       dEdeta	     dEddelta	    grad norm
ss=2.056739884314e+29, lastss = 6.202309141614e+23
tol = 1.000000000000e-14
failed to integrate at x = (1.119789e+00,6.435640e+00,-6.054941e-01)
solvde convergence failed when x = (1.119789e+00,6.435640e+00,-6.054941e-01).
Retrying using a constant y value
minimum found at:
            7	 3.578031e-01	 6.368176e+00	 8.568271e-10	-4.033212e-02	 5.018786e-10	-2.467162e-10	 3.285637e-08	 3.286113e-08
psi(R) = 2.96e-01
parameter values for minimization:
K33 = 3.000000e+01
k24 = 7.000000e-01
Lambda = 6.800000e+01
d0 = 1.000000e+00
omega = 8.000000e-01
gamma_s = 1.000000e-01
initial guesses for R, eta, and delta:
guess for R = 3.578031e-01
guess for eta = 6.358200e+00
guess for delta = 5.635657e-01
estimated ranges of R, eta, and delta:
upper bound estimate of R = 5.367047e-01
lower bound estimate of R = 2.683523e-01
upper bound estimate of eta = 6.458200e+00
lower bound estimate of eta = 6.338200e+00
upper bound estimate of delta = 8.180000e-01
lower bound estimate of delta = 5.353874e-01
    iteration	            R	          eta	        delta	            E	         dEdR	       dEdeta	     dEddelta	    grad norm
a-alpha = -3.374881e-08, fpa = -5.053553e-09
minimum found at:
            8	 3.578031e-01	 6.378267e+00	-9.071277e-10	-4.033212e-02	 8.357112e-09	-8.018277e-10	-3.332616e-08	 3.436738e-08
psi(R) = 2.96e-01
parameter values for minimization:
K33 = 3.000000e+01
k24 = 7.000000e-01
Lambda = 6.900000e+01
d0 = 1.000000e+00
omega = 8.000000e-01
gamma_s = 1.000000e-01
initial guesses for R, eta, and delta:
guess for R = 3.578031e-01
guess for eta = 6.358200e+00
guess for delta = 5.635657e-01
estimated ranges of R, eta, and delta:
upper bound estimate of R = 5.367047e-01
lower bound estimate of R = 2.683523e-01
upper bound estimate of eta = 6.458200e+00
lower bound estimate of eta = 6.338200e+00
upper bound estimate of delta = 8.180000e-01
lower bound estimate of delta = 5.353874e-01
    iteration	            R	          eta	        delta	            E	         dEdR	       dEdeta	     dEddelta	    grad norm
ss=5.419035434498e+19, lastss = 3.369924259100e+19
tol = 1.000000000000e-14
failed to integrate at x = (1.184173e+00,6.440244e+00,-5.547493e-01)
solvde convergence failed when x = (1.184173e+00,6.440244e+00,-5.547493e-01).
Retrying using a constant y value
minimum found at:
            7	 3.578031e-01	 6.379721e+00	-2.450434e-11	-4.033212e-02	-4.426787e-09	-1.541976e-10	-1.335665e-09	 4.626470e-09
psi(R) = 2.96e-01
parameter values for minimization:
K33 = 3.000000e+01
k24 = 7.000000e-01
Lambda = 7.000000e+01
d0 = 1.000000e+00
omega = 8.000000e-01
gamma_s = 1.000000e-01
initial guesses for R, eta, and delta:
guess for R = 3.578031e-01
guess for eta = 6.358200e+00
guess for delta = 5.635657e-01
estimated ranges of R, eta, and delta:
upper bound estimate of R = 5.367047e-01
lower bound estimate of R = 2.683523e-01
upper bound estimate of eta = 6.458200e+00
lower bound estimate of eta = 6.338200e+00
upper bound estimate of delta = 8.180000e-01
lower bound estimate of delta = 5.353874e-01
    iteration	            R	          eta	        delta	            E	         dEdR	       dEdeta	     dEddelta	    grad norm
likely a maximizing (vs minimizing) solution for psi(r), as y[1][2]=-1.348770e-04  which usually means high energy.
solvde convergence failed when x = (1.213748e+00,6.442270e+00,-5.292673e-01).
Retrying using a constant y value
minimum found at:
            7	 3.578031e-01	 6.381257e+00	-7.624906e-11	-4.033212e-02	-7.834883e-09	 4.317534e-10	-2.959415e-09	 8.386295e-09
psi(R) = 2.96e-01
parameter values for minimization:
K33 = 3.000000e+01
k24 = 7.000000e-01
Lambda = 7.100000e+01
d0 = 1.000000e+00
omega = 8.000000e-01
gamma_s = 1.000000e-01
initial guesses for R, eta, and delta:
guess for R = 3.578031e-01
guess for eta = 6.358200e+00
guess for delta = 5.635657e-01
estimated ranges of R, eta, and delta:
upper bound estimate of R = 5.367047e-01
lower bound estimate of R = 2.683523e-01
upper bound estimate of eta = 6.458200e+00
lower bound estimate of eta = 6.338200e+00
upper bound estimate of delta = 8.180000e-01
lower bound estimate of delta = 5.353874e-01
    iteration	            R	          eta	        delta	            E	         dEdR	       dEdeta	     dEddelta	    grad norm
ss=8.763715804348e+20, lastss = 1.662487779985e+21
tol = 1.000000000000e-14
failed to integrate at x = (1.241650e+00,6.444123e+00,-5.038597e-01)
solvde convergence failed when x = (1.241650e+00,6.444123e+00,-5.038597e-01).
Retrying using a constant y value
minimum found at:
            8	 3.578031e-01	 6.381640e+00	 8.609374e-11	-4.033212e-02	 9.653430e-11	 6.167906e-11	 3.404637e-09	 3.406564e-09
psi(R) = 2.96e-01
parameter values for minimization:
K33 = 3.000000e+01
k24 = 7.000000e-01
Lambda = 7.200000e+01
d0 = 1.000000e+00
omega = 8.000000e-01
gamma_s = 1.000000e-01
initial guesses for R, eta, and delta:
guess for R = 3.578031e-01
guess for eta = 6.358200e+00
guess for delta = 5.635657e-01
estimated ranges of R, eta, and delta:
upper bound estimate of R = 5.367047e-01
lower bound estimate of R = 2.683523e-01
upper bound estimate of eta = 6.458200e+00
lower bound estimate of eta = 6.338200e+00
upper bound estimate of delta = 8.180000e-01
lower bound estimate of delta = 5.353874e-01
    iteration	            R	          eta	        delta	            E	         dEdR	       dEdeta	     dEddelta	    grad norm
likely a maximizing (vs minimizing) solution for psi(r), as y[1][2]=-1.656646e-04  which usually means high energy.
solvde convergence failed when x = (1.267942e+00,6.445812e+00,-4.786203e-01).
Retrying using a constant y value
minimum found at:
            8	 3.578031e-01	 6.384621e+00	 8.033185e-12	-4.033212e-02	 3.033935e-10	-1.202742e-09	 2.357056e-10	 1.262613e-09
psi(R) = 2.96e-01
parameter values for minimization:
K33 = 3.000000e+01
k24 = 7.000000e-01
Lambda = 7.300000e+01
d0 = 1.000000e+00
omega = 8.000000e-01
gamma_s = 1.000000e-01
initial guesses for R, eta, and delta:
guess for R = 3.578031e-01
guess for eta = 6.358200e+00
guess for delta = 5.635657e-01
estimated ranges of R, eta, and delta:
upper bound estimate of R = 5.367047e-01
lower bound estimate of R = 2.683523e-01
upper bound estimate of eta = 6.458200e+00
lower bound estimate of eta = 6.338200e+00
upper bound estimate of delta = 8.180000e-01
lower bound estimate of delta = 5.353874e-01
    iteration	            R	          eta	        delta	            E	         dEdR	       dEdeta	     dEddelta	    grad norm
a-alpha = -5.322642e-08, fpa = -1.168548e-10
minimum found at:
            8	 3.578031e-01	 6.367885e+00	-6.211898e-10	-4.033212e-02	 1.806570e-08	 0.000000e+00	-2.668712e-08	 3.222688e-08
psi(R) = 2.96e-01
parameter values for minimization:
K33 = 3.000000e+01
k24 = 7.000000e-01
Lambda = 7.400000e+01
d0 = 1.000000e+00
omega = 8.000000e-01
gamma_s = 1.000000e-01
initial guesses for R, eta, and delta:
guess for R = 3.578031e-01
guess for eta = 6.358200e+00
guess for delta = 5.635657e-01
estimated ranges of R, eta, and delta:
upper bound estimate of R = 5.367047e-01
lower bound estimate of R = 2.683523e-01
upper bound estimate of eta = 6.458200e+00
lower bound estimate of eta = 6.338200e+00
upper bound estimate of delta = 8.180000e-01
lower bound estimate of delta = 5.353874e-01
    iteration	            R	          eta	        delta	            E	         dEdR	       dEdeta	     dEddelta	    grad norm
likely a maximizing (vs minimizing) solution for psi(r), as y[1][2]=-2.087794e-04  which usually means high energy.
solvde convergence failed when x = (1.315976e+00,6.448734e+00,-4.289593e-01).
Retrying using a constant y value
minimum found at:
            7	 3.578031e-01	 6.387372e+00	 1.332303e-09	-4.033212e-02	-5.047365e-09	 4.317534e-10	 5.218261e-08	 5.242792e-08
psi(R) = 2.96e-01
parameter values for minimization:
K33 = 3.000000e+01
k24 = 7.000000e-01
Lambda = 7.500000e+01
d0 = 1.000000e+00
omega = 8.000000e-01
gamma_s = 1.000000e-01
initial guesses for R, eta, and delta:
guess for R = 3.578031e-01
guess for eta = 6.358200e+00
guess for delta = 5.635657e-01
estimated ranges of R, eta, and delta:
upper bound estimate of R = 5.367047e-01
lower bound estimate of R = 2.683523e-01
upper bound estimate of eta = 6.458200e+00
lower bound estimate of eta = 6.338200e+00
upper bound estimate of delta = 8.180000e-01
lower bound estimate of delta = 5.353874e-01
    iteration	            R	          eta	        delta	            E	         dEdR	       dEdeta	     dEddelta	    grad norm
likely a maximizing (vs minimizing) solution for psi(r), as y[1][2]=-1.220716e-04  which usually means high energy.
solvde convergence failed when x = (1.337862e+00,6.449985e+00,-4.046649e-01).
Retrying using a constant y value
minimum found at:
            8	 3.578031e-01	 6.391914e+00	-4.865719e-12	-4.033212e-02	 8.852029e-10	-5.242720e-10	-3.011794e-10	 1.071986e-09
psi(R) = 2.96e-01
parameter values for minimization:
K33 = 3.000000e+01
k24 = 7.000000e-01
Lambda = 7.600000e+01
d0 = 1.000000e+00
omega = 8.000000e-01
gamma_s = 1.000000e-01
initial guesses for R, eta, and delta:
guess for R = 3.578031e-01
guess for eta = 6.358200e+00
guess for delta = 5.635657e-01
estimated ranges of R, eta, and delta:
upper bound estimate of R = 5.367047e-01
lower bound estimate of R = 2.683523e-01
upper bound estimate of eta = 6.458200e+00
lower bound estimate of eta = 6.338200e+00
upper bound estimate of delta = 8.180000e-01
lower bound estimate of delta = 5.353874e-01
    iteration	            R	          eta	        delta	            E	         dEdR	       dEdeta	     dEddelta	    grad norm
likely a maximizing (vs minimizing) solution for psi(r), as y[1][2]=-1.180348e-04  which usually means high energy.
solvde convergence failed when x = (1.358427e+00,6.451109e+00,-3.807952e-01).
Retrying using a constant y value
minimum found at:
            7	 3.578031e-01	 6.390341e+00	 1.094661e-09	-4.033212e-02	-4.771553e-09	 4.625929e-10	 4.416862e-08	 4.442802e-08
psi(R) = 2.96e-01
parameter values for minimization:
K33 = 3.000000e+01
k24 = 7.000000e-01
Lambda = 7.700000e+01
d0 = 1.000000e+00
omega = 8.000000e-01
gamma_s = 1.000000e-01
initial guesses for R, eta, and delta:
guess for R = 3.578031e-01
guess for eta = 6.358200e+00
guess for delta = 5.635657e-01
estimated ranges of R, eta, and delta:
upper bound estimate of R = 5.367047e-01
lower bound estimate of R = 2.683523e-01
upper bound estimate of eta = 6.458200e+00
lower bound estimate of eta = 6.338200e+00
upper bound estimate of delta = 8.180000e-01
lower bound estimate of delta = 5.353874e-01
    iteration	            R	          eta	        delta	            E	         dEdR	       dEdeta	     dEddelta	    grad norm
likely a maximizing (vs minimizing) solution for psi(r), as y[1][2]=-1.136288e-04  which usually means high energy.
solvde convergence failed when x = (1.377743e+00,6.452113e+00,-3.573888e-01).
Retrying using a constant y value
minimum found at:
            7	 3.578031e-01	 6.391449e+00	 6.329280e-10	-4.033212e-02	 5.034953e-08	 0.000000e+00	 2.611095e-08	 5.671734e-08
psi(R) = 2.96e-01
parameter values for minimization:
K33 = 3.000000e+01
k24 = 7.000000e-01
Lambda = 7.800000e+01
d0 = 1.000000e+00
omega = 8.000000e-01
gamma_s = 1.000000e-01
initial guesses for R, eta, and delta:
guess for R = 3.578031e-01
guess for eta = 6.358200e+00
guess for delta = 5.635657e-01
estimated ranges of R, eta, and delta:
upper bound estimate of R = 5.367047e-01
lower bound estimate of R = 2.683523e-01
upper bound estimate of eta = 6.458200e+00
lower bound estimate of eta = 6.338200e+00
upper bound estimate of delta = 8.180000e-01
lower bound estimate of delta = 5.353874e-01
    iteration	            R	          eta	        delta	            E	         dEdR	       dEdeta	     dEddelta	    grad norm
likely a maximizing (vs minimizing) solution for psi(r), as y[1][2]=-1.730935e-04  which usually means high energy.
solvde convergence failed when x = (1.395883e+00,6.453007e+00,-3.344759e-01).
Retrying using a constant y value
minimum found at:
            7	 3.578031e-01	 6.390806e+00	 1.606278e-10	-4.033212e-02	-3.092381e-08	-7.401487e-10	 6.573569e-09	 3.162343e-08
psi(R) = 2.96e-01
parameter values for minimization:
K33 = 3.000000e+01
k24 = 7.000000e-01
Lambda = 7.900000e+01
d0 = 1.000000e+00
omega = 8.000000e-01
gamma_s = 1.000000e-01
initial guesses for R, eta, and delta:
guess for R = 3.578031e-01
guess for eta = 6.358200e+00
guess for delta = 5.635657e-01
estimated ranges of R, eta, and delta:
upper bound estimate of R = 5.367047e-01
lower bound estimate of R = 2.683523e-01
upper bound estimate of eta = 6.458200e+00
lower bound estimate of eta = 6.338200e+00
upper bound estimate of delta = 8.180000e-01
lower bound estimate of delta = 5.353874e-01
    iteration	            R	          eta	        delta	            E	         dEdR	       dEdeta	     dEddelta	    grad norm
likely a maximizing (vs minimizing) solution for psi(r), as y[1][2]=-1.081256e-04  which usually means high energy.
solvde convergence failed when x = (1.412918e+00,6.453798e+00,-3.120798e-01).
Retrying using a constant y value
minimum found at:
            7	 3.578031e-01	 6.388894e+00	-7.655512e-10	-4.033212e-02	 7.419351e-09	-2.775558e-10	-3.216073e-08	 3.300661e-08
psi(R) = 2.96e-01
parameter values for minimization:
K33 = 3.000000e+01
k24 = 7.000000e-01
Lambda = 8.000000e+01
d0 = 1.000000e+00
omega = 8.000000e-01
gamma_s = 1.000000e-01
initial guesses for R, eta, and delta:
guess for R = 3.578031e-01
guess for eta = 6.358200e+00
guess for delta = 5.635657e-01
estimated ranges of R, eta, and delta:
upper bound estimate of R = 5.367047e-01
lower bound estimate of R = 2.683523e-01
upper bound estimate of eta = 6.458200e+00
lower bound estimate of eta = 6.338200e+00
upper bound estimate of delta = 8.180000e-01
lower bound estimate of delta = 5.353874e-01
    iteration	            R	          eta	        delta	            E	         dEdR	       dEdeta	     dEddelta	    grad norm
a-alpha = -1.023987e-08, fpa = -4.836923e-10
minimum found at:
            8	 3.578031e-01	 6.395319e+00	 7.812209e-10	-4.033212e-02	-2.234080e-09	 1.850372e-10	 3.298570e-08	 3.306178e-08
psi(R) = 2.96e-01
parameter values for minimization:
K33 = 3.000000e+01
k24 = 7.000000e-01
Lambda = 8.100000e+01
d0 = 1.000000e+00
omega = 8.000000e-01
gamma_s = 1.000000e-01
initial guesses for R, eta, and delta:
guess for R = 3.578031e-01
guess for eta = 6.358200e+00
guess for delta = 5.635657e-01
estimated ranges of R, eta, and delta:
upper bound estimate of R = 5.367047e-01
lower bound estimate of R = 2.683523e-01
upper bound estimate of eta = 6.458200e+00
lower bound estimate of eta = 6.338200e+00
upper bound estimate of delta = 8.180000e-01
lower bound estimate of delta = 5.353874e-01
    iteration	            R	          eta	        delta	            E	         dEdR	       dEdeta	     dEddelta	    grad norm
minimum found at:
            7	 3.578031e-01	 6.397314e+00	-4.773507e-10	-4.033212e-02	 4.316462e-09	 1.157810e-09	-2.019212e-08	 2.068076e-08
psi(R) = 2.96e-01
parameter values for minimization:
K33 = 3.000000e+01
k24 = 7.000000e-01
Lambda = 8.200000e+01
d0 = 1.000000e+00
omega = 8.000000e-01
gamma_s = 1.000000e-01
initial guesses for R, eta, and delta:
guess for R = 3.578031e-01
guess for eta = 6.358200e+00
guess for delta = 5.635657e-01
estimated ranges of R, eta, and delta:
upper bound estimate of R = 5.367047e-01
lower bound estimate of R = 2.683523e-01
upper bound estimate of eta = 6.458200e+00
lower bound estimate of eta = 6.338200e+00
upper bound estimate of delta = 8.180000e-01
lower bound estimate of delta = 5.353874e-01
    iteration	            R	          eta	        delta	            E	         dEdR	       dEdeta	     dEddelta	    grad norm
ss=2.203905109075e+24, lastss = 5.704438060768e+02
tol = 1.000000000000e-14
failed to integrate at x = (1.458053e+00,6.455624e+00,-2.481321e-01)
solvde convergence failed when x = (1.458053e+00,6.455624e+00,-2.481321e-01).
Retrying using a constant y value
minimum found at:
            8	 3.578031e-01	 6.397642e+00	 5.447309e-13	-4.033212e-02	 3.723466e-10	-3.700743e-10	-4.866705e-10	 7.158527e-10
psi(R) = 2.96e-01
parameter values for minimization:
K33 = 3.000000e+01
k24 = 7.000000e-01
Lambda = 8.300000e+01
d0 = 1.000000e+00
omega = 8.000000e-01
gamma_s = 1.000000e-01
initial guesses for R, eta, and delta:
guess for R = 3.578031e-01
guess for eta = 6.358200e+00
guess for delta = 5.635657e-01
estimated ranges of R, eta, and delta:
upper bound estimate of R = 5.367047e-01
lower bound estimate of R = 2.683523e-01
upper bound estimate of eta = 6.458200e+00
lower bound estimate of eta = 6.338200e+00
upper bound estimate of delta = 8.180000e-01
lower bound estimate of delta = 5.353874e-01
    iteration	            R	          eta	        delta	            E	         dEdR	       dEdeta	     dEddelta	    grad norm
minimum found at:
            7	 3.578031e-01	 6.400166e+00	-3.134713e-10	-4.033212e-02	 1.264655e-09	 1.346074e-09	-1.398071e-08	 1.410219e-08
psi(R) = 2.96e-01
parameter values for minimization:
K33 = 3.000000e+01
k24 = 7.000000e-01
Lambda = 8.400000e+01
d0 = 1.000000e+00
omega = 8.000000e-01
gamma_s = 1.000000e-01
initial guesses for R, eta, and delta:
guess for R = 3.578031e-01
guess for eta = 6.358200e+00
guess for delta = 5.635657e-01
estimated ranges of R, eta, and delta:
upper bound estimate of R = 5.367047e-01
lower bound estimate of R = 2.683523e-01
upper bound estimate of eta = 6.458200e+00
lower bound estimate of eta = 6.338200e+00
upper bound estimate of delta = 8.180000e-01
lower bound estimate of delta = 5.353874e-01
    iteration	            R	          eta	        delta	            E	         dEdR	       dEdeta	     dEddelta	    grad norm
a-alpha = 4.552080e-09, fpa = 1.004585e-08
a-alpha = -1.041743e-08, fpa = -8.394854e-09
minimum found at:
            9	 3.578031e-01	 6.401421e+00	 1.096715e-09	-4.033212e-02	-3.737256e-09	-6.167906e-10	 4.918391e-08	 4.932955e-08
psi(R) = 2.96e-01
parameter values for minimization:
K33 = 3.000000e+01
k24 = 7.000000e-01
Lambda = 8.500000e+01
d0 = 1.000000e+00
omega = 8.000000e-01
gamma_s = 1.000000e-01
initial guesses for R, eta, and delta:
guess for R = 3.578031e-01
guess for eta = 6.358200e+00
guess for delta = 5.635657e-01
estimated ranges of R, eta, and delta:
upper bound estimate of R = 5.367047e-01
lower bound estimate of R = 2.683523e-01
upper bound estimate of eta = 6.458200e+00
lower bound estimate of eta = 6.338200e+00
upper bound estimate of delta = 8.180000e-01
lower bound estimate of delta = 5.353874e-01
    iteration	            R	          eta	        delta	            E	         dEdR	       dEdeta	     dEddelta	    grad norm
a-alpha = -8.055912e-09, fpa = -8.420734e-10
minimum found at:
            8	 3.578031e-01	 6.403032e+00	 3.750280e-10	-4.033212e-02	 1.392852e-09	 0.000000e+00	 1.706247e-08	 1.711923e-08
psi(R) = 2.96e-01
parameter values for minimization:
K33 = 3.000000e+01
k24 = 7.000000e-01
Lambda = 8.600000e+01
d0 = 1.000000e+00
omega = 8.000000e-01
gamma_s = 1.000000e-01
initial guesses for R, eta, and delta:
guess for R = 3.578031e-01
guess for eta = 6.358200e+00
guess for delta = 5.635657e-01
estimated ranges of R, eta, and delta:
upper bound estimate of R = 5.367047e-01
lower bound estimate of R = 2.683523e-01
upper bound estimate of eta = 6.458200e+00
lower bound estimate of eta = 6.338200e+00
upper bound estimate of delta = 8.180000e-01
lower bound estimate of delta = 5.353874e-01
    iteration	            R	          eta	        delta	            E	         dEdR	       dEdeta	     dEddelta	    grad norm
minimum found at:
            7	 3.578031e-01	 6.404640e+00	-3.137185e-11	-4.033212e-02	-1.654874e-09	 4.117634e-10	-1.395125e-09	 2.203300e-09
psi(R) = 2.96e-01
parameter values for minimization:
K33 = 3.000000e+01
k24 = 7.000000e-01
Lambda = 8.700000e+01
d0 = 1.000000e+00
omega = 8.000000e-01
gamma_s = 1.000000e-01
initial guesses for R, eta, and delta:
guess for R = 3.578031e-01
guess for eta = 6.358200e+00
guess for delta = 5.635657e-01
estimated ranges of R, eta, and delta:
upper bound estimate of R = 5.367047e-01
lower bound estimate of R = 2.683523e-01
upper bound estimate of eta = 6.458200e+00
lower bound estimate of eta = 6.338200e+00
upper bound estimate of delta = 8.180000e-01
lower bound estimate of delta = 5.353874e-01
    iteration	            R	          eta	        delta	            E	         dEdR	       dEdeta	     dEddelta	    grad norm
a-alpha = 1.179874e-08, fpa = 1.473080e-08
minimum found at:
            8	 3.578031e-01	 6.406409e+00	 1.278475e-09	-4.033212e-02	-2.592635e-09	 0.000000e+00	 6.024898e-08	 6.030474e-08
psi(R) = 2.96e-01
parameter values for minimization:
K33 = 3.000000e+01
k24 = 7.000000e-01
Lambda = 8.800000e+01
d0 = 1.000000e+00
omega = 8.000000e-01
gamma_s = 1.000000e-01
initial guesses for R, eta, and delta:
guess for R = 3.578031e-01
guess for eta = 6.358200e+00
guess for delta = 5.635657e-01
estimated ranges of R, eta, and delta:
upper bound estimate of R = 5.367047e-01
lower bound estimate of R = 2.683523e-01
upper bound estimate of eta = 6.458200e+00
lower bound estimate of eta = 6.338200e+00
upper bound estimate of delta = 8.180000e-01
lower bound estimate of delta = 5.353874e-01
    iteration	            R	          eta	        delta	            E	         dEdR	       dEdeta	     dEddelta	    grad norm
likely a maximizing (vs minimizing) solution for psi(r), as y[1][2]=-5.234471e-05  which usually means high energy.
solvde convergence failed when x = (1.526683e+00,6.457361e+00,-1.350189e-01).
Retrying using a constant y value
a-alpha = 1.119805e-08, fpa = 1.113799e-09
minimum found at:
            7	 3.578031e-01	 6.408139e+00	-9.763740e-11	-4.033212e-02	 2.123755e-09	 0.000000e+00	-4.714113e-09	 5.170415e-09
psi(R) = 2.96e-01
parameter values for minimization:
K33 = 3.000000e+01
k24 = 7.000000e-01
Lambda = 8.900000e+01
d0 = 1.000000e+00
omega = 8.000000e-01
gamma_s = 1.000000e-01
initial guesses for R, eta, and delta:
guess for R = 3.578031e-01
guess for eta = 6.358200e+00
guess for delta = 5.635657e-01
estimated ranges of R, eta, and delta:
upper bound estimate of R = 5.367047e-01
lower bound estimate of R = 2.683523e-01
upper bound estimate of eta = 6.458200e+00
lower bound estimate of eta = 6.338200e+00
upper bound estimate of delta = 8.180000e-01
lower bound estimate of delta = 5.353874e-01
    iteration	            R	          eta	        delta	            E	         dEdR	       dEdeta	     dEddelta	    grad norm
minimum found at:
            7	 3.578031e-01	 6.410525e+00	-2.942360e-10	-4.033212e-02	-6.286863e-10	 2.158767e-10	-1.474470e-08	 1.475967e-08
psi(R) = 2.96e-01
parameter values for minimization:
K33 = 3.000000e+01
k24 = 7.000000e-01
Lambda = 9.000000e+01
d0 = 1.000000e+00
omega = 8.000000e-01
gamma_s = 1.000000e-01
initial guesses for R, eta, and delta:
guess for R = 3.578031e-01
guess for eta = 6.358200e+00
guess for delta = 5.635657e-01
estimated ranges of R, eta, and delta:
upper bound estimate of R = 5.367047e-01
lower bound estimate of R = 2.683523e-01
upper bound estimate of eta = 6.458200e+00
lower bound estimate of eta = 6.338200e+00
upper bound estimate of delta = 8.180000e-01
lower bound estimate of delta = 5.353874e-01
    iteration	            R	          eta	        delta	            E	         dEdR	       dEdeta	     dEddelta	    grad norm
likely a maximizing (vs minimizing) solution for psi(r), as y[1][2]=-4.066592e-05  which usually means high energy.
solvde convergence failed when x = (1.542650e+00,6.461374e+00,-1.005898e-01).
Retrying using a constant y value
a-alpha = 5.814595e-09, fpa = 3.231422e-10
minimum found at:
            8	 3.578031e-01	 6.387560e+00	 2.772754e-11	-4.033212e-02	 1.006715e-09	-5.588490e-10	 1.689224e-09	 2.044325e-09
psi(R) = 2.96e-01
parameter values for minimization:
K33 = 3.000000e+01
k24 = 7.000000e-01
Lambda = 9.100000e+01
d0 = 1.000000e+00
omega = 8.000000e-01
gamma_s = 1.000000e-01
initial guesses for R, eta, and delta:
guess for R = 3.578031e-01
guess for eta = 6.358200e+00
guess for delta = 5.635657e-01
estimated ranges of R, eta, and delta:
upper bound estimate of R = 5.367047e-01
lower bound estimate of R = 2.683523e-01
upper bound estimate of eta = 6.458200e+00
lower bound estimate of eta = 6.338200e+00
upper bound estimate of delta = 8.180000e-01
lower bound estimate of delta = 5.353874e-01
    iteration	            R	          eta	        delta	            E	         dEdR	       dEdeta	     dEddelta	    grad norm
a-alpha = -2.979009e-09, fpa = -7.392604e-10
minimum found at:
            8	 3.578031e-01	 6.413402e+00	-1.387470e-10	-4.033212e-02	 1.213574e-09	-1.850372e-10	-7.319970e-09	 7.422194e-09
psi(R) = 2.96e-01
parameter values for minimization:
K33 = 3.000000e+01
k24 = 7.000000e-01
Lambda = 9.200000e+01
d0 = 1.000000e+00
omega = 8.000000e-01
gamma_s = 1.000000e-01
initial guesses for R, eta, and delta:
guess for R = 3.578031e-01
guess for eta = 6.358200e+00
guess for delta = 5.635657e-01
estimated ranges of R, eta, and delta:
upper bound estimate of R = 5.367047e-01
lower bound estimate of R = 2.683523e-01
upper bound estimate of eta = 6.458200e+00
lower bound estimate of eta = 6.338200e+00
upper bound estimate of delta = 8.180000e-01
lower bound estimate of delta = 5.353874e-01
    iteration	            R	          eta	        delta	            E	         dEdR	       dEdeta	     dEddelta	    grad norm
minimum found at:
            8	 3.578031e-01	 6.422073e+00	 6.180262e-11	-4.033212e-02	-1.241155e-10	 6.052543e-10	 3.018178e-09	 3.080769e-09
psi(R) = 2.96e-01
parameter values for minimization:
K33 = 3.000000e+01
k24 = 7.000000e-01
Lambda = 9.300000e+01
d0 = 1.000000e+00
omega = 8.000000e-01
gamma_s = 1.000000e-01
initial guesses for R, eta, and delta:
guess for R = 3.578031e-01
guess for eta = 6.358200e+00
guess for delta = 5.635657e-01
estimated ranges of R, eta, and delta:
upper bound estimate of R = 5.367047e-01
lower bound estimate of R = 2.683523e-01
upper bound estimate of eta = 6.458200e+00
lower bound estimate of eta = 6.338200e+00
upper bound estimate of delta = 8.180000e-01
lower bound estimate of delta = 5.353874e-01
    iteration	            R	          eta	        delta	            E	         dEdR	       dEdeta	     dEddelta	    grad norm
minimum found at:
            8	 3.578031e-01	 6.425474e+00	-2.227718e-12	-4.033212e-02	-1.379061e-11	 2.775558e-10	-3.666532e-10	 4.600673e-10
psi(R) = 2.96e-01
parameter values for minimization:
K33 = 3.000000e+01
k24 = 7.000000e-01
Lambda = 9.400000e+01
d0 = 1.000000e+00
omega = 8.000000e-01
gamma_s = 1.000000e-01
initial guesses for R, eta, and delta:
guess for R = 3.578031e-01
guess for eta = 6.358200e+00
guess for delta = 5.635657e-01
estimated ranges of R, eta, and delta:
upper bound estimate of R = 5.367047e-01
lower bound estimate of R = 2.683523e-01
upper bound estimate of eta = 6.458200e+00
lower bound estimate of eta = 6.338200e+00
upper bound estimate of delta = 8.180000e-01
lower bound estimate of delta = 5.353874e-01
    iteration	            R	          eta	        delta	            E	         dEdR	       dEdeta	     dEddelta	    grad norm
a-alpha = -7.606494e-09, fpa = -1.143819e-08
a-alpha = -3.612471e-09, fpa = -4.006169e-10
minimum found at:
            9	 3.578031e-01	 6.426582e+00	-2.205053e-11	-4.033212e-02	-1.117040e-09	 0.000000e+00	-1.571371e-09	 1.927948e-09
psi(R) = 2.96e-01
parameter values for minimization:
K33 = 3.000000e+01
k24 = 7.000000e-01
Lambda = 9.500000e+01
d0 = 1.000000e+00
omega = 8.000000e-01
gamma_s = 1.000000e-01
initial guesses for R, eta, and delta:
guess for R = 3.578031e-01
guess for eta = 6.358200e+00
guess for delta = 5.635657e-01
estimated ranges of R, eta, and delta:
upper bound estimate of R = 5.367047e-01
lower bound estimate of R = 2.683523e-01
upper bound estimate of eta = 6.458200e+00
lower bound estimate of eta = 6.338200e+00
upper bound estimate of delta = 8.180000e-01
lower bound estimate of delta = 5.353874e-01
    iteration	            R	          eta	        delta	            E	         dEdR	       dEdeta	     dEddelta	    grad norm
a-alpha = -6.747003e-09, fpa = -4.058823e-10
minimum found at:
            8	 3.578031e-01	 6.434409e+00	 7.257243e-10	-4.033212e-02	-1.159944e-09	 7.392645e-11	 4.605426e-08	 4.606893e-08
psi(R) = 2.96e-01
parameter values for minimization:
K33 = 3.000000e+01
k24 = 7.000000e-01
Lambda = 9.600000e+01
d0 = 1.000000e+00
omega = 8.000000e-01
gamma_s = 1.000000e-01
initial guesses for R, eta, and delta:
guess for R = 3.578031e-01
guess for eta = 6.358200e+00
guess for delta = 5.635657e-01
estimated ranges of R, eta, and delta:
upper bound estimate of R = 5.367047e-01
lower bound estimate of R = 2.683523e-01
upper bound estimate of eta = 6.458200e+00
lower bound estimate of eta = 6.338200e+00
upper bound estimate of delta = 8.180000e-01
lower bound estimate of delta = 5.353874e-01
    iteration	            R	          eta	        delta	            E	         dEdR	       dEdeta	     dEddelta	    grad norm
minimum found at:
            7	 3.578031e-01	 6.435629e+00	-1.943168e-12	-4.033212e-02	-5.516246e-10	 0.000000e+00	-1.468553e-10	 5.708381e-10
psi(R) = 2.96e-01
parameter values for minimization:
K33 = 3.000000e+01
k24 = 7.000000e-01
Lambda = 9.700000e+01
d0 = 1.000000e+00
omega = 8.000000e-01
gamma_s = 1.000000e-01
initial guesses for R, eta, and delta:
guess for R = 3.578031e-01
guess for eta = 6.358200e+00
guess for delta = 5.635657e-01
estimated ranges of R, eta, and delta:
upper bound estimate of R = 5.367047e-01
lower bound estimate of R = 2.683523e-01
upper bound estimate of eta = 6.458200e+00
lower bound estimate of eta = 6.338200e+00
upper bound estimate of delta = 8.180000e-01
lower bound estimate of delta = 5.353874e-01
    iteration	            R	          eta	        delta	            E	         dEdR	       dEdeta	     dEddelta	    grad norm
ss=1.378741306047e+27, lastss = 2.757328575576e+27
tol = 1.151971970456e-14
failed to integrate at x = (2.061829e+00,6.543511e+00,-2.136736e-01)
solvde convergence failed when x = (2.061829e+00,6.543511e+00,-2.136736e-01).
Retrying using a constant y value
a-alpha = 6.613206e-09, fpa = 1.430364e-09
minimum found at:
            8	 3.578031e-01	 6.442970e+00	-2.186102e-10	-4.033212e-02	-2.937401e-09	 5.789049e-10	-1.564824e-08	 1.593207e-08
psi(R) = 2.96e-01
parameter values for minimization:
K33 = 3.000000e+01
k24 = 7.000000e-01
Lambda = 9.800000e+01
d0 = 1.000000e+00
omega = 8.000000e-01
gamma_s = 1.000000e-01
initial guesses for R, eta, and delta:
guess for R = 3.578031e-01
guess for eta = 6.358200e+00
guess for delta = 5.635657e-01
estimated ranges of R, eta, and delta:
upper bound estimate of R = 5.367047e-01
lower bound estimate of R = 2.683523e-01
upper bound estimate of eta = 6.458200e+00
lower bound estimate of eta = 6.338200e+00
upper bound estimate of delta = 8.180000e-01
lower bound estimate of delta = 5.353874e-01
    iteration	            R	          eta	        delta	            E	         dEdR	       dEdeta	     dEddelta	    grad norm
minimum found at:
            7	 3.578031e-01	 6.369446e+00	 2.976491e-11	-4.033212e-02	 9.791336e-10	 2.467162e-10	 1.728508e-09	 2.001827e-09
psi(R) = 2.96e-01
parameter values for minimization:
K33 = 3.000000e+01
k24 = 7.000000e-01
Lambda = 9.900000e+01
d0 = 1.000000e+00
omega = 8.000000e-01
gamma_s = 1.000000e-01
initial guesses for R, eta, and delta:
guess for R = 3.578031e-01
guess for eta = 6.358200e+00
guess for delta = 5.635657e-01
estimated ranges of R, eta, and delta:
upper bound estimate of R = 5.367047e-01
lower bound estimate of R = 2.683523e-01
upper bound estimate of eta = 6.458200e+00
lower bound estimate of eta = 6.338200e+00
upper bound estimate of delta = 8.180000e-01
lower bound estimate of delta = 5.353874e-01
    iteration	            R	          eta	        delta	            E	         dEdR	       dEdeta	     dEddelta	    grad norm
ss=1.260439275040e+22, lastss = 2.683736977678e+02
tol = 1.172183860161e-14
failed to integrate at x = (2.073070e+00,6.549446e+00,-1.761913e-01)
solvde convergence failed when x = (2.073070e+00,6.549446e+00,-1.761913e-01).
Retrying using a constant y value
a-alpha = -1.756455e-08, fpa = -8.201258e-09
minimum found at:
            8	 3.578031e-01	 6.452669e+00	 6.294491e-10	-4.033212e-02	 1.668664e-09	-1.233581e-10	 5.058505e-08	 5.061272e-08
psi(R) = 2.96e-01
parameter values for minimization:
K33 = 3.000000e+01
k24 = 7.000000e-01
Lambda = 1.000000e+02
d0 = 1.000000e+00
omega = 8.000000e-01
gamma_s = 1.000000e-01
initial guesses for R, eta, and delta:
guess for R = 3.578031e-01
guess for eta = 6.358200e+00
guess for delta = 5.635657e-01
estimated ranges of R, eta, and delta:
upper bound estimate of R = 5.367047e-01
lower bound estimate of R = 2.683523e-01
upper bound estimate of eta = 6.458200e+00
lower bound estimate of eta = 6.338200e+00
upper bound estimate of delta = 8.180000e-01
lower bound estimate of delta = 5.353874e-01
    iteration	            R	          eta	        delta	            E	         dEdR	       dEdeta	     dEddelta	    grad norm
a-alpha = -2.114529e-09, fpa = -3.685941e-09
minimum found at:
            8	 3.578031e-01	 6.457610e+00	 9.554785e-11	-4.033212e-02	-6.895307e-10	 6.235199e-11	 8.392654e-09	 8.421162e-09
psi(R) = 2.96e-01
parameter values for minimization:
K33 = 3.000000e+01
k24 = 7.000000e-01
Lambda = 1.010000e+02
d0 = 1.000000e+00
omega = 8.000000e-01
gamma_s = 1.000000e-01
initial guesses for R, eta, and delta:
guess for R = 3.578031e-01
guess for eta = 6.358200e+00
guess for delta = 5.635657e-01
estimated ranges of R, eta, and delta:
upper bound estimate of R = 5.367047e-01
lower bound estimate of R = 2.683523e-01
upper bound estimate of eta = 6.458200e+00
lower bound estimate of eta = 6.338200e+00
upper bound estimate of delta = 8.180000e-01
lower bound estimate of delta = 5.353874e-01
    iteration	            R	          eta	        delta	            E	         dEdR	       dEdeta	     dEddelta	    grad norm
minimum found at:
            7	 3.578031e-01	 6.377494e+00	 1.195449e-11	-4.033212e-02	 1.103249e-09	 2.467162e-10	 1.165433e-09	 1.623657e-09
psi(R) = 2.96e-01
