hi
Restoring modules from user's standard_modules
parameter values for minimization:
K33 = 3.000000e+01
k24 = 6.000000e-01
Lambda = 0.000000e+00
d0 = 1.000000e+00
omega = 2.200000e+01
gamma_s = 1.000000e-01
initial guesses for R, eta, and delta:
guess for R = 5.000000e-01
guess for eta = 6.300000e+00
guess for delta = 8.100000e-01
estimated ranges of R, eta, and delta:
upper bound estimate of R = 2.000000e+00
lower bound estimate of R = 1.000000e-01
upper bound estimate of eta = 6.430000e+00
lower bound estimate of eta = 6.290000e+00
upper bound estimate of delta = 8.160000e-01
lower bound estimate of delta = 8.000000e-01
    iteration	            R	          eta	        delta	            E	         dEdR	       dEdeta	     dEddelta	    grad norm
minimum found at:
            6	 4.384966e-01	 6.300000e+00	 8.164966e-01	-3.649382e+00	 4.020176e-09	-9.516197e-10	-8.326673e-09	 9.295207e-09
psi(R) = 3.15e-01
parameter values for minimization:
K33 = 3.000000e+01
k24 = 6.000000e-01
Lambda = 1.000000e+00
d0 = 1.000000e+00
omega = 2.200000e+01
gamma_s = 1.000000e-01
initial guesses for R, eta, and delta:
guess for R = 4.384966e-01
guess for eta = 6.300000e+00
guess for delta = 8.164966e-01
estimated ranges of R, eta, and delta:
upper bound estimate of R = 6.577449e-01
lower bound estimate of R = 3.288724e-01
upper bound estimate of eta = 6.400000e+00
lower bound estimate of eta = 6.280000e+00
upper bound estimate of delta = 8.180000e-01
lower bound estimate of delta = 8.100000e-01
    iteration	            R	          eta	        delta	            E	         dEdR	       dEdeta	     dEddelta	    grad norm
minimum found at:
           18	 3.107559e-01	 6.358822e+00	 8.125869e-01	-3.540402e+00	-2.466619e-08	-5.908854e-08	-4.681440e-07	 4.725026e-07
psi(R) = 2.40e-01
parameter values for minimization:
K33 = 3.000000e+01
k24 = 6.000000e-01
Lambda = 2.000000e+00
d0 = 1.000000e+00
omega = 2.200000e+01
gamma_s = 1.000000e-01
initial guesses for R, eta, and delta:
guess for R = 3.107559e-01
guess for eta = 6.358822e+00
guess for delta = 8.125869e-01
estimated ranges of R, eta, and delta:
upper bound estimate of R = 4.661338e-01
lower bound estimate of R = 2.330669e-01
upper bound estimate of eta = 6.458822e+00
lower bound estimate of eta = 6.338822e+00
upper bound estimate of delta = 8.180000e-01
lower bound estimate of delta = 8.100000e-01
    iteration	            R	          eta	        delta	            E	         dEdR	       dEdeta	     dEddelta	    grad norm
a-alpha = 8.787288e-09, fpa = 3.296308e-09
minimum found at:
           21	 2.869880e-01	 6.348024e+00	 8.111711e-01	-3.483903e+00	 1.927010e-07	 7.043748e-08	 3.759955e-06	 3.765549e-06
psi(R) = 2.20e-01
parameter values for minimization:
K33 = 3.000000e+01
k24 = 6.000000e-01
Lambda = 3.000000e+00
d0 = 1.000000e+00
omega = 2.200000e+01
gamma_s = 1.000000e-01
initial guesses for R, eta, and delta:
guess for R = 2.869880e-01
guess for eta = 6.348024e+00
guess for delta = 8.111711e-01
estimated ranges of R, eta, and delta:
upper bound estimate of R = 4.304820e-01
lower bound estimate of R = 2.152410e-01
upper bound estimate of eta = 6.448024e+00
lower bound estimate of eta = 6.328024e+00
upper bound estimate of delta = 8.180000e-01
lower bound estimate of delta = 8.100000e-01
    iteration	            R	          eta	        delta	            E	         dEdR	       dEdeta	     dEddelta	    grad norm
minimum found at:
           11	 2.756136e-01	 6.341884e+00	 8.102871e-01	-3.442643e+00	-3.418065e-08	 3.363976e-07	-2.405483e-08	 3.389842e-07
psi(R) = 2.08e-01
parameter values for minimization:
K33 = 3.000000e+01
k24 = 6.000000e-01
Lambda = 4.000000e+00
d0 = 1.000000e+00
omega = 2.200000e+01
gamma_s = 1.000000e-01
initial guesses for R, eta, and delta:
guess for R = 2.756136e-01
guess for eta = 6.341884e+00
guess for delta = 8.102871e-01
estimated ranges of R, eta, and delta:
upper bound estimate of R = 4.134204e-01
lower bound estimate of R = 2.067102e-01
upper bound estimate of eta = 6.441884e+00
lower bound estimate of eta = 6.321884e+00
upper bound estimate of delta = 8.180000e-01
lower bound estimate of delta = 8.100000e-01
    iteration	            R	          eta	        delta	            E	         dEdR	       dEdeta	     dEddelta	    grad norm
a-alpha = 6.956083e-08, fpa = 2.935651e-09
minimum found at:
           20	 2.692412e-01	 6.337664e+00	 8.096665e-01	-3.409611e+00	 5.764783e-08	 6.857478e-07	-3.959795e-07	 7.939604e-07
psi(R) = 1.99e-01
parameter values for minimization:
K33 = 3.000000e+01
k24 = 6.000000e-01
Lambda = 5.000000e+00
d0 = 1.000000e+00
omega = 2.200000e+01
gamma_s = 1.000000e-01
initial guesses for R, eta, and delta:
guess for R = 2.692412e-01
guess for eta = 6.337664e+00
guess for delta = 8.096665e-01
estimated ranges of R, eta, and delta:
upper bound estimate of R = 4.038618e-01
lower bound estimate of R = 2.019309e-01
upper bound estimate of eta = 6.437664e+00
lower bound estimate of eta = 6.317664e+00
upper bound estimate of delta = 8.180000e-01
lower bound estimate of delta = 7.691832e-01
    iteration	            R	          eta	        delta	            E	         dEdR	       dEdeta	     dEddelta	    grad norm
minimum found at:
           12	 2.656016e-01	 6.334490e+00	 8.092086e-01	-3.381914e+00	-4.061215e-08	-2.055146e-07	-5.822113e-08	 2.174289e-07
psi(R) = 1.92e-01
parameter values for minimization:
K33 = 3.000000e+01
k24 = 6.000000e-01
Lambda = 6.000000e+00
d0 = 1.000000e+00
omega = 2.200000e+01
gamma_s = 1.000000e-01
initial guesses for R, eta, and delta:
guess for R = 2.656016e-01
guess for eta = 6.334490e+00
guess for delta = 8.092086e-01
estimated ranges of R, eta, and delta:
upper bound estimate of R = 3.984024e-01
lower bound estimate of R = 1.992012e-01
upper bound estimate of eta = 6.434490e+00
lower bound estimate of eta = 6.314490e+00
upper bound estimate of delta = 8.180000e-01
lower bound estimate of delta = 7.687482e-01
    iteration	            R	          eta	        delta	            E	         dEdR	       dEdeta	     dEddelta	    grad norm
minimum found at:
            7	 2.637278e-01	 6.331971e+00	 8.088640e-01	-3.358027e+00	 3.552841e-07	 2.346271e-07	 1.577923e-07	 4.540651e-07
psi(R) = 1.87e-01
parameter values for minimization:
K33 = 3.000000e+01
k24 = 6.000000e-01
Lambda = 7.000000e+00
d0 = 1.000000e+00
omega = 2.200000e+01
gamma_s = 1.000000e-01
initial guesses for R, eta, and delta:
guess for R = 2.637278e-01
guess for eta = 6.331971e+00
guess for delta = 8.088640e-01
estimated ranges of R, eta, and delta:
upper bound estimate of R = 3.955917e-01
lower bound estimate of R = 1.977958e-01
upper bound estimate of eta = 6.431971e+00
lower bound estimate of eta = 6.311971e+00
upper bound estimate of delta = 8.180000e-01
lower bound estimate of delta = 7.684208e-01
    iteration	            R	          eta	        delta	            E	         dEdR	       dEdeta	     dEddelta	    grad norm
minimum found at:
            6	 2.631375e-01	 6.329901e+00	 8.086045e-01	-3.337032e+00	-1.282003e-07	-6.007540e-08	 6.025188e-07	 6.189292e-07
psi(R) = 1.82e-01
parameter values for minimization:
K33 = 3.000000e+01
k24 = 6.000000e-01
Lambda = 8.000000e+00
d0 = 1.000000e+00
omega = 2.200000e+01
gamma_s = 1.000000e-01
initial guesses for R, eta, and delta:
guess for R = 2.631375e-01
guess for eta = 6.329901e+00
guess for delta = 8.086045e-01
estimated ranges of R, eta, and delta:
upper bound estimate of R = 3.947063e-01
lower bound estimate of R = 1.973531e-01
upper bound estimate of eta = 6.429901e+00
lower bound estimate of eta = 6.309901e+00
upper bound estimate of delta = 8.180000e-01
lower bound estimate of delta = 7.681743e-01
    iteration	            R	          eta	        delta	            E	         dEdR	       dEdeta	     dEddelta	    grad norm
a-alpha = -7.127892e-08, fpa = -8.224189e-10
minimum found at:
            8	 2.635743e-01	 6.328160e+00	 8.084130e-01	-3.318331e+00	 1.195620e-07	-3.360275e-07	 5.555676e-08	 3.609655e-07
psi(R) = 1.78e-01
parameter values for minimization:
K33 = 3.000000e+01
k24 = 6.000000e-01
Lambda = 9.000000e+00
d0 = 1.000000e+00
omega = 2.200000e+01
gamma_s = 1.000000e-01
initial guesses for R, eta, and delta:
guess for R = 2.635743e-01
guess for eta = 6.328160e+00
guess for delta = 8.084130e-01
estimated ranges of R, eta, and delta:
upper bound estimate of R = 3.953615e-01
lower bound estimate of R = 1.976807e-01
upper bound estimate of eta = 6.428160e+00
lower bound estimate of eta = 6.308160e+00
upper bound estimate of delta = 8.180000e-01
lower bound estimate of delta = 7.679923e-01
    iteration	            R	          eta	        delta	            E	         dEdR	       dEdeta	     dEddelta	    grad norm
minimum found at:
            7	 2.649050e-01	 6.326670e+00	 8.082784e-01	-3.301506e+00	-2.602193e-07	 3.046945e-08	 3.161431e-07	 4.105958e-07
psi(R) = 1.75e-01
parameter values for minimization:
K33 = 3.000000e+01
k24 = 6.000000e-01
Lambda = 1.000000e+01
d0 = 1.000000e+00
omega = 2.200000e+01
gamma_s = 1.000000e-01
initial guesses for R, eta, and delta:
guess for R = 2.649050e-01
guess for eta = 6.326670e+00
guess for delta = 8.082784e-01
estimated ranges of R, eta, and delta:
upper bound estimate of R = 3.973575e-01
lower bound estimate of R = 1.986788e-01
upper bound estimate of eta = 6.426670e+00
lower bound estimate of eta = 6.306670e+00
upper bound estimate of delta = 8.180000e-01
lower bound estimate of delta = 7.678645e-01
    iteration	            R	          eta	        delta	            E	         dEdR	       dEdeta	     dEddelta	    grad norm
minimum found at:
            6	 2.670777e-01	 6.325381e+00	 8.081936e-01	-3.286259e+00	 1.639156e-09	-6.167906e-10	 1.567826e-07	 1.567924e-07
psi(R) = 1.72e-01
parameter values for minimization:
K33 = 3.000000e+01
k24 = 6.000000e-01
Lambda = 1.100000e+01
d0 = 1.000000e+00
omega = 2.200000e+01
gamma_s = 1.000000e-01
initial guesses for R, eta, and delta:
guess for R = 2.670777e-01
guess for eta = 6.325381e+00
guess for delta = 8.081936e-01
estimated ranges of R, eta, and delta:
upper bound estimate of R = 4.006165e-01
lower bound estimate of R = 2.003083e-01
upper bound estimate of eta = 6.425381e+00
lower bound estimate of eta = 6.305381e+00
upper bound estimate of delta = 8.180000e-01
lower bound estimate of delta = 7.677839e-01
    iteration	            R	          eta	        delta	            E	         dEdR	       dEdeta	     dEddelta	    grad norm
minimum found at:
            5	 2.701040e-01	 6.324259e+00	 8.081545e-01	-3.272365e+00	 2.971558e-07	 9.572590e-08	-8.548780e-08	 3.236868e-07
psi(R) = 1.69e-01
parameter values for minimization:
K33 = 3.000000e+01
k24 = 6.000000e-01
Lambda = 1.200000e+01
d0 = 1.000000e+00
omega = 2.200000e+01
gamma_s = 1.000000e-01
initial guesses for R, eta, and delta:
guess for R = 2.701040e-01
guess for eta = 6.324259e+00
guess for delta = 8.081545e-01
estimated ranges of R, eta, and delta:
upper bound estimate of R = 4.051560e-01
lower bound estimate of R = 2.025780e-01
upper bound estimate of eta = 6.424259e+00
lower bound estimate of eta = 6.304259e+00
upper bound estimate of delta = 8.180000e-01
lower bound estimate of delta = 7.677468e-01
    iteration	            R	          eta	        delta	            E	         dEdR	       dEdeta	     dEddelta	    grad norm
minimum found at:
            6	 2.740607e-01	 6.323282e+00	 8.081595e-01	-3.259655e+00	-6.576566e-10	 6.537980e-09	-1.393305e-07	 1.394854e-07
psi(R) = 1.67e-01
parameter values for minimization:
K33 = 3.000000e+01
k24 = 6.000000e-01
Lambda = 1.300000e+01
d0 = 1.000000e+00
omega = 2.200000e+01
gamma_s = 1.000000e-01
initial guesses for R, eta, and delta:
guess for R = 2.740607e-01
guess for eta = 6.323282e+00
guess for delta = 8.081595e-01
estimated ranges of R, eta, and delta:
upper bound estimate of R = 4.110911e-01
lower bound estimate of R = 2.055455e-01
upper bound estimate of eta = 6.423282e+00
lower bound estimate of eta = 6.303282e+00
upper bound estimate of delta = 8.180000e-01
lower bound estimate of delta = 7.677515e-01
    iteration	            R	          eta	        delta	            E	         dEdR	       dEdeta	     dEddelta	    grad norm
a-alpha = 1.631141e-08, fpa = 2.562117e-09
minimum found at:
           13	 2.791073e-01	 6.322436e+00	 8.082092e-01	-3.248000e+00	 6.877717e-08	-1.264421e-07	 1.443518e-08	 1.446592e-07
psi(R) = 1.64e-01
parameter values for minimization:
K33 = 3.000000e+01
k24 = 6.000000e-01
Lambda = 1.400000e+01
d0 = 1.000000e+00
omega = 2.200000e+01
gamma_s = 1.000000e-01
initial guesses for R, eta, and delta:
guess for R = 2.791073e-01
guess for eta = 6.322436e+00
guess for delta = 8.082092e-01
estimated ranges of R, eta, and delta:
upper bound estimate of R = 4.186610e-01
lower bound estimate of R = 2.093305e-01
upper bound estimate of eta = 6.422436e+00
lower bound estimate of eta = 6.302436e+00
upper bound estimate of delta = 8.180000e-01
lower bound estimate of delta = 7.677987e-01
    iteration	            R	          eta	        delta	            E	         dEdR	       dEdeta	     dEddelta	    grad norm
minimum found at:
            9	 2.855330e-01	 6.321719e+00	 8.083078e-01	-3.237301e+00	-1.055787e-07	-3.377545e-07	-7.917328e-07	 8.672173e-07
psi(R) = 1.62e-01
parameter values for minimization:
K33 = 3.000000e+01
k24 = 6.000000e-01
Lambda = 1.500000e+01
d0 = 1.000000e+00
omega = 2.200000e+01
gamma_s = 1.000000e-01
initial guesses for R, eta, and delta:
guess for R = 2.855330e-01
guess for eta = 6.321719e+00
guess for delta = 8.083078e-01
estimated ranges of R, eta, and delta:
upper bound estimate of R = 4.282995e-01
lower bound estimate of R = 2.141497e-01
upper bound estimate of eta = 6.421719e+00
lower bound estimate of eta = 6.301719e+00
upper bound estimate of delta = 8.180000e-01
lower bound estimate of delta = 7.678924e-01
    iteration	            R	          eta	        delta	            E	         dEdR	       dEdeta	     dEddelta	    grad norm
minimum found at:
            8	 2.938708e-01	 6.321138e+00	 8.084646e-01	-3.227490e+00	-1.750230e-07	 7.290465e-08	 2.995597e-07	 3.545196e-07
psi(R) = 1.60e-01
parameter values for minimization:
K33 = 3.000000e+01
k24 = 6.000000e-01
Lambda = 1.600000e+01
d0 = 1.000000e+00
omega = 2.200000e+01
gamma_s = 1.000000e-01
initial guesses for R, eta, and delta:
guess for R = 2.938708e-01
guess for eta = 6.321138e+00
guess for delta = 8.084646e-01
estimated ranges of R, eta, and delta:
upper bound estimate of R = 4.408062e-01
lower bound estimate of R = 2.204031e-01
upper bound estimate of eta = 6.421138e+00
lower bound estimate of eta = 6.301138e+00
upper bound estimate of delta = 8.180000e-01
lower bound estimate of delta = 7.680414e-01
    iteration	            R	          eta	        delta	            E	         dEdR	       dEdeta	     dEddelta	    grad norm
minimum found at:
            9	 3.052134e-01	 6.320726e+00	 8.087003e-01	-3.218526e+00	 7.978986e-08	-3.757488e-07	 1.333075e-06	 1.387314e-06
psi(R) = 1.59e-01
parameter values for minimization:
K33 = 3.000000e+01
k24 = 6.000000e-01
Lambda = 1.700000e+01
d0 = 1.000000e+00
omega = 2.200000e+01
gamma_s = 1.000000e-01
initial guesses for R, eta, and delta:
guess for R = 3.052134e-01
guess for eta = 6.320726e+00
guess for delta = 8.087003e-01
estimated ranges of R, eta, and delta:
upper bound estimate of R = 4.578201e-01
lower bound estimate of R = 2.289101e-01
upper bound estimate of eta = 6.420726e+00
lower bound estimate of eta = 6.300726e+00
upper bound estimate of delta = 8.180000e-01
lower bound estimate of delta = 7.682653e-01
    iteration	            R	          eta	        delta	            E	         dEdR	       dEdeta	     dEddelta	    grad norm
a-alpha = -1.073554e-08, fpa = -2.154689e-09
a-alpha = -1.457113e-08, fpa = -1.547253e-09
a-alpha = -6.735645e-09, fpa = -2.813393e-09
a-alpha = 4.008193e-09, fpa = 6.761772e-09
a-alpha = -1.181336e-08, fpa = -1.098212e-09
a-alpha = -5.720022e-09, fpa = -1.950217e-09
a-alpha = -4.459864e-08, fpa = -2.892694e-09
a-alpha = -1.332386e-08, fpa = -3.247417e-10
minimum found at:
           69	 3.224156e-01	 6.320590e+00	 8.090688e-01	-3.210410e+00	-2.549828e-07	-2.199475e-07	 9.375618e-07	 9.962004e-07
psi(R) = 1.57e-01
parameter values for minimization:
K33 = 3.000000e+01
k24 = 6.000000e-01
Lambda = 1.800000e+01
d0 = 1.000000e+00
omega = 2.200000e+01
gamma_s = 1.000000e-01
initial guesses for R, eta, and delta:
guess for R = 3.224156e-01
guess for eta = 6.320590e+00
guess for delta = 8.090688e-01
estimated ranges of R, eta, and delta:
upper bound estimate of R = 4.836234e-01
lower bound estimate of R = 2.418117e-01
upper bound estimate of eta = 6.420590e+00
lower bound estimate of eta = 6.300590e+00
upper bound estimate of delta = 8.180000e-01
lower bound estimate of delta = 7.686154e-01
    iteration	            R	          eta	        delta	            E	         dEdR	       dEdeta	     dEddelta	    grad norm
a-alpha = 6.280563e-09, fpa = 2.428132e-09
a-alpha = -3.326492e-08, fpa = -4.503338e-10
a-alpha = -4.329814e-08, fpa = -4.152499e-10
a-alpha = 3.115516e-08, fpa = 2.989023e-10
minimum found at:
           36	 3.617733e-01	 6.321376e+00	 8.098634e-01	-3.203267e+00	-2.003018e-07	 2.541177e-07	 4.520208e-07	 5.558952e-07
psi(R) = 1.56e-01
parameter values for minimization:
K33 = 3.000000e+01
k24 = 6.000000e-01
Lambda = 1.900000e+01
d0 = 1.000000e+00
omega = 2.200000e+01
gamma_s = 1.000000e-01
initial guesses for R, eta, and delta:
guess for R = 3.617733e-01
guess for eta = 6.321376e+00
guess for delta = 8.098634e-01
estimated ranges of R, eta, and delta:
upper bound estimate of R = 5.426600e-01
lower bound estimate of R = 2.713300e-01
upper bound estimate of eta = 6.421376e+00
lower bound estimate of eta = 6.301376e+00
upper bound estimate of delta = 8.180000e-01
lower bound estimate of delta = 7.693702e-01
    iteration	            R	          eta	        delta	            E	         dEdR	       dEdeta	     dEddelta	    grad norm
likely a maximizing (vs minimizing) solution for psi(r), as y[1][2]=-1.028622e-03  which usually means high energy.
solvde convergence failed when x = (4.046639e+00,6.473135e+00,8.327687e-01).
Retrying using a constant y value
a-alpha = -7.557871e-08, fpa = -1.049309e-09
a-alpha = 1.493160e-07, fpa = 6.483476e-10
minimum found at:
           39	 1.425060e+00	 6.364593e+00	 8.152756e-01	-3.206176e+00	 1.571244e-07	 5.462297e-07	 6.270670e-07	 8.463262e-07
psi(R) = 1.90e-01
parameter values for minimization:
K33 = 3.000000e+01
k24 = 6.000000e-01
Lambda = 2.000000e+01
d0 = 1.000000e+00
omega = 2.200000e+01
gamma_s = 1.000000e-01
initial guesses for R, eta, and delta:
guess for R = 1.425060e+00
guess for eta = 6.364593e+00
guess for delta = 8.152756e-01
estimated ranges of R, eta, and delta:
upper bound estimate of R = 2.137590e+00
lower bound estimate of R = 1.068795e+00
upper bound estimate of eta = 6.464593e+00
lower bound estimate of eta = 6.344593e+00
upper bound estimate of delta = 8.180000e-01
lower bound estimate of delta = 8.100000e-01
    iteration	            R	          eta	        delta	            E	         dEdR	       dEdeta	     dEddelta	    grad norm
minimum found at:
           18	 1.536846e+00	 6.368069e+00	 8.154005e-01	-3.205115e+00	 4.404348e-08	 4.897317e-07	-7.234953e-07	 8.747700e-07
psi(R) = 1.92e-01
parameter values for minimization:
K33 = 3.000000e+01
k24 = 6.000000e-01
Lambda = 2.100000e+01
d0 = 1.000000e+00
omega = 2.200000e+01
gamma_s = 1.000000e-01
initial guesses for R, eta, and delta:
guess for R = 1.536846e+00
guess for eta = 6.368069e+00
guess for delta = 8.154005e-01
estimated ranges of R, eta, and delta:
upper bound estimate of R = 2.305269e+00
lower bound estimate of R = 1.152635e+00
upper bound estimate of eta = 6.468069e+00
lower bound estimate of eta = 6.348069e+00
upper bound estimate of delta = 8.180000e-01
lower bound estimate of delta = 8.100000e-01
    iteration	            R	          eta	        delta	            E	         dEdR	       dEdeta	     dEddelta	    grad norm
a-alpha = 5.397196e-09, fpa = 2.310174e-09
minimum found at:
           35	 1.635078e+00	 6.370997e+00	 8.154949e-01	-3.204200e+00	-1.334360e-08	 2.245118e-08	 2.362925e-06	 2.363069e-06
psi(R) = 1.94e-01
parameter values for minimization:
K33 = 3.000000e+01
k24 = 6.000000e-01
Lambda = 2.200000e+01
d0 = 1.000000e+00
omega = 2.200000e+01
gamma_s = 1.000000e-01
initial guesses for R, eta, and delta:
guess for R = 1.635078e+00
guess for eta = 6.370997e+00
guess for delta = 8.154949e-01
estimated ranges of R, eta, and delta:
upper bound estimate of R = 2.452617e+00
lower bound estimate of R = 1.226309e+00
upper bound estimate of eta = 6.470997e+00
lower bound estimate of eta = 6.350997e+00
upper bound estimate of delta = 8.180000e-01
lower bound estimate of delta = 8.100000e-01
    iteration	            R	          eta	        delta	            E	         dEdR	       dEdeta	     dEddelta	    grad norm
minimum found at:
           29	 1.723450e+00	 6.373537e+00	 8.155697e-01	-3.203397e+00	 3.258008e-08	 3.162902e-07	 3.865426e-06	 3.878482e-06
psi(R) = 1.95e-01
parameter values for minimization:
K33 = 3.000000e+01
k24 = 6.000000e-01
Lambda = 2.300000e+01
d0 = 1.000000e+00
omega = 2.200000e+01
gamma_s = 1.000000e-01
initial guesses for R, eta, and delta:
guess for R = 1.723450e+00
guess for eta = 6.373537e+00
guess for delta = 8.155697e-01
estimated ranges of R, eta, and delta:
upper bound estimate of R = 2.585175e+00
lower bound estimate of R = 1.292588e+00
upper bound estimate of eta = 6.473537e+00
lower bound estimate of eta = 6.353537e+00
upper bound estimate of delta = 8.180000e-01
lower bound estimate of delta = 8.100000e-01
    iteration	            R	          eta	        delta	            E	         dEdR	       dEdeta	     dEddelta	    grad norm
minimum found at:
           16	 1.804125e+00	 6.375782e+00	 8.156307e-01	-3.202684e+00	 5.489041e-08	-3.042011e-07	-2.671937e-06	 2.689758e-06
psi(R) = 1.96e-01
parameter values for minimization:
K33 = 3.000000e+01
k24 = 6.000000e-01
Lambda = 2.400000e+01
d0 = 1.000000e+00
omega = 2.200000e+01
gamma_s = 1.000000e-01
initial guesses for R, eta, and delta:
guess for R = 1.804125e+00
guess for eta = 6.375782e+00
guess for delta = 8.156307e-01
estimated ranges of R, eta, and delta:
upper bound estimate of R = 2.706187e+00
lower bound estimate of R = 1.353094e+00
upper bound estimate of eta = 6.475782e+00
lower bound estimate of eta = 6.355782e+00
upper bound estimate of delta = 8.180000e-01
lower bound estimate of delta = 8.100000e-01
    iteration	            R	          eta	        delta	            E	         dEdR	       dEdeta	     dEddelta	    grad norm
minimum found at:
           20	 1.878563e+00	 6.377795e+00	 8.156820e-01	-3.202043e+00	 4.188962e-08	 3.790795e-07	 2.646032e-07	 4.641884e-07
psi(R) = 1.97e-01
parameter values for minimization:
K33 = 3.000000e+01
k24 = 6.000000e-01
Lambda = 2.500000e+01
d0 = 1.000000e+00
omega = 2.200000e+01
gamma_s = 1.000000e-01
initial guesses for R, eta, and delta:
guess for R = 1.878563e+00
guess for eta = 6.377795e+00
guess for delta = 8.156820e-01
estimated ranges of R, eta, and delta:
upper bound estimate of R = 2.817845e+00
lower bound estimate of R = 1.408922e+00
upper bound estimate of eta = 6.477795e+00
lower bound estimate of eta = 6.357795e+00
upper bound estimate of delta = 8.180000e-01
lower bound estimate of delta = 8.100000e-01
    iteration	            R	          eta	        delta	            E	         dEdR	       dEdeta	     dEddelta	    grad norm
minimum found at:
           22	 1.947766e+00	 6.379618e+00	 8.157256e-01	-3.201464e+00	-3.613218e-08	-1.168201e-07	-4.041212e-06	 4.043061e-06
psi(R) = 1.98e-01
parameter values for minimization:
K33 = 3.000000e+01
k24 = 6.000000e-01
Lambda = 2.600000e+01
d0 = 1.000000e+00
omega = 2.200000e+01
gamma_s = 1.000000e-01
initial guesses for R, eta, and delta:
guess for R = 1.947766e+00
guess for eta = 6.379618e+00
guess for delta = 8.157256e-01
estimated ranges of R, eta, and delta:
upper bound estimate of R = 2.921649e+00
lower bound estimate of R = 1.460825e+00
upper bound estimate of eta = 6.479618e+00
lower bound estimate of eta = 6.359618e+00
upper bound estimate of delta = 8.180000e-01
lower bound estimate of delta = 8.100000e-01
    iteration	            R	          eta	        delta	            E	         dEdR	       dEdeta	     dEddelta	    grad norm
minimum found at:
           14	 2.012539e+00	 6.381285e+00	 8.157634e-01	-3.200935e+00	-1.037650e-08	-1.279224e-07	-2.655283e-06	 2.658383e-06
psi(R) = 1.99e-01
parameter values for minimization:
K33 = 3.000000e+01
k24 = 6.000000e-01
Lambda = 2.700000e+01
d0 = 1.000000e+00
omega = 2.200000e+01
gamma_s = 1.000000e-01
initial guesses for R, eta, and delta:
guess for R = 2.012539e+00
guess for eta = 6.381285e+00
guess for delta = 8.157634e-01
estimated ranges of R, eta, and delta:
upper bound estimate of R = 3.018808e+00
lower bound estimate of R = 1.509404e+00
upper bound estimate of eta = 6.481285e+00
lower bound estimate of eta = 6.361285e+00
upper bound estimate of delta = 8.180000e-01
lower bound estimate of delta = 8.100000e-01
    iteration	            R	          eta	        delta	            E	         dEdR	       dEdeta	     dEddelta	    grad norm
minimum found at:
           19	 2.073446e+00	 6.382817e+00	 8.157966e-01	-3.200451e+00	 1.004254e-08	-3.428122e-07	 3.145632e-07	 4.653720e-07
psi(R) = 2.00e-01
parameter values for minimization:
K33 = 3.000000e+01
k24 = 6.000000e-01
Lambda = 2.800000e+01
d0 = 1.000000e+00
omega = 2.200000e+01
gamma_s = 1.000000e-01
initial guesses for R, eta, and delta:
guess for R = 2.073446e+00
guess for eta = 6.382817e+00
guess for delta = 8.157966e-01
estimated ranges of R, eta, and delta:
upper bound estimate of R = 3.110169e+00
lower bound estimate of R = 1.555084e+00
upper bound estimate of eta = 6.482817e+00
lower bound estimate of eta = 6.362817e+00
upper bound estimate of delta = 8.180000e-01
lower bound estimate of delta = 8.100000e-01
ss=2.667963090021e+21, lastss = 3.042928139748e+21
tol = 6.630983814780e-14
failed to integrate at x = (2.073446e+00,6.382817e+00,8.157966e-01)
solvde convergence failed when x = (2.073446e+00,6.382817e+00,8.157966e-01).
Retrying using a constant y value
    iteration	            R	          eta	        delta	            E	         dEdR	       dEdeta	     dEddelta	    grad norm
minimum found at:
           13	 2.130964e+00	 6.384235e+00	 8.158259e-01	-3.200004e+00	 3.160335e-08	 4.426089e-07	-1.245300e-06	 1.321996e-06
psi(R) = 2.00e-01
parameter values for minimization:
K33 = 3.000000e+01
k24 = 6.000000e-01
Lambda = 2.900000e+01
d0 = 1.000000e+00
omega = 2.200000e+01
gamma_s = 1.000000e-01
initial guesses for R, eta, and delta:
guess for R = 2.130964e+00
guess for eta = 6.384235e+00
guess for delta = 8.158259e-01
estimated ranges of R, eta, and delta:
upper bound estimate of R = 3.196446e+00
lower bound estimate of R = 1.598223e+00
upper bound estimate of eta = 6.484235e+00
lower bound estimate of eta = 6.364235e+00
upper bound estimate of delta = 8.180000e-01
lower bound estimate of delta = 8.100000e-01
    iteration	            R	          eta	        delta	            E	         dEdR	       dEdeta	     dEddelta	    grad norm
minimum found at:
           10	 2.185443e+00	 6.385552e+00	 8.158521e-01	-3.199591e+00	-7.326357e-09	-4.366877e-08	 3.314016e-06	 3.314312e-06
psi(R) = 2.01e-01
parameter values for minimization:
K33 = 3.000000e+01
k24 = 6.000000e-01
Lambda = 3.000000e+01
d0 = 1.000000e+00
omega = 2.200000e+01
gamma_s = 1.000000e-01
initial guesses for R, eta, and delta:
guess for R = 2.185443e+00
guess for eta = 6.385552e+00
guess for delta = 8.158521e-01
estimated ranges of R, eta, and delta:
upper bound estimate of R = 3.278164e+00
lower bound estimate of R = 1.639082e+00
upper bound estimate of eta = 6.485552e+00
lower bound estimate of eta = 6.365552e+00
upper bound estimate of delta = 8.180000e-01
lower bound estimate of delta = 8.100000e-01
    iteration	            R	          eta	        delta	            E	         dEdR	       dEdeta	     dEddelta	    grad norm
minimum found at:
           14	 2.237244e+00	 6.386783e+00	 8.158756e-01	-3.199206e+00	 2.755437e-08	 4.350841e-07	 3.926489e-06	 3.950617e-06
psi(R) = 2.01e-01
parameter values for minimization:
K33 = 3.000000e+01
k24 = 6.000000e-01
Lambda = 3.100000e+01
d0 = 1.000000e+00
omega = 2.200000e+01
gamma_s = 1.000000e-01
initial guesses for R, eta, and delta:
guess for R = 2.237244e+00
guess for eta = 6.386783e+00
guess for delta = 8.158756e-01
estimated ranges of R, eta, and delta:
upper bound estimate of R = 3.355866e+00
lower bound estimate of R = 1.677933e+00
upper bound estimate of eta = 6.486783e+00
lower bound estimate of eta = 6.366783e+00
upper bound estimate of delta = 8.180000e-01
lower bound estimate of delta = 8.100000e-01
likely a maximizing (vs minimizing) solution for psi(r), as y[1][2]=-2.250459e-04  which usually means high energy.
solvde convergence failed when x = (2.237244e+00,6.386783e+00,8.158756e-01).
Retrying using a constant y value
    iteration	            R	          eta	        delta	            E	         dEdR	       dEdeta	     dEddelta	    grad norm
minimum found at:
           18	 2.286595e+00	 6.387935e+00	 8.158967e-01	-3.198847e+00	 3.584439e-08	 1.925620e-07	-2.444341e-06	 2.452176e-06
psi(R) = 2.02e-01
parameter values for minimization:
K33 = 3.000000e+01
k24 = 6.000000e-01
Lambda = 3.200000e+01
d0 = 1.000000e+00
omega = 2.200000e+01
gamma_s = 1.000000e-01
initial guesses for R, eta, and delta:
guess for R = 2.286595e+00
guess for eta = 6.387935e+00
guess for delta = 8.158967e-01
estimated ranges of R, eta, and delta:
upper bound estimate of R = 3.429893e+00
lower bound estimate of R = 1.714946e+00
upper bound estimate of eta = 6.487935e+00
lower bound estimate of eta = 6.367935e+00
upper bound estimate of delta = 8.180000e-01
lower bound estimate of delta = 8.100000e-01
    iteration	            R	          eta	        delta	            E	         dEdR	       dEdeta	     dEddelta	    grad norm
minimum found at:
           10	 2.333718e+00	 6.389017e+00	 8.159159e-01	-3.198512e+00	-1.068610e-08	 1.493867e-07	-7.214599e-06	 7.216154e-06
psi(R) = 2.02e-01
parameter values for minimization:
K33 = 3.000000e+01
k24 = 6.000000e-01
Lambda = 3.300000e+01
d0 = 1.000000e+00
omega = 2.200000e+01
gamma_s = 1.000000e-01
initial guesses for R, eta, and delta:
guess for R = 2.333718e+00
guess for eta = 6.389017e+00
guess for delta = 8.159159e-01
estimated ranges of R, eta, and delta:
upper bound estimate of R = 3.500577e+00
lower bound estimate of R = 1.750289e+00
upper bound estimate of eta = 6.489017e+00
lower bound estimate of eta = 6.369017e+00
upper bound estimate of delta = 8.180000e-01
lower bound estimate of delta = 8.100000e-01
    iteration	            R	          eta	        delta	            E	         dEdR	       dEdeta	     dEddelta	    grad norm
a-alpha = 2.047070e-08, fpa = 2.275274e-09
minimum found at:
           13	 2.378837e+00	 6.390038e+00	 8.159338e-01	-3.198196e+00	-3.602873e-09	 2.478265e-07	 2.599772e-06	 2.611560e-06
psi(R) = 2.03e-01
parameter values for minimization:
K33 = 3.000000e+01
k24 = 6.000000e-01
Lambda = 3.400000e+01
d0 = 1.000000e+00
omega = 2.200000e+01
gamma_s = 1.000000e-01
initial guesses for R, eta, and delta:
guess for R = 2.378837e+00
guess for eta = 6.390038e+00
guess for delta = 8.159338e-01
estimated ranges of R, eta, and delta:
upper bound estimate of R = 3.568255e+00
lower bound estimate of R = 1.784128e+00
upper bound estimate of eta = 6.490038e+00
lower bound estimate of eta = 6.370038e+00
upper bound estimate of delta = 8.180000e-01
lower bound estimate of delta = 8.100000e-01
    iteration	            R	          eta	        delta	            E	         dEdR	       dEdeta	     dEddelta	    grad norm
minimum found at:
            7	 2.422098e+00	 6.391002e+00	 8.159500e-01	-3.197899e+00	-1.476873e-09	-2.948259e-08	 2.775558e-08	 4.051884e-08
psi(R) = 2.03e-01
parameter values for minimization:
K33 = 3.000000e+01
k24 = 6.000000e-01
Lambda = 3.500000e+01
d0 = 1.000000e+00
omega = 2.200000e+01
gamma_s = 1.000000e-01
initial guesses for R, eta, and delta:
guess for R = 2.422098e+00
guess for eta = 6.391002e+00
guess for delta = 8.159500e-01
estimated ranges of R, eta, and delta:
upper bound estimate of R = 3.633147e+00
lower bound estimate of R = 1.816574e+00
upper bound estimate of eta = 6.491002e+00
lower bound estimate of eta = 6.371002e+00
upper bound estimate of delta = 8.180000e-01
lower bound estimate of delta = 8.100000e-01
    iteration	            R	          eta	        delta	            E	         dEdR	       dEdeta	     dEddelta	    grad norm
minimum found at:
            7	 2.463652e+00	 6.391916e+00	 8.159649e-01	-3.197619e+00	-6.315354e-09	-1.366808e-07	-4.366877e-07	 4.576218e-07
psi(R) = 2.04e-01
parameter values for minimization:
K33 = 3.000000e+01
k24 = 6.000000e-01
Lambda = 3.600000e+01
d0 = 1.000000e+00
omega = 2.200000e+01
gamma_s = 1.000000e-01
initial guesses for R, eta, and delta:
guess for R = 2.463652e+00
guess for eta = 6.391916e+00
guess for delta = 8.159649e-01
estimated ranges of R, eta, and delta:
upper bound estimate of R = 3.695478e+00
lower bound estimate of R = 1.847739e+00
upper bound estimate of eta = 6.491916e+00
lower bound estimate of eta = 6.371916e+00
upper bound estimate of delta = 8.180000e-01
lower bound estimate of delta = 8.100000e-01
likely a maximizing (vs minimizing) solution for psi(r), as y[1][2]=-4.525614e-04  which usually means high energy.
solvde convergence failed when x = (2.463652e+00,6.391916e+00,8.159649e-01).
Retrying using a constant y value
    iteration	            R	          eta	        delta	            E	         dEdR	       dEdeta	     dEddelta	    grad norm
minimum found at:
            6	 2.503643e+00	 6.392783e+00	 8.159789e-01	-3.197354e+00	 2.713461e-08	 1.111457e-07	 6.330122e-06	 6.331155e-06
psi(R) = 2.04e-01
parameter values for minimization:
K33 = 3.000000e+01
k24 = 6.000000e-01
Lambda = 3.700000e+01
d0 = 1.000000e+00
omega = 2.200000e+01
gamma_s = 1.000000e-01
initial guesses for R, eta, and delta:
guess for R = 2.503643e+00
guess for eta = 6.392783e+00
guess for delta = 8.159789e-01
estimated ranges of R, eta, and delta:
upper bound estimate of R = 3.755464e+00
lower bound estimate of R = 1.877732e+00
upper bound estimate of eta = 6.492783e+00
lower bound estimate of eta = 6.372783e+00
upper bound estimate of delta = 8.180000e-01
lower bound estimate of delta = 8.100000e-01
ss=1.122679854595e+22, lastss = 5.112903562052e+20
tol = 9.707117720397e-14
failed to integrate at x = (2.503643e+00,6.392783e+00,8.159789e-01)
solvde convergence failed when x = (2.503643e+00,6.392783e+00,8.159789e-01).
Retrying using a constant y value
    iteration	            R	          eta	        delta	            E	         dEdR	       dEdeta	     dEddelta	    grad norm
minimum found at:
            7	 2.542144e+00	 6.393608e+00	 8.159915e-01	-3.197103e+00	-2.204996e-08	 2.549812e-07	-4.738802e-06	 4.745708e-06
psi(R) = 2.05e-01
parameter values for minimization:
K33 = 3.000000e+01
k24 = 6.000000e-01
Lambda = 3.800000e+01
d0 = 1.000000e+00
omega = 2.200000e+01
gamma_s = 1.000000e-01
initial guesses for R, eta, and delta:
guess for R = 2.542144e+00
guess for eta = 6.393608e+00
guess for delta = 8.159915e-01
estimated ranges of R, eta, and delta:
upper bound estimate of R = 3.813216e+00
lower bound estimate of R = 1.906608e+00
upper bound estimate of eta = 6.493608e+00
lower bound estimate of eta = 6.373608e+00
upper bound estimate of delta = 8.180000e-01
lower bound estimate of delta = 8.100000e-01
    iteration	            R	          eta	        delta	            E	         dEdR	       dEdeta	     dEddelta	    grad norm
minimum found at:
           11	 2.579310e+00	 6.394394e+00	 8.160038e-01	-3.196864e+00	 2.085420e-08	-1.051011e-07	 6.472600e-06	 6.473487e-06
psi(R) = 2.05e-01
parameter values for minimization:
K33 = 3.000000e+01
k24 = 6.000000e-01
Lambda = 3.900000e+01
d0 = 1.000000e+00
omega = 2.200000e+01
gamma_s = 1.000000e-01
initial guesses for R, eta, and delta:
guess for R = 2.579310e+00
guess for eta = 6.394394e+00
guess for delta = 8.160038e-01
estimated ranges of R, eta, and delta:
upper bound estimate of R = 3.868965e+00
lower bound estimate of R = 1.934483e+00
upper bound estimate of eta = 6.494394e+00
lower bound estimate of eta = 6.374394e+00
upper bound estimate of delta = 8.180000e-01
lower bound estimate of delta = 8.100000e-01
ss=1.945626954830e+21, lastss = 1.813275740444e+02
tol = 1.030875267497e-13
failed to integrate at x = (2.579310e+00,6.394394e+00,8.160038e-01)
solvde convergence failed when x = (2.579310e+00,6.394394e+00,8.160038e-01).
Retrying using a constant y value
    iteration	            R	          eta	        delta	            E	         dEdR	       dEdeta	     dEddelta	    grad norm
minimum found at:
            9	 2.615185e+00	 6.395144e+00	 8.160149e-01	-3.196637e+00	 3.206256e-09	-5.248888e-07	 5.947095e-06	 5.970214e-06
psi(R) = 2.05e-01
parameter values for minimization:
K33 = 3.000000e+01
k24 = 6.000000e-01
Lambda = 4.000000e+01
d0 = 1.000000e+00
omega = 2.200000e+01
gamma_s = 1.000000e-01
initial guesses for R, eta, and delta:
guess for R = 2.615185e+00
guess for eta = 6.395144e+00
guess for delta = 8.160149e-01
estimated ranges of R, eta, and delta:
upper bound estimate of R = 3.922777e+00
lower bound estimate of R = 1.961389e+00
upper bound estimate of eta = 6.495144e+00
lower bound estimate of eta = 6.375144e+00
upper bound estimate of delta = 8.180000e-01
lower bound estimate of delta = 8.100000e-01
    iteration	            R	          eta	        delta	            E	         dEdR	       dEdeta	     dEddelta	    grad norm
minimum found at:
           11	 2.649889e+00	 6.395862e+00	 8.160253e-01	-3.196421e+00	 3.969822e-09	 6.525644e-08	 7.716050e-07	 7.743697e-07
psi(R) = 2.06e-01
parameter values for minimization:
K33 = 3.000000e+01
k24 = 6.000000e-01
Lambda = 4.100000e+01
d0 = 1.000000e+00
omega = 2.200000e+01
gamma_s = 1.000000e-01
initial guesses for R, eta, and delta:
guess for R = 2.649889e+00
guess for eta = 6.395862e+00
guess for delta = 8.160253e-01
estimated ranges of R, eta, and delta:
upper bound estimate of R = 3.974833e+00
lower bound estimate of R = 1.987417e+00
upper bound estimate of eta = 6.495862e+00
lower bound estimate of eta = 6.375862e+00
upper bound estimate of delta = 8.180000e-01
lower bound estimate of delta = 8.100000e-01
    iteration	            R	          eta	        delta	            E	         dEdR	       dEdeta	     dEddelta	    grad norm
minimum found at:
            7	 2.683470e+00	 6.396549e+00	 8.160351e-01	-3.196214e+00	-5.452192e-09	 3.170304e-08	 6.439294e-07	 6.447324e-07
psi(R) = 2.06e-01
parameter values for minimization:
K33 = 3.000000e+01
k24 = 6.000000e-01
Lambda = 4.200000e+01
d0 = 1.000000e+00
omega = 2.200000e+01
gamma_s = 1.000000e-01
initial guesses for R, eta, and delta:
guess for R = 2.683470e+00
guess for eta = 6.396549e+00
guess for delta = 8.160351e-01
estimated ranges of R, eta, and delta:
upper bound estimate of R = 4.025205e+00
lower bound estimate of R = 2.012602e+00
upper bound estimate of eta = 6.496549e+00
lower bound estimate of eta = 6.376549e+00
upper bound estimate of delta = 8.180000e-01
lower bound estimate of delta = 8.100000e-01
    iteration	            R	          eta	        delta	            E	         dEdR	       dEdeta	     dEddelta	    grad norm
minimum found at:
            7	 2.716013e+00	 6.397207e+00	 8.160444e-01	-3.196017e+00	 1.007654e-09	 1.023872e-08	 1.395180e-06	 1.395218e-06
psi(R) = 2.06e-01
parameter values for minimization:
K33 = 3.000000e+01
k24 = 6.000000e-01
Lambda = 4.300000e+01
d0 = 1.000000e+00
omega = 2.200000e+01
gamma_s = 1.000000e-01
initial guesses for R, eta, and delta:
guess for R = 2.716013e+00
guess for eta = 6.397207e+00
guess for delta = 8.160444e-01
estimated ranges of R, eta, and delta:
upper bound estimate of R = 4.074019e+00
lower bound estimate of R = 2.037010e+00
upper bound estimate of eta = 6.497207e+00
lower bound estimate of eta = 6.377207e+00
upper bound estimate of delta = 8.180000e-01
lower bound estimate of delta = 8.100000e-01
    iteration	            R	          eta	        delta	            E	         dEdR	       dEdeta	     dEddelta	    grad norm
minimum found at:
            7	 2.747578e+00	 6.397840e+00	 8.160532e-01	-3.195828e+00	 1.768064e-08	 2.089686e-07	 3.362125e-06	 3.368660e-06
psi(R) = 2.06e-01
parameter values for minimization:
K33 = 3.000000e+01
k24 = 6.000000e-01
Lambda = 4.400000e+01
d0 = 1.000000e+00
omega = 2.200000e+01
gamma_s = 1.000000e-01
initial guesses for R, eta, and delta:
guess for R = 2.747578e+00
guess for eta = 6.397840e+00
guess for delta = 8.160532e-01
estimated ranges of R, eta, and delta:
upper bound estimate of R = 4.121367e+00
lower bound estimate of R = 2.060683e+00
upper bound estimate of eta = 6.497840e+00
lower bound estimate of eta = 6.377840e+00
upper bound estimate of delta = 8.180000e-01
lower bound estimate of delta = 8.100000e-01
likely a maximizing (vs minimizing) solution for psi(r), as y[1][2]=-7.420163e-04  which usually means high energy.
solvde convergence failed when x = (2.747578e+00,6.397840e+00,8.160532e-01).
Retrying using a constant y value
    iteration	            R	          eta	        delta	            E	         dEdR	       dEdeta	     dEddelta	    grad norm
a-alpha = -3.532702e-07, fpa = -1.690242e-10
minimum found at:
           12	 2.778186e+00	 6.398446e+00	 8.160613e-01	-3.195646e+00	-1.826771e-08	-3.518173e-07	 1.276756e-07	 3.747135e-07
psi(R) = 2.07e-01
parameter values for minimization:
K33 = 3.000000e+01
k24 = 6.000000e-01
Lambda = 4.500000e+01
d0 = 1.000000e+00
omega = 2.200000e+01
gamma_s = 1.000000e-01
initial guesses for R, eta, and delta:
guess for R = 2.778186e+00
guess for eta = 6.398446e+00
guess for delta = 8.160613e-01
estimated ranges of R, eta, and delta:
upper bound estimate of R = 4.167279e+00
lower bound estimate of R = 2.083639e+00
upper bound estimate of eta = 6.498446e+00
lower bound estimate of eta = 6.378446e+00
upper bound estimate of delta = 8.180000e-01
lower bound estimate of delta = 8.100000e-01
    iteration	            R	          eta	        delta	            E	         dEdR	       dEdeta	     dEddelta	    grad norm
minimum found at:
           14	 2.807941e+00	 6.399031e+00	 8.160692e-01	-3.195473e+00	-9.796945e-09	-4.484067e-07	 3.260355e-06	 3.291060e-06
psi(R) = 2.07e-01
parameter values for minimization:
K33 = 3.000000e+01
k24 = 6.000000e-01
Lambda = 4.600000e+01
d0 = 1.000000e+00
omega = 2.200000e+01
gamma_s = 1.000000e-01
initial guesses for R, eta, and delta:
guess for R = 2.807941e+00
guess for eta = 6.399031e+00
guess for delta = 8.160692e-01
estimated ranges of R, eta, and delta:
upper bound estimate of R = 4.211912e+00
lower bound estimate of R = 2.105956e+00
upper bound estimate of eta = 6.499031e+00
lower bound estimate of eta = 6.379031e+00
upper bound estimate of delta = 8.180000e-01
lower bound estimate of delta = 8.100000e-01
    iteration	            R	          eta	        delta	            E	         dEdR	       dEdeta	     dEddelta	    grad norm
minimum found at:
            7	 2.836871e+00	 6.399594e+00	 8.160765e-01	-3.195306e+00	-3.795714e-09	 3.848773e-08	 1.391480e-06	 1.392017e-06
psi(R) = 2.07e-01
parameter values for minimization:
K33 = 3.000000e+01
k24 = 6.000000e-01
Lambda = 4.700000e+01
d0 = 1.000000e+00
omega = 2.200000e+01
gamma_s = 1.000000e-01
initial guesses for R, eta, and delta:
guess for R = 2.836871e+00
guess for eta = 6.399594e+00
guess for delta = 8.160765e-01
estimated ranges of R, eta, and delta:
upper bound estimate of R = 4.255306e+00
lower bound estimate of R = 2.127653e+00
upper bound estimate of eta = 6.499594e+00
lower bound estimate of eta = 6.379594e+00
upper bound estimate of delta = 8.180000e-01
lower bound estimate of delta = 8.100000e-01
    iteration	            R	          eta	        delta	            E	         dEdR	       dEdeta	     dEddelta	    grad norm
minimum found at:
            7	 2.865011e+00	 6.400137e+00	 8.160835e-01	-3.195145e+00	 1.175804e-09	 2.738550e-08	-5.310567e-07	 5.317636e-07
psi(R) = 2.07e-01
parameter values for minimization:
K33 = 3.000000e+01
k24 = 6.000000e-01
Lambda = 4.800000e+01
d0 = 1.000000e+00
omega = 2.200000e+01
gamma_s = 1.000000e-01
initial guesses for R, eta, and delta:
guess for R = 2.865011e+00
guess for eta = 6.400137e+00
guess for delta = 8.160835e-01
estimated ranges of R, eta, and delta:
upper bound estimate of R = 4.297517e+00
lower bound estimate of R = 2.148758e+00
upper bound estimate of eta = 6.500137e+00
lower bound estimate of eta = 6.380137e+00
upper bound estimate of delta = 8.180000e-01
lower bound estimate of delta = 8.100000e-01
ss=8.125762984449e+18, lastss = 1.464070809957e+19
tol = 1.274379053787e-13
failed to integrate at x = (2.865011e+00,6.400137e+00,8.160835e-01)
solvde convergence failed when x = (2.865011e+00,6.400137e+00,8.160835e-01).
Retrying using a constant y value
    iteration	            R	          eta	        delta	            E	         dEdR	       dEdeta	     dEddelta	    grad norm
minimum found at:
            6	 2.892399e+00	 6.400660e+00	 8.160903e-01	-3.194990e+00	 2.893415e-10	-2.889047e-07	 2.381428e-06	 2.398889e-06
psi(R) = 2.08e-01
parameter values for minimization:
K33 = 3.000000e+01
k24 = 6.000000e-01
Lambda = 4.900000e+01
d0 = 1.000000e+00
omega = 2.200000e+01
gamma_s = 1.000000e-01
initial guesses for R, eta, and delta:
guess for R = 2.892399e+00
guess for eta = 6.400660e+00
guess for delta = 8.160903e-01
estimated ranges of R, eta, and delta:
upper bound estimate of R = 4.338598e+00
lower bound estimate of R = 2.169299e+00
upper bound estimate of eta = 6.500660e+00
lower bound estimate of eta = 6.380660e+00
upper bound estimate of delta = 8.180000e-01
lower bound estimate of delta = 8.100000e-01
    iteration	            R	          eta	        delta	            E	         dEdR	       dEdeta	     dEddelta	    grad norm
minimum found at:
            7	 2.919091e+00	 6.401166e+00	 8.160967e-01	-3.194841e+00	 1.011977e-08	 6.587323e-08	 4.152234e-06	 4.152769e-06
psi(R) = 2.08e-01
parameter values for minimization:
K33 = 3.000000e+01
k24 = 6.000000e-01
Lambda = 5.000000e+01
d0 = 1.000000e+00
omega = 2.200000e+01
gamma_s = 1.000000e-01
initial guesses for R, eta, and delta:
guess for R = 2.919091e+00
guess for eta = 6.401166e+00
guess for delta = 8.160967e-01
estimated ranges of R, eta, and delta:
upper bound estimate of R = 4.378636e+00
lower bound estimate of R = 2.189318e+00
upper bound estimate of eta = 6.501166e+00
lower bound estimate of eta = 6.381166e+00
upper bound estimate of delta = 8.180000e-01
lower bound estimate of delta = 8.100000e-01
ss=1.199439156215e+20, lastss = 6.578226336908e+20
tol = 1.323379971316e-13
failed to integrate at x = (2.919091e+00,6.401166e+00,8.160967e-01)
solvde convergence failed when x = (2.919091e+00,6.401166e+00,8.160967e-01).
Retrying using a constant y value
    iteration	            R	          eta	        delta	            E	         dEdR	       dEdeta	     dEddelta	    grad norm
minimum found at:
            7	 2.945095e+00	 6.401655e+00	 8.161026e-01	-3.194697e+00	-3.718799e-10	-3.454027e-09	 2.386980e-07	 2.387232e-07
psi(R) = 2.08e-01
parameter values for minimization:
K33 = 3.000000e+01
k24 = 6.000000e-01
Lambda = 5.100000e+01
d0 = 1.000000e+00
omega = 2.200000e+01
gamma_s = 1.000000e-01
initial guesses for R, eta, and delta:
guess for R = 2.945095e+00
guess for eta = 6.401655e+00
guess for delta = 8.161026e-01
estimated ranges of R, eta, and delta:
upper bound estimate of R = 4.417642e+00
lower bound estimate of R = 2.208821e+00
upper bound estimate of eta = 6.501655e+00
lower bound estimate of eta = 6.381655e+00
upper bound estimate of delta = 8.180000e-01
lower bound estimate of delta = 8.100000e-01
ss=1.014695750597e+18, lastss = 4.761441381633e+18
tol = 1.347271357608e-13
failed to integrate at x = (2.945095e+00,6.401655e+00,8.161026e-01)
solvde convergence failed when x = (2.945095e+00,6.401655e+00,8.161026e-01).
Retrying using a constant y value
    iteration	            R	          eta	        delta	            E	         dEdR	       dEdeta	     dEddelta	    grad norm
minimum found at:
           16	 2.970465e+00	 6.402128e+00	 8.161084e-01	-3.194558e+00	 3.324069e-09	 2.800229e-08	-5.181041e-08	 5.898725e-08
psi(R) = 2.08e-01
parameter values for minimization:
K33 = 3.000000e+01
k24 = 6.000000e-01
Lambda = 5.200000e+01
d0 = 1.000000e+00
omega = 2.200000e+01
gamma_s = 1.000000e-01
initial guesses for R, eta, and delta:
guess for R = 2.970465e+00
guess for eta = 6.402128e+00
guess for delta = 8.161084e-01
estimated ranges of R, eta, and delta:
upper bound estimate of R = 4.455697e+00
lower bound estimate of R = 2.227849e+00
upper bound estimate of eta = 6.502128e+00
lower bound estimate of eta = 6.382128e+00
upper bound estimate of delta = 8.180000e-01
lower bound estimate of delta = 8.100000e-01
ss=4.046742010953e+18, lastss = 8.093190343471e+18
tol = 1.370786546934e-13
failed to integrate at x = (2.970465e+00,6.402128e+00,8.161084e-01)
solvde convergence failed when x = (2.970465e+00,6.402128e+00,8.161084e-01).
Retrying using a constant y value
    iteration	            R	          eta	        delta	            E	         dEdR	       dEdeta	     dEddelta	    grad norm
minimum found at:
            7	 2.995221e+00	 6.402586e+00	 8.161140e-01	-3.194424e+00	 7.548169e-09	-5.785496e-08	-8.715251e-07	 8.734759e-07
psi(R) = 2.08e-01
parameter values for minimization:
K33 = 3.000000e+01
k24 = 6.000000e-01
Lambda = 5.300000e+01
d0 = 1.000000e+00
omega = 2.200000e+01
gamma_s = 1.000000e-01
initial guesses for R, eta, and delta:
guess for R = 2.995221e+00
guess for eta = 6.402586e+00
guess for delta = 8.161140e-01
estimated ranges of R, eta, and delta:
upper bound estimate of R = 4.492831e+00
lower bound estimate of R = 2.246416e+00
upper bound estimate of eta = 6.502586e+00
lower bound estimate of eta = 6.382586e+00
upper bound estimate of delta = 8.180000e-01
lower bound estimate of delta = 8.100000e-01
ss=2.426825119219e+18, lastss = 1.230222395626e+19
tol = 1.393929044595e-13
failed to integrate at x = (2.995221e+00,6.402586e+00,8.161140e-01)
solvde convergence failed when x = (2.995221e+00,6.402586e+00,8.161140e-01).
Retrying using a constant y value
    iteration	            R	          eta	        delta	            E	         dEdR	       dEdeta	     dEddelta	    grad norm
minimum found at:
            9	 3.019384e+00	 6.403030e+00	 8.161194e-01	-3.194294e+00	-5.956995e-09	-1.423553e-07	 5.058916e-06	 5.060922e-06
psi(R) = 2.09e-01
parameter values for minimization:
K33 = 3.000000e+01
k24 = 6.000000e-01
Lambda = 5.400000e+01
d0 = 1.000000e+00
omega = 2.200000e+01
gamma_s = 1.000000e-01
initial guesses for R, eta, and delta:
guess for R = 3.019384e+00
guess for eta = 6.403030e+00
guess for delta = 8.161194e-01
estimated ranges of R, eta, and delta:
upper bound estimate of R = 4.529076e+00
lower bound estimate of R = 2.264538e+00
upper bound estimate of eta = 6.503030e+00
lower bound estimate of eta = 6.383030e+00
upper bound estimate of delta = 8.180000e-01
lower bound estimate of delta = 8.100000e-01
likely a maximizing (vs minimizing) solution for psi(r), as y[1][2]=-8.712441e-04  which usually means high energy.
solvde convergence failed when x = (3.019384e+00,6.403030e+00,8.161194e-01).
Retrying using a constant y value
    iteration	            R	          eta	        delta	            E	         dEdR	       dEdeta	     dEddelta	    grad norm
minimum found at:
            6	 3.042998e+00	 6.403460e+00	 8.161244e-01	-3.194168e+00	-4.438530e-09	-5.563451e-08	 2.708944e-06	 2.709519e-06
psi(R) = 2.09e-01
parameter values for minimization:
K33 = 3.000000e+01
k24 = 6.000000e-01
Lambda = 5.500000e+01
d0 = 1.000000e+00
omega = 2.200000e+01
gamma_s = 1.000000e-01
initial guesses for R, eta, and delta:
guess for R = 3.042998e+00
guess for eta = 6.403460e+00
guess for delta = 8.161244e-01
estimated ranges of R, eta, and delta:
upper bound estimate of R = 4.564497e+00
lower bound estimate of R = 2.282248e+00
upper bound estimate of eta = 6.503460e+00
lower bound estimate of eta = 6.383460e+00
upper bound estimate of delta = 8.180000e-01
lower bound estimate of delta = 8.100000e-01
likely a maximizing (vs minimizing) solution for psi(r), as y[1][2]=-3.732836e-04  which usually means high energy.
solvde convergence failed when x = (3.042998e+00,6.403460e+00,8.161244e-01).
Retrying using a constant y value
    iteration	            R	          eta	        delta	            E	         dEdR	       dEdeta	     dEddelta	    grad norm
minimum found at:
            8	 3.066075e+00	 6.403878e+00	 8.161292e-01	-3.194047e+00	-2.017188e-09	-1.521006e-07	 1.295260e-07	 1.997890e-07
psi(R) = 2.09e-01
parameter values for minimization:
K33 = 3.000000e+01
k24 = 6.000000e-01
Lambda = 5.600000e+01
d0 = 1.000000e+00
omega = 2.200000e+01
gamma_s = 1.000000e-01
initial guesses for R, eta, and delta:
guess for R = 3.066075e+00
guess for eta = 6.403878e+00
guess for delta = 8.161292e-01
estimated ranges of R, eta, and delta:
upper bound estimate of R = 4.599113e+00
lower bound estimate of R = 2.299556e+00
upper bound estimate of eta = 6.503878e+00
lower bound estimate of eta = 6.383878e+00
upper bound estimate of delta = 8.180000e-01
lower bound estimate of delta = 8.100000e-01
    iteration	            R	          eta	        delta	            E	         dEdR	       dEdeta	     dEddelta	    grad norm
a-alpha = 1.016886e-06, fpa = 1.872678e-10
minimum found at:
           12	 3.088643e+00	 6.404283e+00	 8.161338e-01	-3.193929e+00	-1.351837e-09	 5.329071e-08	-2.327768e-06	 2.328378e-06
psi(R) = 2.09e-01
parameter values for minimization:
K33 = 3.000000e+01
k24 = 6.000000e-01
Lambda = 5.700000e+01
d0 = 1.000000e+00
omega = 2.200000e+01
gamma_s = 1.000000e-01
initial guesses for R, eta, and delta:
guess for R = 3.088643e+00
guess for eta = 6.404283e+00
guess for delta = 8.161338e-01
estimated ranges of R, eta, and delta:
upper bound estimate of R = 4.632964e+00
lower bound estimate of R = 2.316482e+00
upper bound estimate of eta = 6.504283e+00
lower bound estimate of eta = 6.384283e+00
upper bound estimate of delta = 8.180000e-01
lower bound estimate of delta = 8.100000e-01
    iteration	            R	          eta	        delta	            E	         dEdR	       dEdeta	     dEddelta	    grad norm
minimum found at:
           17	 3.110726e+00	 6.404678e+00	 8.161383e-01	-3.193814e+00	 7.636386e-09	 3.318333e-07	-3.946843e-06	 3.960775e-06
psi(R) = 2.09e-01
parameter values for minimization:
K33 = 3.000000e+01
k24 = 6.000000e-01
Lambda = 5.800000e+01
d0 = 1.000000e+00
omega = 2.200000e+01
gamma_s = 1.000000e-01
initial guesses for R, eta, and delta:
guess for R = 3.110726e+00
guess for eta = 6.404678e+00
guess for delta = 8.161383e-01
estimated ranges of R, eta, and delta:
upper bound estimate of R = 4.666089e+00
lower bound estimate of R = 2.333045e+00
upper bound estimate of eta = 6.504678e+00
lower bound estimate of eta = 6.384678e+00
upper bound estimate of delta = 8.180000e-01
lower bound estimate of delta = 8.100000e-01
    iteration	            R	          eta	        delta	            E	         dEdR	       dEdeta	     dEddelta	    grad norm
minimum found at:
           10	 3.132334e+00	 6.405060e+00	 8.161428e-01	-3.193703e+00	 2.709280e-08	-2.198242e-07	 1.485848e-06	 1.502266e-06
psi(R) = 2.09e-01
parameter values for minimization:
K33 = 3.000000e+01
k24 = 6.000000e-01
Lambda = 5.900000e+01
d0 = 1.000000e+00
omega = 2.200000e+01
gamma_s = 1.000000e-01
initial guesses for R, eta, and delta:
guess for R = 3.132334e+00
guess for eta = 6.405060e+00
guess for delta = 8.161428e-01
estimated ranges of R, eta, and delta:
upper bound estimate of R = 4.698501e+00
lower bound estimate of R = 2.349251e+00
upper bound estimate of eta = 6.505060e+00
lower bound estimate of eta = 6.385060e+00
upper bound estimate of delta = 8.180000e-01
lower bound estimate of delta = 8.100000e-01
likely a maximizing (vs minimizing) solution for psi(r), as y[1][2]=-4.289919e-04  which usually means high energy.
solvde convergence failed when x = (3.132334e+00,6.405060e+00,8.161428e-01).
Retrying using a constant y value
    iteration	            R	          eta	        delta	            E	         dEdR	       dEdeta	     dEddelta	    grad norm
minimum found at:
           13	 3.153467e+00	 6.405432e+00	 8.161468e-01	-3.193595e+00	-1.206040e-08	-1.560480e-07	-1.918835e-06	 1.925208e-06
psi(R) = 2.10e-01
parameter values for minimization:
K33 = 3.000000e+01
k24 = 6.000000e-01
Lambda = 6.000000e+01
d0 = 1.000000e+00
omega = 2.200000e+01
gamma_s = 1.000000e-01
initial guesses for R, eta, and delta:
guess for R = 3.153467e+00
guess for eta = 6.405432e+00
guess for delta = 8.161468e-01
estimated ranges of R, eta, and delta:
upper bound estimate of R = 4.730201e+00
lower bound estimate of R = 2.365100e+00
upper bound estimate of eta = 6.505432e+00
lower bound estimate of eta = 6.385432e+00
upper bound estimate of delta = 8.180000e-01
lower bound estimate of delta = 8.100000e-01
likely a maximizing (vs minimizing) solution for psi(r), as y[1][2]=-4.362564e-04  which usually means high energy.
solvde convergence failed when x = (3.153467e+00,6.405432e+00,8.161468e-01).
Retrying using a constant y value
    iteration	            R	          eta	        delta	            E	         dEdR	       dEdeta	     dEddelta	    grad norm
minimum found at:
           10	 3.174197e+00	 6.405795e+00	 8.161509e-01	-3.193490e+00	 3.630174e-09	 4.823302e-08	-1.406282e-07	 1.487142e-07
psi(R) = 2.10e-01
parameter values for minimization:
K33 = 3.000000e+01
k24 = 6.000000e-01
Lambda = 6.100000e+01
d0 = 1.000000e+00
omega = 2.200000e+01
gamma_s = 1.000000e-01
initial guesses for R, eta, and delta:
guess for R = 3.174197e+00
guess for eta = 6.405795e+00
guess for delta = 8.161509e-01
estimated ranges of R, eta, and delta:
upper bound estimate of R = 4.761296e+00
lower bound estimate of R = 2.380648e+00
upper bound estimate of eta = 6.505795e+00
lower bound estimate of eta = 6.385795e+00
upper bound estimate of delta = 8.180000e-01
lower bound estimate of delta = 8.100000e-01
    iteration	            R	          eta	        delta	            E	         dEdR	       dEdeta	     dEddelta	    grad norm
a-alpha = 2.035824e-08, fpa = 8.187435e-10
minimum found at:
           16	 3.194492e+00	 6.406147e+00	 8.161548e-01	-3.193388e+00	 1.946248e-09	-4.057248e-07	 3.156734e-06	 3.182701e-06
psi(R) = 2.10e-01
Traceback (most recent call last):
  File "scan2d.py", line 77, in <module>
    Ei,Ri,etai,deltai,surftwisti = run.get_all_observables('observables',str2float=True)
  File "../../modules_gammak24/singlerun.py", line 77, in get_all_observables
    E,R,eta,delta,surftwist = map(float,line.split())
ValueError: not enough values to unpack (expected 5, got 0)
