hi
Restoring modules from user's standard_modules
parameter values for minimization:
K33 = 3.000000e+01
k24 = 6.000000e-01
Lambda = 0.000000e+00
d0 = 1.000000e+00
omega = 6.780000e+01
gamma_s = 1.000000e-01
initial guesses for R, eta, and delta:
guess for R = 5.000000e-01
guess for eta = 6.300000e+00
guess for delta = 8.100000e-01
estimated ranges of R, eta, and delta:
upper bound estimate of R = 2.000000e+00
lower bound estimate of R = 1.000000e-01
upper bound estimate of eta = 6.430000e+00
lower bound estimate of eta = 6.290000e+00
upper bound estimate of delta = 8.160000e-01
lower bound estimate of delta = 8.000000e-01
    iteration	            R	          eta	        delta	            E	         dEdR	       dEdeta	     dEddelta	    grad norm
minimum found at:
            5	 4.384966e-01	 6.300000e+00	 8.164966e-01	-1.128272e+01	 2.524297e-09	-4.229421e-10	-2.590520e-08	 2.603134e-08
psi(R) = 3.15e-01
parameter values for minimization:
K33 = 3.000000e+01
k24 = 6.000000e-01
Lambda = 1.000000e+00
d0 = 1.000000e+00
omega = 6.780000e+01
gamma_s = 1.000000e-01
initial guesses for R, eta, and delta:
guess for R = 4.384966e-01
guess for eta = 6.300000e+00
guess for delta = 8.164966e-01
estimated ranges of R, eta, and delta:
upper bound estimate of R = 6.577449e-01
lower bound estimate of R = 3.288724e-01
upper bound estimate of eta = 6.400000e+00
lower bound estimate of eta = 6.280000e+00
upper bound estimate of delta = 8.180000e-01
lower bound estimate of delta = 8.100000e-01
    iteration	            R	          eta	        delta	            E	         dEdR	       dEdeta	     dEddelta	    grad norm
minimum found at:
           12	 3.105142e-01	 6.358720e+00	 8.152342e-01	-1.117351e+01	 2.288374e-07	 1.370755e-06	-1.085058e-05	 1.093921e-05
psi(R) = 2.39e-01
parameter values for minimization:
K33 = 3.000000e+01
k24 = 6.000000e-01
Lambda = 2.000000e+00
d0 = 1.000000e+00
omega = 6.780000e+01
gamma_s = 1.000000e-01
initial guesses for R, eta, and delta:
guess for R = 3.105142e-01
guess for eta = 6.358720e+00
guess for delta = 8.152342e-01
estimated ranges of R, eta, and delta:
upper bound estimate of R = 4.657713e-01
lower bound estimate of R = 2.328856e-01
upper bound estimate of eta = 6.458720e+00
lower bound estimate of eta = 6.338720e+00
upper bound estimate of delta = 8.180000e-01
lower bound estimate of delta = 8.100000e-01
    iteration	            R	          eta	        delta	            E	         dEdR	       dEdeta	     dEddelta	    grad norm
minimum found at:
           17	 2.867131e-01	 6.347887e+00	 8.147815e-01	-1.111682e+01	 5.847821e-07	 1.184238e-08	-1.791160e-06	 1.884241e-06
psi(R) = 2.19e-01
parameter values for minimization:
K33 = 3.000000e+01
k24 = 6.000000e-01
Lambda = 3.000000e+00
d0 = 1.000000e+00
omega = 6.780000e+01
gamma_s = 1.000000e-01
initial guesses for R, eta, and delta:
guess for R = 2.867131e-01
guess for eta = 6.347887e+00
guess for delta = 8.147815e-01
estimated ranges of R, eta, and delta:
upper bound estimate of R = 4.300696e-01
lower bound estimate of R = 2.150348e-01
upper bound estimate of eta = 6.447887e+00
lower bound estimate of eta = 6.327887e+00
upper bound estimate of delta = 8.180000e-01
lower bound estimate of delta = 8.100000e-01
    iteration	            R	          eta	        delta	            E	         dEdR	       dEdeta	     dEddelta	    grad norm
minimum found at:
           11	 2.753548e-01	 6.341728e+00	 8.145005e-01	-1.107541e+01	 3.827498e-08	-2.358607e-07	 1.998401e-07	 3.114985e-07
psi(R) = 2.07e-01
parameter values for minimization:
K33 = 3.000000e+01
k24 = 6.000000e-01
Lambda = 4.000000e+00
d0 = 1.000000e+00
omega = 6.780000e+01
gamma_s = 1.000000e-01
initial guesses for R, eta, and delta:
guess for R = 2.753548e-01
guess for eta = 6.341728e+00
guess for delta = 8.145005e-01
estimated ranges of R, eta, and delta:
upper bound estimate of R = 4.130322e-01
lower bound estimate of R = 2.065161e-01
upper bound estimate of eta = 6.441728e+00
lower bound estimate of eta = 6.321728e+00
upper bound estimate of delta = 8.180000e-01
lower bound estimate of delta = 8.100000e-01
    iteration	            R	          eta	        delta	            E	         dEdR	       dEdeta	     dEddelta	    grad norm
minimum found at:
           12	 2.690231e-01	 6.337498e+00	 8.143041e-01	-1.104226e+01	-2.474377e-07	 1.924387e-07	-1.096160e-05	 1.096608e-05
psi(R) = 1.99e-01
parameter values for minimization:
K33 = 3.000000e+01
k24 = 6.000000e-01
Lambda = 5.000000e+00
d0 = 1.000000e+00
omega = 6.780000e+01
gamma_s = 1.000000e-01
initial guesses for R, eta, and delta:
guess for R = 2.690231e-01
guess for eta = 6.337498e+00
guess for delta = 8.143041e-01
estimated ranges of R, eta, and delta:
upper bound estimate of R = 4.035346e-01
lower bound estimate of R = 2.017673e-01
upper bound estimate of eta = 6.437498e+00
lower bound estimate of eta = 6.317498e+00
upper bound estimate of delta = 8.180000e-01
lower bound estimate of delta = 8.100000e-01
    iteration	            R	          eta	        delta	            E	         dEdR	       dEdeta	     dEddelta	    grad norm
a-alpha = 3.754250e-09, fpa = 7.349344e-09
a-alpha = -2.096283e-07, fpa = -3.635523e-10
minimum found at:
           19	 2.654414e-01	 6.334318e+00	 8.141600e-01	-1.101447e+01	-8.093798e-07	 1.273056e-06	 7.253457e-07	 1.673886e-06
psi(R) = 1.92e-01
parameter values for minimization:
K33 = 3.000000e+01
k24 = 6.000000e-01
Lambda = 6.000000e+00
d0 = 1.000000e+00
omega = 6.780000e+01
gamma_s = 1.000000e-01
initial guesses for R, eta, and delta:
guess for R = 2.654414e-01
guess for eta = 6.334318e+00
guess for delta = 8.141600e-01
estimated ranges of R, eta, and delta:
upper bound estimate of R = 3.981621e-01
lower bound estimate of R = 1.990810e-01
upper bound estimate of eta = 6.434318e+00
lower bound estimate of eta = 6.314318e+00
upper bound estimate of delta = 8.180000e-01
lower bound estimate of delta = 8.100000e-01
    iteration	            R	          eta	        delta	            E	         dEdR	       dEdeta	     dEddelta	    grad norm
a-alpha = -1.670025e-08, fpa = -6.481598e-09
a-alpha = -1.100532e-08, fpa = -1.035979e-08
minimum found at:
           21	 2.636405e-01	 6.331796e+00	 8.140520e-01	-1.099051e+01	 9.294565e-07	-4.736952e-07	-1.104302e-05	 1.109218e-05
psi(R) = 1.87e-01
parameter values for minimization:
K33 = 3.000000e+01
k24 = 6.000000e-01
Lambda = 7.000000e+00
d0 = 1.000000e+00
omega = 6.780000e+01
gamma_s = 1.000000e-01
initial guesses for R, eta, and delta:
guess for R = 2.636405e-01
guess for eta = 6.331796e+00
guess for delta = 8.140520e-01
estimated ranges of R, eta, and delta:
upper bound estimate of R = 3.954608e-01
lower bound estimate of R = 1.977304e-01
upper bound estimate of eta = 6.431796e+00
lower bound estimate of eta = 6.311796e+00
upper bound estimate of delta = 8.180000e-01
lower bound estimate of delta = 8.100000e-01
    iteration	            R	          eta	        delta	            E	         dEdR	       dEdeta	     dEddelta	    grad norm
minimum found at:
            5	 2.631376e-01	 6.329726e+00	 8.139713e-01	-1.096946e+01	-5.090782e-09	 5.378414e-08	 1.702342e-07	 1.786010e-07
psi(R) = 1.82e-01
parameter values for minimization:
K33 = 3.000000e+01
k24 = 6.000000e-01
Lambda = 8.000000e+00
d0 = 1.000000e+00
omega = 6.780000e+01
gamma_s = 1.000000e-01
initial guesses for R, eta, and delta:
guess for R = 2.631376e-01
guess for eta = 6.329726e+00
guess for delta = 8.139713e-01
estimated ranges of R, eta, and delta:
upper bound estimate of R = 3.947064e-01
lower bound estimate of R = 1.973532e-01
upper bound estimate of eta = 6.429726e+00
lower bound estimate of eta = 6.309726e+00
upper bound estimate of delta = 8.180000e-01
lower bound estimate of delta = 8.100000e-01
    iteration	            R	          eta	        delta	            E	         dEdR	       dEdeta	     dEddelta	    grad norm
a-alpha = 7.402299e-08, fpa = 1.264900e-09
a-alpha = 2.772506e-08, fpa = 4.377824e-09
minimum found at:
           13	 2.636780e-01	 6.327985e+00	 8.139123e-01	-1.095071e+01	 2.322233e-07	 2.467162e-08	 2.472097e-06	 2.483102e-06
psi(R) = 1.78e-01
parameter values for minimization:
K33 = 3.000000e+01
k24 = 6.000000e-01
Lambda = 9.000000e+00
d0 = 1.000000e+00
omega = 6.780000e+01
gamma_s = 1.000000e-01
initial guesses for R, eta, and delta:
guess for R = 2.636780e-01
guess for eta = 6.327985e+00
guess for delta = 8.139123e-01
estimated ranges of R, eta, and delta:
upper bound estimate of R = 3.955170e-01
lower bound estimate of R = 1.977585e-01
upper bound estimate of eta = 6.427985e+00
lower bound estimate of eta = 6.307985e+00
upper bound estimate of delta = 8.180000e-01
lower bound estimate of delta = 8.100000e-01
    iteration	            R	          eta	        delta	            E	         dEdR	       dEdeta	     dEddelta	    grad norm
minimum found at:
            6	 2.651315e-01	 6.326498e+00	 8.138715e-01	-1.093386e+01	 8.982455e-09	-3.454027e-09	 2.705984e-05	 2.705984e-05
psi(R) = 1.75e-01
parameter values for minimization:
K33 = 3.000000e+01
k24 = 6.000000e-01
Lambda = 1.000000e+01
d0 = 1.000000e+00
omega = 6.780000e+01
gamma_s = 1.000000e-01
initial guesses for R, eta, and delta:
guess for R = 2.651315e-01
guess for eta = 6.326498e+00
guess for delta = 8.138715e-01
estimated ranges of R, eta, and delta:
upper bound estimate of R = 3.976973e-01
lower bound estimate of R = 1.988486e-01
upper bound estimate of eta = 6.426498e+00
lower bound estimate of eta = 6.306498e+00
upper bound estimate of delta = 8.180000e-01
lower bound estimate of delta = 8.100000e-01
    iteration	            R	          eta	        delta	            E	         dEdR	       dEdeta	     dEddelta	    grad norm
a-alpha = -1.559766e-08, fpa = -7.192017e-09
a-alpha = 4.216311e-08, fpa = 5.250908e-09
minimum found at:
           18	 2.674506e-01	 6.325214e+00	 8.138465e-01	-1.091859e+01	 3.805548e-07	-1.134401e-06	 2.037629e-05	 2.041139e-05
psi(R) = 1.71e-01
Traceback (most recent call last):
  File "scan2d.py", line 77, in <module>
    Ei,Ri,etai,deltai,surftwisti = run.get_all_observables('observables',str2float=True)
  File "../../modules_gammak24/singlerun.py", line 77, in get_all_observables
    E,R,eta,delta,surftwist = map(float,line.split())
ValueError: not enough values to unpack (expected 5, got 0)
