hi
Restoring modules from user's standard_modules
parameter values for minimization:
K33 = 3.000000e+01
k24 = 6.000000e-01
Lambda = 0.000000e+00
d0 = 1.000000e+00
omega = 2.770000e+01
gamma_s = 1.000000e-01
initial guesses for R, eta, and delta:
guess for R = 5.000000e-01
guess for eta = 6.300000e+00
guess for delta = 8.100000e-01
estimated ranges of R, eta, and delta:
upper bound estimate of R = 2.000000e+00
lower bound estimate of R = 1.000000e-01
upper bound estimate of eta = 6.430000e+00
lower bound estimate of eta = 6.290000e+00
upper bound estimate of delta = 8.160000e-01
lower bound estimate of delta = 8.000000e-01
    iteration	            R	          eta	        delta	            E	         dEdR	       dEdeta	     dEddelta	    grad norm
minimum found at:
            5	 4.384966e-01	 6.300000e+00	 8.164966e-01	-4.599382e+00	-2.446386e-09	 1.691768e-09	-5.551115e-09	 6.297759e-09
psi(R) = 3.15e-01
parameter values for minimization:
K33 = 3.000000e+01
k24 = 6.000000e-01
Lambda = 1.000000e+00
d0 = 1.000000e+00
omega = 2.770000e+01
gamma_s = 1.000000e-01
initial guesses for R, eta, and delta:
guess for R = 4.384966e-01
guess for eta = 6.300000e+00
guess for delta = 8.164966e-01
estimated ranges of R, eta, and delta:
upper bound estimate of R = 6.577449e-01
lower bound estimate of R = 3.288724e-01
upper bound estimate of eta = 6.400000e+00
lower bound estimate of eta = 6.280000e+00
upper bound estimate of delta = 8.180000e-01
lower bound estimate of delta = 8.100000e-01
    iteration	            R	          eta	        delta	            E	         dEdR	       dEdeta	     dEddelta	    grad norm
a-alpha = 1.147258e-08, fpa = 1.378759e-09
a-alpha = -2.477056e-08, fpa = -5.327327e-09
minimum found at:
           19	 3.106819e-01	 6.358791e+00	 8.133962e-01	-4.490333e+00	 7.021761e-08	 3.335603e-07	 1.402582e-06	 1.443409e-06
psi(R) = 2.39e-01
parameter values for minimization:
K33 = 3.000000e+01
k24 = 6.000000e-01
Lambda = 2.000000e+00
d0 = 1.000000e+00
omega = 2.770000e+01
gamma_s = 1.000000e-01
initial guesses for R, eta, and delta:
guess for R = 3.106819e-01
guess for eta = 6.358791e+00
guess for delta = 8.133962e-01
estimated ranges of R, eta, and delta:
upper bound estimate of R = 4.660228e-01
lower bound estimate of R = 2.330114e-01
upper bound estimate of eta = 6.458791e+00
lower bound estimate of eta = 6.338791e+00
upper bound estimate of delta = 8.180000e-01
lower bound estimate of delta = 8.100000e-01
    iteration	            R	          eta	        delta	            E	         dEdR	       dEdeta	     dEddelta	    grad norm
a-alpha = 2.939680e-08, fpa = 1.727939e-09
a-alpha = 3.971564e-07, fpa = 5.204459e-10
minimum found at:
           18	 2.869036e-01	 6.347982e+00	 8.122767e-01	-4.433775e+00	 4.065853e-09	-2.726214e-07	-8.881784e-08	 2.867535e-07
psi(R) = 2.20e-01
parameter values for minimization:
K33 = 3.000000e+01
k24 = 6.000000e-01
Lambda = 3.000000e+00
d0 = 1.000000e+00
omega = 2.770000e+01
gamma_s = 1.000000e-01
initial guesses for R, eta, and delta:
guess for R = 2.869036e-01
guess for eta = 6.347982e+00
guess for delta = 8.122767e-01
estimated ranges of R, eta, and delta:
upper bound estimate of R = 4.303554e-01
lower bound estimate of R = 2.151777e-01
upper bound estimate of eta = 6.447982e+00
lower bound estimate of eta = 6.327982e+00
upper bound estimate of delta = 8.180000e-01
lower bound estimate of delta = 8.100000e-01
    iteration	            R	          eta	        delta	            E	         dEdR	       dEdeta	     dEddelta	    grad norm
minimum found at:
           13	 2.755339e-01	 6.341836e+00	 8.115790e-01	-4.392470e+00	-1.235543e-07	 1.507436e-07	-3.641532e-06	 3.646744e-06
psi(R) = 2.08e-01
parameter values for minimization:
K33 = 3.000000e+01
k24 = 6.000000e-01
Lambda = 4.000000e+00
d0 = 1.000000e+00
omega = 2.770000e+01
gamma_s = 1.000000e-01
initial guesses for R, eta, and delta:
guess for R = 2.755339e-01
guess for eta = 6.341836e+00
guess for delta = 8.115790e-01
estimated ranges of R, eta, and delta:
upper bound estimate of R = 4.133008e-01
lower bound estimate of R = 2.066504e-01
upper bound estimate of eta = 6.441836e+00
lower bound estimate of eta = 6.321836e+00
upper bound estimate of delta = 8.180000e-01
lower bound estimate of delta = 8.100000e-01
    iteration	            R	          eta	        delta	            E	         dEdR	       dEdeta	     dEddelta	    grad norm
minimum found at:
           13	 2.691738e-01	 6.337613e+00	 8.110900e-01	-4.359402e+00	-5.401122e-08	-3.996803e-08	 1.953993e-06	 1.955147e-06
psi(R) = 1.99e-01
parameter values for minimization:
K33 = 3.000000e+01
k24 = 6.000000e-01
Lambda = 5.000000e+00
d0 = 1.000000e+00
omega = 2.770000e+01
gamma_s = 1.000000e-01
initial guesses for R, eta, and delta:
guess for R = 2.691738e-01
guess for eta = 6.337613e+00
guess for delta = 8.110900e-01
estimated ranges of R, eta, and delta:
upper bound estimate of R = 4.037607e-01
lower bound estimate of R = 2.018804e-01
upper bound estimate of eta = 6.437613e+00
lower bound estimate of eta = 6.317613e+00
upper bound estimate of delta = 8.180000e-01
lower bound estimate of delta = 8.100000e-01
    iteration	            R	          eta	        delta	            E	         dEdR	       dEdeta	     dEddelta	    grad norm
minimum found at:
           18	 2.655518e-01	 6.334437e+00	 8.107296e-01	-4.331676e+00	-5.162114e-08	 3.389881e-07	 4.440892e-07	 5.610641e-07
psi(R) = 1.92e-01
parameter values for minimization:
K33 = 3.000000e+01
k24 = 6.000000e-01
Lambda = 6.000000e+00
d0 = 1.000000e+00
omega = 2.770000e+01
gamma_s = 1.000000e-01
initial guesses for R, eta, and delta:
guess for R = 2.655518e-01
guess for eta = 6.334437e+00
guess for delta = 8.107296e-01
estimated ranges of R, eta, and delta:
upper bound estimate of R = 3.983277e-01
lower bound estimate of R = 1.991639e-01
upper bound estimate of eta = 6.434437e+00
lower bound estimate of eta = 6.314437e+00
upper bound estimate of delta = 8.180000e-01
lower bound estimate of delta = 8.100000e-01
    iteration	            R	          eta	        delta	            E	         dEdR	       dEdeta	     dEddelta	    grad norm
minimum found at:
            6	 2.637001e-01	 6.331917e+00	 8.104589e-01	-4.307766e+00	-2.153956e-07	-3.157968e-08	 2.183439e-06	 2.194265e-06
psi(R) = 1.87e-01
parameter values for minimization:
K33 = 3.000000e+01
k24 = 6.000000e-01
Lambda = 7.000000e+00
d0 = 1.000000e+00
omega = 2.770000e+01
gamma_s = 1.000000e-01
initial guesses for R, eta, and delta:
guess for R = 2.637001e-01
guess for eta = 6.331917e+00
guess for delta = 8.104589e-01
estimated ranges of R, eta, and delta:
upper bound estimate of R = 3.955501e-01
lower bound estimate of R = 1.977751e-01
upper bound estimate of eta = 6.431917e+00
lower bound estimate of eta = 6.311917e+00
upper bound estimate of delta = 8.180000e-01
lower bound estimate of delta = 8.100000e-01
    iteration	            R	          eta	        delta	            E	         dEdR	       dEdeta	     dEddelta	    grad norm
a-alpha = -3.182053e-08, fpa = -7.597575e-10
minimum found at:
           15	 2.631366e-01	 6.329847e+00	 8.102555e-01	-4.286754e+00	-2.844206e-08	 1.739349e-07	 4.056015e-06	 4.059842e-06
psi(R) = 1.82e-01
parameter values for minimization:
K33 = 3.000000e+01
k24 = 6.000000e-01
Lambda = 8.000000e+00
d0 = 1.000000e+00
omega = 2.770000e+01
gamma_s = 1.000000e-01
initial guesses for R, eta, and delta:
guess for R = 2.631366e-01
guess for eta = 6.329847e+00
guess for delta = 8.102555e-01
estimated ranges of R, eta, and delta:
upper bound estimate of R = 3.947049e-01
lower bound estimate of R = 1.973525e-01
upper bound estimate of eta = 6.429847e+00
lower bound estimate of eta = 6.309847e+00
upper bound estimate of delta = 8.180000e-01
lower bound estimate of delta = 8.100000e-01
    iteration	            R	          eta	        delta	            E	         dEdR	       dEdeta	     dEddelta	    grad norm
minimum found at:
            6	 2.636050e-01	 6.328106e+00	 8.101056e-01	-4.268039e+00	 1.275133e-08	-2.417819e-08	-3.752554e-06	 3.752653e-06
psi(R) = 1.78e-01
parameter values for minimization:
K33 = 3.000000e+01
k24 = 6.000000e-01
Lambda = 9.000000e+00
d0 = 1.000000e+00
omega = 2.770000e+01
gamma_s = 1.000000e-01
initial guesses for R, eta, and delta:
guess for R = 2.636050e-01
guess for eta = 6.328106e+00
guess for delta = 8.101056e-01
estimated ranges of R, eta, and delta:
upper bound estimate of R = 3.954075e-01
lower bound estimate of R = 1.977037e-01
upper bound estimate of eta = 6.428106e+00
lower bound estimate of eta = 6.308106e+00
upper bound estimate of delta = 8.180000e-01
lower bound estimate of delta = 8.100000e-01
    iteration	            R	          eta	        delta	            E	         dEdR	       dEdeta	     dEddelta	    grad norm
minimum found at:
            6	 2.649732e-01	 6.326617e+00	 8.100009e-01	-4.251205e+00	-8.984943e-08	-1.181771e-07	 3.367677e-07	 3.680369e-07
psi(R) = 1.75e-01
parameter values for minimization:
K33 = 3.000000e+01
k24 = 6.000000e-01
Lambda = 1.000000e+01
d0 = 1.000000e+00
omega = 2.770000e+01
gamma_s = 1.000000e-01
initial guesses for R, eta, and delta:
guess for R = 2.649732e-01
guess for eta = 6.326617e+00
guess for delta = 8.100009e-01
estimated ranges of R, eta, and delta:
upper bound estimate of R = 3.974598e-01
lower bound estimate of R = 1.987299e-01
upper bound estimate of eta = 6.426617e+00
lower bound estimate of eta = 6.306617e+00
upper bound estimate of delta = 8.180000e-01
lower bound estimate of delta = 8.100000e-01
    iteration	            R	          eta	        delta	            E	         dEdR	       dEdeta	     dEddelta	    grad norm
a-alpha = -5.670666e-08, fpa = -3.395283e-09
a-alpha = -4.683241e-08, fpa = -7.671130e-10
a-alpha = 5.249202e-08, fpa = 6.116531e-10
minimum found at:
           12	 2.671905e-01	 6.325329e+00	 8.099355e-01	-4.235951e+00	 2.627933e-07	 1.406282e-08	-1.250851e-06	 1.278236e-06
psi(R) = 1.72e-01
parameter values for minimization:
K33 = 3.000000e+01
k24 = 6.000000e-01
Lambda = 1.100000e+01
d0 = 1.000000e+00
omega = 2.770000e+01
gamma_s = 1.000000e-01
initial guesses for R, eta, and delta:
guess for R = 2.671905e-01
guess for eta = 6.325329e+00
guess for delta = 8.099355e-01
estimated ranges of R, eta, and delta:
upper bound estimate of R = 4.007857e-01
lower bound estimate of R = 2.003929e-01
upper bound estimate of eta = 6.425329e+00
lower bound estimate of eta = 6.305329e+00
upper bound estimate of delta = 8.180000e-01
lower bound estimate of delta = 7.694387e-01
    iteration	            R	          eta	        delta	            E	         dEdR	       dEdeta	     dEddelta	    grad norm
minimum found at:
            6	 2.702709e-01	 6.324209e+00	 8.099063e-01	-4.222055e+00	 2.216093e-09	-5.304399e-08	-2.438647e-08	 5.842325e-08
psi(R) = 1.69e-01
parameter values for minimization:
K33 = 3.000000e+01
k24 = 6.000000e-01
Lambda = 1.200000e+01
d0 = 1.000000e+00
omega = 2.770000e+01
gamma_s = 1.000000e-01
initial guesses for R, eta, and delta:
guess for R = 2.702709e-01
guess for eta = 6.324209e+00
guess for delta = 8.099063e-01
estimated ranges of R, eta, and delta:
upper bound estimate of R = 4.054063e-01
lower bound estimate of R = 2.027032e-01
upper bound estimate of eta = 6.424209e+00
lower bound estimate of eta = 6.304209e+00
upper bound estimate of delta = 8.180000e-01
lower bound estimate of delta = 7.694110e-01
    iteration	            R	          eta	        delta	            E	         dEdR	       dEdeta	     dEddelta	    grad norm
minimum found at:
            6	 2.742946e-01	 6.323235e+00	 8.099119e-01	-4.209345e+00	 1.898724e-09	-3.996803e-08	-2.016828e-07	 2.056137e-07
psi(R) = 1.66e-01
parameter values for minimization:
K33 = 3.000000e+01
k24 = 6.000000e-01
Lambda = 1.300000e+01
d0 = 1.000000e+00
omega = 2.770000e+01
gamma_s = 1.000000e-01
initial guesses for R, eta, and delta:
guess for R = 2.742946e-01
guess for eta = 6.323235e+00
guess for delta = 8.099119e-01
estimated ranges of R, eta, and delta:
upper bound estimate of R = 4.114419e-01
lower bound estimate of R = 2.057210e-01
upper bound estimate of eta = 6.423235e+00
lower bound estimate of eta = 6.303235e+00
upper bound estimate of delta = 8.180000e-01
lower bound estimate of delta = 7.694163e-01
    iteration	            R	          eta	        delta	            E	         dEdR	       dEdeta	     dEddelta	    grad norm
a-alpha = -2.098429e-08, fpa = -6.614855e-09
minimum found at:
           15	 2.794274e-01	 6.322393e+00	 8.099531e-01	-4.197693e+00	 2.282462e-07	-2.469629e-07	 7.787880e-07	 8.482911e-07
psi(R) = 1.64e-01
parameter values for minimization:
K33 = 3.000000e+01
k24 = 6.000000e-01
Lambda = 1.400000e+01
d0 = 1.000000e+00
omega = 2.770000e+01
gamma_s = 1.000000e-01
initial guesses for R, eta, and delta:
guess for R = 2.794274e-01
guess for eta = 6.322393e+00
guess for delta = 8.099531e-01
estimated ranges of R, eta, and delta:
upper bound estimate of R = 4.191411e-01
lower bound estimate of R = 2.095705e-01
upper bound estimate of eta = 6.422393e+00
lower bound estimate of eta = 6.302393e+00
upper bound estimate of delta = 8.180000e-01
lower bound estimate of delta = 7.694554e-01
    iteration	            R	          eta	        delta	            E	         dEdR	       dEdeta	     dEddelta	    grad norm
minimum found at:
            8	 2.859690e-01	 6.321680e+00	 8.100333e-01	-4.187002e+00	-2.432662e-07	 2.245118e-08	 3.695822e-07	 4.430277e-07
psi(R) = 1.62e-01
parameter values for minimization:
K33 = 3.000000e+01
k24 = 6.000000e-01
Lambda = 1.500000e+01
d0 = 1.000000e+00
omega = 2.770000e+01
gamma_s = 1.000000e-01
initial guesses for R, eta, and delta:
guess for R = 2.859690e-01
guess for eta = 6.321680e+00
guess for delta = 8.100333e-01
estimated ranges of R, eta, and delta:
upper bound estimate of R = 4.289535e-01
lower bound estimate of R = 2.144767e-01
upper bound estimate of eta = 6.421680e+00
lower bound estimate of eta = 6.301680e+00
upper bound estimate of delta = 8.180000e-01
lower bound estimate of delta = 8.100000e-01
    iteration	            R	          eta	        delta	            E	         dEdR	       dEdeta	     dEddelta	    grad norm
minimum found at:
            7	 2.944755e-01	 6.321107e+00	 8.101599e-01	-4.177203e+00	-1.871796e-07	-1.729481e-07	-5.865678e-06	 5.871212e-06
psi(R) = 1.60e-01
parameter values for minimization:
K33 = 3.000000e+01
k24 = 6.000000e-01
Lambda = 1.600000e+01
d0 = 1.000000e+00
omega = 2.770000e+01
gamma_s = 1.000000e-01
initial guesses for R, eta, and delta:
guess for R = 2.944755e-01
guess for eta = 6.321107e+00
guess for delta = 8.101599e-01
estimated ranges of R, eta, and delta:
upper bound estimate of R = 4.417133e-01
lower bound estimate of R = 2.208566e-01
upper bound estimate of eta = 6.421107e+00
lower bound estimate of eta = 6.301107e+00
upper bound estimate of delta = 8.180000e-01
lower bound estimate of delta = 8.100000e-01
    iteration	            R	          eta	        delta	            E	         dEdR	       dEdeta	     dEddelta	    grad norm
a-alpha = -6.455410e-09, fpa = -3.386716e-09
a-alpha = -3.189421e-08, fpa = -1.462087e-09
minimum found at:
           17	 3.060979e-01	 6.320707e+00	 8.103507e-01	-4.168255e+00	 1.782872e-07	-4.120161e-08	 7.682743e-06	 7.684922e-06
psi(R) = 1.58e-01
parameter values for minimization:
K33 = 3.000000e+01
k24 = 6.000000e-01
Lambda = 1.700000e+01
d0 = 1.000000e+00
omega = 2.770000e+01
gamma_s = 1.000000e-01
initial guesses for R, eta, and delta:
guess for R = 3.060979e-01
guess for eta = 6.320707e+00
guess for delta = 8.103507e-01
estimated ranges of R, eta, and delta:
upper bound estimate of R = 4.591468e-01
lower bound estimate of R = 2.295734e-01
upper bound estimate of eta = 6.420707e+00
lower bound estimate of eta = 6.300707e+00
upper bound estimate of delta = 8.180000e-01
lower bound estimate of delta = 8.100000e-01
    iteration	            R	          eta	        delta	            E	         dEdR	       dEdeta	     dEddelta	    grad norm
a-alpha = 1.052473e-07, fpa = 7.616399e-10
minimum found at:
           67	 3.239080e-01	 6.320597e+00	 8.106503e-01	-4.160165e+00	 2.579214e-08	 3.799430e-08	-7.945496e-06	 7.945629e-06
psi(R) = 1.57e-01
parameter values for minimization:
K33 = 3.000000e+01
k24 = 6.000000e-01
Lambda = 1.800000e+01
d0 = 1.000000e+00
omega = 2.770000e+01
gamma_s = 1.000000e-01
initial guesses for R, eta, and delta:
guess for R = 3.239080e-01
guess for eta = 6.320597e+00
guess for delta = 8.106503e-01
estimated ranges of R, eta, and delta:
upper bound estimate of R = 4.858620e-01
lower bound estimate of R = 2.429310e-01
upper bound estimate of eta = 6.420597e+00
lower bound estimate of eta = 6.300597e+00
upper bound estimate of delta = 8.180000e-01
lower bound estimate of delta = 8.100000e-01
    iteration	            R	          eta	        delta	            E	         dEdR	       dEdeta	     dEddelta	    grad norm
minimum found at:
           22	 3.679035e-01	 6.321576e+00	 8.113406e-01	-4.153073e+00	-1.668397e-07	-1.223712e-07	-3.789561e-06	 3.795205e-06
psi(R) = 1.57e-01
parameter values for minimization:
K33 = 3.000000e+01
k24 = 6.000000e-01
Lambda = 1.900000e+01
d0 = 1.000000e+00
omega = 2.770000e+01
gamma_s = 1.000000e-01
initial guesses for R, eta, and delta:
guess for R = 3.679035e-01
guess for eta = 6.321576e+00
guess for delta = 8.113406e-01
estimated ranges of R, eta, and delta:
upper bound estimate of R = 5.518553e-01
lower bound estimate of R = 2.759276e-01
upper bound estimate of eta = 6.421576e+00
lower bound estimate of eta = 6.301576e+00
upper bound estimate of delta = 8.180000e-01
lower bound estimate of delta = 8.100000e-01
    iteration	            R	          eta	        delta	            E	         dEdR	       dEdeta	     dEddelta	    grad norm
ss=4.085135949270e+21, lastss = 1.535343192161e+22
tol = 3.314264952181e-13
failed to integrate at x = (4.034064e+00,6.474753e+00,8.119632e-01)
solvde convergence failed when x = (4.034064e+00,6.474753e+00,8.119632e-01).
Retrying using a constant y value
Did not successfully find a minimum. Exceeded 100 iterations.
parameter values for minimization:
K33 = 3.000000e+01
k24 = 6.000000e-01
Lambda = 1.900000e+01
d0 = 1.000000e+00
omega = 2.770000e+01
gamma_s = 1.000000e-01
initial guesses for R, eta, and delta:
guess for R = 1.000000e+00
guess for eta = 6.321576e+00
guess for delta = 8.113406e-01
estimated ranges of R, eta, and delta:
upper bound estimate of R = 1.500000e+00
lower bound estimate of R = 7.500000e-01
upper bound estimate of eta = 6.421576e+00
lower bound estimate of eta = 6.301576e+00
upper bound estimate of delta = 8.180000e-01
lower bound estimate of delta = 8.100000e-01
    iteration	            R	          eta	        delta	            E	         dEdR	       dEdeta	     dEddelta	    grad norm
ss=3.108896775319e+21, lastss = 4.160872324490e+18
tol = 3.939682927497e-13
failed to integrate at x = (4.397062e+00,6.496883e+00,8.247690e-01)
solvde convergence failed when x = (4.397062e+00,6.496883e+00,8.247690e-01).
Retrying using a constant y value
minimum found at:
           55	 1.426461e+00	 6.364637e+00	 8.155289e-01	-4.156169e+00	 8.415984e-08	-2.689207e-08	-2.627528e-07	 2.772095e-07
psi(R) = 1.90e-01
parameter values for minimization:
K33 = 3.000000e+01
k24 = 6.000000e-01
Lambda = 2.000000e+01
d0 = 1.000000e+00
omega = 2.770000e+01
gamma_s = 1.000000e-01
initial guesses for R, eta, and delta:
guess for R = 1.426461e+00
guess for eta = 6.364637e+00
guess for delta = 8.155289e-01
estimated ranges of R, eta, and delta:
upper bound estimate of R = 2.139692e+00
lower bound estimate of R = 1.069846e+00
upper bound estimate of eta = 6.464637e+00
lower bound estimate of eta = 6.344637e+00
upper bound estimate of delta = 8.180000e-01
lower bound estimate of delta = 8.100000e-01
    iteration	            R	          eta	        delta	            E	         dEdR	       dEdeta	     dEddelta	    grad norm
minimum found at:
           22	 1.537995e+00	 6.368104e+00	 8.156276e-01	-4.155109e+00	 1.549694e-08	 5.501772e-08	 3.345472e-06	 3.345960e-06
psi(R) = 1.92e-01
parameter values for minimization:
K33 = 3.000000e+01
k24 = 6.000000e-01
Lambda = 2.100000e+01
d0 = 1.000000e+00
omega = 2.770000e+01
gamma_s = 1.000000e-01
initial guesses for R, eta, and delta:
guess for R = 1.537995e+00
guess for eta = 6.368104e+00
guess for delta = 8.156276e-01
estimated ranges of R, eta, and delta:
upper bound estimate of R = 2.306992e+00
lower bound estimate of R = 1.153496e+00
upper bound estimate of eta = 6.468104e+00
lower bound estimate of eta = 6.348104e+00
upper bound estimate of delta = 8.180000e-01
lower bound estimate of delta = 8.100000e-01
    iteration	            R	          eta	        delta	            E	         dEdR	       dEdeta	     dEddelta	    grad norm
minimum found at:
           19	 1.636061e+00	 6.371025e+00	 8.157022e-01	-4.154195e+00	-4.984390e-08	 4.088088e-07	-9.732955e-07	 1.056841e-06
psi(R) = 1.94e-01
parameter values for minimization:
K33 = 3.000000e+01
k24 = 6.000000e-01
Lambda = 2.200000e+01
d0 = 1.000000e+00
omega = 2.770000e+01
gamma_s = 1.000000e-01
initial guesses for R, eta, and delta:
guess for R = 1.636061e+00
guess for eta = 6.371025e+00
guess for delta = 8.157022e-01
estimated ranges of R, eta, and delta:
upper bound estimate of R = 2.454092e+00
lower bound estimate of R = 1.227046e+00
upper bound estimate of eta = 6.471025e+00
lower bound estimate of eta = 6.351025e+00
upper bound estimate of delta = 8.180000e-01
lower bound estimate of delta = 8.100000e-01
    iteration	            R	          eta	        delta	            E	         dEdR	       dEdeta	     dEddelta	    grad norm
minimum found at:
           28	 1.724311e+00	 6.373561e+00	 8.157613e-01	-4.153393e+00	-3.498535e-09	 2.827368e-07	-2.683039e-06	 2.697897e-06
psi(R) = 1.95e-01
parameter values for minimization:
K33 = 3.000000e+01
k24 = 6.000000e-01
Lambda = 2.300000e+01
d0 = 1.000000e+00
omega = 2.770000e+01
gamma_s = 1.000000e-01
initial guesses for R, eta, and delta:
guess for R = 1.724311e+00
guess for eta = 6.373561e+00
guess for delta = 8.157613e-01
estimated ranges of R, eta, and delta:
upper bound estimate of R = 2.586466e+00
lower bound estimate of R = 1.293233e+00
upper bound estimate of eta = 6.473561e+00
lower bound estimate of eta = 6.353561e+00
upper bound estimate of delta = 8.180000e-01
lower bound estimate of delta = 8.100000e-01
    iteration	            R	          eta	        delta	            E	         dEdR	       dEdeta	     dEddelta	    grad norm
minimum found at:
           16	 1.804901e+00	 6.375803e+00	 8.158096e-01	-4.152680e+00	 3.656007e-08	-2.173570e-07	-5.025610e-06	 5.030441e-06
psi(R) = 1.96e-01
parameter values for minimization:
K33 = 3.000000e+01
k24 = 6.000000e-01
Lambda = 2.400000e+01
d0 = 1.000000e+00
omega = 2.770000e+01
gamma_s = 1.000000e-01
initial guesses for R, eta, and delta:
guess for R = 1.804901e+00
guess for eta = 6.375803e+00
guess for delta = 8.158096e-01
estimated ranges of R, eta, and delta:
upper bound estimate of R = 2.707352e+00
lower bound estimate of R = 1.353676e+00
upper bound estimate of eta = 6.475803e+00
lower bound estimate of eta = 6.355803e+00
upper bound estimate of delta = 8.180000e-01
lower bound estimate of delta = 8.100000e-01
    iteration	            R	          eta	        delta	            E	         dEdR	       dEdeta	     dEddelta	    grad norm
minimum found at:
           14	 1.879263e+00	 6.377814e+00	 8.158503e-01	-4.152040e+00	 2.208949e-09	 1.492633e-07	 9.658940e-07	 9.773616e-07
psi(R) = 1.97e-01
parameter values for minimization:
K33 = 3.000000e+01
k24 = 6.000000e-01
Lambda = 2.500000e+01
d0 = 1.000000e+00
omega = 2.770000e+01
gamma_s = 1.000000e-01
initial guesses for R, eta, and delta:
guess for R = 1.879263e+00
guess for eta = 6.377814e+00
guess for delta = 8.158503e-01
estimated ranges of R, eta, and delta:
upper bound estimate of R = 2.818894e+00
lower bound estimate of R = 1.409447e+00
upper bound estimate of eta = 6.477814e+00
lower bound estimate of eta = 6.357814e+00
upper bound estimate of delta = 8.180000e-01
lower bound estimate of delta = 8.100000e-01
    iteration	            R	          eta	        delta	            E	         dEdR	       dEdeta	     dEddelta	    grad norm
minimum found at:
           20	 1.948422e+00	 6.379635e+00	 8.158850e-01	-4.151461e+00	-8.717225e-09	-3.764890e-07	 2.779258e-06	 2.804656e-06
psi(R) = 1.98e-01
parameter values for minimization:
K33 = 3.000000e+01
k24 = 6.000000e-01
Lambda = 2.600000e+01
d0 = 1.000000e+00
omega = 2.770000e+01
gamma_s = 1.000000e-01
initial guesses for R, eta, and delta:
guess for R = 1.948422e+00
guess for eta = 6.379635e+00
guess for delta = 8.158850e-01
estimated ranges of R, eta, and delta:
upper bound estimate of R = 2.922633e+00
lower bound estimate of R = 1.461317e+00
upper bound estimate of eta = 6.479635e+00
lower bound estimate of eta = 6.359635e+00
upper bound estimate of delta = 8.180000e-01
lower bound estimate of delta = 8.100000e-01
    iteration	            R	          eta	        delta	            E	         dEdR	       dEdeta	     dEddelta	    grad norm
minimum found at:
            8	 2.013159e+00	 6.381301e+00	 8.159150e-01	-4.150933e+00	 6.179232e-08	-7.697546e-08	 4.585221e-06	 4.586283e-06
psi(R) = 1.99e-01
parameter values for minimization:
K33 = 3.000000e+01
k24 = 6.000000e-01
Lambda = 2.700000e+01
d0 = 1.000000e+00
omega = 2.770000e+01
gamma_s = 1.000000e-01
initial guesses for R, eta, and delta:
guess for R = 2.013159e+00
guess for eta = 6.381301e+00
guess for delta = 8.159150e-01
estimated ranges of R, eta, and delta:
upper bound estimate of R = 3.019738e+00
lower bound estimate of R = 1.509869e+00
upper bound estimate of eta = 6.481301e+00
lower bound estimate of eta = 6.361301e+00
upper bound estimate of delta = 8.180000e-01
lower bound estimate of delta = 8.100000e-01
    iteration	            R	          eta	        delta	            E	         dEdR	       dEdeta	     dEddelta	    grad norm
minimum found at:
           12	 2.074002e+00	 6.382831e+00	 8.159411e-01	-4.150449e+00	-2.458879e-08	-4.618528e-07	 7.327472e-07	 8.665051e-07
psi(R) = 2.00e-01
parameter values for minimization:
K33 = 3.000000e+01
k24 = 6.000000e-01
Lambda = 2.800000e+01
d0 = 1.000000e+00
omega = 2.770000e+01
gamma_s = 1.000000e-01
initial guesses for R, eta, and delta:
guess for R = 2.074002e+00
guess for eta = 6.382831e+00
guess for delta = 8.159411e-01
estimated ranges of R, eta, and delta:
upper bound estimate of R = 3.111003e+00
lower bound estimate of R = 1.555502e+00
upper bound estimate of eta = 6.482831e+00
lower bound estimate of eta = 6.362831e+00
upper bound estimate of delta = 8.180000e-01
lower bound estimate of delta = 8.100000e-01
ss=3.603454409431e+21, lastss = 2.283421223194e+02
tol = 8.677791284263e-14
failed to integrate at x = (2.074002e+00,6.382831e+00,8.159411e-01)
solvde convergence failed when x = (2.074002e+00,6.382831e+00,8.159411e-01).
Retrying using a constant y value
    iteration	            R	          eta	        delta	            E	         dEdR	       dEdeta	     dEddelta	    grad norm
a-alpha = 1.742299e-08, fpa = 3.015069e-09
minimum found at:
            9	 2.131479e+00	 6.384248e+00	 8.159642e-01	-4.150002e+00	-3.018643e-08	 2.217979e-07	-7.120230e-06	 7.123748e-06
psi(R) = 2.00e-01
parameter values for minimization:
K33 = 3.000000e+01
k24 = 6.000000e-01
Lambda = 2.900000e+01
d0 = 1.000000e+00
omega = 2.770000e+01
gamma_s = 1.000000e-01
initial guesses for R, eta, and delta:
guess for R = 2.131479e+00
guess for eta = 6.384248e+00
guess for delta = 8.159642e-01
estimated ranges of R, eta, and delta:
upper bound estimate of R = 3.197218e+00
lower bound estimate of R = 1.598609e+00
upper bound estimate of eta = 6.484248e+00
lower bound estimate of eta = 6.364248e+00
upper bound estimate of delta = 8.180000e-01
lower bound estimate of delta = 8.100000e-01
    iteration	            R	          eta	        delta	            E	         dEdR	       dEdeta	     dEddelta	    grad norm
minimum found at:
           12	 2.185959e+00	 6.385565e+00	 8.159850e-01	-4.149589e+00	 3.503949e-08	 6.441761e-07	-2.797762e-06	 2.871178e-06
psi(R) = 2.01e-01
parameter values for minimization:
K33 = 3.000000e+01
k24 = 6.000000e-01
Lambda = 3.000000e+01
d0 = 1.000000e+00
omega = 2.770000e+01
gamma_s = 1.000000e-01
initial guesses for R, eta, and delta:
guess for R = 2.185959e+00
guess for eta = 6.385565e+00
guess for delta = 8.159850e-01
estimated ranges of R, eta, and delta:
upper bound estimate of R = 3.278938e+00
lower bound estimate of R = 1.639469e+00
upper bound estimate of eta = 6.485565e+00
lower bound estimate of eta = 6.365565e+00
upper bound estimate of delta = 8.180000e-01
lower bound estimate of delta = 8.100000e-01
    iteration	            R	          eta	        delta	            E	         dEdR	       dEdeta	     dEddelta	    grad norm
a-alpha = 6.847032e-08, fpa = 1.282240e-09
minimum found at:
           15	 2.237709e+00	 6.386793e+00	 8.160036e-01	-4.149205e+00	 8.108155e-09	-2.370943e-07	-7.738254e-06	 7.741890e-06
psi(R) = 2.01e-01
parameter values for minimization:
K33 = 3.000000e+01
k24 = 6.000000e-01
Lambda = 3.100000e+01
d0 = 1.000000e+00
omega = 2.770000e+01
gamma_s = 1.000000e-01
initial guesses for R, eta, and delta:
guess for R = 2.237709e+00
guess for eta = 6.386793e+00
guess for delta = 8.160036e-01
estimated ranges of R, eta, and delta:
upper bound estimate of R = 3.356564e+00
lower bound estimate of R = 1.678282e+00
upper bound estimate of eta = 6.486793e+00
lower bound estimate of eta = 6.366793e+00
upper bound estimate of delta = 8.180000e-01
lower bound estimate of delta = 8.100000e-01
likely a maximizing (vs minimizing) solution for psi(r), as y[1][2]=-2.257054e-04  which usually means high energy.
solvde convergence failed when x = (2.237709e+00,6.386793e+00,8.160036e-01).
Retrying using a constant y value
    iteration	            R	          eta	        delta	            E	         dEdR	       dEdeta	     dEddelta	    grad norm
minimum found at:
           14	 2.287037e+00	 6.387945e+00	 8.160205e-01	-4.148846e+00	-2.769579e-09	 2.030475e-07	-1.173136e-06	 1.190581e-06
psi(R) = 2.02e-01
parameter values for minimization:
K33 = 3.000000e+01
k24 = 6.000000e-01
Lambda = 3.200000e+01
d0 = 1.000000e+00
omega = 2.770000e+01
gamma_s = 1.000000e-01
initial guesses for R, eta, and delta:
guess for R = 2.287037e+00
guess for eta = 6.387945e+00
guess for delta = 8.160205e-01
estimated ranges of R, eta, and delta:
upper bound estimate of R = 3.430556e+00
lower bound estimate of R = 1.715278e+00
upper bound estimate of eta = 6.487945e+00
lower bound estimate of eta = 6.367945e+00
upper bound estimate of delta = 8.180000e-01
lower bound estimate of delta = 8.100000e-01
    iteration	            R	          eta	        delta	            E	         dEdR	       dEdeta	     dEddelta	    grad norm
a-alpha = 4.550730e-08, fpa = 1.836017e-09
minimum found at:
           11	 2.334154e+00	 6.389027e+00	 8.160359e-01	-4.148510e+00	 1.926232e-08	-5.213114e-07	 1.628327e-06	 1.709850e-06
psi(R) = 2.02e-01
parameter values for minimization:
K33 = 3.000000e+01
k24 = 6.000000e-01
Lambda = 3.300000e+01
d0 = 1.000000e+00
omega = 2.770000e+01
gamma_s = 1.000000e-01
initial guesses for R, eta, and delta:
guess for R = 2.334154e+00
guess for eta = 6.389027e+00
guess for delta = 8.160359e-01
estimated ranges of R, eta, and delta:
upper bound estimate of R = 3.501231e+00
lower bound estimate of R = 1.750615e+00
upper bound estimate of eta = 6.489027e+00
lower bound estimate of eta = 6.369027e+00
upper bound estimate of delta = 8.180000e-01
lower bound estimate of delta = 8.100000e-01
    iteration	            R	          eta	        delta	            E	         dEdR	       dEdeta	     dEddelta	    grad norm
minimum found at:
           12	 2.379250e+00	 6.390047e+00	 8.160500e-01	-4.148195e+00	 4.955139e-09	-3.093821e-07	 7.575422e-06	 7.581738e-06
psi(R) = 2.03e-01
parameter values for minimization:
K33 = 3.000000e+01
k24 = 6.000000e-01
Lambda = 3.400000e+01
d0 = 1.000000e+00
omega = 2.770000e+01
gamma_s = 1.000000e-01
initial guesses for R, eta, and delta:
guess for R = 2.379250e+00
guess for eta = 6.390047e+00
guess for delta = 8.160500e-01
estimated ranges of R, eta, and delta:
upper bound estimate of R = 3.568875e+00
lower bound estimate of R = 1.784437e+00
upper bound estimate of eta = 6.490047e+00
lower bound estimate of eta = 6.370047e+00
upper bound estimate of delta = 8.180000e-01
lower bound estimate of delta = 8.100000e-01
    iteration	            R	          eta	        delta	            E	         dEdR	       dEdeta	     dEddelta	    grad norm
minimum found at:
           11	 2.422504e+00	 6.391011e+00	 8.160627e-01	-4.147898e+00	 1.971034e-08	 2.087219e-07	-6.106227e-07	 6.456109e-07
psi(R) = 2.03e-01
parameter values for minimization:
K33 = 3.000000e+01
k24 = 6.000000e-01
Lambda = 3.500000e+01
d0 = 1.000000e+00
omega = 2.770000e+01
gamma_s = 1.000000e-01
initial guesses for R, eta, and delta:
guess for R = 2.422504e+00
guess for eta = 6.391011e+00
guess for delta = 8.160627e-01
estimated ranges of R, eta, and delta:
upper bound estimate of R = 3.633756e+00
lower bound estimate of R = 1.816878e+00
upper bound estimate of eta = 6.491011e+00
lower bound estimate of eta = 6.371011e+00
upper bound estimate of delta = 8.180000e-01
lower bound estimate of delta = 8.100000e-01
    iteration	            R	          eta	        delta	            E	         dEdR	       dEdeta	     dEddelta	    grad norm
minimum found at:
            7	 2.464031e+00	 6.391924e+00	 8.160744e-01	-4.147618e+00	-8.620032e-09	-3.816700e-07	-8.796667e-06	 8.804947e-06
psi(R) = 2.04e-01
parameter values for minimization:
K33 = 3.000000e+01
k24 = 6.000000e-01
Lambda = 3.600000e+01
d0 = 1.000000e+00
omega = 2.770000e+01
gamma_s = 1.000000e-01
initial guesses for R, eta, and delta:
guess for R = 2.464031e+00
guess for eta = 6.391924e+00
guess for delta = 8.160744e-01
estimated ranges of R, eta, and delta:
upper bound estimate of R = 3.696046e+00
lower bound estimate of R = 1.848023e+00
upper bound estimate of eta = 6.491924e+00
lower bound estimate of eta = 6.371924e+00
upper bound estimate of delta = 8.180000e-01
lower bound estimate of delta = 8.100000e-01
ss=2.998451402932e+22, lastss = 1.094135218110e+22
tol = 1.228332832617e-13
failed to integrate at x = (2.464031e+00,6.391924e+00,8.160744e-01)
solvde convergence failed when x = (2.464031e+00,6.391924e+00,8.160744e-01).
Retrying using a constant y value
    iteration	            R	          eta	        delta	            E	         dEdR	       dEdeta	     dEddelta	    grad norm
minimum found at:
            6	 2.504006e+00	 6.392791e+00	 8.160857e-01	-4.147353e+00	-3.268148e-09	 4.310132e-07	 5.399385e-06	 5.416561e-06
psi(R) = 2.04e-01
parameter values for minimization:
K33 = 3.000000e+01
k24 = 6.000000e-01
Lambda = 3.700000e+01
d0 = 1.000000e+00
omega = 2.770000e+01
gamma_s = 1.000000e-01
initial guesses for R, eta, and delta:
guess for R = 2.504006e+00
guess for eta = 6.392791e+00
guess for delta = 8.160857e-01
estimated ranges of R, eta, and delta:
upper bound estimate of R = 3.756009e+00
lower bound estimate of R = 1.878004e+00
upper bound estimate of eta = 6.492791e+00
lower bound estimate of eta = 6.372791e+00
upper bound estimate of delta = 8.180000e-01
lower bound estimate of delta = 8.100000e-01
likely a maximizing (vs minimizing) solution for psi(r), as y[1][2]=-2.329416e-04  which usually means high energy.
solvde convergence failed when x = (2.504006e+00,6.392791e+00,8.160857e-01).
Retrying using a constant y value
    iteration	            R	          eta	        delta	            E	         dEdR	       dEdeta	     dEddelta	    grad norm
minimum found at:
            7	 2.542504e+00	 6.393616e+00	 8.160960e-01	-4.147102e+00	-8.355226e-10	-2.467162e-07	 1.008453e-05	 1.008754e-05
psi(R) = 2.05e-01
Ri is NAN, trying again with Rguess = 1.0
Traceback (most recent call last):
  File "scan2d.py", line 77, in <module>
    Ei,Ri,etai,deltai,surftwisti = run.get_all_observables('observables',str2float=True)
  File "../../modules_gammak24/singlerun.py", line 77, in get_all_observables
    E,R,eta,delta,surftwist = map(float,line.split())
ValueError: not enough values to unpack (expected 5, got 0)
