hi
Restoring modules from user's standard_modules
parameter values for minimization:
K33 = 3.000000e+01
k24 = 7.000000e-01
Lambda = 0.000000e+00
d0 = 1.000000e+00
omega = 3.100000e+00
gamma_s = 1.000000e-01
initial guesses for R, eta, and delta:
guess for R = 5.000000e-01
guess for eta = 6.300000e+00
guess for delta = 8.100000e-01
estimated ranges of R, eta, and delta:
upper bound estimate of R = 2.000000e+00
lower bound estimate of R = 1.000000e-01
upper bound estimate of eta = 6.430000e+00
lower bound estimate of eta = 6.290000e+00
upper bound estimate of delta = 8.160000e-01
lower bound estimate of delta = 8.000000e-01
    iteration	            R	          eta	        delta	            E	         dEdR	       dEdeta	     dEddelta	    grad norm
minimum found at:
            6	 3.578031e-01	 6.300000e+00	 8.164966e-01	-5.569988e-01	-2.727177e-10	-5.551115e-10	 3.238150e-09	 3.296687e-09
psi(R) = 2.96e-01
parameter values for minimization:
K33 = 3.000000e+01
k24 = 7.000000e-01
Lambda = 1.000000e+00
d0 = 1.000000e+00
omega = 3.100000e+00
gamma_s = 1.000000e-01
initial guesses for R, eta, and delta:
guess for R = 3.578031e-01
guess for eta = 6.300000e+00
guess for delta = 8.164966e-01
estimated ranges of R, eta, and delta:
upper bound estimate of R = 5.367047e-01
lower bound estimate of R = 2.683523e-01
upper bound estimate of eta = 6.400000e+00
lower bound estimate of eta = 6.280000e+00
upper bound estimate of delta = 8.180000e-01
lower bound estimate of delta = 8.100000e-01
    iteration	            R	          eta	        delta	            E	         dEdR	       dEdeta	     dEddelta	    grad norm
a-alpha = 1.686168e-07, fpa = 4.240623e-10
a-alpha = -1.937980e-08, fpa = -8.102175e-10
minimum found at:
           26	 2.680206e-01	 6.358511e+00	 7.881423e-01	-4.598179e-01	 5.907899e-08	-7.413823e-08	 1.155095e-06	 1.158978e-06
psi(R) = 2.39e-01
parameter values for minimization:
K33 = 3.000000e+01
k24 = 7.000000e-01
Lambda = 2.000000e+00
d0 = 1.000000e+00
omega = 3.100000e+00
gamma_s = 1.000000e-01
initial guesses for R, eta, and delta:
guess for R = 2.680206e-01
guess for eta = 6.358511e+00
guess for delta = 7.881423e-01
estimated ranges of R, eta, and delta:
upper bound estimate of R = 4.020309e-01
lower bound estimate of R = 2.010154e-01
upper bound estimate of eta = 6.458511e+00
lower bound estimate of eta = 6.338511e+00
upper bound estimate of delta = 8.180000e-01
lower bound estimate of delta = 7.487352e-01
    iteration	            R	          eta	        delta	            E	         dEdR	       dEdeta	     dEddelta	    grad norm
a-alpha = 3.520693e-08, fpa = 6.608149e-10
a-alpha = 1.025537e-07, fpa = 6.175180e-10
minimum found at:
           14	 2.475361e-01	 6.349181e+00	 7.751498e-01	-4.054359e-01	 1.843786e-08	 5.181041e-09	 1.843297e-08	 2.658143e-08
psi(R) = 2.22e-01
parameter values for minimization:
K33 = 3.000000e+01
k24 = 7.000000e-01
Lambda = 3.000000e+00
d0 = 1.000000e+00
omega = 3.100000e+00
gamma_s = 1.000000e-01
initial guesses for R, eta, and delta:
guess for R = 2.475361e-01
guess for eta = 6.349181e+00
guess for delta = 7.751498e-01
estimated ranges of R, eta, and delta:
upper bound estimate of R = 3.713041e-01
lower bound estimate of R = 1.856521e-01
upper bound estimate of eta = 6.449181e+00
lower bound estimate of eta = 6.329181e+00
upper bound estimate of delta = 8.180000e-01
lower bound estimate of delta = 7.363923e-01
    iteration	            R	          eta	        delta	            E	         dEdR	       dEdeta	     dEddelta	    grad norm
a-alpha = 1.134495e-08, fpa = 1.268648e-09
a-alpha = -3.390242e-08, fpa = -1.697278e-09
a-alpha = 4.286637e-08, fpa = 4.028070e-09
a-alpha = 6.768008e-09, fpa = 5.722091e-10
a-alpha = -3.179634e-08, fpa = -5.099364e-10
minimum found at:
           20	 2.368546e-01	 6.343760e+00	 7.659943e-01	-3.647281e-01	 7.544043e-08	-3.703827e-08	-4.532147e-09	 8.416431e-08
psi(R) = 2.11e-01
parameter values for minimization:
K33 = 3.000000e+01
k24 = 7.000000e-01
Lambda = 4.000000e+00
d0 = 1.000000e+00
omega = 3.100000e+00
gamma_s = 1.000000e-01
initial guesses for R, eta, and delta:
guess for R = 2.368546e-01
guess for eta = 6.343760e+00
guess for delta = 7.659943e-01
estimated ranges of R, eta, and delta:
upper bound estimate of R = 3.552819e-01
lower bound estimate of R = 1.776409e-01
upper bound estimate of eta = 6.443760e+00
lower bound estimate of eta = 6.323760e+00
upper bound estimate of delta = 8.180000e-01
lower bound estimate of delta = 7.276946e-01
    iteration	            R	          eta	        delta	            E	         dEdR	       dEdeta	     dEddelta	    grad norm
a-alpha = -1.724790e-08, fpa = -1.425556e-10
minimum found at:
           13	 2.301589e-01	 6.339985e+00	 7.588387e-01	-3.315594e-01	-3.214488e-08	 6.531812e-08	-1.079831e-08	 7.359588e-08
psi(R) = 2.04e-01
parameter values for minimization:
K33 = 3.000000e+01
k24 = 7.000000e-01
Lambda = 5.000000e+00
d0 = 1.000000e+00
omega = 3.100000e+00
gamma_s = 1.000000e-01
initial guesses for R, eta, and delta:
guess for R = 2.301589e-01
guess for eta = 6.339985e+00
guess for delta = 7.588387e-01
estimated ranges of R, eta, and delta:
upper bound estimate of R = 3.452384e-01
lower bound estimate of R = 1.726192e-01
upper bound estimate of eta = 6.439985e+00
lower bound estimate of eta = 6.319985e+00
upper bound estimate of delta = 8.180000e-01
lower bound estimate of delta = 7.208968e-01
    iteration	            R	          eta	        delta	            E	         dEdR	       dEdeta	     dEddelta	    grad norm
minimum found at:
           13	 2.256029e-01	 6.337111e+00	 7.529649e-01	-3.033267e-01	 6.755930e-10	-9.213309e-08	-9.268700e-08	 1.306899e-07
psi(R) = 1.98e-01
parameter values for minimization:
K33 = 3.000000e+01
k24 = 7.000000e-01
Lambda = 6.000000e+00
d0 = 1.000000e+00
omega = 3.100000e+00
gamma_s = 1.000000e-01
initial guesses for R, eta, and delta:
guess for R = 2.256029e-01
guess for eta = 6.337111e+00
guess for delta = 7.529649e-01
estimated ranges of R, eta, and delta:
upper bound estimate of R = 3.384044e-01
lower bound estimate of R = 1.692022e-01
upper bound estimate of eta = 6.437111e+00
lower bound estimate of eta = 6.317111e+00
upper bound estimate of delta = 8.180000e-01
lower bound estimate of delta = 7.153167e-01
    iteration	            R	          eta	        delta	            E	         dEdR	       dEdeta	     dEddelta	    grad norm
a-alpha = -1.519015e-08, fpa = -4.837818e-10
a-alpha = -9.274402e-08, fpa = -7.180719e-10
minimum found at:
           20	 2.223757e-01	 6.334804e+00	 7.480072e-01	-2.786360e-01	 8.188774e-08	-1.756658e-08	 9.002879e-08	 1.229608e-07
psi(R) = 1.93e-01
parameter values for minimization:
K33 = 3.000000e+01
k24 = 7.000000e-01
Lambda = 7.000000e+00
d0 = 1.000000e+00
omega = 3.100000e+00
gamma_s = 1.000000e-01
initial guesses for R, eta, and delta:
guess for R = 2.223757e-01
guess for eta = 6.334804e+00
guess for delta = 7.480072e-01
estimated ranges of R, eta, and delta:
upper bound estimate of R = 3.335636e-01
lower bound estimate of R = 1.667818e-01
upper bound estimate of eta = 6.434804e+00
lower bound estimate of eta = 6.314804e+00
upper bound estimate of delta = 8.180000e-01
lower bound estimate of delta = 7.106068e-01
    iteration	            R	          eta	        delta	            E	         dEdR	       dEdeta	     dEddelta	    grad norm
minimum found at:
           10	 2.200546e-01	 6.332884e+00	 7.437507e-01	-2.566391e-01	 8.112348e-08	-5.828671e-08	-5.964986e-08	 1.163463e-07
psi(R) = 1.89e-01
parameter values for minimization:
K33 = 3.000000e+01
k24 = 7.000000e-01
Lambda = 8.000000e+00
d0 = 1.000000e+00
omega = 3.100000e+00
gamma_s = 1.000000e-01
initial guesses for R, eta, and delta:
guess for R = 2.200546e-01
guess for eta = 6.332884e+00
guess for delta = 7.437507e-01
estimated ranges of R, eta, and delta:
upper bound estimate of R = 3.300819e-01
lower bound estimate of R = 1.650409e-01
upper bound estimate of eta = 6.432884e+00
lower bound estimate of eta = 6.312884e+00
upper bound estimate of delta = 8.180000e-01
lower bound estimate of delta = 7.065632e-01
    iteration	            R	          eta	        delta	            E	         dEdR	       dEdeta	     dEddelta	    grad norm
a-alpha = 1.276766e-08, fpa = 5.207460e-09
a-alpha = -2.136089e-09, fpa = -3.426823e-09
a-alpha = 6.686849e-09, fpa = 4.304948e-09
minimum found at:
           16	 2.183945e-01	 6.331244e+00	 7.400581e-01	-2.367753e-01	 4.169591e-08	-8.406855e-08	-6.957356e-09	 9.409822e-08
psi(R) = 1.86e-01
parameter values for minimization:
K33 = 3.000000e+01
k24 = 7.000000e-01
Lambda = 9.000000e+00
d0 = 1.000000e+00
omega = 3.100000e+00
gamma_s = 1.000000e-01
initial guesses for R, eta, and delta:
guess for R = 2.183945e-01
guess for eta = 6.331244e+00
guess for delta = 7.400581e-01
estimated ranges of R, eta, and delta:
upper bound estimate of R = 3.275917e-01
lower bound estimate of R = 1.637959e-01
upper bound estimate of eta = 6.431244e+00
lower bound estimate of eta = 6.311244e+00
upper bound estimate of delta = 8.180000e-01
lower bound estimate of delta = 7.030552e-01
    iteration	            R	          eta	        delta	            E	         dEdR	       dEdeta	     dEddelta	    grad norm
minimum found at:
            9	 2.172428e-01	 6.329816e+00	 7.368356e-01	-2.186522e-01	 7.913419e-08	 6.335981e-08	-1.461047e-07	 1.778293e-07
psi(R) = 1.83e-01
parameter values for minimization:
K33 = 3.000000e+01
k24 = 7.000000e-01
Lambda = 1.000000e+01
d0 = 1.000000e+00
omega = 3.100000e+00
gamma_s = 1.000000e-01
initial guesses for R, eta, and delta:
guess for R = 2.172428e-01
guess for eta = 6.329816e+00
guess for delta = 7.368356e-01
estimated ranges of R, eta, and delta:
upper bound estimate of R = 3.258642e-01
lower bound estimate of R = 1.629321e-01
upper bound estimate of eta = 6.429816e+00
lower bound estimate of eta = 6.309816e+00
upper bound estimate of delta = 8.180000e-01
lower bound estimate of delta = 6.999938e-01
    iteration	            R	          eta	        delta	            E	         dEdR	       dEdeta	     dEddelta	    grad norm
a-alpha = -2.908385e-08, fpa = -2.751071e-10
minimum found at:
           12	 2.165000e-01	 6.328552e+00	 7.340170e-01	-2.019825e-01	 2.277019e-09	-3.425501e-08	-1.016083e-08	 3.580269e-08
psi(R) = 1.80e-01
parameter values for minimization:
K33 = 3.000000e+01
k24 = 7.000000e-01
Lambda = 1.100000e+01
d0 = 1.000000e+00
omega = 3.100000e+00
gamma_s = 1.000000e-01
initial guesses for R, eta, and delta:
guess for R = 2.165000e-01
guess for eta = 6.328552e+00
guess for delta = 7.340170e-01
estimated ranges of R, eta, and delta:
upper bound estimate of R = 3.247500e-01
lower bound estimate of R = 1.623750e-01
upper bound estimate of eta = 6.428552e+00
lower bound estimate of eta = 6.308552e+00
upper bound estimate of delta = 8.180000e-01
lower bound estimate of delta = 6.973162e-01
    iteration	            R	          eta	        delta	            E	         dEdR	       dEdeta	     dEddelta	    grad norm
a-alpha = 3.584266e-09, fpa = 3.591702e-10
a-alpha = 3.093734e-08, fpa = 1.254126e-10
minimum found at:
           12	 2.160988e-01	 6.327421e+00	 7.315537e-01	-1.865494e-01	 7.237197e-08	-1.147693e-07	-4.415728e-09	 1.357542e-07
psi(R) = 1.77e-01
parameter values for minimization:
K33 = 3.000000e+01
k24 = 7.000000e-01
Lambda = 1.200000e+01
d0 = 1.000000e+00
omega = 3.100000e+00
gamma_s = 1.000000e-01
initial guesses for R, eta, and delta:
guess for R = 2.160988e-01
guess for eta = 6.327421e+00
guess for delta = 7.315537e-01
estimated ranges of R, eta, and delta:
upper bound estimate of R = 3.241482e-01
lower bound estimate of R = 1.620741e-01
upper bound estimate of eta = 6.427421e+00
lower bound estimate of eta = 6.307421e+00
upper bound estimate of delta = 8.180000e-01
lower bound estimate of delta = 6.949760e-01
    iteration	            R	          eta	        delta	            E	         dEdR	       dEdeta	     dEddelta	    grad norm
minimum found at:
           15	 2.159938e-01	 6.326398e+00	 7.294098e-01	-1.721845e-01	-1.864523e-08	-5.605084e-09	 3.785046e-08	 4.256430e-08
psi(R) = 1.75e-01
parameter values for minimization:
K33 = 3.000000e+01
k24 = 7.000000e-01
Lambda = 1.300000e+01
d0 = 1.000000e+00
omega = 3.100000e+00
gamma_s = 1.000000e-01
initial guesses for R, eta, and delta:
guess for R = 2.159938e-01
guess for eta = 6.326398e+00
guess for delta = 7.294098e-01
estimated ranges of R, eta, and delta:
upper bound estimate of R = 3.239907e-01
lower bound estimate of R = 1.619954e-01
upper bound estimate of eta = 6.426398e+00
lower bound estimate of eta = 6.306398e+00
upper bound estimate of delta = 8.180000e-01
lower bound estimate of delta = 6.929393e-01
    iteration	            R	          eta	        delta	            E	         dEdR	       dEdeta	     dEddelta	    grad norm
a-alpha = -6.174353e-09, fpa = -3.044587e-09
a-alpha = 4.803569e-09, fpa = 2.321932e-10
a-alpha = 2.124608e-08, fpa = 4.075781e-10
a-alpha = 8.288516e-09, fpa = 1.671976e-10
a-alpha = -2.369585e-08, fpa = -8.414528e-09
a-alpha = -2.455328e-09, fpa = -2.782887e-09
minimum found at:
           11	 2.161541e-01	 6.325464e+00	 7.275583e-01	-1.587542e-01	-2.683687e-08	-1.133353e-07	-1.559601e-08	 1.175089e-07
psi(R) = 1.73e-01
parameter values for minimization:
K33 = 3.000000e+01
k24 = 7.000000e-01
Lambda = 1.400000e+01
d0 = 1.000000e+00
omega = 3.100000e+00
gamma_s = 1.000000e-01
initial guesses for R, eta, and delta:
guess for R = 2.161541e-01
guess for eta = 6.325464e+00
guess for delta = 7.275583e-01
estimated ranges of R, eta, and delta:
upper bound estimate of R = 3.242311e-01
lower bound estimate of R = 1.621156e-01
upper bound estimate of eta = 6.425464e+00
lower bound estimate of eta = 6.305464e+00
upper bound estimate of delta = 8.180000e-01
lower bound estimate of delta = 6.911804e-01
    iteration	            R	          eta	        delta	            E	         dEdR	       dEdeta	     dEddelta	    grad norm
a-alpha = -2.082720e-08, fpa = -2.018706e-09
minimum found at:
           11	 2.165601e-01	 6.324606e+00	 7.259789e-01	-1.461508e-01	-2.341563e-08	-8.138974e-08	-1.189424e-07	 1.460133e-07
psi(R) = 1.71e-01
parameter values for minimization:
K33 = 3.000000e+01
k24 = 7.000000e-01
Lambda = 1.500000e+01
d0 = 1.000000e+00
omega = 3.100000e+00
gamma_s = 1.000000e-01
initial guesses for R, eta, and delta:
guess for R = 2.165601e-01
guess for eta = 6.324606e+00
guess for delta = 7.259789e-01
estimated ranges of R, eta, and delta:
upper bound estimate of R = 3.248401e-01
lower bound estimate of R = 1.624201e-01
upper bound estimate of eta = 6.424606e+00
lower bound estimate of eta = 6.304606e+00
upper bound estimate of delta = 8.180000e-01
lower bound estimate of delta = 6.896800e-01
    iteration	            R	          eta	        delta	            E	         dEdR	       dEdeta	     dEddelta	    grad norm
minimum found at:
            9	 2.172010e-01	 6.323812e+00	 7.246572e-01	-1.342863e-01	-1.674698e-08	-1.509595e-08	 3.953236e-08	 4.550996e-08
psi(R) = 1.69e-01
parameter values for minimization:
K33 = 3.000000e+01
k24 = 7.000000e-01
Lambda = 1.600000e+01
d0 = 1.000000e+00
omega = 3.100000e+00
gamma_s = 1.000000e-01
initial guesses for R, eta, and delta:
guess for R = 2.172010e-01
guess for eta = 6.323812e+00
guess for delta = 7.246572e-01
estimated ranges of R, eta, and delta:
upper bound estimate of R = 3.258015e-01
lower bound estimate of R = 1.629008e-01
upper bound estimate of eta = 6.423812e+00
lower bound estimate of eta = 6.303812e+00
upper bound estimate of delta = 8.180000e-01
lower bound estimate of delta = 6.884243e-01
    iteration	            R	          eta	        delta	            E	         dEdR	       dEdeta	     dEddelta	    grad norm
minimum found at:
            9	 2.180735e-01	 6.323074e+00	 7.235830e-01	-1.230876e-01	-1.579738e-08	-1.295646e-08	 3.539715e-08	 4.087034e-08
psi(R) = 1.67e-01
parameter values for minimization:
K33 = 3.000000e+01
k24 = 7.000000e-01
Lambda = 1.700000e+01
d0 = 1.000000e+00
omega = 3.100000e+00
gamma_s = 1.000000e-01
initial guesses for R, eta, and delta:
guess for R = 2.180735e-01
guess for eta = 6.323074e+00
guess for delta = 7.235830e-01
estimated ranges of R, eta, and delta:
upper bound estimate of R = 3.271102e-01
lower bound estimate of R = 1.635551e-01
upper bound estimate of eta = 6.423074e+00
lower bound estimate of eta = 6.303074e+00
upper bound estimate of delta = 8.180000e-01
lower bound estimate of delta = 6.874038e-01
    iteration	            R	          eta	        delta	            E	         dEdR	       dEdeta	     dEddelta	    grad norm
minimum found at:
           13	 2.191813e-01	 6.322385e+00	 7.227504e-01	-1.124940e-01	 1.209831e-07	-5.659824e-08	 1.935438e-08	 1.349625e-07
psi(R) = 1.65e-01
parameter values for minimization:
K33 = 3.000000e+01
k24 = 7.000000e-01
Lambda = 1.800000e+01
d0 = 1.000000e+00
omega = 3.100000e+00
gamma_s = 1.000000e-01
initial guesses for R, eta, and delta:
guess for R = 2.191813e-01
guess for eta = 6.322385e+00
guess for delta = 7.227504e-01
estimated ranges of R, eta, and delta:
upper bound estimate of R = 3.287719e-01
lower bound estimate of R = 1.643860e-01
upper bound estimate of eta = 6.422385e+00
lower bound estimate of eta = 6.302385e+00
upper bound estimate of delta = 8.180000e-01
lower bound estimate of delta = 6.866129e-01
    iteration	            R	          eta	        delta	            E	         dEdR	       dEdeta	     dEddelta	    grad norm
a-alpha = 1.503901e-08, fpa = 1.754568e-09
minimum found at:
           11	 2.205356e-01	 6.321740e+00	 7.221577e-01	-1.024542e-01	 6.002683e-08	-6.903908e-08	 1.189769e-07	 1.500837e-07
psi(R) = 1.64e-01
parameter values for minimization:
K33 = 3.000000e+01
k24 = 7.000000e-01
Lambda = 1.900000e+01
d0 = 1.000000e+00
omega = 3.100000e+00
gamma_s = 1.000000e-01
initial guesses for R, eta, and delta:
guess for R = 2.205356e-01
guess for eta = 6.321740e+00
guess for delta = 7.221577e-01
estimated ranges of R, eta, and delta:
upper bound estimate of R = 3.308034e-01
lower bound estimate of R = 1.654017e-01
upper bound estimate of eta = 6.421740e+00
lower bound estimate of eta = 6.301740e+00
upper bound estimate of delta = 8.180000e-01
lower bound estimate of delta = 6.860498e-01
    iteration	            R	          eta	        delta	            E	         dEdR	       dEdeta	     dEddelta	    grad norm
a-alpha = -1.960018e-08, fpa = -6.675145e-10
minimum found at:
           10	 2.221560e-01	 6.321133e+00	 7.218069e-01	-9.292495e-02	 4.295861e-09	-5.967449e-09	-1.283829e-08	 1.479482e-08
psi(R) = 1.62e-01
parameter values for minimization:
K33 = 3.000000e+01
k24 = 7.000000e-01
Lambda = 2.000000e+01
d0 = 1.000000e+00
omega = 3.100000e+00
gamma_s = 1.000000e-01
initial guesses for R, eta, and delta:
guess for R = 2.221560e-01
guess for eta = 6.321133e+00
guess for delta = 7.218069e-01
estimated ranges of R, eta, and delta:
upper bound estimate of R = 3.332340e-01
lower bound estimate of R = 1.666170e-01
upper bound estimate of eta = 6.421133e+00
lower bound estimate of eta = 6.301133e+00
upper bound estimate of delta = 8.180000e-01
lower bound estimate of delta = 6.857166e-01
    iteration	            R	          eta	        delta	            E	         dEdR	       dEdeta	     dEddelta	    grad norm
a-alpha = -1.910097e-08, fpa = -1.389033e-09
a-alpha = 2.706707e-08, fpa = 1.431742e-09
minimum found at:
           17	 2.240725e-01	 6.320560e+00	 7.217054e-01	-8.386988e-02	 1.099660e-07	-1.208139e-08	 5.232885e-08	 1.223797e-07
psi(R) = 1.61e-01
parameter values for minimization:
K33 = 3.000000e+01
k24 = 7.000000e-01
Lambda = 2.100000e+01
d0 = 1.000000e+00
omega = 3.100000e+00
gamma_s = 1.000000e-01
initial guesses for R, eta, and delta:
guess for R = 2.240725e-01
guess for eta = 6.320560e+00
guess for delta = 7.217054e-01
estimated ranges of R, eta, and delta:
upper bound estimate of R = 3.361088e-01
lower bound estimate of R = 1.680544e-01
upper bound estimate of eta = 6.420560e+00
lower bound estimate of eta = 6.300560e+00
upper bound estimate of delta = 8.180000e-01
lower bound estimate of delta = 6.856201e-01
    iteration	            R	          eta	        delta	            E	         dEdR	       dEdeta	     dEddelta	    grad norm
a-alpha = -2.513315e-08, fpa = -3.631865e-10
a-alpha = -1.997203e-08, fpa = -4.801190e-10
a-alpha = 3.944155e-08, fpa = 1.129418e-09
a-alpha = -2.239367e-08, fpa = -5.951780e-10
a-alpha = -7.569847e-09, fpa = -4.528278e-10
a-alpha = -1.382279e-08, fpa = -4.190774e-10
a-alpha = -1.132498e-09, fpa = -1.230213e-08
a-alpha = -2.717468e-09, fpa = -1.645830e-08
a-alpha = 6.250000e-08, fpa = 2.848873e-09
a-alpha = -1.195480e-08, fpa = -3.807688e-09
a-alpha = 5.341492e-08, fpa = 1.525911e-09
a-alpha = 4.105628e-09, fpa = 8.051982e-10
a-alpha = -5.649149e-08, fpa = -2.181388e-10
minimum found at:
           71	 2.263293e-01	 6.320020e+00	 7.218659e-01	-7.525836e-02	-3.373083e-08	-1.719998e-07	-1.138487e-08	 1.756454e-07
psi(R) = 1.59e-01
parameter values for minimization:
K33 = 3.000000e+01
k24 = 7.000000e-01
Lambda = 2.200000e+01
d0 = 1.000000e+00
omega = 3.100000e+00
gamma_s = 1.000000e-01
initial guesses for R, eta, and delta:
guess for R = 2.263293e-01
guess for eta = 6.320020e+00
guess for delta = 7.218659e-01
estimated ranges of R, eta, and delta:
upper bound estimate of R = 3.394940e-01
lower bound estimate of R = 1.697470e-01
upper bound estimate of eta = 6.420020e+00
lower bound estimate of eta = 6.300020e+00
upper bound estimate of delta = 8.180000e-01
lower bound estimate of delta = 6.857726e-01
    iteration	            R	          eta	        delta	            E	         dEdR	       dEdeta	     dEddelta	    grad norm
minimum found at:
            9	 2.289909e-01	 6.319511e+00	 7.223098e-01	-6.706506e-02	-2.644798e-08	 4.299370e-08	-4.013089e-08	 6.448598e-08
psi(R) = 1.58e-01
parameter values for minimization:
K33 = 3.000000e+01
k24 = 7.000000e-01
Lambda = 2.300000e+01
d0 = 1.000000e+00
omega = 3.100000e+00
gamma_s = 1.000000e-01
initial guesses for R, eta, and delta:
guess for R = 2.289909e-01
guess for eta = 6.319511e+00
guess for delta = 7.223098e-01
estimated ranges of R, eta, and delta:
upper bound estimate of R = 3.434863e-01
lower bound estimate of R = 1.717432e-01
upper bound estimate of eta = 6.419511e+00
lower bound estimate of eta = 6.299511e+00
upper bound estimate of delta = 8.180000e-01
lower bound estimate of delta = 6.861943e-01
    iteration	            R	          eta	        delta	            E	         dEdR	       dEdeta	     dEddelta	    grad norm
a-alpha = -7.952457e-09, fpa = -1.117886e-08
a-alpha = -1.783198e-08, fpa = -9.147729e-09
minimum found at:
           15	 2.321535e-01	 6.319030e+00	 7.230704e-01	-5.926969e-02	 5.127107e-08	-8.047960e-08	-2.320586e-08	 9.820489e-08
psi(R) = 1.57e-01
parameter values for minimization:
K33 = 3.000000e+01
k24 = 7.000000e-01
Lambda = 2.400000e+01
d0 = 1.000000e+00
omega = 3.100000e+00
gamma_s = 1.000000e-01
initial guesses for R, eta, and delta:
guess for R = 2.321535e-01
guess for eta = 6.319030e+00
guess for delta = 7.230704e-01
estimated ranges of R, eta, and delta:
upper bound estimate of R = 3.482303e-01
lower bound estimate of R = 1.741151e-01
upper bound estimate of eta = 6.419030e+00
lower bound estimate of eta = 6.299030e+00
upper bound estimate of delta = 8.180000e-01
lower bound estimate of delta = 6.869169e-01
    iteration	            R	          eta	        delta	            E	         dEdR	       dEdeta	     dEddelta	    grad norm
minimum found at:
            9	 2.359673e-01	 6.318580e+00	 7.242006e-01	-5.185708e-02	-1.465237e-08	 6.635510e-08	 3.796818e-08	 7.784134e-08
psi(R) = 1.55e-01
parameter values for minimization:
K33 = 3.000000e+01
k24 = 7.000000e-01
Lambda = 2.500000e+01
d0 = 1.000000e+00
omega = 3.100000e+00
gamma_s = 1.000000e-01
initial guesses for R, eta, and delta:
guess for R = 2.359673e-01
guess for eta = 6.318580e+00
guess for delta = 7.242006e-01
estimated ranges of R, eta, and delta:
upper bound estimate of R = 3.539509e-01
lower bound estimate of R = 1.769755e-01
upper bound estimate of eta = 6.418580e+00
lower bound estimate of eta = 6.298580e+00
upper bound estimate of delta = 8.180000e-01
lower bound estimate of delta = 6.879906e-01
    iteration	            R	          eta	        delta	            E	         dEdR	       dEdeta	     dEddelta	    grad norm
a-alpha = -3.323603e-08, fpa = -2.665960e-09
a-alpha = -3.695457e-08, fpa = -5.602170e-10
a-alpha = 4.514487e-08, fpa = 1.123793e-09
a-alpha = -1.951255e-08, fpa = -1.098656e-09
a-alpha = -3.767602e-09, fpa = -2.915093e-10
a-alpha = 1.962106e-08, fpa = 5.735953e-10
a-alpha = -4.186892e-09, fpa = -4.716340e-10
a-alpha = -2.314854e-08, fpa = -2.249896e-09
a-alpha = -1.184185e-07, fpa = -1.356691e-09
a-alpha = -2.340140e-09, fpa = -2.112644e-09
a-alpha = -2.600023e-09, fpa = -7.377299e-09
a-alpha = 5.376269e-09, fpa = 9.945802e-10
a-alpha = -6.566157e-08, fpa = -2.182842e-09
minimum found at:
           31	 2.406835e-01	 6.318161e+00	 7.257895e-01	-4.481804e-02	-6.135303e-08	 6.446232e-08	-6.376915e-08	 1.094810e-07
psi(R) = 1.54e-01
parameter values for minimization:
K33 = 3.000000e+01
k24 = 7.000000e-01
Lambda = 2.600000e+01
d0 = 1.000000e+00
omega = 3.100000e+00
gamma_s = 1.000000e-01
initial guesses for R, eta, and delta:
guess for R = 2.406835e-01
guess for eta = 6.318161e+00
guess for delta = 7.257895e-01
estimated ranges of R, eta, and delta:
upper bound estimate of R = 3.610252e-01
lower bound estimate of R = 1.805126e-01
upper bound estimate of eta = 6.418161e+00
lower bound estimate of eta = 6.298161e+00
upper bound estimate of delta = 8.180000e-01
lower bound estimate of delta = 6.895000e-01
    iteration	            R	          eta	        delta	            E	         dEdR	       dEdeta	     dEddelta	    grad norm
a-alpha = -5.864915e-09, fpa = -2.316001e-09
a-alpha = 5.465833e-08, fpa = 1.032978e-09
a-alpha = 5.745030e-08, fpa = 1.565475e-09
minimum found at:
           28	 2.467760e-01	 6.317782e+00	 7.280031e-01	-3.815153e-02	 5.242861e-08	-3.555798e-08	-1.143743e-07	 1.307464e-07
psi(R) = 1.53e-01
parameter values for minimization:
K33 = 3.000000e+01
k24 = 7.000000e-01
Lambda = 2.700000e+01
d0 = 1.000000e+00
omega = 3.100000e+00
gamma_s = 1.000000e-01
initial guesses for R, eta, and delta:
guess for R = 2.467760e-01
guess for eta = 6.317782e+00
guess for delta = 7.280031e-01
estimated ranges of R, eta, and delta:
upper bound estimate of R = 3.701640e-01
lower bound estimate of R = 1.850820e-01
upper bound estimate of eta = 6.417782e+00
lower bound estimate of eta = 6.297782e+00
upper bound estimate of delta = 8.180000e-01
lower bound estimate of delta = 6.916029e-01
    iteration	            R	          eta	        delta	            E	         dEdR	       dEdeta	     dEddelta	    grad norm
a-alpha = 6.258847e-08, fpa = 3.025463e-09
a-alpha = -6.422553e-08, fpa = -4.156631e-10
minimum found at:
           20	 2.553457e-01	 6.317463e+00	 7.312188e-01	-3.187075e-02	 3.947544e-08	-3.362280e-08	-4.747544e-08	 7.030448e-08
psi(R) = 1.51e-01
parameter values for minimization:
K33 = 3.000000e+01
k24 = 7.000000e-01
Lambda = 2.800000e+01
d0 = 1.000000e+00
omega = 3.100000e+00
gamma_s = 1.000000e-01
initial guesses for R, eta, and delta:
guess for R = 2.553457e-01
guess for eta = 6.317463e+00
guess for delta = 7.312188e-01
estimated ranges of R, eta, and delta:
upper bound estimate of R = 3.830186e-01
lower bound estimate of R = 1.915093e-01
upper bound estimate of eta = 6.417463e+00
lower bound estimate of eta = 6.297463e+00
upper bound estimate of delta = 8.180000e-01
lower bound estimate of delta = 6.946579e-01
    iteration	            R	          eta	        delta	            E	         dEdR	       dEdeta	     dEddelta	    grad norm
a-alpha = 7.734185e-09, fpa = 5.422771e-09
a-alpha = -1.000124e-08, fpa = -1.110535e-08
a-alpha = 8.727604e-08, fpa = 1.264688e-09
a-alpha = -1.413652e-08, fpa = -4.910881e-09
a-alpha = -1.187500e-07, fpa = -6.573259e-11
a-alpha = 6.250000e-09, fpa = 4.873052e-10
minimum found at:
           29	 2.707150e-01	 6.317292e+00	 7.368662e-01	-2.602738e-02	 5.041646e-08	 3.315249e-08	 1.150949e-07	 1.299529e-07
psi(R) = 1.50e-01
parameter values for minimization:
K33 = 3.000000e+01
k24 = 7.000000e-01
Lambda = 2.900000e+01
d0 = 1.000000e+00
omega = 3.100000e+00
gamma_s = 1.000000e-01
initial guesses for R, eta, and delta:
guess for R = 2.707150e-01
guess for eta = 6.317292e+00
guess for delta = 7.368662e-01
estimated ranges of R, eta, and delta:
upper bound estimate of R = 4.060725e-01
lower bound estimate of R = 2.030362e-01
upper bound estimate of eta = 6.417292e+00
lower bound estimate of eta = 6.297292e+00
upper bound estimate of delta = 8.180000e-01
lower bound estimate of delta = 7.000229e-01
    iteration	            R	          eta	        delta	            E	         dEdR	       dEdeta	     dEddelta	    grad norm
minimum found at:
           33	 2.021996e+00	 6.381528e+00	 8.113209e-01	-5.054103e-02	-7.518641e-10	-3.686095e-08	-1.206504e-08	 3.879252e-08
psi(R) = 1.98e-01
parameter values for minimization:
K33 = 3.000000e+01
k24 = 7.000000e-01
Lambda = 3.000000e+01
d0 = 1.000000e+00
omega = 3.100000e+00
gamma_s = 1.000000e-01
initial guesses for R, eta, and delta:
guess for R = 2.021996e+00
guess for eta = 6.381528e+00
guess for delta = 8.113209e-01
estimated ranges of R, eta, and delta:
upper bound estimate of R = 3.032994e+00
lower bound estimate of R = 1.516497e+00
upper bound estimate of eta = 6.481528e+00
lower bound estimate of eta = 6.361528e+00
upper bound estimate of delta = 8.180000e-01
lower bound estimate of delta = 8.100000e-01
ss=1.462457180076e+15, lastss = 5.479254075317e+01
tol = 1.000000000000e-14
failed to integrate at x = (2.021996e+00,6.381528e+00,8.113209e-01)
solvde convergence failed when x = (2.021996e+00,6.381528e+00,8.113209e-01).
Retrying using a constant y value
    iteration	            R	          eta	        delta	            E	         dEdR	       dEdeta	     dEddelta	    grad norm
minimum found at:
           19	 2.078261e+00	 6.382935e+00	 8.115397e-01	-5.011314e-02	-1.276899e-09	 8.971093e-08	-1.048794e-07	 1.380194e-07
psi(R) = 1.99e-01
parameter values for minimization:
K33 = 3.000000e+01
k24 = 7.000000e-01
Lambda = 3.100000e+01
d0 = 1.000000e+00
omega = 3.100000e+00
gamma_s = 1.000000e-01
initial guesses for R, eta, and delta:
guess for R = 2.078261e+00
guess for eta = 6.382935e+00
guess for delta = 8.115397e-01
estimated ranges of R, eta, and delta:
upper bound estimate of R = 3.117392e+00
lower bound estimate of R = 1.558696e+00
upper bound estimate of eta = 6.482935e+00
lower bound estimate of eta = 6.362935e+00
upper bound estimate of delta = 8.180000e-01
lower bound estimate of delta = 8.100000e-01
    iteration	            R	          eta	        delta	            E	         dEdR	       dEdeta	     dEddelta	    grad norm
a-alpha = 8.365717e-07, fpa = 1.711365e-10
a-alpha = -2.480695e-07, fpa = -4.318560e-10
a-alpha = 7.712435e-08, fpa = 3.197995e-11
minimum found at:
           28	 2.131524e+00	 6.384242e+00	 8.117344e-01	-4.971591e-02	-1.127492e-08	-3.299444e-08	-8.111993e-07	 8.119483e-07
psi(R) = 1.99e-01
parameter values for minimization:
K33 = 3.000000e+01
k24 = 7.000000e-01
Lambda = 3.200000e+01
d0 = 1.000000e+00
omega = 3.100000e+00
gamma_s = 1.000000e-01
initial guesses for R, eta, and delta:
guess for R = 2.131524e+00
guess for eta = 6.384242e+00
guess for delta = 8.117344e-01
estimated ranges of R, eta, and delta:
upper bound estimate of R = 3.197286e+00
lower bound estimate of R = 1.598643e+00
upper bound estimate of eta = 6.484242e+00
lower bound estimate of eta = 6.364242e+00
upper bound estimate of delta = 8.180000e-01
lower bound estimate of delta = 8.100000e-01
    iteration	            R	          eta	        delta	            E	         dEdR	       dEdeta	     dEddelta	    grad norm
minimum found at:
           15	 2.182127e+00	 6.385461e+00	 8.119098e-01	-4.934569e-02	 2.582013e-09	-9.471590e-09	 2.507138e-06	 2.507157e-06
psi(R) = 2.00e-01
parameter values for minimization:
K33 = 3.000000e+01
k24 = 7.000000e-01
Lambda = 3.300000e+01
d0 = 1.000000e+00
omega = 3.100000e+00
gamma_s = 1.000000e-01
initial guesses for R, eta, and delta:
guess for R = 2.182127e+00
guess for eta = 6.385461e+00
guess for delta = 8.119098e-01
estimated ranges of R, eta, and delta:
upper bound estimate of R = 3.273191e+00
lower bound estimate of R = 1.636595e+00
upper bound estimate of eta = 6.485461e+00
lower bound estimate of eta = 6.365461e+00
upper bound estimate of delta = 8.180000e-01
lower bound estimate of delta = 8.100000e-01
    iteration	            R	          eta	        delta	            E	         dEdR	       dEdeta	     dEddelta	    grad norm
a-alpha = 1.321562e-07, fpa = 1.626688e-09
a-alpha = 8.230407e-08, fpa = 1.913388e-09
minimum found at:
           14	 2.230321e+00	 6.386603e+00	 8.120673e-01	-4.899944e-02	-9.877316e-09	-4.210752e-08	-6.464736e-08	 7.778101e-08
psi(R) = 2.01e-01
parameter values for minimization:
K33 = 3.000000e+01
k24 = 7.000000e-01
Lambda = 3.400000e+01
d0 = 1.000000e+00
omega = 3.100000e+00
gamma_s = 1.000000e-01
initial guesses for R, eta, and delta:
guess for R = 2.230321e+00
guess for eta = 6.386603e+00
guess for delta = 8.120673e-01
estimated ranges of R, eta, and delta:
upper bound estimate of R = 3.345481e+00
lower bound estimate of R = 1.672741e+00
upper bound estimate of eta = 6.486603e+00
lower bound estimate of eta = 6.366603e+00
upper bound estimate of delta = 8.180000e-01
lower bound estimate of delta = 8.100000e-01
    iteration	            R	          eta	        delta	            E	         dEdR	       dEdeta	     dEddelta	    grad norm
minimum found at:
           33	 2.276356e+00	 6.387676e+00	 8.122108e-01	-4.867461e-02	 1.251660e-09	-2.392376e-08	 2.555826e-08	 3.503053e-08
psi(R) = 2.01e-01
parameter values for minimization:
K33 = 3.000000e+01
k24 = 7.000000e-01
Lambda = 3.500000e+01
d0 = 1.000000e+00
omega = 3.100000e+00
gamma_s = 1.000000e-01
initial guesses for R, eta, and delta:
guess for R = 2.276356e+00
guess for eta = 6.387676e+00
guess for delta = 8.122108e-01
estimated ranges of R, eta, and delta:
upper bound estimate of R = 3.414534e+00
lower bound estimate of R = 1.707267e+00
upper bound estimate of eta = 6.487676e+00
lower bound estimate of eta = 6.367676e+00
upper bound estimate of delta = 8.180000e-01
lower bound estimate of delta = 8.100000e-01
    iteration	            R	          eta	        delta	            E	         dEdR	       dEdeta	     dEddelta	    grad norm
minimum found at:
           19	 2.320416e+00	 6.388688e+00	 8.123419e-01	-4.836900e-02	-1.571540e-11	 6.007155e-08	-9.564109e-08	 1.129416e-07
psi(R) = 2.02e-01
parameter values for minimization:
K33 = 3.000000e+01
k24 = 7.000000e-01
Lambda = 3.600000e+01
d0 = 1.000000e+00
omega = 3.100000e+00
gamma_s = 1.000000e-01
initial guesses for R, eta, and delta:
guess for R = 2.320416e+00
guess for eta = 6.388688e+00
guess for delta = 8.123419e-01
estimated ranges of R, eta, and delta:
upper bound estimate of R = 3.480624e+00
lower bound estimate of R = 1.740312e+00
upper bound estimate of eta = 6.488688e+00
lower bound estimate of eta = 6.368688e+00
upper bound estimate of delta = 8.180000e-01
lower bound estimate of delta = 8.100000e-01
    iteration	            R	          eta	        delta	            E	         dEdR	       dEdeta	     dEddelta	    grad norm
minimum found at:
           16	 2.362670e+00	 6.389644e+00	 8.124624e-01	-4.808073e-02	-3.880831e-11	 2.482968e-08	 9.325295e-07	 9.328600e-07
psi(R) = 2.02e-01
parameter values for minimization:
K33 = 3.000000e+01
k24 = 7.000000e-01
Lambda = 3.700000e+01
d0 = 1.000000e+00
omega = 3.100000e+00
gamma_s = 1.000000e-01
initial guesses for R, eta, and delta:
guess for R = 2.362670e+00
guess for eta = 6.389644e+00
guess for delta = 8.124624e-01
estimated ranges of R, eta, and delta:
upper bound estimate of R = 3.544005e+00
lower bound estimate of R = 1.772003e+00
upper bound estimate of eta = 6.489644e+00
lower bound estimate of eta = 6.369644e+00
upper bound estimate of delta = 8.180000e-01
lower bound estimate of delta = 8.100000e-01
    iteration	            R	          eta	        delta	            E	         dEdR	       dEdeta	     dEddelta	    grad norm
minimum found at:
           14	 2.403262e+00	 6.390550e+00	 8.125735e-01	-4.780818e-02	-8.990528e-09	 1.177684e-08	 1.561078e-06	 1.561148e-06
psi(R) = 2.02e-01
parameter values for minimization:
K33 = 3.000000e+01
k24 = 7.000000e-01
Lambda = 3.800000e+01
d0 = 1.000000e+00
omega = 3.100000e+00
gamma_s = 1.000000e-01
initial guesses for R, eta, and delta:
guess for R = 2.403262e+00
guess for eta = 6.390550e+00
guess for delta = 8.125735e-01
estimated ranges of R, eta, and delta:
upper bound estimate of R = 3.604893e+00
lower bound estimate of R = 1.802446e+00
upper bound estimate of eta = 6.490550e+00
lower bound estimate of eta = 6.370550e+00
upper bound estimate of delta = 8.180000e-01
lower bound estimate of delta = 8.100000e-01
ss=1.949117808842e+18, lastss = 3.876967727451e+18
tol = 1.000000000000e-14
failed to integrate at x = (2.403262e+00,6.390550e+00,8.125735e-01)
solvde convergence failed when x = (2.403262e+00,6.390550e+00,8.125735e-01).
Retrying using a constant y value
    iteration	            R	          eta	        delta	            E	         dEdR	       dEdeta	     dEddelta	    grad norm
minimum found at:
            7	 2.442327e+00	 6.391411e+00	 8.126755e-01	-4.754992e-02	 2.666052e-09	-1.376214e-08	-1.975908e-06	 1.975958e-06
psi(R) = 2.03e-01
parameter values for minimization:
K33 = 3.000000e+01
k24 = 7.000000e-01
Lambda = 3.900000e+01
d0 = 1.000000e+00
omega = 3.100000e+00
gamma_s = 1.000000e-01
initial guesses for R, eta, and delta:
guess for R = 2.442327e+00
guess for eta = 6.391411e+00
guess for delta = 8.126755e-01
estimated ranges of R, eta, and delta:
upper bound estimate of R = 3.663490e+00
lower bound estimate of R = 1.831745e+00
upper bound estimate of eta = 6.491411e+00
lower bound estimate of eta = 6.371411e+00
upper bound estimate of delta = 8.180000e-01
lower bound estimate of delta = 8.100000e-01
    iteration	            R	          eta	        delta	            E	         dEdR	       dEdeta	     dEddelta	    grad norm
minimum found at:
            7	 2.479971e+00	 6.392230e+00	 8.127713e-01	-4.730473e-02	 4.174522e-10	-9.945362e-08	 9.700574e-07	 9.751423e-07
psi(R) = 2.03e-01
parameter values for minimization:
K33 = 3.000000e+01
k24 = 7.000000e-01
Lambda = 4.000000e+01
d0 = 1.000000e+00
omega = 3.100000e+00
gamma_s = 1.000000e-01
initial guesses for R, eta, and delta:
guess for R = 2.479971e+00
guess for eta = 6.392230e+00
guess for delta = 8.127713e-01
estimated ranges of R, eta, and delta:
upper bound estimate of R = 3.719956e+00
lower bound estimate of R = 1.859978e+00
upper bound estimate of eta = 6.492230e+00
lower bound estimate of eta = 6.372230e+00
upper bound estimate of delta = 8.180000e-01
lower bound estimate of delta = 8.100000e-01
likely a maximizing (vs minimizing) solution for psi(r), as y[1][2]=-2.382995e-04  which usually means high energy.
solvde convergence failed when x = (2.479971e+00,6.392230e+00,8.127713e-01).
Retrying using a constant y value
    iteration	            R	          eta	        delta	            E	         dEdR	       dEdeta	     dEddelta	    grad norm
minimum found at:
           15	 2.516299e+00	 6.393010e+00	 8.128599e-01	-4.707150e-02	 2.101838e-09	 2.776714e-08	 3.254919e-07	 3.266809e-07
psi(R) = 2.04e-01
parameter values for minimization:
K33 = 3.000000e+01
k24 = 7.000000e-01
Lambda = 4.100000e+01
d0 = 1.000000e+00
omega = 3.100000e+00
gamma_s = 1.000000e-01
initial guesses for R, eta, and delta:
guess for R = 2.516299e+00
guess for eta = 6.393010e+00
guess for delta = 8.128599e-01
estimated ranges of R, eta, and delta:
upper bound estimate of R = 3.774449e+00
lower bound estimate of R = 1.887224e+00
upper bound estimate of eta = 6.493010e+00
lower bound estimate of eta = 6.373010e+00
upper bound estimate of delta = 8.180000e-01
lower bound estimate of delta = 8.100000e-01
    iteration	            R	          eta	        delta	            E	         dEdR	       dEdeta	     dEddelta	    grad norm
a-alpha = 5.624121e-07, fpa = 2.054323e-11
a-alpha = -3.045521e-07, fpa = -2.052274e-11
a-alpha = -1.364439e-08, fpa = -2.880730e-10
minimum found at:
           18	 2.551397e+00	 6.393756e+00	 8.129427e-01	-4.684928e-02	 4.963152e-09	 7.294319e-08	-3.523223e-07	 3.598283e-07
psi(R) = 2.04e-01
parameter values for minimization:
K33 = 3.000000e+01
k24 = 7.000000e-01
Lambda = 4.200000e+01
d0 = 1.000000e+00
omega = 3.100000e+00
gamma_s = 1.000000e-01
initial guesses for R, eta, and delta:
guess for R = 2.551397e+00
guess for eta = 6.393756e+00
guess for delta = 8.129427e-01
estimated ranges of R, eta, and delta:
upper bound estimate of R = 3.827096e+00
lower bound estimate of R = 1.913548e+00
upper bound estimate of eta = 6.493756e+00
lower bound estimate of eta = 6.373756e+00
upper bound estimate of delta = 8.180000e-01
lower bound estimate of delta = 8.100000e-01
    iteration	            R	          eta	        delta	            E	         dEdR	       dEdeta	     dEddelta	    grad norm
minimum found at:
           22	 2.585342e+00	 6.394469e+00	 8.130204e-01	-4.663720e-02	-2.027911e-09	 8.709368e-09	 5.761578e-07	 5.762272e-07
psi(R) = 2.04e-01
parameter values for minimization:
K33 = 3.000000e+01
k24 = 7.000000e-01
Lambda = 4.300000e+01
d0 = 1.000000e+00
omega = 3.100000e+00
gamma_s = 1.000000e-01
initial guesses for R, eta, and delta:
guess for R = 2.585342e+00
guess for eta = 6.394469e+00
guess for delta = 8.130204e-01
estimated ranges of R, eta, and delta:
upper bound estimate of R = 3.878013e+00
lower bound estimate of R = 1.939006e+00
upper bound estimate of eta = 6.494469e+00
lower bound estimate of eta = 6.374469e+00
upper bound estimate of delta = 8.180000e-01
lower bound estimate of delta = 8.100000e-01
    iteration	            R	          eta	        delta	            E	         dEdR	       dEdeta	     dEddelta	    grad norm
minimum found at:
           15	 2.618215e+00	 6.395152e+00	 8.130933e-01	-4.643449e-02	 6.161603e-09	-8.606156e-08	 5.762173e-07	 5.826414e-07
psi(R) = 2.05e-01
parameter values for minimization:
K33 = 3.000000e+01
k24 = 7.000000e-01
Lambda = 4.400000e+01
d0 = 1.000000e+00
omega = 3.100000e+00
gamma_s = 1.000000e-01
initial guesses for R, eta, and delta:
guess for R = 2.618215e+00
guess for eta = 6.395152e+00
guess for delta = 8.130933e-01
estimated ranges of R, eta, and delta:
upper bound estimate of R = 3.927323e+00
lower bound estimate of R = 1.963661e+00
upper bound estimate of eta = 6.495152e+00
lower bound estimate of eta = 6.375152e+00
upper bound estimate of delta = 8.180000e-01
lower bound estimate of delta = 8.100000e-01
    iteration	            R	          eta	        delta	            E	         dEdR	       dEdeta	     dEddelta	    grad norm
minimum found at:
           13	 2.650075e+00	 6.395807e+00	 8.131618e-01	-4.624047e-02	 3.260147e-09	-7.327086e-08	 3.260475e-07	 3.341949e-07
psi(R) = 2.05e-01
parameter values for minimization:
K33 = 3.000000e+01
k24 = 7.000000e-01
Lambda = 4.500000e+01
d0 = 1.000000e+00
omega = 3.100000e+00
gamma_s = 1.000000e-01
initial guesses for R, eta, and delta:
guess for R = 2.650075e+00
guess for eta = 6.395807e+00
guess for delta = 8.131618e-01
estimated ranges of R, eta, and delta:
upper bound estimate of R = 3.975113e+00
lower bound estimate of R = 1.987556e+00
upper bound estimate of eta = 6.495807e+00
lower bound estimate of eta = 6.375807e+00
upper bound estimate of delta = 8.180000e-01
lower bound estimate of delta = 8.100000e-01
likely a maximizing (vs minimizing) solution for psi(r), as y[1][2]=-2.772906e-04  which usually means high energy.
solvde convergence failed when x = (2.650075e+00,6.395807e+00,8.131618e-01).
Retrying using a constant y value
    iteration	            R	          eta	        delta	            E	         dEdR	       dEdeta	     dEddelta	    grad norm
minimum found at:
           19	 2.680985e+00	 6.396436e+00	 8.132263e-01	-4.605452e-02	 4.194755e-09	 1.244645e-07	-7.838059e-07	 7.936376e-07
psi(R) = 2.05e-01
parameter values for minimization:
K33 = 3.000000e+01
k24 = 7.000000e-01
Lambda = 4.600000e+01
d0 = 1.000000e+00
omega = 3.100000e+00
gamma_s = 1.000000e-01
initial guesses for R, eta, and delta:
guess for R = 2.680985e+00
guess for eta = 6.396436e+00
guess for delta = 8.132263e-01
estimated ranges of R, eta, and delta:
upper bound estimate of R = 4.021478e+00
lower bound estimate of R = 2.010739e+00
upper bound estimate of eta = 6.496436e+00
lower bound estimate of eta = 6.376436e+00
upper bound estimate of delta = 8.180000e-01
lower bound estimate of delta = 8.100000e-01
ss=7.000917847097e+18, lastss = 7.549184754705e+17
tol = 1.000000000000e-14
failed to integrate at x = (2.680985e+00,6.396436e+00,8.132263e-01)
solvde convergence failed when x = (2.680985e+00,6.396436e+00,8.132263e-01).
Retrying using a constant y value
    iteration	            R	          eta	        delta	            E	         dEdR	       dEdeta	     dEddelta	    grad norm
minimum found at:
           16	 2.710994e+00	 6.397041e+00	 8.132872e-01	-4.587608e-02	-1.390260e-09	 6.167135e-08	-1.778149e-06	 1.779219e-06
psi(R) = 2.05e-01
parameter values for minimization:
K33 = 3.000000e+01
k24 = 7.000000e-01
Lambda = 4.700000e+01
d0 = 1.000000e+00
omega = 3.100000e+00
gamma_s = 1.000000e-01
initial guesses for R, eta, and delta:
guess for R = 2.710994e+00
guess for eta = 6.397041e+00
guess for delta = 8.132872e-01
estimated ranges of R, eta, and delta:
upper bound estimate of R = 4.066491e+00
lower bound estimate of R = 2.033246e+00
upper bound estimate of eta = 6.497041e+00
lower bound estimate of eta = 6.377041e+00
upper bound estimate of delta = 8.180000e-01
lower bound estimate of delta = 8.100000e-01
ss=3.119634790206e+18, lastss = 3.969602590370e+01
tol = 1.000000000000e-14
failed to integrate at x = (2.710994e+00,6.397041e+00,8.132872e-01)
solvde convergence failed when x = (2.710994e+00,6.397041e+00,8.132872e-01).
Retrying using a constant y value
    iteration	            R	          eta	        delta	            E	         dEdR	       dEdeta	     dEddelta	    grad norm
minimum found at:
           14	 2.740159e+00	 6.397623e+00	 8.133454e-01	-4.570465e-02	-2.561131e-09	 9.717921e-08	 8.564601e-07	 8.619595e-07
psi(R) = 2.06e-01
parameter values for minimization:
K33 = 3.000000e+01
k24 = 7.000000e-01
Lambda = 4.800000e+01
d0 = 1.000000e+00
omega = 3.100000e+00
gamma_s = 1.000000e-01
initial guesses for R, eta, and delta:
guess for R = 2.740159e+00
guess for eta = 6.397623e+00
guess for delta = 8.133454e-01
estimated ranges of R, eta, and delta:
upper bound estimate of R = 4.110238e+00
lower bound estimate of R = 2.055119e+00
upper bound estimate of eta = 6.497623e+00
lower bound estimate of eta = 6.377623e+00
upper bound estimate of delta = 8.180000e-01
lower bound estimate of delta = 8.100000e-01
likely a maximizing (vs minimizing) solution for psi(r), as y[1][2]=-3.239852e-04  which usually means high energy.
solvde convergence failed when x = (2.740159e+00,6.397623e+00,8.133454e-01).
Retrying using a constant y value
    iteration	            R	          eta	        delta	            E	         dEdR	       dEdeta	     dEddelta	    grad norm
minimum found at:
           12	 2.768524e+00	 6.398184e+00	 8.134004e-01	-4.553978e-02	 4.689812e-09	 2.242034e-08	 1.982615e-06	 1.982748e-06
psi(R) = 2.06e-01
parameter values for minimization:
K33 = 3.000000e+01
k24 = 7.000000e-01
Lambda = 4.900000e+01
d0 = 1.000000e+00
omega = 3.100000e+00
gamma_s = 1.000000e-01
initial guesses for R, eta, and delta:
guess for R = 2.768524e+00
guess for eta = 6.398184e+00
guess for delta = 8.134004e-01
estimated ranges of R, eta, and delta:
upper bound estimate of R = 4.152786e+00
lower bound estimate of R = 2.076393e+00
upper bound estimate of eta = 6.498184e+00
lower bound estimate of eta = 6.378184e+00
upper bound estimate of delta = 8.180000e-01
lower bound estimate of delta = 8.100000e-01
ss=3.090948989077e+19, lastss = 1.072875876542e+17
tol = 1.000000000000e-14
failed to integrate at x = (2.768524e+00,6.398184e+00,8.134004e-01)
solvde convergence failed when x = (2.768524e+00,6.398184e+00,8.134004e-01).
Retrying using a constant y value
    iteration	            R	          eta	        delta	            E	         dEdR	       dEdeta	     dEddelta	    grad norm
minimum found at:
           12	 2.796121e+00	 6.398725e+00	 8.134520e-01	-4.538104e-02	-3.264495e-09	-3.210009e-08	-4.759503e-07	 4.770427e-07
psi(R) = 2.06e-01
parameter values for minimization:
K33 = 3.000000e+01
k24 = 7.000000e-01
Lambda = 5.000000e+01
d0 = 1.000000e+00
omega = 3.100000e+00
gamma_s = 1.000000e-01
initial guesses for R, eta, and delta:
guess for R = 2.796121e+00
guess for eta = 6.398725e+00
guess for delta = 8.134520e-01
estimated ranges of R, eta, and delta:
upper bound estimate of R = 4.194182e+00
lower bound estimate of R = 2.097091e+00
upper bound estimate of eta = 6.498725e+00
lower bound estimate of eta = 6.378725e+00
upper bound estimate of delta = 8.180000e-01
lower bound estimate of delta = 8.100000e-01
ss=1.344384229931e+21, lastss = 1.593779635361e+02
tol = 1.000000000000e-14
failed to integrate at x = (2.796121e+00,6.398725e+00,8.134520e-01)
solvde convergence failed when x = (2.796121e+00,6.398725e+00,8.134520e-01).
Retrying using a constant y value
    iteration	            R	          eta	        delta	            E	         dEdR	       dEdeta	     dEddelta	    grad norm
a-alpha = 8.359091e-08, fpa = 4.128866e-11
minimum found at:
           22	 2.823004e+00	 6.399248e+00	 8.135015e-01	-4.522805e-02	 1.039713e-09	 6.146125e-08	-2.870678e-07	 2.935754e-07
psi(R) = 2.06e-01
parameter values for minimization:
K33 = 3.000000e+01
k24 = 7.000000e-01
Lambda = 5.100000e+01
d0 = 1.000000e+00
omega = 3.100000e+00
gamma_s = 1.000000e-01
initial guesses for R, eta, and delta:
guess for R = 2.823004e+00
guess for eta = 6.399248e+00
guess for delta = 8.135015e-01
estimated ranges of R, eta, and delta:
upper bound estimate of R = 4.234506e+00
lower bound estimate of R = 2.117253e+00
upper bound estimate of eta = 6.499248e+00
lower bound estimate of eta = 6.379248e+00
upper bound estimate of delta = 8.180000e-01
lower bound estimate of delta = 8.100000e-01
    iteration	            R	          eta	        delta	            E	         dEdR	       dEdeta	     dEddelta	    grad norm
a-alpha = -9.116907e-07, fpa = -3.975222e-11
minimum found at:
           18	 2.849200e+00	 6.399753e+00	 8.135484e-01	-4.508047e-02	 3.332259e-09	 1.034184e-07	-1.841178e-06	 1.844083e-06
psi(R) = 2.07e-01
parameter values for minimization:
K33 = 3.000000e+01
k24 = 7.000000e-01
Lambda = 5.200000e+01
d0 = 1.000000e+00
omega = 3.100000e+00
gamma_s = 1.000000e-01
initial guesses for R, eta, and delta:
guess for R = 2.849200e+00
guess for eta = 6.399753e+00
guess for delta = 8.135484e-01
estimated ranges of R, eta, and delta:
upper bound estimate of R = 4.273800e+00
lower bound estimate of R = 2.136900e+00
upper bound estimate of eta = 6.499753e+00
lower bound estimate of eta = 6.379753e+00
upper bound estimate of delta = 8.180000e-01
lower bound estimate of delta = 8.100000e-01
    iteration	            R	          eta	        delta	            E	         dEdR	       dEdeta	     dEddelta	    grad norm
minimum found at:
           15	 2.874741e+00	 6.400241e+00	 8.135938e-01	-4.493798e-02	 8.170981e-10	-2.339371e-08	 5.588990e-07	 5.593890e-07
psi(R) = 2.07e-01
parameter values for minimization:
K33 = 3.000000e+01
k24 = 7.000000e-01
Lambda = 5.300000e+01
d0 = 1.000000e+00
omega = 3.100000e+00
gamma_s = 1.000000e-01
initial guesses for R, eta, and delta:
guess for R = 2.874741e+00
guess for eta = 6.400241e+00
guess for delta = 8.135938e-01
estimated ranges of R, eta, and delta:
upper bound estimate of R = 4.312112e+00
lower bound estimate of R = 2.156056e+00
upper bound estimate of eta = 6.500241e+00
lower bound estimate of eta = 6.380241e+00
upper bound estimate of delta = 8.180000e-01
lower bound estimate of delta = 8.100000e-01
likely a maximizing (vs minimizing) solution for psi(r), as y[1][2]=-5.199470e-04  which usually means high energy.
solvde convergence failed when x = (2.874741e+00,6.400241e+00,8.135938e-01).
Retrying using a constant y value
    iteration	            R	          eta	        delta	            E	         dEdR	       dEdeta	     dEddelta	    grad norm
a-alpha = -1.909959e-07, fpa = -6.319219e-12
a-alpha = 1.555206e-07, fpa = 5.524959e-10
minimum found at:
           16	 2.899660e+00	 6.400714e+00	 8.136367e-01	-4.480028e-02	-4.705481e-09	 1.072599e-07	 4.791306e-07	 4.910122e-07
psi(R) = 2.07e-01
parameter values for minimization:
K33 = 3.000000e+01
k24 = 7.000000e-01
Lambda = 5.400000e+01
d0 = 1.000000e+00
omega = 3.100000e+00
gamma_s = 1.000000e-01
initial guesses for R, eta, and delta:
guess for R = 2.899660e+00
guess for eta = 6.400714e+00
guess for delta = 8.136367e-01
estimated ranges of R, eta, and delta:
upper bound estimate of R = 4.349490e+00
lower bound estimate of R = 2.174745e+00
upper bound estimate of eta = 6.500714e+00
lower bound estimate of eta = 6.380714e+00
upper bound estimate of delta = 8.180000e-01
lower bound estimate of delta = 8.100000e-01
    iteration	            R	          eta	        delta	            E	         dEdR	       dEdeta	     dEddelta	    grad norm
minimum found at:
           14	 2.923986e+00	 6.401171e+00	 8.136776e-01	-4.466711e-02	-3.130898e-09	-1.472202e-08	-8.634008e-07	 8.635320e-07
psi(R) = 2.07e-01
parameter values for minimization:
K33 = 3.000000e+01
k24 = 7.000000e-01
Lambda = 5.500000e+01
d0 = 1.000000e+00
omega = 3.100000e+00
gamma_s = 1.000000e-01
initial guesses for R, eta, and delta:
guess for R = 2.923986e+00
guess for eta = 6.401171e+00
guess for delta = 8.136776e-01
estimated ranges of R, eta, and delta:
upper bound estimate of R = 4.385979e+00
lower bound estimate of R = 2.192990e+00
upper bound estimate of eta = 6.501171e+00
lower bound estimate of eta = 6.381171e+00
upper bound estimate of delta = 8.180000e-01
lower bound estimate of delta = 8.100000e-01
likely a maximizing (vs minimizing) solution for psi(r), as y[1][2]=-3.505429e-04  which usually means high energy.
solvde convergence failed when x = (2.923986e+00,6.401171e+00,8.136776e-01).
Retrying using a constant y value
    iteration	            R	          eta	        delta	            E	         dEdR	       dEdeta	     dEddelta	    grad norm
minimum found at:
           17	 2.947751e+00	 6.401615e+00	 8.137170e-01	-4.453822e-02	 2.616837e-09	 8.343056e-08	-4.068505e-07	 4.153250e-07
psi(R) = 2.07e-01
parameter values for minimization:
K33 = 3.000000e+01
k24 = 7.000000e-01
Lambda = 5.600000e+01
d0 = 1.000000e+00
omega = 3.100000e+00
gamma_s = 1.000000e-01
initial guesses for R, eta, and delta:
guess for R = 2.947751e+00
guess for eta = 6.401615e+00
guess for delta = 8.137170e-01
estimated ranges of R, eta, and delta:
upper bound estimate of R = 4.421626e+00
lower bound estimate of R = 2.210813e+00
upper bound estimate of eta = 6.501615e+00
lower bound estimate of eta = 6.381615e+00
upper bound estimate of delta = 8.180000e-01
lower bound estimate of delta = 8.100000e-01
ss=2.065179490109e+21, lastss = 1.260013351200e+19
tol = 1.000000000000e-14
failed to integrate at x = (2.947751e+00,6.401615e+00,8.137170e-01)
solvde convergence failed when x = (2.947751e+00,6.401615e+00,8.137170e-01).
Retrying using a constant y value
    iteration	            R	          eta	        delta	            E	         dEdR	       dEdeta	     dEddelta	    grad norm
minimum found at:
           13	 2.970966e+00	 6.402045e+00	 8.137549e-01	-4.441337e-02	-5.659239e-09	-8.255620e-08	 1.132924e-06	 1.135942e-06
psi(R) = 2.08e-01
parameter values for minimization:
K33 = 3.000000e+01
k24 = 7.000000e-01
Lambda = 5.700000e+01
d0 = 1.000000e+00
omega = 3.100000e+00
gamma_s = 1.000000e-01
initial guesses for R, eta, and delta:
guess for R = 2.970966e+00
guess for eta = 6.402045e+00
guess for delta = 8.137549e-01
estimated ranges of R, eta, and delta:
upper bound estimate of R = 4.456449e+00
lower bound estimate of R = 2.228225e+00
upper bound estimate of eta = 6.502045e+00
lower bound estimate of eta = 6.382045e+00
upper bound estimate of delta = 8.180000e-01
lower bound estimate of delta = 8.100000e-01
likely a maximizing (vs minimizing) solution for psi(r), as y[1][2]=-8.675426e-04  which usually means high energy.
solvde convergence failed when x = (2.970966e+00,6.402045e+00,8.137549e-01).
Retrying using a constant y value
    iteration	            R	          eta	        delta	            E	         dEdR	       dEdeta	     dEddelta	    grad norm
minimum found at:
           13	 2.993670e+00	 6.402463e+00	 8.137908e-01	-4.429236e-02	 2.578260e-09	-5.345454e-08	-1.799642e-07	 1.877529e-07
psi(R) = 2.08e-01
parameter values for minimization:
K33 = 3.000000e+01
k24 = 7.000000e-01
Lambda = 5.800000e+01
d0 = 1.000000e+00
omega = 3.100000e+00
gamma_s = 1.000000e-01
initial guesses for R, eta, and delta:
guess for R = 2.993670e+00
guess for eta = 6.402463e+00
guess for delta = 8.137908e-01
estimated ranges of R, eta, and delta:
upper bound estimate of R = 4.490505e+00
lower bound estimate of R = 2.245252e+00
upper bound estimate of eta = 6.502463e+00
lower bound estimate of eta = 6.382463e+00
upper bound estimate of delta = 8.180000e-01
lower bound estimate of delta = 8.100000e-01
ss=1.787776656344e+20, lastss = 1.274838613140e+19
tol = 1.000000000000e-14
failed to integrate at x = (2.993670e+00,6.402463e+00,8.137908e-01)
solvde convergence failed when x = (2.993670e+00,6.402463e+00,8.137908e-01).
Retrying using a constant y value
    iteration	            R	          eta	        delta	            E	         dEdR	       dEdeta	     dEddelta	    grad norm
minimum found at:
           13	 3.015874e+00	 6.402869e+00	 8.138253e-01	-4.417499e-02	 9.546473e-10	-4.081804e-08	-1.354530e-06	 1.355145e-06
psi(R) = 2.08e-01
parameter values for minimization:
K33 = 3.000000e+01
k24 = 7.000000e-01
Lambda = 5.900000e+01
d0 = 1.000000e+00
omega = 3.100000e+00
gamma_s = 1.000000e-01
initial guesses for R, eta, and delta:
guess for R = 3.015874e+00
guess for eta = 6.402869e+00
guess for delta = 8.138253e-01
estimated ranges of R, eta, and delta:
upper bound estimate of R = 4.523811e+00
lower bound estimate of R = 2.261906e+00
upper bound estimate of eta = 6.502869e+00
lower bound estimate of eta = 6.382869e+00
upper bound estimate of delta = 8.180000e-01
lower bound estimate of delta = 8.100000e-01
    iteration	            R	          eta	        delta	            E	         dEdR	       dEdeta	     dEddelta	    grad norm
a-alpha = 5.385264e-07, fpa = 2.678135e-10
a-alpha = -8.342554e-08, fpa = -5.921869e-10
minimum found at:
           17	 3.037603e+00	 6.403263e+00	 8.138588e-01	-4.406107e-02	 3.002369e-10	-1.474307e-08	-2.284631e-07	 2.289385e-07
psi(R) = 2.08e-01
parameter values for minimization:
K33 = 3.000000e+01
k24 = 7.000000e-01
Lambda = 6.000000e+01
d0 = 1.000000e+00
omega = 3.100000e+00
gamma_s = 1.000000e-01
initial guesses for R, eta, and delta:
guess for R = 3.037603e+00
guess for eta = 6.403263e+00
guess for delta = 8.138588e-01
estimated ranges of R, eta, and delta:
upper bound estimate of R = 4.556404e+00
lower bound estimate of R = 2.278202e+00
upper bound estimate of eta = 6.503263e+00
lower bound estimate of eta = 6.383263e+00
upper bound estimate of delta = 8.180000e-01
lower bound estimate of delta = 8.100000e-01
ss=5.373510647524e+19, lastss = 3.198946491087e+02
tol = 1.000000000000e-14
failed to integrate at x = (3.037603e+00,6.403263e+00,8.138588e-01)
solvde convergence failed when x = (3.037603e+00,6.403263e+00,8.138588e-01).
Retrying using a constant y value
    iteration	            R	          eta	        delta	            E	         dEdR	       dEdeta	     dEddelta	    grad norm
minimum found at:
           10	 3.058876e+00	 6.403647e+00	 8.138907e-01	-4.395044e-02	 2.405046e-09	 5.600458e-08	-1.928637e-06	 1.929451e-06
psi(R) = 2.08e-01
parameter values for minimization:
K33 = 3.000000e+01
k24 = 7.000000e-01
Lambda = 6.100000e+01
d0 = 1.000000e+00
omega = 3.100000e+00
gamma_s = 1.000000e-01
initial guesses for R, eta, and delta:
guess for R = 3.058876e+00
guess for eta = 6.403647e+00
guess for delta = 8.138907e-01
estimated ranges of R, eta, and delta:
upper bound estimate of R = 4.588314e+00
lower bound estimate of R = 2.294157e+00
upper bound estimate of eta = 6.503647e+00
lower bound estimate of eta = 6.383647e+00
upper bound estimate of delta = 8.180000e-01
lower bound estimate of delta = 8.100000e-01
likely a maximizing (vs minimizing) solution for psi(r), as y[1][2]=-3.926516e-04  which usually means high energy.
solvde convergence failed when x = (3.058876e+00,6.403647e+00,8.138907e-01).
Retrying using a constant y value
    iteration	            R	          eta	        delta	            E	         dEdR	       dEdeta	     dEddelta	    grad norm
a-alpha = 3.281855e-07, fpa = 1.236301e-11
a-alpha = 9.217051e-07, fpa = 2.137882e-10
a-alpha = -4.760849e-07, fpa = -4.283424e-12
a-alpha = 1.129953e-06, fpa = 8.627609e-11
a-alpha = -4.574402e-07, fpa = -2.687598e-11
a-alpha = -2.122132e-06, fpa = -1.761534e-11
a-alpha = -2.228531e-07, fpa = -8.491943e-12
a-alpha = -2.784869e-07, fpa = -2.803828e-11
a-alpha = 5.909864e-07, fpa = 1.378867e-10
minimum found at:
           29	 3.079707e+00	 6.404019e+00	 8.139219e-01	-4.384293e-02	-4.480432e-10	-8.449659e-08	 4.110716e-07	 4.196663e-07
psi(R) = 2.08e-01
parameter values for minimization:
K33 = 3.000000e+01
k24 = 7.000000e-01
Lambda = 6.200000e+01
d0 = 1.000000e+00
omega = 3.100000e+00
gamma_s = 1.000000e-01
initial guesses for R, eta, and delta:
guess for R = 3.079707e+00
guess for eta = 6.404019e+00
guess for delta = 8.139219e-01
estimated ranges of R, eta, and delta:
upper bound estimate of R = 4.619561e+00
lower bound estimate of R = 2.309780e+00
upper bound estimate of eta = 6.504019e+00
lower bound estimate of eta = 6.384019e+00
upper bound estimate of delta = 8.180000e-01
lower bound estimate of delta = 8.100000e-01
likely a maximizing (vs minimizing) solution for psi(r), as y[1][2]=-4.438425e-04  which usually means high energy.
solvde convergence failed when x = (3.079707e+00,6.404019e+00,8.139219e-01).
Retrying using a constant y value
    iteration	            R	          eta	        delta	            E	         dEdR	       dEdeta	     dEddelta	    grad norm
a-alpha = 7.243990e-07, fpa = 1.604057e-10
minimum found at:
           16	 3.100120e+00	 6.404383e+00	 8.139516e-01	-4.373840e-02	-1.109118e-09	 1.501500e-09	-5.745892e-08	 5.748923e-08
psi(R) = 2.09e-01
parameter values for minimization:
K33 = 3.000000e+01
k24 = 7.000000e-01
Lambda = 6.300000e+01
d0 = 1.000000e+00
omega = 3.100000e+00
gamma_s = 1.000000e-01
initial guesses for R, eta, and delta:
guess for R = 3.100120e+00
guess for eta = 6.404383e+00
guess for delta = 8.139516e-01
estimated ranges of R, eta, and delta:
upper bound estimate of R = 4.650180e+00
lower bound estimate of R = 2.325090e+00
upper bound estimate of eta = 6.504383e+00
lower bound estimate of eta = 6.384383e+00
upper bound estimate of delta = 8.180000e-01
lower bound estimate of delta = 8.100000e-01
ss=2.738562485674e+22, lastss = 6.326604643282e+22
tol = 1.000000000000e-14
failed to integrate at x = (3.100120e+00,6.404383e+00,8.139516e-01)
solvde convergence failed when x = (3.100120e+00,6.404383e+00,8.139516e-01).
Retrying using a constant y value
    iteration	            R	          eta	        delta	            E	         dEdR	       dEdeta	     dEddelta	    grad norm
minimum found at:
           17	 3.120126e+00	 6.404736e+00	 8.139802e-01	-4.363671e-02	 2.554807e-09	-1.209950e-07	-9.680913e-07	 9.756266e-07
psi(R) = 2.09e-01
parameter values for minimization:
K33 = 3.000000e+01
k24 = 7.000000e-01
Lambda = 6.400000e+01
d0 = 1.000000e+00
omega = 3.100000e+00
gamma_s = 1.000000e-01
initial guesses for R, eta, and delta:
guess for R = 3.120126e+00
guess for eta = 6.404736e+00
guess for delta = 8.139802e-01
estimated ranges of R, eta, and delta:
upper bound estimate of R = 4.680189e+00
lower bound estimate of R = 2.340095e+00
upper bound estimate of eta = 6.504736e+00
lower bound estimate of eta = 6.384736e+00
upper bound estimate of delta = 8.180000e-01
lower bound estimate of delta = 8.100000e-01
ss=4.843579310627e+21, lastss = 1.860571989704e+22
tol = 1.000000000000e-14
failed to integrate at x = (3.120126e+00,6.404736e+00,8.139802e-01)
solvde convergence failed when x = (3.120126e+00,6.404736e+00,8.139802e-01).
Retrying using a constant y value
    iteration	            R	          eta	        delta	            E	         dEdR	       dEdeta	     dEddelta	    grad norm
minimum found at:
           10	 3.139743e+00	 6.405081e+00	 8.140081e-01	-4.353773e-02	 7.554651e-10	-6.669725e-09	 4.017909e-07	 4.018469e-07
psi(R) = 2.09e-01
parameter values for minimization:
K33 = 3.000000e+01
k24 = 7.000000e-01
Lambda = 6.500000e+01
d0 = 1.000000e+00
omega = 3.100000e+00
gamma_s = 1.000000e-01
initial guesses for R, eta, and delta:
guess for R = 3.139743e+00
guess for eta = 6.405081e+00
guess for delta = 8.140081e-01
estimated ranges of R, eta, and delta:
upper bound estimate of R = 4.709615e+00
lower bound estimate of R = 2.354807e+00
upper bound estimate of eta = 6.505081e+00
lower bound estimate of eta = 6.385081e+00
upper bound estimate of delta = 8.180000e-01
lower bound estimate of delta = 8.100000e-01
likely a maximizing (vs minimizing) solution for psi(r), as y[1][2]=-9.093624e-04  which usually means high energy.
solvde convergence failed when x = (3.139743e+00,6.405081e+00,8.140081e-01).
Retrying using a constant y value
    iteration	            R	          eta	        delta	            E	         dEdR	       dEdeta	     dEddelta	    grad norm
minimum found at:
           18	 3.158982e+00	 6.405417e+00	 8.140349e-01	-4.344133e-02	 2.197742e-09	-8.457548e-08	 1.288900e-07	 1.541767e-07
psi(R) = 2.09e-01
parameter values for minimization:
K33 = 3.000000e+01
k24 = 7.000000e-01
Lambda = 6.600000e+01
d0 = 1.000000e+00
omega = 3.100000e+00
gamma_s = 1.000000e-01
initial guesses for R, eta, and delta:
guess for R = 3.158982e+00
guess for eta = 6.405417e+00
guess for delta = 8.140349e-01
estimated ranges of R, eta, and delta:
upper bound estimate of R = 4.738473e+00
lower bound estimate of R = 2.369236e+00
upper bound estimate of eta = 6.505417e+00
lower bound estimate of eta = 6.385417e+00
upper bound estimate of delta = 8.180000e-01
lower bound estimate of delta = 8.100000e-01
likely a maximizing (vs minimizing) solution for psi(r), as y[1][2]=-1.256107e-03  which usually means high energy.
solvde convergence failed when x = (3.158982e+00,6.405417e+00,8.140349e-01).
Retrying using a constant y value
    iteration	            R	          eta	        delta	            E	         dEdR	       dEdeta	     dEddelta	    grad norm
minimum found at:
           26	 3.177858e+00	 6.405744e+00	 8.140604e-01	-4.334741e-02	 2.092492e-09	-9.093999e-08	-1.998748e-06	 2.000817e-06
psi(R) = 2.09e-01
parameter values for minimization:
K33 = 3.000000e+01
k24 = 7.000000e-01
Lambda = 6.700000e+01
d0 = 1.000000e+00
omega = 3.100000e+00
gamma_s = 1.000000e-01
initial guesses for R, eta, and delta:
guess for R = 3.177858e+00
guess for eta = 6.405744e+00
guess for delta = 8.140604e-01
estimated ranges of R, eta, and delta:
upper bound estimate of R = 4.766787e+00
lower bound estimate of R = 2.383393e+00
upper bound estimate of eta = 6.505744e+00
lower bound estimate of eta = 6.385744e+00
upper bound estimate of delta = 8.180000e-01
lower bound estimate of delta = 8.100000e-01
ss=1.614956355618e+23, lastss = 2.037896803979e+23
tol = 1.000000000000e-14
failed to integrate at x = (3.177858e+00,6.405744e+00,8.140604e-01)
solvde convergence failed when x = (3.177858e+00,6.405744e+00,8.140604e-01).
Retrying using a constant y value
    iteration	            R	          eta	        delta	            E	         dEdR	       dEdeta	     dEddelta	    grad norm
minimum found at:
           16	 3.196386e+00	 6.406064e+00	 8.140858e-01	-4.325585e-02	-8.777722e-10	-1.300694e-08	 4.991089e-07	 4.992791e-07
psi(R) = 2.09e-01
parameter values for minimization:
K33 = 3.000000e+01
k24 = 7.000000e-01
Lambda = 6.800000e+01
d0 = 1.000000e+00
omega = 3.100000e+00
gamma_s = 1.000000e-01
initial guesses for R, eta, and delta:
guess for R = 3.196386e+00
guess for eta = 6.406064e+00
guess for delta = 8.140858e-01
estimated ranges of R, eta, and delta:
upper bound estimate of R = 4.794579e+00
lower bound estimate of R = 2.397289e+00
upper bound estimate of eta = 6.506064e+00
lower bound estimate of eta = 6.386064e+00
upper bound estimate of delta = 8.180000e-01
lower bound estimate of delta = 8.100000e-01
    iteration	            R	          eta	        delta	            E	         dEdR	       dEdeta	     dEddelta	    grad norm
a-alpha = -6.127737e-07, fpa = -2.555010e-10
a-alpha = 4.549646e-07, fpa = 2.584836e-11
a-alpha = -3.534920e-07, fpa = -3.999862e-11
a-alpha = 3.008442e-07, fpa = 1.007624e-10
a-alpha = -2.393376e-07, fpa = -2.656813e-10
minimum found at:
           27	 3.214580e+00	 6.406376e+00	 8.141102e-01	-4.316656e-02	 4.481612e-09	-1.648180e-08	 1.207917e-06	 1.208038e-06
psi(R) = 2.09e-01
parameter values for minimization:
K33 = 3.000000e+01
k24 = 7.000000e-01
Lambda = 6.900000e+01
d0 = 1.000000e+00
omega = 3.100000e+00
gamma_s = 1.000000e-01
initial guesses for R, eta, and delta:
guess for R = 3.214580e+00
guess for eta = 6.406376e+00
guess for delta = 8.141102e-01
estimated ranges of R, eta, and delta:
upper bound estimate of R = 4.821870e+00
lower bound estimate of R = 2.410935e+00
upper bound estimate of eta = 6.506376e+00
lower bound estimate of eta = 6.386376e+00
upper bound estimate of delta = 8.180000e-01
lower bound estimate of delta = 8.100000e-01
    iteration	            R	          eta	        delta	            E	         dEdR	       dEdeta	     dEddelta	    grad norm
a-alpha = -1.514600e-07, fpa = -7.065515e-10
minimum found at:
           32	 3.232442e+00	 6.406681e+00	 8.141334e-01	-4.307945e-02	-8.510519e-10	 7.745348e-08	-3.428103e-07	 3.514522e-07
psi(R) = 2.10e-01
parameter values for minimization:
K33 = 3.000000e+01
k24 = 7.000000e-01
Lambda = 7.000000e+01
d0 = 1.000000e+00
omega = 3.100000e+00
gamma_s = 1.000000e-01
initial guesses for R, eta, and delta:
guess for R = 3.232442e+00
guess for eta = 6.406681e+00
guess for delta = 8.141334e-01
estimated ranges of R, eta, and delta:
upper bound estimate of R = 4.848663e+00
lower bound estimate of R = 2.424332e+00
upper bound estimate of eta = 6.506681e+00
lower bound estimate of eta = 6.386681e+00
upper bound estimate of delta = 8.180000e-01
lower bound estimate of delta = 8.100000e-01
ss=1.173718261828e+19, lastss = 4.221617587574e+01
tol = 1.000000000000e-14
failed to integrate at x = (3.232442e+00,6.406681e+00,8.141334e-01)
solvde convergence failed when x = (3.232442e+00,6.406681e+00,8.141334e-01).
Retrying using a constant y value
    iteration	            R	          eta	        delta	            E	         dEdR	       dEdeta	     dEddelta	    grad norm
a-alpha = -3.979350e-07, fpa = -1.723517e-10
a-alpha = 8.968156e-07, fpa = 4.266202e-11
a-alpha = 6.194871e-07, fpa = 4.162354e-11
a-alpha = 3.293979e-07, fpa = 2.532836e-11
a-alpha = 4.442779e-07, fpa = 2.852686e-10
minimum found at:
           33	 3.249993e+00	 6.406979e+00	 8.141561e-01	-4.299441e-02	 2.459837e-09	 6.766086e-08	-3.997381e-07	 4.054314e-07
psi(R) = 2.10e-01
parameter values for minimization:
K33 = 3.000000e+01
k24 = 7.000000e-01
Lambda = 7.100000e+01
d0 = 1.000000e+00
omega = 3.100000e+00
gamma_s = 1.000000e-01
initial guesses for R, eta, and delta:
guess for R = 3.249993e+00
guess for eta = 6.406979e+00
guess for delta = 8.141561e-01
estimated ranges of R, eta, and delta:
upper bound estimate of R = 4.874989e+00
lower bound estimate of R = 2.437495e+00
upper bound estimate of eta = 6.506979e+00
lower bound estimate of eta = 6.386979e+00
upper bound estimate of delta = 8.180000e-01
lower bound estimate of delta = 8.100000e-01
    iteration	            R	          eta	        delta	            E	         dEdR	       dEdeta	     dEddelta	    grad norm
minimum found at:
           19	 3.267238e+00	 6.407270e+00	 8.141785e-01	-4.291137e-02	 1.841171e-09	 2.799458e-08	 1.740072e-06	 1.740298e-06
psi(R) = 2.10e-01
parameter values for minimization:
K33 = 3.000000e+01
k24 = 7.000000e-01
Lambda = 7.200000e+01
d0 = 1.000000e+00
omega = 3.100000e+00
gamma_s = 1.000000e-01
initial guesses for R, eta, and delta:
guess for R = 3.267238e+00
guess for eta = 6.407270e+00
guess for delta = 8.141785e-01
estimated ranges of R, eta, and delta:
upper bound estimate of R = 4.900857e+00
lower bound estimate of R = 2.450429e+00
upper bound estimate of eta = 6.507270e+00
lower bound estimate of eta = 6.387270e+00
upper bound estimate of delta = 8.180000e-01
lower bound estimate of delta = 8.100000e-01
    iteration	            R	          eta	        delta	            E	         dEdR	       dEdeta	     dEddelta	    grad norm
minimum found at:
           10	 3.284187e+00	 6.407554e+00	 8.141999e-01	-4.283026e-02	 1.783786e-09	-2.673594e-08	 2.128506e-06	 2.128674e-06
psi(R) = 2.10e-01
parameter values for minimization:
K33 = 3.000000e+01
k24 = 7.000000e-01
Lambda = 7.300000e+01
d0 = 1.000000e+00
omega = 3.100000e+00
gamma_s = 1.000000e-01
initial guesses for R, eta, and delta:
guess for R = 3.284187e+00
guess for eta = 6.407554e+00
guess for delta = 8.141999e-01
estimated ranges of R, eta, and delta:
upper bound estimate of R = 4.926281e+00
lower bound estimate of R = 2.463140e+00
upper bound estimate of eta = 6.507554e+00
lower bound estimate of eta = 6.387554e+00
upper bound estimate of delta = 8.180000e-01
lower bound estimate of delta = 8.100000e-01
likely a maximizing (vs minimizing) solution for psi(r), as y[1][2]=-7.650015e-04  which usually means high energy.
solvde convergence failed when x = (3.284187e+00,6.407554e+00,8.141999e-01).
Retrying using a constant y value
    iteration	            R	          eta	        delta	            E	         dEdR	       dEdeta	     dEddelta	    grad norm
minimum found at:
           16	 3.300851e+00	 6.407832e+00	 8.142201e-01	-4.275098e-02	-2.849020e-10	 3.626921e-08	-1.360601e-06	 1.361085e-06
psi(R) = 2.10e-01
parameter values for minimization:
K33 = 3.000000e+01
k24 = 7.000000e-01
Lambda = 7.400000e+01
d0 = 1.000000e+00
omega = 3.100000e+00
gamma_s = 1.000000e-01
initial guesses for R, eta, and delta:
guess for R = 3.300851e+00
guess for eta = 6.407832e+00
guess for delta = 8.142201e-01
estimated ranges of R, eta, and delta:
upper bound estimate of R = 4.951277e+00
lower bound estimate of R = 2.475638e+00
upper bound estimate of eta = 6.507832e+00
lower bound estimate of eta = 6.387832e+00
upper bound estimate of delta = 8.180000e-01
lower bound estimate of delta = 8.100000e-01
likely a maximizing (vs minimizing) solution for psi(r), as y[1][2]=-5.168970e-04  which usually means high energy.
solvde convergence failed when x = (3.300851e+00,6.407832e+00,8.142201e-01).
Retrying using a constant y value
    iteration	            R	          eta	        delta	            E	         dEdR	       dEdeta	     dEddelta	    grad norm
minimum found at:
           20	 3.317244e+00	 6.408105e+00	 8.142406e-01	-4.267348e-02	 4.393220e-09	 9.064508e-08	 5.099798e-07	 5.179915e-07
psi(R) = 2.10e-01
parameter values for minimization:
K33 = 3.000000e+01
k24 = 7.000000e-01
Lambda = 7.500000e+01
d0 = 1.000000e+00
omega = 3.100000e+00
gamma_s = 1.000000e-01
initial guesses for R, eta, and delta:
guess for R = 3.317244e+00
guess for eta = 6.408105e+00
guess for delta = 8.142406e-01
estimated ranges of R, eta, and delta:
upper bound estimate of R = 4.975866e+00
lower bound estimate of R = 2.487933e+00
upper bound estimate of eta = 6.508105e+00
lower bound estimate of eta = 6.388105e+00
upper bound estimate of delta = 8.180000e-01
lower bound estimate of delta = 8.100000e-01
ss=5.558156867454e+21, lastss = 2.004811988852e+02
tol = 1.000000000000e-14
failed to integrate at x = (3.317244e+00,6.408105e+00,8.142406e-01)
solvde convergence failed when x = (3.317244e+00,6.408105e+00,8.142406e-01).
Retrying using a constant y value
    iteration	            R	          eta	        delta	            E	         dEdR	       dEdeta	     dEddelta	    grad norm
minimum found at:
           28	 3.333359e+00	 6.408371e+00	 8.142600e-01	-4.259769e-02	-4.454126e-09	-2.817962e-09	-5.200123e-07	 5.200390e-07
psi(R) = 2.10e-01
parameter values for minimization:
K33 = 3.000000e+01
k24 = 7.000000e-01
Lambda = 7.600000e+01
d0 = 1.000000e+00
omega = 3.100000e+00
gamma_s = 1.000000e-01
initial guesses for R, eta, and delta:
guess for R = 3.333359e+00
guess for eta = 6.408371e+00
guess for delta = 8.142600e-01
estimated ranges of R, eta, and delta:
upper bound estimate of R = 5.000039e+00
lower bound estimate of R = 2.500019e+00
upper bound estimate of eta = 6.508371e+00
lower bound estimate of eta = 6.388371e+00
upper bound estimate of delta = 8.180000e-01
lower bound estimate of delta = 8.100000e-01
ss=8.966977968926e+22, lastss = 5.827034215104e+21
tol = 1.000000000000e-14
failed to integrate at x = (3.333359e+00,6.408371e+00,8.142600e-01)
solvde convergence failed when x = (3.333359e+00,6.408371e+00,8.142600e-01).
Retrying using a constant y value
    iteration	            R	          eta	        delta	            E	         dEdR	       dEdeta	     dEddelta	    grad norm
minimum found at:
           16	 3.349224e+00	 6.408632e+00	 8.142789e-01	-4.252354e-02	 6.271392e-10	 1.141063e-08	-1.703619e-06	 1.703657e-06
psi(R) = 2.10e-01
parameter values for minimization:
K33 = 3.000000e+01
k24 = 7.000000e-01
Lambda = 7.700000e+01
d0 = 1.000000e+00
omega = 3.100000e+00
gamma_s = 1.000000e-01
initial guesses for R, eta, and delta:
guess for R = 3.349224e+00
guess for eta = 6.408632e+00
guess for delta = 8.142789e-01
estimated ranges of R, eta, and delta:
upper bound estimate of R = 5.023836e+00
lower bound estimate of R = 2.511918e+00
upper bound estimate of eta = 6.508632e+00
lower bound estimate of eta = 6.388632e+00
upper bound estimate of delta = 8.180000e-01
lower bound estimate of delta = 8.100000e-01
likely a maximizing (vs minimizing) solution for psi(r), as y[1][2]=-1.411665e-03  which usually means high energy.
solvde convergence failed when x = (3.349224e+00,6.408632e+00,8.142789e-01).
Retrying using a constant y value
    iteration	            R	          eta	        delta	            E	         dEdR	       dEdeta	     dEddelta	    grad norm
a-alpha = -2.502066e-07, fpa = -2.134180e-10
a-alpha = -3.128886e-06, fpa = -8.192175e-12
minimum found at:
           36	 3.364831e+00	 6.408887e+00	 8.142977e-01	-4.245097e-02	-7.429837e-09	-1.225707e-08	 7.532595e-08	 7.667749e-08
psi(R) = 2.10e-01
parameter values for minimization:
K33 = 3.000000e+01
k24 = 7.000000e-01
Lambda = 7.800000e+01
d0 = 1.000000e+00
omega = 3.100000e+00
gamma_s = 1.000000e-01
initial guesses for R, eta, and delta:
guess for R = 3.364831e+00
guess for eta = 6.408887e+00
guess for delta = 8.142977e-01
estimated ranges of R, eta, and delta:
upper bound estimate of R = 5.047246e+00
lower bound estimate of R = 2.523623e+00
upper bound estimate of eta = 6.508887e+00
lower bound estimate of eta = 6.388887e+00
upper bound estimate of delta = 8.180000e-01
lower bound estimate of delta = 8.100000e-01
likely a maximizing (vs minimizing) solution for psi(r), as y[1][2]=-1.188259e-03  which usually means high energy.
solvde convergence failed when x = (3.364831e+00,6.408887e+00,8.142977e-01).
Retrying using a constant y value
    iteration	            R	          eta	        delta	            E	         dEdR	       dEdeta	     dEddelta	    grad norm
a-alpha = -5.087055e-07, fpa = -4.240568e-11
a-alpha = 1.364222e-07, fpa = 7.891560e-11
a-alpha = -4.543504e-07, fpa = -3.124720e-10
minimum found at:
           18	 3.380203e+00	 6.409137e+00	 8.143157e-01	-4.237993e-02	 3.797438e-09	-1.208930e-07	 1.727642e-07	 2.108957e-07
psi(R) = 2.11e-01
parameter values for minimization:
K33 = 3.000000e+01
k24 = 7.000000e-01
Lambda = 7.900000e+01
d0 = 1.000000e+00
omega = 3.100000e+00
gamma_s = 1.000000e-01
initial guesses for R, eta, and delta:
guess for R = 3.380203e+00
guess for eta = 6.409137e+00
guess for delta = 8.143157e-01
estimated ranges of R, eta, and delta:
upper bound estimate of R = 5.070304e+00
lower bound estimate of R = 2.535152e+00
upper bound estimate of eta = 6.509137e+00
lower bound estimate of eta = 6.389137e+00
upper bound estimate of delta = 8.180000e-01
lower bound estimate of delta = 8.100000e-01
ss=2.553201573778e+23, lastss = 1.155325141591e+22
tol = 1.000000000000e-14
failed to integrate at x = (3.380203e+00,6.409137e+00,8.143157e-01)
solvde convergence failed when x = (3.380203e+00,6.409137e+00,8.143157e-01).
Retrying using a constant y value
    iteration	            R	          eta	        delta	            E	         dEdR	       dEdeta	     dEddelta	    grad norm
minimum found at:
           14	 3.395337e+00	 6.409383e+00	 8.143335e-01	-4.231035e-02	 2.436681e-09	 1.149739e-07	 1.659176e-06	 1.663157e-06
psi(R) = 2.11e-01
parameter values for minimization:
K33 = 3.000000e+01
k24 = 7.000000e-01
Lambda = 8.000000e+01
d0 = 1.000000e+00
omega = 3.100000e+00
gamma_s = 1.000000e-01
initial guesses for R, eta, and delta:
guess for R = 3.395337e+00
guess for eta = 6.409383e+00
guess for delta = 8.143335e-01
estimated ranges of R, eta, and delta:
upper bound estimate of R = 5.093006e+00
lower bound estimate of R = 2.546503e+00
upper bound estimate of eta = 6.509383e+00
lower bound estimate of eta = 6.389383e+00
upper bound estimate of delta = 8.180000e-01
lower bound estimate of delta = 8.100000e-01
    iteration	            R	          eta	        delta	            E	         dEdR	       dEdeta	     dEddelta	    grad norm
minimum found at:
           17	 3.410236e+00	 6.409623e+00	 8.143505e-01	-4.224220e-02	 1.113957e-10	 9.154438e-08	 1.453804e-06	 1.456684e-06
psi(R) = 2.11e-01
parameter values for minimization:
K33 = 3.000000e+01
k24 = 7.000000e-01
Lambda = 8.100000e+01
d0 = 1.000000e+00
omega = 3.100000e+00
gamma_s = 1.000000e-01
initial guesses for R, eta, and delta:
guess for R = 3.410236e+00
guess for eta = 6.409623e+00
guess for delta = 8.143505e-01
estimated ranges of R, eta, and delta:
upper bound estimate of R = 5.115354e+00
lower bound estimate of R = 2.557677e+00
upper bound estimate of eta = 6.509623e+00
lower bound estimate of eta = 6.389623e+00
upper bound estimate of delta = 8.180000e-01
lower bound estimate of delta = 8.100000e-01
    iteration	            R	          eta	        delta	            E	         dEdR	       dEdeta	     dEddelta	    grad norm
minimum found at:
           16	 3.424911e+00	 6.409859e+00	 8.143673e-01	-4.217541e-02	-2.211068e-09	 2.480269e-08	 2.125730e-06	 2.125876e-06
psi(R) = 2.11e-01
parameter values for minimization:
K33 = 3.000000e+01
k24 = 7.000000e-01
Lambda = 8.200000e+01
d0 = 1.000000e+00
omega = 3.100000e+00
gamma_s = 1.000000e-01
initial guesses for R, eta, and delta:
guess for R = 3.424911e+00
guess for eta = 6.409859e+00
guess for delta = 8.143673e-01
estimated ranges of R, eta, and delta:
upper bound estimate of R = 5.137366e+00
lower bound estimate of R = 2.568683e+00
upper bound estimate of eta = 6.509859e+00
lower bound estimate of eta = 6.389859e+00
upper bound estimate of delta = 8.180000e-01
lower bound estimate of delta = 8.100000e-01
ss=3.158344873001e+30, lastss = 5.015444369353e+30
tol = 1.000000000000e-14
failed to integrate at x = (3.424911e+00,6.409859e+00,8.143673e-01)
solvde convergence failed when x = (3.424911e+00,6.409859e+00,8.143673e-01).
Retrying using a constant y value
    iteration	            R	          eta	        delta	            E	         dEdR	       dEdeta	     dEddelta	    grad norm
a-alpha = 3.823134e-07, fpa = 3.063551e-10
minimum found at:
           13	 3.439374e+00	 6.410090e+00	 8.143829e-01	-4.210995e-02	 6.172748e-09	 7.289694e-09	-1.576170e-06	 1.576199e-06
psi(R) = 2.11e-01
parameter values for minimization:
K33 = 3.000000e+01
k24 = 7.000000e-01
Lambda = 8.300000e+01
d0 = 1.000000e+00
omega = 3.100000e+00
gamma_s = 1.000000e-01
initial guesses for R, eta, and delta:
guess for R = 3.439374e+00
guess for eta = 6.410090e+00
guess for delta = 8.143829e-01
estimated ranges of R, eta, and delta:
upper bound estimate of R = 5.159061e+00
lower bound estimate of R = 2.579530e+00
upper bound estimate of eta = 6.510090e+00
lower bound estimate of eta = 6.390090e+00
upper bound estimate of delta = 8.180000e-01
lower bound estimate of delta = 8.100000e-01
likely a maximizing (vs minimizing) solution for psi(r), as y[1][2]=-5.367468e-04  which usually means high energy.
solvde convergence failed when x = (3.439374e+00,6.410090e+00,8.143829e-01).
Retrying using a constant y value
    iteration	            R	          eta	        delta	            E	         dEdR	       dEdeta	     dEddelta	    grad norm
minimum found at:
           22	 3.453620e+00	 6.410317e+00	 8.143992e-01	-4.204577e-02	 1.521813e-09	-9.936674e-08	 1.510886e-06	 1.514151e-06
psi(R) = 2.11e-01
parameter values for minimization:
K33 = 3.000000e+01
k24 = 7.000000e-01
Lambda = 8.400000e+01
d0 = 1.000000e+00
omega = 3.100000e+00
gamma_s = 1.000000e-01
initial guesses for R, eta, and delta:
guess for R = 3.453620e+00
guess for eta = 6.410317e+00
guess for delta = 8.143992e-01
estimated ranges of R, eta, and delta:
upper bound estimate of R = 5.180430e+00
lower bound estimate of R = 2.590215e+00
upper bound estimate of eta = 6.510317e+00
lower bound estimate of eta = 6.390317e+00
upper bound estimate of delta = 8.180000e-01
lower bound estimate of delta = 8.100000e-01
likely a maximizing (vs minimizing) solution for psi(r), as y[1][2]=-1.192343e-03  which usually means high energy.
solvde convergence failed when x = (3.453620e+00,6.410317e+00,8.143992e-01).
Retrying using a constant y value
    iteration	            R	          eta	        delta	            E	         dEdR	       dEdeta	     dEddelta	    grad norm
a-alpha = 3.477144e-07, fpa = 1.367529e-11
a-alpha = 6.082984e-07, fpa = 2.296648e-11
a-alpha = -7.160435e-07, fpa = -2.138704e-10
a-alpha = 2.125995e-07, fpa = 6.701342e-10
minimum found at:
           19	 3.467664e+00	 6.410539e+00	 8.144144e-01	-4.198283e-02	 8.163034e-11	-1.980669e-08	 1.237147e-07	 1.252902e-07
psi(R) = 2.11e-01
parameter values for minimization:
K33 = 3.000000e+01
k24 = 7.000000e-01
Lambda = 8.500000e+01
d0 = 1.000000e+00
omega = 3.100000e+00
gamma_s = 1.000000e-01
initial guesses for R, eta, and delta:
guess for R = 3.467664e+00
guess for eta = 6.410539e+00
guess for delta = 8.144144e-01
estimated ranges of R, eta, and delta:
upper bound estimate of R = 5.201496e+00
lower bound estimate of R = 2.600748e+00
upper bound estimate of eta = 6.510539e+00
lower bound estimate of eta = 6.390539e+00
upper bound estimate of delta = 8.180000e-01
lower bound estimate of delta = 8.100000e-01
    iteration	            R	          eta	        delta	            E	         dEdR	       dEdeta	     dEddelta	    grad norm
minimum found at:
            7	 3.481506e+00	 6.410757e+00	 8.144294e-01	-4.192107e-02	-1.429446e-09	-6.422603e-08	-5.478377e-07	 5.515915e-07
psi(R) = 2.11e-01
parameter values for minimization:
K33 = 3.000000e+01
k24 = 7.000000e-01
Lambda = 8.600000e+01
d0 = 1.000000e+00
omega = 3.100000e+00
gamma_s = 1.000000e-01
initial guesses for R, eta, and delta:
guess for R = 3.481506e+00
guess for eta = 6.410757e+00
guess for delta = 8.144294e-01
estimated ranges of R, eta, and delta:
upper bound estimate of R = 5.222259e+00
lower bound estimate of R = 2.611130e+00
upper bound estimate of eta = 6.510757e+00
lower bound estimate of eta = 6.390757e+00
upper bound estimate of delta = 8.180000e-01
lower bound estimate of delta = 8.100000e-01
likely a maximizing (vs minimizing) solution for psi(r), as y[1][2]=-1.399721e-03  which usually means high energy.
solvde convergence failed when x = (3.481506e+00,6.410757e+00,8.144294e-01).
Retrying using a constant y value
    iteration	            R	          eta	        delta	            E	         dEdR	       dEdeta	     dEddelta	    grad norm
minimum found at:
           24	 3.495159e+00	 6.410972e+00	 8.144440e-01	-4.186048e-02	 2.187951e-09	-1.201392e-08	-1.047692e-06	 1.047763e-06
psi(R) = 2.11e-01
parameter values for minimization:
K33 = 3.000000e+01
k24 = 7.000000e-01
Lambda = 8.700000e+01
d0 = 1.000000e+00
omega = 3.100000e+00
gamma_s = 1.000000e-01
initial guesses for R, eta, and delta:
guess for R = 3.495159e+00
guess for eta = 6.410972e+00
guess for delta = 8.144440e-01
estimated ranges of R, eta, and delta:
upper bound estimate of R = 5.242738e+00
lower bound estimate of R = 2.621369e+00
upper bound estimate of eta = 6.510972e+00
lower bound estimate of eta = 6.390972e+00
upper bound estimate of delta = 8.180000e-01
lower bound estimate of delta = 8.100000e-01
likely a maximizing (vs minimizing) solution for psi(r), as y[1][2]=-1.679666e-03  which usually means high energy.
solvde convergence failed when x = (3.495159e+00,6.410972e+00,8.144440e-01).
Retrying using a constant y value
    iteration	            R	          eta	        delta	            E	         dEdR	       dEdeta	     dEddelta	    grad norm
minimum found at:
           17	 3.508620e+00	 6.411182e+00	 8.144586e-01	-4.180101e-02	 2.345639e-09	-1.337279e-08	 4.340856e-07	 4.342979e-07
psi(R) = 2.11e-01
parameter values for minimization:
K33 = 3.000000e+01
k24 = 7.000000e-01
Lambda = 8.800000e+01
d0 = 1.000000e+00
omega = 3.100000e+00
gamma_s = 1.000000e-01
initial guesses for R, eta, and delta:
guess for R = 3.508620e+00
guess for eta = 6.411182e+00
guess for delta = 8.1445