hi
Restoring modules from user's standard_modules
parameter values for minimization:
K33 = 3.000000e+01
k24 = 6.000000e-01
Lambda = 0.000000e+00
d0 = 1.000000e+00
omega = 4.200000e+01
gamma_s = 1.000000e-01
initial guesses for R, eta, and delta:
guess for R = 5.000000e-01
guess for eta = 6.300000e+00
guess for delta = 8.100000e-01
estimated ranges of R, eta, and delta:
upper bound estimate of R = 2.000000e+00
lower bound estimate of R = 1.000000e-01
upper bound estimate of eta = 6.430000e+00
lower bound estimate of eta = 6.290000e+00
upper bound estimate of delta = 8.160000e-01
lower bound estimate of delta = 8.000000e-01
    iteration	            R	          eta	        delta	            E	         dEdR	       dEdeta	     dEddelta	    grad norm
minimum found at:
            6	 4.384966e-01	 6.300000e+00	 8.164966e-01	-6.982715e+00	-4.207161e-10	 0.000000e+00	 4.440892e-08	 4.441091e-08
psi(R) = 3.15e-01
parameter values for minimization:
K33 = 3.000000e+01
k24 = 6.000000e-01
Lambda = 1.000000e+00
d0 = 1.000000e+00
omega = 4.200000e+01
gamma_s = 1.000000e-01
initial guesses for R, eta, and delta:
guess for R = 4.384966e-01
guess for eta = 6.300000e+00
guess for delta = 8.164966e-01
estimated ranges of R, eta, and delta:
upper bound estimate of R = 6.577449e-01
lower bound estimate of R = 3.288724e-01
upper bound estimate of eta = 6.400000e+00
lower bound estimate of eta = 6.280000e+00
upper bound estimate of delta = 8.180000e-01
lower bound estimate of delta = 8.100000e-01
    iteration	            R	          eta	        delta	            E	         dEdR	       dEdeta	     dEddelta	    grad norm
a-alpha = 3.614458e-08, fpa = 2.562806e-09
a-alpha = 3.023714e-08, fpa = 4.095476e-10
minimum found at:
           19	 3.105851e-01	 6.358750e+00	 8.144559e-01	-6.873576e+00	-1.251314e-08	-3.194975e-07	 9.843977e-07	 1.035024e-06
psi(R) = 2.39e-01
parameter values for minimization:
K33 = 3.000000e+01
k24 = 6.000000e-01
Lambda = 2.000000e+00
d0 = 1.000000e+00
omega = 4.200000e+01
gamma_s = 1.000000e-01
initial guesses for R, eta, and delta:
guess for R = 3.105851e-01
guess for eta = 6.358750e+00
guess for delta = 8.144559e-01
estimated ranges of R, eta, and delta:
upper bound estimate of R = 4.658777e-01
lower bound estimate of R = 2.329388e-01
upper bound estimate of eta = 6.458750e+00
lower bound estimate of eta = 6.338750e+00
upper bound estimate of delta = 8.180000e-01
lower bound estimate of delta = 8.100000e-01
    iteration	            R	          eta	        delta	            E	         dEdR	       dEdeta	     dEddelta	    grad norm
a-alpha = 1.298463e-08, fpa = 4.890303e-09
minimum found at:
           19	 2.867935e-01	 6.347927e+00	 8.137219e-01	-6.816942e+00	 1.601429e-08	-1.756620e-07	 9.992007e-08	 2.027254e-07
psi(R) = 2.19e-01
parameter values for minimization:
K33 = 3.000000e+01
k24 = 6.000000e-01
Lambda = 3.000000e+00
d0 = 1.000000e+00
omega = 4.200000e+01
gamma_s = 1.000000e-01
initial guesses for R, eta, and delta:
guess for R = 2.867935e-01
guess for eta = 6.347927e+00
guess for delta = 8.137219e-01
estimated ranges of R, eta, and delta:
upper bound estimate of R = 4.301902e-01
lower bound estimate of R = 2.150951e-01
upper bound estimate of eta = 6.447927e+00
lower bound estimate of eta = 6.327927e+00
upper bound estimate of delta = 8.180000e-01
lower bound estimate of delta = 8.100000e-01
    iteration	            R	          eta	        delta	            E	         dEdR	       dEdeta	     dEddelta	    grad norm
minimum found at:
           13	 2.754303e-01	 6.341774e+00	 8.132654e-01	-6.775577e+00	-2.429367e-07	 4.482834e-07	-5.591823e-06	 5.615021e-06
psi(R) = 2.07e-01
parameter values for minimization:
K33 = 3.000000e+01
k24 = 6.000000e-01
Lambda = 4.000000e+00
d0 = 1.000000e+00
omega = 4.200000e+01
gamma_s = 1.000000e-01
initial guesses for R, eta, and delta:
guess for R = 2.754303e-01
guess for eta = 6.341774e+00
guess for delta = 8.132654e-01
estimated ranges of R, eta, and delta:
upper bound estimate of R = 4.131455e-01
lower bound estimate of R = 2.065727e-01
upper bound estimate of eta = 6.441774e+00
lower bound estimate of eta = 6.321774e+00
upper bound estimate of delta = 8.180000e-01
lower bound estimate of delta = 8.100000e-01
    iteration	            R	          eta	        delta	            E	         dEdR	       dEdeta	     dEddelta	    grad norm
minimum found at:
           14	 2.690865e-01	 6.337547e+00	 8.129463e-01	-6.742462e+00	-3.660386e-07	 8.482104e-07	 1.096900e-05	 1.100784e-05
psi(R) = 1.99e-01
parameter values for minimization:
K33 = 3.000000e+01
k24 = 6.000000e-01
Lambda = 5.000000e+00
d0 = 1.000000e+00
omega = 4.200000e+01
gamma_s = 1.000000e-01
initial guesses for R, eta, and delta:
guess for R = 2.690865e-01
guess for eta = 6.337547e+00
guess for delta = 8.129463e-01
estimated ranges of R, eta, and delta:
upper bound estimate of R = 4.036298e-01
lower bound estimate of R = 2.018149e-01
upper bound estimate of eta = 6.437547e+00
lower bound estimate of eta = 6.317547e+00
upper bound estimate of delta = 8.180000e-01
lower bound estimate of delta = 8.100000e-01
    iteration	            R	          eta	        delta	            E	         dEdR	       dEdeta	     dEddelta	    grad norm
minimum found at:
           18	 2.654878e-01	 6.334368e+00	 8.127114e-01	-6.714699e+00	-1.129579e-08	-4.532177e-07	-4.699944e-07	 6.530150e-07
psi(R) = 1.92e-01
parameter values for minimization:
K33 = 3.000000e+01
k24 = 6.000000e-01
Lambda = 6.000000e+00
d0 = 1.000000e+00
omega = 4.200000e+01
gamma_s = 1.000000e-01
initial guesses for R, eta, and delta:
guess for R = 2.654878e-01
guess for eta = 6.334368e+00
guess for delta = 8.127114e-01
estimated ranges of R, eta, and delta:
upper bound estimate of R = 3.982317e-01
lower bound estimate of R = 1.991158e-01
upper bound estimate of eta = 6.434368e+00
lower bound estimate of eta = 6.314368e+00
upper bound estimate of delta = 8.180000e-01
lower bound estimate of delta = 8.100000e-01
    iteration	            R	          eta	        delta	            E	         dEdR	       dEdeta	     dEddelta	    grad norm
minimum found at:
           15	 2.636651e-01	 6.331847e+00	 8.125352e-01	-6.690760e+00	-3.636885e-07	-2.079818e-07	-8.596827e-06	 8.607030e-06
psi(R) = 1.87e-01
parameter values for minimization:
K33 = 3.000000e+01
k24 = 6.000000e-01
Lambda = 7.000000e+00
d0 = 1.000000e+00
omega = 4.200000e+01
gamma_s = 1.000000e-01
initial guesses for R, eta, and delta:
guess for R = 2.636651e-01
guess for eta = 6.331847e+00
guess for delta = 8.125352e-01
estimated ranges of R, eta, and delta:
upper bound estimate of R = 3.954976e-01
lower bound estimate of R = 1.977488e-01
upper bound estimate of eta = 6.431847e+00
lower bound estimate of eta = 6.311847e+00
upper bound estimate of delta = 8.180000e-01
lower bound estimate of delta = 8.100000e-01
    iteration	            R	          eta	        delta	            E	         dEdR	       dEdeta	     dEddelta	    grad norm
minimum found at:
            8	 2.631367e-01	 6.329777e+00	 8.124032e-01	-6.669724e+00	 7.276145e-08	-2.985266e-07	-1.629067e-05	 1.629357e-05
psi(R) = 1.82e-01
parameter values for minimization:
K33 = 3.000000e+01
k24 = 6.000000e-01
Lambda = 8.000000e+00
d0 = 1.000000e+00
omega = 4.200000e+01
gamma_s = 1.000000e-01
initial guesses for R, eta, and delta:
guess for R = 2.631367e-01
guess for eta = 6.329777e+00
guess for delta = 8.124032e-01
estimated ranges of R, eta, and delta:
upper bound estimate of R = 3.947051e-01
lower bound estimate of R = 1.973525e-01
upper bound estimate of eta = 6.429777e+00
lower bound estimate of eta = 6.309777e+00
upper bound estimate of delta = 8.180000e-01
lower bound estimate of delta = 8.100000e-01
    iteration	            R	          eta	        delta	            E	         dEdR	       dEdeta	     dEddelta	    grad norm
minimum found at:
           12	 2.636465e-01	 6.328036e+00	 8.123067e-01	-6.650992e+00	-2.112219e-07	-9.562721e-07	 4.792463e-06	 4.891500e-06
psi(R) = 1.78e-01
parameter values for minimization:
K33 = 3.000000e+01
k24 = 6.000000e-01
Lambda = 9.000000e+00
d0 = 1.000000e+00
omega = 4.200000e+01
gamma_s = 1.000000e-01
initial guesses for R, eta, and delta:
guess for R = 2.636465e-01
guess for eta = 6.328036e+00
guess for delta = 8.123067e-01
estimated ranges of R, eta, and delta:
upper bound estimate of R = 3.954698e-01
lower bound estimate of R = 1.977349e-01
upper bound estimate of eta = 6.428036e+00
lower bound estimate of eta = 6.308036e+00
upper bound estimate of delta = 8.180000e-01
lower bound estimate of delta = 8.100000e-01
    iteration	            R	          eta	        delta	            E	         dEdR	       dEdeta	     dEddelta	    grad norm
minimum found at:
           11	 2.650639e-01	 6.326548e+00	 8.122393e-01	-6.634145e+00	-7.695889e-08	 3.577385e-08	-6.587323e-07	 6.641767e-07
psi(R) = 1.75e-01
parameter values for minimization:
K33 = 3.000000e+01
k24 = 6.000000e-01
Lambda = 1.000000e+01
d0 = 1.000000e+00
omega = 4.200000e+01
gamma_s = 1.000000e-01
initial guesses for R, eta, and delta:
guess for R = 2.650639e-01
guess for eta = 6.326548e+00
guess for delta = 8.122393e-01
estimated ranges of R, eta, and delta:
upper bound estimate of R = 3.975959e-01
lower bound estimate of R = 1.987979e-01
upper bound estimate of eta = 6.426548e+00
lower bound estimate of eta = 6.306548e+00
upper bound estimate of delta = 8.180000e-01
lower bound estimate of delta = 8.100000e-01
    iteration	            R	          eta	        delta	            E	         dEdR	       dEdeta	     dEddelta	    grad norm
minimum found at:
            6	 2.673398e-01	 6.325262e+00	 8.121978e-01	-6.618884e+00	-6.567585e-08	 1.443290e-07	 1.480297e-06	 1.488766e-06
psi(R) = 1.72e-01
parameter values for minimization:
K33 = 3.000000e+01
k24 = 6.000000e-01
Lambda = 1.100000e+01
d0 = 1.000000e+00
omega = 4.200000e+01
gamma_s = 1.000000e-01
initial guesses for R, eta, and delta:
guess for R = 2.673398e-01
guess for eta = 6.325262e+00
guess for delta = 8.121978e-01
estimated ranges of R, eta, and delta:
upper bound estimate of R = 4.010097e-01
lower bound estimate of R = 2.005049e-01
upper bound estimate of eta = 6.425262e+00
lower bound estimate of eta = 6.305262e+00
upper bound estimate of delta = 8.180000e-01
lower bound estimate of delta = 8.100000e-01
    iteration	            R	          eta	        delta	            E	         dEdR	       dEdeta	     dEddelta	    grad norm
minimum found at:
            6	 2.704912e-01	 6.324145e+00	 8.121800e-01	-6.604984e+00	-2.864546e-08	-5.057683e-08	 5.181041e-08	 7.786460e-08
psi(R) = 1.69e-01
parameter values for minimization:
K33 = 3.000000e+01
k24 = 6.000000e-01
Lambda = 1.200000e+01
d0 = 1.000000e+00
omega = 4.200000e+01
gamma_s = 1.000000e-01
initial guesses for R, eta, and delta:
guess for R = 2.704912e-01
guess for eta = 6.324145e+00
guess for delta = 8.121800e-01
estimated ranges of R, eta, and delta:
upper bound estimate of R = 4.057368e-01
lower bound estimate of R = 2.028684e-01
upper bound estimate of eta = 6.424145e+00
lower bound estimate of eta = 6.304145e+00
upper bound estimate of delta = 8.180000e-01
lower bound estimate of delta = 8.100000e-01
    iteration	            R	          eta	        delta	            E	         dEdR	       dEdeta	     dEddelta	    grad norm
minimum found at:
            7	 2.746033e-01	 6.323174e+00	 8.121852e-01	-6.592275e+00	-4.903474e-08	 3.700743e-09	 8.807769e-07	 8.821486e-07
psi(R) = 1.66e-01
parameter values for minimization:
K33 = 3.000000e+01
k24 = 6.000000e-01
Lambda = 1.300000e+01
d0 = 1.000000e+00
omega = 4.200000e+01
gamma_s = 1.000000e-01
initial guesses for R, eta, and delta:
guess for R = 2.746033e-01
guess for eta = 6.323174e+00
guess for delta = 8.121852e-01
estimated ranges of R, eta, and delta:
upper bound estimate of R = 4.119049e-01
lower bound estimate of R = 2.059525e-01
upper bound estimate of eta = 6.423174e+00
lower bound estimate of eta = 6.303174e+00
upper bound estimate of delta = 8.180000e-01
lower bound estimate of delta = 8.100000e-01
    iteration	            R	          eta	        delta	            E	         dEdR	       dEdeta	     dEddelta	    grad norm
a-alpha = 8.073116e-09, fpa = 8.992835e-09
a-alpha = 7.453137e-08, fpa = 2.539776e-09
a-alpha = -4.677300e-08, fpa = -1.360510e-09
minimum found at:
           37	 2.798496e-01	 6.322337e+00	 8.122138e-01	-6.580629e+00	 1.794017e-07	-5.773160e-08	-3.079019e-06	 3.084781e-06
psi(R) = 1.64e-01
parameter values for minimization:
K33 = 3.000000e+01
k24 = 6.000000e-01
Lambda = 1.400000e+01
d0 = 1.000000e+00
omega = 4.200000e+01
gamma_s = 1.000000e-01
initial guesses for R, eta, and delta:
guess for R = 2.798496e-01
guess for eta = 6.322337e+00
guess for delta = 8.122138e-01
estimated ranges of R, eta, and delta:
upper bound estimate of R = 4.197744e-01
lower bound estimate of R = 2.098872e-01
upper bound estimate of eta = 6.422337e+00
lower bound estimate of eta = 6.302337e+00
upper bound estimate of delta = 8.180000e-01
lower bound estimate of delta = 8.100000e-01
    iteration	            R	          eta	        delta	            E	         dEdR	       dEdeta	     dEddelta	    grad norm
a-alpha = 4.298555e-08, fpa = 2.273160e-09
minimum found at:
           27	 2.865451e-01	 6.321631e+00	 8.122683e-01	-6.569948e+00	-3.333164e-07	-7.376815e-07	 1.546911e-06	 1.745911e-06
psi(R) = 1.62e-01
parameter values for minimization:
K33 = 3.000000e+01
k24 = 6.000000e-01
Lambda = 1.500000e+01
d0 = 1.000000e+00
omega = 4.200000e+01
gamma_s = 1.000000e-01
initial guesses for R, eta, and delta:
guess for R = 2.865451e-01
guess for eta = 6.321631e+00
guess for delta = 8.122683e-01
estimated ranges of R, eta, and delta:
upper bound estimate of R = 4.298176e-01
lower bound estimate of R = 2.149088e-01
upper bound estimate of eta = 6.421631e+00
lower bound estimate of eta = 6.301631e+00
upper bound estimate of delta = 8.180000e-01
lower bound estimate of delta = 8.100000e-01
    iteration	            R	          eta	        delta	            E	         dEdR	       dEdeta	     dEddelta	    grad norm
minimum found at:
           14	 2.952775e-01	 6.321067e+00	 8.123538e-01	-6.560163e+00	 4.248534e-07	 6.338140e-07	-6.957398e-07	 1.032606e-06
psi(R) = 1.60e-01
parameter values for minimization:
K33 = 3.000000e+01
k24 = 6.000000e-01
Lambda = 1.600000e+01
d0 = 1.000000e+00
omega = 4.200000e+01
gamma_s = 1.000000e-01
initial guesses for R, eta, and delta:
guess for R = 2.952775e-01
guess for eta = 6.321067e+00
guess for delta = 8.123538e-01
estimated ranges of R, eta, and delta:
upper bound estimate of R = 4.429163e-01
lower bound estimate of R = 2.214581e-01
upper bound estimate of eta = 6.421067e+00
lower bound estimate of eta = 6.301067e+00
upper bound estimate of delta = 8.180000e-01
lower bound estimate of delta = 8.100000e-01
    iteration	            R	          eta	        delta	            E	         dEdR	       dEdeta	     dEddelta	    grad norm
a-alpha = -1.187540e-07, fpa = -1.564535e-09
a-alpha = -6.636274e-09, fpa = -2.272393e-09
a-alpha = -4.792211e-09, fpa = -3.607201e-09
minimum found at:
           34	 3.072772e-01	 6.320684e+00	 8.124822e-01	-6.551238e+00	-3.874233e-07	-7.105427e-08	-1.112073e-05	 1.112771e-05
psi(R) = 1.58e-01
parameter values for minimization:
K33 = 3.000000e+01
k24 = 6.000000e-01
Lambda = 1.700000e+01
d0 = 1.000000e+00
omega = 4.200000e+01
gamma_s = 1.000000e-01
initial guesses for R, eta, and delta:
guess for R = 3.072772e-01
guess for eta = 6.320684e+00
guess for delta = 8.124822e-01
estimated ranges of R, eta, and delta:
upper bound estimate of R = 4.609158e-01
lower bound estimate of R = 2.304579e-01
upper bound estimate of eta = 6.420684e+00
lower bound estimate of eta = 6.300684e+00
upper bound estimate of delta = 8.180000e-01
lower bound estimate of delta = 8.100000e-01
    iteration	            R	          eta	        delta	            E	         dEdR	       dEdeta	     dEddelta	    grad norm
minimum found at:
           26	 3.259354e-01	 6.320610e+00	 8.126868e-01	-6.543181e+00	 2.119685e-07	-3.676072e-08	-1.258253e-06	 1.276512e-06
psi(R) = 1.57e-01
parameter values for minimization:
K33 = 3.000000e+01
k24 = 6.000000e-01
Lambda = 1.800000e+01
d0 = 1.000000e+00
omega = 4.200000e+01
gamma_s = 1.000000e-01
initial guesses for R, eta, and delta:
guess for R = 3.259354e-01
guess for eta = 6.320610e+00
guess for delta = 8.126868e-01
estimated ranges of R, eta, and delta:
upper bound estimate of R = 4.889031e-01
lower bound estimate of R = 2.444515e-01
upper bound estimate of eta = 6.420610e+00
lower bound estimate of eta = 6.300610e+00
upper bound estimate of delta = 8.180000e-01
lower bound estimate of delta = 8.100000e-01
    iteration	            R	          eta	        delta	            E	         dEdR	       dEdeta	     dEddelta	    grad norm
ss=6.577107037462e+27, lastss = 3.798471744431e+28
tol = 6.884535029283e-13
failed to integrate at x = (4.616190e+00,6.484580e+00,8.133636e-01)
solvde convergence failed when x = (4.616190e+00,6.484580e+00,8.133636e-01).
Retrying using a constant y value
minimum found at:
           37	 1.296698e+00	 6.360394e+00	 8.157679e-01	-6.540751e+00	 1.750064e-07	 5.746021e-07	-7.856678e-06	 7.879606e-06
psi(R) = 1.87e-01
parameter values for minimization:
K33 = 3.000000e+01
k24 = 6.000000e-01
Lambda = 1.900000e+01
d0 = 1.000000e+00
omega = 4.200000e+01
gamma_s = 1.000000e-01
initial guesses for R, eta, and delta:
guess for R = 1.296698e+00
guess for eta = 6.360394e+00
guess for delta = 8.157679e-01
estimated ranges of R, eta, and delta:
upper bound estimate of R = 1.945047e+00
lower bound estimate of R = 9.725235e-01
upper bound estimate of eta = 6.460394e+00
lower bound estimate of eta = 6.340394e+00
upper bound estimate of delta = 8.180000e-01
lower bound estimate of delta = 8.100000e-01
    iteration	            R	          eta	        delta	            E	         dEdR	       dEdeta	     dEddelta	    grad norm
minimum found at:
           26	 1.428277e+00	 6.364695e+00	 8.158602e-01	-6.539494e+00	-1.388173e-07	-3.197442e-07	 4.748054e-06	 4.760832e-06
psi(R) = 1.90e-01
parameter values for minimization:
K33 = 3.000000e+01
k24 = 6.000000e-01
Lambda = 2.000000e+01
d0 = 1.000000e+00
omega = 4.200000e+01
gamma_s = 1.000000e-01
initial guesses for R, eta, and delta:
guess for R = 1.428277e+00
guess for eta = 6.364695e+00
guess for delta = 8.158602e-01
estimated ranges of R, eta, and delta:
upper bound estimate of R = 2.142416e+00
lower bound estimate of R = 1.071208e+00
upper bound estimate of eta = 6.464695e+00
lower bound estimate of eta = 6.344695e+00
upper bound estimate of delta = 8.180000e-01
lower bound estimate of delta = 8.100000e-01
    iteration	            R	          eta	        delta	            E	         dEdR	       dEdeta	     dEddelta	    grad norm
minimum found at:
           11	 1.539518e+00	 6.368150e+00	 8.159248e-01	-6.538435e+00	 1.022326e-07	 7.191778e-07	 2.845872e-06	 2.937117e-06
psi(R) = 1.92e-01
parameter values for minimization:
K33 = 3.000000e+01
k24 = 6.000000e-01
Lambda = 2.100000e+01
d0 = 1.000000e+00
omega = 4.200000e+01
gamma_s = 1.000000e-01
initial guesses for R, eta, and delta:
guess for R = 1.539518e+00
guess for eta = 6.368150e+00
guess for delta = 8.159248e-01
estimated ranges of R, eta, and delta:
upper bound estimate of R = 2.309277e+00
lower bound estimate of R = 1.154638e+00
upper bound estimate of eta = 6.468150e+00
lower bound estimate of eta = 6.348150e+00
upper bound estimate of delta = 8.180000e-01
lower bound estimate of delta = 8.100000e-01
    iteration	            R	          eta	        delta	            E	         dEdR	       dEdeta	     dEddelta	    grad norm
minimum found at:
           13	 1.637355e+00	 6.371063e+00	 8.159739e-01	-6.537522e+00	-3.153828e-08	 1.690006e-07	 1.601312e-05	 1.601404e-05
psi(R) = 1.94e-01
parameter values for minimization:
K33 = 3.000000e+01
k24 = 6.000000e-01
Lambda = 2.200000e+01
d0 = 1.000000e+00
omega = 4.200000e+01
gamma_s = 1.000000e-01
initial guesses for R, eta, and delta:
guess for R = 1.637355e+00
guess for eta = 6.371063e+00
guess for delta = 8.159739e-01
estimated ranges of R, eta, and delta:
upper bound estimate of R = 2.456033e+00
lower bound estimate of R = 1.228016e+00
upper bound estimate of eta = 6.471063e+00
lower bound estimate of eta = 6.351063e+00
upper bound estimate of delta = 8.180000e-01
lower bound estimate of delta = 8.100000e-01
    iteration	            R	          eta	        delta	            E	         dEdR	       dEdeta	     dEddelta	    grad norm
minimum found at:
           17	 1.725449e+00	 6.373593e+00	 8.160127e-01	-6.536721e+00	 3.134139e-10	 2.898916e-07	 1.327827e-05	 1.328143e-05
psi(R) = 1.95e-01
parameter values for minimization:
K33 = 3.000000e+01
k24 = 6.000000e-01
Lambda = 2.300000e+01
d0 = 1.000000e+00
omega = 4.200000e+01
gamma_s = 1.000000e-01
initial guesses for R, eta, and delta:
guess for R = 1.725449e+00
guess for eta = 6.373593e+00
guess for delta = 8.160127e-01
estimated ranges of R, eta, and delta:
upper bound estimate of R = 2.588173e+00
lower bound estimate of R = 1.294087e+00
upper bound estimate of eta = 6.473593e+00
lower bound estimate of eta = 6.353593e+00
upper bound estimate of delta = 8.180000e-01
lower bound estimate of delta = 8.100000e-01
    iteration	            R	          eta	        delta	            E	         dEdR	       dEdeta	     dEddelta	    grad norm
a-alpha = 7.372007e-08, fpa = 1.208649e-09
minimum found at:
           23	 1.805903e+00	 6.375831e+00	 8.160443e-01	-6.536009e+00	-4.655646e-08	-8.775696e-07	 1.865175e-06	 2.061837e-06
psi(R) = 1.96e-01
parameter values for minimization:
K33 = 3.000000e+01
k24 = 6.000000e-01
Lambda = 2.400000e+01
d0 = 1.000000e+00
omega = 4.200000e+01
gamma_s = 1.000000e-01
initial guesses for R, eta, and delta:
guess for R = 1.805903e+00
guess for eta = 6.375831e+00
guess for delta = 8.160443e-01
estimated ranges of R, eta, and delta:
upper bound estimate of R = 2.708855e+00
lower bound estimate of R = 1.354427e+00
upper bound estimate of eta = 6.475831e+00
lower bound estimate of eta = 6.355831e+00
upper bound estimate of delta = 8.180000e-01
lower bound estimate of delta = 8.100000e-01
    iteration	            R	          eta	        delta	            E	         dEdR	       dEdeta	     dEddelta	    grad norm
minimum found at:
           22	 1.880196e+00	 6.377839e+00	 8.160708e-01	-6.535370e+00	 3.740015e-08	 1.344603e-07	-9.203749e-06	 9.204807e-06
psi(R) = 1.97e-01
parameter values for minimization:
K33 = 3.000000e+01
k24 = 6.000000e-01
Lambda = 2.500000e+01
d0 = 1.000000e+00
omega = 4.200000e+01
gamma_s = 1.000000e-01
initial guesses for R, eta, and delta:
guess for R = 1.880196e+00
guess for eta = 6.377839e+00
guess for delta = 8.160708e-01
estimated ranges of R, eta, and delta:
upper bound estimate of R = 2.820294e+00
lower bound estimate of R = 1.410147e+00
upper bound estimate of eta = 6.477839e+00
lower bound estimate of eta = 6.357839e+00
upper bound estimate of delta = 8.180000e-01
lower bound estimate of delta = 8.100000e-01
    iteration	            R	          eta	        delta	            E	         dEdR	       dEdeta	     dEddelta	    grad norm
minimum found at:
           21	 1.949276e+00	 6.379658e+00	 8.160936e-01	-6.534791e+00	-5.941567e-09	-1.519772e-07	-4.955295e-06	 4.957629e-06
psi(R) = 1.98e-01
parameter values for minimization:
K33 = 3.000000e+01
k24 = 6.000000e-01
Lambda = 2.600000e+01
d0 = 1.000000e+00
omega = 4.200000e+01
gamma_s = 1.000000e-01
initial guesses for R, eta, and delta:
guess for R = 1.949276e+00
guess for eta = 6.379658e+00
guess for delta = 8.160936e-01
estimated ranges of R, eta, and delta:
upper bound estimate of R = 2.923914e+00
lower bound estimate of R = 1.461957e+00
upper bound estimate of eta = 6.479658e+00
lower bound estimate of eta = 6.359658e+00
upper bound estimate of delta = 8.180000e-01
lower bound estimate of delta = 8.100000e-01
    iteration	            R	          eta	        delta	            E	         dEdR	       dEdeta	     dEddelta	    grad norm
minimum found at:
           11	 2.013937e+00	 6.381320e+00	 8.161134e-01	-6.534263e+00	 3.685664e-09	-2.694141e-07	-1.372976e-06	 1.399164e-06
psi(R) = 1.99e-01
parameter values for minimization:
K33 = 3.000000e+01
k24 = 6.000000e-01
Lambda = 2.700000e+01
d0 = 1.000000e+00
omega = 4.200000e+01
gamma_s = 1.000000e-01
initial guesses for R, eta, and delta:
guess for R = 2.013937e+00
guess for eta = 6.381320e+00
guess for delta = 8.161134e-01
estimated ranges of R, eta, and delta:
upper bound estimate of R = 3.020905e+00
lower bound estimate of R = 1.510453e+00
upper bound estimate of eta = 6.481320e+00
lower bound estimate of eta = 6.361320e+00
upper bound estimate of delta = 8.180000e-01
lower bound estimate of delta = 8.100000e-01
    iteration	            R	          eta	        delta	            E	         dEdR	       dEdeta	     dEddelta	    grad norm
a-alpha = 1.653855e-08, fpa = 2.309691e-09
minimum found at:
            9	 2.074743e+00	 6.382850e+00	 8.161308e-01	-6.533779e+00	-5.027582e-08	 3.836437e-07	 1.479557e-05	 1.480063e-05
psi(R) = 2.00e-01
parameter values for minimization:
K33 = 3.000000e+01
k24 = 6.000000e-01
Lambda = 2.800000e+01
d0 = 1.000000e+00
omega = 4.200000e+01
gamma_s = 1.000000e-01
initial guesses for R, eta, and delta:
guess for R = 2.074743e+00
guess for eta = 6.382850e+00
guess for delta = 8.161308e-01
estimated ranges of R, eta, and delta:
upper bound estimate of R = 3.112114e+00
lower bound estimate of R = 1.556057e+00
upper bound estimate of eta = 6.482850e+00
lower bound estimate of eta = 6.362850e+00
upper bound estimate of delta = 8.180000e-01
lower bound estimate of delta = 8.100000e-01
likely a maximizing (vs minimizing) solution for psi(r), as y[1][2]=-1.621400e-04  which usually means high energy.
solvde convergence failed when x = (2.074743e+00,6.382850e+00,8.161308e-01).
Retrying using a constant y value
    iteration	            R	          eta	        delta	            E	         dEdR	       dEdeta	     dEddelta	    grad norm
minimum found at:
           11	 2.132170e+00	 6.384264e+00	 8.161459e-01	-6.533333e+00	-3.240172e-08	-3.236917e-07	 4.551914e-07	 5.594868e-07
psi(R) = 2.00e-01
parameter values for minimization:
K33 = 3.000000e+01
k24 = 6.000000e-01
Lambda = 2.900000e+01
d0 = 1.000000e+00
omega = 4.200000e+01
gamma_s = 1.000000e-01
initial guesses for R, eta, and delta:
guess for R = 2.132170e+00
guess for eta = 6.384264e+00
guess for delta = 8.161459e-01
estimated ranges of R, eta, and delta:
upper bound estimate of R = 3.198255e+00
lower bound estimate of R = 1.599127e+00
upper bound estimate of eta = 6.484264e+00
lower bound estimate of eta = 6.364264e+00
upper bound estimate of delta = 8.180000e-01
lower bound estimate of delta = 8.100000e-01
    iteration	            R	          eta	        delta	            E	         dEdR	       dEdeta	     dEddelta	    grad norm
minimum found at:
            7	 2.186616e+00	 6.385581e+00	 8.161597e-01	-6.532920e+00	 3.923077e-08	 3.584787e-07	 8.800368e-06	 8.807753e-06
psi(R) = 2.01e-01
parameter values for minimization:
K33 = 3.000000e+01
k24 = 6.000000e-01
Lambda = 3.000000e+01
d0 = 1.000000e+00
omega = 4.200000e+01
gamma_s = 1.000000e-01
initial guesses for R, eta, and delta:
guess for R = 2.186616e+00
guess for eta = 6.385581e+00
guess for delta = 8.161597e-01
estimated ranges of R, eta, and delta:
upper bound estimate of R = 3.279924e+00
lower bound estimate of R = 1.639962e+00
upper bound estimate of eta = 6.485581e+00
lower bound estimate of eta = 6.365581e+00
upper bound estimate of delta = 8.180000e-01
lower bound estimate of delta = 8.100000e-01
ss=4.650688610769e+19, lastss = 6.947007824412e+01
tol = 1.535225879379e-13
failed to integrate at x = (2.186616e+00,6.385581e+00,8.161597e-01)
solvde convergence failed when x = (2.186616e+00,6.385581e+00,8.161597e-01).
Retrying using a constant y value
    iteration	            R	          eta	        delta	            E	         dEdR	       dEdeta	     dEddelta	    grad norm
minimum found at:
            9	 2.238320e+00	 6.386808e+00	 8.161718e-01	-6.532536e+00	-4.740672e-08	-8.314337e-08	-4.588922e-07	 4.687667e-07
psi(R) = 2.01e-01
parameter values for minimization:
K33 = 3.000000e+01
k24 = 6.000000e-01
Lambda = 3.100000e+01
d0 = 1.000000e+00
omega = 4.200000e+01
gamma_s = 1.000000e-01
initial guesses for R, eta, and delta:
guess for R = 2.238320e+00
guess for eta = 6.386808e+00
guess for delta = 8.161718e-01
estimated ranges of R, eta, and delta:
upper bound estimate of R = 3.357480e+00
lower bound estimate of R = 1.678740e+00
upper bound estimate of eta = 6.486808e+00
lower bound estimate of eta = 6.366808e+00
upper bound estimate of delta = 8.180000e-01
lower bound estimate of delta = 8.100000e-01
likely a maximizing (vs minimizing) solution for psi(r), as y[1][2]=-2.264922e-04  which usually means high energy.
solvde convergence failed when x = (2.238320e+00,6.386808e+00,8.161718e-01).
Retrying using a constant y value
    iteration	            R	          eta	        delta	            E	         dEdR	       dEdeta	     dEddelta	    grad norm
minimum found at:
           12	 2.287629e+00	 6.387958e+00	 8.161829e-01	-6.532177e+00	-1.075785e-09	-9.769963e-08	 1.672736e-06	 1.675587e-06
psi(R) = 2.02e-01
parameter values for minimization:
K33 = 3.000000e+01
k24 = 6.000000e-01
Lambda = 3.200000e+01
d0 = 1.000000e+00
omega = 4.200000e+01
gamma_s = 1.000000e-01
initial guesses for R, eta, and delta:
guess for R = 2.287629e+00
guess for eta = 6.387958e+00
guess for delta = 8.161829e-01
estimated ranges of R, eta, and delta:
upper bound estimate of R = 3.431443e+00
lower bound estimate of R = 1.715722e+00
upper bound estimate of eta = 6.487958e+00
lower bound estimate of eta = 6.367958e+00
upper bound estimate of delta = 8.180000e-01
lower bound estimate of delta = 8.100000e-01
    iteration	            R	          eta	        delta	            E	         dEdR	       dEdeta	     dEddelta	    grad norm
minimum found at:
            8	 2.334723e+00	 6.389040e+00	 8.161930e-01	-6.531841e+00	 3.468392e-08	-8.440162e-07	-6.883383e-07	 1.089668e-06
psi(R) = 2.02e-01
parameter values for minimization:
K33 = 3.000000e+01
k24 = 6.000000e-01
Lambda = 3.300000e+01
d0 = 1.000000e+00
omega = 4.200000e+01
gamma_s = 1.000000e-01
initial guesses for R, eta, and delta:
guess for R = 2.334723e+00
guess for eta = 6.389040e+00
guess for delta = 8.161930e-01
estimated ranges of R, eta, and delta:
upper bound estimate of R = 3.502084e+00
lower bound estimate of R = 1.751042e+00
upper bound estimate of eta = 6.489040e+00
lower bound estimate of eta = 6.369040e+00
upper bound estimate of delta = 8.180000e-01
lower bound estimate of delta = 8.100000e-01
    iteration	            R	          eta	        delta	            E	         dEdR	       dEdeta	     dEddelta	    grad norm
minimum found at:
            7	 2.379811e+00	 6.390060e+00	 8.162023e-01	-6.531526e+00	 4.615779e-08	 4.880047e-07	 8.482104e-06	 8.496256e-06
psi(R) = 2.03e-01
parameter values for minimization:
K33 = 3.000000e+01
k24 = 6.000000e-01
Lambda = 3.400000e+01
d0 = 1.000000e+00
omega = 4.200000e+01
gamma_s = 1.000000e-01
initial guesses for R, eta, and delta:
guess for R = 2.379811e+00
guess for eta = 6.390060e+00
guess for delta = 8.162023e-01
estimated ranges of R, eta, and delta:
upper bound estimate of R = 3.569717e+00
lower bound estimate of R = 1.784858e+00
upper bound estimate of eta = 6.490060e+00
lower bound estimate of eta = 6.370060e+00
upper bound estimate of delta = 8.180000e-01
lower bound estimate of delta = 8.100000e-01
    iteration	            R	          eta	        delta	            E	         dEdR	       dEdeta	     dEddelta	    grad norm
minimum found at:
            6	 2.423027e+00	 6.391023e+00	 8.162108e-01	-6.531230e+00	 4.818605e-08	-6.414622e-07	 6.446695e-06	 6.478709e-06
psi(R) = 2.03e-01
Traceback (most recent call last):
  File "scan2d.py", line 77, in <module>
    Ei,Ri,etai,deltai,surftwisti = run.get_all_observables('observables',str2float=True)
  File "../../modules_gammak24/singlerun.py", line 77, in get_all_observables
    E,R,eta,delta,surftwist = map(float,line.split())
ValueError: not enough values to unpack (expected 5, got 0)
