hi
Restoring modules from user's standard_modules
parameter values for minimization:
K33 = 3.000000e+01
k24 = 6.000000e-01
Lambda = 0.000000e+00
d0 = 1.000000e+00
omega = 4.730000e+01
gamma_s = 1.000000e-01
initial guesses for R, eta, and delta:
guess for R = 5.000000e-01
guess for eta = 6.300000e+00
guess for delta = 8.100000e-01
estimated ranges of R, eta, and delta:
upper bound estimate of R = 2.000000e+00
lower bound estimate of R = 1.000000e-01
upper bound estimate of eta = 6.430000e+00
lower bound estimate of eta = 6.290000e+00
upper bound estimate of delta = 8.160000e-01
lower bound estimate of delta = 8.000000e-01
    iteration	            R	          eta	        delta	            E	         dEdR	       dEdeta	     dEddelta	    grad norm
minimum found at:
            5	 4.384966e-01	 6.300000e+00	 8.164966e-01	-7.866049e+00	-5.297906e-10	 1.691768e-09	-1.295260e-08	 1.307336e-08
psi(R) = 3.15e-01
parameter values for minimization:
K33 = 3.000000e+01
k24 = 6.000000e-01
Lambda = 1.000000e+00
d0 = 1.000000e+00
omega = 4.730000e+01
gamma_s = 1.000000e-01
initial guesses for R, eta, and delta:
guess for R = 4.384966e-01
guess for eta = 6.300000e+00
guess for delta = 8.164966e-01
estimated ranges of R, eta, and delta:
upper bound estimate of R = 6.577449e-01
lower bound estimate of R = 3.288724e-01
upper bound estimate of eta = 6.400000e+00
lower bound estimate of eta = 6.280000e+00
upper bound estimate of delta = 8.180000e-01
lower bound estimate of delta = 8.100000e-01
    iteration	            R	          eta	        delta	            E	         dEdR	       dEdeta	     dEddelta	    grad norm
a-alpha = 1.007900e-07, fpa = 1.399665e-09
minimum found at:
           15	 3.105642e-01	 6.358741e+00	 8.146853e-01	-7.756890e+00	 1.458366e-07	-7.951664e-07	-8.992806e-07	 1.209241e-06
psi(R) = 2.39e-01
parameter values for minimization:
K33 = 3.000000e+01
k24 = 6.000000e-01
Lambda = 2.000000e+00
d0 = 1.000000e+00
omega = 4.730000e+01
gamma_s = 1.000000e-01
initial guesses for R, eta, and delta:
guess for R = 3.105642e-01
guess for eta = 6.358741e+00
guess for delta = 8.146853e-01
estimated ranges of R, eta, and delta:
upper bound estimate of R = 4.658463e-01
lower bound estimate of R = 2.329232e-01
upper bound estimate of eta = 6.458741e+00
lower bound estimate of eta = 6.338741e+00
upper bound estimate of delta = 8.180000e-01
lower bound estimate of delta = 8.100000e-01
    iteration	            R	          eta	        delta	            E	         dEdR	       dEdeta	     dEddelta	    grad norm
a-alpha = 8.600603e-08, fpa = 2.498396e-09
minimum found at:
           19	 2.867698e-01	 6.347915e+00	 8.140343e-01	-7.700239e+00	 8.859293e-08	 4.342206e-08	-8.078723e-06	 8.079325e-06
psi(R) = 2.19e-01
parameter values for minimization:
K33 = 3.000000e+01
k24 = 6.000000e-01
Lambda = 3.000000e+00
d0 = 1.000000e+00
omega = 4.730000e+01
gamma_s = 1.000000e-01
initial guesses for R, eta, and delta:
guess for R = 2.867698e-01
guess for eta = 6.347915e+00
guess for delta = 8.140343e-01
estimated ranges of R, eta, and delta:
upper bound estimate of R = 4.301547e-01
lower bound estimate of R = 2.150774e-01
upper bound estimate of eta = 6.447915e+00
lower bound estimate of eta = 6.327915e+00
upper bound estimate of delta = 8.180000e-01
lower bound estimate of delta = 8.100000e-01
    iteration	            R	          eta	        delta	            E	         dEdR	       dEdeta	     dEddelta	    grad norm
minimum found at:
           13	 2.754080e-01	 6.341760e+00	 8.136298e-01	-7.658861e+00	-4.363586e-08	 7.623531e-08	-5.662137e-07	 5.729868e-07
psi(R) = 2.07e-01
parameter values for minimization:
K33 = 3.000000e+01
k24 = 6.000000e-01
Lambda = 4.000000e+00
d0 = 1.000000e+00
omega = 4.730000e+01
gamma_s = 1.000000e-01
initial guesses for R, eta, and delta:
guess for R = 2.754080e-01
guess for eta = 6.341760e+00
guess for delta = 8.136298e-01
estimated ranges of R, eta, and delta:
upper bound estimate of R = 4.131120e-01
lower bound estimate of R = 2.065560e-01
upper bound estimate of eta = 6.441760e+00
lower bound estimate of eta = 6.321760e+00
upper bound estimate of delta = 8.180000e-01
lower bound estimate of delta = 8.100000e-01
    iteration	            R	          eta	        delta	            E	         dEdR	       dEdeta	     dEddelta	    grad norm
minimum found at:
           11	 2.690678e-01	 6.337533e+00	 8.133469e-01	-7.625737e+00	-7.424563e-08	-1.860240e-07	-4.130030e-06	 4.134884e-06
psi(R) = 1.99e-01
parameter values for minimization:
K33 = 3.000000e+01
k24 = 6.000000e-01
Lambda = 5.000000e+00
d0 = 1.000000e+00
omega = 4.730000e+01
gamma_s = 1.000000e-01
initial guesses for R, eta, and delta:
guess for R = 2.690678e-01
guess for eta = 6.337533e+00
guess for delta = 8.133469e-01
estimated ranges of R, eta, and delta:
upper bound estimate of R = 4.036017e-01
lower bound estimate of R = 2.018009e-01
upper bound estimate of eta = 6.437533e+00
lower bound estimate of eta = 6.317533e+00
upper bound estimate of delta = 8.180000e-01
lower bound estimate of delta = 8.100000e-01
    iteration	            R	          eta	        delta	            E	         dEdR	       dEdeta	     dEddelta	    grad norm
minimum found at:
           13	 2.654740e-01	 6.334353e+00	 8.131390e-01	-7.597966e+00	-2.605547e-07	-6.764959e-07	 5.625130e-06	 5.671651e-06
psi(R) = 1.92e-01
parameter values for minimization:
K33 = 3.000000e+01
k24 = 6.000000e-01
Lambda = 6.000000e+00
d0 = 1.000000e+00
omega = 4.730000e+01
gamma_s = 1.000000e-01
initial guesses for R, eta, and delta:
guess for R = 2.654740e-01
guess for eta = 6.334353e+00
guess for delta = 8.131390e-01
estimated ranges of R, eta, and delta:
upper bound estimate of R = 3.982110e-01
lower bound estimate of R = 1.991055e-01
upper bound estimate of eta = 6.434353e+00
lower bound estimate of eta = 6.314353e+00
upper bound estimate of delta = 8.180000e-01
lower bound estimate of delta = 8.100000e-01
    iteration	            R	          eta	        delta	            E	         dEdR	       dEdeta	     dEddelta	    grad norm
minimum found at:
            9	 2.636578e-01	 6.331832e+00	 8.129831e-01	-7.574020e+00	 4.322557e-07	-2.856974e-07	-3.145632e-07	 6.061501e-07
psi(R) = 1.87e-01
parameter values for minimization:
K33 = 3.000000e+01
k24 = 6.000000e-01
Lambda = 7.000000e+00
d0 = 1.000000e+00
omega = 4.730000e+01
gamma_s = 1.000000e-01
initial guesses for R, eta, and delta:
guess for R = 2.636578e-01
guess for eta = 6.331832e+00
guess for delta = 8.129831e-01
estimated ranges of R, eta, and delta:
upper bound estimate of R = 3.954867e-01
lower bound estimate of R = 1.977433e-01
upper bound estimate of eta = 6.431832e+00
lower bound estimate of eta = 6.311832e+00
upper bound estimate of delta = 8.180000e-01
lower bound estimate of delta = 8.100000e-01
    iteration	            R	          eta	        delta	            E	         dEdR	       dEdeta	     dEddelta	    grad norm
a-alpha = 3.313181e-09, fpa = 4.173924e-09
minimum found at:
            8	 2.631368e-01	 6.329762e+00	 8.128663e-01	-7.552979e+00	-6.872105e-08	-2.449892e-07	-1.271575e-05	 1.271830e-05
psi(R) = 1.82e-01
parameter values for minimization:
K33 = 3.000000e+01
k24 = 6.000000e-01
Lambda = 8.000000e+00
d0 = 1.000000e+00
omega = 4.730000e+01
gamma_s = 1.000000e-01
initial guesses for R, eta, and delta:
guess for R = 2.631368e-01
guess for eta = 6.329762e+00
guess for delta = 8.128663e-01
estimated ranges of R, eta, and delta:
upper bound estimate of R = 3.947052e-01
lower bound estimate of R = 1.973526e-01
upper bound estimate of eta = 6.429762e+00
lower bound estimate of eta = 6.309762e+00
upper bound estimate of delta = 8.180000e-01
lower bound estimate of delta = 8.100000e-01
    iteration	            R	          eta	        delta	            E	         dEdR	       dEdeta	     dEddelta	    grad norm
a-alpha = 5.134224e-09, fpa = 4.632383e-09
minimum found at:
           13	 2.636557e-01	 6.328021e+00	 8.127808e-01	-7.534243e+00	 1.017105e-07	 1.751685e-08	-3.982000e-06	 3.983337e-06
psi(R) = 1.78e-01
parameter values for minimization:
K33 = 3.000000e+01
k24 = 6.000000e-01
Lambda = 9.000000e+00
d0 = 1.000000e+00
omega = 4.730000e+01
gamma_s = 1.000000e-01
initial guesses for R, eta, and delta:
guess for R = 2.636557e-01
guess for eta = 6.328021e+00
guess for delta = 8.127808e-01
estimated ranges of R, eta, and delta:
upper bound estimate of R = 3.954836e-01
lower bound estimate of R = 1.977418e-01
upper bound estimate of eta = 6.428021e+00
lower bound estimate of eta = 6.308021e+00
upper bound estimate of delta = 8.180000e-01
lower bound estimate of delta = 8.100000e-01
    iteration	            R	          eta	        delta	            E	         dEdR	       dEdeta	     dEddelta	    grad norm
minimum found at:
           11	 2.650836e-01	 6.326533e+00	 8.127214e-01	-7.517394e+00	-5.358488e-07	-4.468031e-07	 3.260355e-06	 3.334169e-06
psi(R) = 1.75e-01
parameter values for minimization:
K33 = 3.000000e+01
k24 = 6.000000e-01
Lambda = 1.000000e+01
d0 = 1.000000e+00
omega = 4.730000e+01
gamma_s = 1.000000e-01
initial guesses for R, eta, and delta:
guess for R = 2.650836e-01
guess for eta = 6.326533e+00
guess for delta = 8.127214e-01
estimated ranges of R, eta, and delta:
upper bound estimate of R = 3.976254e-01
lower bound estimate of R = 1.988127e-01
upper bound estimate of eta = 6.426533e+00
lower bound estimate of eta = 6.306533e+00
upper bound estimate of delta = 8.180000e-01
lower bound estimate of delta = 8.100000e-01
    iteration	            R	          eta	        delta	            E	         dEdR	       dEdeta	     dEddelta	    grad norm
minimum found at:
            6	 2.673723e-01	 6.325248e+00	 8.126849e-01	-7.502131e+00	-3.871758e-08	 1.011537e-07	 7.364479e-07	 7.443700e-07
psi(R) = 1.72e-01
parameter values for minimization:
K33 = 3.000000e+01
k24 = 6.000000e-01
Lambda = 1.100000e+01
d0 = 1.000000e+00
omega = 4.730000e+01
gamma_s = 1.000000e-01
initial guesses for R, eta, and delta:
guess for R = 2.673723e-01
guess for eta = 6.325248e+00
guess for delta = 8.126849e-01
estimated ranges of R, eta, and delta:
upper bound estimate of R = 4.010585e-01
lower bound estimate of R = 2.005292e-01
upper bound estimate of eta = 6.425248e+00
lower bound estimate of eta = 6.305248e+00
upper bound estimate of delta = 8.180000e-01
lower bound estimate of delta = 8.100000e-01
    iteration	            R	          eta	        delta	            E	         dEdR	       dEdeta	     dEddelta	    grad norm
minimum found at:
            6	 2.705392e-01	 6.324131e+00	 8.126694e-01	-7.488230e+00	 1.491155e-08	 1.065814e-07	 4.884981e-07	 5.002123e-07
psi(R) = 1.69e-01
parameter values for minimization:
K33 = 3.000000e+01
k24 = 6.000000e-01
Lambda = 1.200000e+01
d0 = 1.000000e+00
omega = 4.730000e+01
gamma_s = 1.000000e-01
initial guesses for R, eta, and delta:
guess for R = 2.705392e-01
guess for eta = 6.324131e+00
guess for delta = 8.126694e-01
estimated ranges of R, eta, and delta:
upper bound estimate of R = 4.058088e-01
lower bound estimate of R = 2.029044e-01
upper bound estimate of eta = 6.424131e+00
lower bound estimate of eta = 6.304131e+00
upper bound estimate of delta = 8.180000e-01
lower bound estimate of delta = 8.100000e-01
    iteration	            R	          eta	        delta	            E	         dEdR	       dEdeta	     dEddelta	    grad norm
a-alpha = 1.204673e-08, fpa = 1.285021e-08
minimum found at:
            6	 2.746705e-01	 6.323161e+00	 8.126742e-01	-7.475522e+00	 2.261618e-08	-7.006741e-08	-1.213844e-06	 1.216075e-06
psi(R) = 1.66e-01
parameter values for minimization:
K33 = 3.000000e+01
k24 = 6.000000e-01
Lambda = 1.300000e+01
d0 = 1.000000e+00
omega = 4.730000e+01
gamma_s = 1.000000e-01
initial guesses for R, eta, and delta:
guess for R = 2.746705e-01
guess for eta = 6.323161e+00
guess for delta = 8.126742e-01
estimated ranges of R, eta, and delta:
upper bound estimate of R = 4.120057e-01
lower bound estimate of R = 2.060029e-01
upper bound estimate of eta = 6.423161e+00
lower bound estimate of eta = 6.303161e+00
upper bound estimate of delta = 8.180000e-01
lower bound estimate of delta = 8.100000e-01
    iteration	            R	          eta	        delta	            E	         dEdR	       dEdeta	     dEddelta	    grad norm
minimum found at:
           43	 2.799414e-01	 6.322325e+00	 8.126999e-01	-7.463876e+00	-2.047956e-07	-4.810966e-08	-8.748557e-06	 8.751086e-06
psi(R) = 1.64e-01
parameter values for minimization:
K33 = 3.000000e+01
k24 = 6.000000e-01
Lambda = 1.400000e+01
d0 = 1.000000e+00
omega = 4.730000e+01
gamma_s = 1.000000e-01
initial guesses for R, eta, and delta:
guess for R = 2.799414e-01
guess for eta = 6.322325e+00
guess for delta = 8.126999e-01
estimated ranges of R, eta, and delta:
upper bound estimate of R = 4.199121e-01
lower bound estimate of R = 2.099561e-01
upper bound estimate of eta = 6.422325e+00
lower bound estimate of eta = 6.302325e+00
upper bound estimate of delta = 8.180000e-01
lower bound estimate of delta = 8.100000e-01
    iteration	            R	          eta	        delta	            E	         dEdR	       dEdeta	     dEddelta	    grad norm
a-alpha = 1.413266e-08, fpa = 1.475422e-09
minimum found at:
           14	 2.866708e-01	 6.321620e+00	 8.127487e-01	-7.453197e+00	-1.817622e-07	-5.158836e-07	 1.606123e-05	 1.607054e-05
psi(R) = 1.62e-01
parameter values for minimization:
K33 = 3.000000e+01
k24 = 6.000000e-01
Lambda = 1.500000e+01
d0 = 1.000000e+00
omega = 4.730000e+01
gamma_s = 1.000000e-01
initial guesses for R, eta, and delta:
guess for R = 2.866708e-01
guess for eta = 6.321620e+00
guess for delta = 8.127487e-01
estimated ranges of R, eta, and delta:
upper bound estimate of R = 4.300062e-01
lower bound estimate of R = 2.150031e-01
upper bound estimate of eta = 6.421620e+00
lower bound estimate of eta = 6.301620e+00
upper bound estimate of delta = 8.180000e-01
lower bound estimate of delta = 8.100000e-01
    iteration	            R	          eta	        delta	            E	         dEdR	       dEdeta	     dEddelta	    grad norm
minimum found at:
            6	 2.954523e-01	 6.321059e+00	 8.128248e-01	-7.443416e+00	-1.638631e-08	 5.425290e-07	-6.143234e-06	 6.167166e-06
psi(R) = 1.60e-01
parameter values for minimization:
K33 = 3.000000e+01
k24 = 6.000000e-01
Lambda = 1.600000e+01
d0 = 1.000000e+00
omega = 4.730000e+01
gamma_s = 1.000000e-01
initial guesses for R, eta, and delta:
guess for R = 2.954523e-01
guess for eta = 6.321059e+00
guess for delta = 8.128248e-01
estimated ranges of R, eta, and delta:
upper bound estimate of R = 4.431785e-01
lower bound estimate of R = 2.215892e-01
upper bound estimate of eta = 6.421059e+00
lower bound estimate of eta = 6.301059e+00
upper bound estimate of delta = 8.180000e-01
lower bound estimate of delta = 8.100000e-01
    iteration	            R	          eta	        delta	            E	         dEdR	       dEdeta	     dEddelta	    grad norm
a-alpha = 1.129660e-07, fpa = 1.125691e-09
a-alpha = -8.892277e-08, fpa = -1.176269e-09
minimum found at:
           17	 3.075367e-01	 6.320680e+00	 8.129398e-01	-7.434496e+00	 3.631448e-07	-2.427688e-07	 9.089026e-06	 9.099517e-06
psi(R) = 1.58e-01
parameter values for minimization:
K33 = 3.000000e+01
k24 = 6.000000e-01
Lambda = 1.700000e+01
d0 = 1.000000e+00
omega = 4.730000e+01
gamma_s = 1.000000e-01
initial guesses for R, eta, and delta:
guess for R = 3.075367e-01
guess for eta = 6.320680e+00
guess for delta = 8.129398e-01
estimated ranges of R, eta, and delta:
upper bound estimate of R = 4.613050e-01
lower bound estimate of R = 2.306525e-01
upper bound estimate of eta = 6.420680e+00
lower bound estimate of eta = 6.300680e+00
upper bound estimate of delta = 8.180000e-01
lower bound estimate of delta = 8.100000e-01
    iteration	            R	          eta	        delta	            E	         dEdR	       dEdeta	     dEddelta	    grad norm
minimum found at:
           17	 3.263855e-01	 6.320614e+00	 8.131225e-01	-7.426447e+00	-3.221770e-08	 1.092953e-07	-1.369275e-06	 1.374008e-06
psi(R) = 1.57e-01
parameter values for minimization:
K33 = 3.000000e+01
k24 = 6.000000e-01
Lambda = 1.800000e+01
d0 = 1.000000e+00
omega = 4.730000e+01
gamma_s = 1.000000e-01
initial guesses for R, eta, and delta:
guess for R = 3.263855e-01
guess for eta = 6.320614e+00
guess for delta = 8.131225e-01
estimated ranges of R, eta, and delta:
upper bound estimate of R = 4.895782e-01
lower bound estimate of R = 2.447891e-01
upper bound estimate of eta = 6.420614e+00
lower bound estimate of eta = 6.300614e+00
upper bound estimate of delta = 8.180000e-01
lower bound estimate of delta = 8.100000e-01
    iteration	            R	          eta	        delta	            E	         dEdR	       dEdeta	     dEddelta	    grad norm
likely a maximizing (vs minimizing) solution for psi(r), as y[1][2]=-8.231059e-04  which usually means high energy.
solvde convergence failed when x = (4.612323e+00,6.484624e+00,8.137994e-01).
Retrying using a constant y value
minimum found at:
           25	 1.297220e+00	 6.360412e+00	 8.158502e-01	-7.424082e+00	 1.347324e-07	 2.368476e-08	-3.330669e-07	 3.600658e-07
psi(R) = 1.87e-01
parameter values for minimization:
K33 = 3.000000e+01
k24 = 6.000000e-01
Lambda = 1.900000e+01
d0 = 1.000000e+00
omega = 4.730000e+01
gamma_s = 1.000000e-01
initial guesses for R, eta, and delta:
guess for R = 1.297220e+00
guess for eta = 6.360412e+00
guess for delta = 8.158502e-01
estimated ranges of R, eta, and delta:
upper bound estimate of R = 1.945830e+00
lower bound estimate of R = 9.729150e-01
upper bound estimate of eta = 6.460412e+00
lower bound estimate of eta = 6.340412e+00
upper bound estimate of delta = 8.180000e-01
lower bound estimate of delta = 8.100000e-01
    iteration	            R	          eta	        delta	            E	         dEdR	       dEdeta	     dEddelta	    grad norm
a-alpha = -6.360049e-08, fpa = -1.173024e-09
minimum found at:
           24	 1.428708e+00	 6.364709e+00	 8.159318e-01	-7.422825e+00	 1.464907e-07	-5.230384e-07	-1.317465e-06	 1.425041e-06
psi(R) = 1.90e-01
parameter values for minimization:
K33 = 3.000000e+01
k24 = 6.000000e-01
Lambda = 2.000000e+01
d0 = 1.000000e+00
omega = 4.730000e+01
gamma_s = 1.000000e-01
initial guesses for R, eta, and delta:
guess for R = 1.428708e+00
guess for eta = 6.364709e+00
guess for delta = 8.159318e-01
estimated ranges of R, eta, and delta:
upper bound estimate of R = 2.143062e+00
lower bound estimate of R = 1.071531e+00
upper bound estimate of eta = 6.464709e+00
lower bound estimate of eta = 6.344709e+00
upper bound estimate of delta = 8.180000e-01
lower bound estimate of delta = 8.100000e-01
    iteration	            R	          eta	        delta	            E	         dEdR	       dEdeta	     dEddelta	    grad norm
minimum found at:
           32	 1.539826e+00	 6.368159e+00	 8.159893e-01	-7.421767e+00	-2.655202e-08	 3.495969e-07	 1.995071e-05	 1.995379e-05
psi(R) = 1.92e-01
parameter values for minimization:
K33 = 3.000000e+01
k24 = 6.000000e-01
Lambda = 2.100000e+01
d0 = 1.000000e+00
omega = 4.730000e+01
gamma_s = 1.000000e-01
initial guesses for R, eta, and delta:
guess for R = 1.539826e+00
guess for eta = 6.368159e+00
guess for delta = 8.159893e-01
estimated ranges of R, eta, and delta:
upper bound estimate of R = 2.309739e+00
lower bound estimate of R = 1.154869e+00
upper bound estimate of eta = 6.468159e+00
lower bound estimate of eta = 6.348159e+00
upper bound estimate of delta = 8.180000e-01
lower bound estimate of delta = 8.100000e-01
    iteration	            R	          eta	        delta	            E	         dEdR	       dEdeta	     dEddelta	    grad norm
minimum found at:
           13	 1.637650e+00	 6.371072e+00	 8.160325e-01	-7.420854e+00	 1.042606e-07	-2.861908e-07	-1.121325e-06	 1.161958e-06
psi(R) = 1.94e-01
parameter values for minimization:
K33 = 3.000000e+01
k24 = 6.000000e-01
Lambda = 2.200000e+01
d0 = 1.000000e+00
omega = 4.730000e+01
gamma_s = 1.000000e-01
initial guesses for R, eta, and delta:
guess for R = 1.637650e+00
guess for eta = 6.371072e+00
guess for delta = 8.160325e-01
estimated ranges of R, eta, and delta:
upper bound estimate of R = 2.456475e+00
lower bound estimate of R = 1.228238e+00
upper bound estimate of eta = 6.471072e+00
lower bound estimate of eta = 6.351072e+00
upper bound estimate of delta = 8.180000e-01
lower bound estimate of delta = 8.100000e-01
    iteration	            R	          eta	        delta	            E	         dEdR	       dEdeta	     dEddelta	    grad norm
minimum found at:
           11	 1.725695e+00	 6.373600e+00	 8.160669e-01	-7.420054e+00	 1.224504e-08	 8.931127e-08	-8.881784e-07	 8.927415e-07
psi(R) = 1.95e-01
parameter values for minimization:
K33 = 3.000000e+01
k24 = 6.000000e-01
Lambda = 2.300000e+01
d0 = 1.000000e+00
omega = 4.730000e+01
gamma_s = 1.000000e-01
initial guesses for R, eta, and delta:
guess for R = 1.725695e+00
guess for eta = 6.373600e+00
guess for delta = 8.160669e-01
estimated ranges of R, eta, and delta:
upper bound estimate of R = 2.588542e+00
lower bound estimate of R = 1.294271e+00
upper bound estimate of eta = 6.473600e+00
lower bound estimate of eta = 6.353600e+00
upper bound estimate of delta = 8.180000e-01
lower bound estimate of delta = 8.100000e-01
    iteration	            R	          eta	        delta	            E	         dEdR	       dEdeta	     dEddelta	    grad norm
minimum found at:
           17	 1.806129e+00	 6.375837e+00	 8.160951e-01	-7.419342e+00	-4.117429e-08	-1.058413e-07	 2.272256e-06	 2.275093e-06
psi(R) = 1.96e-01
parameter values for minimization:
K33 = 3.000000e+01
k24 = 6.000000e-01
Lambda = 2.400000e+01
d0 = 1.000000e+00
omega = 4.730000e+01
gamma_s = 1.000000e-01
initial guesses for R, eta, and delta:
guess for R = 1.806129e+00
guess for eta = 6.375837e+00
guess for delta = 8.160951e-01
estimated ranges of R, eta, and delta:
upper bound estimate of R = 2.709194e+00
lower bound estimate of R = 1.354597e+00
upper bound estimate of eta = 6.475837e+00
lower bound estimate of eta = 6.355837e+00
upper bound estimate of delta = 8.180000e-01
lower bound estimate of delta = 8.100000e-01
    iteration	            R	          eta	        delta	            E	         dEdR	       dEdeta	     dEddelta	    grad norm
minimum found at:
           13	 1.880383e+00	 6.377844e+00	 8.161187e-01	-7.418702e+00	-4.187593e-08	 1.386545e-07	-3.030909e-06	 3.034368e-06
psi(R) = 1.97e-01
parameter values for minimization:
K33 = 3.000000e+01
k24 = 6.000000e-01
Lambda = 2.500000e+01
d0 = 1.000000e+00
omega = 4.730000e+01
gamma_s = 1.000000e-01
initial guesses for R, eta, and delta:
guess for R = 1.880383e+00
guess for eta = 6.377844e+00
guess for delta = 8.161187e-01
estimated ranges of R, eta, and delta:
upper bound estimate of R = 2.820574e+00
lower bound estimate of R = 1.410287e+00
upper bound estimate of eta = 6.477844e+00
lower bound estimate of eta = 6.357844e+00
upper bound estimate of delta = 8.180000e-01
lower bound estimate of delta = 8.100000e-01
    iteration	            R	          eta	        delta	            E	         dEdR	       dEdeta	     dEddelta	    grad norm
minimum found at:
           18	 1.949471e+00	 6.379663e+00	 8.161389e-01	-7.418124e+00	 3.610770e-08	 5.082354e-08	-1.228647e-06	 1.230228e-06
psi(R) = 1.98e-01
Traceback (most recent call last):
  File "scan2d.py", line 77, in <module>
    Ei,Ri,etai,deltai,surftwisti = run.get_all_observables('observables',str2float=True)
  File "../../modules_gammak24/singlerun.py", line 77, in get_all_observables
    E,R,eta,delta,surftwist = map(float,line.split())
ValueError: not enough values to unpack (expected 5, got 0)
