hi
Restoring modules from user's standard_modules
parameter values for minimization:
K33 = 3.000000e+01
k24 = 6.000000e-01
Lambda = 0.000000e+00
d0 = 1.000000e+00
omega = 1.420000e+01
gamma_s = 1.000000e-01
initial guesses for R, eta, and delta:
guess for R = 5.000000e-01
guess for eta = 6.300000e+00
guess for delta = 8.100000e-01
estimated ranges of R, eta, and delta:
upper bound estimate of R = 2.000000e+00
lower bound estimate of R = 1.000000e-01
upper bound estimate of eta = 6.430000e+00
lower bound estimate of eta = 6.290000e+00
upper bound estimate of delta = 8.160000e-01
lower bound estimate of delta = 8.000000e-01
    iteration	            R	          eta	        delta	            E	         dEdR	       dEdeta	     dEddelta	    grad norm
a-alpha = -5.172731e-09, fpa = -7.048490e-10
minimum found at:
            5	 4.384966e-01	 6.300000e+00	 8.164966e-01	-2.349382e+00	 1.493542e-08	 1.057355e-10	 6.689094e-07	 6.690761e-07
psi(R) = 3.15e-01
parameter values for minimization:
K33 = 3.000000e+01
k24 = 6.000000e-01
Lambda = 1.000000e+00
d0 = 1.000000e+00
omega = 1.420000e+01
gamma_s = 1.000000e-01
initial guesses for R, eta, and delta:
guess for R = 4.384966e-01
guess for eta = 6.300000e+00
guess for delta = 8.164966e-01
estimated ranges of R, eta, and delta:
upper bound estimate of R = 6.577449e-01
lower bound estimate of R = 3.288724e-01
upper bound estimate of eta = 6.400000e+00
lower bound estimate of eta = 6.280000e+00
upper bound estimate of delta = 8.180000e-01
lower bound estimate of delta = 8.100000e-01
    iteration	            R	          eta	        delta	            E	         dEdR	       dEdeta	     dEddelta	    grad norm
minimum found at:
           13	 3.109550e-01	 6.358907e+00	 8.104145e-01	-2.240586e+00	-1.665418e-09	 6.537980e-09	 2.035409e-08	 2.144313e-08
psi(R) = 2.40e-01
parameter values for minimization:
K33 = 3.000000e+01
k24 = 6.000000e-01
Lambda = 2.000000e+00
d0 = 1.000000e+00
omega = 1.420000e+01
gamma_s = 1.000000e-01
initial guesses for R, eta, and delta:
guess for R = 3.109550e-01
guess for eta = 6.358907e+00
guess for delta = 8.104145e-01
estimated ranges of R, eta, and delta:
upper bound estimate of R = 4.664325e-01
lower bound estimate of R = 2.332162e-01
upper bound estimate of eta = 6.458907e+00
lower bound estimate of eta = 6.338907e+00
upper bound estimate of delta = 8.180000e-01
lower bound estimate of delta = 8.100000e-01
    iteration	            R	          eta	        delta	            E	         dEdR	       dEdeta	     dEddelta	    grad norm
minimum found at:
           21	 2.872164e-01	 6.348138e+00	 8.081940e-01	-2.184245e+00	-6.620251e-08	-1.101588e-07	-4.446443e-06	 4.448300e-06
psi(R) = 2.20e-01
parameter values for minimization:
K33 = 3.000000e+01
k24 = 6.000000e-01
Lambda = 3.000000e+00
d0 = 1.000000e+00
omega = 1.420000e+01
gamma_s = 1.000000e-01
initial guesses for R, eta, and delta:
guess for R = 2.872164e-01
guess for eta = 6.348138e+00
guess for delta = 8.081940e-01
estimated ranges of R, eta, and delta:
upper bound estimate of R = 4.308246e-01
lower bound estimate of R = 2.154123e-01
upper bound estimate of eta = 6.448138e+00
lower bound estimate of eta = 6.328138e+00
upper bound estimate of delta = 8.180000e-01
lower bound estimate of delta = 7.677843e-01
    iteration	            R	          eta	        delta	            E	         dEdR	       dEdeta	     dEddelta	    grad norm
minimum found at:
           23	 2.758302e-01	 6.342013e+00	 8.068012e-01	-2.143108e+00	-1.271306e-08	 1.923153e-07	 6.284875e-07	 6.573761e-07
psi(R) = 2.08e-01
parameter values for minimization:
K33 = 3.000000e+01
k24 = 6.000000e-01
Lambda = 4.000000e+00
d0 = 1.000000e+00
omega = 1.420000e+01
gamma_s = 1.000000e-01
initial guesses for R, eta, and delta:
guess for R = 2.758302e-01
guess for eta = 6.342013e+00
guess for delta = 8.068012e-01
estimated ranges of R, eta, and delta:
upper bound estimate of R = 4.137453e-01
lower bound estimate of R = 2.068727e-01
upper bound estimate of eta = 6.442013e+00
lower bound estimate of eta = 6.322013e+00
upper bound estimate of delta = 8.180000e-01
lower bound estimate of delta = 7.664611e-01
    iteration	            R	          eta	        delta	            E	         dEdR	       dEdeta	     dEddelta	    grad norm
minimum found at:
            9	 2.694254e-01	 6.337802e+00	 8.058192e-01	-2.110174e+00	 7.635022e-08	-3.577385e-08	 1.573964e-07	 1.785574e-07
psi(R) = 1.99e-01
parameter values for minimization:
K33 = 3.000000e+01
k24 = 6.000000e-01
Lambda = 5.000000e+00
d0 = 1.000000e+00
omega = 1.420000e+01
gamma_s = 1.000000e-01
initial guesses for R, eta, and delta:
guess for R = 2.694254e-01
guess for eta = 6.337802e+00
guess for delta = 8.058192e-01
estimated ranges of R, eta, and delta:
upper bound estimate of R = 4.041381e-01
lower bound estimate of R = 2.020690e-01
upper bound estimate of eta = 6.437802e+00
lower bound estimate of eta = 6.317802e+00
upper bound estimate of delta = 8.180000e-01
lower bound estimate of delta = 7.655282e-01
    iteration	            R	          eta	        delta	            E	         dEdR	       dEdeta	     dEddelta	    grad norm
a-alpha = -1.970793e-08, fpa = -3.582241e-09
minimum found at:
           12	 2.657390e-01	 6.334633e+00	 8.050918e-01	-2.082555e+00	 9.669925e-09	-2.893981e-07	 1.317468e-07	 3.181226e-07
psi(R) = 1.93e-01
parameter values for minimization:
K33 = 3.000000e+01
k24 = 6.000000e-01
Lambda = 6.000000e+00
d0 = 1.000000e+00
omega = 1.420000e+01
gamma_s = 1.000000e-01
initial guesses for R, eta, and delta:
guess for R = 2.657390e-01
guess for eta = 6.334633e+00
guess for delta = 8.050918e-01
estimated ranges of R, eta, and delta:
upper bound estimate of R = 3.986085e-01
lower bound estimate of R = 1.993043e-01
upper bound estimate of eta = 6.434633e+00
lower bound estimate of eta = 6.314633e+00
upper bound estimate of delta = 8.180000e-01
lower bound estimate of delta = 7.648372e-01
    iteration	            R	          eta	        delta	            E	         dEdR	       dEdeta	     dEddelta	    grad norm
a-alpha = 3.236866e-08, fpa = 5.682064e-09
minimum found at:
           22	 2.638058e-01	 6.332117e+00	 8.045418e-01	-2.058730e+00	-2.607734e-07	-9.992007e-08	-3.149226e-07	 4.209074e-07
psi(R) = 1.87e-01
parameter values for minimization:
K33 = 3.000000e+01
k24 = 6.000000e-01
Lambda = 7.000000e+00
d0 = 1.000000e+00
omega = 1.420000e+01
gamma_s = 1.000000e-01
initial guesses for R, eta, and delta:
guess for R = 2.638058e-01
guess for eta = 6.332117e+00
guess for delta = 8.045418e-01
estimated ranges of R, eta, and delta:
upper bound estimate of R = 3.957087e-01
lower bound estimate of R = 1.978543e-01
upper bound estimate of eta = 6.432117e+00
lower bound estimate of eta = 6.312117e+00
upper bound estimate of delta = 8.180000e-01
lower bound estimate of delta = 7.643147e-01
    iteration	            R	          eta	        delta	            E	         dEdR	       dEdeta	     dEddelta	    grad norm
a-alpha = 3.433452e-08, fpa = 2.322450e-09
minimum found at:
            9	 2.631442e-01	 6.330049e+00	 8.041256e-01	-2.037784e+00	-3.643614e-08	-4.329870e-08	 1.381438e-07	 1.492852e-07
psi(R) = 1.83e-01
parameter values for minimization:
K33 = 3.000000e+01
k24 = 6.000000e-01
Lambda = 8.000000e+00
d0 = 1.000000e+00
omega = 1.420000e+01
gamma_s = 1.000000e-01
initial guesses for R, eta, and delta:
guess for R = 2.631442e-01
guess for eta = 6.330049e+00
guess for delta = 8.041256e-01
estimated ranges of R, eta, and delta:
upper bound estimate of R = 3.947163e-01
lower bound estimate of R = 1.973582e-01
upper bound estimate of eta = 6.430049e+00
lower bound estimate of eta = 6.310049e+00
upper bound estimate of delta = 8.180000e-01
lower bound estimate of delta = 7.639193e-01
    iteration	            R	          eta	        delta	            E	         dEdR	       dEdeta	     dEddelta	    grad norm
minimum found at:
           13	 2.634962e-01	 6.328307e+00	 8.038160e-01	-2.019120e+00	-1.710129e-08	 4.736952e-08	-6.177865e-07	 6.198358e-07
psi(R) = 1.79e-01
parameter values for minimization:
K33 = 3.000000e+01
k24 = 6.000000e-01
Lambda = 9.000000e+00
d0 = 1.000000e+00
omega = 1.420000e+01
gamma_s = 1.000000e-01
initial guesses for R, eta, and delta:
guess for R = 2.634962e-01
guess for eta = 6.328307e+00
guess for delta = 8.038160e-01
estimated ranges of R, eta, and delta:
upper bound estimate of R = 3.952443e-01
lower bound estimate of R = 1.976221e-01
upper bound estimate of eta = 6.428307e+00
lower bound estimate of eta = 6.308307e+00
upper bound estimate of delta = 8.180000e-01
lower bound estimate of delta = 7.636252e-01
    iteration	            R	          eta	        delta	            E	         dEdR	       dEdeta	     dEddelta	    grad norm
a-alpha = -8.049584e-09, fpa = -6.469815e-09
a-alpha = 8.168116e-09, fpa = 6.646526e-09
a-alpha = -3.145619e-08, fpa = -4.154168e-10
minimum found at:
           10	 2.647267e-01	 6.326815e+00	 8.035959e-01	-2.002323e+00	-4.524288e-08	-6.414622e-09	 1.001842e-07	 1.101133e-07
psi(R) = 1.75e-01
parameter values for minimization:
K33 = 3.000000e+01
k24 = 6.000000e-01
Lambda = 1.000000e+01
d0 = 1.000000e+00
omega = 1.420000e+01
gamma_s = 1.000000e-01
initial guesses for R, eta, and delta:
guess for R = 2.647267e-01
guess for eta = 6.326815e+00
guess for delta = 8.035959e-01
estimated ranges of R, eta, and delta:
upper bound estimate of R = 3.970900e-01
lower bound estimate of R = 1.985450e-01
upper bound estimate of eta = 6.426815e+00
lower bound estimate of eta = 6.306815e+00
upper bound estimate of delta = 8.180000e-01
lower bound estimate of delta = 7.634161e-01
    iteration	            R	          eta	        delta	            E	         dEdR	       dEdeta	     dEddelta	    grad norm
minimum found at:
            7	 2.667798e-01	 6.325523e+00	 8.034540e-01	-1.987093e+00	 1.081080e-08	 4.948511e-07	 2.440771e-08	 4.955706e-07
psi(R) = 1.72e-01
parameter values for minimization:
K33 = 3.000000e+01
k24 = 6.000000e-01
Lambda = 1.100000e+01
d0 = 1.000000e+00
omega = 1.420000e+01
gamma_s = 1.000000e-01
initial guesses for R, eta, and delta:
guess for R = 2.667798e-01
guess for eta = 6.325523e+00
guess for delta = 8.034540e-01
estimated ranges of R, eta, and delta:
upper bound estimate of R = 4.001697e-01
lower bound estimate of R = 2.000849e-01
upper bound estimate of eta = 6.425523e+00
lower bound estimate of eta = 6.305523e+00
upper bound estimate of delta = 8.180000e-01
lower bound estimate of delta = 7.632813e-01
    iteration	            R	          eta	        delta	            E	         dEdR	       dEdeta	     dEddelta	    grad norm
minimum found at:
            6	 2.696618e-01	 6.324396e+00	 8.033837e-01	-1.973207e+00	 1.849587e-09	-2.898916e-09	 1.612350e-07	 1.612717e-07
psi(R) = 1.69e-01
parameter values for minimization:
K33 = 3.000000e+01
k24 = 6.000000e-01
Lambda = 1.200000e+01
d0 = 1.000000e+00
omega = 1.420000e+01
gamma_s = 1.000000e-01
initial guesses for R, eta, and delta:
guess for R = 2.696618e-01
guess for eta = 6.324396e+00
guess for delta = 8.033837e-01
estimated ranges of R, eta, and delta:
upper bound estimate of R = 4.044927e-01
lower bound estimate of R = 2.022464e-01
upper bound estimate of eta = 6.424396e+00
lower bound estimate of eta = 6.304396e+00
upper bound estimate of delta = 8.180000e-01
lower bound estimate of delta = 7.632145e-01
    iteration	            R	          eta	        delta	            E	         dEdR	       dEdeta	     dEddelta	    grad norm
minimum found at:
            6	 2.734400e-01	 6.323412e+00	 8.033822e-01	-1.960497e+00	 1.002741e-08	-1.663484e-07	 1.752239e-07	 2.418176e-07
psi(R) = 1.67e-01
parameter values for minimization:
K33 = 3.000000e+01
k24 = 6.000000e-01
Lambda = 1.300000e+01
d0 = 1.000000e+00
omega = 1.420000e+01
gamma_s = 1.000000e-01
initial guesses for R, eta, and delta:
guess for R = 2.734400e-01
guess for eta = 6.323412e+00
guess for delta = 8.033822e-01
estimated ranges of R, eta, and delta:
upper bound estimate of R = 4.101600e-01
lower bound estimate of R = 2.050800e-01
upper bound estimate of eta = 6.423412e+00
lower bound estimate of eta = 6.303412e+00
upper bound estimate of delta = 8.180000e-01
lower bound estimate of delta = 7.632131e-01
    iteration	            R	          eta	        delta	            E	         dEdR	       dEdeta	     dEddelta	    grad norm
minimum found at:
            8	 2.782588e-01	 6.322557e+00	 8.034501e-01	-1.948832e+00	 1.927606e-07	-7.617364e-08	-1.187493e-07	 2.388733e-07
psi(R) = 1.65e-01
parameter values for minimization:
K33 = 3.000000e+01
k24 = 6.000000e-01
Lambda = 1.400000e+01
d0 = 1.000000e+00
omega = 1.420000e+01
gamma_s = 1.000000e-01
initial guesses for R, eta, and delta:
guess for R = 2.782588e-01
guess for eta = 6.322557e+00
guess for delta = 8.034501e-01
estimated ranges of R, eta, and delta:
upper bound estimate of R = 4.173882e-01
lower bound estimate of R = 2.086941e-01
upper bound estimate of eta = 6.422557e+00
lower bound estimate of eta = 6.302557e+00
upper bound estimate of delta = 8.180000e-01
lower bound estimate of delta = 7.632776e-01
    iteration	            R	          eta	        delta	            E	         dEdR	       dEdeta	     dEddelta	    grad norm
minimum found at:
            9	 2.843794e-01	 6.321826e+00	 8.035931e-01	-1.938115e+00	-6.100104e-09	 3.091354e-07	-5.261425e-08	 3.136402e-07
psi(R) = 1.63e-01
parameter values for minimization:
K33 = 3.000000e+01
k24 = 6.000000e-01
Lambda = 1.500000e+01
d0 = 1.000000e+00
omega = 1.420000e+01
gamma_s = 1.000000e-01
initial guesses for R, eta, and delta:
guess for R = 2.843794e-01
guess for eta = 6.321826e+00
guess for delta = 8.035931e-01
estimated ranges of R, eta, and delta:
upper bound estimate of R = 4.265691e-01
lower bound estimate of R = 2.132846e-01
upper bound estimate of eta = 6.421826e+00
lower bound estimate of eta = 6.301826e+00
upper bound estimate of delta = 8.180000e-01
lower bound estimate of delta = 7.634134e-01
    iteration	            R	          eta	        delta	            E	         dEdR	       dEdeta	     dEddelta	    grad norm
minimum found at:
           13	 2.922778e-01	 6.321226e+00	 8.038243e-01	-1.928274e+00	-6.940481e-11	 1.540743e-07	 2.399974e-08	 1.559323e-07
psi(R) = 1.61e-01
parameter values for minimization:
K33 = 3.000000e+01
k24 = 6.000000e-01
Lambda = 1.600000e+01
d0 = 1.000000e+00
omega = 1.420000e+01
gamma_s = 1.000000e-01
initial guesses for R, eta, and delta:
guess for R = 2.922778e-01
guess for eta = 6.321226e+00
guess for delta = 8.038243e-01
estimated ranges of R, eta, and delta:
upper bound estimate of R = 4.384167e-01
lower bound estimate of R = 2.192083e-01
upper bound estimate of eta = 6.421226e+00
lower bound estimate of eta = 6.301226e+00
upper bound estimate of delta = 8.180000e-01
lower bound estimate of delta = 7.636331e-01
    iteration	            R	          eta	        delta	            E	         dEdR	       dEdeta	     dEddelta	    grad norm
a-alpha = -1.073863e-08, fpa = -2.183296e-09
a-alpha = 8.229737e-09, fpa = 4.036473e-09
a-alpha = -9.381133e-09, fpa = -1.619217e-09
a-alpha = 3.361987e-08, fpa = 1.990069e-10
minimum found at:
           61	 3.029059e-01	 6.320784e+00	 8.041722e-01	-1.919266e+00	 6.752924e-10	-8.018277e-08	 1.046913e-06	 1.049979e-06
psi(R) = 1.59e-01
parameter values for minimization:
K33 = 3.000000e+01
k24 = 6.000000e-01
Lambda = 1.700000e+01
d0 = 1.000000e+00
omega = 1.420000e+01
gamma_s = 1.000000e-01
initial guesses for R, eta, and delta:
guess for R = 3.029059e-01
guess for eta = 6.320784e+00
guess for delta = 8.041722e-01
estimated ranges of R, eta, and delta:
upper bound estimate of R = 4.543588e-01
lower bound estimate of R = 2.271794e-01
upper bound estimate of eta = 6.420784e+00
lower bound estimate of eta = 6.300784e+00
upper bound estimate of delta = 8.180000e-01
lower bound estimate of delta = 7.639636e-01
    iteration	            R	          eta	        delta	            E	         dEdR	       dEdeta	     dEddelta	    grad norm
a-alpha = 3.128701e-08, fpa = 1.335060e-09
minimum found at:
           19	 3.186210e-01	 6.320583e+00	 8.047080e-01	-1.911085e+00	-1.228263e-08	 2.565849e-08	 1.465603e-08	 3.200031e-08
psi(R) = 1.57e-01
parameter values for minimization:
K33 = 3.000000e+01
k24 = 6.000000e-01
Lambda = 1.800000e+01
d0 = 1.000000e+00
omega = 1.420000e+01
gamma_s = 1.000000e-01
initial guesses for R, eta, and delta:
guess for R = 3.186210e-01
guess for eta = 6.320583e+00
guess for delta = 8.047080e-01
estimated ranges of R, eta, and delta:
upper bound estimate of R = 4.779315e-01
lower bound estimate of R = 2.389657e-01
upper bound estimate of eta = 6.420583e+00
lower bound estimate of eta = 6.300583e+00
upper bound estimate of delta = 8.180000e-01
lower bound estimate of delta = 7.644726e-01
    iteration	            R	          eta	        delta	            E	         dEdR	       dEdeta	     dEddelta	    grad norm
a-alpha = 7.960379e-09, fpa = 4.755934e-09
a-alpha = -5.929655e-09, fpa = -2.863237e-09
minimum found at:
           90	 3.499957e-01	 6.321037e+00	 8.057392e-01	-1.903819e+00	 8.046786e-08	-1.356939e-09	 1.453267e-07	 1.661228e-07
psi(R) = 1.56e-01
parameter values for minimization:
K33 = 3.000000e+01
k24 = 6.000000e-01
Lambda = 1.900000e+01
d0 = 1.000000e+00
omega = 1.420000e+01
gamma_s = 1.000000e-01
initial guesses for R, eta, and delta:
guess for R = 3.499957e-01
guess for eta = 6.321037e+00
guess for delta = 8.057392e-01
estimated ranges of R, eta, and delta:
upper bound estimate of R = 5.249936e-01
lower bound estimate of R = 2.624968e-01
upper bound estimate of eta = 6.421037e+00
lower bound estimate of eta = 6.301037e+00
upper bound estimate of delta = 8.180000e-01
lower bound estimate of delta = 7.654522e-01
    iteration	            R	          eta	        delta	            E	         dEdR	       dEdeta	     dEddelta	    grad norm
likely a maximizing (vs minimizing) solution for psi(r), as y[1][2]=-4.256707e-04  which usually means high energy.
solvde convergence failed when x = (4.101418e+00,6.472021e+00,8.330068e-01).
Retrying using a constant y value
a-alpha = 8.009661e-08, fpa = 1.425074e-09
minimum found at:
           38	 1.421229e+00	 6.364471e+00	 8.145937e-01	-1.906194e+00	 3.014204e-08	-3.351023e-07	-4.160785e-07	 5.350920e-07
psi(R) = 1.90e-01
parameter values for minimization:
K33 = 3.000000e+01
k24 = 6.000000e-01
Lambda = 2.000000e+01
d0 = 1.000000e+00
omega = 1.420000e+01
gamma_s = 1.000000e-01
initial guesses for R, eta, and delta:
guess for R = 1.421229e+00
guess for eta = 6.364471e+00
guess for delta = 8.145937e-01
estimated ranges of R, eta, and delta:
upper bound estimate of R = 2.131844e+00
lower bound estimate of R = 1.065922e+00
upper bound estimate of eta = 6.464471e+00
lower bound estimate of eta = 6.344471e+00
upper bound estimate of delta = 8.180000e-01
lower bound estimate of delta = 8.100000e-01
    iteration	            R	          eta	        delta	            E	         dEdR	       dEdeta	     dEddelta	    grad norm
minimum found at:
           16	 1.533726e+00	 6.367974e+00	 8.147904e-01	-1.905129e+00	-2.742084e-08	-1.218778e-07	 5.102400e-06	 5.103929e-06
psi(R) = 1.92e-01
parameter values for minimization:
K33 = 3.000000e+01
k24 = 6.000000e-01
Lambda = 2.100000e+01
d0 = 1.000000e+00
omega = 1.420000e+01
gamma_s = 1.000000e-01
initial guesses for R, eta, and delta:
guess for R = 1.533726e+00
guess for eta = 6.367974e+00
guess for delta = 8.147904e-01
estimated ranges of R, eta, and delta:
upper bound estimate of R = 2.300589e+00
lower bound estimate of R = 1.150294e+00
upper bound estimate of eta = 6.467974e+00
lower bound estimate of eta = 6.347974e+00
upper bound estimate of delta = 8.180000e-01
lower bound estimate of delta = 8.100000e-01
    iteration	            R	          eta	        delta	            E	         dEdR	       dEdeta	     dEddelta	    grad norm
minimum found at:
           12	 1.632425e+00	 6.370919e+00	 8.149382e-01	-1.904212e+00	-4.285329e-09	-1.646831e-08	-2.361074e-06	 2.361136e-06
psi(R) = 1.94e-01
parameter values for minimization:
K33 = 3.000000e+01
k24 = 6.000000e-01
Lambda = 2.200000e+01
d0 = 1.000000e+00
omega = 1.420000e+01
gamma_s = 1.000000e-01
initial guesses for R, eta, and delta:
guess for R = 1.632425e+00
guess for eta = 6.370919e+00
guess for delta = 8.149382e-01
estimated ranges of R, eta, and delta:
upper bound estimate of R = 2.448638e+00
lower bound estimate of R = 1.224319e+00
upper bound estimate of eta = 6.470919e+00
lower bound estimate of eta = 6.350919e+00
upper bound estimate of delta = 8.180000e-01
lower bound estimate of delta = 8.100000e-01
    iteration	            R	          eta	        delta	            E	         dEdR	       dEdeta	     dEddelta	    grad norm
minimum found at:
           22	 1.721113e+00	 6.373470e+00	 8.150553e-01	-1.903407e+00	 1.013208e-08	-1.247767e-07	-7.956598e-08	 1.483329e-07
psi(R) = 1.95e-01
parameter values for minimization:
K33 = 3.000000e+01
k24 = 6.000000e-01
Lambda = 2.300000e+01
d0 = 1.000000e+00
omega = 1.420000e+01
gamma_s = 1.000000e-01
initial guesses for R, eta, and delta:
guess for R = 1.721113e+00
guess for eta = 6.373470e+00
guess for delta = 8.150553e-01
estimated ranges of R, eta, and delta:
upper bound estimate of R = 2.581669e+00
lower bound estimate of R = 1.290835e+00
upper bound estimate of eta = 6.473470e+00
lower bound estimate of eta = 6.353470e+00
upper bound estimate of delta = 8.180000e-01
lower bound estimate of delta = 8.100000e-01
    iteration	            R	          eta	        delta	            E	         dEdR	       dEdeta	     dEddelta	    grad norm
a-alpha = 1.399120e-07, fpa = 7.521693e-10
a-alpha = 1.794604e-07, fpa = 1.843452e-10
a-alpha = -6.275525e-07, fpa = -2.323698e-10
minimum found at:
           31	 1.802030e+00	 6.375724e+00	 8.151508e-01	-1.902693e+00	 1.361796e-08	-3.325735e-07	-1.108373e-06	 1.157273e-06
psi(R) = 1.96e-01
parameter values for minimization:
K33 = 3.000000e+01
k24 = 6.000000e-01
Lambda = 2.400000e+01
d0 = 1.000000e+00
omega = 1.420000e+01
gamma_s = 1.000000e-01
initial guesses for R, eta, and delta:
guess for R = 1.802030e+00
guess for eta = 6.375724e+00
guess for delta = 8.151508e-01
estimated ranges of R, eta, and delta:
upper bound estimate of R = 2.703045e+00
lower bound estimate of R = 1.351522e+00
upper bound estimate of eta = 6.475724e+00
lower bound estimate of eta = 6.355724e+00
upper bound estimate of delta = 8.180000e-01
lower bound estimate of delta = 8.100000e-01
    iteration	            R	          eta	        delta	            E	         dEdR	       dEdeta	     dEddelta	    grad norm
minimum found at:
           22	 1.876656e+00	 6.377744e+00	 8.152308e-01	-1.902052e+00	 6.982419e-09	 2.035409e-09	 4.348374e-08	 4.408778e-08
psi(R) = 1.97e-01
parameter values for minimization:
K33 = 3.000000e+01
k24 = 6.000000e-01
Lambda = 2.500000e+01
d0 = 1.000000e+00
omega = 1.420000e+01
gamma_s = 1.000000e-01
initial guesses for R, eta, and delta:
guess for R = 1.876656e+00
guess for eta = 6.377744e+00
guess for delta = 8.152308e-01
estimated ranges of R, eta, and delta:
upper bound estimate of R = 2.814984e+00
lower bound estimate of R = 1.407492e+00
upper bound estimate of eta = 6.477744e+00
lower bound estimate of eta = 6.357744e+00
upper bound estimate of delta = 8.180000e-01
lower bound estimate of delta = 8.100000e-01
    iteration	            R	          eta	        delta	            E	         dEdR	       dEdeta	     dEddelta	    grad norm
minimum found at:
           21	 1.946030e+00	 6.379573e+00	 8.152992e-01	-1.901471e+00	-9.675889e-10	 1.512370e-07	 3.878379e-06	 3.881327e-06
psi(R) = 1.98e-01
parameter values for minimization:
K33 = 3.000000e+01
k24 = 6.000000e-01
Lambda = 2.600000e+01
d0 = 1.000000e+00
omega = 1.420000e+01
gamma_s = 1.000000e-01
initial guesses for R, eta, and delta:
guess for R = 1.946030e+00
guess for eta = 6.379573e+00
guess for delta = 8.152992e-01
estimated ranges of R, eta, and delta:
upper bound estimate of R = 2.919045e+00
lower bound estimate of R = 1.459522e+00
upper bound estimate of eta = 6.479573e+00
lower bound estimate of eta = 6.359573e+00
upper bound estimate of delta = 8.180000e-01
lower bound estimate of delta = 8.100000e-01
    iteration	            R	          eta	        delta	            E	         dEdR	       dEdeta	     dEddelta	    grad norm
minimum found at:
           36	 2.010919e+00	 6.381244e+00	 8.153580e-01	-1.900942e+00	-1.087766e-08	-2.357990e-07	 1.422936e-06	 1.442382e-06
psi(R) = 1.99e-01
parameter values for minimization:
K33 = 3.000000e+01
k24 = 6.000000e-01
Lambda = 2.700000e+01
d0 = 1.000000e+00
omega = 1.420000e+01
gamma_s = 1.000000e-01
initial guesses for R, eta, and delta:
guess for R = 2.010919e+00
guess for eta = 6.381244e+00
guess for delta = 8.153580e-01
estimated ranges of R, eta, and delta:
upper bound estimate of R = 3.016379e+00
lower bound estimate of R = 1.508189e+00
upper bound estimate of eta = 6.481244e+00
lower bound estimate of eta = 6.361244e+00
upper bound estimate of delta = 8.180000e-01
lower bound estimate of delta = 8.100000e-01
    iteration	            R	          eta	        delta	            E	         dEdR	       dEdeta	     dEddelta	    grad norm
minimum found at:
           14	 2.071940e+00	 6.382780e+00	 8.154097e-01	-1.900457e+00	 1.903632e-08	 2.538710e-07	 2.722822e-06	 2.734698e-06
psi(R) = 2.00e-01
parameter values for minimization:
K33 = 3.000000e+01
k24 = 6.000000e-01
Lambda = 2.800000e+01
d0 = 1.000000e+00
omega = 1.420000e+01
gamma_s = 1.000000e-01
initial guesses for R, eta, and delta:
guess for R = 2.071940e+00
guess for eta = 6.382780e+00
guess for delta = 8.154097e-01
estimated ranges of R, eta, and delta:
upper bound estimate of R = 3.107910e+00
lower bound estimate of R = 1.553955e+00
upper bound estimate of eta = 6.482780e+00
lower bound estimate of eta = 6.362780e+00
upper bound estimate of delta = 8.180000e-01
lower bound estimate of delta = 8.100000e-01
    iteration	            R	          eta	        delta	            E	         dEdR	       dEdeta	     dEddelta	    grad norm
minimum found at:
           13	 2.129534e+00	 6.384200e+00	 8.154552e-01	-1.900010e+00	 6.101402e-09	 5.779328e-08	-7.429242e-07	 7.451937e-07
psi(R) = 2.00e-01
parameter values for minimization:
K33 = 3.000000e+01
k24 = 6.000000e-01
Lambda = 2.900000e+01
d0 = 1.000000e+00
omega = 1.420000e+01
gamma_s = 1.000000e-01
initial guesses for R, eta, and delta:
guess for R = 2.129534e+00
guess for eta = 6.384200e+00
guess for delta = 8.154552e-01
estimated ranges of R, eta, and delta:
upper bound estimate of R = 3.194301e+00
lower bound estimate of R = 1.597151e+00
upper bound estimate of eta = 6.484200e+00
lower bound estimate of eta = 6.364200e+00
upper bound estimate of delta = 8.180000e-01
lower bound estimate of delta = 8.100000e-01
    iteration	            R	          eta	        delta	            E	         dEdR	       dEdeta	     dEddelta	    grad norm
minimum found at:
           18	 2.184102e+00	 6.385520e+00	 8.154961e-01	-1.899596e+00	-1.482938e-10	-1.261337e-07	 4.526934e-06	 4.528691e-06
psi(R) = 2.01e-01
parameter values for minimization:
K33 = 3.000000e+01
k24 = 6.000000e-01
Lambda = 3.000000e+01
d0 = 1.000000e+00
omega = 1.420000e+01
gamma_s = 1.000000e-01
initial guesses for R, eta, and delta:
guess for R = 2.184102e+00
guess for eta = 6.385520e+00
guess for delta = 8.154961e-01
estimated ranges of R, eta, and delta:
upper bound estimate of R = 3.276153e+00
lower bound estimate of R = 1.638077e+00
upper bound estimate of eta = 6.485520e+00
lower bound estimate of eta = 6.365520e+00
upper bound estimate of delta = 8.180000e-01
lower bound estimate of delta = 8.100000e-01
    iteration	            R	          eta	        delta	            E	         dEdR	       dEdeta	     dEddelta	    grad norm
minimum found at:
           11	 2.235966e+00	 6.386752e+00	 8.155324e-01	-1.899211e+00	 1.798324e-08	 1.321782e-07	-3.469447e-06	 3.472010e-06
psi(R) = 2.01e-01
parameter values for minimization:
K33 = 3.000000e+01
k24 = 6.000000e-01
Lambda = 3.100000e+01
d0 = 1.000000e+00
omega = 1.420000e+01
gamma_s = 1.000000e-01
initial guesses for R, eta, and delta:
guess for R = 2.235966e+00
guess for eta = 6.386752e+00
guess for delta = 8.155324e-01
estimated ranges of R, eta, and delta:
upper bound estimate of R = 3.353949e+00
lower bound estimate of R = 1.676975e+00
upper bound estimate of eta = 6.486752e+00
lower bound estimate of eta = 6.366752e+00
upper bound estimate of delta = 8.180000e-01
lower bound estimate of delta = 8.100000e-01
ss=6.153310070916e+20, lastss = 2.291351400291e+21
tol = 4.474528668393e-14
failed to integrate at x = (2.235966e+00,6.386752e+00,8.155324e-01)
solvde convergence failed when x = (2.235966e+00,6.386752e+00,8.155324e-01).
Retrying using a constant y value
    iteration	            R	          eta	        delta	            E	         dEdR	       dEdeta	     dEddelta	    grad norm
a-alpha = -1.657817e-07, fpa = -7.176644e-10
minimum found at:
           28	 2.285373e+00	 6.387906e+00	 8.155656e-01	-1.898852e+00	 6.982308e-09	-1.453159e-07	 5.791663e-07	 5.971592e-07
psi(R) = 2.02e-01
parameter values for minimization:
K33 = 3.000000e+01
k24 = 6.000000e-01
Lambda = 3.200000e+01
d0 = 1.000000e+00
omega = 1.420000e+01
gamma_s = 1.000000e-01
initial guesses for R, eta, and delta:
guess for R = 2.285373e+00
guess for eta = 6.387906e+00
guess for delta = 8.155656e-01
estimated ranges of R, eta, and delta:
upper bound estimate of R = 3.428059e+00
lower bound estimate of R = 1.714030e+00
upper bound estimate of eta = 6.487906e+00
lower bound estimate of eta = 6.367906e+00
upper bound estimate of delta = 8.180000e-01
lower bound estimate of delta = 8.100000e-01
    iteration	            R	          eta	        delta	            E	         dEdR	       dEdeta	     dEddelta	    grad norm
minimum found at:
           15	 2.332559e+00	 6.388991e+00	 8.155958e-01	-1.898516e+00	-1.190522e-08	-2.100172e-07	 4.328019e-06	 4.333128e-06
psi(R) = 2.02e-01
parameter values for minimization:
K33 = 3.000000e+01
k24 = 6.000000e-01
Lambda = 3.300000e+01
d0 = 1.000000e+00
omega = 1.420000e+01
gamma_s = 1.000000e-01
initial guesses for R, eta, and delta:
guess for R = 2.332559e+00
guess for eta = 6.388991e+00
guess for delta = 8.155958e-01
estimated ranges of R, eta, and delta:
upper bound estimate of R = 3.498838e+00
lower bound estimate of R = 1.749419e+00
upper bound estimate of eta = 6.488991e+00
lower bound estimate of eta = 6.368991e+00
upper bound estimate of delta = 8.180000e-01
lower bound estimate of delta = 8.100000e-01
    iteration	            R	          eta	        delta	            E	         dEdR	       dEdeta	     dEddelta	    grad norm
minimum found at:
           18	 2.377727e+00	 6.390013e+00	 8.156231e-01	-1.898200e+00	 4.048900e-09	-1.704192e-07	-6.346775e-07	 6.571717e-07
psi(R) = 2.03e-01
parameter values for minimization:
K33 = 3.000000e+01
k24 = 6.000000e-01
Lambda = 3.400000e+01
d0 = 1.000000e+00
omega = 1.420000e+01
gamma_s = 1.000000e-01
initial guesses for R, eta, and delta:
guess for R = 2.377727e+00
guess for eta = 6.390013e+00
guess for delta = 8.156231e-01
estimated ranges of R, eta, and delta:
upper bound estimate of R = 3.566591e+00
lower bound estimate of R = 1.783295e+00
upper bound estimate of eta = 6.490013e+00
lower bound estimate of eta = 6.370013e+00
upper bound estimate of delta = 8.180000e-01
lower bound estimate of delta = 8.100000e-01
likely a maximizing (vs minimizing) solution for psi(r), as y[1][2]=-2.144093e-04  which usually means high energy.
solvde convergence failed when x = (2.377727e+00,6.390013e+00,8.156231e-01).
Retrying using a constant y value
    iteration	            R	          eta	        delta	            E	         dEdR	       dEdeta	     dEddelta	    grad norm
a-alpha = 1.685908e-07, fpa = 4.952853e-11
a-alpha = -1.790322e-07, fpa = -1.565011e-10
minimum found at:
           14	 2.421038e+00	 6.390979e+00	 8.156482e-01	-1.897903e+00	 1.514916e-08	 8.018277e-10	-3.905209e-06	 3.905239e-06
psi(R) = 2.03e-01
parameter values for minimization:
K33 = 3.000000e+01
k24 = 6.000000e-01
Lambda = 3.500000e+01
d0 = 1.000000e+00
omega = 1.420000e+01
gamma_s = 1.000000e-01
initial guesses for R, eta, and delta:
guess for R = 2.421038e+00
guess for eta = 6.390979e+00
guess for delta = 8.156482e-01
estimated ranges of R, eta, and delta:
upper bound estimate of R = 3.631557e+00
lower bound estimate of R = 1.815778e+00
upper bound estimate of eta = 6.490979e+00
lower bound estimate of eta = 6.370979e+00
upper bound estimate of delta = 8.180000e-01
lower bound estimate of delta = 8.100000e-01
    iteration	            R	          eta	        delta	            E	         dEdR	       dEdeta	     dEddelta	    grad norm
a-alpha = 2.759949e-07, fpa = 5.775572e-10
a-alpha = 3.820198e-08, fpa = 5.853137e-10
a-alpha = -1.458688e-07, fpa = -2.140492e-10
a-alpha = 2.373976e-07, fpa = 1.042373e-10
minimum found at:
           15	 2.462634e+00	 6.391894e+00	 8.156715e-01	-1.897623e+00	 1.883207e-09	 3.768590e-07	-2.770006e-06	 2.795525e-06
psi(R) = 2.04e-01
parameter values for minimization:
K33 = 3.000000e+01
k24 = 6.000000e-01
Lambda = 3.600000e+01
d0 = 1.000000e+00
omega = 1.420000e+01
gamma_s = 1.000000e-01
initial guesses for R, eta, and delta:
guess for R = 2.462634e+00
guess for eta = 6.391894e+00
guess for delta = 8.156715e-01
estimated ranges of R, eta, and delta:
upper bound estimate of R = 3.693951e+00
lower bound estimate of R = 1.846976e+00
upper bound estimate of eta = 6.491894e+00
lower bound estimate of eta = 6.371894e+00
upper bound estimate of delta = 8.180000e-01
lower bound estimate of delta = 8.100000e-01
likely a maximizing (vs minimizing) solution for psi(r), as y[1][2]=-4.745213e-04  which usually means high energy.
solvde convergence failed when x = (2.462634e+00,6.391894e+00,8.156715e-01).
Retrying using a constant y value
    iteration	            R	          eta	        delta	            E	         dEdR	       dEdeta	     dEddelta	    grad norm
minimum found at:
           14	 2.502645e+00	 6.392762e+00	 8.156931e-01	-1.897357e+00	-6.131253e-10	 1.467962e-08	-1.038984e-06	 1.039088e-06
psi(R) = 2.04e-01
parameter values for minimization:
K33 = 3.000000e+01
k24 = 6.000000e-01
Lambda = 3.700000e+01
d0 = 1.000000e+00
omega = 1.420000e+01
gamma_s = 1.000000e-01
initial guesses for R, eta, and delta:
guess for R = 2.502645e+00
guess for eta = 6.392762e+00
guess for delta = 8.156931e-01
estimated ranges of R, eta, and delta:
upper bound estimate of R = 3.753967e+00
lower bound estimate of R = 1.876984e+00
upper bound estimate of eta = 6.492762e+00
lower bound estimate of eta = 6.372762e+00
upper bound estimate of delta = 8.180000e-01
lower bound estimate of delta = 8.100000e-01
ss=3.715301597398e+20, lastss = 5.350970910101e+20
tol = 5.628192781914e-14
failed to integrate at x = (2.502645e+00,6.392762e+00,8.156931e-01)
solvde convergence failed when x = (2.502645e+00,6.392762e+00,8.156931e-01).
Retrying using a constant y value
    iteration	            R	          eta	        delta	            E	         dEdR	       dEdeta	     dEddelta	    grad norm
minimum found at:
            7	 2.541195e+00	 6.393588e+00	 8.157133e-01	-1.897106e+00	 1.975587e-09	-7.271961e-08	 3.847848e-06	 3.848536e-06
psi(R) = 2.05e-01
parameter values for minimization:
K33 = 3.000000e+01
k24 = 6.000000e-01
Lambda = 3.800000e+01
d0 = 1.000000e+00
omega = 1.420000e+01
gamma_s = 1.000000e-01
initial guesses for R, eta, and delta:
guess for R = 2.541195e+00
guess for eta = 6.393588e+00
guess for delta = 8.157133e-01
estimated ranges of R, eta, and delta:
upper bound estimate of R = 3.811793e+00
lower bound estimate of R = 1.905896e+00
upper bound estimate of eta = 6.493588e+00
lower bound estimate of eta = 6.373588e+00
upper bound estimate of delta = 8.180000e-01
lower bound estimate of delta = 8.100000e-01
    iteration	            R	          eta	        delta	            E	         dEdR	       dEdeta	     dEddelta	    grad norm
minimum found at:
           12	 2.578378e+00	 6.394375e+00	 8.157318e-01	-1.896867e+00	 1.351447e-09	-3.008704e-07	-5.828671e-08	 3.064673e-07
psi(R) = 2.05e-01
parameter values for minimization:
K33 = 3.000000e+01
k24 = 6.000000e-01
Lambda = 3.900000e+01
d0 = 1.000000e+00
omega = 1.420000e+01
gamma_s = 1.000000e-01
initial guesses for R, eta, and delta:
guess for R = 2.578378e+00
guess for eta = 6.394375e+00
guess for delta = 8.157318e-01
estimated ranges of R, eta, and delta:
upper bound estimate of R = 3.867567e+00
lower bound estimate of R = 1.933783e+00
upper bound estimate of eta = 6.494375e+00
lower bound estimate of eta = 6.374375e+00
upper bound estimate of delta = 8.180000e-01
lower bound estimate of delta = 8.100000e-01
likely a maximizing (vs minimizing) solution for psi(r), as y[1][2]=-8.266454e-04  which usually means high energy.
solvde convergence failed when x = (2.578378e+00,6.394375e+00,8.157318e-01).
Retrying using a constant y value
    iteration	            R	          eta	        delta	            E	         dEdR	       dEdeta	     dEddelta	    grad norm
minimum found at:
           16	 2.614290e+00	 6.395126e+00	 8.157491e-01	-1.896640e+00	-6.835851e-09	-1.064581e-07	-4.801715e-07	 4.918787e-07
psi(R) = 2.05e-01
parameter values for minimization:
K33 = 3.000000e+01
k24 = 6.000000e-01
Lambda = 4.000000e+01
d0 = 1.000000e+00
omega = 1.420000e+01
gamma_s = 1.000000e-01
initial guesses for R, eta, and delta:
guess for R = 2.614290e+00
guess for eta = 6.395126e+00
guess for delta = 8.157491e-01
estimated ranges of R, eta, and delta:
upper bound estimate of R = 3.921435e+00
lower bound estimate of R = 1.960717e+00
upper bound estimate of eta = 6.495126e+00
lower bound estimate of eta = 6.375126e+00
upper bound estimate of delta = 8.180000e-01
lower bound estimate of delta = 8.100000e-01
    iteration	            R	          eta	        delta	            E	         dEdR	       dEdeta	     dEddelta	    grad norm
minimum found at:
           18	 2.649018e+00	 6.395844e+00	 8.157654e-01	-1.896423e+00	 2.363079e-09	-1.021405e-07	-6.679842e-07	 6.757523e-07
psi(R) = 2.05e-01
parameter values for minimization:
K33 = 3.000000e+01
k24 = 6.000000e-01
Lambda = 4.100000e+01
d0 = 1.000000e+00
omega = 1.420000e+01
gamma_s = 1.000000e-01
initial guesses for R, eta, and delta:
guess for R = 2.649018e+00
guess for eta = 6.395844e+00
guess for delta = 8.157654e-01
estimated ranges of R, eta, and delta:
upper bound estimate of R = 3.973527e+00
lower bound estimate of R = 1.986763e+00
upper bound estimate of eta = 6.495844e+00
lower bound estimate of eta = 6.375844e+00
upper bound estimate of delta = 8.180000e-01
lower bound estimate of delta = 8.100000e-01
    iteration	            R	          eta	        delta	            E	         dEdR	       dEdeta	     dEddelta	    grad norm
a-alpha = -1.757564e-07, fpa = -9.982212e-11
minimum found at:
           24	 2.682632e+00	 6.396532e+00	 8.157809e-01	-1.896217e+00	 6.348080e-09	 1.554312e-07	 5.836072e-06	 5.838145e-06
psi(R) = 2.06e-01
parameter values for minimization:
K33 = 3.000000e+01
k24 = 6.000000e-01
Lambda = 4.200000e+01
d0 = 1.000000e+00
omega = 1.420000e+01
gamma_s = 1.000000e-01
initial guesses for R, eta, and delta:
guess for R = 2.682632e+00
guess for eta = 6.396532e+00
guess for delta = 8.157809e-01
estimated ranges of R, eta, and delta:
upper bound estimate of R = 4.023948e+00
lower bound estimate of R = 2.011974e+00
upper bound estimate of eta = 6.496532e+00
lower bound estimate of eta = 6.376532e+00
upper bound estimate of delta = 8.180000e-01
lower bound estimate of delta = 8.100000e-01
likely a maximizing (vs minimizing) solution for psi(r), as y[1][2]=-2.732011e-04  which usually means high energy.
solvde convergence failed when x = (2.682632e+00,6.396532e+00,8.157809e-01).
Retrying using a constant y value
    iteration	            R	          eta	        delta	            E	         dEdR	       dEdeta	     dEddelta	    grad norm
minimum found at:
            7	 2.715188e+00	 6.397191e+00	 8.157951e-01	-1.896019e+00	-9.038612e-09	 7.931927e-08	 5.902686e-07	 5.956427e-07
psi(R) = 2.06e-01
parameter values for minimization:
K33 = 3.000000e+01
k24 = 6.000000e-01
Lambda = 4.300000e+01
d0 = 1.000000e+00
omega = 1.420000e+01
gamma_s = 1.000000e-01
initial guesses for R, eta, and delta:
guess for R = 2.715188e+00
guess for eta = 6.397191e+00
guess for delta = 8.157951e-01
estimated ranges of R, eta, and delta:
upper bound estimate of R = 4.072782e+00
lower bound estimate of R = 2.036391e+00
upper bound estimate of eta = 6.497191e+00
lower bound estimate of eta = 6.377191e+00
upper bound estimate of delta = 8.180000e-01
lower bound estimate of delta = 8.100000e-01
    iteration	            R	          eta	        delta	            E	         dEdR	       dEdeta	     dEddelta	    grad norm
minimum found at:
            7	 2.746768e+00	 6.397823e+00	 8.158086e-01	-1.895830e+00	-1.061306e-09	 1.646831e-08	 7.429242e-07	 7.431075e-07
psi(R) = 2.06e-01
parameter values for minimization:
K33 = 3.000000e+01
k24 = 6.000000e-01
Lambda = 4.400000e+01
d0 = 1.000000e+00
omega = 1.420000e+01
gamma_s = 1.000000e-01
initial guesses for R, eta, and delta:
guess for R = 2.746768e+00
guess for eta = 6.397823e+00
guess for delta = 8.158086e-01
estimated ranges of R, eta, and delta:
upper bound estimate of R = 4.120152e+00
lower bound estimate of R = 2.060076e+00
upper bound estimate of eta = 6.497823e+00
lower bound estimate of eta = 6.377823e+00
upper bound estimate of delta = 8.180000e-01
lower bound estimate of delta = 8.100000e-01
likely a maximizing (vs minimizing) solution for psi(r), as y[1][2]=-7.307206e-04  which usually means high energy.
solvde convergence failed when x = (2.746768e+00,6.397823e+00,8.158086e-01).
Retrying using a constant y value
    iteration	            R	          eta	        delta	            E	         dEdR	       dEdeta	     dEddelta	    grad norm
a-alpha = 1.840027e-07, fpa = 9.339428e-10
a-alpha = -4.890556e-07, fpa = -1.722827e-10
minimum found at:
           17	 2.777417e+00	 6.398431e+00	 8.158213e-01	-1.895649e+00	 6.707799e-09	-1.616608e-07	-3.887631e-06	 3.890996e-06
psi(R) = 2.07e-01
parameter values for minimization:
K33 = 3.000000e+01
k24 = 6.000000e-01
Lambda = 4.500000e+01
d0 = 1.000000e+00
omega = 1.420000e+01
gamma_s = 1.000000e-01
initial guesses for R, eta, and delta:
guess for R = 2.777417e+00
guess for eta = 6.398431e+00
guess for delta = 8.158213e-01
estimated ranges of R, eta, and delta:
upper bound estimate of R = 4.166125e+00
lower bound estimate of R = 2.083063e+00
upper bound estimate of eta = 6.498431e+00
lower bound estimate of eta = 6.378431e+00
upper bound estimate of delta = 8.180000e-01
lower bound estimate of delta = 8.100000e-01
    iteration	            R	          eta	        delta	            E	         dEdR	       dEdeta	     dEddelta	    grad norm
minimum found at:
            6	 2.807186e+00	 6.399016e+00	 8.158334e-01	-1.895475e+00	-1.101484e-09	-4.706112e-08	-2.726523e-06	 2.726929e-06
psi(R) = 2.07e-01
parameter values for minimization:
K33 = 3.000000e+01
k24 = 6.000000e-01
Lambda = 4.600000e+01
d0 = 1.000000e+00
omega = 1.420000e+01
gamma_s = 1.000000e-01
initial guesses for R, eta, and delta:
guess for R = 2.807186e+00
guess for eta = 6.399016e+00
guess for delta = 8.158334e-01
estimated ranges of R, eta, and delta:
upper bound estimate of R = 4.210779e+00
lower bound estimate of R = 2.105390e+00
upper bound estimate of eta = 6.499016e+00
lower bound estimate of eta = 6.379016e+00
upper bound estimate of delta = 8.180000e-01
lower bound estimate of delta = 8.100000e-01
ss=1.206297489122e+22, lastss = 2.447677244769e+02
tol = 7.107891157297e-14
failed to integrate at x = (2.807186e+00,6.399016e+00,8.158334e-01)
solvde convergence failed when x = (2.807186e+00,6.399016e+00,8.158334e-01).
Retrying using a constant y value
    iteration	            R	          eta	        delta	            E	         dEdR	       dEdeta	     dEddelta	    grad norm
minimum found at:
            7	 2.836130e+00	 6.399580e+00	 8.158451e-01	-1.895308e+00	 2.527641e-09	 1.110223e-08	 1.319315e-06	 1.319364e-06
psi(R) = 2.07e-01
parameter values for minimization:
K33 = 3.000000e+01
k24 = 6.000000e-01
Lambda = 4.700000e+01
d0 = 1.000000e+00
omega = 1.420000e+01
gamma_s = 1.000000e-01
initial guesses for R, eta, and delta:
guess for R = 2.836130e+00
guess for eta = 6.399580e+00
guess for delta = 8.158451e-01
estimated ranges of R, eta, and delta:
upper bound estimate of R = 4.254195e+00
lower bound estimate of R = 2.127097e+00
upper bound estimate of eta = 6.499580e+00
lower bound estimate of eta = 6.379580e+00
upper bound estimate of delta = 8.180000e-01
lower bound estimate of delta = 8.100000e-01
    iteration	            R	          eta	        delta	            E	         dEdR	       dEdeta	     dEddelta	    grad norm
minimum found at:
           13	 2.864288e+00	 6.400123e+00	 8.158559e-01	-1.895147e+00	 6.051056e-09	 2.933456e-07	-1.104672e-06	 1.142973e-06
psi(R) = 2.07e-01
parameter values for minimization:
K33 = 3.000000e+01
k24 = 6.000000e-01
Lambda = 4.800000e+01
d0 = 1.000000e+00
omega = 1.420000e+01
gamma_s = 1.000000e-01
initial guesses for R, eta, and delta:
guess for R = 2.864288e+00
guess for eta = 6.400123e+00
guess for delta = 8.158559e-01
estimated ranges of R, eta, and delta:
upper bound estimate of R = 4.296432e+00
lower bound estimate of R = 2.148216e+00
upper bound estimate of eta = 6.500123e+00
lower bound estimate of eta = 6.380123e+00
upper bound estimate of delta = 8.180000e-01
lower bound estimate of delta = 8.100000e-01
likely a maximizing (vs minimizing) solution for psi(r), as y[1][2]=-3.194486e-04  which usually means high energy.
solvde convergence failed when x = (2.864288e+00,6.400123e+00,8.158559e-01).
Retrying using a constant y value
    iteration	            R	          eta	        delta	            E	         dEdR	       dEdeta	     dEddelta	    grad norm
minimum found at:
           12	 2.891692e+00	 6.400647e+00	 8.158664e-01	-1.894992e+00	 3.800288e-09	-1.541976e-08	 1.286008e-06	 1.286106e-06
psi(R) = 2.08e-01
parameter values for minimization:
K33 = 3.000000e+01
k24 = 6.000000e-01
Lambda = 4.900000e+01
d0 = 1.000000e+00
omega = 1.420000e+01
gamma_s = 1.000000e-01
initial guesses for R, eta, and delta:
guess for R = 2.891692e+00
guess for eta = 6.400647e+00
guess for delta = 8.158664e-01
estimated ranges of R, eta, and delta:
upper bound estimate of R = 4.337538e+00
lower bound estimate of R = 2.168769e+00
upper bound estimate of eta = 6.500647e+00
lower bound estimate of eta = 6.380647e+00
upper bound estimate of delta = 8.180000e-01
lower bound estimate of delta = 8.100000e-01
ss=1.686748250809e+21, lastss = 8.733310265128e+21
tol = 7.549153190860e-14
failed to integrate at x = (2.891692e+00,6.400647e+00,8.158664e-01)
solvde convergence failed when x = (2.891692e+00,6.400647e+00,8.158664e-01).
Retrying using a constant y value
    iteration	            R	          eta	        delta	            E	         dEdR	       dEdeta	     dEddelta	    grad norm
minimum found at:
            6	 2.918387e+00	 6.401153e+00	 8.158762e-01	-1.894843e+00	 1.146687e-09	-1.921919e-07	-3.700743e-08	 1.957258e-07
psi(R) = 2.08e-01
parameter values for minimization:
K33 = 3.000000e+01
k24 = 6.000000e-01
Lambda = 5.000000e+01
d0 = 1.000000e+00
omega = 1.420000e+01
gamma_s = 1.000000e-01
initial guesses for R, eta, and delta:
guess for R = 2.918387e+00
guess for eta = 6.401153e+00
guess for delta = 8.158762e-01
estimated ranges of R, eta, and delta:
upper bound estimate of R = 4.377581e+00
lower bound estimate of R = 2.188790e+00
upper bound estimate of eta = 6.501153e+00
lower bound estimate of eta = 6.381153e+00
upper bound estimate of delta = 8.180000e-01
lower bound estimate of delta = 8.100000e-01
ss=9.033156104470e+17, lastss = 2.192547849906e+17
tol = 7.691314486758e-14
failed to integrate at x = (2.918387e+00,6.401153e+00,8.158762e-01)
solvde convergence failed when x = (2.918387e+00,6.401153e+00,8.158762e-01).
Retrying using a constant y value
    iteration	            R	          eta	        delta	            E	         dEdR	       dEdeta	     dEddelta	    grad norm
minimum found at:
            8	 2.944409e+00	 6.401642e+00	 8.158856e-01	-1.894699e+00	-5.589689e-09	-9.480071e-08	 2.442491e-07	 2.620611e-07
psi(R) = 2.08e-01
parameter values for minimization:
K33 = 3.000000e+01
k24 = 6.000000e-01
Lambda = 5.100000e+01
d0 = 1.000000e+00
omega = 1.420000e+01
gamma_s = 1.000000e-01
initial guesses for R, eta, and delta:
guess for R = 2.944409e+00
guess for eta = 6.401642e+00
guess for delta = 8.158856e-01
estimated ranges of R, eta, and delta:
upper bound estimate of R = 4.416613e+00
lower bound estimate of R = 2.208307e+00
upper bound estimate of eta = 6.501642e+00
lower bound estimate of eta = 6.381642e+00
upper bound estimate of delta = 8.180000e-01
lower bound estimate of delta = 8.100000e-01
    iteration	            R	          eta	        delta	            E	         dEdR	       dEdeta	     dEddelta	    grad norm
minimum found at:
           14	 2.969794e+00	 6.402116e+00	 8.158946e-01	-1.894560e+00	 2.513743e-09	-1.467962e-08	-2.312965e-08	 2.750983e-08
psi(R) = 2.08e-01
parameter values for minimization:
K33 = 3.000000e+01
k24 = 6.000000e-01
Lambda = 5.200000e+01
d0 = 1.000000e+00
omega = 1.420000e+01
gamma_s = 1.000000e-01
initial guesses for R, eta, and delta:
guess for R = 2.969794e+00
guess for eta = 6.402116e+00
guess for delta = 8.158946e-01
estimated ranges of R, eta, and delta:
upper bound estimate of R = 4.454691e+00
lower bound estimate of R = 2.227345e+00
upper bound estimate of eta = 6.502116e+00
lower bound estimate of eta = 6.382116e+00
upper bound estimate of delta = 8.180000e-01
lower bound estimate of delta = 8.100000e-01
ss=1.621381939554e+20, lastss = 9.474236955611e+01
tol = 7.968822224519e-14
failed to integrate at x = (2.969794e+00,6.402116e+00,8.158946e-01)
solvde convergence failed when x = (2.969794e+00,6.402116e+00,8.158946e-01).
Retrying using a constant y value
    iteration	            R	          eta	        delta	            E	         dEdR	       dEdeta	     dEddelta	    grad norm
a-alpha = 3.660892e-09, fpa = 2.959549e-09
minimum found at:
           15	 2.994551e+00	 6.402574e+00	 8.159031e-01	-1.894426e+00	-2.245356e-08	 9.109997e-08	-2.891206e-06	 2.892728e-06
psi(R) = 2.08e-01
parameter values for minimization:
K33 = 3.000000e+01
k24 = 6.000000e-01
Lambda = 5.300000e+01
d0 = 1.000000e+00
omega = 1.420000e+01
gamma_s = 1.000000e-01
initial guesses for R, eta, and delta:
guess for R = 2.994551e+00
guess for eta = 6.402574e+00
guess for delta = 8.159031e-01
estimated ranges of R, eta, and delta:
upper bound estimate of R = 4.491827e+00
lower bound estimate of R = 2.245913e+00
upper bound estimate of eta = 6.502574e+00
lower bound estimate of eta = 6.382574e+00
upper bound estimate of delta = 8.180000e-01
lower bound estimate of delta = 8.100000e-01
ss=2.212811539483e+20, lastss = 1.282057293949e+21
tol = 8.104225499812e-14
failed to integrate at x = (2.994551e+00,6.402574e+00,8.159031e-01)
solvde convergence failed when x = (2.994551e+00,6.402574e+00,8.159031e-01).
Retrying using a constant y value
    iteration	            R	          eta	        delta	            E	         dEdR	       dEdeta	     dEddelta	    grad norm
a-alpha = -4.088145e-07, fpa = -2.819388e-10
minimum found at:
           16	 3.018743e+00	 6.403018e+00	 8.159114e-01	-1.894296e+00	 3.700886e-09	-2.064398e-07	-5.218048e-07	 5.611696e-07
psi(R) = 2.09e-01
parameter values for minimization:
K33 = 3.000000e+01
k24 = 6.000000e-01
Lambda = 5.400000e+01
d0 = 1.000000e+00
omega = 1.420000e+01
gamma_s = 1.000000e-01
initial guesses for R, eta, and delta:
guess for R = 3.018743e+00
guess for eta = 6.403018e+00
guess for delta = 8.159114e-01
estimated ranges of R, eta, and delta:
upper bound estimate of R = 4.528115e+00
lower bound estimate of R = 2.264057e+00
upper bound estimate of eta = 6.503018e+00
lower bound estimate of eta = 6.383018e+00
upper bound estimate of delta = 8.180000e-01
lower bound estimate of delta = 8.100000e-01
likely a maximizing (vs minimizing) solution for psi(r), as y[1][2]=-8.791184e-04  which usually means high energy.
solvde convergence failed when x = (3.018743e+00,6.403018e+00,8.159114e-01).
Retrying using a constant y value
    iteration	            R	          eta	        delta	            E	         dEdR	       dEdeta	     dEddelta	    grad norm
minimum found at:
           15	 3.042370e+00	 6.403449e+00	 8.159192e-01	-1.894170e+00	 6.168839e-09	-1.178070e-08	-2.369401e-06	 2.369438e-06
psi(R) = 2.09e-01
parameter values for minimization:
K33 = 3.000000e+01
k24 = 6.000000e-01
Lambda = 5.500000e+01
d0 = 1.000000e+00
omega = 1.420000e+01
gamma_s = 1.000000e-01
initial guesses for R, eta, and delta:
guess for R = 3.042370e+00
guess for eta = 6.403449e+00
guess for delta = 8.159192e-01
estimated ranges of R, eta, and delta:
upper bound estimate of R = 4.563555e+00
lower bound estimate of R = 2.281778e+00
upper bound estimate of eta = 6.503449e+00
lower bound estimate of eta = 6.383449e+00
upper bound estimate of delta = 8.180000e-01
lower bound estimate of delta = 8.100000e-01
ss=4.428582287198e+15, lastss = 4.076881937968e+15
tol = 8.368999199912e-14
failed to integrate at x = (3.042370e+00,6.403449e+00,8.159192e-01)
solvde convergence failed when x = (3.042370e+00,6.403449e+00,8.159192e-01).
Retrying using a constant y value
    iteration	            R	          eta	        delta	            E	         dEdR	       dEdeta	     dEddelta	    grad norm
minimum found at:
           11	 3.065454e+00	 6.403867e+00	 8.159267e-01	-1.894048e+00	 1.080165e-09	-1.782525e-07	-3.935741e-06	 3.939775e-06
psi(R) = 2.09e-01
parameter values for minimization:
K33 = 3.000000e+01
k24 = 6.000000e-01
Lambda = 5.600000e+01
d0 = 1.000000e+00
omega = 1.420000e+01
gamma_s = 1.000000e-01
initial guesses for R, eta, and delta:
guess for R = 3.065454e+00
guess for eta = 6.403867e+00
guess for delta = 8.159267e-01
estimated ranges of R, eta, and delta:
upper bound estimate of R = 4.598181e+00
lower bound estimate of R = 2.299091e+00
upper bound estimate of eta = 6.503867e+00
lower bound estimate of eta = 6.383867e+00
upper bound estimate of delta = 8.180000e-01
lower bound estimate of delta = 8.100000e-01
    iteration	            R	          eta	        delta	            E	         dEdR	       dEdeta	     dEddelta	    grad norm
a-alpha = 1.821759e-08, fpa = 8.389123e-10
a-alpha = 2.621609e-07, fpa = 7.357128e-11
minimum found at:
           15	 3.088039e+00	 6.404273e+00	 8.159341e-01	-1.893930e+00	 1.614162e-08	-7.500173e-08	-3.524958e-07	 3.607480e-07
psi(R) = 2.09e-01
parameter values for minimization:
K33 = 3.000000e+01
k24 = 6.000000e-01
Lambda = 5.700000e+01
d0 = 1.000000e+00
omega = 1.420000e+01
gamma_s = 1.000000e-01
initial guesses for R, eta, and delta:
guess for R = 3.088039e+00
guess for eta = 6.404273e+00
guess for delta = 8.159341e-01
estimated ranges of R, eta, and delta:
upper bound estimate of R = 4.632059e+00
lower bound estimate of R = 2.316029e+00
upper bound estimate of eta = 6.504273e+00
lower bound estimate of eta = 6.384273e+00
upper bound estimate of delta = 8.180000e-01
lower bound estimate of delta = 8.100000e-01
ss=1.132768434421e+22, lastss = 3.377107259329e+22
tol = 8.625851289610e-14
failed to integrate at x = (3.088039e+00,6.404273e+00,8.159341e-01)
solvde convergence failed when x = (3.088039e+00,6.404273e+00,8.159341e-01).
Retrying using a constant y value
    iteration	            R	          eta	        delta	            E	         dEdR	       dEdeta	     dEddelta	    grad norm
minimum found at:
            8	 3.110113e+00	 6.404666e+00	 8.159413e-01	-1.893816e+00	-3.649564e-09	-1.860240e-07	 4.655535e-06	 4.659252e-06
psi(R) = 2.09e-01
parameter values for minimization:
K33 = 3.000000e+01
k24 = 6.000000e-01
Lambda = 5.800000e+01
d0 = 1.000000e+00
omega = 1.420000e+01
gamma_s = 1.000000e-01
initial guesses for R, eta, and delta:
guess for R = 3.110113e+00
guess for eta = 6.404666e+00
guess for delta = 8.159413e-01
estimated ranges of R, eta, and delta:
upper bound estimate of R = 4.665170e+00
lower bound estimate of R = 2.332585e+00
upper bound estimate of eta = 6.504666e+00
lower bound estimate of eta = 6.384666e+00
upper bound estimate of delta = 8.180000e-01
lower bound estimate of delta = 8.100000e-01
ss=1.373071672677e+19, lastss = 4.104167162617e+01
tol = 8.751394824830e-14
failed to integrate at x = (3.110113e+00,6.404666e+00,8.159413e-01)
solvde convergence failed when x = (3.110113e+00,6.404666e+00,8.159413e-01).
Retrying using a constant y value
    iteration	            R	          eta	        delta	            E	         dEdR	       dEdeta	     dEddelta	    grad norm
a-alpha = 4.512428e-07, fpa = 9.315097e-11
a-alpha = -2.099615e-08, fpa = -3.132404e-10
minimum found at:
           16	 3.131733e+00	 6.405050e+00	 8.159478e-01	-1.893704e+00	 2.522602e-09	 7.771561e-09	-2.359224e-07	 2.360638e-07
psi(R) = 2.09e-01
parameter values for minimization:
K33 = 3.000000e+01
k24 = 6.000000e-01
Lambda = 5.900000e+01
d0 = 1.000000e+00
omega = 1.420000e+01
gamma_s = 1.000000e-01
initial guesses for R, eta, and delta:
guess for R = 3.131733e+00
guess for eta = 6.405050e+00
guess for delta = 8.159478e-01
estimated ranges of R, eta, and delta:
upper bound estimate of R = 4.697599e+00
lower bound estimate of R = 2.348800e+00
upper bound estimate of eta = 6.505050e+00
lower bound estimate of eta = 6.385050e+00
upper bound estimate of delta = 8.180000e-01
lower bound estimate of delta = 8.100000e-01
likely a maximizing (vs minimizing) solution for psi(r), as y[1][2]=-1.078420e-03  which usually means high energy.
solvde convergence failed when x = (3.131733e+00,6.405050e+00,8.159478e-01).
Retrying using a constant y value
    iteration	            R	          eta	        delta	            E	         dEdR	       dEdeta	     dEddelta	    grad norm
a-alpha = 1.159116e-07, fpa = 4.585777e-10
minimum found at:
           18	 3.152895e+00	 6.405422e+00	 8.159543e-01	-1.893597e+00	-5.968332e-09	 3.862959e-07	-4.255855e-08	 3.886790e-07
psi(R) = 2.10e-01
parameter values for minimization:
K33 = 3.000000e+01
k24 = 6.000000e-01
Lambda = 6.000000e+01
d0 = 1.000000e+00
omega = 1.420000e+01
gamma_s = 1.000000e-01
initial guesses for R, eta, and delta:
guess for R = 3.152895e+00
guess for eta = 6.405422e+00
guess for delta = 8.159543e-01
estimated ranges of R, eta, and delta:
upper bound estimate of R = 4.729342e+00
lower bound estimate of R = 2.364671e+00
upper bound estimate of eta = 6.505422e+00
lower bound estimate of eta = 6.385422e+00
upper bound estimate of delta = 8.180000e-01
lower bound estimate of delta = 8.100000e-01
likely a maximizing (vs minimizing) solution for psi(r), as y[1][2]=-4.294074e-04  which usually means high energy.
solvde convergence failed when x = (3.152895e+00,6.405422e+00,8.159543e-01).
Retrying using a constant y value
    iteration	            R	          eta	        delta	            E	         dEdR	       dEdeta	     dEddelta	    grad norm
a-alpha = -5.054680e-07, fpa = -9.505573e-11
a-alpha = 1.889005e-07, fpa = 2.384596e-10
minimum found at:
           16	 3.173626e+00	 6.405785e+00	 8.159604e-01	-1.893492e+00	 1.235422e-08	-3.854941e-08	-3.631354e-06	 3.631580e-06
psi(R) = 2.10e-01
Traceback (most recent call last):
  File "scan2d.py", line 77, in <module>
    Ei,Ri,etai,deltai,surftwisti = run.get_all_observables('observables',str2float=True)
  File "../../modules_gammak24/singlerun.py", line 77, in get_all_observables
    E,R,eta,delta,surftwist = map(float,line.split())
ValueError: not enough values to unpack (expected 5, got 0)
