hi
Restoring modules from user's standard_modules
parameter values for minimization:
K33 = 3.000000e+01
k24 = 6.000000e-01
Lambda = 0.000000e+00
d0 = 1.000000e+00
omega = 6.750000e+01
gamma_s = 1.000000e-01
initial guesses for R, eta, and delta:
guess for R = 5.000000e-01
guess for eta = 6.300000e+00
guess for delta = 8.100000e-01
estimated ranges of R, eta, and delta:
upper bound estimate of R = 2.000000e+00
lower bound estimate of R = 1.000000e-01
upper bound estimate of eta = 6.430000e+00
lower bound estimate of eta = 6.290000e+00
upper bound estimate of delta = 8.160000e-01
lower bound estimate of delta = 8.000000e-01
    iteration	            R	          eta	        delta	            E	         dEdR	       dEdeta	     dEddelta	    grad norm
minimum found at:
            5	 4.384966e-01	 6.300000e+00	 8.164966e-01	-1.123272e+01	 1.215402e-09	 0.000000e+00	-3.330669e-08	 3.332886e-08
psi(R) = 3.15e-01
parameter values for minimization:
K33 = 3.000000e+01
k24 = 6.000000e-01
Lambda = 1.000000e+00
d0 = 1.000000e+00
omega = 6.750000e+01
gamma_s = 1.000000e-01
initial guesses for R, eta, and delta:
guess for R = 4.384966e-01
guess for eta = 6.300000e+00
guess for delta = 8.164966e-01
estimated ranges of R, eta, and delta:
upper bound estimate of R = 6.577449e-01
lower bound estimate of R = 3.288724e-01
upper bound estimate of eta = 6.400000e+00
lower bound estimate of eta = 6.280000e+00
upper bound estimate of delta = 8.180000e-01
lower bound estimate of delta = 8.100000e-01
    iteration	            R	          eta	        delta	            E	         dEdR	       dEdeta	     dEddelta	    grad norm
minimum found at:
           12	 3.105146e-01	 6.358720e+00	 8.152287e-01	-1.112351e+01	-1.112679e-07	-1.322892e-06	 6.661338e-06	 6.792338e-06
psi(R) = 2.39e-01
parameter values for minimization:
K33 = 3.000000e+01
k24 = 6.000000e-01
Lambda = 2.000000e+00
d0 = 1.000000e+00
omega = 6.750000e+01
gamma_s = 1.000000e-01
initial guesses for R, eta, and delta:
guess for R = 3.105146e-01
guess for eta = 6.358720e+00
guess for delta = 8.152287e-01
estimated ranges of R, eta, and delta:
upper bound estimate of R = 4.657719e-01
lower bound estimate of R = 2.328859e-01
upper bound estimate of eta = 6.458720e+00
lower bound estimate of eta = 6.338720e+00
upper bound estimate of delta = 8.180000e-01
lower bound estimate of delta = 8.100000e-01
    iteration	            R	          eta	        delta	            E	         dEdR	       dEdeta	     dEddelta	    grad norm
minimum found at:
           14	 2.867137e-01	 6.347887e+00	 8.147740e-01	-1.106682e+01	 1.685696e-07	-2.447425e-07	 1.971756e-05	 1.971980e-05
psi(R) = 2.19e-01
parameter values for minimization:
K33 = 3.000000e+01
k24 = 6.000000e-01
Lambda = 3.000000e+00
d0 = 1.000000e+00
omega = 6.750000e+01
gamma_s = 1.000000e-01
initial guesses for R, eta, and delta:
guess for R = 2.867137e-01
guess for eta = 6.347887e+00
guess for delta = 8.147740e-01
estimated ranges of R, eta, and delta:
upper bound estimate of R = 4.300706e-01
lower bound estimate of R = 2.150353e-01
upper bound estimate of eta = 6.447887e+00
lower bound estimate of eta = 6.327887e+00
upper bound estimate of delta = 8.180000e-01
lower bound estimate of delta = 8.100000e-01
    iteration	            R	          eta	        delta	            E	         dEdR	       dEdeta	     dEddelta	    grad norm
minimum found at:
           13	 2.753553e-01	 6.341729e+00	 8.144916e-01	-1.102541e+01	 8.205698e-08	-1.978664e-07	 3.301063e-06	 3.308006e-06
psi(R) = 2.07e-01
parameter values for minimization:
K33 = 3.000000e+01
k24 = 6.000000e-01
Lambda = 4.000000e+00
d0 = 1.000000e+00
omega = 6.750000e+01
gamma_s = 1.000000e-01
initial guesses for R, eta, and delta:
guess for R = 2.753553e-01
guess for eta = 6.341729e+00
guess for delta = 8.144916e-01
estimated ranges of R, eta, and delta:
upper bound estimate of R = 4.130330e-01
lower bound estimate of R = 2.065165e-01
upper bound estimate of eta = 6.441729e+00
lower bound estimate of eta = 6.321729e+00
upper bound estimate of delta = 8.180000e-01
lower bound estimate of delta = 8.100000e-01
    iteration	            R	          eta	        delta	            E	         dEdR	       dEdeta	     dEddelta	    grad norm
minimum found at:
           10	 2.690237e-01	 6.337499e+00	 8.142943e-01	-1.099226e+01	 6.327856e-07	 3.236917e-07	-7.926992e-06	 7.958794e-06
psi(R) = 1.99e-01
parameter values for minimization:
K33 = 3.000000e+01
k24 = 6.000000e-01
Lambda = 5.000000e+00
d0 = 1.000000e+00
omega = 6.750000e+01
gamma_s = 1.000000e-01
initial guesses for R, eta, and delta:
guess for R = 2.690237e-01
guess for eta = 6.337499e+00
guess for delta = 8.142943e-01
estimated ranges of R, eta, and delta:
upper bound estimate of R = 4.035355e-01
lower bound estimate of R = 2.017678e-01
upper bound estimate of eta = 6.437499e+00
lower bound estimate of eta = 6.317499e+00
upper bound estimate of delta = 8.180000e-01
lower bound estimate of delta = 8.100000e-01
    iteration	            R	          eta	        delta	            E	         dEdR	       dEdeta	     dEddelta	    grad norm
a-alpha = -1.142377e-07, fpa = -1.316622e-09
a-alpha = 5.551157e-09, fpa = 2.219630e-09
minimum found at:
           18	 2.654419e-01	 6.334318e+00	 8.141495e-01	-1.096447e+01	 7.198710e-07	-1.335722e-06	-8.807769e-07	 1.754461e-06
psi(R) = 1.92e-01
parameter values for minimization:
K33 = 3.000000e+01
k24 = 6.000000e-01
Lambda = 6.000000e+00
d0 = 1.000000e+00
omega = 6.750000e+01
gamma_s = 1.000000e-01
initial guesses for R, eta, and delta:
guess for R = 2.654419e-01
guess for eta = 6.334318e+00
guess for delta = 8.141495e-01
estimated ranges of R, eta, and delta:
upper bound estimate of R = 3.981629e-01
lower bound estimate of R = 1.990814e-01
upper bound estimate of eta = 6.434318e+00
lower bound estimate of eta = 6.314318e+00
upper bound estimate of delta = 8.180000e-01
lower bound estimate of delta = 8.100000e-01
    iteration	            R	          eta	        delta	            E	         dEdR	       dEdeta	     dEddelta	    grad norm
minimum found at:
            9	 2.636404e-01	 6.331796e+00	 8.140411e-01	-1.094051e+01	-8.863280e-07	 1.648064e-07	 1.391480e-06	 1.657997e-06
psi(R) = 1.87e-01
parameter values for minimization:
K33 = 3.000000e+01
k24 = 6.000000e-01
Lambda = 7.000000e+00
d0 = 1.000000e+00
omega = 6.750000e+01
gamma_s = 1.000000e-01
initial guesses for R, eta, and delta:
guess for R = 2.636404e-01
guess for eta = 6.331796e+00
guess for delta = 8.140411e-01
estimated ranges of R, eta, and delta:
upper bound estimate of R = 3.954606e-01
lower bound estimate of R = 1.977303e-01
upper bound estimate of eta = 6.431796e+00
lower bound estimate of eta = 6.311796e+00
upper bound estimate of delta = 8.180000e-01
lower bound estimate of delta = 8.100000e-01
    iteration	            R	          eta	        delta	            E	         dEdR	       dEdeta	     dEddelta	    grad norm
minimum found at:
            5	 2.631376e-01	 6.329726e+00	 8.139600e-01	-1.091946e+01	 2.024335e-07	 1.677670e-08	-3.700743e-08	 2.064712e-07
psi(R) = 1.82e-01
parameter values for minimization:
K33 = 3.000000e+01
k24 = 6.000000e-01
Lambda = 8.000000e+00
d0 = 1.000000e+00
omega = 6.750000e+01
gamma_s = 1.000000e-01
initial guesses for R, eta, and delta:
guess for R = 2.631376e-01
guess for eta = 6.329726e+00
guess for delta = 8.139600e-01
estimated ranges of R, eta, and delta:
upper bound estimate of R = 3.947064e-01
lower bound estimate of R = 1.973532e-01
upper bound estimate of eta = 6.429726e+00
lower bound estimate of eta = 6.309726e+00
upper bound estimate of delta = 8.180000e-01
lower bound estimate of delta = 8.100000e-01
    iteration	            R	          eta	        delta	            E	         dEdR	       dEdeta	     dEddelta	    grad norm
minimum found at:
           13	 2.636777e-01	 6.327986e+00	 8.139006e-01	-1.090072e+01	-3.306331e-07	-2.333936e-07	-5.114427e-06	 5.130415e-06
psi(R) = 1.78e-01
parameter values for minimization:
K33 = 3.000000e+01
k24 = 6.000000e-01
Lambda = 9.000000e+00
d0 = 1.000000e+00
omega = 6.750000e+01
gamma_s = 1.000000e-01
initial guesses for R, eta, and delta:
guess for R = 2.636777e-01
guess for eta = 6.327986e+00
guess for delta = 8.139006e-01
estimated ranges of R, eta, and delta:
upper bound estimate of R = 3.955166e-01
lower bound estimate of R = 1.977583e-01
upper bound estimate of eta = 6.427986e+00
lower bound estimate of eta = 6.307986e+00
upper bound estimate of delta = 8.180000e-01
lower bound estimate of delta = 8.100000e-01
    iteration	            R	          eta	        delta	            E	         dEdR	       dEdeta	     dEddelta	    grad norm
a-alpha = 5.053034e-08, fpa = 3.758073e-09
minimum found at:
           13	 2.651310e-01	 6.326498e+00	 8.138596e-01	-1.088386e+01	 6.766791e-08	 4.391549e-08	 6.513308e-06	 6.513808e-06
psi(R) = 1.75e-01
parameter values for minimization:
K33 = 3.000000e+01
k24 = 6.000000e-01
Lambda = 1.000000e+01
d0 = 1.000000e+00
omega = 6.750000e+01
gamma_s = 1.000000e-01
initial guesses for R, eta, and delta:
guess for R = 2.651310e-01
guess for eta = 6.326498e+00
guess for delta = 8.138596e-01
estimated ranges of R, eta, and delta:
upper bound estimate of R = 3.976965e-01
lower bound estimate of R = 1.988483e-01
upper bound estimate of eta = 6.426498e+00
lower bound estimate of eta = 6.306498e+00
upper bound estimate of delta = 8.180000e-01
lower bound estimate of delta = 8.100000e-01
    iteration	            R	          eta	        delta	            E	         dEdR	       dEdeta	     dEddelta	    grad norm
a-alpha = 1.046355e-08, fpa = 9.900294e-09
minimum found at:
           14	 2.674497e-01	 6.325214e+00	 8.138345e-01	-1.086859e+01	-3.275517e-08	 8.388352e-09	 5.136632e-06	 5.136743e-06
psi(R) = 1.71e-01
parameter values for minimization:
K33 = 3.000000e+01
k24 = 6.000000e-01
Lambda = 1.100000e+01
d0 = 1.000000e+00
omega = 6.750000e+01
gamma_s = 1.000000e-01
initial guesses for R, eta, and delta:
guess for R = 2.674497e-01
guess for eta = 6.325214e+00
guess for delta = 8.138345e-01
estimated ranges of R, eta, and delta:
upper bound estimate of R = 4.011746e-01
lower bound estimate of R = 2.005873e-01
upper bound estimate of eta = 6.425214e+00
lower bound estimate of eta = 6.305214e+00
upper bound estimate of delta = 8.180000e-01
lower bound estimate of delta = 8.100000e-01
    iteration	            R	          eta	        delta	            E	         dEdR	       dEdeta	     dEddelta	    grad norm
minimum found at:
            6	 2.706532e-01	 6.324099e+00	 8.138241e-01	-1.085469e+01	 1.416925e-08	 5.181041e-08	 5.181041e-08	 7.462844e-08
psi(R) = 1.69e-01
parameter values for minimization:
K33 = 3.000000e+01
k24 = 6.000000e-01
Lambda = 1.200000e+01
d0 = 1.000000e+00
omega = 6.750000e+01
gamma_s = 1.000000e-01
initial guesses for R, eta, and delta:
guess for R = 2.706532e-01
guess for eta = 6.324099e+00
guess for delta = 8.138241e-01
estimated ranges of R, eta, and delta:
upper bound estimate of R = 4.059798e-01
lower bound estimate of R = 2.029899e-01
upper bound estimate of eta = 6.424099e+00
lower bound estimate of eta = 6.304099e+00
upper bound estimate of delta = 8.180000e-01
lower bound estimate of delta = 8.100000e-01
    iteration	            R	          eta	        delta	            E	         dEdR	       dEdeta	     dEddelta	    grad norm
minimum found at:
            6	 2.748300e-01	 6.323130e+00	 8.138280e-01	-1.084198e+01	-3.004497e-08	-3.552714e-08	 1.406282e-07	 1.481256e-07
psi(R) = 1.66e-01
