hi
Restoring modules from user's standard_modules
parameter values for minimization:
K33 = 3.000000e+01
k24 = 6.000000e-01
Lambda = 0.000000e+00
d0 = 1.000000e+00
omega = 3.190000e+01
gamma_s = 1.000000e-01
initial guesses for R, eta, and delta:
guess for R = 5.000000e-01
guess for eta = 6.300000e+00
guess for delta = 8.100000e-01
estimated ranges of R, eta, and delta:
upper bound estimate of R = 2.000000e+00
lower bound estimate of R = 1.000000e-01
upper bound estimate of eta = 6.430000e+00
lower bound estimate of eta = 6.290000e+00
upper bound estimate of delta = 8.160000e-01
lower bound estimate of delta = 8.000000e-01
    iteration	            R	          eta	        delta	            E	         dEdR	       dEdeta	     dEddelta	    grad norm
a-alpha = -2.495894e-07, fpa = -3.668528e-10
minimum found at:
            6	 4.384967e-01	 6.300000e+00	 8.164966e-01	-5.299382e+00	 5.955470e-08	 0.000000e+00	-1.036208e-07	 1.195158e-07
psi(R) = 3.15e-01
parameter values for minimization:
K33 = 3.000000e+01
k24 = 6.000000e-01
Lambda = 1.000000e+00
d0 = 1.000000e+00
omega = 3.190000e+01
gamma_s = 1.000000e-01
initial guesses for R, eta, and delta:
guess for R = 4.384967e-01
guess for eta = 6.300000e+00
guess for delta = 8.164966e-01
estimated ranges of R, eta, and delta:
upper bound estimate of R = 6.577451e-01
lower bound estimate of R = 3.288725e-01
upper bound estimate of eta = 6.400000e+00
lower bound estimate of eta = 6.280000e+00
upper bound estimate of delta = 8.180000e-01
lower bound estimate of delta = 8.100000e-01
    iteration	            R	          eta	        delta	            E	         dEdR	       dEdeta	     dEddelta	    grad norm
minimum found at:
           13	 3.106443e-01	 6.358775e+00	 8.138066e-01	-5.190298e+00	-2.597151e-07	 1.776357e-07	 1.080617e-05	 1.081075e-05
psi(R) = 2.39e-01
parameter values for minimization:
K33 = 3.000000e+01
k24 = 6.000000e-01
Lambda = 2.000000e+00
d0 = 1.000000e+00
omega = 3.190000e+01
gamma_s = 1.000000e-01
initial guesses for R, eta, and delta:
guess for R = 3.106443e-01
guess for eta = 6.358775e+00
guess for delta = 8.138066e-01
estimated ranges of R, eta, and delta:
upper bound estimate of R = 4.659664e-01
lower bound estimate of R = 2.329832e-01
upper bound estimate of eta = 6.458775e+00
lower bound estimate of eta = 6.338775e+00
upper bound estimate of delta = 8.180000e-01
lower bound estimate of delta = 8.100000e-01
    iteration	            R	          eta	        delta	            E	         dEdR	       dEdeta	     dEddelta	    grad norm
minimum found at:
           16	 2.868609e-01	 6.347961e+00	 8.128366e-01	-5.133711e+00	-3.214954e-07	-6.959865e-07	 5.440093e-07	 9.400546e-07
psi(R) = 2.19e-01
parameter values for minimization:
K33 = 3.000000e+01
k24 = 6.000000e-01
Lambda = 3.000000e+00
d0 = 1.000000e+00
omega = 3.190000e+01
gamma_s = 1.000000e-01
initial guesses for R, eta, and delta:
guess for R = 2.868609e-01
guess for eta = 6.347961e+00
guess for delta = 8.128366e-01
estimated ranges of R, eta, and delta:
upper bound estimate of R = 4.302913e-01
lower bound estimate of R = 2.151457e-01
upper bound estimate of eta = 6.447961e+00
lower bound estimate of eta = 6.327961e+00
upper bound estimate of delta = 8.180000e-01
lower bound estimate of delta = 8.100000e-01
    iteration	            R	          eta	        delta	            E	         dEdR	       dEdeta	     dEddelta	    grad norm
a-alpha = -5.301497e-09, fpa = -1.455288e-09
minimum found at:
           14	 2.754937e-01	 6.341812e+00	 8.122328e-01	-5.092382e+00	 3.844791e-07	-2.637396e-07	 5.776860e-06	 5.795645e-06
psi(R) = 2.07e-01
parameter values for minimization:
K33 = 3.000000e+01
k24 = 6.000000e-01
Lambda = 4.000000e+00
d0 = 1.000000e+00
omega = 3.190000e+01
gamma_s = 1.000000e-01
initial guesses for R, eta, and delta:
guess for R = 2.754937e-01
guess for eta = 6.341812e+00
guess for delta = 8.122328e-01
estimated ranges of R, eta, and delta:
upper bound estimate of R = 4.132406e-01
lower bound estimate of R = 2.066203e-01
upper bound estimate of eta = 6.441812e+00
lower bound estimate of eta = 6.321812e+00
upper bound estimate of delta = 8.180000e-01
lower bound estimate of delta = 8.100000e-01
    iteration	            R	          eta	        delta	            E	         dEdR	       dEdeta	     dEddelta	    grad norm
a-alpha = 2.254216e-09, fpa = 9.893470e-09
minimum found at:
           17	 2.691398e-01	 6.337587e+00	 8.118098e-01	-5.059296e+00	-2.337007e-07	-7.221384e-07	 7.960299e-06	 7.996403e-06
psi(R) = 1.99e-01
parameter values for minimization:
K33 = 3.000000e+01
k24 = 6.000000e-01
Lambda = 5.000000e+00
d0 = 1.000000e+00
omega = 3.190000e+01
gamma_s = 1.000000e-01
initial guesses for R, eta, and delta:
guess for R = 2.691398e-01
guess for eta = 6.337587e+00
guess for delta = 8.118098e-01
estimated ranges of R, eta, and delta:
upper bound estimate of R = 4.037097e-01
lower bound estimate of R = 2.018548e-01
upper bound estimate of eta = 6.437587e+00
lower bound estimate of eta = 6.317587e+00
upper bound estimate of delta = 8.180000e-01
lower bound estimate of delta = 8.100000e-01
    iteration	            R	          eta	        delta	            E	         dEdR	       dEdeta	     dEddelta	    grad norm
a-alpha = -5.768410e-08, fpa = -9.645293e-10
minimum found at:
           19	 2.655269e-01	 6.334410e+00	 8.114983e-01	-5.031556e+00	-1.730700e-07	-3.108624e-07	 2.775558e-06	 2.798269e-06
psi(R) = 1.92e-01
parameter values for minimization:
K33 = 3.000000e+01
k24 = 6.000000e-01
Lambda = 6.000000e+00
d0 = 1.000000e+00
omega = 3.190000e+01
gamma_s = 1.000000e-01
initial guesses for R, eta, and delta:
guess for R = 2.655269e-01
guess for eta = 6.334410e+00
guess for delta = 8.114983e-01
estimated ranges of R, eta, and delta:
upper bound estimate of R = 3.982904e-01
lower bound estimate of R = 1.991452e-01
upper bound estimate of eta = 6.434410e+00
lower bound estimate of eta = 6.314410e+00
upper bound estimate of delta = 8.180000e-01
lower bound estimate of delta = 8.100000e-01
    iteration	            R	          eta	        delta	            E	         dEdR	       dEdeta	     dEddelta	    grad norm
a-alpha = 6.390849e-08, fpa = 2.962738e-09
minimum found at:
            7	 2.636865e-01	 6.331890e+00	 8.112646e-01	-5.007635e+00	 1.476245e-07	 9.917992e-08	 7.834474e-06	 7.836492e-06
psi(R) = 1.87e-01
parameter values for minimization:
K33 = 3.000000e+01
k24 = 6.000000e-01
Lambda = 7.000000e+00
d0 = 1.000000e+00
omega = 3.190000e+01
gamma_s = 1.000000e-01
initial guesses for R, eta, and delta:
guess for R = 2.636865e-01
guess for eta = 6.331890e+00
guess for delta = 8.112646e-01
estimated ranges of R, eta, and delta:
upper bound estimate of R = 3.955298e-01
lower bound estimate of R = 1.977649e-01
upper bound estimate of eta = 6.431890e+00
lower bound estimate of eta = 6.311890e+00
upper bound estimate of delta = 8.180000e-01
lower bound estimate of delta = 8.100000e-01
    iteration	            R	          eta	        delta	            E	         dEdR	       dEdeta	     dEddelta	    grad norm
a-alpha = 1.557043e-08, fpa = 1.469605e-09
minimum found at:
           14	 2.631364e-01	 6.329820e+00	 8.110890e-01	-4.986613e+00	-4.946179e-07	-4.423622e-07	 3.053113e-06	 3.124393e-06
psi(R) = 1.82e-01
parameter values for minimization:
K33 = 3.000000e+01
k24 = 6.000000e-01
Lambda = 8.000000e+00
d0 = 1.000000e+00
omega = 3.190000e+01
gamma_s = 1.000000e-01
initial guesses for R, eta, and delta:
guess for R = 2.631364e-01
guess for eta = 6.329820e+00
guess for delta = 8.110890e-01
estimated ranges of R, eta, and delta:
upper bound estimate of R = 3.947046e-01
lower bound estimate of R = 1.973523e-01
upper bound estimate of eta = 6.429820e+00
lower bound estimate of eta = 6.309820e+00
upper bound estimate of delta = 8.180000e-01
lower bound estimate of delta = 8.100000e-01
    iteration	            R	          eta	        delta	            E	         dEdR	       dEdeta	     dEddelta	    grad norm
minimum found at:
            6	 2.636209e-01	 6.328079e+00	 8.109599e-01	-4.967891e+00	 4.500472e-10	-1.578984e-08	-2.464695e-06	 2.464746e-06
psi(R) = 1.78e-01
parameter values for minimization:
K33 = 3.000000e+01
k24 = 6.000000e-01
Lambda = 9.000000e+00
d0 = 1.000000e+00
omega = 3.190000e+01
gamma_s = 1.000000e-01
initial guesses for R, eta, and delta:
guess for R = 2.636209e-01
guess for eta = 6.328079e+00
guess for delta = 8.109599e-01
estimated ranges of R, eta, and delta:
upper bound estimate of R = 3.954313e-01
lower bound estimate of R = 1.977157e-01
upper bound estimate of eta = 6.428079e+00
lower bound estimate of eta = 6.308079e+00
upper bound estimate of delta = 8.180000e-01
lower bound estimate of delta = 8.100000e-01
    iteration	            R	          eta	        delta	            E	         dEdR	       dEdeta	     dEddelta	    grad norm
a-alpha = 2.394070e-08, fpa = 4.299815e-09
a-alpha = 3.410646e-08, fpa = 5.202211e-09
a-alpha = 2.817426e-08, fpa = 2.590911e-09
minimum found at:
           24	 2.650081e-01	 6.326590e+00	 8.108699e-01	-4.951052e+00	-4.087902e-08	 1.430954e-08	 2.549812e-06	 2.550180e-06
psi(R) = 1.75e-01
parameter values for minimization:
K33 = 3.000000e+01
k24 = 6.000000e-01
Lambda = 1.000000e+01
d0 = 1.000000e+00
omega = 3.190000e+01
gamma_s = 1.000000e-01
initial guesses for R, eta, and delta:
guess for R = 2.650081e-01
guess for eta = 6.326590e+00
guess for delta = 8.108699e-01
estimated ranges of R, eta, and delta:
upper bound estimate of R = 3.975122e-01
lower bound estimate of R = 1.987561e-01
upper bound estimate of eta = 6.426590e+00
lower bound estimate of eta = 6.306590e+00
upper bound estimate of delta = 8.180000e-01
lower bound estimate of delta = 8.100000e-01
    iteration	            R	          eta	        delta	            E	         dEdR	       dEdeta	     dEddelta	    grad norm
minimum found at:
            6	 2.672481e-01	 6.325303e+00	 8.108139e-01	-4.935796e+00	 1.400188e-08	 1.500035e-07	-1.935489e-06	 1.941343e-06
psi(R) = 1.72e-01
parameter values for minimization:
K33 = 3.000000e+01
k24 = 6.000000e-01
Lambda = 1.100000e+01
d0 = 1.000000e+00
omega = 3.190000e+01
gamma_s = 1.000000e-01
initial guesses for R, eta, and delta:
guess for R = 2.672481e-01
guess for eta = 6.325303e+00
guess for delta = 8.108139e-01
estimated ranges of R, eta, and delta:
upper bound estimate of R = 4.008721e-01
lower bound estimate of R = 2.004361e-01
upper bound estimate of eta = 6.425303e+00
lower bound estimate of eta = 6.305303e+00
upper bound estimate of delta = 8.180000e-01
lower bound estimate of delta = 8.100000e-01
    iteration	            R	          eta	        delta	            E	         dEdR	       dEdeta	     dEddelta	    grad norm
minimum found at:
            6	 2.703559e-01	 6.324184e+00	 8.107894e-01	-4.921898e+00	-9.586228e-08	 9.325873e-08	 4.385381e-06	 4.387420e-06
psi(R) = 1.69e-01
parameter values for minimization:
K33 = 3.000000e+01
k24 = 6.000000e-01
Lambda = 1.200000e+01
d0 = 1.000000e+00
omega = 3.190000e+01
gamma_s = 1.000000e-01
initial guesses for R, eta, and delta:
guess for R = 2.703559e-01
guess for eta = 6.324184e+00
guess for delta = 8.107894e-01
estimated ranges of R, eta, and delta:
upper bound estimate of R = 4.055338e-01
lower bound estimate of R = 2.027669e-01
upper bound estimate of eta = 6.424184e+00
lower bound estimate of eta = 6.304184e+00
upper bound estimate of delta = 8.180000e-01
lower bound estimate of delta = 8.100000e-01
    iteration	            R	          eta	        delta	            E	         dEdR	       dEdeta	     dEddelta	    grad norm
minimum found at:
            7	 2.744139e-01	 6.323211e+00	 8.107949e-01	-4.909189e+00	 1.432356e-07	 7.894919e-09	-2.113124e-06	 2.117988e-06
psi(R) = 1.66e-01
parameter values for minimization:
K33 = 3.000000e+01
k24 = 6.000000e-01
Lambda = 1.300000e+01
d0 = 1.000000e+00
omega = 3.190000e+01
gamma_s = 1.000000e-01
initial guesses for R, eta, and delta:
guess for R = 2.744139e-01
guess for eta = 6.323211e+00
guess for delta = 8.107949e-01
estimated ranges of R, eta, and delta:
upper bound estimate of R = 4.116208e-01
lower bound estimate of R = 2.058104e-01
upper bound estimate of eta = 6.423211e+00
lower bound estimate of eta = 6.303211e+00
upper bound estimate of delta = 8.180000e-01
lower bound estimate of delta = 8.100000e-01
    iteration	            R	          eta	        delta	            E	         dEdR	       dEdeta	     dEddelta	    grad norm
a-alpha = 5.339724e-09, fpa = 9.556490e-09
a-alpha = -3.309821e-08, fpa = -1.314811e-09
a-alpha = 1.414139e-08, fpa = 3.353651e-09
a-alpha = 4.246768e-09, fpa = 4.152656e-09
a-alpha = 8.178040e-09, fpa = 8.149824e-09
a-alpha = -3.028986e-08, fpa = -9.423815e-10
minimum found at:
           45	 2.795903e-01	 6.322371e+00	 8.108314e-01	-4.897539e+00	-8.199483e-08	 4.248453e-07	-4.951595e-06	 4.970463e-06
psi(R) = 1.64e-01
parameter values for minimization:
K33 = 3.000000e+01
k24 = 6.000000e-01
Lambda = 1.400000e+01
d0 = 1.000000e+00
omega = 3.190000e+01
gamma_s = 1.000000e-01
initial guesses for R, eta, and delta:
guess for R = 2.795903e-01
guess for eta = 6.322371e+00
guess for delta = 8.108314e-01
estimated ranges of R, eta, and delta:
upper bound estimate of R = 4.193855e-01
lower bound estimate of R = 2.096927e-01
upper bound estimate of eta = 6.422371e+00
lower bound estimate of eta = 6.302371e+00
upper bound estimate of delta = 8.180000e-01
lower bound estimate of delta = 8.100000e-01
    iteration	            R	          eta	        delta	            E	         dEdR	       dEdeta	     dEddelta	    grad norm
minimum found at:
           12	 2.861914e-01	 6.321661e+00	 8.109019e-01	-4.886852e+00	-1.818492e-07	-4.021475e-08	 2.172336e-06	 2.180305e-06
psi(R) = 1.62e-01
parameter values for minimization:
K33 = 3.000000e+01
k24 = 6.000000e-01
Lambda = 1.500000e+01
d0 = 1.000000e+00
omega = 3.190000e+01
gamma_s = 1.000000e-01
initial guesses for R, eta, and delta:
guess for R = 2.861914e-01
guess for eta = 6.321661e+00
guess for delta = 8.109019e-01
estimated ranges of R, eta, and delta:
upper bound estimate of R = 4.292871e-01
lower bound estimate of R = 2.146435e-01
upper bound estimate of eta = 6.421661e+00
lower bound estimate of eta = 6.301661e+00
upper bound estimate of delta = 8.180000e-01
lower bound estimate of delta = 8.100000e-01
    iteration	            R	          eta	        delta	            E	         dEdR	       dEdeta	     dEddelta	    grad norm
a-alpha = -1.003161e-07, fpa = -2.832132e-10
minimum found at:
            7	 2.947846e-01	 6.321091e+00	 8.110128e-01	-4.877058e+00	-1.451032e-07	 1.867642e-07	-7.075821e-06	 7.079773e-06
psi(R) = 1.60e-01
parameter values for minimization:
K33 = 3.000000e+01
k24 = 6.000000e-01
Lambda = 1.600000e+01
d0 = 1.000000e+00
omega = 3.190000e+01
gamma_s = 1.000000e-01
initial guesses for R, eta, and delta:
guess for R = 2.947846e-01
guess for eta = 6.321091e+00
guess for delta = 8.110128e-01
estimated ranges of R, eta, and delta:
upper bound estimate of R = 4.421769e-01
lower bound estimate of R = 2.210884e-01
upper bound estimate of eta = 6.421091e+00
lower bound estimate of eta = 6.301091e+00
upper bound estimate of delta = 8.180000e-01
lower bound estimate of delta = 8.100000e-01
    iteration	            R	          eta	        delta	            E	         dEdR	       dEdeta	     dEddelta	    grad norm
a-alpha = 1.502464e-08, fpa = 3.343185e-09
a-alpha = 2.284347e-08, fpa = 3.530077e-09
a-alpha = -2.073039e-08, fpa = -2.232937e-09
minimum found at:
           17	 3.065514e-01	 6.320698e+00	 8.111799e-01	-4.868119e+00	-2.944680e-07	 1.793627e-07	 6.350476e-06	 6.359829e-06
psi(R) = 1.58e-01
parameter values for minimization:
K33 = 3.000000e+01
k24 = 6.000000e-01
Lambda = 1.700000e+01
d0 = 1.000000e+00
omega = 3.190000e+01
gamma_s = 1.000000e-01
initial guesses for R, eta, and delta:
guess for R = 3.065514e-01
guess for eta = 6.320698e+00
guess for delta = 8.111799e-01
estimated ranges of R, eta, and delta:
upper bound estimate of R = 4.598271e-01
lower bound estimate of R = 2.299135e-01
upper bound estimate of eta = 6.420698e+00
lower bound estimate of eta = 6.300698e+00
upper bound estimate of delta = 8.180000e-01
lower bound estimate of delta = 8.100000e-01
    iteration	            R	          eta	        delta	            E	         dEdR	       dEdeta	     dEddelta	    grad norm
a-alpha = -5.634314e-09, fpa = -8.183403e-09
minimum found at:
           20	 3.246824e-01	 6.320602e+00	 8.114435e-01	-4.860041e+00	-2.311420e-07	 1.033741e-07	-3.856175e-06	 3.864479e-06
psi(R) = 1.57e-01
parameter values for minimization:
K33 = 3.000000e+01
k24 = 6.000000e-01
Lambda = 1.800000e+01
d0 = 1.000000e+00
omega = 3.190000e+01
gamma_s = 1.000000e-01
initial guesses for R, eta, and delta:
guess for R = 3.246824e-01
guess for eta = 6.320602e+00
guess for delta = 8.114435e-01
estimated ranges of R, eta, and delta:
upper bound estimate of R = 4.870236e-01
lower bound estimate of R = 2.435118e-01
upper bound estimate of eta = 6.420602e+00
lower bound estimate of eta = 6.300602e+00
upper bound estimate of delta = 8.180000e-01
lower bound estimate of delta = 8.100000e-01
    iteration	            R	          eta	        delta	            E	         dEdR	       dEdeta	     dEddelta	    grad norm
minimum found at:
           57	 3.717854e-01	 6.321710e+00	 8.120770e-01	-4.852978e+00	 1.221870e-07	 3.550247e-07	-1.203112e-05	 1.203697e-05
psi(R) = 1.57e-01
parameter values for minimization:
K33 = 3.000000e+01
k24 = 6.000000e-01
Lambda = 1.900000e+01
d0 = 1.000000e+00
omega = 3.190000e+01
gamma_s = 1.000000e-01
initial guesses for R, eta, and delta:
guess for R = 3.717854e-01
guess for eta = 6.321710e+00
guess for delta = 8.120770e-01
estimated ranges of R, eta, and delta:
upper bound estimate of R = 5.576781e-01
lower bound estimate of R = 2.788390e-01
upper bound estimate of eta = 6.421710e+00
lower bound estimate of eta = 6.301710e+00
upper bound estimate of delta = 8.180000e-01
lower bound estimate of delta = 8.100000e-01
    iteration	            R	          eta	        delta	            E	         dEdR	       dEdeta	     dEddelta	    grad norm
likely a maximizing (vs minimizing) solution for psi(r), as y[1][2]=-4.136102e-04  which usually means high energy.
solvde convergence failed when x = (4.030029e+00,6.475448e+00,8.126997e-01).
Retrying using a constant y value
minimum found at:
           33	 1.427147e+00	 6.364659e+00	 8.156574e-01	-4.856166e+00	-1.499202e-07	-2.679338e-07	 8.359979e-06	 8.365615e-06
psi(R) = 1.90e-01
parameter values for minimization:
K33 = 3.000000e+01
k24 = 6.000000e-01
Lambda = 2.000000e+01
d0 = 1.000000e+00
omega = 3.190000e+01
gamma_s = 1.000000e-01
initial guesses for R, eta, and delta:
guess for R = 1.427147e+00
guess for eta = 6.364659e+00
guess for delta = 8.156574e-01
estimated ranges of R, eta, and delta:
upper bound estimate of R = 2.140721e+00
lower bound estimate of R = 1.070360e+00
upper bound estimate of eta = 6.464659e+00
lower bound estimate of eta = 6.344659e+00
upper bound estimate of delta = 8.180000e-01
lower bound estimate of delta = 8.100000e-01
    iteration	            R	          eta	        delta	            E	         dEdR	       dEdeta	     dEddelta	    grad norm
minimum found at:
           16	 1.538579e+00	 6.368122e+00	 8.157428e-01	-4.855106e+00	 7.274527e-09	 2.504170e-07	 5.654736e-06	 5.660283e-06
psi(R) = 1.92e-01
parameter values for minimization:
K33 = 3.000000e+01
k24 = 6.000000e-01
Lambda = 2.100000e+01
d0 = 1.000000e+00
omega = 3.190000e+01
gamma_s = 1.000000e-01
initial guesses for R, eta, and delta:
guess for R = 1.538579e+00
guess for eta = 6.368122e+00
guess for delta = 8.157428e-01
estimated ranges of R, eta, and delta:
upper bound estimate of R = 2.307868e+00
lower bound estimate of R = 1.153934e+00
upper bound estimate of eta = 6.468122e+00
lower bound estimate of eta = 6.348122e+00
upper bound estimate of delta = 8.180000e-01
lower bound estimate of delta = 8.100000e-01
    iteration	            R	          eta	        delta	            E	         dEdR	       dEdeta	     dEddelta	    grad norm
minimum found at:
           14	 1.636571e+00	 6.371040e+00	 8.158072e-01	-4.854193e+00	 3.083915e-08	 2.306797e-07	-7.778963e-06	 7.782443e-06
psi(R) = 1.94e-01
parameter values for minimization:
K33 = 3.000000e+01
k24 = 6.000000e-01
Lambda = 2.200000e+01
d0 = 1.000000e+00
omega = 3.190000e+01
gamma_s = 1.000000e-01
initial guesses for R, eta, and delta:
guess for R = 1.636571e+00
guess for eta = 6.371040e+00
guess for delta = 8.158072e-01
estimated ranges of R, eta, and delta:
upper bound estimate of R = 2.454856e+00
lower bound estimate of R = 1.227428e+00
upper bound estimate of eta = 6.471040e+00
lower bound estimate of eta = 6.351040e+00
upper bound estimate of delta = 8.180000e-01
lower bound estimate of delta = 8.100000e-01
    iteration	            R	          eta	        delta	            E	         dEdR	       dEdeta	     dEddelta	    grad norm
minimum found at:
           18	 1.724749e+00	 6.373573e+00	 8.158586e-01	-4.853391e+00	-7.525536e-09	-1.480297e-08	-7.623531e-07	 7.625340e-07
psi(R) = 1.95e-01
parameter values for minimization:
K33 = 3.000000e+01
k24 = 6.000000e-01
Lambda = 2.300000e+01
d0 = 1.000000e+00
omega = 3.190000e+01
gamma_s = 1.000000e-01
initial guesses for R, eta, and delta:
guess for R = 1.724749e+00
guess for eta = 6.373573e+00
guess for delta = 8.158586e-01
estimated ranges of R, eta, and delta:
upper bound estimate of R = 2.587124e+00
lower bound estimate of R = 1.293562e+00
upper bound estimate of eta = 6.473573e+00
lower bound estimate of eta = 6.353573e+00
upper bound estimate of delta = 8.180000e-01
lower bound estimate of delta = 8.100000e-01
    iteration	            R	          eta	        delta	            E	         dEdR	       dEdeta	     dEddelta	    grad norm
minimum found at:
           16	 1.805293e+00	 6.375814e+00	 8.159007e-01	-4.852679e+00	 1.043654e-08	-1.379144e-07	 1.226796e-05	 1.226874e-05
psi(R) = 1.96e-01
parameter values for minimization:
K33 = 3.000000e+01
k24 = 6.000000e-01
Lambda = 2.400000e+01
d0 = 1.000000e+00
omega = 3.190000e+01
gamma_s = 1.000000e-01
initial guesses for R, eta, and delta:
guess for R = 1.805293e+00
guess for eta = 6.375814e+00
guess for delta = 8.159007e-01
estimated ranges of R, eta, and delta:
upper bound estimate of R = 2.707940e+00
lower bound estimate of R = 1.353970e+00
upper bound estimate of eta = 6.475814e+00
lower bound estimate of eta = 6.355814e+00
upper bound estimate of delta = 8.180000e-01
lower bound estimate of delta = 8.100000e-01
    iteration	            R	          eta	        delta	            E	         dEdR	       dEdeta	     dEddelta	    grad norm
a-alpha = 4.948883e-08, fpa = 1.227281e-09
minimum found at:
           21	 1.879623e+00	 6.377823e+00	 8.159357e-01	-4.852039e+00	-3.279905e-09	 5.121829e-07	-2.520206e-06	 2.571727e-06
psi(R) = 1.97e-01
parameter values for minimization:
K33 = 3.000000e+01
k24 = 6.000000e-01
Lambda = 2.500000e+01
d0 = 1.000000e+00
omega = 3.190000e+01
gamma_s = 1.000000e-01
initial guesses for R, eta, and delta:
guess for R = 1.879623e+00
guess for eta = 6.377823e+00
guess for delta = 8.159357e-01
estimated ranges of R, eta, and delta:
upper bound estimate of R = 2.819434e+00
lower bound estimate of R = 1.409717e+00
upper bound estimate of eta = 6.477823e+00
lower bound estimate of eta = 6.357823e+00
upper bound estimate of delta = 8.180000e-01
lower bound estimate of delta = 8.100000e-01
    iteration	            R	          eta	        delta	            E	         dEdR	       dEdeta	     dEddelta	    grad norm
minimum found at:
           17	 1.948757e+00	 6.379644e+00	 8.159656e-01	-4.851460e+00	-1.264280e-08	 6.306067e-07	-5.762057e-06	 5.796476e-06
psi(R) = 1.98e-01
parameter values for minimization:
K33 = 3.000000e+01
k24 = 6.000000e-01
Lambda = 2.600000e+01
d0 = 1.000000e+00
omega = 3.190000e+01
gamma_s = 1.000000e-01
initial guesses for R, eta, and delta:
guess for R = 1.948757e+00
guess for eta = 6.379644e+00
guess for delta = 8.159656e-01
estimated ranges of R, eta, and delta:
upper bound estimate of R = 2.923135e+00
lower bound estimate of R = 1.461568e+00
upper bound estimate of eta = 6.479644e+00
lower bound estimate of eta = 6.359644e+00
upper bound estimate of delta = 8.180000e-01
lower bound estimate of delta = 8.100000e-01
    iteration	            R	          eta	        delta	            E	         dEdR	       dEdeta	     dEddelta	    grad norm
minimum found at:
           14	 2.013443e+00	 6.381308e+00	 8.159918e-01	-4.850932e+00	-2.637370e-08	-6.426958e-07	 3.423188e-06	 3.483097e-06
psi(R) = 1.99e-01
parameter values for minimization:
K33 = 3.000000e+01
k24 = 6.000000e-01
Lambda = 2.700000e+01
d0 = 1.000000e+00
omega = 3.190000e+01
gamma_s = 1.000000e-01
initial guesses for R, eta, and delta:
guess for R = 2.013443e+00
guess for eta = 6.381308e+00
guess for delta = 8.159918e-01
estimated ranges of R, eta, and delta:
upper bound estimate of R = 3.020164e+00
lower bound estimate of R = 1.510082e+00
upper bound estimate of eta = 6.481308e+00
lower bound estimate of eta = 6.361308e+00
upper bound estimate of delta = 8.180000e-01
lower bound estimate of delta = 8.100000e-01
    iteration	            R	          eta	        delta	            E	         dEdR	       dEdeta	     dEddelta	    grad norm
minimum found at:
           12	 2.074305e+00	 6.382839e+00	 8.160145e-01	-4.850448e+00	 3.115317e-08	 1.110223e-07	 6.772360e-07	 6.869826e-07
psi(R) = 2.00e-01
parameter values for minimization:
K33 = 3.000000e+01
k24 = 6.000000e-01
Lambda = 2.800000e+01
d0 = 1.000000e+00
omega = 3.190000e+01
gamma_s = 1.000000e-01
initial guesses for R, eta, and delta:
guess for R = 2.074305e+00
guess for eta = 6.382839e+00
guess for delta = 8.160145e-01
estimated ranges of R, eta, and delta:
upper bound estimate of R = 3.111457e+00
lower bound estimate of R = 1.555729e+00
upper bound estimate of eta = 6.482839e+00
lower bound estimate of eta = 6.362839e+00
upper bound estimate of delta = 8.180000e-01
lower bound estimate of delta = 8.100000e-01
likely a maximizing (vs minimizing) solution for psi(r), as y[1][2]=-1.618287e-04  which usually means high energy.
solvde convergence failed when x = (2.074305e+00,6.382839e+00,8.160145e-01).
Retrying using a constant y value
    iteration	            R	          eta	        delta	            E	         dEdR	       dEdeta	     dEddelta	    grad norm
minimum found at:
           11	 2.131748e+00	 6.384254e+00	 8.160346e-01	-4.850001e+00	-6.413203e-09	-6.259191e-07	 1.280457e-06	 1.425267e-06
psi(R) = 2.00e-01
parameter values for minimization:
K33 = 3.000000e+01
k24 = 6.000000e-01
Lambda = 2.900000e+01
d0 = 1.000000e+00
omega = 3.190000e+01
gamma_s = 1.000000e-01
initial guesses for R, eta, and delta:
guess for R = 2.131748e+00
guess for eta = 6.384254e+00
guess for delta = 8.160346e-01
estimated ranges of R, eta, and delta:
upper bound estimate of R = 3.197622e+00
lower bound estimate of R = 1.598811e+00
upper bound estimate of eta = 6.484254e+00
lower bound estimate of eta = 6.364254e+00
upper bound estimate of delta = 8.180000e-01
lower bound estimate of delta = 8.100000e-01
    iteration	            R	          eta	        delta	            E	         dEdR	       dEdeta	     dEddelta	    grad norm
minimum found at:
           10	 2.186203e+00	 6.385571e+00	 8.160526e-01	-4.849588e+00	 5.314516e-09	 2.060081e-07	-1.916985e-06	 1.928030e-06
psi(R) = 2.01e-01
parameter values for minimization:
K33 = 3.000000e+01
k24 = 6.000000e-01
Lambda = 3.000000e+01
d0 = 1.000000e+00
omega = 3.190000e+01
gamma_s = 1.000000e-01
initial guesses for R, eta, and delta:
guess for R = 2.186203e+00
guess for eta = 6.385571e+00
guess for delta = 8.160526e-01
estimated ranges of R, eta, and delta:
upper bound estimate of R = 3.279304e+00
lower bound estimate of R = 1.639652e+00
upper bound estimate of eta = 6.485571e+00
lower bound estimate of eta = 6.365571e+00
upper bound estimate of delta = 8.180000e-01
lower bound estimate of delta = 8.100000e-01
ss=1.397659826865e+20, lastss = 8.039842332003e+20
tol = 1.132369354214e-13
failed to integrate at x = (2.186203e+00,6.385571e+00,8.160526e-01)
solvde convergence failed when x = (2.186203e+00,6.385571e+00,8.160526e-01).
Retrying using a constant y value
    iteration	            R	          eta	        delta	            E	         dEdR	       dEdeta	     dEddelta	    grad norm
minimum found at:
            9	 2.237954e+00	 6.386799e+00	 8.160688e-01	-4.849204e+00	 1.872432e-08	-1.169435e-07	 2.960595e-07	 3.188692e-07
psi(R) = 2.01e-01
parameter values for minimization:
K33 = 3.000000e+01
k24 = 6.000000e-01
Lambda = 3.100000e+01
d0 = 1.000000e+00
omega = 3.190000e+01
gamma_s = 1.000000e-01
initial guesses for R, eta, and delta:
guess for R = 2.237954e+00
guess for eta = 6.386799e+00
guess for delta = 8.160688e-01
estimated ranges of R, eta, and delta:
upper bound estimate of R = 3.356931e+00
lower bound estimate of R = 1.678466e+00
upper bound estimate of eta = 6.486799e+00
lower bound estimate of eta = 6.366799e+00
upper bound estimate of delta = 8.180000e-01
lower bound estimate of delta = 8.100000e-01
likely a maximizing (vs minimizing) solution for psi(r), as y[1][2]=-2.260396e-04  which usually means high energy.
solvde convergence failed when x = (2.237954e+00,6.386799e+00,8.160688e-01).
Retrying using a constant y value
    iteration	            R	          eta	        delta	            E	         dEdR	       dEdeta	     dEddelta	    grad norm
minimum found at:
           10	 2.287250e+00	 6.387950e+00	 8.160835e-01	-4.848845e+00	-5.355109e-08	-3.328202e-07	 6.924091e-06	 6.932292e-06
psi(R) = 2.02e-01
parameter values for minimization:
K33 = 3.000000e+01
k24 = 6.000000e-01
Lambda = 3.200000e+01
d0 = 1.000000e+00
omega = 3.190000e+01
gamma_s = 1.000000e-01
initial guesses for R, eta, and delta:
guess for R = 2.287250e+00
guess for eta = 6.387950e+00
guess for delta = 8.160835e-01
estimated ranges of R, eta, and delta:
upper bound estimate of R = 3.430875e+00
lower bound estimate of R = 1.715437e+00
upper bound estimate of eta = 6.487950e+00
lower bound estimate of eta = 6.367950e+00
upper bound estimate of delta = 8.180000e-01
lower bound estimate of delta = 8.100000e-01
    iteration	            R	          eta	        delta	            E	         dEdR	       dEdeta	     dEddelta	    grad norm
minimum found at:
           11	 2.334375e+00	 6.389032e+00	 8.160966e-01	-4.848509e+00	 3.986723e-09	 2.694141e-07	-6.509608e-06	 6.515182e-06
psi(R) = 2.02e-01
parameter values for minimization:
K33 = 3.000000e+01
k24 = 6.000000e-01
Lambda = 3.300000e+01
d0 = 1.000000e+00
omega = 3.190000e+01
gamma_s = 1.000000e-01
initial guesses for R, eta, and delta:
guess for R = 2.334375e+00
guess for eta = 6.389032e+00
guess for delta = 8.160966e-01
estimated ranges of R, eta, and delta:
upper bound estimate of R = 3.501563e+00
lower bound estimate of R = 1.750781e+00
upper bound estimate of eta = 6.489032e+00
lower bound estimate of eta = 6.369032e+00
upper bound estimate of delta = 8.180000e-01
lower bound estimate of delta = 8.100000e-01
    iteration	            R	          eta	        delta	            E	         dEdR	       dEdeta	     dEddelta	    grad norm
minimum found at:
           10	 2.379463e+00	 6.390052e+00	 8.161088e-01	-4.848194e+00	 2.174643e-08	-4.764090e-07	-2.886580e-07	 5.574602e-07
psi(R) = 2.03e-01
parameter values for minimization:
K33 = 3.000000e+01
k24 = 6.000000e-01
Lambda = 3.400000e+01
d0 = 1.000000e+00
omega = 3.190000e+01
gamma_s = 1.000000e-01
initial guesses for R, eta, and delta:
guess for R = 2.379463e+00
guess for eta = 6.390052e+00
guess for delta = 8.161088e-01
estimated ranges of R, eta, and delta:
upper bound estimate of R = 3.569195e+00
lower bound estimate of R = 1.784597e+00
upper bound estimate of eta = 6.490052e+00
lower bound estimate of eta = 6.370052e+00
upper bound estimate of delta = 8.180000e-01
lower bound estimate of delta = 8.100000e-01
    iteration	            R	          eta	        delta	            E	         dEdR	       dEdeta	     dEddelta	    grad norm
minimum found at:
            7	 2.422696e+00	 6.391015e+00	 8.161200e-01	-4.847897e+00	-7.564907e-09	 2.368476e-08	-1.469195e-06	 1.469406e-06
psi(R) = 2.03e-01
parameter values for minimization:
K33 = 3.000000e+01
k24 = 6.000000e-01
Lambda = 3.500000e+01
d0 = 1.000000e+00
omega = 3.190000e+01
gamma_s = 1.000000e-01
initial guesses for R, eta, and delta:
guess for R = 2.422696e+00
guess for eta = 6.391015e+00
guess for delta = 8.161200e-01
estimated ranges of R, eta, and delta:
upper bound estimate of R = 3.634044e+00
lower bound estimate of R = 1.817022e+00
upper bound estimate of eta = 6.491015e+00
lower bound estimate of eta = 6.371015e+00
upper bound estimate of delta = 8.180000e-01
lower bound estimate of delta = 8.100000e-01
ss=3.625763415255e+20, lastss = 1.307826182597e+02
tol = 1.392587183568e-13
failed to integrate at x = (2.422696e+00,6.391015e+00,8.161200e-01)
solvde convergence failed when x = (2.422696e+00,6.391015e+00,8.161200e-01).
Retrying using a constant y value
    iteration	            R	          eta	        delta	            E	         dEdR	       dEdeta	     dEddelta	    grad norm
minimum found at:
           10	 2.464228e+00	 6.391928e+00	 8.161303e-01	-4.847617e+00	-1.327934e-08	 3.305997e-08	 1.080617e-06	 1.081204e-06
psi(R) = 2.04e-01
parameter values for minimization:
K33 = 3.000000e+01
k24 = 6.000000e-01
Lambda = 3.600000e+01
d0 = 1.000000e+00
omega = 3.190000e+01
gamma_s = 1.000000e-01
initial guesses for R, eta, and delta:
guess for R = 2.464228e+00
guess for eta = 6.391928e+00
guess for delta = 8.161303e-01
estimated ranges of R, eta, and delta:
upper bound estimate of R = 3.696342e+00
lower bound estimate of R = 1.848171e+00
upper bound estimate of eta = 6.491928e+00
lower bound estimate of eta = 6.371928e+00
upper bound estimate of delta = 8.180000e-01
lower bound estimate of delta = 8.100000e-01
likely a maximizing (vs minimizing) solution for psi(r), as y[1][2]=-2.246973e-04  which usually means high energy.
solvde convergence failed when x = (2.464228e+00,6.391928e+00,8.161303e-01).
Retrying using a constant y value
    iteration	            R	          eta	        delta	            E	         dEdR	       dEdeta	     dEddelta	    grad norm
a-alpha = 3.131184e-08, fpa = 5.339936e-10
minimum found at:
           10	 2.504178e+00	 6.392795e+00	 8.161399e-01	-4.847352e+00	-2.098496e-08	-6.824171e-07	 6.924091e-06	 6.957670e-06
psi(R) = 2.04e-01
Traceback (most recent call last):
  File "scan2d.py", line 77, in <module>
    Ei,Ri,etai,deltai,surftwisti = run.get_all_observables('observables',str2float=True)
  File "../../modules_gammak24/singlerun.py", line 77, in get_all_observables
    E,R,eta,delta,surftwist = map(float,line.split())
ValueError: not enough values to unpack (expected 5, got 0)
