hi
Restoring modules from user's standard_modules
parameter values for minimization:
K33 = 3.000000e+01
k24 = 6.000000e-01
Lambda = 0.000000e+00
d0 = 1.000000e+00
omega = 4.030000e+01
gamma_s = 1.000000e-01
initial guesses for R, eta, and delta:
guess for R = 5.000000e-01
guess for eta = 6.300000e+00
guess for delta = 8.100000e-01
estimated ranges of R, eta, and delta:
upper bound estimate of R = 2.000000e+00
lower bound estimate of R = 1.000000e-01
upper bound estimate of eta = 6.430000e+00
lower bound estimate of eta = 6.290000e+00
upper bound estimate of delta = 8.160000e-01
lower bound estimate of delta = 8.000000e-01
    iteration	            R	          eta	        delta	            E	         dEdR	       dEdeta	     dEddelta	    grad norm
minimum found at:
            5	 4.384966e-01	 6.300000e+00	 8.164966e-01	-6.699382e+00	 4.285071e-09	-1.903239e-09	-4.996004e-08	 5.017957e-08
psi(R) = 3.15e-01
parameter values for minimization:
K33 = 3.000000e+01
k24 = 6.000000e-01
Lambda = 1.000000e+00
d0 = 1.000000e+00
omega = 4.030000e+01
gamma_s = 1.000000e-01
initial guesses for R, eta, and delta:
guess for R = 4.384966e-01
guess for eta = 6.300000e+00
guess for delta = 8.164966e-01
estimated ranges of R, eta, and delta:
upper bound estimate of R = 6.577449e-01
lower bound estimate of R = 3.288724e-01
upper bound estimate of eta = 6.400000e+00
lower bound estimate of eta = 6.280000e+00
upper bound estimate of delta = 8.180000e-01
lower bound estimate of delta = 8.100000e-01
    iteration	            R	          eta	        delta	            E	         dEdR	       dEdeta	     dEddelta	    grad norm
minimum found at:
           13	 3.105930e-01	 6.358753e+00	 8.143695e-01	-6.590250e+00	-9.740443e-08	 1.551845e-07	 7.786364e-06	 7.788520e-06
psi(R) = 2.39e-01
parameter values for minimization:
K33 = 3.000000e+01
k24 = 6.000000e-01
Lambda = 2.000000e+00
d0 = 1.000000e+00
omega = 4.030000e+01
gamma_s = 1.000000e-01
initial guesses for R, eta, and delta:
guess for R = 3.105930e-01
guess for eta = 6.358753e+00
guess for delta = 8.143695e-01
estimated ranges of R, eta, and delta:
upper bound estimate of R = 4.658895e-01
lower bound estimate of R = 2.329448e-01
upper bound estimate of eta = 6.458753e+00
lower bound estimate of eta = 6.338753e+00
upper bound estimate of delta = 8.180000e-01
lower bound estimate of delta = 8.100000e-01
    iteration	            R	          eta	        delta	            E	         dEdR	       dEdeta	     dEddelta	    grad norm
minimum found at:
           17	 2.868025e-01	 6.347931e+00	 8.136041e-01	-6.533622e+00	 3.050263e-09	-1.480297e-09	-1.073216e-07	 1.073751e-07
psi(R) = 2.19e-01
parameter values for minimization:
K33 = 3.000000e+01
k24 = 6.000000e-01
Lambda = 3.000000e+00
d0 = 1.000000e+00
omega = 4.030000e+01
gamma_s = 1.000000e-01
initial guesses for R, eta, and delta:
guess for R = 2.868025e-01
guess for eta = 6.347931e+00
guess for delta = 8.136041e-01
estimated ranges of R, eta, and delta:
upper bound estimate of R = 4.302037e-01
lower bound estimate of R = 2.151019e-01
upper bound estimate of eta = 6.447931e+00
lower bound estimate of eta = 6.327931e+00
upper bound estimate of delta = 8.180000e-01
lower bound estimate of delta = 8.100000e-01
    iteration	            R	          eta	        delta	            E	         dEdR	       dEdeta	     dEddelta	    grad norm
minimum found at:
           12	 2.754386e-01	 6.341779e+00	 8.131281e-01	-6.492262e+00	-6.134475e-07	 2.861908e-07	-2.886580e-07	 7.358984e-07
psi(R) = 2.07e-01
parameter values for minimization:
K33 = 3.000000e+01
k24 = 6.000000e-01
Lambda = 4.000000e+00
d0 = 1.000000e+00
omega = 4.030000e+01
gamma_s = 1.000000e-01
initial guesses for R, eta, and delta:
guess for R = 2.754386e-01
guess for eta = 6.341779e+00
guess for delta = 8.131281e-01
estimated ranges of R, eta, and delta:
upper bound estimate of R = 4.131579e-01
lower bound estimate of R = 2.065789e-01
upper bound estimate of eta = 6.441779e+00
lower bound estimate of eta = 6.321779e+00
upper bound estimate of delta = 8.180000e-01
lower bound estimate of delta = 8.100000e-01
    iteration	            R	          eta	        delta	            E	         dEdR	       dEdeta	     dEddelta	    grad norm
minimum found at:
           15	 2.690936e-01	 6.337552e+00	 8.127952e-01	-6.459151e+00	 1.640961e-07	-2.659601e-07	 1.368535e-05	 1.368892e-05
psi(R) = 1.99e-01
parameter values for minimization:
K33 = 3.000000e+01
k24 = 6.000000e-01
Lambda = 5.000000e+00
d0 = 1.000000e+00
omega = 4.030000e+01
gamma_s = 1.000000e-01
initial guesses for R, eta, and delta:
guess for R = 2.690936e-01
guess for eta = 6.337552e+00
guess for delta = 8.127952e-01
estimated ranges of R, eta, and delta:
upper bound estimate of R = 4.036404e-01
lower bound estimate of R = 2.018202e-01
upper bound estimate of eta = 6.437552e+00
lower bound estimate of eta = 6.317552e+00
upper bound estimate of delta = 8.180000e-01
lower bound estimate of delta = 8.100000e-01
    iteration	            R	          eta	        delta	            E	         dEdR	       dEdeta	     dEddelta	    grad norm
minimum found at:
           13	 2.654930e-01	 6.334374e+00	 8.125502e-01	-6.431391e+00	 3.065919e-08	 4.418688e-07	 1.628327e-06	 1.687494e-06
psi(R) = 1.92e-01
parameter values for minimization:
K33 = 3.000000e+01
k24 = 6.000000e-01
Lambda = 6.000000e+00
d0 = 1.000000e+00
omega = 4.030000e+01
gamma_s = 1.000000e-01
initial guesses for R, eta, and delta:
guess for R = 2.654930e-01
guess for eta = 6.334374e+00
guess for delta = 8.125502e-01
estimated ranges of R, eta, and delta:
upper bound estimate of R = 3.982395e-01
lower bound estimate of R = 1.991197e-01
upper bound estimate of eta = 6.434374e+00
lower bound estimate of eta = 6.314374e+00
upper bound estimate of delta = 8.180000e-01
lower bound estimate of delta = 8.100000e-01
    iteration	            R	          eta	        delta	            E	         dEdR	       dEdeta	     dEddelta	    grad norm
minimum found at:
            6	 2.636679e-01	 6.331853e+00	 8.123665e-01	-6.407454e+00	-2.717946e-07	-3.552714e-08	 4.433491e-06	 4.441956e-06
psi(R) = 1.87e-01
parameter values for minimization:
K33 = 3.000000e+01
k24 = 6.000000e-01
Lambda = 7.000000e+00
d0 = 1.000000e+00
omega = 4.030000e+01
gamma_s = 1.000000e-01
initial guesses for R, eta, and delta:
guess for R = 2.636679e-01
guess for eta = 6.331853e+00
guess for delta = 8.123665e-01
estimated ranges of R, eta, and delta:
upper bound estimate of R = 3.955019e-01
lower bound estimate of R = 1.977509e-01
upper bound estimate of eta = 6.431853e+00
lower bound estimate of eta = 6.311853e+00
upper bound estimate of delta = 8.180000e-01
lower bound estimate of delta = 8.100000e-01
    iteration	            R	          eta	        delta	            E	         dEdR	       dEdeta	     dEddelta	    grad norm
a-alpha = 4.620554e-08, fpa = 3.076500e-09
minimum found at:
            8	 2.631366e-01	 6.329782e+00	 8.122286e-01	-6.386420e+00	-8.997770e-08	-2.116825e-07	-1.477337e-05	 1.477516e-05
psi(R) = 1.82e-01
parameter values for minimization:
K33 = 3.000000e+01
k24 = 6.000000e-01
Lambda = 8.000000e+00
d0 = 1.000000e+00
omega = 4.030000e+01
gamma_s = 1.000000e-01
initial guesses for R, eta, and delta:
guess for R = 2.631366e-01
guess for eta = 6.329782e+00
guess for delta = 8.122286e-01
estimated ranges of R, eta, and delta:
upper bound estimate of R = 3.947049e-01
lower bound estimate of R = 1.973525e-01
upper bound estimate of eta = 6.429782e+00
lower bound estimate of eta = 6.309782e+00
upper bound estimate of delta = 8.180000e-01
lower bound estimate of delta = 8.100000e-01
    iteration	            R	          eta	        delta	            E	         dEdR	       dEdeta	     dEddelta	    grad norm
minimum found at:
            6	 2.636431e-01	 6.328042e+00	 8.121277e-01	-6.367689e+00	-6.150640e-09	-2.467162e-09	-4.255855e-07	 4.256371e-07
psi(R) = 1.78e-01
parameter values for minimization:
K33 = 3.000000e+01
k24 = 6.000000e-01
Lambda = 9.000000e+00
d0 = 1.000000e+00
omega = 4.030000e+01
gamma_s = 1.000000e-01
initial guesses for R, eta, and delta:
guess for R = 2.636431e-01
guess for eta = 6.328042e+00
guess for delta = 8.121277e-01
estimated ranges of R, eta, and delta:
upper bound estimate of R = 3.954647e-01
lower bound estimate of R = 1.977323e-01
upper bound estimate of eta = 6.428042e+00
lower bound estimate of eta = 6.308042e+00
upper bound estimate of delta = 8.180000e-01
lower bound estimate of delta = 8.100000e-01
    iteration	            R	          eta	        delta	            E	         dEdR	       dEdeta	     dEddelta	    grad norm
minimum found at:
            6	 2.650565e-01	 6.326553e+00	 8.120573e-01	-6.350844e+00	 1.807210e-07	-5.131698e-08	-8.156438e-06	 8.158602e-06
psi(R) = 1.75e-01
parameter values for minimization:
K33 = 3.000000e+01
k24 = 6.000000e-01
Lambda = 1.000000e+01
d0 = 1.000000e+00
omega = 4.030000e+01
gamma_s = 1.000000e-01
initial guesses for R, eta, and delta:
guess for R = 2.650565e-01
guess for eta = 6.326553e+00
guess for delta = 8.120573e-01
estimated ranges of R, eta, and delta:
upper bound estimate of R = 3.975847e-01
lower bound estimate of R = 1.987924e-01
upper bound estimate of eta = 6.426553e+00
lower bound estimate of eta = 6.306553e+00
upper bound estimate of delta = 8.180000e-01
lower bound estimate of delta = 8.100000e-01
    iteration	            R	          eta	        delta	            E	         dEdR	       dEdeta	     dEddelta	    grad norm
minimum found at:
            6	 2.673275e-01	 6.325268e+00	 8.120141e-01	-6.335583e+00	-7.550700e-08	 1.307596e-07	 2.157533e-06	 2.162811e-06
psi(R) = 1.72e-01
parameter values for minimization:
K33 = 3.000000e+01
k24 = 6.000000e-01
Lambda = 1.100000e+01
d0 = 1.000000e+00
omega = 4.030000e+01
gamma_s = 1.000000e-01
initial guesses for R, eta, and delta:
guess for R = 2.673275e-01
guess for eta = 6.325268e+00
guess for delta = 8.120141e-01
estimated ranges of R, eta, and delta:
upper bound estimate of R = 4.009913e-01
lower bound estimate of R = 2.004956e-01
upper bound estimate of eta = 6.425268e+00
lower bound estimate of eta = 6.305268e+00
upper bound estimate of delta = 8.180000e-01
lower bound estimate of delta = 8.100000e-01
    iteration	            R	          eta	        delta	            E	         dEdR	       dEdeta	     dEddelta	    grad norm
minimum found at:
            6	 2.704732e-01	 6.324150e+00	 8.119954e-01	-6.321683e+00	-1.476638e-09	-2.787893e-08	 1.443290e-07	 1.470043e-07
psi(R) = 1.69e-01
parameter values for minimization:
K33 = 3.000000e+01
k24 = 6.000000e-01
Lambda = 1.200000e+01
d0 = 1.000000e+00
omega = 4.030000e+01
gamma_s = 1.000000e-01
initial guesses for R, eta, and delta:
guess for R = 2.704732e-01
guess for eta = 6.324150e+00
guess for delta = 8.119954e-01
estimated ranges of R, eta, and delta:
upper bound estimate of R = 4.057098e-01
lower bound estimate of R = 2.028549e-01
upper bound estimate of eta = 6.424150e+00
lower bound estimate of eta = 6.304150e+00
upper bound estimate of delta = 8.180000e-01
lower bound estimate of delta = 8.100000e-01
    iteration	            R	          eta	        delta	            E	         dEdR	       dEdeta	     dEddelta	    grad norm
minimum found at:
            6	 2.745780e-01	 6.323179e+00	 8.120007e-01	-6.308975e+00	 1.036220e-08	-1.258253e-08	-1.361874e-06	 1.361971e-06
psi(R) = 1.66e-01
parameter values for minimization:
K33 = 3.000000e+01
k24 = 6.000000e-01
Lambda = 1.300000e+01
d0 = 1.000000e+00
omega = 4.030000e+01
gamma_s = 1.000000e-01
initial guesses for R, eta, and delta:
guess for R = 2.745780e-01
guess for eta = 6.323179e+00
guess for delta = 8.120007e-01
estimated ranges of R, eta, and delta:
upper bound estimate of R = 4.118670e-01
lower bound estimate of R = 2.059335e-01
upper bound estimate of eta = 6.423179e+00
lower bound estimate of eta = 6.303179e+00
upper bound estimate of delta = 8.180000e-01
lower bound estimate of delta = 8.100000e-01
    iteration	            R	          eta	        delta	            E	         dEdR	       dEdeta	     dEddelta	    grad norm
minimum found at:
           35	 2.798151e-01	 6.322341e+00	 8.120304e-01	-6.297328e+00	 4.323002e-07	 6.908054e-09	-1.902182e-06	 1.950699e-06
psi(R) = 1.64e-01
parameter values for minimization:
K33 = 3.000000e+01
k24 = 6.000000e-01
Lambda = 1.400000e+01
d0 = 1.000000e+00
omega = 4.030000e+01
gamma_s = 1.000000e-01
initial guesses for R, eta, and delta:
guess for R = 2.798151e-01
guess for eta = 6.322341e+00
guess for delta = 8.120304e-01
estimated ranges of R, eta, and delta:
upper bound estimate of R = 4.197226e-01
lower bound estimate of R = 2.098613e-01
upper bound estimate of eta = 6.422341e+00
lower bound estimate of eta = 6.302341e+00
upper bound estimate of delta = 8.180000e-01
lower bound estimate of delta = 8.100000e-01
    iteration	            R	          eta	        delta	            E	         dEdR	       dEdeta	     dEddelta	    grad norm
a-alpha = -9.794859e-09, fpa = -2.027080e-08
minimum found at:
           12	 2.864980e-01	 6.321635e+00	 8.120869e-01	-6.286646e+00	-8.732472e-08	 3.550247e-07	-3.759955e-06	 3.777689e-06
psi(R) = 1.62e-01
parameter values for minimization:
K33 = 3.000000e+01
k24 = 6.000000e-01
Lambda = 1.500000e+01
d0 = 1.000000e+00
omega = 4.030000e+01
gamma_s = 1.000000e-01
initial guesses for R, eta, and delta:
guess for R = 2.864980e-01
guess for eta = 6.321635e+00
guess for delta = 8.120869e-01
estimated ranges of R, eta, and delta:
upper bound estimate of R = 4.297470e-01
lower bound estimate of R = 2.148735e-01
upper bound estimate of eta = 6.421635e+00
lower bound estimate of eta = 6.301635e+00
upper bound estimate of delta = 8.180000e-01
lower bound estimate of delta = 8.100000e-01
    iteration	            R	          eta	        delta	            E	         dEdR	       dEdeta	     dEddelta	    grad norm
a-alpha = 1.562500e-07, fpa = 4.835291e-10
minimum found at:
            7	 2.952113e-01	 6.321070e+00	 8.121761e-01	-6.276860e+00	-4.916103e-07	-5.092223e-07	 8.004708e-06	 8.035940e-06
psi(R) = 1.60e-01
parameter values for minimization:
K33 = 3.000000e+01
k24 = 6.000000e-01
Lambda = 1.600000e+01
d0 = 1.000000e+00
omega = 4.030000e+01
gamma_s = 1.000000e-01
initial guesses for R, eta, and delta:
guess for R = 2.952113e-01
guess for eta = 6.321070e+00
guess for delta = 8.121761e-01
estimated ranges of R, eta, and delta:
upper bound estimate of R = 4.428169e-01
lower bound estimate of R = 2.214085e-01
upper bound estimate of eta = 6.421070e+00
lower bound estimate of eta = 6.301070e+00
upper bound estimate of delta = 8.180000e-01
lower bound estimate of delta = 8.100000e-01
    iteration	            R	          eta	        delta	            E	         dEdR	       dEdeta	     dEddelta	    grad norm
minimum found at:
            7	 3.071808e-01	 6.320686e+00	 8.123099e-01	-6.267933e+00	 4.042247e-07	-3.207311e-09	 1.325236e-05	 1.325853e-05
psi(R) = 1.58e-01
parameter values for minimization:
K33 = 3.000000e+01
k24 = 6.000000e-01
Lambda = 1.700000e+01
d0 = 1.000000e+00
omega = 4.030000e+01
gamma_s = 1.000000e-01
initial guesses for R, eta, and delta:
guess for R = 3.071808e-01
guess for eta = 6.320686e+00
guess for delta = 8.123099e-01
estimated ranges of R, eta, and delta:
upper bound estimate of R = 4.607712e-01
lower bound estimate of R = 2.303856e-01
upper bound estimate of eta = 6.420686e+00
lower bound estimate of eta = 6.300686e+00
upper bound estimate of delta = 8.180000e-01
lower bound estimate of delta = 8.100000e-01
    iteration	            R	          eta	        delta	            E	         dEdR	       dEdeta	     dEddelta	    grad norm
minimum found at:
           10	 3.257663e-01	 6.320609e+00	 8.125221e-01	-6.259874e+00	-1.058890e-07	 1.655466e-07	-5.399385e-06	 5.402960e-06
psi(R) = 1.57e-01
parameter values for minimization:
K33 = 3.000000e+01
k24 = 6.000000e-01
Lambda = 1.800000e+01
d0 = 1.000000e+00
omega = 4.030000e+01
gamma_s = 1.000000e-01
initial guesses for R, eta, and delta:
guess for R = 3.257663e-01
guess for eta = 6.320609e+00
guess for delta = 8.125221e-01
estimated ranges of R, eta, and delta:
upper bound estimate of R = 4.886495e-01
lower bound estimate of R = 2.443247e-01
upper bound estimate of eta = 6.420609e+00
lower bound estimate of eta = 6.300609e+00
upper bound estimate of delta = 8.180000e-01
lower bound estimate of delta = 8.100000e-01
    iteration	            R	          eta	        delta	            E	         dEdR	       dEdeta	     dEddelta	    grad norm
ss=4.625315868802e+19, lastss = 2.432293398853e+20
tol = 7.645126094119e-14
failed to integrate at x = (1.580877e+00,6.390790e+00,8.166800e-01)
solvde convergence failed when x = (1.580877e+00,6.390790e+00,8.166800e-01).
Retrying using a constant y value
minimum found at:
           50	 1.296510e+00	 6.360388e+00	 8.157372e-01	-6.257419e+00	 2.562842e-07	 6.752623e-07	 9.644137e-06	 9.671145e-06
psi(R) = 1.87e-01
parameter values for minimization:
K33 = 3.000000e+01
k24 = 6.000000e-01
Lambda = 1.900000e+01
d0 = 1.000000e+00
omega = 4.030000e+01
gamma_s = 1.000000e-01
initial guesses for R, eta, and delta:
guess for R = 1.296510e+00
guess for eta = 6.360388e+00
guess for delta = 8.157372e-01
estimated ranges of R, eta, and delta:
upper bound estimate of R = 1.944765e+00
lower bound estimate of R = 9.723825e-01
upper bound estimate of eta = 6.460388e+00
lower bound estimate of eta = 6.340388e+00
upper bound estimate of delta = 8.180000e-01
lower bound estimate of delta = 8.100000e-01
    iteration	            R	          eta	        delta	            E	         dEdR	       dEdeta	     dEddelta	    grad norm
a-alpha = 6.314180e-08, fpa = 1.042677e-09
minimum found at:
           25	 1.428132e+00	 6.364690e+00	 8.158332e-01	-6.256161e+00	-1.172202e-07	 4.764090e-07	-1.835569e-06	 1.900005e-06
psi(R) = 1.90e-01
parameter values for minimization:
K33 = 3.000000e+01
k24 = 6.000000e-01
Lambda = 2.000000e+01
d0 = 1.000000e+00
omega = 4.030000e+01
gamma_s = 1.000000e-01
initial guesses for R, eta, and delta:
guess for R = 1.428132e+00
guess for eta = 6.364690e+00
guess for delta = 8.158332e-01
estimated ranges of R, eta, and delta:
upper bound estimate of R = 2.142198e+00
lower bound estimate of R = 1.071099e+00
upper bound estimate of eta = 6.464690e+00
lower bound estimate of eta = 6.344690e+00
upper bound estimate of delta = 8.180000e-01
lower bound estimate of delta = 8.100000e-01
    iteration	            R	          eta	        delta	            E	         dEdR	       dEdeta	     dEddelta	    grad norm
a-alpha = 8.504162e-08, fpa = 7.523016e-10
minimum found at:
           21	 1.539366e+00	 6.368145e+00	 8.159006e-01	-6.255103e+00	-9.262405e-08	 4.440892e-08	 1.051011e-06	 1.056019e-06
psi(R) = 1.92e-01
parameter values for minimization:
K33 = 3.000000e+01
k24 = 6.000000e-01
Lambda = 2.100000e+01
d0 = 1.000000e+00
omega = 4.030000e+01
gamma_s = 1.000000e-01
initial guesses for R, eta, and delta:
guess for R = 1.539366e+00
guess for eta = 6.368145e+00
guess for delta = 8.159006e-01
estimated ranges of R, eta, and delta:
upper bound estimate of R = 2.309049e+00
lower bound estimate of R = 1.154524e+00
upper bound estimate of eta = 6.468145e+00
lower bound estimate of eta = 6.348145e+00
upper bound estimate of delta = 8.180000e-01
lower bound estimate of delta = 8.100000e-01
    iteration	            R	          eta	        delta	            E	         dEdR	       dEdeta	     dEddelta	    grad norm
minimum found at:
           13	 1.637253e+00	 6.371060e+00	 8.159515e-01	-6.254190e+00	 2.320729e-08	-4.588922e-07	-1.406282e-06	 1.479443e-06
psi(R) = 1.94e-01
parameter values for minimization:
K33 = 3.000000e+01
k24 = 6.000000e-01
Lambda = 2.200000e+01
d0 = 1.000000e+00
omega = 4.030000e+01
gamma_s = 1.000000e-01
initial guesses for R, eta, and delta:
guess for R = 1.637253e+00
guess for eta = 6.371060e+00
guess for delta = 8.159515e-01
estimated ranges of R, eta, and delta:
upper bound estimate of R = 2.455879e+00
lower bound estimate of R = 1.227940e+00
upper bound estimate of eta = 6.471060e+00
lower bound estimate of eta = 6.351060e+00
upper bound estimate of delta = 8.180000e-01
lower bound estimate of delta = 8.100000e-01
    iteration	            R	          eta	        delta	            E	         dEdR	       dEdeta	     dEddelta	    grad norm
minimum found at:
           15	 1.725357e+00	 6.373590e+00	 8.159919e-01	-6.253388e+00	 1.277844e-08	 4.236118e-07	-1.340779e-05	 1.341449e-05
psi(R) = 1.95e-01
parameter values for minimization:
K33 = 3.000000e+01
k24 = 6.000000e-01
Lambda = 2.300000e+01
d0 = 1.000000e+00
omega = 4.030000e+01
gamma_s = 1.000000e-01
initial guesses for R, eta, and delta:
guess for R = 1.725357e+00
guess for eta = 6.373590e+00
guess for delta = 8.159919e-01
estimated ranges of R, eta, and delta:
upper bound estimate of R = 2.588036e+00
lower bound estimate of R = 1.294018e+00
upper bound estimate of eta = 6.473590e+00
lower bound estimate of eta = 6.353590e+00
upper bound estimate of delta = 8.180000e-01
lower bound estimate of delta = 8.100000e-01
    iteration	            R	          eta	        delta	            E	         dEdR	       dEdeta	     dEddelta	    grad norm
minimum found at:
           18	 1.805831e+00	 6.375829e+00	 8.160250e-01	-6.252676e+00	-1.082181e-08	 1.921919e-07	-9.296267e-06	 9.298260e-06
psi(R) = 1.96e-01
parameter values for minimization:
K33 = 3.000000e+01
k24 = 6.000000e-01
Lambda = 2.400000e+01
d0 = 1.000000e+00
omega = 4.030000e+01
gamma_s = 1.000000e-01
initial guesses for R, eta, and delta:
guess for R = 1.805831e+00
guess for eta = 6.375829e+00
guess for delta = 8.160250e-01
estimated ranges of R, eta, and delta:
upper bound estimate of R = 2.708747e+00
lower bound estimate of R = 1.354373e+00
upper bound estimate of eta = 6.475829e+00
lower bound estimate of eta = 6.355829e+00
upper bound estimate of delta = 8.180000e-01
lower bound estimate of delta = 8.100000e-01
    iteration	            R	          eta	        delta	            E	         dEdR	       dEdeta	     dEddelta	    grad norm
a-alpha = 2.537632e-08, fpa = 2.423813e-09
minimum found at:
           23	 1.880121e+00	 6.377837e+00	 8.160531e-01	-6.252037e+00	 1.549840e-08	 6.671207e-07	 1.118735e-05	 1.120723e-05
psi(R) = 1.97e-01
parameter values for minimization:
K33 = 3.000000e+01
k24 = 6.000000e-01
Lambda = 2.500000e+01
d0 = 1.000000e+00
omega = 4.030000e+01
gamma_s = 1.000000e-01
initial guesses for R, eta, and delta:
guess for R = 1.880121e+00
guess for eta = 6.377837e+00
guess for delta = 8.160531e-01
estimated ranges of R, eta, and delta:
upper bound estimate of R = 2.820181e+00
lower bound estimate of R = 1.410091e+00
upper bound estimate of eta = 6.477837e+00
lower bound estimate of eta = 6.357837e+00
upper bound estimate of delta = 8.180000e-01
lower bound estimate of delta = 8.100000e-01
    iteration	            R	          eta	        delta	            E	         dEdR	       dEdeta	     dEddelta	    grad norm
minimum found at:
           25	 1.949199e+00	 6.379656e+00	 8.160766e-01	-6.251458e+00	-4.950804e-08	-7.154771e-08	-5.366078e-06	 5.366783e-06
psi(R) = 1.98e-01
parameter values for minimization:
K33 = 3.000000e+01
k24 = 6.000000e-01
Lambda = 2.600000e+01
d0 = 1.000000e+00
omega = 4.030000e+01
gamma_s = 1.000000e-01
initial guesses for R, eta, and delta:
guess for R = 1.949199e+00
guess for eta = 6.379656e+00
guess for delta = 8.160766e-01
estimated ranges of R, eta, and delta:
upper bound estimate of R = 2.923798e+00
lower bound estimate of R = 1.461899e+00
upper bound estimate of eta = 6.479656e+00
lower bound estimate of eta = 6.359656e+00
upper bound estimate of delta = 8.180000e-01
lower bound estimate of delta = 8.100000e-01
    iteration	            R	          eta	        delta	            E	         dEdR	       dEdeta	     dEddelta	    grad norm
minimum found at:
           10	 2.013875e+00	 6.381319e+00	 8.160972e-01	-6.250930e+00	-4.252857e-09	 3.360275e-07	-1.657933e-06	 1.691648e-06
psi(R) = 1.99e-01
parameter values for minimization:
K33 = 3.000000e+01
k24 = 6.000000e-01
Lambda = 2.700000e+01
d0 = 1.000000e+00
omega = 4.030000e+01
gamma_s = 1.000000e-01
initial guesses for R, eta, and delta:
guess for R = 2.013875e+00
guess for eta = 6.381319e+00
guess for delta = 8.160972e-01
estimated ranges of R, eta, and delta:
upper bound estimate of R = 3.020812e+00
lower bound estimate of R = 1.510406e+00
upper bound estimate of eta = 6.481319e+00
lower bound estimate of eta = 6.361319e+00
upper bound estimate of delta = 8.180000e-01
lower bound estimate of delta = 8.100000e-01
    iteration	            R	          eta	        delta	            E	         dEdR	       dEdeta	     dEddelta	    grad norm
minimum found at:
           13	 2.074682e+00	 6.382848e+00	 8.161151e-01	-6.250446e+00	-4.151558e-08	 1.290326e-07	-9.299968e-06	 9.300956e-06
psi(R) = 2.00e-01
parameter values for minimization:
K33 = 3.000000e+01
k24 = 6.000000e-01
Lambda = 2.800000e+01
d0 = 1.000000e+00
omega = 4.030000e+01
gamma_s = 1.000000e-01
initial guesses for R, eta, and delta:
guess for R = 2.074682e+00
guess for eta = 6.382848e+00
guess for delta = 8.161151e-01
estimated ranges of R, eta, and delta:
upper bound estimate of R = 3.112023e+00
lower bound estimate of R = 1.556012e+00
upper bound estimate of eta = 6.482848e+00
lower bound estimate of eta = 6.362848e+00
upper bound estimate of delta = 8.180000e-01
lower bound estimate of delta = 8.100000e-01
likely a maximizing (vs minimizing) solution for psi(r), as y[1][2]=-1.621013e-04  which usually means high energy.
solvde convergence failed when x = (2.074682e+00,6.382848e+00,8.161151e-01).
Retrying using a constant y value
    iteration	            R	          eta	        delta	            E	         dEdR	       dEdeta	     dEddelta	    grad norm
minimum found at:
            8	 2.132128e+00	 6.384264e+00	 8.161312e-01	-6.250000e+00	 3.038583e-08	-2.780492e-07	 6.280162e-06	 6.286387e-06
psi(R) = 2.00e-01
parameter values for minimization:
K33 = 3.000000e+01
k24 = 6.000000e-01
Lambda = 2.900000e+01
d0 = 1.000000e+00
omega = 4.030000e+01
gamma_s = 1.000000e-01
initial guesses for R, eta, and delta:
guess for R = 2.132128e+00
guess for eta = 6.384264e+00
guess for delta = 8.161312e-01
estimated ranges of R, eta, and delta:
upper bound estimate of R = 3.198192e+00
lower bound estimate of R = 1.599096e+00
upper bound estimate of eta = 6.484264e+00
lower bound estimate of eta = 6.364264e+00
upper bound estimate of delta = 8.180000e-01
lower bound estimate of delta = 8.100000e-01
    iteration	            R	          eta	        delta	            E	         dEdR	       dEdeta	     dEddelta	    grad norm
minimum found at:
            9	 2.186550e+00	 6.385579e+00	 8.161453e-01	-6.249587e+00	 2.184673e-09	 5.945861e-08	-9.992007e-07	 1.000971e-06
psi(R) = 2.01e-01
parameter values for minimization:
K33 = 3.000000e+01
k24 = 6.000000e-01
Lambda = 3.000000e+01
d0 = 1.000000e+00
omega = 4.030000e+01
gamma_s = 1.000000e-01
initial guesses for R, eta, and delta:
guess for R = 2.186550e+00
guess for eta = 6.385579e+00
guess for delta = 8.161453e-01
estimated ranges of R, eta, and delta:
upper bound estimate of R = 3.279825e+00
lower bound estimate of R = 1.639912e+00
upper bound estimate of eta = 6.485579e+00
lower bound estimate of eta = 6.365579e+00
upper bound estimate of delta = 8.180000e-01
lower bound estimate of delta = 8.100000e-01
ss=1.677674119770e+19, lastss = 9.926046740345e+19
tol = 1.467401803716e-13
failed to integrate at x = (2.186550e+00,6.385579e+00,8.161453e-01)
solvde convergence failed when x = (2.186550e+00,6.385579e+00,8.161453e-01).
Retrying using a constant y value
    iteration	            R	          eta	        delta	            E	         dEdR	       dEdeta	     dEddelta	    grad norm
a-alpha = 6.968745e-08, fpa = 1.738525e-09
a-alpha = 3.842036e-07, fpa = 2.512854e-10
minimum found at:
           14	 2.238278e+00	 6.386807e+00	 8.161580e-01	-6.249202e+00	-1.061538e-08	-5.896518e-08	-4.688842e-06	 4.689225e-06
psi(R) = 2.01e-01
parameter values for minimization:
K33 = 3.000000e+01
k24 = 6.000000e-01
Lambda = 3.100000e+01
d0 = 1.000000e+00
omega = 4.030000e+01
gamma_s = 1.000000e-01
initial guesses for R, eta, and delta:
guess for R = 2.238278e+00
guess for eta = 6.386807e+00
guess for delta = 8.161580e-01
estimated ranges of R, eta, and delta:
upper bound estimate of R = 3.357417e+00
lower bound estimate of R = 1.678709e+00
upper bound estimate of eta = 6.486807e+00
lower bound estimate of eta = 6.366807e+00
upper bound estimate of delta = 8.180000e-01
lower bound estimate of delta = 8.100000e-01
likely a maximizing (vs minimizing) solution for psi(r), as y[1][2]=-2.264885e-04  which usually means high energy.
solvde convergence failed when x = (2.238278e+00,6.386807e+00,8.161580e-01).
Retrying using a constant y value
    iteration	            R	          eta	        delta	            E	         dEdR	       dEdeta	     dEddelta	    grad norm
a-alpha = 3.528247e-08, fpa = 1.346147e-09
minimum found at:
           15	 2.287571e+00	 6.387957e+00	 8.161696e-01	-6.248844e+00	-2.151610e-08	-6.688477e-07	-6.624331e-07	 9.416144e-07
psi(R) = 2.02e-01
parameter values for minimization:
K33 = 3.000000e+01
k24 = 6.000000e-01
Lambda = 3.200000e+01
d0 = 1.000000e+00
omega = 4.030000e+01
gamma_s = 1.000000e-01
initial guesses for R, eta, and delta:
guess for R = 2.287571e+00
guess for eta = 6.387957e+00
guess for delta = 8.161696e-01
estimated ranges of R, eta, and delta:
upper bound estimate of R = 3.431356e+00
lower bound estimate of R = 1.715678e+00
upper bound estimate of eta = 6.487957e+00
lower bound estimate of eta = 6.367957e+00
upper bound estimate of delta = 8.180000e-01
lower bound estimate of delta = 8.100000e-01
    iteration	            R	          eta	        delta	            E	         dEdR	       dEdeta	     dEddelta	    grad norm
minimum found at:
            7	 2.334682e+00	 6.389039e+00	 8.161802e-01	-6.248508e+00	 3.363218e-08	-7.968934e-08	 4.644433e-06	 4.645238e-06
psi(R) = 2.02e-01
parameter values for minimization:
K33 = 3.000000e+01
k24 = 6.000000e-01
Lambda = 3.300000e+01
d0 = 1.000000e+00
omega = 4.030000e+01
gamma_s = 1.000000e-01
initial guesses for R, eta, and delta:
guess for R = 2.334682e+00
guess for eta = 6.389039e+00
guess for delta = 8.161802e-01
estimated ranges of R, eta, and delta:
upper bound estimate of R = 3.502023e+00
lower bound estimate of R = 1.751011e+00
upper bound estimate of eta = 6.489039e+00
lower bound estimate of eta = 6.369039e+00
upper bound estimate of delta = 8.180000e-01
lower bound estimate of delta = 8.100000e-01
    iteration	            R	          eta	        delta	            E	         dEdR	       dEdeta	     dEddelta	    grad norm
minimum found at:
           10	 2.379749e+00	 6.390058e+00	 8.161898e-01	-6.248193e+00	-8.014350e-09	 2.499235e-07	-6.254256e-07	 6.735601e-07
psi(R) = 2.03e-01
parameter values for minimization:
K33 = 3.000000e+01
k24 = 6.000000e-01
Lambda = 3.400000e+01
d0 = 1.000000e+00
omega = 4.030000e+01
gamma_s = 1.000000e-01
initial guesses for R, eta, and delta:
guess for R = 2.379749e+00
guess for eta = 6.390058e+00
guess for delta = 8.161898e-01
estimated ranges of R, eta, and delta:
upper bound estimate of R = 3.569623e+00
lower bound estimate of R = 1.784812e+00
upper bound estimate of eta = 6.490058e+00
lower bound estimate of eta = 6.370058e+00
upper bound estimate of delta = 8.180000e-01
lower bound estimate of delta = 8.100000e-01
    iteration	            R	          eta	        delta	            E	         dEdR	       dEdeta	     dEddelta	    grad norm
minimum found at:
            6	 2.422979e+00	 6.391022e+00	 8.161986e-01	-6.247896e+00	-3.898113e-09	 4.672805e-07	 2.790361e-06	 2.829219e-06
psi(R) = 2.03e-01
parameter values for minimization:
K33 = 3.000000e+01
k24 = 6.000000e-01
Lambda = 3.500000e+01
d0 = 1.000000e+00
omega = 4.030000e+01
gamma_s = 1.000000e-01
initial guesses for R, eta, and delta:
guess for R = 2.422979e+00
guess for eta = 6.391022e+00
guess for delta = 8.161986e-01
estimated ranges of R, eta, and delta:
upper bound estimate of R = 3.634469e+00
lower bound estimate of R = 1.817234e+00
upper bound estimate of eta = 6.491022e+00
lower bound estimate of eta = 6.371022e+00
upper bound estimate of delta = 8.180000e-01
lower bound estimate of delta = 8.100000e-01
ss=1.456358245255e+20, lastss = 7.950531577876e+20
tol = 1.803872906767e-13
failed to integrate at x = (2.422979e+00,6.391022e+00,8.161986e-01)
solvde convergence failed when x = (2.422979e+00,6.391022e+00,8.161986e-01).
Retrying using a constant y value
    iteration	            R	          eta	        delta	            E	         dEdR	       dEdeta	     dEddelta	    grad norm
minimum found at:
            8	 2.464500e+00	 6.391934e+00	 8.162067e-01	-6.247616e+00	 1.844227e-08	-4.704878e-07	 3.293662e-07	 5.746138e-07
psi(R) = 2.04e-01
parameter values for minimization:
K33 = 3.000000e+01
k24 = 6.000000e-01
Lambda = 3.600000e+01
d0 = 1.000000e+00
omega = 4.030000e+01
gamma_s = 1.000000e-01
initial guesses for R, eta, and delta:
guess for R = 2.464500e+00
guess for eta = 6.391934e+00
guess for delta = 8.162067e-01
estimated ranges of R, eta, and delta:
upper bound estimate of R = 3.696750e+00
lower bound estimate of R = 1.848375e+00
upper bound estimate of eta = 6.491934e+00
lower bound estimate of eta = 6.371934e+00
upper bound estimate of delta = 8.180000e-01
lower bound estimate of delta = 8.100000e-01
likely a maximizing (vs minimizing) solution for psi(r), as y[1][2]=-2.422009e-04  which usually means high energy.
solvde convergence failed when x = (2.464500e+00,6.391934e+00,8.162067e-01).
Retrying using a constant y value
    iteration	            R	          eta	        delta	            E	         dEdR	       dEdeta	     dEddelta	    grad norm
minimum found at:
            8	 2.504445e+00	 6.392800e+00	 8.162143e-01	-6.247351e+00	-1.185279e-09	-2.178504e-07	 4.896084e-06	 4.900928e-06
psi(R) = 2.04e-01
parameter values for minimization:
K33 = 3.000000e+01
k24 = 6.000000e-01
Lambda = 3.700000e+01
d0 = 1.000000e+00
omega = 4.030000e+01
gamma_s = 1.000000e-01
initial guesses for R, eta, and delta:
guess for R = 2.504445e+00
guess for eta = 6.392800e+00
guess for delta = 8.162143e-01
estimated ranges of R, eta, and delta:
upper bound estimate of R = 3.756667e+00
lower bound estimate of R = 1.878334e+00
upper bound estimate of eta = 6.492800e+00
lower bound estimate of eta = 6.372800e+00
upper bound estimate of delta = 8.180000e-01
lower bound estimate of delta = 8.100000e-01
likely a maximizing (vs minimizing) solution for psi(r), as y[1][2]=-2.330399e-04  which usually means high energy.
solvde convergence failed when x = (2.504445e+00,6.392800e+00,8.162143e-01).
Retrying using a constant y value
    iteration	            R	          eta	        delta	            E	         dEdR	       dEdeta	     dEddelta	    grad norm
minimum found at:
            6	 2.542937e+00	 6.393625e+00	 8.162212e-01	-6.247100e+00	-1.967074e-08	 8.906456e-07	-5.824970e-06	 5.892700e-06
psi(R) = 2.05e-01
parameter values for minimization:
K33 = 3.000000e+01
k24 = 6.000000e-01
Lambda = 3.800000e+01
d0 = 1.000000e+00
omega = 4.030000e+01
gamma_s = 1.000000e-01
initial guesses for R, eta, and delta:
guess for R = 2.542937e+00
guess for eta = 6.393625e+00
guess for delta = 8.162212e-01
estimated ranges of R, eta, and delta:
upper bound estimate of R = 3.814405e+00
lower bound estimate of R = 1.907203e+00
upper bound estimate of eta = 6.493625e+00
lower bound estimate of eta = 6.373625e+00
upper bound estimate of delta = 8.180000e-01
lower bound estimate of delta = 8.100000e-01
likely a maximizing (vs minimizing) solution for psi(r), as y[1][2]=-2.431201e-04  which usually means high energy.
solvde convergence failed when x = (2.542937e+00,6.393625e+00,8.162212e-01).
Retrying using a constant y value
    iteration	            R	          eta	        delta	            E	         dEdR	       dEdeta	     dEddelta	    grad norm
minimum found at:
            9	 2.580083e+00	 6.394411e+00	 8.162279e-01	-6.246862e+00	 4.526574e-08	 3.165369e-07	 8.200847e-06	 8.207079e-06
psi(R) = 2.05e-01
parameter values for minimization:
K33 = 3.000000e+01
k24 = 6.000000e-01
Lambda = 3.900000e+01
d0 = 1.000000e+00
omega = 4.030000e+01
gamma_s = 1.000000e-01
initial guesses for R, eta, and delta:
guess for R = 2.580083e+00
guess for eta = 6.394411e+00
guess for delta = 8.162279e-01
estimated ranges of R, eta, and delta:
upper bound estimate of R = 3.870125e+00
lower bound estimate of R = 1.935062e+00
upper bound estimate of eta = 6.494411e+00
lower bound estimate of eta = 6.374411e+00
upper bound estimate of delta = 8.180000e-01
lower bound estimate of delta = 8.100000e-01
ss=9.595414985937e+18, lastss = 2.099702494907e+19
tol = 2.046666375595e-13
failed to integrate at x = (2.580083e+00,6.394411e+00,8.162279e-01)
solvde convergence failed when x = (2.580083e+00,6.394411e+00,8.162279e-01).
Retrying using a constant y value
    iteration	            R	          eta	        delta	            E	         dEdR	       dEdeta	     dEddelta	    grad norm
a-alpha = -8.421944e-08, fpa = -1.421537e-09
minimum found at:
            9	 2.615943e+00	 6.395160e+00	 8.162339e-01	-6.246635e+00	 1.569753e-08	 1.101095e-06	 4.252154e-06	 4.392433e-06
psi(R) = 2.05e-01
parameter values for minimization:
K33 = 3.000000e+01
k24 = 6.000000e-01
Lambda = 4.000000e+01
d0 = 1.000000e+00
omega = 4.030000e+01
gamma_s = 1.000000e-01
initial guesses for R, eta, and delta:
guess for R = 2.615943e+00
guess for eta = 6.395160e+00
guess for delta = 8.162339e-01
estimated ranges of R, eta, and delta:
upper bound estimate of R = 3.923915e+00
lower bound estimate of R = 1.961957e+00
upper bound estimate of eta = 6.495160e+00
lower bound estimate of eta = 6.375160e+00
upper bound estimate of delta = 8.180000e-01
lower bound estimate of delta = 8.100000e-01
    iteration	            R	          eta	        delta	            E	         dEdR	       dEdeta	     dEddelta	    grad norm
minimum found at:
            7	 2.650601e+00	 6.395877e+00	 8.162396e-01	-6.246418e+00	-7.499733e-09	 9.029814e-08	 9.695948e-07	 9.738193e-07
psi(R) = 2.06e-01
parameter values for minimization:
K33 = 3.000000e+01
k24 = 6.000000e-01
Lambda = 4.100000e+01
d0 = 1.000000e+00
omega = 4.030000e+01
gamma_s = 1.000000e-01
initial guesses for R, eta, and delta:
guess for R = 2.650601e+00
guess for eta = 6.395877e+00
guess for delta = 8.162396e-01
estimated ranges of R, eta, and delta:
upper bound estimate of R = 3.975901e+00
lower bound estimate of R = 1.987951e+00
upper bound estimate of eta = 6.495877e+00
lower bound estimate of eta = 6.375877e+00
upper bound estimate of delta = 8.180000e-01
lower bound estimate of delta = 8.100000e-01
    iteration	            R	          eta	        delta	            E	         dEdR	       dEdeta	     dEddelta	    grad norm
minimum found at:
            7	 2.684191e+00	 6.396563e+00	 8.162450e-01	-6.246212e+00	 6.511087e-08	-1.092953e-07	 3.652634e-06	 3.654849e-06
psi(R) = 2.06e-01
parameter values for minimization:
K33 = 3.000000e+01
k24 = 6.000000e-01
Lambda = 4.200000e+01
d0 = 1.000000e+00
omega = 4.030000e+01
gamma_s = 1.000000e-01
initial guesses for R, eta, and delta:
guess for R = 2.684191e+00
guess for eta = 6.396563e+00
guess for delta = 8.162450e-01
estimated ranges of R, eta, and delta:
upper bound estimate of R = 4.026287e+00
lower bound estimate of R = 2.013143e+00
upper bound estimate of eta = 6.496563e+00
lower bound estimate of eta = 6.376563e+00
upper bound estimate of delta = 8.180000e-01
lower bound estimate of delta = 8.100000e-01
likely a maximizing (vs minimizing) solution for psi(r), as y[1][2]=-2.734621e-04  which usually means high energy.
solvde convergence failed when x = (2.684191e+00,6.396563e+00,8.162450e-01).
Retrying using a constant y value
    iteration	            R	          eta	        delta	            E	         dEdR	       dEdeta	     dEddelta	    grad norm
minimum found at:
            6	 2.716698e+00	 6.397221e+00	 8.162501e-01	-6.246015e+00	 2.391249e-08	-8.585725e-08	 8.137935e-06	 8.138423e-06
psi(R) = 2.06e-01
