Restoring modules from user's standard_modules


parameter values for minimization:
K33 = 2.000000e+01
k24 = 5.000000e-01
Lambda = 0.000000e+00
d0 = 1.000000e+00
omega = 0.000000e+00
gamma_s = 4.000000e-02
initial guesses for R, eta, and delta:
guess for R = 5.000000e-01
guess for eta = 6.300000e+00
guess for delta = 8.100000e-01
estimated ranges of R, eta, and delta:
upper bound estimate of R = 2.000000e+00
lower bound estimate of R = 1.000000e-01
upper bound estimate of eta = 6.430000e+00
lower bound estimate of eta = 6.290000e+00
upper bound estimate of delta = 8.160000e-01
lower bound estimate of delta = 8.000000e-01
x[1] = -2.790000e-01, x[2] = 6.300000e+00, x[3] = 8.100000e-01
something is too big or less than zero, so returning failed calculation.
minimum found at:
    iteration	            R	          eta	        delta	            E	         dEdR	       dEdeta	     dEddelta	    grad norm
            3	 1.722367e-01	 6.300000e+00	 8.100000e-01	-4.386968e-01	 1.413898e-10	 1.215959e-09	 1.249001e-08	 1.254986e-08
success!
