hi
Restoring modules from user's standard_modules
parameter values for minimization:
K33 = 3.000000e+01
k24 = 7.000000e-01
Lambda = 0.000000e+00
d0 = 1.000000e+00
omega = 1.000000e+00
gamma_s = 1.000000e-01
initial guesses for R, eta, and delta:
guess for R = 5.000000e-01
guess for eta = 6.300000e+00
guess for delta = 8.100000e-01
estimated ranges of R, eta, and delta:
upper bound estimate of R = 2.000000e+00
lower bound estimate of R = 1.000000e-01
upper bound estimate of eta = 6.430000e+00
lower bound estimate of eta = 6.290000e+00
upper bound estimate of delta = 8.160000e-01
lower bound estimate of delta = 8.000000e-01
    iteration	            R	          eta	        delta	            E	         dEdR	       dEdeta	     dEddelta	    grad norm
minimum found at:
            5	 3.578031e-01	 6.300000e+00	 8.164966e-01	-2.069988e-01	 1.848748e-09	 7.191645e-10	-2.891206e-08	 2.898003e-08
psi(R) = 2.96e-01
parameter values for minimization:
K33 = 3.000000e+01
k24 = 7.000000e-01
Lambda = 1.000000e+00
d0 = 1.000000e+00
omega = 1.000000e+00
gamma_s = 1.000000e-01
initial guesses for R, eta, and delta:
guess for R = 3.578031e-01
guess for eta = 6.300000e+00
guess for delta = 8.164966e-01
estimated ranges of R, eta, and delta:
upper bound estimate of R = 5.367047e-01
lower bound estimate of R = 2.683523e-01
upper bound estimate of eta = 6.400000e+00
lower bound estimate of eta = 6.280000e+00
upper bound estimate of delta = 8.180000e-01
lower bound estimate of delta = 8.100000e-01
    iteration	            R	          eta	        delta	            E	         dEdR	       dEdeta	     dEddelta	    grad norm
minimum found at:
           30	 2.741694e-01	 6.361144e+00	 7.164158e-01	-1.152962e-01	 5.268466e-08	-2.928213e-08	-9.571336e-07	 9.590297e-07
psi(R) = 2.43e-01
parameter values for minimization:
K33 = 3.000000e+01
k24 = 7.000000e-01
Lambda = 2.000000e+00
d0 = 1.000000e+00
omega = 1.000000e+00
gamma_s = 1.000000e-01
initial guesses for R, eta, and delta:
guess for R = 2.741694e-01
guess for eta = 6.361144e+00
guess for delta = 7.164158e-01
estimated ranges of R, eta, and delta:
upper bound estimate of R = 4.112541e-01
lower bound estimate of R = 2.056271e-01
upper bound estimate of eta = 6.461144e+00
lower bound estimate of eta = 6.341144e+00
upper bound estimate of delta = 8.180000e-01
lower bound estimate of delta = 6.805950e-01
    iteration	            R	          eta	        delta	            E	         dEdR	       dEdeta	     dEddelta	    grad norm
minimum found at:
           28	 2.582433e-01	 6.354184e+00	 6.500822e-01	-6.788427e-02	-2.603318e-08	 9.823763e-08	 4.876239e-08	 1.127215e-07
psi(R) = 2.31e-01
parameter values for minimization:
K33 = 3.000000e+01
k24 = 7.000000e-01
Lambda = 3.000000e+00
d0 = 1.000000e+00
omega = 1.000000e+00
gamma_s = 1.000000e-01
initial guesses for R, eta, and delta:
guess for R = 2.582433e-01
guess for eta = 6.354184e+00
guess for delta = 6.500822e-01
estimated ranges of R, eta, and delta:
upper bound estimate of R = 3.873650e-01
lower bound estimate of R = 1.936825e-01
upper bound estimate of eta = 6.454184e+00
lower bound estimate of eta = 6.334184e+00
upper bound estimate of delta = 8.180000e-01
lower bound estimate of delta = 6.175781e-01
    iteration	            R	          eta	        delta	            E	         dEdR	       dEdeta	     dEddelta	    grad norm
minimum found at:
           18	 2.536881e-01	 6.352095e+00	 5.713223e-01	-3.498636e-02	 1.108222e-09	-4.526591e-08	-5.871795e-09	 4.565861e-08
psi(R) = 2.27e-01
parameter values for minimization:
K33 = 3.000000e+01
k24 = 7.000000e-01
Lambda = 4.000000e+00
d0 = 1.000000e+00
omega = 1.000000e+00
gamma_s = 1.000000e-01
initial guesses for R, eta, and delta:
guess for R = 2.536881e-01
guess for eta = 6.352095e+00
guess for delta = 5.713223e-01
estimated ranges of R, eta, and delta:
upper bound estimate of R = 3.805322e-01
lower bound estimate of R = 1.902661e-01
upper bound estimate of eta = 6.452095e+00
lower bound estimate of eta = 6.332095e+00
upper bound estimate of delta = 8.180000e-01
lower bound estimate of delta = 5.427562e-01
    iteration	            R	          eta	        delta	            E	         dEdR	       dEdeta	     dEddelta	    grad norm
a-alpha = -9.039549e-09, fpa = -4.345304e-10
minimum found at:
           10	 3.578031e-01	 6.383534e+00	 2.308474e-09	-4.033212e-02	 3.753919e-08	-3.083953e-11	 2.877300e-09	 3.764931e-08
psi(R) = 2.96e-01
