hi
Restoring modules from user's standard_modules
parameter values for minimization:
K33 = 3.000000e+01
k24 = 7.000000e-01
Lambda = 0.000000e+00
d0 = 1.000000e+00
omega = 2.200000e+01
gamma_s = 8.000000e-02
initial guesses for R, eta, and delta:
guess for R = 5.000000e-01
guess for eta = 6.300000e+00
guess for delta = 8.100000e-01
estimated ranges of R, eta, and delta:
upper bound estimate of R = 2.000000e+00
lower bound estimate of R = 1.000000e-01
upper bound estimate of eta = 6.430000e+00
lower bound estimate of eta = 6.290000e+00
upper bound estimate of delta = 8.160000e-01
lower bound estimate of delta = 8.000000e-01
    iteration	            R	          eta	        delta	            E	         dEdR	       dEdeta	     dEddelta	    grad norm
minimum found at:
            4	 2.484549e-01	 6.300000e+00	 8.164966e-01	-3.841418e+00	-1.865597e-08	 1.480297e-09	-6.624331e-07	 6.626974e-07
psi(R) = 2.50e-01
parameter values for minimization:
K33 = 3.000000e+01
k24 = 7.000000e-01
Lambda = 1.000000e+00
d0 = 1.000000e+00
omega = 2.200000e+01
gamma_s = 8.000000e-02
initial guesses for R, eta, and delta:
guess for R = 2.484549e-01
guess for eta = 6.300000e+00
guess for delta = 8.164966e-01
estimated ranges of R, eta, and delta:
upper bound estimate of R = 3.726823e-01
lower bound estimate of R = 1.863412e-01
upper bound estimate of eta = 6.400000e+00
lower bound estimate of eta = 6.280000e+00
upper bound estimate of delta = 8.180000e-01
lower bound estimate of delta = 8.100000e-01
    iteration	            R	          eta	        delta	            E	         dEdR	       dEdeta	     dEddelta	    grad norm
minimum found at:
           13	 2.055899e-01	 6.346988e+00	 8.137634e-01	-3.778630e+00	-9.040291e-08	 8.610396e-08	 2.662685e-06	 2.665610e-06
psi(R) = 2.17e-01
parameter values for minimization:
K33 = 3.000000e+01
k24 = 7.000000e-01
Lambda = 2.000000e+00
d0 = 1.000000e+00
omega = 2.200000e+01
gamma_s = 8.000000e-02
initial guesses for R, eta, and delta:
guess for R = 2.055899e-01
guess for eta = 6.346988e+00
guess for delta = 8.137634e-01
estimated ranges of R, eta, and delta:
upper bound estimate of R = 3.083848e-01
lower bound estimate of R = 1.541924e-01
upper bound estimate of eta = 6.446988e+00
lower bound estimate of eta = 6.326988e+00
upper bound estimate of delta = 8.180000e-01
lower bound estimate of delta = 8.100000e-01
    iteration	            R	          eta	        delta	            E	         dEdR	       dEdeta	     dEddelta	    grad norm
a-alpha = 2.794384e-08, fpa = 1.478889e-09
minimum found at:
           25	 1.903980e-01	 6.340061e+00	 8.123325e-01	-3.736551e+00	-4.182862e-07	-3.972131e-08	 2.955044e-06	 2.984765e-06
psi(R) = 2.04e-01
parameter values for minimization:
K33 = 3.000000e+01
k24 = 7.000000e-01
Lambda = 3.000000e+00
d0 = 1.000000e+00
omega = 2.200000e+01
gamma_s = 8.000000e-02
initial guesses for R, eta, and delta:
guess for R = 1.903980e-01
guess for eta = 6.340061e+00
guess for delta = 8.123325e-01
estimated ranges of R, eta, and delta:
upper bound estimate of R = 2.855970e-01
lower bound estimate of R = 1.427985e-01
upper bound estimate of eta = 6.440061e+00
lower bound estimate of eta = 6.320061e+00
upper bound estimate of delta = 8.180000e-01
lower bound estimate of delta = 8.100000e-01
    iteration	            R	          eta	        delta	            E	         dEdR	       dEdeta	     dEddelta	    grad norm
minimum found at:
           19	 1.814602e-01	 6.335748e+00	 8.113133e-01	-3.703075e+00	 1.503119e-07	 5.797831e-08	-4.329870e-07	 4.619880e-07
psi(R) = 1.95e-01
parameter values for minimization:
K33 = 3.000000e+01
k24 = 7.000000e-01
Lambda = 4.000000e+00
d0 = 1.000000e+00
omega = 2.200000e+01
gamma_s = 8.000000e-02
initial guesses for R, eta, and delta:
guess for R = 1.814602e-01
guess for eta = 6.335748e+00
guess for delta = 8.113133e-01
estimated ranges of R, eta, and delta:
upper bound estimate of R = 2.721903e-01
lower bound estimate of R = 1.360951e-01
upper bound estimate of eta = 6.435748e+00
lower bound estimate of eta = 6.315748e+00
upper bound estimate of delta = 8.180000e-01
lower bound estimate of delta = 8.100000e-01
    iteration	            R	          eta	        delta	            E	         dEdR	       dEdeta	     dEddelta	    grad norm
minimum found at:
           21	 1.753249e-01	 6.332639e+00	 8.105141e-01	-3.674741e+00	 1.535822e-07	 9.560254e-08	-1.700492e-06	 1.710087e-06
psi(R) = 1.89e-01
parameter values for minimization:
K33 = 3.000000e+01
k24 = 7.000000e-01
Lambda = 5.000000e+00
d0 = 1.000000e+00
omega = 2.200000e+01
gamma_s = 8.000000e-02
initial guesses for R, eta, and delta:
guess for R = 1.753249e-01
guess for eta = 6.332639e+00
guess for delta = 8.105141e-01
estimated ranges of R, eta, and delta:
upper bound estimate of R = 2.629874e-01
lower bound estimate of R = 1.314937e-01
upper bound estimate of eta = 6.432639e+00
lower bound estimate of eta = 6.312639e+00
upper bound estimate of delta = 8.180000e-01
lower bound estimate of delta = 8.100000e-01
    iteration	            R	          eta	        delta	            E	         dEdR	       dEdeta	     dEddelta	    grad norm
a-alpha = 1.871885e-09, fpa = 6.120969e-09
a-alpha = 2.274016e-08, fpa = 5.031605e-10
a-alpha = -6.053767e-09, fpa = -7.300586e-09
minimum found at:
           22	 1.707698e-01	 6.330223e+00	 8.098557e-01	-3.649938e+00	-3.053049e-07	 6.649002e-08	-9.251859e-07	 9.765249e-07
psi(R) = 1.84e-01
parameter values for minimization:
K33 = 3.000000e+01
k24 = 7.000000e-01
Lambda = 6.000000e+00
d0 = 1.000000e+00
omega = 2.200000e+01
gamma_s = 8.000000e-02
initial guesses for R, eta, and delta:
guess for R = 1.707698e-01
guess for eta = 6.330223e+00
guess for delta = 8.098557e-01
estimated ranges of R, eta, and delta:
upper bound estimate of R = 2.561547e-01
lower bound estimate of R = 1.280774e-01
upper bound estimate of eta = 6.430223e+00
lower bound estimate of eta = 6.310223e+00
upper bound estimate of delta = 8.180000e-01
lower bound estimate of delta = 7.693629e-01
    iteration	            R	          eta	        delta	            E	         dEdR	       dEdeta	     dEddelta	    grad norm
a-alpha = 9.345638e-09, fpa = 1.438183e-08
minimum found at:
            6	 1.672231e-01	 6.328254e+00	 8.092965e-01	-3.627755e+00	-8.864862e-08	 1.446991e-07	 4.939693e-07	 5.223046e-07
psi(R) = 1.79e-01
parameter values for minimization:
K33 = 3.000000e+01
k24 = 7.000000e-01
Lambda = 7.000000e+00
d0 = 1.000000e+00
omega = 2.200000e+01
gamma_s = 8.000000e-02
initial guesses for R, eta, and delta:
guess for R = 1.672231e-01
guess for eta = 6.328254e+00
guess for delta = 8.092965e-01
estimated ranges of R, eta, and delta:
upper bound estimate of R = 2.508347e-01
lower bound estimate of R = 1.254173e-01
upper bound estimate of eta = 6.428254e+00
lower bound estimate of eta = 6.308254e+00
upper bound estimate of delta = 8.180000e-01
lower bound estimate of delta = 7.688317e-01
    iteration	            R	          eta	        delta	            E	         dEdR	       dEdeta	     dEddelta	    grad norm
minimum found at:
            9	 1.643729e-01	 6.326600e+00	 8.088114e-01	-3.607615e+00	-4.914758e-07	-2.967996e-07	-1.165130e-06	 1.298910e-06
psi(R) = 1.76e-01
parameter values for minimization:
K33 = 3.000000e+01
k24 = 7.000000e-01
Lambda = 8.000000e+00
d0 = 1.000000e+00
omega = 2.200000e+01
gamma_s = 8.000000e-02
initial guesses for R, eta, and delta:
guess for R = 1.643729e-01
guess for eta = 6.326600e+00
guess for delta = 8.088114e-01
estimated ranges of R, eta, and delta:
upper bound estimate of R = 2.465593e-01
lower bound estimate of R = 1.232797e-01
upper bound estimate of eta = 6.426600e+00
lower bound estimate of eta = 6.306600e+00
upper bound estimate of delta = 8.180000e-01
lower bound estimate of delta = 7.683708e-01
    iteration	            R	          eta	        delta	            E	         dEdR	       dEdeta	     dEddelta	    grad norm
a-alpha = -2.750767e-08, fpa = -1.201771e-09
minimum found at:
            9	 1.620310e-01	 6.325177e+00	 8.083845e-01	-3.589125e+00	 2.305466e-08	-1.560480e-07	-2.612860e-07	 3.052095e-07
psi(R) = 1.72e-01
parameter values for minimization:
K33 = 3.000000e+01
k24 = 7.000000e-01
Lambda = 9.000000e+00
d0 = 1.000000e+00
omega = 2.200000e+01
gamma_s = 8.000000e-02
initial guesses for R, eta, and delta:
guess for R = 1.620310e-01
guess for eta = 6.325177e+00
guess for delta = 8.083845e-01
estimated ranges of R, eta, and delta:
upper bound estimate of R = 2.430465e-01
lower bound estimate of R = 1.215232e-01
upper bound estimate of eta = 6.425177e+00
lower bound estimate of eta = 6.305177e+00
upper bound estimate of delta = 8.180000e-01
lower bound estimate of delta = 7.679653e-01
    iteration	            R	          eta	        delta	            E	         dEdR	       dEdeta	     dEddelta	    grad norm
a-alpha = -7.889290e-09, fpa = -2.237383e-09
minimum found at:
           11	 1.600755e-01	 6.323931e+00	 8.080045e-01	-3.572003e+00	-1.416672e-07	-1.480297e-09	 8.201073e-07	 8.322546e-07
psi(R) = 1.70e-01
parameter values for minimization:
K33 = 3.000000e+01
k24 = 7.000000e-01
Lambda = 1.000000e+01
d0 = 1.000000e+00
omega = 2.200000e+01
gamma_s = 8.000000e-02
initial guesses for R, eta, and delta:
guess for R = 1.600755e-01
guess for eta = 6.323931e+00
guess for delta = 8.080045e-01
estimated ranges of R, eta, and delta:
upper bound estimate of R = 2.401133e-01
lower bound estimate of R = 1.200566e-01
upper bound estimate of eta = 6.423931e+00
lower bound estimate of eta = 6.303931e+00
upper bound estimate of delta = 8.180000e-01
lower bound estimate of delta = 7.676043e-01
    iteration	            R	          eta	        delta	            E	         dEdR	       dEdeta	     dEddelta	    grad norm
a-alpha = 1.919443e-08, fpa = 4.320073e-09
minimum found at:
            7	 1.584233e-01	 6.322825e+00	 8.076631e-01	-3.556040e+00	 3.678037e-07	-8.783098e-08	-9.282017e-08	 3.893705e-07
psi(R) = 1.67e-01
parameter values for minimization:
K33 = 3.000000e+01
k24 = 7.000000e-01
Lambda = 1.100000e+01
d0 = 1.000000e+00
omega = 2.200000e+01
gamma_s = 8.000000e-02
initial guesses for R, eta, and delta:
guess for R = 1.584233e-01
guess for eta = 6.322825e+00
guess for delta = 8.076631e-01
estimated ranges of R, eta, and delta:
upper bound estimate of R = 2.376349e-01
lower bound estimate of R = 1.188175e-01
upper bound estimate of eta = 6.422825e+00
lower bound estimate of eta = 6.302825e+00
upper bound estimate of delta = 8.180000e-01
lower bound estimate of delta = 7.672799e-01
    iteration	            R	          eta	        delta	            E	         dEdR	       dEdeta	     dEddelta	    grad norm
a-alpha = 6.099645e-09, fpa = 2.046456e-09
minimum found at:
            8	 1.570153e-01	 6.321832e+00	 8.073545e-01	-3.541072e+00	 3.538238e-07	-6.229585e-07	 3.417639e-07	 7.937702e-07
psi(R) = 1.65e-01
parameter values for minimization:
K33 = 3.000000e+01
k24 = 7.000000e-01
Lambda = 1.200000e+01
d0 = 1.000000e+00
omega = 2.200000e+01
gamma_s = 8.000000e-02
initial guesses for R, eta, and delta:
guess for R = 1.570153e-01
guess for eta = 6.321832e+00
guess for delta = 8.073545e-01
estimated ranges of R, eta, and delta:
upper bound estimate of R = 2.355230e-01
lower bound estimate of R = 1.177615e-01
upper bound estimate of eta = 6.421832e+00
lower bound estimate of eta = 6.301832e+00
upper bound estimate of delta = 8.180000e-01
lower bound estimate of delta = 7.669868e-01
    iteration	            R	          eta	        delta	            E	         dEdR	       dEdeta	     dEddelta	    grad norm
a-alpha = 1.055959e-08, fpa = 3.067366e-09
minimum found at:
            9	 1.558082e-01	 6.320933e+00	 8.070738e-01	-3.526972e+00	-3.771091e-09	 2.590520e-08	-3.133935e-08	 4.083449e-08
psi(R) = 1.63e-01
parameter values for minimization:
K33 = 3.000000e+01
k24 = 7.000000e-01
Lambda = 1.300000e+01
d0 = 1.000000e+00
omega = 2.200000e+01
gamma_s = 8.000000e-02
initial guesses for R, eta, and delta:
guess for R = 1.558082e-01
guess for eta = 6.320933e+00
guess for delta = 8.070738e-01
estimated ranges of R, eta, and delta:
upper bound estimate of R = 2.337123e-01
lower bound estimate of R = 1.168562e-01
upper bound estimate of eta = 6.420933e+00
lower bound estimate of eta = 6.300933e+00
upper bound estimate of delta = 8.180000e-01
lower bound estimate of delta = 7.667201e-01
    iteration	            R	          eta	        delta	            E	         dEdR	       dEdeta	     dEddelta	    grad norm
a-alpha = -2.039439e-08, fpa = -1.996464e-09
a-alpha = 7.373219e-09, fpa = 1.898561e-09
minimum found at:
            9	 1.547693e-01	 6.320112e+00	 8.068175e-01	-3.513637e+00	 5.067076e-10	-1.282924e-08	-3.175372e-09	 1.322608e-08
psi(R) = 1.61e-01
parameter values for minimization:
K33 = 3.000000e+01
k24 = 7.000000e-01
Lambda = 1.400000e+01
d0 = 1.000000e+00
omega = 2.200000e+01
gamma_s = 8.000000e-02
initial guesses for R, eta, and delta:
guess for R = 1.547693e-01
guess for eta = 6.320112e+00
guess for delta = 8.068175e-01
estimated ranges of R, eta, and delta:
upper bound estimate of R = 2.321539e-01
lower bound estimate of R = 1.160770e-01
upper bound estimate of eta = 6.420112e+00
lower bound estimate of eta = 6.300112e+00
upper bound estimate of delta = 8.180000e-01
lower bound estimate of delta = 7.664766e-01
    iteration	            R	          eta	        delta	            E	         dEdR	       dEdeta	     dEddelta	    grad norm
minimum found at:
            7	 1.538733e-01	 6.319358e+00	 8.065825e-01	-3.500983e+00	 5.986128e-07	 1.393947e-08	 2.123191e-07	 6.353038e-07
psi(R) = 1.59e-01
parameter values for minimization:
K33 = 3.000000e+01
k24 = 7.000000e-01
Lambda = 1.500000e+01
d0 = 1.000000e+00
omega = 2.200000e+01
gamma_s = 8.000000e-02
initial guesses for R, eta, and delta:
guess for R = 1.538733e-01
guess for eta = 6.319358e+00
guess for delta = 8.065825e-01
estimated ranges of R, eta, and delta:
upper bound estimate of R = 2.308099e-01
lower bound estimate of R = 1.154050e-01
upper bound estimate of eta = 6.419358e+00
lower bound estimate of eta = 6.299358e+00
upper bound estimate of delta = 8.180000e-01
lower bound estimate of delta = 7.662534e-01
    iteration	            R	          eta	        delta	            E	         dEdR	       dEdeta	     dEddelta	    grad norm
a-alpha = -3.201893e-09, fpa = -7.906205e-09
minimum found at:
            7	 1.531004e-01	 6.318661e+00	 8.063664e-01	-3.488940e+00	 2.479455e-07	-9.831642e-08	 3.718864e-07	 4.576490e-07
psi(R) = 1.57e-01
parameter values for minimization:
K33 = 3.000000e+01
k24 = 7.000000e-01
Lambda = 1.600000e+01
d0 = 1.000000e+00
omega = 2.200000e+01
gamma_s = 8.000000e-02
initial guesses for R, eta, and delta:
guess for R = 1.531004e-01
guess for eta = 6.318661e+00
guess for delta = 8.063664e-01
estimated ranges of R, eta, and delta:
upper bound estimate of R = 2.296506e-01
lower bound estimate of R = 1.148253e-01
upper bound estimate of eta = 6.418661e+00
lower bound estimate of eta = 6.298661e+00
upper bound estimate of delta = 8.180000e-01
lower bound estimate of delta = 7.660481e-01
    iteration	            R	          eta	        delta	            E	         dEdR	       dEdeta	     dEddelta	    grad norm
a-alpha = 3.525606e-08, fpa = 3.240635e-09
minimum found at:
            7	 1.524350e-01	 6.318014e+00	 8.061673e-01	-3.477448e+00	 2.863254e-07	-9.831642e-08	 5.556253e-08	 3.077914e-07
psi(R) = 1.56e-01
parameter values for minimization:
K33 = 3.000000e+01
k24 = 7.000000e-01
Lambda = 1.700000e+01
d0 = 1.000000e+00
omega = 2.200000e+01
gamma_s = 8.000000e-02
initial guesses for R, eta, and delta:
guess for R = 1.524350e-01
guess for eta = 6.318014e+00
guess for delta = 8.061673e-01
estimated ranges of R, eta, and delta:
upper bound estimate of R = 2.286525e-01
lower bound estimate of R = 1.143262e-01
upper bound estimate of eta = 6.418014e+00
lower bound estimate of eta = 6.298014e+00
upper bound estimate of delta = 8.180000e-01
lower bound estimate of delta = 7.658589e-01
    iteration	            R	          eta	        delta	            E	         dEdR	       dEdeta	     dEddelta	    grad norm
minimum found at:
            7	 1.518641e-01	 6.317410e+00	 8.059834e-01	-3.466457e+00	 3.758807e-07	 2.483199e-07	-3.463609e-08	 4.518282e-07
psi(R) = 1.54e-01
parameter values for minimization:
K33 = 3.000000e+01
k24 = 7.000000e-01
Lambda = 1.800000e+01
d0 = 1.000000e+00
omega = 2.200000e+01
gamma_s = 8.000000e-02
initial guesses for R, eta, and delta:
guess for R = 1.518641e-01
guess for eta = 6.317410e+00
guess for delta = 8.059834e-01
estimated ranges of R, eta, and delta:
upper bound estimate of R = 2.277962e-01
lower bound estimate of R = 1.138981e-01
upper bound estimate of eta = 6.417410e+00
lower bound estimate of eta = 6.297410e+00
upper bound estimate of delta = 8.180000e-01
lower bound estimate of delta = 7.656842e-01
    iteration	            R	          eta	        delta	            E	         dEdR	       dEdeta	     dEddelta	    grad norm
a-alpha = -9.615737e-09, fpa = -7.297807e-09
minimum found at:
            9	 1.513775e-01	 6.316844e+00	 8.058133e-01	-3.455925e+00	 7.940974e-08	-1.740583e-07	 2.574884e-08	 1.930420e-07
psi(R) = 1.53e-01
parameter values for minimization:
K33 = 3.000000e+01
k24 = 7.000000e-01
Lambda = 1.900000e+01
d0 = 1.000000e+00
omega = 2.200000e+01
gamma_s = 8.000000e-02
initial guesses for R, eta, and delta:
guess for R = 1.513775e-01
guess for eta = 6.316844e+00
guess for delta = 8.058133e-01
estimated ranges of R, eta, and delta:
upper bound estimate of R = 2.270662e-01
lower bound estimate of R = 1.135331e-01
upper bound estimate of eta = 6.416844e+00
lower bound estimate of eta = 6.296844e+00
upper bound estimate of delta = 8.180000e-01
lower bound estimate of delta = 7.655226e-01
    iteration	            R	          eta	        delta	            E	         dEdR	       dEdeta	     dEddelta	    grad norm
a-alpha = -9.742028e-09, fpa = -1.065002e-08
a-alpha = 3.444792e-08, fpa = 3.953230e-09
a-alpha = -8.994872e-09, fpa = -1.039028e-08
minimum found at:
           23	 1.509664e-01	 6.316313e+00	 8.056559e-01	-3.445813e+00	 2.683316e-07	 4.810966e-08	-1.062325e-06	 1.096745e-06
psi(R) = 1.51e-01
parameter values for minimization:
K33 = 3.000000e+01
k24 = 7.000000e-01
Lambda = 2.000000e+01
d0 = 1.000000e+00
omega = 2.200000e+01
gamma_s = 8.000000e-02
initial guesses for R, eta, and delta:
guess for R = 1.509664e-01
guess for eta = 6.316313e+00
guess for delta = 8.056559e-01
estimated ranges of R, eta, and delta:
upper bound estimate of R = 2.264496e-01
lower bound estimate of R = 1.132248e-01
upper bound estimate of eta = 6.416313e+00
lower bound estimate of eta = 6.296313e+00
upper bound estimate of delta = 8.180000e-01
lower bound estimate of delta = 7.653731e-01
    iteration	            R	          eta	        delta	            E	         dEdR	       dEdeta	     dEddelta	    grad norm
a-alpha = 7.799305e-09, fpa = 3.562222e-09
a-alpha = 1.646489e-08, fpa = 1.197354e-08
a-alpha = -4.284074e-09, fpa = -1.309220e-08
minimum found at:
            9	 1.506237e-01	 6.315812e+00	 8.055101e-01	-3.436090e+00	-1.402837e-07	 1.465494e-07	 7.234561e-07	 7.513621e-07
psi(R) = 1.50e-01
parameter values for minimization:
K33 = 3.000000e+01
k24 = 7.000000e-01
Lambda = 2.100000e+01
d0 = 1.000000e+00
omega = 2.200000e+01
gamma_s = 8.000000e-02
initial guesses for R, eta, and delta:
guess for R = 1.506237e-01
guess for eta = 6.315812e+00
guess for delta = 8.055101e-01
estimated ranges of R, eta, and delta:
upper bound estimate of R = 2.259355e-01
lower bound estimate of R = 1.129678e-01
upper bound estimate of eta = 6.415812e+00
lower bound estimate of eta = 6.295812e+00
upper bound estimate of delta = 8.180000e-01
lower bound estimate of delta = 7.652346e-01
    iteration	            R	          eta	        delta	            E	         dEdR	       dEdeta	     dEddelta	    grad norm
a-alpha = -1.357112e-08, fpa = -1.010422e-09
minimum found at:
            9	 1.503433e-01	 6.315339e+00	 8.053749e-01	-3.426726e+00	-8.648451e-08	-1.480297e-07	-1.310137e-07	 2.157706e-07
psi(R) = 1.49e-01
parameter values for minimization:
K33 = 3.000000e+01
k24 = 7.000000e-01
Lambda = 2.200000e+01
d0 = 1.000000e+00
omega = 2.200000e+01
gamma_s = 8.000000e-02
initial guesses for R, eta, and delta:
guess for R = 1.503433e-01
guess for eta = 6.315339e+00
guess for delta = 8.053749e-01
estimated ranges of R, eta, and delta:
upper bound estimate of R = 2.255150e-01
lower bound estimate of R = 1.127575e-01
upper bound estimate of eta = 6.415339e+00
lower bound estimate of eta = 6.295339e+00
upper bound estimate of delta = 8.180000e-01
lower bound estimate of delta = 7.651062e-01
    iteration	            R	          eta	        delta	            E	         dEdR	       dEdeta	     dEddelta	    grad norm
a-alpha = 9.710201e-09, fpa = 7.007776e-09
minimum found at:
           13	 1.501203e-01	 6.314891e+00	 8.052497e-01	-3.417697e+00	-6.388159e-07	 1.978664e-07	 7.836134e-09	 6.688036e-07
psi(R) = 1.48e-01
parameter values for minimization:
K33 = 3.000000e+01
k24 = 7.000000e-01
Lambda = 2.300000e+01
d0 = 1.000000e+00
omega = 2.200000e+01
gamma_s = 8.000000e-02
initial guesses for R, eta, and delta:
guess for R = 1.501203e-01
guess for eta = 6.314891e+00
guess for delta = 8.052497e-01
estimated ranges of R, eta, and delta:
upper bound estimate of R = 2.251805e-01
lower bound estimate of R = 1.125902e-01
upper bound estimate of eta = 6.414891e+00
lower bound estimate of eta = 6.294891e+00
upper bound estimate of delta = 8.180000e-01
lower bound estimate of delta = 7.649872e-01
    iteration	            R	          eta	        delta	            E	         dEdR	       dEdeta	     dEddelta	    grad norm
a-alpha = 6.522038e-09, fpa = 3.139362e-09
minimum found at:
           14	 1.499504e-01	 6.314465e+00	 8.051336e-01	-3.408979e+00	-2.839893e-08	-3.238150e-07	 1.396170e-07	 3.537734e-07
psi(R) = 1.47e-01
parameter values for minimization:
K33 = 3.000000e+01
k24 = 7.000000e-01
Lambda = 2.400000e+01
d0 = 1.000000e+00
omega = 2.200000e+01
gamma_s = 8.000000e-02
initial guesses for R, eta, and delta:
guess for R = 1.499504e-01
guess for eta = 6.314465e+00
guess for delta = 8.051336e-01
estimated ranges of R, eta, and delta:
upper bound estimate of R = 2.249256e-01
lower bound estimate of R = 1.124628e-01
upper bound estimate of eta = 6.414465e+00
lower bound estimate of eta = 6.294465e+00
upper bound estimate of delta = 8.180000e-01
lower bound estimate of delta = 7.648769e-01
    iteration	            R	          eta	        delta	            E	         dEdR	       dEdeta	     dEddelta	    grad norm
a-alpha = -1.954126e-08, fpa = -1.979409e-09
a-alpha = -5.902381e-09, fpa = -6.836018e-10
a-alpha = 1.953719e-08, fpa = 7.529183e-09
minimum found at:
           17	 1.498299e-01	 6.314060e+00	 8.050262e-01	-3.400552e+00	 1.663746e-07	 1.962628e-07	-5.603738e-07	 6.166185e-07
psi(R) = 1.46e-01
parameter values for minimization:
K33 = 3.000000e+01
k24 = 7.000000e-01
Lambda = 2.500000e+01
d0 = 1.000000e+00
omega = 2.200000e+01
gamma_s = 8.000000e-02
initial guesses for R, eta, and delta:
guess for R = 1.498299e-01
guess for eta = 6.314060e+00
guess for delta = 8.050262e-01
estimated ranges of R, eta, and delta:
upper bound estimate of R = 2.247448e-01
lower bound estimate of R = 1.123724e-01
upper bound estimate of eta = 6.414060e+00
lower bound estimate of eta = 6.294060e+00
upper bound estimate of delta = 8.180000e-01
lower bound estimate of delta = 7.647749e-01
    iteration	            R	          eta	        delta	            E	         dEdR	       dEdeta	     dEddelta	    grad norm
minimum found at:
            5	 1.497557e-01	 6.313673e+00	 8.049269e-01	-3.392399e+00	-2.529242e-08	 2.627528e-07	 1.056578e-06	 1.089053e-06
psi(R) = 1.45e-01
parameter values for minimization:
K33 = 3.000000e+01
k24 = 7.000000e-01
Lambda = 2.600000e+01
d0 = 1.000000e+00
omega = 2.200000e+01
gamma_s = 8.000000e-02
initial guesses for R, eta, and delta:
guess for R = 1.497557e-01
guess for eta = 6.313673e+00
guess for delta = 8.049269e-01
estimated ranges of R, eta, and delta:
upper bound estimate of R = 2.246335e-01
lower bound estimate of R = 1.123168e-01
upper bound estimate of eta = 6.413673e+00
lower bound estimate of eta = 6.293673e+00
upper bound estimate of delta = 8.180000e-01
lower bound estimate of delta = 7.646806e-01
    iteration	            R	          eta	        delta	            E	         dEdR	       dEdeta	     dEddelta	    grad norm
a-alpha = 4.908363e-09, fpa = 4.640868e-09
a-alpha = -1.128853e-08, fpa = -1.827526e-09
minimum found at:
           15	 1.497252e-01	 6.313304e+00	 8.048351e-01	-3.384503e+00	 5.008272e-09	 6.537980e-09	-1.193801e-07	 1.196638e-07
psi(R) = 1.44e-01
parameter values for minimization:
K33 = 3.000000e+01
k24 = 7.000000e-01
Lambda = 2.700000e+01
d0 = 1.000000e+00
omega = 2.200000e+01
gamma_s = 8.000000e-02
initial guesses for R, eta, and delta:
guess for R = 1.497252e-01
guess for eta = 6.313304e+00
guess for delta = 8.048351e-01
estimated ranges of R, eta, and delta:
upper bound estimate of R = 2.245878e-01
lower bound estimate of R = 1.122939e-01
upper bound estimate of eta = 6.413304e+00
lower bound estimate of eta = 6.293304e+00
upper bound estimate of delta = 8.180000e-01
lower bound estimate of delta = 7.645933e-01
    iteration	            R	          eta	        delta	            E	         dEdR	       dEdeta	     dEddelta	    grad norm
minimum found at:
           10	 1.497361e-01	 6.312951e+00	 8.047505e-01	-3.376850e+00	 2.544193e-07	 1.532108e-07	-1.444912e-06	 1.475118e-06
psi(R) = 1.43e-01
parameter values for minimization:
K33 = 3.000000e+01
k24 = 7.000000e-01
Lambda = 2.800000e+01
d0 = 1.000000e+00
omega = 2.200000e+01
gamma_s = 8.000000e-02
initial guesses for R, eta, and delta:
guess for R = 1.497361e-01
guess for eta = 6.312951e+00
guess for delta = 8.047505e-01
estimated ranges of R, eta, and delta:
upper bound estimate of R = 2.246042e-01
lower bound estimate of R = 1.123021e-01
upper bound estimate of eta = 6.412951e+00
lower bound estimate of eta = 6.292951e+00
upper bound estimate of delta = 8.180000e-01
lower bound estimate of delta = 7.645130e-01
    iteration	            R	          eta	        delta	            E	         dEdR	       dEdeta	     dEddelta	    grad norm
minimum found at:
           12	 1.497865e-01	 6.312613e+00	 8.046728e-01	-3.369425e+00	 3.565566e-07	 3.990635e-07	 6.849766e-07	 8.692394e-07
psi(R) = 1.42e-01
parameter values for minimization:
K33 = 3.000000e+01
k24 = 7.000000e-01
Lambda = 2.900000e+01
d0 = 1.000000e+00
omega = 2.200000e+01
gamma_s = 8.000000e-02
initial guesses for R, eta, and delta:
guess for R = 1.497865e-01
guess for eta = 6.312613e+00
guess for delta = 8.046728e-01
estimated ranges of R, eta, and delta:
upper bound estimate of R = 2.246797e-01
lower bound estimate of R = 1.123399e-01
upper bound estimate of eta = 6.412613e+00
lower bound estimate of eta = 6.292613e+00
upper bound estimate of delta = 8.180000e-01
lower bound estimate of delta = 7.644392e-01
    iteration	            R	          eta	        delta	            E	         dEdR	       dEdeta	     dEddelta	    grad norm
a-alpha = 3.373348e-09, fpa = 1.100800e-08
minimum found at:
            6	 1.498750e-01	 6.312289e+00	 8.046015e-01	-3.362218e+00	-7.642633e-08	 1.947825e-07	-7.194088e-07	 7.492198e-07
psi(R) = 1.41e-01
parameter values for minimization:
K33 = 3.000000e+01
k24 = 7.000000e-01
Lambda = 3.000000e+01
d0 = 1.000000e+00
omega = 2.200000e+01
gamma_s = 8.000000e-02
initial guesses for R, eta, and delta:
guess for R = 1.498750e-01
guess for eta = 6.312289e+00
guess for delta = 8.046015e-01
estimated ranges of R, eta, and delta:
upper bound estimate of R = 2.248125e-01
lower bound estimate of R = 1.124063e-01
upper bound estimate of eta = 6.412289e+00
lower bound estimate of eta = 6.292289e+00
upper bound estimate of delta = 8.180000e-01
lower bound estimate of delta = 7.643714e-01
    iteration	            R	          eta	        delta	            E	         dEdR	       dEdeta	     dEddelta	    grad norm
a-alpha = -3.124432e-08, fpa = -6.783516e-10
a-alpha = 2.233823e-08, fpa = 8.759453e-10
a-alpha = 1.511208e-08, fpa = 5.274481e-09
minimum found at:
           15	 1.500001e-01	 6.311977e+00	 8.045364e-01	-3.355217e+00	 1.804177e-07	-1.900949e-07	 3.712573e-07	 4.544431e-07
psi(R) = 1.40e-01
