Restoring modules from user's standard_modules


parameter values for minimization:
K33 = 2.000000e+01
k24 = -4.000000e-02
Lambda = 1.000000e+02
d0 = 1.000000e+00
omega = 1.000000e+01
gamma_s = 1.000000e-02
initial guesses for R, eta, and delta:
guess for R = 5.000000e-01
guess for eta = 6.300000e+00
guess for delta = 8.100000e-01
estimated ranges of R, eta, and delta:
upper bound estimate of R = 2.000000e+00
lower bound estimate of R = 1.000000e-01
upper bound estimate of eta = 6.430000e+00
lower bound estimate of eta = 6.290000e+00
upper bound estimate of delta = 8.160000e-01
lower bound estimate of delta = 8.000000e-01
x[1] = -2.055313e-01, x[2] = 6.324334e+00, x[3] = 8.100052e-01
something is too big or less than zero, so returning failed calculation.
x[1] = -6.685317e-01, x[2] = 6.308443e+00, x[3] = 8.099984e-01
something is too big or less than zero, so returning failed calculation.
likely a maximizing (vs minimizing) solution for psi(r), as y[1][2]=-7.265171e-06  which usually means high energy.
solvde convergence failed when x = (1.739225e-01,6.307989e+00,8.100009e-01).
Retrying using a constant y value
the initial guesses were not good, did not successfully find a minimum.
RETRYING!
minimum found at:
    iteration	            R	          eta	        delta	            E	         dEdR	       dEdeta	     dEddelta	    grad norm
            8	 8.735433e-02	 6.290843e+00	 8.103518e-01	-1.806566e+00	-2.273064e-07	 1.875391e-07	 2.623827e-06	 2.640323e-06
success!


parameter values for minimization:
K33 = 2.000000e+01
k24 = -4.000000e-02
Lambda = 1.000000e+02
d0 = 1.000000e+00
omega = 1.000000e+01
gamma_s = 1.393939e-02
initial guesses for R, eta, and delta:
guess for R = 8.735433e-02
guess for eta = 6.290843e+00
guess for delta = 8.103518e-01
estimated ranges of R, eta, and delta:
upper bound estimate of R = 1.310315e-01
lower bound estimate of R = 6.551575e-02
upper bound estimate of eta = 6.320843e+00
lower bound estimate of eta = 6.260843e+00
upper bound estimate of delta = 8.123518e-01
lower bound estimate of delta = 8.053518e-01
Did not successfully find a minimum. Exceeded 100 iterations.


parameter values for minimization:
K33 = 2.000000e+01
k24 = -4.000000e-02
Lambda = 1.000000e+02
d0 = 1.000000e+00
omega = 1.000000e+01
gamma_s = 1.393939e-02
initial guesses for R, eta, and delta:
guess for R = 1.000000e+00
guess for eta = 6.290843e+00
guess for delta = 8.100000e-01
estimated ranges of R, eta, and delta:
upper bound estimate of R = 1.500000e+00
lower bound estimate of R = 7.500000e-01
upper bound estimate of eta = 6.320843e+00
lower bound estimate of eta = 6.260843e+00
upper bound estimate of delta = 8.160000e-01
lower bound estimate of delta = 8.000000e-01
likely a maximizing (vs minimizing) solution for psi(r), as y[1][2]=-3.561993e-05  which usually means high energy.
solvde convergence failed when x = (1.238213e-01,6.500881e+00,8.103718e-01).
Retrying using a constant y value
the initial guesses were not good, did not successfully find a minimum.
RETRYING!
the initial guesses were not good, did not successfully find a minimum.


parameter values for minimization:
K33 = 2.000000e+01
k24 = -4.000000e-02
Lambda = 1.000000e+02
d0 = 1.000000e+00
omega = 1.000000e+01
gamma_s = 1.393939e-02
initial guesses for R, eta, and delta:
guess for R = 1.000000e+00
guess for eta = 6.290843e+00
guess for delta = 0.000000e+00
estimated ranges of R, eta, and delta:
upper bound estimate of R = 1.500000e+00
lower bound estimate of R = 7.500000e-01
upper bound estimate of eta = 6.320843e+00
lower bound estimate of eta = 6.260843e+00
upper bound estimate of delta = 2.000000e-03
lower bound estimate of delta = -5.000000e-03
x[1] = -1.767875e+00, x[2] = 6.290843e+00, x[3] = 1.000078e-12
something is too big or less than zero, so returning failed calculation.
x[1] = -1.729114e-01, x[2] = 6.290843e+00, x[3] = 3.968566e-11
something is too big or less than zero, so returning failed calculation.
minimum found at:
    iteration	            R	          eta	        delta	            E	         dEdR	       dEdeta	     dEddelta	    grad norm
            2	 2.020818e-01	 6.290843e+00	 2.890080e-13	-2.186958e-01	 9.254326e-09	-9.251859e-11	 1.057355e-09	 9.314994e-09
success!


parameter values for minimization:
K33 = 2.000000e+01
k24 = -4.000000e-02
Lambda = 1.000000e+02
d0 = 1.000000e+00
omega = 1.000000e+01
gamma_s = 1.787879e-02
initial guesses for R, eta, and delta:
guess for R = 2.020818e-01
guess for eta = 6.290843e+00
guess for delta = 2.890080e-13
estimated ranges of R, eta, and delta:
upper bound estimate of R = 3.031227e-01
lower bound estimate of R = 1.515614e-01
upper bound estimate of eta = 6.320843e+00
lower bound estimate of eta = 6.260843e+00
upper bound estimate of delta = 2.000000e-03
lower bound estimate of delta = -5.000000e-03
minimum found at:
    iteration	            R	          eta	        delta	            E	         dEdR	       dEdeta	     dEddelta	    grad norm
            2	 2.325359e-01	 6.290843e+00	-6.942532e-13	-1.823960e-01	 1.042992e-07	 0.000000e+00	 2.379049e-09	 1.043263e-07
success!


parameter values for minimization:
K33 = 2.000000e+01
k24 = -4.000000e-02
Lambda = 1.000000e+02
d0 = 1.000000e+00
omega = 1.000000e+01
gamma_s = 2.181818e-02
initial guesses for R, eta, and delta:
guess for R = 2.325359e-01
guess for eta = 6.290843e+00
guess for delta = -6.942532e-13
estimated ranges of R, eta, and delta:
upper bound estimate of R = 3.488038e-01
lower bound estimate of R = 1.744019e-01
upper bound estimate of eta = 6.320843e+00
lower bound estimate of eta = 6.260843e+00
upper bound estimate of delta = 2.000000e-03
lower bound estimate of delta = -5.000000e-03
minimum found at:
    iteration	            R	          eta	        delta	            E	         dEdR	       dEdeta	     dEddelta	    grad norm
            3	 2.621963e-01	 6.290843e+00	-2.111226e-12	-1.505124e-01	-2.121962e-11	 2.775558e-10	 8.458842e-09	 8.463421e-09
success!


parameter values for minimization:
K33 = 2.000000e+01
k24 = -4.000000e-02
Lambda = 1.000000e+02
d0 = 1.000000e+00
omega = 1.000000e+01
gamma_s = 2.575758e-02
initial guesses for R, eta, and delta:
guess for R = 2.621963e-01
guess for eta = 6.290843e+00
guess for delta = -2.111226e-12
estimated ranges of R, eta, and delta:
upper bound estimate of R = 3.932944e-01
lower bound estimate of R = 1.966472e-01
upper bound estimate of eta = 6.320843e+00
lower bound estimate of eta = 6.260843e+00
upper bound estimate of delta = 2.000000e-03
lower bound estimate of delta = -5.000000e-03
minimum found at:
    iteration	            R	          eta	        delta	            E	         dEdR	       dEdeta	     dEddelta	    grad norm
            2	 2.915596e-01	 6.290843e+00	-4.942016e-12	-1.220309e-01	 7.151296e-10	-6.167906e-11	-9.780536e-09	 9.806840e-09
success!


parameter values for minimization:
K33 = 2.000000e+01
k24 = -4.000000e-02
Lambda = 1.000000e+02
d0 = 1.000000e+00
omega = 1.000000e+01
gamma_s = 2.969697e-02
initial guesses for R, eta, and delta:
guess for R = 2.915596e-01
guess for eta = 6.290843e+00
guess for delta = -4.942016e-12
estimated ranges of R, eta, and delta:
upper bound estimate of R = 4.373394e-01
lower bound estimate of R = 2.186697e-01
upper bound estimate of eta = 6.320843e+00
lower bound estimate of eta = 6.260843e+00
upper bound estimate of delta = 2.000000e-03
lower bound estimate of delta = -5.000000e-03
minimum found at:
    iteration	            R	          eta	        delta	            E	         dEdR	       dEdeta	     dEddelta	    grad norm
            1	 3.209303e-01	 6.290843e+00	-3.654419e-12	-9.628326e-02	 7.954231e-10	 2.158767e-10	 3.521058e-09	 3.616234e-09
success!


parameter values for minimization:
K33 = 2.000000e+01
k24 = -4.000000e-02
Lambda = 1.000000e+02
d0 = 1.000000e+00
omega = 1.000000e+01
gamma_s = 3.363636e-02
initial guesses for R, eta, and delta:
guess for R = 3.209303e-01
guess for eta = 6.290843e+00
guess for delta = -3.654419e-12
estimated ranges of R, eta, and delta:
upper bound estimate of R = 4.813955e-01
lower bound estimate of R = 2.406977e-01
upper bound estimate of eta = 6.320843e+00
lower bound estimate of eta = 6.260843e+00
upper bound estimate of delta = 2.000000e-03
lower bound estimate of delta = -5.000000e-03
minimum found at:
    iteration	            R	          eta	        delta	            E	         dEdR	       dEdeta	     dEddelta	    grad norm
            2	 3.505123e-01	 6.290843e+00	-5.555084e-12	-7.279812e-02	 6.534403e-11	-2.158767e-10	-8.086628e-09	 8.089773e-09
success!


parameter values for minimization:
K33 = 2.000000e+01
k24 = -4.000000e-02
Lambda = 1.000000e+02
d0 = 1.000000e+00
omega = 1.000000e+01
gamma_s = 3.757576e-02
initial guesses for R, eta, and delta:
guess for R = 3.505123e-01
guess for eta = 6.290843e+00
guess for delta = -5.555084e-12
estimated ranges of R, eta, and delta:
upper bound estimate of R = 5.257684e-01
lower bound estimate of R = 2.628842e-01
upper bound estimate of eta = 6.320843e+00
lower bound estimate of eta = 6.260843e+00
upper bound estimate of delta = 2.000000e-03
lower bound estimate of delta = -5.000000e-03
minimum found at:
    iteration	            R	          eta	        delta	            E	         dEdR	       dEdeta	     dEddelta	    grad norm
            2	 3.804516e-01	 6.290843e+00	-4.647340e-12	-5.122674e-02	 2.498750e-10	 5.396917e-10	 3.965082e-09	 4.009437e-09
success!


parameter values for minimization:
K33 = 2.000000e+01
k24 = -4.000000e-02
Lambda = 1.000000e+02
d0 = 1.000000e+00
omega = 1.000000e+01
gamma_s = 4.151515e-02
initial guesses for R, eta, and delta:
guess for R = 3.804516e-01
guess for eta = 6.290843e+00
guess for delta = -4.647340e-12
estimated ranges of R, eta, and delta:
upper bound estimate of R = 5.706774e-01
lower bound estimate of R = 2.853387e-01
upper bound estimate of eta = 6.320843e+00
lower bound estimate of eta = 6.260843e+00
upper bound estimate of delta = 2.000000e-03
lower bound estimate of delta = -5.000000e-03
minimum found at:
    iteration	            R	          eta	        delta	            E	         dEdR	       dEdeta	     dEddelta	    grad norm
            2	 4.108581e-01	 6.290843e+00	-4.612134e-12	-3.130149e-02	 1.653631e-10	 1.541976e-11	-2.643388e-10	 3.121822e-10
success!


parameter values for minimization:
K33 = 2.000000e+01
k24 = -4.000000e-02
Lambda = 1.000000e+02
d0 = 1.000000e+00
omega = 1.000000e+01
gamma_s = 4.545455e-02
initial guesses for R, eta, and delta:
guess for R = 4.108581e-01
guess for eta = 6.290843e+00
guess for delta = -4.612134e-12
estimated ranges of R, eta, and delta:
upper bound estimate of R = 6.162872e-01
lower bound estimate of R = 3.081436e-01
upper bound estimate of eta = 6.320843e+00
lower bound estimate of eta = 6.260843e+00
upper bound estimate of delta = 2.000000e-03
lower bound estimate of delta = -5.000000e-03
minimum found at:
    iteration	            R	          eta	        delta	            E	         dEdR	       dEdeta	     dEddelta	    grad norm
            2	 4.418183e-01	 6.290843e+00	-5.259045e-12	-1.281109e-02	 2.281862e-10	 1.541976e-10	-2.907727e-09	 2.920740e-09
success!


parameter values for minimization:
K33 = 2.000000e+01
k24 = -4.000000e-02
Lambda = 1.000000e+02
d0 = 1.000000e+00
omega = 1.000000e+01
gamma_s = 4.939394e-02
initial guesses for R, eta, and delta:
guess for R = 4.418183e-01
guess for eta = 6.290843e+00
guess for delta = -5.259045e-12
estimated ranges of R, eta, and delta:
upper bound estimate of R = 6.627274e-01
lower bound estimate of R = 3.313637e-01
upper bound estimate of eta = 6.320843e+00
lower bound estimate of eta = 6.260843e+00
upper bound estimate of delta = 2.000000e-03
lower bound estimate of delta = -5.000000e-03
minimum found at:
    iteration	            R	          eta	        delta	            E	         dEdR	       dEdeta	     dEddelta	    grad norm
            2	 4.734028e-01	 6.290843e+00	-5.234766e-12	 4.415041e-03	 5.025700e-11	 7.093092e-10	-2.459340e-09	 2.560078e-09
success!


parameter values for minimization:
K33 = 2.000000e+01
k24 = -4.000000e-02
Lambda = 1.000000e+02
d0 = 1.000000e+00
omega = 1.000000e+01
gamma_s = 5.333333e-02
initial guesses for R, eta, and delta:
guess for R = 4.734028e-01
guess for eta = 6.290843e+00
guess for delta = -5.234766e-12
estimated ranges of R, eta, and delta:
upper bound estimate of R = 7.101042e-01
lower bound estimate of R = 3.550521e-01
upper bound estimate of eta = 6.320843e+00
lower bound estimate of eta = 6.260843e+00
upper bound estimate of delta = 2.000000e-03
lower bound estimate of delta = -5.000000e-03
minimum found at:
    iteration	            R	          eta	        delta	            E	         dEdR	       dEdeta	     dEddelta	    grad norm
            3	 5.056706e-01	 6.290843e+00	-1.903376e-12	 2.051720e-02	-8.249618e-12	 5.705313e-10	 5.967976e-10	 8.256763e-10
success!


parameter values for minimization:
K33 = 2.000000e+01
k24 = -4.000000e-02
Lambda = 1.000000e+02
d0 = 1.000000e+00
omega = 1.000000e+01
gamma_s = 5.727273e-02
initial guesses for R, eta, and delta:
guess for R = 5.056706e-01
guess for eta = 6.290843e+00
guess for delta = -1.903376e-12
estimated ranges of R, eta, and delta:
upper bound estimate of R = 7.585059e-01
lower bound estimate of R = 3.792529e-01
upper bound estimate of eta = 6.320843e+00
lower bound estimate of eta = 6.260843e+00
upper bound estimate of delta = 2.000000e-03
lower bound estimate of delta = -5.000000e-03
minimum found at:
    iteration	            R	          eta	        delta	            E	         dEdR	       dEdeta	     dEddelta	    grad norm
            3	 5.386728e-01	 6.290843e+00	-1.436963e-12	 3.561255e-02	 6.830587e-11	-8.267003e-10	 5.485030e-09	 5.547401e-09
success!


parameter values for minimization:
K33 = 2.000000e+01
k24 = -4.000000e-02
Lambda = 1.000000e+02
d0 = 1.000000e+00
omega = 1.000000e+01
gamma_s = 6.121212e-02
initial guesses for R, eta, and delta:
guess for R = 5.386728e-01
guess for eta = 6.290843e+00
guess for delta = -1.436963e-12
estimated ranges of R, eta, and delta:
upper bound estimate of R = 8.080092e-01
lower bound estimate of R = 4.040046e-01
upper bound estimate of eta = 6.320843e+00
lower bound estimate of eta = 6.260843e+00
upper bound estimate of delta = 2.000000e-03
lower bound estimate of delta = -5.000000e-03
minimum found at:
    iteration	            R	          eta	        delta	            E	         dEdR	       dEdeta	     dEddelta	    grad norm
            2	 5.724547e-01	 6.290843e+00	-1.467493e-12	 4.980023e-02	 1.305322e-10	 0.000000e+00	-4.162450e-10	 4.362322e-10
success!


parameter values for minimization:
K33 = 2.000000e+01
k24 = -4.000000e-02
Lambda = 1.000000e+02
d0 = 1.000000e+00
omega = 1.000000e+01
gamma_s = 6.515152e-02
initial guesses for R, eta, and delta:
guess for R = 5.724547e-01
guess for eta = 6.290843e+00
guess for delta = -1.467493e-12
estimated ranges of R, eta, and delta:
upper bound estimate of R = 8.586820e-01
lower bound estimate of R = 4.293410e-01
upper bound estimate of eta = 6.320843e+00
lower bound estimate of eta = 6.260843e+00
upper bound estimate of delta = 2.000000e-03
lower bound estimate of delta = -5.000000e-03
minimum found at:
    iteration	            R	          eta	        delta	            E	         dEdR	       dEdeta	     dEddelta	    grad norm
            2	 6.070569e-01	 6.290843e+00	-3.656055e-13	 6.316506e-02	-8.835079e-11	-5.396917e-11	 5.286776e-10	 5.387194e-10
success!


parameter values for minimization:
K33 = 2.000000e+01
k24 = -4.000000e-02
Lambda = 1.000000e+02
d0 = 1.000000e+00
omega = 1.000000e+01
gamma_s = 6.909091e-02
initial guesses for R, eta, and delta:
guess for R = 6.070569e-01
guess for eta = 6.290843e+00
guess for delta = -3.656055e-13
estimated ranges of R, eta, and delta:
upper bound estimate of R = 9.105854e-01
lower bound estimate of R = 4.552927e-01
upper bound estimate of eta = 6.320843e+00
lower bound estimate of eta = 6.260843e+00
upper bound estimate of delta = 2.000000e-03
lower bound estimate of delta = -5.000000e-03
minimum found at:
    iteration	            R	          eta	        delta	            E	         dEdR	       dEdeta	     dEddelta	    grad norm
            2	 6.425167e-01	 6.290843e+00	 8.966590e-13	 7.578028e-02	-5.821776e-11	-4.820495e-10	-1.321694e-09	 1.408061e-09
success!


parameter values for minimization:
K33 = 2.000000e+01
k24 = -4.000000e-02
Lambda = 1.000000e+02
d0 = 1.000000e+00
omega = 1.000000e+01
gamma_s = 7.303030e-02
initial guesses for R, eta, and delta:
guess for R = 6.425167e-01
guess for eta = 6.290843e+00
guess for delta = 8.966590e-13
estimated ranges of R, eta, and delta:
upper bound estimate of R = 9.637751e-01
lower bound estimate of R = 4.818875e-01
upper bound estimate of eta = 6.320843e+00
lower bound estimate of eta = 6.260843e+00
upper bound estimate of delta = 2.000000e-03
lower bound estimate of delta = -5.000000e-03
minimum found at:
    iteration	            R	          eta	        delta	            E	         dEdR	       dEdeta	     dEddelta	    grad norm
            2	 6.788689e-01	 6.290843e+00	 8.590472e-13	 8.770970e-02	 4.946498e-11	-2.312965e-11	 2.114711e-09	 2.115415e-09
success!


parameter values for minimization:
K33 = 2.000000e+01
k24 = -4.000000e-02
Lambda = 1.000000e+02
d0 = 1.000000e+00
omega = 1.000000e+01
gamma_s = 7.696970e-02
initial guesses for R, eta, and delta:
guess for R = 6.788689e-01
guess for eta = 6.290843e+00
guess for delta = 8.590472e-13
estimated ranges of R, eta, and delta:
upper bound estimate of R = 1.018303e+00
lower bound estimate of R = 5.091517e-01
upper bound estimate of eta = 6.320843e+00
lower bound estimate of eta = 6.260843e+00
upper bound estimate of delta = 2.000000e-03
lower bound estimate of delta = -5.000000e-03
minimum found at:
    iteration	            R	          eta	        delta	            E	         dEdR	       dEdeta	     dEddelta	    grad norm
            2	 7.161463e-01	 6.290843e+00	-1.347017e-12	 9.900929e-02	 9.938668e-11	 0.000000e+00	 8.132900e-09	 8.133507e-09
success!


parameter values for minimization:
K33 = 2.000000e+01
k24 = -4.000000e-02
Lambda = 1.000000e+02
d0 = 1.000000e+00
omega = 1.000000e+01
gamma_s = 8.090909e-02
initial guesses for R, eta, and delta:
guess for R = 7.161463e-01
guess for eta = 6.290843e+00
guess for delta = -1.347017e-12
estimated ranges of R, eta, and delta:
upper bound estimate of R = 1.074219e+00
lower bound estimate of R = 5.371097e-01
upper bound estimate of eta = 6.320843e+00
lower bound estimate of eta = 6.260843e+00
upper bound estimate of delta = 2.000000e-03
lower bound estimate of delta = -5.000000e-03
minimum found at:
    iteration	            R	          eta	        delta	            E	         dEdR	       dEdeta	     dEddelta	    grad norm
            2	 7.543804e-01	 6.290843e+00	-1.717465e-12	 1.097285e-01	 1.111030e-10	-7.247289e-10	-6.608470e-10	 9.870637e-10
success!


parameter values for minimization:
K33 = 2.000000e+01
k24 = -4.000000e-02
Lambda = 1.000000e+02
d0 = 1.000000e+00
omega = 1.000000e+01
gamma_s = 8.484848e-02
initial guesses for R, eta, and delta:
guess for R = 7.543804e-01
guess for eta = 6.290843e+00
guess for delta = -1.717465e-12
estimated ranges of R, eta, and delta:
upper bound estimate of R = 1.131571e+00
lower bound estimate of R = 5.657853e-01
upper bound estimate of eta = 6.320843e+00
lower bound estimate of eta = 6.260843e+00
upper bound estimate of delta = 2.000000e-03
lower bound estimate of delta = -5.000000e-03
minimum found at:
    iteration	            R	          eta	        delta	            E	         dEdR	       dEdeta	     dEddelta	    grad norm
            2	 7.936016e-01	 6.290843e+00	 7.939699e-14	 1.199112e-01	-4.006299e-11	 0.000000e+00	-7.930164e-10	 7.940278e-10
success!


parameter values for minimization:
K33 = 2.000000e+01
k24 = -4.000000e-02
Lambda = 1.000000e+02
d0 = 1.000000e+00
omega = 1.000000e+01
gamma_s = 8.878788e-02
initial guesses for R, eta, and delta:
guess for R = 7.936016e-01
guess for eta = 6.290843e+00
guess for delta = 7.939699e-14
estimated ranges of R, eta, and delta:
upper bound estimate of R = 1.190402e+00
lower bound estimate of R = 5.952012e-01
upper bound estimate of eta = 6.320843e+00
lower bound estimate of eta = 6.260843e+00
upper bound estimate of delta = 2.000000e-03
lower bound estimate of delta = -5.000000e-03
minimum found at:
    iteration	            R	          eta	        delta	            E	         dEdR	       dEdeta	     dEddelta	    grad norm
            2	 8.338396e-01	 6.290843e+00	 1.007530e-12	 1.295966e-01	 1.865290e-11	-1.137923e-10	-3.568574e-09	 3.570437e-09
success!


parameter values for minimization:
K33 = 2.000000e+01
k24 = -4.000000e-02
Lambda = 1.000000e+02
d0 = 1.000000e+00
omega = 1.000000e+01
gamma_s = 9.272727e-02
initial guesses for R, eta, and delta:
guess for R = 8.338396e-01
guess for eta = 6.290843e+00
guess for delta = 1.007530e-12
estimated ranges of R, eta, and delta:
upper bound estimate of R = 1.250759e+00
lower bound estimate of R = 6.253797e-01
upper bound estimate of eta = 6.320843e+00
lower bound estimate of eta = 6.260843e+00
upper bound estimate of delta = 2.000000e-03
lower bound estimate of delta = -5.000000e-03
minimum found at:
    iteration	            R	          eta	        delta	            E	         dEdR	       dEdeta	     dEddelta	    grad norm
            2	 8.751238e-01	 6.290843e+00	 8.355751e-13	 1.388199e-01	-5.406279e-11	 7.709882e-11	-2.907727e-09	 2.909251e-09
success!


parameter values for minimization:
K33 = 2.000000e+01
k24 = -4.000000e-02
Lambda = 1.000000e+02
d0 = 1.000000e+00
omega = 1.000000e+01
gamma_s = 9.666667e-02
initial guesses for R, eta, and delta:
guess for R = 8.751238e-01
guess for eta = 6.290843e+00
guess for delta = 8.355751e-13
estimated ranges of R, eta, and delta:
upper bound estimate of R = 1.312686e+00
lower bound estimate of R = 6.563429e-01
upper bound estimate of eta = 6.320843e+00
lower bound estimate of eta = 6.260843e+00
upper bound estimate of delta = 2.000000e-03
lower bound estimate of delta = -5.000000e-03
minimum found at:
    iteration	            R	          eta	        delta	            E	         dEdR	       dEdeta	     dEddelta	    grad norm
            2	 9.174834e-01	 6.290843e+00	-1.380098e-13	 1.476128e-01	 3.333017e-08	 6.167906e-11	 9.251859e-10	 3.334307e-08
success!


parameter values for minimization:
K33 = 2.000000e+01
k24 = -4.000000e-02
Lambda = 1.000000e+02
d0 = 1.000000e+00
omega = 1.000000e+01
gamma_s = 1.006061e-01
initial guesses for R, eta, and delta:
guess for R = 9.174834e-01
guess for eta = 6.290843e+00
guess for delta = -1.380098e-13
estimated ranges of R, eta, and delta:
upper bound estimate of R = 1.376225e+00
lower bound estimate of R = 6.881125e-01
upper bound estimate of eta = 6.320843e+00
lower bound estimate of eta = 6.260843e+00
upper bound estimate of delta = 2.000000e-03
lower bound estimate of delta = -5.000000e-03
minimum found at:
    iteration	            R	          eta	        delta	            E	         dEdR	       dEdeta	     dEddelta	    grad norm
            2	 9.609473e-01	 6.290843e+00	 1.990343e-12	 1.560038e-01	 3.294763e-08	 0.000000e+00	 6.740640e-09	 3.363009e-08
success!


parameter values for minimization:
K33 = 2.000000e+01
k24 = -4.000000e-02
Lambda = 1.000000e+02
d0 = 1.000000e+00
omega = 1.000000e+01
gamma_s = 1.045455e-01
initial guesses for R, eta, and delta:
guess for R = 9.609473e-01
guess for eta = 6.290843e+00
guess for delta = 1.990343e-12
estimated ranges of R, eta, and delta:
upper bound estimate of R = 1.441421e+00
lower bound estimate of R = 7.207105e-01
upper bound estimate of eta = 6.320843e+00
lower bound estimate of eta = 6.260843e+00
upper bound estimate of delta = 2.000000e-03
lower bound estimate of delta = -5.000000e-03
minimum found at:
    iteration	            R	          eta	        delta	            E	         dEdR	       dEdeta	     dEddelta	    grad norm
            2	 1.005545e+00	 6.290843e+00	 1.010868e-12	 1.640190e-01	 3.166922e-08	 6.167906e-11	-1.057355e-09	 3.168692e-08
success!


parameter values for minimization:
K33 = 2.000000e+01
k24 = -4.000000e-02
Lambda = 1.000000e+02
d0 = 1.000000e+00
omega = 1.000000e+01
gamma_s = 1.084848e-01
initial guesses for R, eta, and delta:
guess for R = 1.005545e+00
guess for eta = 6.290843e+00
guess for delta = 1.010868e-12
estimated ranges of R, eta, and delta:
upper bound estimate of R = 1.508317e+00
lower bound estimate of R = 7.541587e-01
upper bound estimate of eta = 6.320843e+00
lower bound estimate of eta = 6.260843e+00
upper bound estimate of delta = 2.000000e-03
lower bound estimate of delta = -5.000000e-03
minimum found at:
    iteration	            R	          eta	        delta	            E	         dEdR	       dEdeta	     dEddelta	    grad norm
            2	 1.051307e+00	 6.290843e+00	-1.217581e-12	 1.716820e-01	 3.015299e-08	 4.625929e-11	 4.097252e-09	 3.043013e-08
success!


parameter values for minimization:
K33 = 2.000000e+01
k24 = -4.000000e-02
Lambda = 1.000000e+02
d0 = 1.000000e+00
omega = 1.000000e+01
gamma_s = 1.124242e-01
initial guesses for R, eta, and delta:
guess for R = 1.051307e+00
guess for eta = 6.290843e+00
guess for delta = -1.217581e-12
estimated ranges of R, eta, and delta:
upper bound estimate of R = 1.576960e+00
lower bound estimate of R = 7.884802e-01
upper bound estimate of eta = 6.320843e+00
lower bound estimate of eta = 6.260843e+00
upper bound estimate of delta = 2.000000e-03
lower bound estimate of delta = -5.000000e-03
minimum found at:
    iteration	            R	          eta	        delta	            E	         dEdR	       dEdeta	     dEddelta	    grad norm
            2	 1.098262e+00	 6.290843e+00	 4.116343e-13	 1.790144e-01	 2.846147e-08	 2.775558e-10	 1.586033e-09	 2.850698e-08
success!


parameter values for minimization:
K33 = 2.000000e+01
k24 = -4.000000e-02
Lambda = 1.000000e+02
d0 = 1.000000e+00
omega = 1.000000e+01
gamma_s = 1.163636e-01
initial guesses for R, eta, and delta:
guess for R = 1.098262e+00
guess for eta = 6.290843e+00
guess for delta = 4.116343e-13
estimated ranges of R, eta, and delta:
upper bound estimate of R = 1.647393e+00
lower bound estimate of R = 8.236965e-01
upper bound estimate of eta = 6.320843e+00
lower bound estimate of eta = 6.260843e+00
upper bound estimate of delta = 2.000000e-03
lower bound estimate of delta = -5.000000e-03
minimum found at:
    iteration	            R	          eta	        delta	            E	         dEdR	       dEdeta	     dEddelta	    grad norm
            2	 1.146444e+00	 6.290843e+00	-4.180471e-13	 1.860360e-01	 2.669201e-08	-6.167906e-11	 3.965082e-09	 2.698498e-08
success!


parameter values for minimization:
K33 = 2.000000e+01
k24 = -4.000000e-02
Lambda = 1.000000e+02
d0 = 1.000000e+00
omega = 1.000000e+01
gamma_s = 1.203030e-01
initial guesses for R, eta, and delta:
guess for R = 1.146444e+00
guess for eta = 6.290843e+00
guess for delta = -4.180471e-13
estimated ranges of R, eta, and delta:
upper bound estimate of R = 1.719666e+00
lower bound estimate of R = 8.598330e-01
upper bound estimate of eta = 6.320843e+00
lower bound estimate of eta = 6.260843e+00
upper bound estimate of delta = 2.000000e-03
lower bound estimate of delta = -5.000000e-03
minimum found at:
    iteration	            R	          eta	        delta	            E	         dEdR	       dEdeta	     dEddelta	    grad norm
            2	 1.195883e+00	 6.290843e+00	 1.159143e-12	 1.927650e-01	 2.500962e-08	-1.387779e-10	 5.683285e-09	 2.564761e-08
success!


parameter values for minimization:
K33 = 2.000000e+01
k24 = -4.000000e-02
Lambda = 1.000000e+02
d0 = 1.000000e+00
omega = 1.000000e+01
gamma_s = 1.242424e-01
initial guesses for R, eta, and delta:
guess for R = 1.195883e+00
guess for eta = 6.290843e+00
guess for delta = 1.159143e-12
estimated ranges of R, eta, and delta:
upper bound estimate of R = 1.793824e+00
lower bound estimate of R = 8.969122e-01
upper bound estimate of eta = 6.320843e+00
lower bound estimate of eta = 6.260843e+00
upper bound estimate of delta = 2.000000e-03
lower bound estimate of delta = -5.000000e-03
minimum found at:
    iteration	            R	          eta	        delta	            E	         dEdR	       dEdeta	     dEddelta	    grad norm
            2	 1.246614e+00	 6.290843e+00	-1.082748e-12	 1.992179e-01	 2.343621e-08	 0.000000e+00	-3.832913e-09	 2.374757e-08
success!


parameter values for minimization:
K33 = 2.000000e+01
k24 = -4.000000e-02
Lambda = 1.000000e+02
d0 = 1.000000e+00
omega = 1.000000e+01
gamma_s = 1.281818e-01
initial guesses for R, eta, and delta:
guess for R = 1.246614e+00
guess for eta = 6.290843e+00
guess for delta = -1.082748e-12
estimated ranges of R, eta, and delta:
upper bound estimate of R = 1.869921e+00
lower bound estimate of R = 9.349605e-01
upper bound estimate of eta = 6.320843e+00
lower bound estimate of eta = 6.260843e+00
upper bound estimate of delta = 2.000000e-03
lower bound estimate of delta = -5.000000e-03
minimum found at:
    iteration	            R	          eta	        delta	            E	         dEdR	       dEdeta	     dEddelta	    grad norm
            2	 1.298671e+00	 6.290843e+00	 4.052644e-13	 2.054102e-01	 2.157110e-08	-1.541976e-10	 1.982541e-09	 2.166256e-08
success!


parameter values for minimization:
K33 = 2.000000e+01
k24 = -4.000000e-02
Lambda = 1.000000e+02
d0 = 1.000000e+00
omega = 1.000000e+01
gamma_s = 1.321212e-01
initial guesses for R, eta, and delta:
guess for R = 1.298671e+00
guess for eta = 6.290843e+00
guess for delta = 4.052644e-13
estimated ranges of R, eta, and delta:
upper bound estimate of R = 1.948006e+00
lower bound estimate of R = 9.740032e-01
upper bound estimate of eta = 6.320843e+00
lower bound estimate of eta = 6.260843e+00
upper bound estimate of delta = 2.000000e-03
lower bound estimate of delta = -5.000000e-03
minimum found at:
    iteration	            R	          eta	        delta	            E	         dEdR	       dEdeta	     dEddelta	    grad norm
            2	 1.352091e+00	 6.290843e+00	 1.217814e-12	 2.113560e-01	 1.995222e-08	-3.083953e-11	-4.361590e-09	 2.042341e-08
success!


parameter values for minimization:
K33 = 2.000000e+01
k24 = -4.000000e-02
Lambda = 1.000000e+02
d0 = 1.000000e+00
omega = 1.000000e+01
gamma_s = 1.360606e-01
initial guesses for R, eta, and delta:
guess for R = 1.352091e+00
guess for eta = 6.290843e+00
guess for delta = 1.217814e-12
estimated ranges of R, eta, and delta:
upper bound estimate of R = 2.028137e+00
lower bound estimate of R = 1.014068e+00
upper bound estimate of eta = 6.320843e+00
lower bound estimate of eta = 6.260843e+00
upper bound estimate of delta = 2.000000e-03
lower bound estimate of delta = -5.000000e-03
minimum found at:
    iteration	            R	          eta	        delta	            E	         dEdR	       dEdeta	     dEddelta	    grad norm
            2	 1.406913e+00	 6.290843e+00	 6.075127e-13	 2.170686e-01	 1.833277e-08	 2.158767e-10	 3.172066e-09	 1.860643e-08
success!


parameter values for minimization:
K33 = 2.000000e+01
k24 = -4.000000e-02
Lambda = 1.000000e+02
d0 = 1.000000e+00
omega = 1.000000e+01
gamma_s = 1.400000e-01
initial guesses for R, eta, and delta:
guess for R = 1.406913e+00
guess for eta = 6.290843e+00
guess for delta = 6.075127e-13
estimated ranges of R, eta, and delta:
upper bound estimate of R = 2.110370e+00
lower bound estimate of R = 1.055185e+00
upper bound estimate of eta = 6.320843e+00
lower bound estimate of eta = 6.260843e+00
upper bound estimate of delta = 2.000000e-03
lower bound estimate of delta = -5.000000e-03
minimum found at:
    iteration	            R	          eta	        delta	            E	         dEdR	       dEdeta	     dEddelta	    grad norm
            2	 1.463177e+00	 6.290843e+00	-3.562897e-13	 2.225601e-01	 1.684859e-08	 2.775558e-10	-5.683285e-09	 1.778346e-08
success!


parameter values for minimization:
K33 = 2.000000e+01
k24 = -4.000000e-02
Lambda = 1.000000e+02
d0 = 1.000000e+00
omega = 1.000000e+01
gamma_s = 1.439394e-01
initial guesses for R, eta, and delta:
guess for R = 1.463177e+00
guess for eta = 6.290843e+00
guess for delta = -3.562897e-13
estimated ranges of R, eta, and delta:
upper bound estimate of R = 2.194765e+00
lower bound estimate of R = 1.097383e+00
upper bound estimate of eta = 6.320843e+00
lower bound estimate of eta = 6.260843e+00
upper bound estimate of delta = 2.000000e-03
lower bound estimate of delta = -5.000000e-03
minimum found at:
    iteration	            R	          eta	        delta	            E	         dEdR	       dEdeta	     dEddelta	    grad norm
            2	 1.520928e+00	 6.290843e+00	 9.938738e-13	 2.278417e-01	 1.535172e-08	 2.775558e-10	 1.453863e-09	 1.542290e-08
success!


parameter values for minimization:
K33 = 2.000000e+01
k24 = -4.000000e-02
Lambda = 1.000000e+02
d0 = 1.000000e+00
omega = 1.000000e+01
gamma_s = 1.478788e-01
initial guesses for R, eta, and delta:
guess for R = 1.520928e+00
guess for eta = 6.290843e+00
guess for delta = 9.938738e-13
estimated ranges of R, eta, and delta:
upper bound estimate of R = 2.281392e+00
lower bound estimate of R = 1.140696e+00
upper bound estimate of eta = 6.320843e+00
lower bound estimate of eta = 6.260843e+00
upper bound estimate of delta = 2.000000e-03
lower bound estimate of delta = -5.000000e-03
minimum found at:
    iteration	            R	          eta	        delta	            E	         dEdR	       dEdeta	     dEddelta	    grad norm
            2	 1.580212e+00	 6.290843e+00	 2.403312e-12	 2.329239e-01	 1.390176e-08	 2.775558e-10	 5.286776e-09	 1.487569e-08
success!


parameter values for minimization:
K33 = 2.000000e+01
k24 = -4.000000e-02
Lambda = 1.000000e+02
d0 = 1.000000e+00
omega = 1.000000e+01
gamma_s = 1.518182e-01
initial guesses for R, eta, and delta:
guess for R = 1.580212e+00
guess for eta = 6.290843e+00
guess for delta = 2.403312e-12
estimated ranges of R, eta, and delta:
upper bound estimate of R = 2.370318e+00
lower bound estimate of R = 1.185159e+00
upper bound estimate of eta = 6.320843e+00
lower bound estimate of eta = 6.260843e+00
upper bound estimate of delta = 2.000000e-03
lower bound estimate of delta = -5.000000e-03
minimum found at:
    iteration	            R	          eta	        delta	            E	         dEdR	       dEdeta	     dEddelta	    grad norm
            2	 1.641078e+00	 6.290843e+00	-2.076881e-12	 2.378166e-01	 1.251839e-08	 3.083953e-11	-9.251859e-09	 1.556624e-08
success!


parameter values for minimization:
K33 = 2.000000e+01
k24 = -4.000000e-02
Lambda = 1.000000e+02
d0 = 1.000000e+00
omega = 1.000000e+01
gamma_s = 1.557576e-01
initial guesses for R, eta, and delta:
guess for R = 1.641078e+00
guess for eta = 6.290843e+00
guess for delta = -2.076881e-12
estimated ranges of R, eta, and delta:
upper bound estimate of R = 2.461617e+00
lower bound estimate of R = 1.230808e+00
upper bound estimate of eta = 6.320843e+00
lower bound estimate of eta = 6.260843e+00
upper bound estimate of delta = 2.000000e-03
lower bound estimate of delta = -5.000000e-03
minimum found at:
    iteration	            R	          eta	        delta	            E	         dEdR	       dEdeta	     dEddelta	    grad norm
            2	 1.703580e+00	 6.290843e+00	 1.204419e-12	 2.425288e-01	 1.122423e-08	 2.312965e-10	 2.907727e-09	 1.159705e-08
success!


parameter values for minimization:
K33 = 2.000000e+01
k24 = -4.000000e-02
Lambda = 1.000000e+02
d0 = 1.000000e+00
omega = 1.000000e+01
gamma_s = 1.596970e-01
initial guesses for R, eta, and delta:
guess for R = 1.703580e+00
guess for eta = 6.290843e+00
guess for delta = 1.204419e-12
estimated ranges of R, eta, and delta:
upper bound estimate of R = 2.555370e+00
lower bound estimate of R = 1.277685e+00
upper bound estimate of eta = 6.320843e+00
lower bound estimate of eta = 6.260843e+00
upper bound estimate of delta = 2.000000e-03
lower bound estimate of delta = -5.000000e-03
minimum found at:
    iteration	            R	          eta	        delta	            E	         dEdR	       dEdeta	     dEddelta	    grad norm
            2	 1.767778e+00	 6.290843e+00	 1.015022e-12	 2.470690e-01	 1.005283e-08	-2.312965e-10	 5.286776e-10	 1.006938e-08
success!


parameter values for minimization:
K33 = 2.000000e+01
k24 = -4.000000e-02
Lambda = 1.000000e+02
d0 = 1.000000e+00
omega = 1.000000e+01
gamma_s = 1.636364e-01
initial guesses for R, eta, and delta:
guess for R = 1.767778e+00
guess for eta = 6.290843e+00
guess for delta = 1.015022e-12
estimated ranges of R, eta, and delta:
upper bound estimate of R = 2.651667e+00
lower bound estimate of R = 1.325834e+00
upper bound estimate of eta = 6.320843e+00
lower bound estimate of eta = 6.260843e+00
upper bound estimate of delta = 2.000000e-03
lower bound estimate of delta = -5.000000e-03
minimum found at:
    iteration	            R	          eta	        delta	            E	         dEdR	       dEdeta	     dEddelta	    grad norm
            2	 1.833734e+00	 6.290843e+00	 1.614454e-12	 2.514452e-01	 8.825958e-09	 2.775558e-10	 6.079793e-09	 1.072094e-08
success!


parameter values for minimization:
K33 = 2.000000e+01
k24 = -4.000000e-02
Lambda = 1.000000e+02
d0 = 1.000000e+00
omega = 1.000000e+01
gamma_s = 1.675758e-01
initial guesses for R, eta, and delta:
guess for R = 1.833734e+00
guess for eta = 6.290843e+00
guess for delta = 1.614454e-12
estimated ranges of R, eta, and delta:
upper bound estimate of R = 2.750601e+00
lower bound estimate of R = 1.375301e+00
upper bound estimate of eta = 6.320843e+00
lower bound estimate of eta = 6.260843e+00
upper bound estimate of delta = 2.000000e-03
lower bound estimate of delta = -5.000000e-03
minimum found at:
    iteration	            R	          eta	        delta	            E	         dEdR	       dEdeta	     dEddelta	    grad norm
            2	 1.901517e+00	 6.290843e+00	-3.176766e-12	 2.556646e-01	 7.798117e-09	 3.083953e-11	-6.872809e-09	 1.039457e-08
success!


parameter values for minimization:
K33 = 2.000000e+01
k24 = -4.000000e-02
Lambda = 1.000000e+02
d0 = 1.000000e+00
omega = 1.000000e+01
gamma_s = 1.715152e-01
initial guesses for R, eta, and delta:
guess for R = 1.901517e+00
guess for eta = 6.290843e+00
guess for delta = -3.176766e-12
estimated ranges of R, eta, and delta:
upper bound estimate of R = 2.852275e+00
lower bound estimate of R = 1.426138e+00
upper bound estimate of eta = 6.320843e+00
lower bound estimate of eta = 6.260843e+00
upper bound estimate of delta = 2.000000e-03
lower bound estimate of delta = -5.000000e-03
minimum found at:
    iteration	            R	          eta	        delta	            E	         dEdR	       dEdeta	     dEddelta	    grad norm
            2	 1.971206e+00	 6.290843e+00	 4.127553e-12	 2.597342e-01	 6.803935e-09	-3.083953e-11	 1.427430e-08	 1.581297e-08
success!


parameter values for minimization:
K33 = 2.000000e+01
k24 = -4.000000e-02
Lambda = 1.000000e+02
d0 = 1.000000e+00
omega = 1.000000e+01
gamma_s = 1.754545e-01
initial guesses for R, eta, and delta:
guess for R = 1.971206e+00
guess for eta = 6.290843e+00
guess for delta = 4.127553e-12
estimated ranges of R, eta, and delta:
upper bound estimate of R = 2.956809e+00
lower bound estimate of R = 1.478404e+00
upper bound estimate of eta = 6.320843e+00
lower bound estimate of eta = 6.260843e+00
upper bound estimate of delta = 2.000000e-03
lower bound estimate of delta = -5.000000e-03
minimum found at:
    iteration	            R	          eta	        delta	            E	         dEdR	       dEdeta	     dEddelta	    grad norm
            2	 2.042885e+00	 6.290843e+00	-4.428899e-12	 2.636605e-01	 5.945102e-09	 5.242720e-10	-1.242392e-08	 1.378307e-08
success!


parameter values for minimization:
K33 = 2.000000e+01
k24 = -4.000000e-02
Lambda = 1.000000e+02
d0 = 1.000000e+00
omega = 1.000000e+01
gamma_s = 1.793939e-01
initial guesses for R, eta, and delta:
guess for R = 2.042885e+00
guess for eta = 6.290843e+00
guess for delta = -4.428899e-12
estimated ranges of R, eta, and delta:
upper bound estimate of R = 3.064328e+00
lower bound estimate of R = 1.532164e+00
upper bound estimate of eta = 6.320843e+00
lower bound estimate of eta = 6.260843e+00
upper bound estimate of delta = 2.000000e-03
lower bound estimate of delta = -5.000000e-03
minimum found at:
    iteration	            R	          eta	        delta	            E	         dEdR	       dEdeta	     dEddelta	    grad norm
            2	 2.116648e+00	 6.290843e+00	 1.081839e-11	 2.674496e-01	 5.134372e-09	 3.083953e-11	 5.339644e-08	 5.364273e-08
success!


parameter values for minimization:
K33 = 2.000000e+01
k24 = -4.000000e-02
Lambda = 1.000000e+02
d0 = 1.000000e+00
omega = 1.000000e+01
gamma_s = 1.833333e-01
initial guesses for R, eta, and delta:
guess for R = 2.116648e+00
guess for eta = 6.290843e+00
guess for delta = 1.081839e-11
estimated ranges of R, eta, and delta:
upper bound estimate of R = 3.174972e+00
lower bound estimate of R = 1.587486e+00
upper bound estimate of eta = 6.320843e+00
lower bound estimate of eta = 6.260843e+00
upper bound estimate of delta = 2.000000e-03
lower bound estimate of delta = -5.000000e-03
minimum found at:
    iteration	            R	          eta	        delta	            E	         dEdR	       dEdeta	     dEddelta	    grad norm
            2	 2.192602e+00	 6.290843e+00	-3.083760e-11	 2.711070e-01	 4.416454e-09	 0.000000e+00	-1.580746e-07	 1.581363e-07
success!


parameter values for minimization:
K33 = 2.000000e+01
k24 = -4.000000e-02
Lambda = 1.000000e+02
d0 = 1.000000e+00
omega = 1.000000e+01
gamma_s = 1.872727e-01
initial guesses for R, eta, and delta:
guess for R = 2.192602e+00
guess for eta = 6.290843e+00
guess for delta = -3.083760e-11
estimated ranges of R, eta, and delta:
upper bound estimate of R = 3.288903e+00
lower bound estimate of R = 1.644451e+00
upper bound estimate of eta = 6.320843e+00
lower bound estimate of eta = 6.260843e+00
upper bound estimate of delta = 2.000000e-03
lower bound estimate of delta = -5.000000e-03
minimum found at:
    iteration	            R	          eta	        delta	            E	         dEdR	       dEdeta	     dEddelta	    grad norm
            2	 2.270868e+00	 6.290843e+00	 1.011023e-10	 2.746380e-01	 3.844881e-09	 6.167906e-11	 5.841888e-07	 5.842014e-07
success!


parameter values for minimization:
K33 = 2.000000e+01
k24 = -4.000000e-02
Lambda = 1.000000e+02
d0 = 1.000000e+00
omega = 1.000000e+01
gamma_s = 1.912121e-01
initial guesses for R, eta, and delta:
guess for R = 2.270868e+00
guess for eta = 6.290843e+00
guess for delta = 1.011023e-10
estimated ranges of R, eta, and delta:
upper bound estimate of R = 3.406302e+00
lower bound estimate of R = 1.703151e+00
upper bound estimate of eta = 6.320843e+00
lower bound estimate of eta = 6.260843e+00
upper bound estimate of delta = 2.000000e-03
lower bound estimate of delta = -5.000000e-03
minimum found at:
    iteration	            R	          eta	        delta	            E	         dEdR	       dEdeta	     dEddelta	    grad norm
            2	 2.351581e+00	 6.290843e+00	-3.856247e-10	 2.780475e-01	 4.933525e-09	 2.775558e-10	-2.460466e-06	 2.460471e-06
success!


parameter values for minimization:
K33 = 2.000000e+01
k24 = -4.000000e-02
Lambda = 1.000000e+02
d0 = 1.000000e+00
omega = 1.000000e+01
gamma_s = 1.951515e-01
initial guesses for R, eta, and delta:
guess for R = 2.351581e+00
guess for eta = 6.290843e+00
guess for delta = -3.856247e-10
estimated ranges of R, eta, and delta:
upper bound estimate of R = 3.527372e+00
lower bound estimate of R = 1.763686e+00
upper bound estimate of eta = 6.320843e+00
lower bound estimate of eta = 6.260843e+00
upper bound estimate of delta = 2.000000e-03
lower bound estimate of delta = -5.000000e-03
minimum found at:
    iteration	            R	          eta	        delta	            E	         dEdR	       dEdeta	     dEddelta	    grad norm
            4	 2.434899e+00	 6.290843e+00	 2.917848e-11	 2.813403e-01	 3.923823e-10	-2.775558e-10	 2.019549e-07	 2.019554e-07
success!


parameter values for minimization:
K33 = 2.000000e+01
k24 = -4.000000e-02
Lambda = 1.000000e+02
d0 = 1.000000e+00
omega = 1.000000e+01
gamma_s = 1.990909e-01
initial guesses for R, eta, and delta:
guess for R = 2.434899e+00
guess for eta = 6.290843e+00
guess for delta = 2.917848e-11
estimated ranges of R, eta, and delta:
upper bound estimate of R = 3.652349e+00
lower bound estimate of R = 1.826174e+00
upper bound estimate of eta = 6.320843e+00
lower bound estimate of eta = 6.260843e+00
upper bound estimate of delta = 2.000000e-03
lower bound estimate of delta = -5.000000e-03
minimum found at:
    iteration	            R	          eta	        delta	            E	         dEdR	       dEdeta	     dEddelta	    grad norm
            2	 2.521005e+00	 6.290843e+00	-1.483377e-10	 2.845205e-01	 8.017850e-09	 0.000000e+00	-1.154896e-06	 1.154924e-06
success!


parameter values for minimization:
K33 = 2.000000e+01
k24 = -4.000000e-02
Lambda = 1.000000e+02
d0 = 1.000000e+00
omega = 1.000000e+01
gamma_s = 2.030303e-01
initial guesses for R, eta, and delta:
guess for R = 2.521005e+00
guess for eta = 6.290843e+00
guess for delta = -1.483377e-10
estimated ranges of R, eta, and delta:
upper bound estimate of R = 3.781508e+00
lower bound estimate of R = 1.890754e+00
upper bound estimate of eta = 6.320843e+00
lower bound estimate of eta = 6.260843e+00
upper bound estimate of delta = 2.000000e-03
lower bound estimate of delta = -5.000000e-03
minimum found at:
    iteration	            R	          eta	        delta	            E	         dEdR	       dEdeta	     dEddelta	    grad norm
            4	 2.610109e+00	 6.290843e+00	-5.541390e-11	 2.875921e-01	 1.908353e-10	 0.000000e+00	-4.829470e-07	 4.829471e-07
success!


parameter values for minimization:
K33 = 2.000000e+01
k24 = -4.000000e-02
Lambda = 1.000000e+02
d0 = 1.000000e+00
omega = 1.000000e+01
gamma_s = 2.069697e-01
initial guesses for R, eta, and delta:
guess for R = 2.610109e+00
guess for eta = 6.290843e+00
guess for delta = -5.541390e-11
estimated ranges of R, eta, and delta:
upper bound estimate of R = 3.915164e+00
lower bound estimate of R = 1.957582e+00
upper bound estimate of eta = 6.320843e+00
lower bound estimate of eta = 6.260843e+00
upper bound estimate of delta = 2.000000e-03
lower bound estimate of delta = -5.000000e-03
minimum found at:
    iteration	            R	          eta	        delta	            E	         dEdR	       dEdeta	     dEddelta	    grad norm
            3	 2.702465e+00	 6.290843e+00	 3.322265e-10	 2.905588e-01	-2.344179e-10	-3.083953e-11	 3.221233e-06	 3.221233e-06
success!


parameter values for minimization:
K33 = 2.000000e+01
k24 = -4.000000e-02
Lambda = 1.000000e+02
d0 = 1.000000e+00
omega = 1.000000e+01
gamma_s = 2.109091e-01
initial guesses for R, eta, and delta:
guess for R = 2.702465e+00
guess for eta = 6.290843e+00
guess for delta = 3.322265e-10
estimated ranges of R, eta, and delta:
upper bound estimate of R = 4.053698e+00
lower bound estimate of R = 2.026849e+00
upper bound estimate of eta = 6.320843e+00
lower bound estimate of eta = 6.260843e+00
upper bound estimate of delta = 2.000000e-03
lower bound estimate of delta = -5.000000e-03
minimum found at:
    iteration	            R	          eta	        delta	            E	         dEdR	       dEdeta	     dEddelta	    grad norm
            4	 2.798374e+00	 6.290843e+00	 4.493705e-12	 2.934240e-01	-1.460689e-11	 6.167906e-11	 5.392512e-08	 5.392516e-08
success!


parameter values for minimization:
K33 = 2.000000e+01
k24 = -4.000000e-02
Lambda = 1.000000e+02
d0 = 1.000000e+00
omega = 1.000000e+01
gamma_s = 2.148485e-01
initial guesses for R, eta, and delta:
guess for R = 2.798374e+00
guess for eta = 6.290843e+00
guess for delta = 4.493705e-12
estimated ranges of R, eta, and delta:
upper bound estimate of R = 4.197561e+00
lower bound estimate of R = 2.098781e+00
upper bound estimate of eta = 6.320843e+00
lower bound estimate of eta = 6.260843e+00
upper bound estimate of delta = 2.000000e-03
lower bound estimate of delta = -5.000000e-03
minimum found at:
    iteration	            R	          eta	        delta	            E	         dEdR	       dEdeta	     dEddelta	    grad norm
            2	 2.898205e+00	 6.290843e+00	-4.028104e-11	 2.961907e-01	 2.643161e-09	-5.242720e-10	-4.861191e-07	 4.861265e-07
success!


parameter values for minimization:
K33 = 2.000000e+01
k24 = -4.000000e-02
Lambda = 1.000000e+02
d0 = 1.000000e+00
omega = 1.000000e+01
gamma_s = 2.187879e-01
initial guesses for R, eta, and delta:
guess for R = 2.898205e+00
guess for eta = 6.290843e+00
guess for delta = -4.028104e-11
estimated ranges of R, eta, and delta:
upper bound estimate of R = 4.347307e+00
lower bound estimate of R = 2.173654e+00
upper bound estimate of eta = 6.320843e+00
lower bound estimate of eta = 6.260843e+00
upper bound estimate of delta = 2.000000e-03
lower bound estimate of delta = -5.000000e-03
minimum found at:
    iteration	            R	          eta	        delta	            E	         dEdR	       dEdeta	     dEddelta	    grad norm
            4	 3.002412e+00	 6.290843e+00	-2.267915e-12	 2.988619e-01	-1.383318e-09	 3.083953e-11	-3.621442e-08	 3.624084e-08
success!


parameter values for minimization:
K33 = 2.000000e+01
k24 = -4.000000e-02
Lambda = 1.000000e+02
d0 = 1.000000e+00
omega = 1.000000e+01
gamma_s = 2.227273e-01
initial guesses for R, eta, and delta:
guess for R = 3.002412e+00
guess for eta = 6.290843e+00
guess for delta = -2.267915e-12
estimated ranges of R, eta, and delta:
upper bound estimate of R = 4.503618e+00
lower bound estimate of R = 2.251809e+00
upper bound estimate of eta = 6.320843e+00
lower bound estimate of eta = 6.260843e+00
upper bound estimate of delta = 2.000000e-03
lower bound estimate of delta = -5.000000e-03
minimum found at:
    iteration	            R	          eta	        delta	            E	         dEdR	       dEdeta	     dEddelta	    grad norm
            2	 3.111574e+00	 6.290843e+00	 2.190418e-11	 3.014398e-01	 3.146392e-09	-5.551115e-10	 3.367677e-07	 3.367828e-07
success!


parameter values for minimization:
K33 = 2.000000e+01
k24 = -4.000000e-02
Lambda = 1.000000e+02
d0 = 1.000000e+00
omega = 1.000000e+01
gamma_s = 2.266667e-01
initial guesses for R, eta, and delta:
guess for R = 3.111574e+00
guess for eta = 6.290843e+00
guess for delta = 2.190418e-11
estimated ranges of R, eta, and delta:
upper bound estimate of R = 4.667361e+00
lower bound estimate of R = 2.333680e+00
upper bound estimate of eta = 6.320843e+00
lower bound estimate of eta = 6.260843e+00
upper bound estimate of delta = 2.000000e-03
lower bound estimate of delta = -5.000000e-03
minimum found at:
    iteration	            R	          eta	        delta	            E	         dEdR	       dEdeta	     dEddelta	    grad norm
            4	 3.226434e+00	 6.290843e+00	-2.785355e-12	 3.039267e-01	-4.622598e-10	 2.158767e-10	-4.890268e-08	 4.890534e-08
success!


parameter values for minimization:
K33 = 2.000000e+01
k24 = -4.000000e-02
Lambda = 1.000000e+02
d0 = 1.000000e+00
omega = 1.000000e+01
gamma_s = 2.306061e-01
initial guesses for R, eta, and delta:
guess for R = 3.226434e+00
guess for eta = 6.290843e+00
guess for delta = -2.785355e-12
estimated ranges of R, eta, and delta:
upper bound estimate of R = 4.839651e+00
lower bound estimate of R = 2.419825e+00
upper bound estimate of eta = 6.320843e+00
lower bound estimate of eta = 6.260843e+00
upper bound estimate of delta = 2.000000e-03
lower bound estimate of delta = -5.000000e-03
minimum found at:
    iteration	            R	          eta	        delta	            E	         dEdR	       dEdeta	     dEddelta	    grad norm
            2	 3.347998e+00	 6.290843e+00	 4.547100e-11	 3.063242e-01	 3.779771e-09	 3.083953e-11	 9.270362e-07	 9.270439e-07
success!


parameter values for minimization:
K33 = 2.000000e+01
k24 = -4.000000e-02
Lambda = 1.000000e+02
d0 = 1.000000e+00
omega = 1.000000e+01
gamma_s = 2.345455e-01
initial guesses for R, eta, and delta:
guess for R = 3.347998e+00
guess for eta = 6.290843e+00
guess for delta = 4.547100e-11
estimated ranges of R, eta, and delta:
upper bound estimate of R = 5.021997e+00
lower bound estimate of R = 2.510998e+00
upper bound estimate of eta = 6.320843e+00
lower bound estimate of eta = 6.260843e+00
upper bound estimate of delta = 2.000000e-03
lower bound estimate of delta = -5.000000e-03
minimum found at:
    iteration	            R	          eta	        delta	            E	         dEdR	       dEdeta	     dEddelta	    grad norm
            4	 3.477655e+00	 6.290843e+00	-1.387313e-11	 3.086336e-01	 2.055970e-10	-4.625929e-10	-3.267228e-07	 3.267232e-07
success!


parameter values for minimization:
K33 = 2.000000e+01
k24 = -4.000000e-02
Lambda = 1.000000e+02
d0 = 1.000000e+00
omega = 1.000000e+01
gamma_s = 2.384848e-01
initial guesses for R, eta, and delta:
guess for R = 3.477655e+00
guess for eta = 6.290843e+00
guess for delta = -1.387313e-11
estimated ranges of R, eta, and delta:
upper bound estimate of R = 5.216482e+00
lower bound estimate of R = 2.608241e+00
upper bound estimate of eta = 6.320843e+00
lower bound estimate of eta = 6.260843e+00
upper bound estimate of delta = 2.000000e-03
lower bound estimate of delta = -5.000000e-03
minimum found at:
    iteration	            R	          eta	        delta	            E	         dEdR	       dEdeta	     dEddelta	    grad norm
            4	 3.617450e+00	 6.290843e+00	-4.081635e-13	 3.108554e-01	-2.908674e-11	-3.083953e-11	-1.083789e-08	 1.083797e-08
success!


parameter values for minimization:
K33 = 2.000000e+01
k24 = -4.000000e-02
Lambda = 1.000000e+02
d0 = 1.000000e+00
omega = 1.000000e+01
gamma_s = 2.424242e-01
initial guesses for R, eta, and delta:
guess for R = 3.617450e+00
guess for eta = 6.290843e+00
guess for delta = -4.081635e-13
estimated ranges of R, eta, and delta:
upper bound estimate of R = 5.426175e+00
lower bound estimate of R = 2.713087e+00
upper bound estimate of eta = 6.320843e+00
lower bound estimate of eta = 6.260843e+00
upper bound estimate of delta = 2.000000e-03
lower bound estimate of delta = -5.000000e-03
minimum found at:
    iteration	            R	          eta	        delta	            E	         dEdR	       dEdeta	     dEddelta	    grad norm
            2	 3.770606e+00	 6.290843e+00	 7.415854e-12	 3.129893e-01	 3.881359e-09	-6.167906e-11	 2.521792e-07	 2.522091e-07
success!


parameter values for minimization:
K33 = 2.000000e+01
k24 = -4.000000e-02
Lambda = 1.000000e+02
d0 = 1.000000e+00
omega = 1.000000e+01
gamma_s = 2.463636e-01
initial guesses for R, eta, and delta:
guess for R = 3.770606e+00
guess for eta = 6.290843e+00
guess for delta = 7.415854e-12
estimated ranges of R, eta, and delta:
upper bound estimate of R = 5.655909e+00
lower bound estimate of R = 2.827954e+00
upper bound estimate of eta = 6.320843e+00
lower bound estimate of eta = 6.260843e+00
upper bound estimate of delta = 2.000000e-03
lower bound estimate of delta = -5.000000e-03
minimum found at:
    iteration	            R	          eta	        delta	            E	         dEdR	       dEdeta	     dEddelta	    grad norm
            3	 3.942775e+00	 6.290843e+00	-8.110956e-11	 3.150335e-01	-2.630344e-10	 0.000000e+00	-3.454380e-06	 3.454380e-06
success!


parameter values for minimization:
K33 = 2.000000e+01
k24 = -4.000000e-02
Lambda = 1.000000e+02
d0 = 1.000000e+00
omega = 1.000000e+01
gamma_s = 2.503030e-01
initial guesses for R, eta, and delta:
guess for R = 3.942775e+00
guess for eta = 6.290843e+00
guess for delta = -8.110956e-11
estimated ranges of R, eta, and delta:
upper bound estimate of R = 5.914162e+00
lower bound estimate of R = 2.957081e+00
upper bound estimate of eta = 6.320843e+00
lower bound estimate of eta = 6.260843e+00
upper bound estimate of delta = 2.000000e-03
lower bound estimate of delta = -5.000000e-03
minimum found at:
    iteration	            R	          eta	        delta	            E	         dEdR	       dEdeta	     dEddelta	    grad norm
            3	 4.145834e+00	 6.290843e+00	-1.346084e-11	 3.169837e-01	-1.583129e-10	-6.167906e-11	-7.575950e-07	 7.575951e-07
success!


parameter values for minimization:
K33 = 2.000000e+01
k24 = -4.000000e-02
Lambda = 1.000000e+02
d0 = 1.000000e+00
omega = 1.000000e+01
gamma_s = 2.542424e-01
initial guesses for R, eta, and delta:
guess for R = 4.145834e+00
guess for eta = 6.290843e+00
guess for delta = -1.346084e-11
estimated ranges of R, eta, and delta:
upper bound estimate of R = 6.218751e+00
lower bound estimate of R = 3.109375e+00
upper bound estimate of eta = 6.320843e+00
lower bound estimate of eta = 6.260843e+00
upper bound estimate of delta = 2.000000e-03
lower bound estimate of delta = -5.000000e-03
minimum found at:
    iteration	            R	          eta	        delta	            E	         dEdR	       dEdeta	     dEddelta	    grad norm
            3	 4.416449e+00	 6.290843e+00	 4.457025e-14	 3.188285e-01	-1.785283e-11	-3.083953e-11	-1.321694e-09	 1.322174e-09
success!


parameter values for minimization:
K33 = 2.000000e+01
k24 = -4.000000e-02
Lambda = 1.000000e+02
d0 = 1.000000e+00
omega = 1.000000e+01
gamma_s = 2.581818e-01
initial guesses for R, eta, and delta:
guess for R = 4.416449e+00
guess for eta = 6.290843e+00
guess for delta = 4.457025e-14
estimated ranges of R, eta, and delta:
upper bound estimate of R = 6.624674e+00
lower bound estimate of R = 3.312337e+00
upper bound estimate of eta = 6.320843e+00
lower bound estimate of eta = 6.260843e+00
upper bound estimate of delta = 2.000000e-03
lower bound estimate of delta = -5.000000e-03
ss=8.795576527762e+02, lastss = 1.415221012407e+03
tol = 7.343904987751e-13
failed to integrate at x = (1.664063e+01,6.290843e+00,-8.931281e-10)
interpolating at R = 1.664063e+01, eta = 6.290843e+00, delta = -8.931281e-10...
done interpolating.
ss=7.499886044696e+03, lastss = 1.512412859792e+04
tol = 7.343903982601e-13
failed to integrate at x = (1.664063e+01,6.290843e+00,-8.931281e-10)
interpolating at R = 1.664063e+01, eta = 6.290843e+00, delta = -8.931281e-10...
done interpolating.
ss=1.094726782535e+05, lastss = 2.189688467358e+05
tol = 7.343904790568e-13
failed to integrate at x = (1.664063e+01,6.290843e+00,-8.931281e-10)
interpolating at R = 1.664063e+01, eta = 6.290843e+00, delta = -8.931281e-10...
done interpolating.
ss=2.550979086778e+06, lastss = 5.101989608949e+06
tol = 7.343905958918e-13
failed to integrate at x = (1.664063e+01,6.290843e+00,-8.931281e-10)
failed calculation!
failed calculation!
failed calculation!
failed calculation!
failed calculation!
failed calculation!
failed calculation!
failed calculation!
failed calculation!
failed calculation!
failed calculation!
failed calculation!
failed calculation!
failed calculation!
failed calculation!
failed calculation!
failed calculation!
failed calculation!
failed calculation!
failed calculation!
failed calculation!
failed calculation!
failed calculation!
failed calculation!
minimum found at:
    iteration	            R	          eta	        delta	            E	         dEdR	       dEdeta	     dEddelta	    grad norm
            1	 5.774507e+00	 6.290843e+00	-9.918339e-11	1.000000e+300	 0.000000e+00	 0.000000e+00	 0.000000e+00	 0.000000e+00
success!


parameter values for minimization:
K33 = 2.000000e+01
k24 = -4.000000e-02
Lambda = 1.000000e+02
d0 = 1.000000e+00
omega = 1.000000e+01
gamma_s = 2.581818e-01
initial guesses for R, eta, and delta:
guess for R = 1.000000e+00
guess for eta = 6.290843e+00
guess for delta = -9.918339e-11
estimated ranges of R, eta, and delta:
upper bound estimate of R = 1.500000e+00
lower bound estimate of R = 7.500000e-01
upper bound estimate of eta = 6.320843e+00
lower bound estimate of eta = 6.260843e+00
upper bound estimate of delta = 2.000000e-03
lower bound estimate of delta = -5.000000e-03
ss=5.923097497425e+07, lastss = -6.546569221358e+00
tol = 1.559392817491e-13
failed to integrate at x = (7.517875e+00,6.290843e+00,3.142612e-09)
interpolating at R = 7.517875e+00, eta = 6.290843e+00, delta = 3.142612e-09...
done interpolating.
ss=4.179710017006e+08, lastss = 2.488385530917e+09
tol = 1.559392340503e-13
failed to integrate at x = (7.517875e+00,6.290843e+00,3.142612e-09)
interpolating at R = 7.517875e+00, eta = 6.290843e+00, delta = 3.142612e-09...
done interpolating.
ss=1.662184025230e+10, lastss = 2.639544395903e+10
tol = 1.559391985651e-13
failed to integrate at x = (7.517875e+00,6.290843e+00,3.142612e-09)
solvde convergence failed when x = (7.517875e+00,6.290843e+00,3.142612e-09).
Retrying using a constant y value
ss=6.381702431117e+10, lastss = -6.690682393265e+00
tol = 1.561700076123e-13
failed to integrate at x = (7.517875e+00,6.290843e+00,3.142612e-09)
interpolating at R = 7.517875e+00, eta = 6.290843e+00, delta = 3.142612e-09...
done interpolating.
ss=8.705791116391e+11, lastss = 5.182982618164e+12
tol = 1.561699479745e-13
failed to integrate at x = (7.517875e+00,6.290843e+00,3.142612e-09)
solvde convergence failed when x = (7.517875e+00,6.290843e+00,3.142612e-09).
Retrying using a constant y value
ss=2.591595610612e+12, lastss = -6.686411706003e+00
tol = 1.561700113862e-13
failed to integrate at x = (7.517875e+00,6.290843e+00,3.142612e-09)
failed calculation!
failed calculation!
failed calculation!
failed calculation!
failed calculation!
failed calculation!
failed calculation!
failed calculation!
failed calculation!
failed calculation!
failed calculation!
failed calculation!
failed calculation!
failed calculation!
failed calculation!
failed calculation!
abserr is 1.332268e+290, but the convergence criterion CONV_min*(1+p->Escale) is 1.321353e-08!
failed calculation!
failed calculation!
failed calculation!
failed calculation!
abserr is 1.332268e+290, but the convergence criterion CONV_min*(1+p->Escale) is 1.321353e-08!
failed calculation!
failed calculation!
failed calculation!
failed calculation!
abserr is 1.332268e+290, but the convergence criterion CONV_min*(1+p->Escale) is 1.321353e-08!
minimum found at:
    iteration	            R	          eta	        delta	            E	         dEdR	       dEdeta	     dEddelta	    grad norm
            2	 4.142875e+00	 6.290843e+00	 2.785913e-10	1.000000e+300	 0.000000e+00	 0.000000e+00	 0.000000e+00	 0.000000e+00
success!
Trying again with Rguess = 1.0
Last guess for Ri was 1.0, setting delta = 0.0
Trying again with Rguess = 1.0
Took 0.061300465994411045 hours to complete.
