Restoring modules from user's standard_modules


parameter values for minimization:
K33 = 2.000000e+01
k24 = 8.200000e-01
Lambda = 1.000000e+00
d0 = 1.000000e+00
omega = 1.000000e+01
gamma_s = 1.000000e-02
initial guesses for R, eta, and delta:
guess for R = 5.000000e-01
guess for eta = 6.300000e+00
guess for delta = 8.100000e-01
estimated ranges of R, eta, and delta:
upper bound estimate of R = 2.000000e+00
lower bound estimate of R = 1.000000e-01
upper bound estimate of eta = 6.430000e+00
lower bound estimate of eta = 6.290000e+00
upper bound estimate of delta = 8.160000e-01
lower bound estimate of delta = 8.000000e-01
x[1] = -2.713970e-01, x[2] = 6.308000e+00, x[3] = 8.099920e-01
something is too big or less than zero, so returning failed calculation.
x[1] = -1.469685e-01, x[2] = 6.236081e+00, x[3] = 8.101638e-01
something is too big or less than zero, so returning failed calculation.
abserr is 7.178294e-08, but the convergence criterion CONV_min*(1+p->Escale) is 5.782315e-08!
abserr is 2.365500e-07, but the convergence criterion CONV_min*(1+p->Escale) is 5.782315e-08!
abserr is 1.047374e-07, but the convergence criterion CONV_min*(1+p->Escale) is 5.782323e-08!
abserr is 1.212207e-07, but the convergence criterion CONV_min*(1+p->Escale) is 5.782323e-08!
abserr is 5.534233e-08, but the convergence criterion CONV_min*(1+p->Escale) is 5.782323e-08!
abserr is 3.058203e-08, but the convergence criterion CONV_min*(1+p->Escale) is 5.782323e-08!
abserr is 8.855564e-08, but the convergence criterion CONV_min*(1+p->Escale) is 5.786099e-08!
abserr is 7.199791e-08, but the convergence criterion CONV_min*(1+p->Escale) is 5.786099e-08!
abserr is 8.027814e-08, but the convergence criterion CONV_min*(1+p->Escale) is 5.786099e-08!
abserr is 8.028001e-08, but the convergence criterion CONV_min*(1+p->Escale) is 5.786099e-08!
abserr is 2.045198e-07, but the convergence criterion CONV_min*(1+p->Escale) is 5.786099e-08!
abserr is 5.543014e-08, but the convergence criterion CONV_min*(1+p->Escale) is 5.786099e-08!
abserr is 1.133843e-07, but the convergence criterion CONV_min*(1+p->Escale) is 5.786099e-08!
abserr is 8.027348e-08, but the convergence criterion CONV_min*(1+p->Escale) is 5.786099e-08!
abserr is 4.714070e-08, but the convergence criterion CONV_min*(1+p->Escale) is 5.786099e-08!
abserr is 8.855983e-08, but the convergence criterion CONV_min*(1+p->Escale) is 5.786099e-08!
abserr is 3.057971e-08, but the convergence criterion CONV_min*(1+p->Escale) is 5.786099e-08!
abserr is 7.199029e-08, but the convergence criterion CONV_min*(1+p->Escale) is 5.786099e-08!
abserr is 1.879317e-07, but the convergence criterion CONV_min*(1+p->Escale) is 5.786099e-08!
abserr is 1.216796e-07, but the convergence criterion CONV_min*(1+p->Escale) is 5.786099e-08!
abserr is 6.370569e-08, but the convergence criterion CONV_min*(1+p->Escale) is 5.786099e-08!
abserr is 3.057942e-08, but the convergence criterion CONV_min*(1+p->Escale) is 5.786099e-08!
abserr is 7.198667e-08, but the convergence criterion CONV_min*(1+p->Escale) is 5.786099e-08!
abserr is 9.683037e-08, but the convergence criterion CONV_min*(1+p->Escale) is 5.786099e-08!
abserr is 1.547931e-07, but the convergence criterion CONV_min*(1+p->Escale) is 5.786099e-08!
abserr is 3.057152e-08, but the convergence criterion CONV_min*(1+p->Escale) is 5.786100e-08!
abserr is 9.683212e-08, but the convergence criterion CONV_min*(1+p->Escale) is 5.786100e-08!
the initial guesses were not good, did not successfully find a minimum.
RETRYING!
minimum found at:
    iteration	            R	          eta	        delta	            E	         dEdR	       dEdeta	     dEddelta	    grad norm
           11	 1.911634e-02	 6.292896e+00	 8.163909e-01	-4.786501e+00	 8.059980e-06	 8.937598e-09	-6.217249e-07	 8.083928e-06
success!


parameter values for minimization:
K33 = 2.000000e+01
k24 = 8.200000e-01
Lambda = 1.000000e+00
d0 = 1.000000e+00
omega = 1.000000e+01
gamma_s = 1.393939e-02
initial guesses for R, eta, and delta:
guess for R = 1.911634e-02
guess for eta = 6.292896e+00
guess for delta = 8.163909e-01
estimated ranges of R, eta, and delta:
upper bound estimate of R = 2.867451e-02
lower bound estimate of R = 1.433726e-02
upper bound estimate of eta = 6.322896e+00
lower bound estimate of eta = 6.262896e+00
upper bound estimate of delta = 8.180000e-01
lower bound estimate of delta = 8.113909e-01
minimum found at:
    iteration	            R	          eta	        delta	            E	         dEdR	       dEdeta	     dEddelta	    grad norm
           17	 2.369911e-02	 6.295944e+00	 8.163123e-01	-4.417063e+00	 2.882693e-06	 4.440892e-07	 9.872979e-06	 1.029480e-05
success!


parameter values for minimization:
K33 = 2.000000e+01
k24 = 8.200000e-01
Lambda = 1.000000e+00
d0 = 1.000000e+00
omega = 1.000000e+01
gamma_s = 1.787879e-02
initial guesses for R, eta, and delta:
guess for R = 2.369911e-02
guess for eta = 6.295944e+00
guess for delta = 8.163123e-01
estimated ranges of R, eta, and delta:
upper bound estimate of R = 3.554867e-02
lower bound estimate of R = 1.777433e-02
upper bound estimate of eta = 6.325944e+00
lower bound estimate of eta = 6.265944e+00
upper bound estimate of delta = 8.180000e-01
lower bound estimate of delta = 8.113123e-01
minimum found at:
    iteration	            R	          eta	        delta	            E	         dEdR	       dEdeta	     dEddelta	    grad norm
           22	 2.834495e-02	 6.298977e+00	 8.162104e-01	-4.113364e+00	 6.862508e-07	 7.345365e-07	 8.623650e-06	 8.682040e-06
success!


parameter values for minimization:
K33 = 2.000000e+01
k24 = 8.200000e-01
Lambda = 1.000000e+00
d0 = 1.000000e+00
omega = 1.000000e+01
gamma_s = 2.181818e-02
initial guesses for R, eta, and delta:
guess for R = 2.834495e-02
guess for eta = 6.298977e+00
guess for delta = 8.162104e-01
estimated ranges of R, eta, and delta:
upper bound estimate of R = 4.251742e-02
lower bound estimate of R = 2.125871e-02
upper bound estimate of eta = 6.328977e+00
lower bound estimate of eta = 6.268977e+00
upper bound estimate of delta = 8.180000e-01
lower bound estimate of delta = 8.112104e-01
minimum found at:
    iteration	            R	          eta	        delta	            E	         dEdR	       dEdeta	     dEddelta	    grad norm
            9	 3.314799e-02	 6.302031e+00	 8.160831e-01	-3.856459e+00	 3.743443e-06	-1.993467e-07	-4.151181e-06	 5.593337e-06
success!


parameter values for minimization:
K33 = 2.000000e+01
k24 = 8.200000e-01
Lambda = 1.000000e+00
d0 = 1.000000e+00
omega = 1.000000e+01
gamma_s = 2.575758e-02
initial guesses for R, eta, and delta:
guess for R = 3.314799e-02
guess for eta = 6.302031e+00
guess for delta = 8.160831e-01
estimated ranges of R, eta, and delta:
upper bound estimate of R = 4.972199e-02
lower bound estimate of R = 2.486099e-02
upper bound estimate of eta = 6.332031e+00
lower bound estimate of eta = 6.272031e+00
upper bound estimate of delta = 8.180000e-01
lower bound estimate of delta = 8.110831e-01
minimum found at:
    iteration	            R	          eta	        delta	            E	         dEdR	       dEdeta	     dEddelta	    grad norm
           16	 3.816137e-02	 6.305127e+00	 8.159296e-01	-3.635000e+00	-1.383779e-06	-2.472535e-07	 5.050676e-06	 5.242643e-06
success!


parameter values for minimization:
K33 = 2.000000e+01
k24 = 8.200000e-01
Lambda = 1.000000e+00
d0 = 1.000000e+00
omega = 1.000000e+01
gamma_s = 2.969697e-02
initial guesses for R, eta, and delta:
guess for R = 3.816137e-02
guess for eta = 6.305127e+00
guess for delta = 8.159296e-01
estimated ranges of R, eta, and delta:
upper bound estimate of R = 5.724206e-02
lower bound estimate of R = 2.862103e-02
upper bound estimate of eta = 6.335127e+00
lower bound estimate of eta = 6.275127e+00
upper bound estimate of delta = 8.179296e-01
lower bound estimate of delta = 8.109296e-01
minimum found at:
    iteration	            R	          eta	        delta	            E	         dEdR	       dEdeta	     dEddelta	    grad norm
           16	 4.341838e-02	 6.308272e+00	 8.157460e-01	-3.441475e+00	-1.168886e-06	 1.134102e-06	 3.806479e-06	 4.140261e-06
success!


parameter values for minimization:
K33 = 2.000000e+01
k24 = 8.200000e-01
Lambda = 1.000000e+00
d0 = 1.000000e+00
omega = 1.000000e+01
gamma_s = 3.363636e-02
initial guesses for R, eta, and delta:
guess for R = 4.341838e-02
guess for eta = 6.308272e+00
guess for delta = 8.157460e-01
estimated ranges of R, eta, and delta:
upper bound estimate of R = 6.512757e-02
lower bound estimate of R = 3.256378e-02
upper bound estimate of eta = 6.338272e+00
lower bound estimate of eta = 6.278272e+00
upper bound estimate of delta = 8.177460e-01
lower bound estimate of delta = 8.107460e-01
minimum found at:
    iteration	            R	          eta	        delta	            E	         dEdR	       dEdeta	     dEddelta	    grad norm
           15	 4.894044e-02	 6.311470e+00	 8.155304e-01	-3.270575e+00	-3.654855e-07	-1.558328e-07	 6.755315e-07	 7.837132e-07
success!


parameter values for minimization:
K33 = 2.000000e+01
k24 = 8.200000e-01
Lambda = 1.000000e+00
d0 = 1.000000e+00
omega = 1.000000e+01
gamma_s = 3.757576e-02
initial guesses for R, eta, and delta:
guess for R = 4.894044e-02
guess for eta = 6.311470e+00
guess for delta = 8.155304e-01
estimated ranges of R, eta, and delta:
upper bound estimate of R = 7.341066e-02
lower bound estimate of R = 3.670533e-02
upper bound estimate of eta = 6.341470e+00
lower bound estimate of eta = 6.281470e+00
upper bound estimate of delta = 8.175304e-01
lower bound estimate of delta = 8.105304e-01
minimum found at:
    iteration	            R	          eta	        delta	            E	         dEdR	       dEdeta	     dEddelta	    grad norm
           14	 5.474055e-02	 6.314718e+00	 8.152811e-01	-3.118365e+00	 1.693827e-07	-5.141566e-07	 8.492677e-06	 8.509913e-06
success!


parameter values for minimization:
K33 = 2.000000e+01
k24 = 8.200000e-01
Lambda = 1.000000e+00
d0 = 1.000000e+00
omega = 1.000000e+01
gamma_s = 4.151515e-02
initial guesses for R, eta, and delta:
guess for R = 5.474055e-02
guess for eta = 6.314718e+00
guess for delta = 8.152811e-01
estimated ranges of R, eta, and delta:
upper bound estimate of R = 8.211082e-02
lower bound estimate of R = 4.105541e-02
upper bound estimate of eta = 6.344718e+00
lower bound estimate of eta = 6.284718e+00
upper bound estimate of delta = 8.172811e-01
lower bound estimate of delta = 8.102811e-01
minimum found at:
    iteration	            R	          eta	        delta	            E	         dEdR	       dEdeta	     dEddelta	    grad norm
           26	 6.082486e-02	 6.318011e+00	 8.149954e-01	-2.981831e+00	 8.315629e-07	 6.296198e-07	 6.485331e-06	 6.568671e-06
success!


parameter values for minimization:
K33 = 2.000000e+01
k24 = 8.200000e-01
Lambda = 1.000000e+00
d0 = 1.000000e+00
omega = 1.000000e+01
gamma_s = 4.545455e-02
initial guesses for R, eta, and delta:
guess for R = 6.082486e-02
guess for eta = 6.318011e+00
guess for delta = 8.149954e-01
estimated ranges of R, eta, and delta:
upper bound estimate of R = 9.123729e-02
lower bound estimate of R = 4.561864e-02
upper bound estimate of eta = 6.348011e+00
lower bound estimate of eta = 6.288011e+00
upper bound estimate of delta = 8.169954e-01
lower bound estimate of delta = 8.099954e-01
minimum found at:
    iteration	            R	          eta	        delta	            E	         dEdR	       dEdeta	     dEddelta	    grad norm
           22	 6.719356e-02	 6.321340e+00	 8.146718e-01	-2.858596e+00	-3.199510e-07	 1.006602e-07	-7.274604e-06	 7.282333e-06
success!


parameter values for minimization:
K33 = 2.000000e+01
k24 = 8.200000e-01
Lambda = 1.000000e+00
d0 = 1.000000e+00
omega = 1.000000e+01
gamma_s = 4.939394e-02
initial guesses for R, eta, and delta:
guess for R = 6.719356e-02
guess for eta = 6.321340e+00
guess for delta = 8.146718e-01
estimated ranges of R, eta, and delta:
upper bound estimate of R = 1.007903e-01
lower bound estimate of R = 5.039517e-02
upper bound estimate of eta = 6.351340e+00
lower bound estimate of eta = 6.291340e+00
upper bound estimate of delta = 8.166718e-01
lower bound estimate of delta = 8.096718e-01
minimum found at:
    iteration	            R	          eta	        delta	            E	         dEdR	       dEdeta	     dEddelta	    grad norm
           13	 7.384156e-02	 6.324692e+00	 8.143115e-01	-2.746748e+00	 2.561395e-07	-4.934325e-07	 3.366619e-06	 3.412214e-06
success!


parameter values for minimization:
K33 = 2.000000e+01
k24 = 8.200000e-01
Lambda = 1.000000e+00
d0 = 1.000000e+00
omega = 1.000000e+01
gamma_s = 5.333333e-02
initial guesses for R, eta, and delta:
guess for R = 7.384156e-02
guess for eta = 6.324692e+00
guess for delta = 8.143115e-01
estimated ranges of R, eta, and delta:
upper bound estimate of R = 1.107623e-01
lower bound estimate of R = 5.538117e-02
upper bound estimate of eta = 6.354692e+00
lower bound estimate of eta = 6.294692e+00
upper bound estimate of delta = 8.163115e-01
lower bound estimate of delta = 8.093115e-01
minimum found at:
    iteration	            R	          eta	        delta	            E	         dEdR	       dEdeta	     dEddelta	    grad norm
           12	 8.075909e-02	 6.328054e+00	 8.139125e-01	-2.644727e+00	-7.906513e-07	 4.845507e-07	-6.217249e-07	 1.116450e-06
success!


parameter values for minimization:
K33 = 2.000000e+01
k24 = 8.200000e-01
Lambda = 1.000000e+00
d0 = 1.000000e+00
omega = 1.000000e+01
gamma_s = 5.727273e-02
initial guesses for R, eta, and delta:
guess for R = 8.075909e-02
guess for eta = 6.328054e+00
guess for delta = 8.139125e-01
estimated ranges of R, eta, and delta:
upper bound estimate of R = 1.211386e-01
lower bound estimate of R = 6.056932e-02
upper bound estimate of eta = 6.358054e+00
lower bound estimate of eta = 6.298054e+00
upper bound estimate of delta = 8.159125e-01
lower bound estimate of delta = 8.089125e-01
minimum found at:
    iteration	            R	          eta	        delta	            E	         dEdR	       dEdeta	     dEddelta	    grad norm
           23	 8.793256e-02	 6.331411e+00	 8.134766e-01	-2.551237e+00	 6.256569e-07	-4.865244e-07	-8.733754e-07	 1.179380e-06
success!


parameter values for minimization:
K33 = 2.000000e+01
k24 = 8.200000e-01
Lambda = 1.000000e+00
d0 = 1.000000e+00
omega = 1.000000e+01
gamma_s = 6.121212e-02
initial guesses for R, eta, and delta:
guess for R = 8.793256e-02
guess for eta = 6.331411e+00
guess for delta = 8.134766e-01
estimated ranges of R, eta, and delta:
upper bound estimate of R = 1.318988e-01
lower bound estimate of R = 6.594942e-02
upper bound estimate of eta = 6.361411e+00
lower bound estimate of eta = 6.301411e+00
upper bound estimate of delta = 8.154766e-01
lower bound estimate of delta = 8.084766e-01
minimum found at:
    iteration	            R	          eta	        delta	            E	         dEdR	       dEdeta	     dEddelta	    grad norm
           15	 9.534543e-02	 6.334747e+00	 8.130051e-01	-2.465196e+00	-8.978380e-08	 2.699076e-07	-1.641015e-06	 1.665486e-06
success!


parameter values for minimization:
K33 = 2.000000e+01
k24 = 8.200000e-01
Lambda = 1.000000e+00
d0 = 1.000000e+00
omega = 1.000000e+01
gamma_s = 6.515152e-02
initial guesses for R, eta, and delta:
guess for R = 9.534543e-02
guess for eta = 6.334747e+00
guess for delta = 8.130051e-01
estimated ranges of R, eta, and delta:
upper bound estimate of R = 1.430181e-01
lower bound estimate of R = 7.150907e-02
upper bound estimate of eta = 6.364747e+00
lower bound estimate of eta = 6.304747e+00
upper bound estimate of delta = 8.150051e-01
lower bound estimate of delta = 8.080051e-01
minimum found at:
    iteration	            R	          eta	        delta	            E	         dEdR	       dEdeta	     dEddelta	    grad norm
           14	 1.029794e-01	 6.338047e+00	 8.125008e-01	-2.385689e+00	 6.707070e-08	-1.105289e-07	 9.262432e-07	 9.352228e-07
success!


parameter values for minimization:
K33 = 2.000000e+01
k24 = 8.200000e-01
Lambda = 1.000000e+00
d0 = 1.000000e+00
omega = 1.000000e+01
gamma_s = 6.909091e-02
initial guesses for R, eta, and delta:
guess for R = 1.029794e-01
guess for eta = 6.338047e+00
guess for delta = 8.125008e-01
estimated ranges of R, eta, and delta:
upper bound estimate of R = 1.544691e-01
lower bound estimate of R = 7.723455e-02
upper bound estimate of eta = 6.368047e+00
lower bound estimate of eta = 6.308047e+00
upper bound estimate of delta = 8.145008e-01
lower bound estimate of delta = 8.075008e-01
minimum found at:
    iteration	            R	          eta	        delta	            E	         dEdR	       dEdeta	     dEddelta	    grad norm
           21	 1.108157e-01	 6.341296e+00	 8.119665e-01	-2.311941e+00	-2.600861e-07	-1.490166e-07	 9.939139e-07	 1.038131e-06
success!


parameter values for minimization:
K33 = 2.000000e+01
k24 = 8.200000e-01
Lambda = 1.000000e+00
d0 = 1.000000e+00
omega = 1.000000e+01
gamma_s = 7.303030e-02
initial guesses for R, eta, and delta:
guess for R = 1.108157e-01
guess for eta = 6.341296e+00
guess for delta = 8.119665e-01
estimated ranges of R, eta, and delta:
upper bound estimate of R = 1.662235e-01
lower bound estimate of R = 8.311177e-02
upper bound estimate of eta = 6.371296e+00
lower bound estimate of eta = 6.311296e+00
upper bound estimate of delta = 8.139665e-01
lower bound estimate of delta = 8.069665e-01
minimum found at:
    iteration	            R	          eta	        delta	            E	         dEdR	       dEdeta	     dEddelta	    grad norm
           18	 1.188359e-01	 6.344481e+00	 8.114060e-01	-2.243289e+00	-9.228620e-08	-2.782959e-07	 1.021405e-06	 1.062654e-06
success!


parameter values for minimization:
K33 = 2.000000e+01
k24 = 8.200000e-01
Lambda = 1.000000e+00
d0 = 1.000000e+00
omega = 1.000000e+01
gamma_s = 7.696970e-02
initial guesses for R, eta, and delta:
guess for R = 1.188359e-01
guess for eta = 6.344481e+00
guess for delta = 8.114060e-01
estimated ranges of R, eta, and delta:
upper bound estimate of R = 1.782538e-01
lower bound estimate of R = 8.912692e-02
upper bound estimate of eta = 6.374481e+00
lower bound estimate of eta = 6.314481e+00
upper bound estimate of delta = 8.134060e-01
lower bound estimate of delta = 8.064060e-01
minimum found at:
    iteration	            R	          eta	        delta	            E	         dEdR	       dEdeta	     dEddelta	    grad norm
           22	 1.270231e-01	 6.347589e+00	 8.108235e-01	-2.179166e+00	 1.724001e-07	 1.352005e-07	 3.891067e-07	 4.465479e-07
success!


parameter values for minimization:
K33 = 2.000000e+01
k24 = 8.200000e-01
Lambda = 1.000000e+00
d0 = 1.000000e+00
omega = 1.000000e+01
gamma_s = 8.090909e-02
initial guesses for R, eta, and delta:
guess for R = 1.270231e-01
guess for eta = 6.347589e+00
guess for delta = 8.108235e-01
estimated ranges of R, eta, and delta:
upper bound estimate of R = 1.905346e-01
lower bound estimate of R = 9.526732e-02
upper bound estimate of eta = 6.377589e+00
lower bound estimate of eta = 6.317589e+00
upper bound estimate of delta = 8.128235e-01
lower bound estimate of delta = 8.058235e-01
minimum found at:
    iteration	            R	          eta	        delta	            E	         dEdR	       dEdeta	     dEddelta	    grad norm
           15	 1.353631e-01	 6.350611e+00	 8.102232e-01	-2.119086e+00	-3.188470e-07	-5.466665e-07	 4.863834e-07	 7.981707e-07
success!


parameter values for minimization:
K33 = 2.000000e+01
k24 = 8.200000e-01
Lambda = 1.000000e+00
d0 = 1.000000e+00
omega = 1.000000e+01
gamma_s = 8.484848e-02
initial guesses for R, eta, and delta:
guess for R = 1.353631e-01
guess for eta = 6.350611e+00
guess for delta = 8.102232e-01
estimated ranges of R, eta, and delta:
upper bound estimate of R = 2.030446e-01
lower bound estimate of R = 1.015223e-01
upper bound estimate of eta = 6.380611e+00
lower bound estimate of eta = 6.320611e+00
upper bound estimate of delta = 8.122232e-01
lower bound estimate of delta = 8.052232e-01
minimum found at:
    iteration	            R	          eta	        delta	            E	         dEdR	       dEdeta	     dEddelta	    grad norm
           16	 1.438444e-01	 6.353538e+00	 8.096099e-01	-2.062627e+00	 2.749977e-07	-7.001807e-07	 2.884465e-06	 2.980942e-06
success!


parameter values for minimization:
K33 = 2.000000e+01
k24 = 8.200000e-01
Lambda = 1.000000e+00
d0 = 1.000000e+00
omega = 1.000000e+01
gamma_s = 8.878788e-02
initial guesses for R, eta, and delta:
guess for R = 1.438444e-01
guess for eta = 6.353538e+00
guess for delta = 8.096099e-01
estimated ranges of R, eta, and delta:
upper bound estimate of R = 2.157666e-01
lower bound estimate of R = 1.078833e-01
upper bound estimate of eta = 6.383538e+00
lower bound estimate of eta = 6.323538e+00
upper bound estimate of delta = 8.116099e-01
lower bound estimate of delta = 8.046099e-01
minimum found at:
    iteration	            R	          eta	        delta	            E	         dEdR	       dEdeta	     dEddelta	    grad norm
           25	 1.524588e-01	 6.356365e+00	 8.089875e-01	-2.009427e+00	 9.220703e-08	-6.212315e-07	-1.027749e-06	 1.204450e-06
success!


parameter values for minimization:
K33 = 2.000000e+01
k24 = 8.200000e-01
Lambda = 1.000000e+00
d0 = 1.000000e+00
omega = 1.000000e+01
gamma_s = 9.272727e-02
initial guesses for R, eta, and delta:
guess for R = 1.524588e-01
guess for eta = 6.356365e+00
guess for delta = 8.089875e-01
estimated ranges of R, eta, and delta:
upper bound estimate of R = 2.286882e-01
lower bound estimate of R = 1.143441e-01
upper bound estimate of eta = 6.386365e+00
lower bound estimate of eta = 6.326365e+00
upper bound estimate of delta = 8.109875e-01
lower bound estimate of delta = 8.039875e-01
minimum found at:
    iteration	            R	          eta	        delta	            E	         dEdR	       dEdeta	     dEddelta	    grad norm
           15	 1.612018e-01	 6.359088e+00	 8.083608e-01	-1.959173e+00	 3.362720e-07	 4.331103e-07	 5.466527e-07	 7.742691e-07
success!


parameter values for minimization:
K33 = 2.000000e+01
k24 = 8.200000e-01
Lambda = 1.000000e+00
d0 = 1.000000e+00
omega = 1.000000e+01
gamma_s = 9.666667e-02
initial guesses for R, eta, and delta:
guess for R = 1.612018e-01
guess for eta = 6.359088e+00
guess for delta = 8.083608e-01
estimated ranges of R, eta, and delta:
upper bound estimate of R = 2.418027e-01
lower bound estimate of R = 1.209014e-01
upper bound estimate of eta = 6.389088e+00
lower bound estimate of eta = 6.329088e+00
upper bound estimate of delta = 8.103608e-01
lower bound estimate of delta = 8.033608e-01
minimum found at:
    iteration	            R	          eta	        delta	            E	         dEdR	       dEdeta	     dEddelta	    grad norm
           17	 1.700724e-01	 6.361705e+00	 8.077334e-01	-1.911592e+00	 1.016851e-07	-8.783098e-08	-1.407340e-06	 1.413740e-06
success!


parameter values for minimization:
K33 = 2.000000e+01
k24 = 8.200000e-01
Lambda = 1.000000e+00
d0 = 1.000000e+00
omega = 1.000000e+01
gamma_s = 1.006061e-01
initial guesses for R, eta, and delta:
guess for R = 1.700724e-01
guess for eta = 6.361705e+00
guess for delta = 8.077334e-01
estimated ranges of R, eta, and delta:
upper bound estimate of R = 2.551086e-01
lower bound estimate of R = 1.275543e-01
upper bound estimate of eta = 6.391705e+00
lower bound estimate of eta = 6.331705e+00
upper bound estimate of delta = 8.097334e-01
lower bound estimate of delta = 8.027334e-01
minimum found at:
    iteration	            R	          eta	        delta	            E	         dEdR	       dEdeta	     dEddelta	    grad norm
           19	 1.790729e-01	 6.364214e+00	 8.071098e-01	-1.866448e+00	-1.462259e-08	-4.993536e-07	 5.643105e-06	 5.665175e-06
success!


parameter values for minimization:
K33 = 2.000000e+01
k24 = 8.200000e-01
Lambda = 1.000000e+00
d0 = 1.000000e+00
omega = 1.000000e+01
gamma_s = 1.045455e-01
initial guesses for R, eta, and delta:
guess for R = 1.790729e-01
guess for eta = 6.364214e+00
guess for delta = 8.071098e-01
estimated ranges of R, eta, and delta:
upper bound estimate of R = 2.686094e-01
lower bound estimate of R = 1.343047e-01
upper bound estimate of eta = 6.394214e+00
lower bound estimate of eta = 6.334214e+00
upper bound estimate of delta = 8.091098e-01
lower bound estimate of delta = 8.021098e-01
minimum found at:
    iteration	            R	          eta	        delta	            E	         dEdR	       dEdeta	     dEddelta	    grad norm
           37	 1.882094e-01	 6.366616e+00	 8.064924e-01	-1.823533e+00	 5.516478e-08	-8.190979e-07	 2.503817e-06	 2.634970e-06
success!


parameter values for minimization:
K33 = 2.000000e+01
k24 = 8.200000e-01
Lambda = 1.000000e+00
d0 = 1.000000e+00
omega = 1.000000e+01
gamma_s = 1.084848e-01
initial guesses for R, eta, and delta:
guess for R = 1.882094e-01
guess for eta = 6.366616e+00
guess for delta = 8.064924e-01
estimated ranges of R, eta, and delta:
upper bound estimate of R = 2.823141e-01
lower bound estimate of R = 1.411571e-01
upper bound estimate of eta = 6.396616e+00
lower bound estimate of eta = 6.336616e+00
upper bound estimate of delta = 8.084924e-01
lower bound estimate of delta = 8.014924e-01
minimum found at:
    iteration	            R	          eta	        delta	            E	         dEdR	       dEdeta	     dEddelta	    grad norm
           17	 1.974908e-01	 6.368911e+00	 8.058854e-01	-1.782668e+00	-8.788007e-08	 3.540378e-08	 6.504850e-06	 6.505540e-06
success!


parameter values for minimization:
K33 = 2.000000e+01
k24 = 8.200000e-01
Lambda = 1.000000e+00
d0 = 1.000000e+00
omega = 1.000000e+01
gamma_s = 1.124242e-01
initial guesses for R, eta, and delta:
guess for R = 1.974908e-01
guess for eta = 6.368911e+00
guess for delta = 8.058854e-01
estimated ranges of R, eta, and delta:
upper bound estimate of R = 2.962362e-01
lower bound estimate of R = 1.481181e-01
upper bound estimate of eta = 6.398911e+00
lower bound estimate of eta = 6.338911e+00
upper bound estimate of delta = 8.078854e-01
lower bound estimate of delta = 8.008854e-01
minimum found at:
    iteration	            R	          eta	        delta	            E	         dEdR	       dEdeta	     dEddelta	    grad norm
           26	 2.069296e-01	 6.371102e+00	 8.052908e-01	-1.743695e+00	-2.288634e-08	 2.137796e-07	 1.947648e-06	 1.959479e-06
success!


parameter values for minimization:
K33 = 2.000000e+01
k24 = 8.200000e-01
Lambda = 1.000000e+00
d0 = 1.000000e+00
omega = 1.000000e+01
gamma_s = 1.163636e-01
initial guesses for R, eta, and delta:
guess for R = 2.069296e-01
guess for eta = 6.371102e+00
guess for delta = 8.052908e-01
estimated ranges of R, eta, and delta:
upper bound estimate of R = 3.103944e-01
lower bound estimate of R = 1.551972e-01
upper bound estimate of eta = 6.401102e+00
lower bound estimate of eta = 6.341102e+00
upper bound estimate of delta = 8.072908e-01
lower bound estimate of delta = 8.002908e-01
minimum found at:
    iteration	            R	          eta	        delta	            E	         dEdR	       dEdeta	     dEddelta	    grad norm
           22	 2.165411e-01	 6.373190e+00	 8.047118e-01	-1.706475e+00	 1.516092e-07	 1.850372e-08	-1.414741e-06	 1.422962e-06
success!


parameter values for minimization:
K33 = 2.000000e+01
k24 = 8.200000e-01
Lambda = 1.000000e+00
d0 = 1.000000e+00
omega = 1.000000e+01
gamma_s = 1.203030e-01
initial guesses for R, eta, and delta:
guess for R = 2.165411e-01
guess for eta = 6.373190e+00
guess for delta = 8.047118e-01
estimated ranges of R, eta, and delta:
upper bound estimate of R = 3.248117e-01
lower bound estimate of R = 1.624058e-01
upper bound estimate of eta = 6.403190e+00
lower bound estimate of eta = 6.343190e+00
upper bound estimate of delta = 8.067118e-01
lower bound estimate of delta = 7.997118e-01
minimum found at:
    iteration	            R	          eta	        delta	            E	         dEdR	       dEdeta	     dEddelta	    grad norm
           15	 2.263439e-01	 6.375178e+00	 8.041513e-01	-1.670887e+00	-3.668709e-08	 9.892484e-08	 2.603209e-06	 2.605346e-06
success!


parameter values for minimization:
K33 = 2.000000e+01
k24 = 8.200000e-01
Lambda = 1.000000e+00
d0 = 1.000000e+00
omega = 1.000000e+01
gamma_s = 1.242424e-01
initial guesses for R, eta, and delta:
guess for R = 2.263439e-01
guess for eta = 6.375178e+00
guess for delta = 8.041513e-01
estimated ranges of R, eta, and delta:
upper bound estimate of R = 3.395158e-01
lower bound estimate of R = 1.697579e-01
upper bound estimate of eta = 6.405178e+00
lower bound estimate of eta = 6.345178e+00
upper bound estimate of delta = 8.061513e-01
lower bound estimate of delta = 7.991513e-01
minimum found at:
    iteration	            R	          eta	        delta	            E	         dEdR	       dEdeta	     dEddelta	    grad norm
           31	 2.363601e-01	 6.377069e+00	 8.036107e-01	-1.636824e+00	-5.232029e-10	 2.097088e-08	 1.322751e-06	 1.322918e-06
success!


parameter values for minimization:
K33 = 2.000000e+01
k24 = 8.200000e-01
Lambda = 1.000000e+00
d0 = 1.000000e+00
omega = 1.000000e+01
gamma_s = 1.281818e-01
initial guesses for R, eta, and delta:
guess for R = 2.363601e-01
guess for eta = 6.377069e+00
guess for delta = 8.036107e-01
estimated ranges of R, eta, and delta:
upper bound estimate of R = 3.545401e-01
lower bound estimate of R = 1.772701e-01
upper bound estimate of eta = 6.407069e+00
lower bound estimate of eta = 6.347069e+00
upper bound estimate of delta = 8.056107e-01
lower bound estimate of delta = 7.986107e-01
minimum found at:
    iteration	            R	          eta	        delta	            E	         dEdR	       dEdeta	     dEddelta	    grad norm
           39	 2.466152e-01	 6.378866e+00	 8.030924e-01	-1.604190e+00	 3.173198e-09	 2.627528e-07	-3.817052e-07	 4.634091e-07
success!


parameter values for minimization:
K33 = 2.000000e+01
k24 = 8.200000e-01
Lambda = 1.000000e+00
d0 = 1.000000e+00
omega = 1.000000e+01
gamma_s = 1.321212e-01
initial guesses for R, eta, and delta:
guess for R = 2.466152e-01
guess for eta = 6.378866e+00
guess for delta = 8.030924e-01
estimated ranges of R, eta, and delta:
upper bound estimate of R = 3.699228e-01
lower bound estimate of R = 1.849614e-01
upper bound estimate of eta = 6.408866e+00
lower bound estimate of eta = 6.348866e+00
upper bound estimate of delta = 8.050924e-01
lower bound estimate of delta = 7.980924e-01
minimum found at:
    iteration	            R	          eta	        delta	            E	         dEdR	       dEdeta	     dEddelta	    grad norm
           20	 2.571385e-01	 6.380572e+00	 8.025986e-01	-1.572902e+00	-5.898415e-08	-1.578984e-08	-3.383537e-08	 6.980889e-08
success!


parameter values for minimization:
K33 = 2.000000e+01
k24 = 8.200000e-01
Lambda = 1.000000e+00
d0 = 1.000000e+00
omega = 1.000000e+01
gamma_s = 1.360606e-01
initial guesses for R, eta, and delta:
guess for R = 2.571385e-01
guess for eta = 6.380572e+00
guess for delta = 8.025986e-01
estimated ranges of R, eta, and delta:
upper bound estimate of R = 3.857078e-01
lower bound estimate of R = 1.928539e-01
upper bound estimate of eta = 6.410572e+00
lower bound estimate of eta = 6.350572e+00
upper bound estimate of delta = 8.045986e-01
lower bound estimate of delta = 7.975986e-01
minimum found at:
    iteration	            R	          eta	        delta	            E	         dEdR	       dEdeta	     dEddelta	    grad norm
           24	 2.679640e-01	 6.382189e+00	 8.021312e-01	-1.542886e+00	 6.048488e-08	 2.847105e-07	 3.138230e-06	 3.151699e-06
success!


parameter values for minimization:
K33 = 2.000000e+01
k24 = 8.200000e-01
Lambda = 1.000000e+00
d0 = 1.000000e+00
omega = 1.000000e+01
gamma_s = 1.400000e-01
initial guesses for R, eta, and delta:
guess for R = 2.679640e-01
guess for eta = 6.382189e+00
guess for delta = 8.021312e-01
estimated ranges of R, eta, and delta:
upper bound estimate of R = 4.019460e-01
lower bound estimate of R = 2.009730e-01
upper bound estimate of eta = 6.412189e+00
lower bound estimate of eta = 6.352189e+00
upper bound estimate of delta = 8.041312e-01
lower bound estimate of delta = 7.971312e-01
minimum found at:
    iteration	            R	          eta	        delta	            E	         dEdR	       dEdeta	     dEddelta	    grad norm
           20	 2.791308e-01	 6.383720e+00	 8.016915e-01	-1.514077e+00	-1.419361e-07	-4.909653e-08	 7.612958e-08	 1.683807e-07
success!


parameter values for minimization:
K33 = 2.000000e+01
k24 = 8.200000e-01
Lambda = 1.000000e+00
d0 = 1.000000e+00
omega = 1.000000e+01
gamma_s = 1.439394e-01
initial guesses for R, eta, and delta:
guess for R = 2.791308e-01
guess for eta = 6.383720e+00
guess for delta = 8.016915e-01
estimated ranges of R, eta, and delta:
upper bound estimate of R = 4.186962e-01
lower bound estimate of R = 2.093481e-01
upper bound estimate of eta = 6.413720e+00
lower bound estimate of eta = 6.353720e+00
upper bound estimate of delta = 8.036915e-01
lower bound estimate of delta = 7.966915e-01
minimum found at:
    iteration	            R	          eta	        delta	            E	         dEdR	       dEdeta	     dEddelta	    grad norm
           35	 2.906841e-01	 6.385169e+00	 8.012821e-01	-1.486416e+00	 2.722329e-09	-4.871412e-07	 1.624098e-06	 1.695585e-06
success!


parameter values for minimization:
K33 = 2.000000e+01
k24 = 8.200000e-01
Lambda = 1.000000e+00
d0 = 1.000000e+00
omega = 1.000000e+01
gamma_s = 1.478788e-01
initial guesses for R, eta, and delta:
guess for R = 2.906841e-01
guess for eta = 6.385169e+00
guess for delta = 8.012821e-01
estimated ranges of R, eta, and delta:
upper bound estimate of R = 4.360262e-01
lower bound estimate of R = 2.180131e-01
upper bound estimate of eta = 6.415169e+00
lower bound estimate of eta = 6.355169e+00
upper bound estimate of delta = 8.032821e-01
lower bound estimate of delta = 7.962821e-01
minimum found at:
    iteration	            R	          eta	        delta	            E	         dEdR	       dEdeta	     dEddelta	    grad norm
           14	 3.026767e-01	 6.386537e+00	 8.009044e-01	-1.459852e+00	-2.715979e-08	-3.705678e-07	 9.928566e-07	 1.060105e-06
success!


parameter values for minimization:
K33 = 2.000000e+01
k24 = 8.200000e-01
Lambda = 1.000000e+00
d0 = 1.000000e+00
omega = 1.000000e+01
gamma_s = 1.518182e-01
initial guesses for R, eta, and delta:
guess for R = 3.026767e-01
guess for eta = 6.386537e+00
guess for delta = 8.009044e-01
estimated ranges of R, eta, and delta:
upper bound estimate of R = 4.540151e-01
lower bound estimate of R = 2.270075e-01
upper bound estimate of eta = 6.416537e+00
lower bound estimate of eta = 6.356537e+00
upper bound estimate of delta = 8.029044e-01
lower bound estimate of delta = 7.959044e-01
minimum found at:
    iteration	            R	          eta	        delta	            E	         dEdR	       dEdeta	     dEddelta	    grad norm
           14	 3.151703e-01	 6.387828e+00	 8.005603e-01	-1.434341e+00	-1.368089e-07	 2.072416e-07	-3.220704e-06	 3.230263e-06
success!


parameter values for minimization:
K33 = 2.000000e+01
k24 = 8.200000e-01
Lambda = 1.000000e+00
d0 = 1.000000e+00
omega = 1.000000e+01
gamma_s = 1.557576e-01
initial guesses for R, eta, and delta:
guess for R = 3.151703e-01
guess for eta = 6.387828e+00
guess for delta = 8.005603e-01
estimated ranges of R, eta, and delta:
upper bound estimate of R = 4.727555e-01
lower bound estimate of R = 2.363777e-01
upper bound estimate of eta = 6.417828e+00
lower bound estimate of eta = 6.357828e+00
upper bound estimate of delta = 8.025603e-01
lower bound estimate of delta = 7.955603e-01
minimum found at:
    iteration	            R	          eta	        delta	            E	         dEdR	       dEdeta	     dEddelta	    grad norm
           28	 3.282382e-01	 6.389044e+00	 8.002527e-01	-1.409843e+00	-1.593787e-08	 2.775558e-08	-5.233909e-07	 5.243685e-07
success!


parameter values for minimization:
K33 = 2.000000e+01
k24 = 8.200000e-01
Lambda = 1.000000e+00
d0 = 1.000000e+00
omega = 1.000000e+01
gamma_s = 1.596970e-01
initial guesses for R, eta, and delta:
guess for R = 3.282382e-01
guess for eta = 6.389044e+00
guess for delta = 8.002527e-01
estimated ranges of R, eta, and delta:
upper bound estimate of R = 4.923573e-01
lower bound estimate of R = 2.461786e-01
upper bound estimate of eta = 6.419044e+00
lower bound estimate of eta = 6.359044e+00
upper bound estimate of delta = 8.022527e-01
lower bound estimate of delta = 7.952527e-01
minimum found at:
    iteration	            R	          eta	        delta	            E	         dEdR	       dEdeta	     dEddelta	    grad norm
           18	 3.419684e-01	 6.390188e+00	 7.999833e-01	-1.386324e+00	 1.659316e-07	-1.664101e-07	-1.049954e-06	 1.075931e-06
success!


parameter values for minimization:
K33 = 2.000000e+01
k24 = 8.200000e-01
Lambda = 1.000000e+00
d0 = 1.000000e+00
omega = 1.000000e+01
gamma_s = 1.636364e-01
initial guesses for R, eta, and delta:
guess for R = 3.419684e-01
guess for eta = 6.390188e+00
guess for delta = 7.999833e-01
estimated ranges of R, eta, and delta:
upper bound estimate of R = 5.129526e-01
lower bound estimate of R = 2.564763e-01
upper bound estimate of eta = 6.420188e+00
lower bound estimate of eta = 6.360188e+00
upper bound estimate of delta = 8.019833e-01
lower bound estimate of delta = 7.949833e-01
minimum found at:
    iteration	            R	          eta	        delta	            E	         dEdR	       dEdeta	     dEddelta	    grad norm
           15	 3.564674e-01	 6.391263e+00	 7.997552e-01	-1.363755e+00	 3.203279e-09	-4.840572e-07	 2.731149e-06	 2.773715e-06
success!


parameter values for minimization:
K33 = 2.000000e+01
k24 = 8.200000e-01
Lambda = 1.000000e+00
d0 = 1.000000e+00
omega = 1.000000e+01
gamma_s = 1.675758e-01
initial guesses for R, eta, and delta:
guess for R = 3.564674e-01
guess for eta = 6.391263e+00
guess for delta = 7.997552e-01
estimated ranges of R, eta, and delta:
upper bound estimate of R = 5.347011e-01
lower bound estimate of R = 2.673505e-01
upper bound estimate of eta = 6.421263e+00
lower bound estimate of eta = 6.361263e+00
upper bound estimate of delta = 8.017552e-01
lower bound estimate of delta = 7.947552e-01
minimum found at:
    iteration	            R	          eta	        delta	            E	         dEdR	       dEdeta	     dEddelta	    grad norm
           14	 3.718674e-01	 6.392271e+00	 7.995710e-01	-1.342112e+00	 1.068625e-08	 1.944124e-07	 2.283887e-07	 3.001196e-07
success!


parameter values for minimization:
K33 = 2.000000e+01
k24 = 8.200000e-01
Lambda = 1.000000e+00
d0 = 1.000000e+00
omega = 1.000000e+01
gamma_s = 1.715152e-01
initial guesses for R, eta, and delta:
guess for R = 3.718674e-01
guess for eta = 6.392271e+00
guess for delta = 7.995710e-01
estimated ranges of R, eta, and delta:
upper bound estimate of R = 5.578011e-01
lower bound estimate of R = 2.789006e-01
upper bound estimate of eta = 6.422271e+00
lower bound estimate of eta = 6.362271e+00
upper bound estimate of delta = 8.015710e-01
lower bound estimate of delta = 7.945710e-01
minimum found at:
    iteration	            R	          eta	        delta	            E	         dEdR	       dEdeta	     dEddelta	    grad norm
            9	 3.883342e-01	 6.393215e+00	 7.994350e-01	-1.321375e+00	-5.944531e-08	-4.138665e-07	 3.176295e-06	 3.203696e-06
success!


parameter values for minimization:
K33 = 2.000000e+01
k24 = 8.200000e-01
Lambda = 1.000000e+00
d0 = 1.000000e+00
omega = 1.000000e+01
gamma_s = 1.754545e-01
initial guesses for R, eta, and delta:
guess for R = 3.883342e-01
guess for eta = 6.393215e+00
guess for delta = 7.994350e-01
estimated ranges of R, eta, and delta:
upper bound estimate of R = 5.825013e-01
lower bound estimate of R = 2.912506e-01
upper bound estimate of eta = 6.423215e+00
lower bound estimate of eta = 6.363215e+00
upper bound estimate of delta = 8.014350e-01
lower bound estimate of delta = 7.944350e-01
minimum found at:
    iteration	            R	          eta	        delta	            E	         dEdR	       dEdeta	     dEddelta	    grad norm
           11	 4.060815e-01	 6.394099e+00	 7.993511e-01	-1.301531e+00	-5.313811e-08	-1.112690e-07	-1.165205e-06	 1.171712e-06
success!


parameter values for minimization:
K33 = 2.000000e+01
k24 = 8.200000e-01
Lambda = 1.000000e+00
d0 = 1.000000e+00
omega = 1.000000e+01
gamma_s = 1.793939e-01
initial guesses for R, eta, and delta:
guess for R = 4.060815e-01
guess for eta = 6.394099e+00
guess for delta = 7.993511e-01
estimated ranges of R, eta, and delta:
upper bound estimate of R = 6.091222e-01
lower bound estimate of R = 3.045611e-01
upper bound estimate of eta = 6.424099e+00
lower bound estimate of eta = 6.364099e+00
upper bound estimate of delta = 8.013511e-01
lower bound estimate of delta = 7.943511e-01
minimum found at:
    iteration	            R	          eta	        delta	            E	         dEdR	       dEdeta	     dEddelta	    grad norm
            9	 4.253917e-01	 6.394929e+00	 7.993258e-01	-1.282569e+00	-2.046240e-08	 4.903485e-07	-1.279400e-06	 1.370301e-06
success!


parameter values for minimization:
K33 = 2.000000e+01
k24 = 8.200000e-01
Lambda = 1.000000e+00
d0 = 1.000000e+00
omega = 1.000000e+01
gamma_s = 1.833333e-01
initial guesses for R, eta, and delta:
guess for R = 4.253917e-01
guess for eta = 6.394929e+00
guess for delta = 7.993258e-01
estimated ranges of R, eta, and delta:
upper bound estimate of R = 6.380875e-01
lower bound estimate of R = 3.190438e-01
upper bound estimate of eta = 6.424929e+00
lower bound estimate of eta = 6.364929e+00
upper bound estimate of delta = 8.013258e-01
lower bound estimate of delta = 7.943258e-01
minimum found at:
    iteration	            R	          eta	        delta	            E	         dEdR	       dEdeta	     dEddelta	    grad norm
           15	 4.466507e-01	 6.395711e+00	 7.993665e-01	-1.264488e+00	-3.419528e-08	 2.011971e-07	 8.067621e-07	 8.321746e-07
success!


parameter values for minimization:
K33 = 2.000000e+01
k24 = 8.200000e-01
Lambda = 1.000000e+00
d0 = 1.000000e+00
omega = 1.000000e+01
gamma_s = 1.872727e-01
initial guesses for R, eta, and delta:
guess for R = 4.466507e-01
guess for eta = 6.395711e+00
guess for delta = 7.993665e-01
estimated ranges of R, eta, and delta:
upper bound estimate of R = 6.699761e-01
lower bound estimate of R = 3.349880e-01
upper bound estimate of eta = 6.425711e+00
lower bound estimate of eta = 6.365711e+00
upper bound estimate of delta = 8.013665e-01
lower bound estimate of delta = 7.943665e-01
minimum found at:
    iteration	            R	          eta	        delta	            E	         dEdR	       dEdeta	     dEddelta	    grad norm
           15	 4.704084e-01	 6.396454e+00	 7.994835e-01	-1.247293e+00	-1.305802e-08	-1.834335e-07	 1.293145e-06	 1.306156e-06
success!


parameter values for minimization:
K33 = 2.000000e+01
k24 = 8.200000e-01
Lambda = 1.000000e+00
d0 = 1.000000e+00
omega = 1.000000e+01
gamma_s = 1.912121e-01
initial guesses for R, eta, and delta:
guess for R = 4.704084e-01
guess for eta = 6.396454e+00
guess for delta = 7.994835e-01
estimated ranges of R, eta, and delta:
upper bound estimate of R = 7.056126e-01
lower bound estimate of R = 3.528063e-01
upper bound estimate of eta = 6.426454e+00
lower bound estimate of eta = 6.366454e+00
upper bound estimate of delta = 8.014835e-01
lower bound estimate of delta = 7.944835e-01
minimum found at:
    iteration	            R	          eta	        delta	            E	         dEdR	       dEdeta	     dEddelta	    grad norm
           13	 4.974936e-01	 6.397176e+00	 7.996918e-01	-1.230998e+00	 7.783171e-09	-2.442491e-08	-3.436405e-07	 3.445953e-07
success!


parameter values for minimization:
K33 = 2.000000e+01
k24 = 8.200000e-01
Lambda = 1.000000e+00
d0 = 1.000000e+00
omega = 1.000000e+01
gamma_s = 1.951515e-01
initial guesses for R, eta, and delta:
guess for R = 4.974936e-01
guess for eta = 6.397176e+00
guess for delta = 7.996918e-01
estimated ranges of R, eta, and delta:
upper bound estimate of R = 7.462404e-01
lower bound estimate of R = 3.731202e-01
upper bound estimate of eta = 6.427176e+00
lower bound estimate of eta = 6.367176e+00
upper bound estimate of delta = 8.016918e-01
lower bound estimate of delta = 7.946918e-01
minimum found at:
    iteration	            R	          eta	        delta	            E	         dEdR	       dEdeta	     dEddelta	    grad norm
           11	 5.292549e-01	 6.397905e+00	 8.000153e-01	-1.215632e+00	-9.612882e-08	-2.242651e-07	 1.078502e-07	 2.667719e-07
success!


parameter values for minimization:
K33 = 2.000000e+01
k24 = 8.200000e-01
Lambda = 1.000000e+00
d0 = 1.000000e+00
omega = 1.000000e+01
gamma_s = 1.990909e-01
initial guesses for R, eta, and delta:
guess for R = 5.292549e-01
guess for eta = 6.397905e+00
guess for delta = 8.000153e-01
estimated ranges of R, eta, and delta:
upper bound estimate of R = 7.938823e-01
lower bound estimate of R = 3.969412e-01
upper bound estimate of eta = 6.427905e+00
lower bound estimate of eta = 6.367905e+00
upper bound estimate of delta = 8.020153e-01
lower bound estimate of delta = 7.950153e-01
minimum found at:
    iteration	            R	          eta	        delta	            E	         dEdR	       dEdeta	     dEddelta	    grad norm
           12	 5.681534e-01	 6.398697e+00	 8.004949e-01	-1.201247e+00	 4.102187e-10	 4.530944e-07	-3.358160e-06	 3.388589e-06
success!


parameter values for minimization:
K33 = 2.000000e+01
k24 = 8.200000e-01
Lambda = 1.000000e+00
d0 = 1.000000e+00
omega = 1.000000e+01
gamma_s = 2.030303e-01
initial guesses for R, eta, and delta:
guess for R = 5.681534e-01
guess for eta = 6.398697e+00
guess for delta = 8.004949e-01
estimated ranges of R, eta, and delta:
upper bound estimate of R = 8.522301e-01
lower bound estimate of R = 4.261151e-01
upper bound estimate of eta = 6.428697e+00
lower bound estimate of eta = 6.368697e+00
upper bound estimate of delta = 8.024949e-01
lower bound estimate of delta = 7.954949e-01
minimum found at:
    iteration	            R	          eta	        delta	            E	         dEdR	       dEdeta	     dEddelta	    grad norm
           25	 6.196342e-01	 6.399690e+00	 8.012186e-01	-1.187940e+00	-3.777908e-08	 1.426020e-07	-2.400196e-06	 2.404726e-06
success!


parameter values for minimization:
K33 = 2.000000e+01
k24 = 8.200000e-01
Lambda = 1.000000e+00
d0 = 1.000000e+00
omega = 1.000000e+01
gamma_s = 2.069697e-01
initial guesses for R, eta, and delta:
guess for R = 6.196342e-01
guess for eta = 6.399690e+00
guess for delta = 8.012186e-01
estimated ranges of R, eta, and delta:
upper bound estimate of R = 9.294513e-01
lower bound estimate of R = 4.647256e-01
upper bound estimate of eta = 6.429690e+00
lower bound estimate of eta = 6.369690e+00
upper bound estimate of delta = 8.032186e-01
lower bound estimate of delta = 7.962186e-01
minimum found at:
    iteration	            R	          eta	        delta	            E	         dEdR	       dEdeta	     dEddelta	    grad norm
           12	 7.021312e-01	 6.401397e+00	 8.024661e-01	-1.175923e+00	 1.767850e-09	-2.861908e-08	 1.436387e-06	 1.436673e-06
success!


parameter values for minimization:
K33 = 2.000000e+01
k24 = 8.200000e-01
Lambda = 1.000000e+00
d0 = 1.000000e+00
omega = 1.000000e+01
gamma_s = 2.109091e-01
initial guesses for R, eta, and delta:
guess for R = 7.021312e-01
guess for eta = 6.401397e+00
guess for delta = 8.024661e-01
estimated ranges of R, eta, and delta:
upper bound estimate of R = 1.053197e+00
lower bound estimate of R = 5.265984e-01
upper bound estimate of eta = 6.431397e+00
lower bound estimate of eta = 6.371397e+00
upper bound estimate of delta = 8.044661e-01
lower bound estimate of delta = 7.974661e-01
the initial guesses were not good, did not successfully find a minimum.
RETRYING!
minimum found at:
    iteration	            R	          eta	        delta	            E	         dEdR	       dEdeta	     dEddelta	    grad norm
           19	 6.217259e+00	 6.583259e+00	 8.155102e-01	-1.180223e+00	-2.061283e-09	 1.215077e-08	-1.328567e-06	 1.328624e-06
success!


parameter values for minimization:
K33 = 2.000000e+01
k24 = 8.200000e-01
Lambda = 1.000000e+00
d0 = 1.000000e+00
omega = 1.000000e+01
gamma_s = 2.148485e-01
initial guesses for R, eta, and delta:
guess for R = 6.217259e+00
guess for eta = 6.583259e+00
guess for delta = 8.155102e-01
estimated ranges of R, eta, and delta:
upper bound estimate of R = 9.325889e+00
lower bound estimate of R = 4.662944e+00
upper bound estimate of eta = 6.613259e+00
lower bound estimate of eta = 6.553259e+00
upper bound estimate of delta = 8.175102e-01
lower bound estimate of delta = 8.105102e-01
likely a maximizing (vs minimizing) solution for psi(r), as y[1][2]=-2.336991e-04  which usually means high energy.
solvde convergence failed when x = (6.217259e+00,6.583259e+00,8.155102e-01).
Retrying using a constant y value
minimum found at:
    iteration	            R	          eta	        delta	            E	         dEdR	       dEdeta	     dEddelta	    grad norm
           38	 7.179631e+00	 6.607075e+00	 8.156751e-01	-1.179044e+00	 1.444442e-09	 3.403450e-07	-2.000516e-06	 2.029261e-06
success!


parameter values for minimization:
K33 = 2.000000e+01
k24 = 8.200000e-01
Lambda = 1.000000e+00
d0 = 1.000000e+00
omega = 1.000000e+01
gamma_s = 2.187879e-01
initial guesses for R, eta, and delta:
guess for R = 7.179631e+00
guess for eta = 6.607075e+00
guess for delta = 8.156751e-01
estimated ranges of R, eta, and delta:
upper bound estimate of R = 1.076945e+01
lower bound estimate of R = 5.384723e+00
upper bound estimate of eta = 6.637075e+00
lower bound estimate of eta = 6.577075e+00
upper bound estimate of delta = 8.176751e-01
lower bound estimate of delta = 8.106751e-01
likely a maximizing (vs minimizing) solution for psi(r), as y[1][2]=-3.892977e-04  which usually means high energy.
solvde convergence failed when x = (7.179631e+00,6.607075e+00,8.156751e-01).
Retrying using a constant y value
minimum found at:
    iteration	            R	          eta	        delta	            E	         dEdR	       dEdeta	     dEddelta	    grad norm
           18	 8.169145e+00	 6.630036e+00	 8.157993e-01	-1.178016e+00	-3.859692e-09	-3.257888e-07	-3.983057e-06	 3.996361e-06
success!


parameter values for minimization:
K33 = 2.000000e+01
k24 = 8.200000e-01
Lambda = 1.000000e+00
d0 = 1.000000e+00
omega = 1.000000e+01
gamma_s = 2.227273e-01
initial guesses for R, eta, and delta:
guess for R = 8.169145e+00
guess for eta = 6.630036e+00
guess for delta = 8.157993e-01
estimated ranges of R, eta, and delta:
upper bound estimate of R = 1.225372e+01
lower bound estimate of R = 6.126859e+00
upper bound estimate of eta = 6.660036e+00
lower bound estimate of eta = 6.600036e+00
upper bound estimate of delta = 8.177993e-01
lower bound estimate of delta = 8.107993e-01
minimum found at:
    iteration	            R	          eta	        delta	            E	         dEdR	       dEdeta	     dEddelta	    grad norm
           24	 9.197353e+00	 6.652517e+00	 8.158967e-01	-1.177107e+00	 6.958307e-10	-1.318698e-07	-5.255056e-06	 5.256710e-06
success!


parameter values for minimization:
K33 = 2.000000e+01
k24 = 8.200000e-01
Lambda = 1.000000e+00
d0 = 1.000000e+00
omega = 1.000000e+01
gamma_s = 2.266667e-01
initial guesses for R, eta, and delta:
guess for R = 9.197353e+00
guess for eta = 6.652517e+00
guess for delta = 8.158967e-01
estimated ranges of R, eta, and delta:
upper bound estimate of R = 1.379603e+01
lower bound estimate of R = 6.898015e+00
upper bound estimate of eta = 6.682517e+00
lower bound estimate of eta = 6.622517e+00
upper bound estimate of delta = 8.178967e-01
lower bound estimate of delta = 8.108967e-01
ss=1.126868637752e+22, lastss = 5.794120160847e+21
tol = 4.738979646308e-13
failed to integrate at x = (9.197353e+00,6.652517e+00,8.158967e-01)
solvde convergence failed when x = (9.197353e+00,6.652517e+00,8.158967e-01).
Retrying using a constant y value
minimum found at:
    iteration	            R	          eta	        delta	            E	         dEdR	       dEdeta	     dEddelta	    grad norm
           24	 1.027162e+01	 6.674721e+00	 8.159753e-01	-1.176297e+00	-2.067648e-09	 1.564181e-07	-5.156722e-06	 5.159094e-06
success!


parameter values for minimization:
K33 = 2.000000e+01
k24 = 8.200000e-01
Lambda = 1.000000e+00
d0 = 1.000000e+00
omega = 1.000000e+01
gamma_s = 2.306061e-01
initial guesses for R, eta, and delta:
guess for R = 1.027162e+01
guess for eta = 6.674721e+00
guess for delta = 8.159753e-01
estimated ranges of R, eta, and delta:
upper bound estimate of R = 1.540743e+01
lower bound estimate of R = 7.703715e+00
upper bound estimate of eta = 6.704721e+00
lower bound estimate of eta = 6.644721e+00
upper bound estimate of delta = 8.179753e-01
lower bound estimate of delta = 8.109753e-01
ss=2.207708295404e+19, lastss = 3.854074319708e+19
tol = 5.931108137788e-13
failed to integrate at x = (1.027162e+01,6.674721e+00,8.159753e-01)
solvde convergence failed when x = (1.027162e+01,6.674721e+00,8.159753e-01).
Retrying using a constant y value
minimum found at:
    iteration	            R	          eta	        delta	            E	         dEdR	       dEdeta	     dEddelta	    grad norm
           19	 1.139807e+01	 6.696788e+00	 8.160405e-01	-1.175569e+00	 1.379664e-09	 4.227483e-07	 4.684084e-06	 4.703122e-06
success!


parameter values for minimization:
K33 = 2.000000e+01
k24 = 8.200000e-01
Lambda = 1.000000e+00
d0 = 1.000000e+00
omega = 1.000000e+01
gamma_s = 2.345455e-01
initial guesses for R, eta, and delta:
guess for R = 1.139807e+01
guess for eta = 6.696788e+00
guess for delta = 8.160405e-01
estimated ranges of R, eta, and delta:
upper bound estimate of R = 1.709710e+01
lower bound estimate of R = 8.548552e+00
upper bound estimate of eta = 6.726788e+00
lower bound estimate of eta = 6.666788e+00
upper bound estimate of delta = 8.180000e-01
lower bound estimate of delta = 8.110405e-01
likely a maximizing (vs minimizing) solution for psi(r), as y[1][2]=-1.271297e-03  which usually means high energy.
solvde convergence failed when x = (1.139807e+01,6.696788e+00,8.160405e-01).
Retrying using a constant y value
minimum found at:
    iteration	            R	          eta	        delta	            E	         dEdR	       dEdeta	     dEddelta	    grad norm
           25	 1.258132e+01	 6.718795e+00	 8.160941e-01	-1.174911e+00	 4.785374e-09	-2.125460e-07	-1.011397e-06	 1.033500e-06
success!


parameter values for minimization:
K33 = 2.000000e+01
k24 = 8.200000e-01
Lambda = 1.000000e+00
d0 = 1.000000e+00
omega = 1.000000e+01
gamma_s = 2.384848e-01
initial guesses for R, eta, and delta:
guess for R = 1.258132e+01
guess for eta = 6.718795e+00
guess for delta = 8.160941e-01
estimated ranges of R, eta, and delta:
upper bound estimate of R = 1.887198e+01
lower bound estimate of R = 9.435990e+00
upper bound estimate of eta = 6.748795e+00
lower bound estimate of eta = 6.688795e+00
upper bound estimate of delta = 8.180000e-01
lower bound estimate of delta = 8.110941e-01
likely a maximizing (vs minimizing) solution for psi(r), as y[1][2]=-1.805260e-03  which usually means high energy.
solvde convergence failed when x = (1.258132e+01,6.718795e+00,8.160941e-01).
Retrying using a constant y value
minimum found at:
    iteration	            R	          eta	        delta	            E	         dEdR	       dEdeta	     dEddelta	    grad norm
           16	 1.382632e+01	 6.740827e+00	 8.161398e-01	-1.174313e+00	-2.852823e-09	-1.281691e-07	-1.457597e-07	 1.941169e-07
success!


parameter values for minimization:
K33 = 2.000000e+01
k24 = 8.200000e-01
Lambda = 1.000000e+00
d0 = 1.000000e+00
omega = 1.000000e+01
gamma_s = 2.424242e-01
initial guesses for R, eta, and delta:
guess for R = 1.382632e+01
guess for eta = 6.740827e+00
guess for delta = 8.161398e-01
estimated ranges of R, eta, and delta:
upper bound estimate of R = 2.073948e+01
lower bound estimate of R = 1.036974e+01
upper bound estimate of eta = 6.770827e+00
lower bound estimate of eta = 6.710827e+00
upper bound estimate of delta = 8.180000e-01
lower bound estimate of delta = 8.111398e-01
ss=1.512726523771e+22, lastss = 1.946296902804e+22
tol = 1.083112263473e-12
failed to integrate at x = (1.382632e+01,6.740827e+00,8.161398e-01)
solvde convergence failed when x = (1.382632e+01,6.740827e+00,8.161398e-01).
Retrying using a constant y value
minimum found at:
    iteration	            R	          eta	        delta	            E	         dEdR	       dEdeta	     dEddelta	    grad norm
           22	 1.513771e+01	 6.762932e+00	 8.161789e-01	-1.173769e+00	-2.107728e-09	-6.686010e-08	 2.416742e-07	 2.507611e-07
success!


parameter values for minimization:
K33 = 2.000000e+01
k24 = 8.200000e-01
Lambda = 1.000000e+00
d0 = 1.000000e+00
omega = 1.000000e+01
gamma_s = 2.463636e-01
initial guesses for R, eta, and delta:
guess for R = 1.513771e+01
guess for eta = 6.762932e+00
guess for delta = 8.161789e-01
estimated ranges of R, eta, and delta:
upper bound estimate of R = 2.270657e+01
lower bound estimate of R = 1.135328e+01
upper bound estimate of eta = 6.792932e+00
lower bound estimate of eta = 6.732932e+00
upper bound estimate of delta = 8.180000e-01
lower bound estimate of delta = 8.111789e-01
ss=1.314929041534e+22, lastss = 1.313550050900e+21
tol = 1.300952513558e-12
failed to integrate at x = (1.513771e+01,6.762932e+00,8.161789e-01)
solvde convergence failed when x = (1.513771e+01,6.762932e+00,8.161789e-01).
Retrying using a constant y value
minimum found at:
    iteration	            R	          eta	        delta	            E	         dEdR	       dEdeta	     dEddelta	    grad norm
           28	 1.651952e+01	 6.785140e+00	 8.162125e-01	-1.173270e+00	 2.483834e-09	-3.812999e-07	 1.898902e-07	 4.259743e-07
success!


parameter values for minimization:
K33 = 2.000000e+01
k24 = 8.200000e-01
Lambda = 1.000000e+00
d0 = 1.000000e+00
omega = 1.000000e+01
gamma_s = 2.503030e-01
initial guesses for R, eta, and delta:
guess for R = 1.651952e+01
guess for eta = 6.785140e+00
guess for delta = 8.162125e-01
estimated ranges of R, eta, and delta:
upper bound estimate of R = 2.477928e+01
lower bound estimate of R = 1.238964e+01
upper bound estimate of eta = 6.815140e+00
lower bound estimate of eta = 6.755140e+00
upper bound estimate of delta = 8.180000e-01
lower bound estimate of delta = 8.112125e-01
ss=1.179316529436e+24, lastss = 2.511203353612e+24
tol = 1.552119648317e-12
failed to integrate at x = (1.651952e+01,6.785140e+00,8.162125e-01)
solvde convergence failed when x = (1.651952e+01,6.785140e+00,8.162125e-01).
Retrying using a constant y value
minimum found at:
    iteration	            R	          eta	        delta	            E	         dEdR	       dEdeta	     dEddelta	    grad norm
           43	 1.797601e+01	 6.807484e+00	 8.162414e-01	-1.172813e+00	-2.927227e-11	-4.308899e-07	-4.900520e-06	 4.919427e-06
success!


parameter values for minimization:
K33 = 2.000000e+01
k24 = 8.200000e-01
Lambda = 1.000000e+00
d0 = 1.000000e+00
omega = 1.000000e+01
gamma_s = 2.542424e-01
initial guesses for R, eta, and delta:
guess for R = 1.797601e+01
guess for eta = 6.807484e+00
guess for delta = 8.162414e-01
estimated ranges of R, eta, and delta:
upper bound estimate of R = 2.696401e+01
lower bound estimate of R = 1.348201e+01
upper bound estimate of eta = 6.837484e+00
lower bound estimate of eta = 6.777484e+00
upper bound estimate of delta = 8.180000e-01
lower bound estimate of delta = 8.112414e-01
likely a maximizing (vs minimizing) solution for psi(r), as y[1][2]=-3.310056e-03  which usually means high energy.
solvde convergence failed when x = (1.797601e+01,6.807484e+00,8.162414e-01).
Retrying using a constant y value
minimum found at:
    iteration	            R	          eta	        delta	            E	         dEdR	       dEdeta	     dEddelta	    grad norm
           37	 1.951243e+01	 6.830007e+00	 8.162673e-01	-1.172392e+00	-6.159667e-10	 4.798631e-08	 2.660050e-06	 2.660483e-06
success!


parameter values for minimization:
K33 = 2.000000e+01
k24 = 8.200000e-01
Lambda = 1.000000e+00
d0 = 1.000000e+00
omega = 1.000000e+01
gamma_s = 2.581818e-01
initial guesses for R, eta, and delta:
guess for R = 1.951243e+01
guess for eta = 6.830007e+00
guess for delta = 8.162673e-01
estimated ranges of R, eta, and delta:
upper bound estimate of R = 2.926864e+01
lower bound estimate of R = 1.463432e+01
upper bound estimate of eta = 6.860007e+00
lower bound estimate of eta = 6.800007e+00
upper bound estimate of delta = 8.180000e-01
lower bound estimate of delta = 8.112673e-01
likely a maximizing (vs minimizing) solution for psi(r), as y[1][2]=-3.925640e-03  which usually means high energy.
solvde convergence failed when x = (1.951243e+01,6.830007e+00,8.162673e-01).
Retrying using a constant y value
minimum found at:
    iteration	            R	          eta	        delta	            E	         dEdR	       dEdeta	     dEddelta	    grad norm
           34	 2.113204e+01	 6.852688e+00	 8.162896e-01	-1.172004e+00	 4.106789e-10	-2.331468e-07	 5.705544e-07	 6.163521e-07
success!


parameter values for minimization:
K33 = 2.000000e+01
k24 = 8.200000e-01
Lambda = 1.000000e+00
d0 = 1.000000e+00
omega = 1.000000e+01
gamma_s = 2.621212e-01
initial guesses for R, eta, and delta:
guess for R = 2.113204e+01
guess for eta = 6.852688e+00
guess for delta = 8.162896e-01
estimated ranges of R, eta, and delta:
upper bound estimate of R = 3.169806e+01
lower bound estimate of R = 1.584903e+01
upper bound estimate of eta = 6.882688e+00
lower bound estimate of eta = 6.822688e+00
upper bound estimate of delta = 8.180000e-01
lower bound estimate of delta = 8.112896e-01
ss=1.163439708225e+24, lastss = 1.681118342536e+21
tol = 2.551284872862e-12
failed to integrate at x = (2.113204e+01,6.852688e+00,8.162896e-01)
solvde convergence failed when x = (2.113204e+01,6.852688e+00,8.162896e-01).
Retrying using a constant y value
minimum found at:
    iteration	            R	          eta	        delta	            E	         dEdR	       dEdeta	     dEddelta	    grad norm
           27	 2.283997e+01	 6.875558e+00	 8.163094e-01	-1.171646e+00	 7.906299e-10	-6.135833e-07	 7.897390e-07	 1.000086e-06
success!


parameter values for minimization:
K33 = 2.000000e+01
k24 = 8.200000e-01
Lambda = 1.000000e+00
d0 = 1.000000e+00
omega = 1.000000e+01
gamma_s = 2.660606e-01
initial guesses for R, eta, and delta:
guess for R = 2.283997e+01
guess for eta = 6.875558e+00
guess for delta = 8.163094e-01
estimated ranges of R, eta, and delta:
upper bound estimate of R = 3.425996e+01
lower bound estimate of R = 1.712998e+01
upper bound estimate of eta = 6.905558e+00
lower bound estimate of eta = 6.845558e+00
upper bound estimate of delta = 8.180000e-01
lower bound estimate of delta = 8.113094e-01
likely a maximizing (vs minimizing) solution for psi(r), as y[1][2]=-5.329845e-03  which usually means high energy.
solvde convergence failed when x = (2.283997e+01,6.875558e+00,8.163094e-01).
Retrying using a constant y value
minimum found at:
    iteration	            R	          eta	        delta	            E	         dEdR	       dEdeta	     dEddelta	    grad norm
           28	 2.464297e+01	 6.898679e+00	 8.163269e-01	-1.171314e+00	-1.436659e-09	 1.295260e-07	-1.006689e-07	 1.640527e-07
success!


parameter values for minimization:
K33 = 2.000000e+01
k24 = 8.200000e-01
Lambda = 1.000000e+00
d0 = 1.000000e+00
omega = 1.000000e+01
gamma_s = 2.700000e-01
initial guesses for R, eta, and delta:
guess for R = 2.464297e+01
guess for eta = 6.898679e+00
guess for delta = 8.163269e-01
estimated ranges of R, eta, and delta:
upper bound estimate of R = 3.696446e+01
lower bound estimate of R = 1.848223e+01
upper bound estimate of eta = 6.928679e+00
lower bound estimate of eta = 6.868679e+00
upper bound estimate of delta = 8.180000e-01
lower bound estimate of delta = 8.113269e-01
likely a maximizing (vs minimizing) solution for psi(r), as y[1][2]=-5.788214e-03  which usually means high energy.
solvde convergence failed when x = (2.464297e+01,6.898679e+00,8.163269e-01).
Retrying using a constant y value
minimum found at:
    iteration	            R	          eta	        delta	            E	         dEdR	       dEdeta	     dEddelta	    grad norm
           21	 2.654413e+01	 6.921989e+00	 8.163427e-01	-1.171006e+00	 1.796486e-09	-6.587323e-08	 3.913091e-06	 3.913646e-06
success!


parameter values for minimization:
K33 = 2.000000e+01
k24 = 8.200000e-01
Lambda = 1.000000e+00
d0 = 1.000000e+00
omega = 1.000000e+01
gamma_s = 2.739394e-01
initial guesses for R, eta, and delta:
guess for R = 2.654413e+01
guess for eta = 6.921989e+00
guess for delta = 8.163427e-01
estimated ranges of R, eta, and delta:
upper bound estimate of R = 3.981620e+01
lower bound estimate of R = 1.990810e+01
upper bound estimate of eta = 6.951989e+00
lower bound estimate of eta = 6.891989e+00
upper bound estimate of delta = 8.180000e-01
lower bound estimate of delta = 8.113427e-01
likely a maximizing (vs minimizing) solution for psi(r), as y[1][2]=-6.644650e-03  which usually means high energy.
solvde convergence failed when x = (2.654413e+01,6.921989e+00,8.163427e-01).
Retrying using a constant y value
minimum found at:
    iteration	            R	          eta	        delta	            E	         dEdR	       dEdeta	     dEddelta	    grad norm
           48	 2.854957e+01	 6.945529e+00	 8.163566e-01	-1.170719e+00	 1.586397e-09	-5.785496e-08	 3.577724e-06	 3.578192e-06
success!


parameter values for minimization:
K33 = 2.000000e+01
k24 = 8.200000e-01
Lambda = 1.000000e+00
d0 = 1.000000e+00
omega = 1.000000e+01
gamma_s = 2.778788e-01
initial guesses for R, eta, and delta:
guess for R = 2.854957e+01
guess for eta = 6.945529e+00
guess for delta = 8.163566e-01
estimated ranges of R, eta, and delta:
upper bound estimate of R = 4.282435e+01
lower bound estimate of R = 2.141218e+01
upper bound estimate of eta = 6.975529e+00
lower bound estimate of eta = 6.915529e+00
upper bound estimate of delta = 8.180000e-01
lower bound estimate of delta = 8.113566e-01
likely a maximizing (vs minimizing) solution for psi(r), as y[1][2]=-7.507267e-03  which usually means high energy.
solvde convergence failed when x = (2.854957e+01,6.945529e+00,8.163566e-01).
Retrying using a constant y value
minimum found at:
    iteration	            R	          eta	        delta	            E	         dEdR	       dEdeta	     dEddelta	    grad norm
           29	 3.066413e+01	 6.969283e+00	 8.163688e-01	-1.170453e+00	-4.936127e-10	-2.955660e-07	-2.533489e-06	 2.550672e-06
success!


parameter values for minimization:
K33 = 2.000000e+01
k24 = 8.200000e-01
Lambda = 1.000000e+00
d0 = 1.000000e+00
omega = 1.000000e+01
gamma_s = 2.818182e-01
initial guesses for R, eta, and delta:
guess for R = 3.066413e+01
guess for eta = 6.969283e+00
guess for delta = 8.163688e-01
estimated ranges of R, eta, and delta:
upper bound estimate of R = 4.599620e+01
lower bound estimate of R = 2.299810e+01
upper bound estimate of eta = 6.999283e+00
lower bound estimate of eta = 6.939283e+00
upper bound estimate of delta = 8.180000e-01
lower bound estimate of delta = 8.113688e-01
ss=2.843786604025e+26, lastss = 4.099678502650e+26
tol = 5.400561477203e-12
failed to integrate at x = (3.066413e+01,6.969283e+00,8.163688e-01)
solvde convergence failed when x = (3.066413e+01,6.969283e+00,8.163688e-01).
Retrying using a constant y value
minimum found at:
    iteration	            R	          eta	        delta	            E	         dEdR	       dEdeta	     dEddelta	    grad norm
           55	 3.289739e+01	 6.993316e+00	 8.163802e-01	-1.170205e+00	 1.398353e-09	-1.392713e-07	 2.054852e-06	 2.059567e-06
success!


parameter values for minimization:
K33 = 2.000000e+01
k24 = 8.200000e-01
Lambda = 1.000000e+00
d0 = 1.000000e+00
omega = 1.000000e+01
gamma_s = 2.857576e-01
initial guesses for R, eta, and delta:
guess for R = 3.289739e+01
guess for eta = 6.993316e+00
guess for delta = 8.163802e-01
estimated ranges of R, eta, and delta:
upper bound estimate of R = 4.934609e+01
lower bound estimate of R = 2.467304e+01
upper bound estimate of eta = 7.023316e+00
lower bound estimate of eta = 6.963316e+00
upper bound estimate of delta = 8.180000e-01
lower bound estimate of delta = 8.113802e-01
likely a maximizing (vs minimizing) solution for psi(r), as y[1][2]=-9.890361e-03  which usually means high energy.
solvde convergence failed when x = (3.289739e+01,6.993316e+00,8.163802e-01).
Retrying using a constant y value
minimum found at:
    iteration	            R	          eta	        delta	            E	         dEdR	       dEdeta	     dEddelta	    grad norm
           50	 3.525392e+01	 7.017603e+00	 8.163903e-01	-1.169974e+00	 1.219730e-09	 1.234815e-07	 1.833656e-06	 1.837810e-06
success!


parameter values for minimization:
K33 = 2.000000e+01
k24 = 8.200000e-01
Lambda = 1.000000e+00
d0 = 1.000000e+00
omega = 1.000000e+01
gamma_s = 2.896970e-01
initial guesses for R, eta, and delta:
guess for R = 3.525392e+01
guess for eta = 7.017603e+00
guess for delta = 8.163903e-01
estimated ranges of R, eta, and delta:
upper bound estimate of R = 5.288088e+01
lower bound estimate of R = 2.644044e+01
upper bound estimate of eta = 7.047603e+00
lower bound estimate of eta = 6.987603e+00
upper bound estimate of delta = 8.180000e-01
lower bound estimate of delta = 8.113903e-01
ss=2.121701952302e+24, lastss = 1.261068018779e+25
tol = 7.149818435526e-12
failed to integrate at x = (3.525392e+01,7.017603e+00,8.163903e-01)
solvde convergence failed when x = (3.525392e+01,7.017603e+00,8.163903e-01).
Retrying using a constant y value
minimum found at:
    iteration	            R	          eta	        delta	            E	         dEdR	       dEdeta	     dEddelta	    grad norm
           39	 3.773760e+01	 7.042068e+00	 8.163993e-01	-1.169757e+00	 1.182707e-09	-4.204045e-07	-1.012292e-06	 1.096118e-06
success!


parameter values for minimization:
K33 = 2.000000e+01
k24 = 8.200000e-01
Lambda = 1.000000e+00
d0 = 1.000000e+00
omega = 1.000000e+01
gamma_s = 2.936364e-01
initial guesses for R, eta, and delta:
guess for R = 3.773760e+01
guess for eta = 7.042068e+00
guess for delta = 8.163993e-01
estimated ranges of R, eta, and delta:
upper bound estimate of R = 5.660640e+01
lower bound estimate of R = 2.830320e+01
upper bound estimate of eta = 7.072068e+00
lower bound estimate of eta = 7.012068e+00
upper bound estimate of delta = 8.180000e-01
lower bound estimate of delta = 8.113993e-01
ss=6.489588786141e+24, lastss = 3.666923772085e+25
tol = 8.198694620965e-12
failed to integrate at x = (3.773760e+01,7.042068e+00,8.163993e-01)
solvde convergence failed when x = (3.773760e+01,7.042068e+00,8.163993e-01).
Retrying using a constant y value
minimum found at:
    iteration	            R	          eta	        delta	            E	         dEdR	       dEdeta	     dEddelta	    grad norm
           17	 4.036320e+01	 7.066882e+00	 8.164079e-01	-1.169556e+00	 1.451364e-10	 3.626729e-08	 5.588651e-06	 5.588769e-06
success!


parameter values for minimization:
K33 = 2.000000e+01
k24 = 8.200000e-01
Lambda = 1.000000e+00
d0 = 1.000000e+00
omega = 1.000000e+01
gamma_s = 2.975758e-01
initial guesses for R, eta, and delta:
guess for R = 4.036320e+01
guess for eta = 7.066882e+00
guess for delta = 8.164079e-01
estimated ranges of R, eta, and delta:
upper bound estimate of R = 6.054480e+01
lower bound estimate of R = 3.027240e+01
upper bound estimate of eta = 7.096882e+00
lower bound estimate of eta = 7.036882e+00
upper bound estimate of delta = 8.180000e-01
lower bound estimate of delta = 8.114079e-01
likely a maximizing (vs minimizing) solution for psi(r), as y[1][2]=-1.398140e-02  which usually means high energy.
solvde convergence failed when x = (4.036320e+01,7.066882e+00,8.164079e-01).
Retrying using a constant y value
likely a maximizing (vs minimizing) solution for psi(r), as y[1][2]=-3.014411e-03  which usually means high energy.
Retrying with a linear guess and a final twist angle value of pi/4.
likely a maximizing (vs minimizing) solution for psi(r), as y[1][2]=-1.398140e-02  which usually means high energy.
Retrying with a sqrt(r) guess and a final twist angle value of pi/2.01.
likely a maximizing (vs minimizing) solution for psi(r), as y[1][2]=-2.043620e-02  which usually means high energy.
failed to solve ODE when x = (4.036320e+01,7.066882e+00,8.164079e-01).
saving current psi(r) shape (from failed solvde call), as well as the shape of the initial guess of psi(r) (from previous call of E_calc), and exiting to system.
Traceback (most recent call last):
  File "scan2d.py", line 60, in <module>
    run.run_exe()
  File "../../modules_gammak24/singlerun.py", line 41, in run_exe
    subprocess.run([self.executable,self.tmp_path,*self.params.values()],check=True)
  File "/cvmfs/soft.computecanada.ca/easybuild/software/2017/Core/python/3.7.0/lib/python3.7/subprocess.py", line 468, in run
    output=stdout, stderr=stderr)
subprocess.CalledProcessError: Command '['../../../bin/gamma_k24_singlepoint', '../../../tmp_data/', '20.', '0.8200000000000001', '1.0', '1.0', '10.0', '0.2975757575757576', '40.3632', '7.066882', '0.8164079', '60.544799999999995', '30.272399999999998', '7.096882', '7.036881999999999', '0.818', '0.8114079']' returned non-zero exit status 1.
