Restoring modules from user's standard_modules


parameter values for minimization:
K33 = 2.000000e+01
k24 = 6.200000e-01
Lambda = 1.000000e-01
d0 = 1.000000e+00
omega = 1.000000e-02
gamma_s = 1.000000e-02
initial guesses for R, eta, and delta:
guess for R = 5.000000e-01
guess for eta = 6.300000e+00
guess for delta = 8.100000e-01
estimated ranges of R, eta, and delta:
upper bound estimate of R = 2.000000e+00
lower bound estimate of R = 1.000000e-01
upper bound estimate of eta = 6.430000e+00
lower bound estimate of eta = 6.290000e+00
upper bound estimate of delta = 8.160000e-01
lower bound estimate of delta = 8.000000e-01
x[1] = -2.783334e-01, x[2] = 6.302373e+00, x[3] = 8.099920e-01
something is too big or less than zero, so returning failed calculation.
abserr is 1.518437e-08, but the convergence criterion CONV_min*(1+p->Escale) is 2.390905e-08!
abserr is 1.329397e-08, but the convergence criterion CONV_min*(1+p->Escale) is 2.390906e-08!
abserr is 1.234801e-08, but the convergence criterion CONV_min*(1+p->Escale) is 2.390926e-08!
the initial guesses were not good, did not successfully find a minimum.
RETRYING!
minimum found at:
    iteration	            R	          eta	        delta	            E	         dEdR	       dEdeta	     dEddelta	    grad norm
           14	 4.766406e-02	 6.298546e+00	 7.889460e-01	-1.390930e+00	-1.407976e-08	 7.154771e-08	-6.713662e-09	 7.322832e-08
success!


parameter values for minimization:
K33 = 2.000000e+01
k24 = 6.200000e-01
Lambda = 1.000000e-01
d0 = 1.000000e+00
omega = 1.000000e-02
gamma_s = 1.393939e-02
initial guesses for R, eta, and delta:
guess for R = 4.766406e-02
guess for eta = 6.298546e+00
guess for delta = 7.889460e-01
estimated ranges of R, eta, and delta:
upper bound estimate of R = 7.149609e-02
lower bound estimate of R = 3.574804e-02
upper bound estimate of eta = 6.328546e+00
lower bound estimate of eta = 6.268546e+00
upper bound estimate of delta = 7.909460e-01
lower bound estimate of delta = 7.839460e-01
the initial guesses were not good, did not successfully find a minimum.
RETRYING!
minimum found at:
    iteration	            R	          eta	        delta	            E	         dEdR	       dEdeta	     dEddelta	    grad norm
           16	 5.779296e-02	 6.303162e+00	 7.683977e-01	-1.241140e+00	 2.219991e-07	-2.176037e-07	 2.437413e-08	 3.118158e-07
success!


parameter values for minimization:
K33 = 2.000000e+01
k24 = 6.200000e-01
Lambda = 1.000000e-01
d0 = 1.000000e+00
omega = 1.000000e-02
gamma_s = 1.787879e-02
initial guesses for R, eta, and delta:
guess for R = 5.779296e-02
guess for eta = 6.303162e+00
guess for delta = 7.683977e-01
estimated ranges of R, eta, and delta:
upper bound estimate of R = 8.668944e-02
lower bound estimate of R = 4.334472e-02
upper bound estimate of eta = 6.333162e+00
lower bound estimate of eta = 6.273162e+00
upper bound estimate of delta = 7.703977e-01
lower bound estimate of delta = 7.633977e-01
the initial guesses were not good, did not successfully find a minimum.
RETRYING!
minimum found at:
    iteration	            R	          eta	        delta	            E	         dEdR	       dEdeta	     dEddelta	    grad norm
           19	 6.771684e-02	 6.307682e+00	 7.415755e-01	-1.115337e+00	-2.162644e-07	 2.797762e-07	-1.976669e-08	 3.541691e-07
success!


parameter values for minimization:
K33 = 2.000000e+01
k24 = 6.200000e-01
Lambda = 1.000000e-01
d0 = 1.000000e+00
omega = 1.000000e-02
gamma_s = 2.181818e-02
initial guesses for R, eta, and delta:
guess for R = 6.771684e-02
guess for eta = 6.307682e+00
guess for delta = 7.415755e-01
estimated ranges of R, eta, and delta:
upper bound estimate of R = 1.015753e-01
lower bound estimate of R = 5.078763e-02
upper bound estimate of eta = 6.337682e+00
lower bound estimate of eta = 6.277682e+00
upper bound estimate of delta = 7.435755e-01
lower bound estimate of delta = 7.365755e-01
the initial guesses were not good, did not successfully find a minimum.
RETRYING!
minimum found at:
    iteration	            R	          eta	        delta	            E	         dEdR	       dEdeta	     dEddelta	    grad norm
            5	 7.768504e-02	 6.312180e+00	 7.072663e-01	-1.006779e+00	-5.081426e-07	 9.191346e-09	-7.008566e-08	 5.130355e-07
success!


parameter values for minimization:
K33 = 2.000000e+01
k24 = 6.200000e-01
Lambda = 1.000000e-01
d0 = 1.000000e+00
omega = 1.000000e-02
gamma_s = 2.575758e-02
initial guesses for R, eta, and delta:
guess for R = 7.768504e-02
guess for eta = 6.312180e+00
guess for delta = 7.072663e-01
estimated ranges of R, eta, and delta:
upper bound estimate of R = 1.165276e-01
lower bound estimate of R = 5.826378e-02
upper bound estimate of eta = 6.342180e+00
lower bound estimate of eta = 6.282180e+00
upper bound estimate of delta = 7.092663e-01
lower bound estimate of delta = 7.022663e-01
the initial guesses were not good, did not successfully find a minimum.
RETRYING!
minimum found at:
    iteration	            R	          eta	        delta	            E	         dEdR	       dEdeta	     dEddelta	    grad norm
            6	 8.784129e-02	 6.316698e+00	 6.636498e-01	-9.114389e-01	-4.689378e-09	 1.011537e-08	 9.187544e-08	 9.254949e-08
success!


parameter values for minimization:
K33 = 2.000000e+01
k24 = 6.200000e-01
Lambda = 1.000000e-01
d0 = 1.000000e+00
omega = 1.000000e-02
gamma_s = 2.969697e-02
initial guesses for R, eta, and delta:
guess for R = 8.784129e-02
guess for eta = 6.316698e+00
guess for delta = 6.636498e-01
estimated ranges of R, eta, and delta:
upper bound estimate of R = 1.317619e-01
lower bound estimate of R = 6.588097e-02
upper bound estimate of eta = 6.346698e+00
lower bound estimate of eta = 6.286698e+00
upper bound estimate of delta = 6.656498e-01
lower bound estimate of delta = 6.586498e-01
the initial guesses were not good, did not successfully find a minimum.
RETRYING!
minimum found at:
    iteration	            R	          eta	        delta	            E	         dEdR	       dEdeta	     dEddelta	    grad norm
           25	 9.828536e-02	 6.321271e+00	 6.077804e-01	-8.266643e-01	-2.511138e-07	 7.426158e-08	-1.439713e-08	 2.622598e-07
success!


parameter values for minimization:
K33 = 2.000000e+01
k24 = 6.200000e-01
Lambda = 1.000000e-01
d0 = 1.000000e+00
omega = 1.000000e-02
gamma_s = 3.363636e-02
initial guesses for R, eta, and delta:
guess for R = 9.828536e-02
guess for eta = 6.321271e+00
guess for delta = 6.077804e-01
estimated ranges of R, eta, and delta:
upper bound estimate of R = 1.474280e-01
lower bound estimate of R = 7.371402e-02
upper bound estimate of eta = 6.351271e+00
lower bound estimate of eta = 6.291271e+00
upper bound estimate of delta = 6.097804e-01
lower bound estimate of delta = 6.027804e-01
the initial guesses were not good, did not successfully find a minimum.
RETRYING!
minimum found at:
    iteration	            R	          eta	        delta	            E	         dEdR	       dEdeta	     dEddelta	    grad norm
           40	 1.090997e-01	 6.325926e+00	 5.345896e-01	-7.505880e-01	-1.766606e-07	 2.472097e-07	 2.156483e-08	 3.046090e-07
success!


parameter values for minimization:
K33 = 2.000000e+01
k24 = 6.200000e-01
Lambda = 1.000000e-01
d0 = 1.000000e+00
omega = 1.000000e-02
gamma_s = 3.757576e-02
initial guesses for R, eta, and delta:
guess for R = 1.090997e-01
guess for eta = 6.325926e+00
guess for delta = 5.345896e-01
estimated ranges of R, eta, and delta:
upper bound estimate of R = 1.636495e-01
lower bound estimate of R = 8.182477e-02
upper bound estimate of eta = 6.355926e+00
lower bound estimate of eta = 6.295926e+00
upper bound estimate of delta = 5.365896e-01
lower bound estimate of delta = 5.295896e-01
the initial guesses were not good, did not successfully find a minimum.
RETRYING!
minimum found at:
    iteration	            R	          eta	        delta	            E	         dEdR	       dEdeta	     dEddelta	    grad norm
           13	 1.203657e-01	 6.330696e+00	 4.333448e-01	-6.818373e-01	-7.576090e-08	 2.121760e-08	-1.068492e-08	 7.939816e-08
success!


parameter values for minimization:
K33 = 2.000000e+01
k24 = 6.200000e-01
Lambda = 1.000000e-01
d0 = 1.000000e+00
omega = 1.000000e-02
gamma_s = 4.151515e-02
initial guesses for R, eta, and delta:
guess for R = 1.203657e-01
guess for eta = 6.330696e+00
guess for delta = 4.333448e-01
estimated ranges of R, eta, and delta:
upper bound estimate of R = 1.805486e-01
lower bound estimate of R = 9.027428e-02
upper bound estimate of eta = 6.360696e+00
lower bound estimate of eta = 6.300696e+00
upper bound estimate of delta = 4.353448e-01
lower bound estimate of delta = 4.283448e-01
the initial guesses were not good, did not successfully find a minimum.
RETRYING!
minimum found at:
    iteration	            R	          eta	        delta	            E	         dEdR	       dEdeta	     dEddelta	    grad norm
           56	 1.321781e-01	 6.335622e+00	 2.701280e-01	-6.193715e-01	-1.126519e-07	 2.111891e-07	-1.363661e-08	 2.397441e-07
success!


parameter values for minimization:
K33 = 2.000000e+01
k24 = 6.200000e-01
Lambda = 1.000000e-01
d0 = 1.000000e+00
omega = 1.000000e-02
gamma_s = 4.545455e-02
initial guesses for R, eta, and delta:
guess for R = 1.321781e-01
guess for eta = 6.335622e+00
guess for delta = 2.701280e-01
estimated ranges of R, eta, and delta:
upper bound estimate of R = 1.982672e-01
lower bound estimate of R = 9.913358e-02
upper bound estimate of eta = 6.365622e+00
lower bound estimate of eta = 6.305622e+00
upper bound estimate of delta = 2.721280e-01
lower bound estimate of delta = 2.651280e-01
the initial guesses were not good, did not successfully find a minimum.
RETRYING!
minimum found at:
    iteration	            R	          eta	        delta	            E	         dEdR	       dEdeta	     dEddelta	    grad norm
            3	 1.444917e-01	 6.326069e+00	 4.458146e-07	-5.623742e-01	-2.855251e-07	 1.727014e-09	 1.275759e-09	 2.855332e-07
success!


parameter values for minimization:
K33 = 2.000000e+01
k24 = 6.200000e-01
Lambda = 1.000000e-01
d0 = 1.000000e+00
omega = 1.000000e-02
gamma_s = 4.939394e-02
initial guesses for R, eta, and delta:
guess for R = 1.444917e-01
guess for eta = 6.335622e+00
guess for delta = 8.100000e-01
estimated ranges of R, eta, and delta:
upper bound estimate of R = 2.167376e-01
lower bound estimate of R = 1.083688e-01
upper bound estimate of eta = 6.365622e+00
lower bound estimate of eta = 6.305622e+00
upper bound estimate of delta = 8.160000e-01
lower bound estimate of delta = 8.000000e-01
the initial guesses were not good, did not successfully find a minimum.
RETRYING!
minimum found at:
    iteration	            R	          eta	        delta	            E	         dEdR	       dEdeta	     dEddelta	    grad norm
            1	 1.571697e-01	 6.284247e+00	-1.822268e-07	-5.100922e-01	-1.946483e-09	-8.018277e-10	-7.646750e-09	 7.931237e-09
success!


parameter values for minimization:
K33 = 2.000000e+01
k24 = 6.200000e-01
Lambda = 1.000000e-01
d0 = 1.000000e+00
omega = 1.000000e-02
gamma_s = 5.333333e-02
initial guesses for R, eta, and delta:
guess for R = 1.571697e-01
guess for eta = 6.335622e+00
guess for delta = 8.100000e-01
estimated ranges of R, eta, and delta:
upper bound estimate of R = 2.357546e-01
lower bound estimate of R = 1.178773e-01
upper bound estimate of eta = 6.365622e+00
lower bound estimate of eta = 6.305622e+00
upper bound estimate of delta = 8.160000e-01
lower bound estimate of delta = 8.000000e-01
x[1] = 1.573059e-01, x[2] = 6.690093e+00, x[3] = -5.768194e+00
something is too big or less than zero, so returning failed calculation.
the initial guesses were not good, did not successfully find a minimum.
RETRYING!
minimum found at:
    iteration	            R	          eta	        delta	            E	         dEdR	       dEdeta	     dEddelta	    grad norm
            1	 1.703885e-01	 6.391331e+00	-1.511217e-07	-4.619463e-01	 1.853392e-09	 4.132026e-10	-7.401487e-09	 7.641191e-09
success!


parameter values for minimization:
K33 = 2.000000e+01
k24 = 6.200000e-01
Lambda = 1.000000e-01
d0 = 1.000000e+00
omega = 1.000000e-02
gamma_s = 5.727273e-02
initial guesses for R, eta, and delta:
guess for R = 1.703885e-01
guess for eta = 6.335622e+00
guess for delta = 8.100000e-01
estimated ranges of R, eta, and delta:
upper bound estimate of R = 2.555827e-01
lower bound estimate of R = 1.277914e-01
upper bound estimate of eta = 6.365622e+00
lower bound estimate of eta = 6.305622e+00
upper bound estimate of delta = 8.160000e-01
lower bound estimate of delta = 8.000000e-01
the initial guesses were not good, did not successfully find a minimum.
RETRYING!
minimum found at:
    iteration	            R	          eta	        delta	            E	         dEdR	       dEdeta	     dEddelta	    grad norm
            1	 1.841759e-01	 6.334573e+00	 1.230921e-06	-4.174696e-01	-1.071655e-09	-1.480297e-09	 1.158117e-08	 1.172447e-08
success!


parameter values for minimization:
K33 = 2.000000e+01
k24 = 6.200000e-01
Lambda = 1.000000e-01
d0 = 1.000000e+00
omega = 1.000000e-02
gamma_s = 6.121212e-02
initial guesses for R, eta, and delta:
guess for R = 1.841759e-01
guess for eta = 6.335622e+00
guess for delta = 8.100000e-01
estimated ranges of R, eta, and delta:
upper bound estimate of R = 2.762638e-01
lower bound estimate of R = 1.381319e-01
upper bound estimate of eta = 6.365622e+00
lower bound estimate of eta = 6.305622e+00
upper bound estimate of delta = 8.160000e-01
lower bound estimate of delta = 8.000000e-01
minimum found at:
    iteration	            R	          eta	        delta	            E	         dEdR	       dEdeta	     dEddelta	    grad norm
           14	 1.985581e-01	 6.316018e+00	 4.925890e-07	-3.762683e-01	-1.361537e-07	 1.979841e-10	 1.711594e-08	 1.372255e-07
success!


parameter values for minimization:
K33 = 2.000000e+01
k24 = 6.200000e-01
Lambda = 1.000000e-01
d0 = 1.000000e+00
omega = 1.000000e-02
gamma_s = 6.515152e-02
initial guesses for R, eta, and delta:
guess for R = 1.985581e-01
guess for eta = 6.335622e+00
guess for delta = 8.100000e-01
estimated ranges of R, eta, and delta:
upper bound estimate of R = 2.978371e-01
lower bound estimate of R = 1.489186e-01
upper bound estimate of eta = 6.365622e+00
lower bound estimate of eta = 6.305622e+00
upper bound estimate of delta = 8.160000e-01
lower bound estimate of delta = 8.000000e-01
the initial guesses were not good, did not successfully find a minimum.
RETRYING!
minimum found at:
    iteration	            R	          eta	        delta	            E	         dEdR	       dEdeta	     dEddelta	    grad norm
            2	 2.135601e-01	 6.407821e+00	 3.380252e-09	-3.380060e-01	 9.510116e-08	-9.251859e-10	 4.524051e-11	 9.510567e-08
success!


parameter values for minimization:
K33 = 2.000000e+01
k24 = 6.200000e-01
Lambda = 1.000000e-01
d0 = 1.000000e+00
omega = 1.000000e-02
gamma_s = 6.909091e-02
initial guesses for R, eta, and delta:
guess for R = 2.135601e-01
guess for eta = 6.335622e+00
guess for delta = 8.100000e-01
estimated ranges of R, eta, and delta:
upper bound estimate of R = 3.203401e-01
lower bound estimate of R = 1.601701e-01
upper bound estimate of eta = 6.365622e+00
lower bound estimate of eta = 6.305622e+00
upper bound estimate of delta = 8.160000e-01
lower bound estimate of delta = 8.000000e-01
the initial guesses were not good, did not successfully find a minimum.
RETRYING!
x[1] = 1.812304e-01, x[2] = 6.388127e+00, x[3] = -1.435286e+00
something is too big or less than zero, so returning failed calculation.
minimum found at:
    iteration	            R	          eta	        delta	            E	         dEdR	       dEdeta	     dEddelta	    grad norm
            9	 2.292060e-01	 6.382336e+00	 5.444342e-07	-3.023934e-01	-9.009116e-08	 0.000000e+00	 1.207352e-08	 9.089657e-08
success!


parameter values for minimization:
K33 = 2.000000e+01
k24 = 6.200000e-01
Lambda = 1.000000e-01
d0 = 1.000000e+00
omega = 1.000000e-02
gamma_s = 7.303030e-02
initial guesses for R, eta, and delta:
guess for R = 2.292060e-01
guess for eta = 6.335622e+00
guess for delta = 8.100000e-01
estimated ranges of R, eta, and delta:
upper bound estimate of R = 3.438090e-01
lower bound estimate of R = 1.719045e-01
upper bound estimate of eta = 6.365622e+00
lower bound estimate of eta = 6.305622e+00
upper bound estimate of delta = 8.160000e-01
lower bound estimate of delta = 8.000000e-01
x[1] = 1.985670e-01, x[2] = 5.986301e+00, x[3] = -2.825095e+00
something is too big or less than zero, so returning failed calculation.
the initial guesses were not good, did not successfully find a minimum.
RETRYING!
minimum found at:
    iteration	            R	          eta	        delta	            E	         dEdR	       dEdeta	     dEddelta	    grad norm
            1	 2.455195e-01	 6.287726e+00	 1.107635e-07	-2.691794e-01	 1.768585e-09	 1.788693e-09	 1.017704e-08	 1.048330e-08
success!


parameter values for minimization:
K33 = 2.000000e+01
k24 = 6.200000e-01
Lambda = 1.000000e-01
d0 = 1.000000e+00
omega = 1.000000e-02
gamma_s = 7.696970e-02
initial guesses for R, eta, and delta:
guess for R = 2.455195e-01
guess for eta = 6.335622e+00
guess for delta = 8.100000e-01
estimated ranges of R, eta, and delta:
upper bound estimate of R = 3.682793e-01
lower bound estimate of R = 1.841396e-01
upper bound estimate of eta = 6.365622e+00
lower bound estimate of eta = 6.305622e+00
upper bound estimate of delta = 8.160000e-01
lower bound estimate of delta = 8.000000e-01
the initial guesses were not good, did not successfully find a minimum.
RETRYING!
minimum found at:
    iteration	            R	          eta	        delta	            E	         dEdR	       dEdeta	     dEddelta	    grad norm
            4	 2.625233e-01	 6.469077e+00	-4.739174e-08	-2.381445e-01	-9.255851e-08	 1.233581e-10	-4.090625e-09	 9.264894e-08
success!


parameter values for minimization:
K33 = 2.000000e+01
k24 = 6.200000e-01
Lambda = 1.000000e-01
d0 = 1.000000e+00
omega = 1.000000e-02
gamma_s = 8.090909e-02
initial guesses for R, eta, and delta:
guess for R = 2.625233e-01
guess for eta = 6.335622e+00
guess for delta = 8.100000e-01
estimated ranges of R, eta, and delta:
upper bound estimate of R = 3.937850e-01
lower bound estimate of R = 1.968925e-01
upper bound estimate of eta = 6.365622e+00
lower bound estimate of eta = 6.305622e+00
upper bound estimate of delta = 8.160000e-01
lower bound estimate of delta = 8.000000e-01
x[1] = 1.329147e-01, x[2] = 7.184743e+00, x[3] = -2.875360e+00
something is too big or less than zero, so returning failed calculation.
the initial guesses were not good, did not successfully find a minimum.
RETRYING!
minimum found at:
    iteration	            R	          eta	        delta	            E	         dEdR	       dEdeta	     dEddelta	    grad norm
            2	 2.802401e-01	 6.554263e+00	 1.094893e-10	-2.090956e-01	 1.330174e-08	-9.251859e-11	 1.357260e-10	 1.330276e-08
success!


parameter values for minimization:
K33 = 2.000000e+01
k24 = 6.200000e-01
Lambda = 1.000000e-01
d0 = 1.000000e+00
omega = 1.000000e-02
gamma_s = 8.484848e-02
initial guesses for R, eta, and delta:
guess for R = 2.802401e-01
guess for eta = 6.335622e+00
guess for delta = 8.100000e-01
estimated ranges of R, eta, and delta:
upper bound estimate of R = 4.203601e-01
lower bound estimate of R = 2.101801e-01
upper bound estimate of eta = 6.365622e+00
lower bound estimate of eta = 6.305622e+00
upper bound estimate of delta = 8.160000e-01
lower bound estimate of delta = 8.000000e-01
the initial guesses were not good, did not successfully find a minimum.
RETRYING!
minimum found at:
    iteration	            R	          eta	        delta	            E	         dEdR	       dEdeta	     dEddelta	    grad norm
            1	 2.986919e-01	 6.393945e+00	 1.998402e-06	-1.818621e-01	-4.955933e-11	 3.083953e-10	 7.586524e-08	 7.586588e-08
success!


parameter values for minimization:
K33 = 2.000000e+01
k24 = 6.200000e-01
Lambda = 1.000000e-01
d0 = 1.000000e+00
omega = 1.000000e-02
gamma_s = 8.878788e-02
initial guesses for R, eta, and delta:
guess for R = 2.986919e-01
guess for eta = 6.335622e+00
guess for delta = 8.100000e-01
estimated ranges of R, eta, and delta:
upper bound estimate of R = 4.480379e-01
lower bound estimate of R = 2.240189e-01
upper bound estimate of eta = 6.365622e+00
lower bound estimate of eta = 6.305622e+00
upper bound estimate of delta = 8.160000e-01
lower bound estimate of delta = 8.000000e-01
the initial guesses were not good, did not successfully find a minimum.
RETRYING!
minimum found at:
    iteration	            R	          eta	        delta	            E	         dEdR	       dEdeta	     dEddelta	    grad norm
           13	 3.179005e-01	 6.505390e+00	 3.024422e-08	-1.562927e-01	-1.013736e-08	 6.167906e-11	 3.748449e-09	 1.080836e-08
success!


parameter values for minimization:
K33 = 2.000000e+01
k24 = 6.200000e-01
Lambda = 1.000000e-01
d0 = 1.000000e+00
omega = 1.000000e-02
gamma_s = 9.272727e-02
initial guesses for R, eta, and delta:
guess for R = 3.179005e-01
guess for eta = 6.335622e+00
guess for delta = 8.100000e-01
estimated ranges of R, eta, and delta:
upper bound estimate of R = 4.768507e-01
lower bound estimate of R = 2.384254e-01
upper bound estimate of eta = 6.365622e+00
lower bound estimate of eta = 6.305622e+00
upper bound estimate of delta = 8.160000e-01
lower bound estimate of delta = 8.000000e-01
the initial guesses were not good, did not successfully find a minimum.
RETRYING!
minimum found at:
    iteration	            R	          eta	        delta	            E	         dEdR	       dEdeta	     dEddelta	    grad norm
            1	 3.378873e-01	 6.386912e+00	-2.073750e-07	-1.322519e-01	-4.088968e-10	 0.000000e+00	-1.876950e-08	 1.877395e-08
success!


parameter values for minimization:
K33 = 2.000000e+01
k24 = 6.200000e-01
Lambda = 1.000000e-01
d0 = 1.000000e+00
omega = 1.000000e-02
gamma_s = 9.666667e-02
initial guesses for R, eta, and delta:
guess for R = 3.378873e-01
guess for eta = 6.335622e+00
guess for delta = 8.100000e-01
estimated ranges of R, eta, and delta:
upper bound estimate of R = 5.068310e-01
lower bound estimate of R = 2.534155e-01
upper bound estimate of eta = 6.365622e+00
lower bound estimate of eta = 6.305622e+00
upper bound estimate of delta = 8.160000e-01
lower bound estimate of delta = 8.000000e-01
minimum found at:
    iteration	            R	          eta	        delta	            E	         dEdR	       dEdeta	     dEddelta	    grad norm
           11	 3.586736e-01	 6.423245e+00	 1.046630e-06	-1.096189e-01	 1.220849e-08	-8.635068e-10	 6.291264e-08	 6.409207e-08
success!


parameter values for minimization:
K33 = 2.000000e+01
k24 = 6.200000e-01
Lambda = 1.000000e-01
d0 = 1.000000e+00
omega = 1.000000e-02
gamma_s = 1.006061e-01
initial guesses for R, eta, and delta:
guess for R = 3.586736e-01
guess for eta = 6.335622e+00
guess for delta = 8.100000e-01
estimated ranges of R, eta, and delta:
upper bound estimate of R = 5.380104e-01
lower bound estimate of R = 2.690052e-01
upper bound estimate of eta = 6.365622e+00
lower bound estimate of eta = 6.305622e+00
upper bound estimate of delta = 8.160000e-01
lower bound estimate of delta = 8.000000e-01
the initial guesses were not good, did not successfully find a minimum.
RETRYING!
minimum found at:
    iteration	            R	          eta	        delta	            E	         dEdR	       dEdeta	     dEddelta	    grad norm
            2	 3.802805e-01	 6.216618e+00	 3.250424e-06	-8.828461e-02	-1.790563e-09	 2.775558e-10	 1.353316e-06	 1.353317e-06
success!


parameter values for minimization:
K33 = 2.000000e+01
k24 = 6.200000e-01
Lambda = 1.000000e-01
d0 = 1.000000e+00
omega = 1.000000e-02
gamma_s = 1.045455e-01
initial guesses for R, eta, and delta:
guess for R = 3.802805e-01
guess for eta = 6.335622e+00
guess for delta = 8.100000e-01
estimated ranges of R, eta, and delta:
upper bound estimate of R = 5.704208e-01
lower bound estimate of R = 2.852104e-01
upper bound estimate of eta = 6.365622e+00
lower bound estimate of eta = 6.305622e+00
upper bound estimate of delta = 8.160000e-01
lower bound estimate of delta = 8.000000e-01
the initial guesses were not good, did not successfully find a minimum.
RETRYING!
minimum found at:
    iteration	            R	          eta	        delta	            E	         dEdR	       dEdeta	     dEddelta	    grad norm
            3	 4.027288e-01	 6.270944e+00	 1.175685e-08	-6.815107e-02	-4.885620e-08	-2.467162e-10	 3.356986e-09	 4.897202e-08
success!


parameter values for minimization:
K33 = 2.000000e+01
k24 = 6.200000e-01
Lambda = 1.000000e-01
d0 = 1.000000e+00
omega = 1.000000e-02
gamma_s = 1.084848e-01
initial guesses for R, eta, and delta:
guess for R = 4.027288e-01
guess for eta = 6.335622e+00
guess for delta = 8.100000e-01
estimated ranges of R, eta, and delta:
upper bound estimate of R = 6.040932e-01
lower bound estimate of R = 3.020466e-01
upper bound estimate of eta = 6.365622e+00
lower bound estimate of eta = 6.305622e+00
upper bound estimate of delta = 8.160000e-01
lower bound estimate of delta = 8.000000e-01
the initial guesses were not good, did not successfully find a minimum.
RETRYING!
minimum found at:
    iteration	            R	          eta	        delta	            E	         dEdR	       dEdeta	     dEddelta	    grad norm
            1	 4.260393e-01	 6.319807e+00	-5.080438e-07	-4.912947e-02	 6.370016e-10	 5.088522e-10	-1.083624e-07	 1.083655e-07
success!


parameter values for minimization:
K33 = 2.000000e+01
k24 = 6.200000e-01
Lambda = 1.000000e-01
d0 = 1.000000e+00
omega = 1.000000e-02
gamma_s = 1.124242e-01
initial guesses for R, eta, and delta:
guess for R = 4.260393e-01
guess for eta = 6.335622e+00
guess for delta = 8.100000e-01
estimated ranges of R, eta, and delta:
upper bound estimate of R = 6.390590e-01
lower bound estimate of R = 3.195295e-01
upper bound estimate of eta = 6.365622e+00
lower bound estimate of eta = 6.305622e+00
upper bound estimate of delta = 8.160000e-01
lower bound estimate of delta = 8.000000e-01
the initial guesses were not good, did not successfully find a minimum.
RETRYING!
the initial guesses were not good, did not successfully find a minimum.


parameter values for minimization:
K33 = 2.000000e+01
k24 = 6.200000e-01
Lambda = 1.000000e-01
d0 = 1.000000e+00
omega = 1.000000e-02
gamma_s = 1.124242e-01
initial guesses for R, eta, and delta:
guess for R = 1.000000e+00
guess for eta = 6.335622e+00
guess for delta = 8.100000e-01
estimated ranges of R, eta, and delta:
upper bound estimate of R = 1.500000e+00
lower bound estimate of R = 7.500000e-01
upper bound estimate of eta = 6.365622e+00
lower bound estimate of eta = 6.305622e+00
upper bound estimate of delta = 8.160000e-01
lower bound estimate of delta = 8.000000e-01
x[1] = -1.042933e+00, x[2] = 6.364501e+00, x[3] = 8.093298e-01
something is too big or less than zero, so returning failed calculation.
the initial guesses were not good, did not successfully find a minimum.
RETRYING!
minimum found at:
    iteration	            R	          eta	        delta	            E	         dEdR	       dEdeta	     dEddelta	    grad norm
           10	 4.502326e-01	 6.486454e+00	-1.182253e-07	-3.113932e-02	 6.905771e-08	 7.093092e-10	-1.455375e-08	 7.057820e-08
success!


parameter values for minimization:
K33 = 2.000000e+01
k24 = 6.200000e-01
Lambda = 1.000000e-01
d0 = 1.000000e+00
omega = 1.000000e-02
gamma_s = 1.163636e-01
initial guesses for R, eta, and delta:
guess for R = 4.502326e-01
guess for eta = 6.335622e+00
guess for delta = 8.100000e-01
estimated ranges of R, eta, and delta:
upper bound estimate of R = 6.753489e-01
lower bound estimate of R = 3.376744e-01
upper bound estimate of eta = 6.365622e+00
lower bound estimate of eta = 6.305622e+00
upper bound estimate of delta = 8.160000e-01
lower bound estimate of delta = 8.000000e-01
the initial guesses were not good, did not successfully find a minimum.
RETRYING!
minimum found at:
    iteration	            R	          eta	        delta	            E	         dEdR	       dEdeta	     dEddelta	    grad norm
            4	 4.753290e-01	 6.217911e+00	-9.839428e-10	-1.410746e-02	 4.670605e-11	 7.709882e-10	-6.631622e-10	 1.018032e-09
success!


parameter values for minimization:
K33 = 2.000000e+01
k24 = 6.200000e-01
Lambda = 1.000000e-01
d0 = 1.000000e+00
omega = 1.000000e-02
gamma_s = 1.203030e-01
initial guesses for R, eta, and delta:
guess for R = 4.753290e-01
guess for eta = 6.335622e+00
guess for delta = 8.100000e-01
estimated ranges of R, eta, and delta:
upper bound estimate of R = 7.129935e-01
lower bound estimate of R = 3.564968e-01
upper bound estimate of eta = 6.365622e+00
lower bound estimate of eta = 6.305622e+00
upper bound estimate of delta = 8.160000e-01
lower bound estimate of delta = 8.000000e-01
minimum found at:
    iteration	            R	          eta	        delta	            E	         dEdR	       dEdeta	     dEddelta	    grad norm
           11	 5.013490e-01	 6.290489e+00	-5.420364e-07	 2.032782e-03	-3.676382e-08	 3.700743e-10	-2.045817e-07	 2.078591e-07
success!


parameter values for minimization:
K33 = 2.000000e+01
k24 = 6.200000e-01
Lambda = 1.000000e-01
d0 = 1.000000e+00
omega = 1.000000e-02
gamma_s = 1.242424e-01
initial guesses for R, eta, and delta:
guess for R = 5.013490e-01
guess for eta = 6.335622e+00
guess for delta = 8.100000e-01
estimated ranges of R, eta, and delta:
upper bound estimate of R = 7.520235e-01
lower bound estimate of R = 3.760118e-01
upper bound estimate of eta = 6.365622e+00
lower bound estimate of eta = 6.305622e+00
upper bound estimate of delta = 8.160000e-01
lower bound estimate of delta = 8.000000e-01
the initial guesses were not good, did not successfully find a minimum.
RETRYING!
minimum found at:
    iteration	            R	          eta	        delta	            E	         dEdR	       dEdeta	     dEddelta	    grad norm
            4	 5.283133e-01	 6.616792e+00	 2.212189e-08	 1.734228e-02	-8.248735e-09	 4.728234e-11	 7.697875e-09	 1.128278e-08
success!


parameter values for minimization:
K33 = 2.000000e+01
k24 = 6.200000e-01
Lambda = 1.000000e-01
d0 = 1.000000e+00
omega = 1.000000e-02
gamma_s = 1.281818e-01
initial guesses for R, eta, and delta:
guess for R = 5.283133e-01
guess for eta = 6.335622e+00
guess for delta = 8.100000e-01
estimated ranges of R, eta, and delta:
upper bound estimate of R = 7.924699e-01
lower bound estimate of R = 3.962350e-01
upper bound estimate of eta = 6.365622e+00
lower bound estimate of eta = 6.305622e+00
upper bound estimate of delta = 8.160000e-01
lower bound estimate of delta = 8.000000e-01
the initial guesses were not good, did not successfully find a minimum.
RETRYING!
minimum found at:
    iteration	            R	          eta	        delta	            E	         dEdR	       dEdeta	     dEddelta	    grad norm
            1	 5.562419e-01	 6.492841e+00	 4.232643e-06	 3.187674e-02	-1.102200e-08	-1.541976e-10	 7.483597e-07	 7.484409e-07
success!


parameter values for minimization:
K33 = 2.000000e+01
k24 = 6.200000e-01
Lambda = 1.000000e-01
d0 = 1.000000e+00
omega = 1.000000e-02
gamma_s = 1.321212e-01
initial guesses for R, eta, and delta:
guess for R = 5.562419e-01
guess for eta = 6.335622e+00
guess for delta = 8.100000e-01
estimated ranges of R, eta, and delta:
upper bound estimate of R = 8.343628e-01
lower bound estimate of R = 4.171814e-01
upper bound estimate of eta = 6.365622e+00
lower bound estimate of eta = 6.305622e+00
upper bound estimate of delta = 8.160000e-01
lower bound estimate of delta = 8.000000e-01
the initial guesses were not good, did not successfully find a minimum.
RETRYING!
minimum found at:
    iteration	            R	          eta	        delta	            E	         dEdR	       dEdeta	     dEddelta	    grad norm
            6	 5.851555e-01	 6.299603e+00	-1.273337e-08	 4.568721e-02	 2.736684e-09	-2.004569e-10	-6.064477e-09	 6.656388e-09
success!


parameter values for minimization:
K33 = 2.000000e+01
k24 = 6.200000e-01
Lambda = 1.000000e-01
d0 = 1.000000e+00
omega = 1.000000e-02
gamma_s = 1.360606e-01
initial guesses for R, eta, and delta:
guess for R = 5.851555e-01
guess for eta = 6.335622e+00
guess for delta = 8.100000e-01
estimated ranges of R, eta, and delta:
upper bound estimate of R = 8.777333e-01
lower bound estimate of R = 4.388666e-01
upper bound estimate of eta = 6.365622e+00
lower bound estimate of eta = 6.305622e+00
upper bound estimate of delta = 8.160000e-01
lower bound estimate of delta = 8.000000e-01
the initial guesses were not good, did not successfully find a minimum.
RETRYING!
minimum found at:
    iteration	            R	          eta	        delta	            E	         dEdR	       dEdeta	     dEddelta	    grad norm
            1	 6.150744e-01	 6.365768e+00	-1.382132e-07	 5.882058e-02	 2.527030e-10	 0.000000e+00	-5.088522e-08	 5.088585e-08
success!


parameter values for minimization:
K33 = 2.000000e+01
k24 = 6.200000e-01
Lambda = 1.000000e-01
d0 = 1.000000e+00
omega = 1.000000e-02
gamma_s = 1.400000e-01
initial guesses for R, eta, and delta:
guess for R = 6.150744e-01
guess for eta = 6.335622e+00
guess for delta = 8.100000e-01
estimated ranges of R, eta, and delta:
upper bound estimate of R = 9.226116e-01
lower bound estimate of R = 4.613058e-01
upper bound estimate of eta = 6.365622e+00
lower bound estimate of eta = 6.305622e+00
upper bound estimate of delta = 8.160000e-01
lower bound estimate of delta = 8.000000e-01
the initial guesses were not good, did not successfully find a minimum.
RETRYING!
minimum found at:
    iteration	            R	          eta	        delta	            E	         dEdR	       dEdeta	     dEddelta	    grad norm
            1	 6.460193e-01	 6.429734e+00	-4.664516e-08	 7.131997e-02	 2.573967e-10	-1.541976e-11	-1.364649e-08	 1.364893e-08
success!


parameter values for minimization:
K33 = 2.000000e+01
k24 = 6.200000e-01
Lambda = 1.000000e-01
d0 = 1.000000e+00
omega = 1.000000e-02
gamma_s = 1.439394e-01
initial guesses for R, eta, and delta:
guess for R = 6.460193e-01
guess for eta = 6.335622e+00
guess for delta = 8.100000e-01
estimated ranges of R, eta, and delta:
upper bound estimate of R = 9.690290e-01
lower bound estimate of R = 4.845145e-01
upper bound estimate of eta = 6.365622e+00
lower bound estimate of eta = 6.305622e+00
upper bound estimate of delta = 8.160000e-01
lower bound estimate of delta = 8.000000e-01
the initial guesses were not good, did not successfully find a minimum.
RETRYING!
minimum found at:
    iteration	            R	          eta	        delta	            E	         dEdR	       dEdeta	     dEddelta	    grad norm
            3	 6.780107e-01	 6.363109e+00	-1.002124e-11	 8.322509e-02	-1.237180e-10	 2.577912e-11	 1.131095e-12	 1.263803e-10
success!


parameter values for minimization:
K33 = 2.000000e+01
k24 = 6.200000e-01
Lambda = 1.000000e-01
d0 = 1.000000e+00
omega = 1.000000e-02
gamma_s = 1.478788e-01
initial guesses for R, eta, and delta:
guess for R = 6.780107e-01
guess for eta = 6.335622e+00
guess for delta = 8.100000e-01
estimated ranges of R, eta, and delta:
upper bound estimate of R = 1.017016e+00
lower bound estimate of R = 5.085080e-01
upper bound estimate of eta = 6.365622e+00
lower bound estimate of eta = 6.305622e+00
upper bound estimate of delta = 8.160000e-01
lower bound estimate of delta = 8.000000e-01
the initial guesses were not good, did not successfully find a minimum.
RETRYING!
minimum found at:
    iteration	            R	          eta	        delta	            E	         dEdR	       dEdeta	     dEddelta	    grad norm
            2	 7.110697e-01	 6.378930e+00	 5.552079e-08	 9.457259e-02	 1.384382e-09	-6.167906e-11	 2.618168e-08	 2.621832e-08
success!


parameter values for minimization:
K33 = 2.000000e+01
k24 = 6.200000e-01
Lambda = 1.000000e-01
d0 = 1.000000e+00
omega = 1.000000e-02
gamma_s = 1.518182e-01
initial guesses for R, eta, and delta:
guess for R = 7.110697e-01
guess for eta = 6.335622e+00
guess for delta = 8.100000e-01
estimated ranges of R, eta, and delta:
upper bound estimate of R = 1.066605e+00
lower bound estimate of R = 5.333023e-01
upper bound estimate of eta = 6.365622e+00
lower bound estimate of eta = 6.305622e+00
upper bound estimate of delta = 8.160000e-01
lower bound estimate of delta = 8.000000e-01
the initial guesses were not good, did not successfully find a minimum.
RETRYING!
minimum found at:
    iteration	            R	          eta	        delta	            E	         dEdR	       dEdeta	     dEddelta	    grad norm
            5	 7.452173e-01	 6.207109e+00	 1.432122e-09	 1.053963e-01	 3.233510e-10	 2.312965e-11	 1.708034e-09	 1.738526e-09
success!


parameter values for minimization:
K33 = 2.000000e+01
k24 = 6.200000e-01
Lambda = 1.000000e-01
d0 = 1.000000e+00
omega = 1.000000e-02
gamma_s = 1.557576e-01
initial guesses for R, eta, and delta:
guess for R = 7.452173e-01
guess for eta = 6.335622e+00
guess for delta = 8.100000e-01
estimated ranges of R, eta, and delta:
upper bound estimate of R = 1.117826e+00
lower bound estimate of R = 5.589130e-01
upper bound estimate of eta = 6.365622e+00
lower bound estimate of eta = 6.305622e+00
upper bound estimate of delta = 8.160000e-01
lower bound estimate of delta = 8.000000e-01
the initial guesses were not good, did not successfully find a minimum.
RETRYING!
minimum found at:
    iteration	            R	          eta	        delta	            E	         dEdR	       dEdeta	     dEddelta	    grad norm
            1	 7.804750e-01	 6.455303e+00	 3.804243e-07	 1.157276e-01	-1.422496e-11	 1.233581e-10	 1.640470e-07	 1.640471e-07
success!


parameter values for minimization:
K33 = 2.000000e+01
k24 = 6.200000e-01
Lambda = 1.000000e-01
d0 = 1.000000e+00
omega = 1.000000e-02
gamma_s = 1.596970e-01
initial guesses for R, eta, and delta:
guess for R = 7.804750e-01
guess for eta = 6.335622e+00
guess for delta = 8.100000e-01
estimated ranges of R, eta, and delta:
upper bound estimate of R = 1.170713e+00
lower bound estimate of R = 5.853563e-01
upper bound estimate of eta = 6.365622e+00
lower bound estimate of eta = 6.305622e+00
upper bound estimate of delta = 8.160000e-01
lower bound estimate of delta = 8.000000e-01
the initial guesses were not good, did not successfully find a minimum.
RETRYING!
minimum found at:
    iteration	            R	          eta	        delta	            E	         dEdR	       dEdeta	     dEddelta	    grad norm
            2	 8.168643e-01	 6.224482e+00	-3.728252e-09	 1.255953e-01	-2.382862e-08	 2.004569e-10	-5.955884e-09	 2.456249e-08
success!


parameter values for minimization:
K33 = 2.000000e+01
k24 = 6.200000e-01
Lambda = 1.000000e-01
d0 = 1.000000e+00
omega = 1.000000e-02
gamma_s = 1.636364e-01
initial guesses for R, eta, and delta:
guess for R = 8.168643e-01
guess for eta = 6.335622e+00
guess for delta = 8.100000e-01
estimated ranges of R, eta, and delta:
upper bound estimate of R = 1.225296e+00
lower bound estimate of R = 6.126482e-01
upper bound estimate of eta = 6.365622e+00
lower bound estimate of eta = 6.305622e+00
upper bound estimate of delta = 8.160000e-01
lower bound estimate of delta = 8.000000e-01
the initial guesses were not good, did not successfully find a minimum.
RETRYING!
minimum found at:
    iteration	            R	          eta	        delta	            E	         dEdR	       dEdeta	     dEddelta	    grad norm
            3	 8.544076e-01	 6.818133e+00	 5.737228e-09	 1.350265e-01	 8.028517e-09	-2.775558e-10	 5.867275e-09	 9.947816e-09
success!


parameter values for minimization:
K33 = 2.000000e+01
k24 = 6.200000e-01
Lambda = 1.000000e-01
d0 = 1.000000e+00
omega = 1.000000e-02
gamma_s = 1.675758e-01
initial guesses for R, eta, and delta:
guess for R = 8.544076e-01
guess for eta = 6.335622e+00
guess for delta = 8.100000e-01
estimated ranges of R, eta, and delta:
upper bound estimate of R = 1.281611e+00
lower bound estimate of R = 6.408057e-01
upper bound estimate of eta = 6.365622e+00
lower bound estimate of eta = 6.305622e+00
upper bound estimate of delta = 8.160000e-01
lower bound estimate of delta = 8.000000e-01
the initial guesses were not good, did not successfully find a minimum.
RETRYING!
minimum found at:
    iteration	            R	          eta	        delta	            E	         dEdR	       dEdeta	     dEddelta	    grad norm
            3	 8.931273e-01	 6.734485e+00	 1.949711e-09	 1.440460e-01	 1.564704e-09	-1.464878e-10	 1.412438e-09	 2.112992e-09
success!


parameter values for minimization:
K33 = 2.000000e+01
k24 = 6.200000e-01
Lambda = 1.000000e-01
d0 = 1.000000e+00
omega = 1.000000e-02
gamma_s = 1.715152e-01
initial guesses for R, eta, and delta:
guess for R = 8.931273e-01
guess for eta = 6.335622e+00
guess for delta = 8.100000e-01
estimated ranges of R, eta, and delta:
upper bound estimate of R = 1.339691e+00
lower bound estimate of R = 6.698455e-01
upper bound estimate of eta = 6.365622e+00
lower bound estimate of eta = 6.305622e+00
upper bound estimate of delta = 8.160000e-01
lower bound estimate of delta = 8.000000e-01
the initial guesses were not good, did not successfully find a minimum.
RETRYING!
minimum found at:
    iteration	            R	          eta	        delta	            E	         dEdR	       dEdeta	     dEddelta	    grad norm
            4	 9.330465e-01	 6.333343e+00	 6.168756e-12	 1.526771e-01	-4.507908e-11	-1.079383e-10	 1.133102e-11	 1.175211e-10
success!


parameter values for minimization:
K33 = 2.000000e+01
k24 = 6.200000e-01
Lambda = 1.000000e-01
d0 = 1.000000e+00
omega = 1.000000e-02
gamma_s = 1.754545e-01
initial guesses for R, eta, and delta:
guess for R = 9.330465e-01
guess for eta = 6.335622e+00
guess for delta = 8.100000e-01
estimated ranges of R, eta, and delta:
upper bound estimate of R = 1.399570e+00
lower bound estimate of R = 6.997849e-01
upper bound estimate of eta = 6.365622e+00
lower bound estimate of eta = 6.305622e+00
upper bound estimate of delta = 8.160000e-01
lower bound estimate of delta = 8.000000e-01
the initial guesses were not good, did not successfully find a minimum.
RETRYING!
x[1] = 2.107540e+00, x[2] = 5.086826e+00, x[3] = -2.783714e+00
something is too big or less than zero, so returning failed calculation.
minimum found at:
    iteration	            R	          eta	        delta	            E	         dEdR	       dEdeta	     dEddelta	    grad norm
            9	 9.741889e-01	 6.207569e+00	-2.473001e-08	 1.609413e-01	-1.972680e-08	-6.938894e-11	-4.595041e-08	 5.000591e-08
success!


parameter values for minimization:
K33 = 2.000000e+01
k24 = 6.200000e-01
Lambda = 1.000000e-01
d0 = 1.000000e+00
omega = 1.000000e-02
gamma_s = 1.793939e-01
initial guesses for R, eta, and delta:
guess for R = 9.741889e-01
guess for eta = 6.335622e+00
guess for delta = 8.100000e-01
estimated ranges of R, eta, and delta:
upper bound estimate of R = 1.461283e+00
lower bound estimate of R = 7.306417e-01
upper bound estimate of eta = 6.365622e+00
lower bound estimate of eta = 6.305622e+00
upper bound estimate of delta = 8.160000e-01
lower bound estimate of delta = 8.000000e-01
the initial guesses were not good, did not successfully find a minimum.
RETRYING!
the initial guesses were not good, did not successfully find a minimum.


parameter values for minimization:
K33 = 2.000000e+01
k24 = 6.200000e-01
Lambda = 1.000000e-01
d0 = 1.000000e+00
omega = 1.000000e-02
gamma_s = 1.793939e-01
initial guesses for R, eta, and delta:
guess for R = 1.000000e+00
guess for eta = 6.335622e+00
guess for delta = 8.100000e-01
estimated ranges of R, eta, and delta:
upper bound estimate of R = 1.500000e+00
lower bound estimate of R = 7.500000e-01
upper bound estimate of eta = 6.365622e+00
lower bound estimate of eta = 6.305622e+00
upper bound estimate of delta = 8.160000e-01
lower bound estimate of delta = 8.000000e-01
the initial guesses were not good, did not successfully find a minimum.
RETRYING!
minimum found at:
    iteration	            R	          eta	        delta	            E	         dEdR	       dEdeta	     dEddelta	    grad norm
            1	 1.016579e+00	 6.434265e+00	 6.159220e-08	 1.688586e-01	 6.431358e-11	 1.079383e-10	 5.475944e-08	 5.475958e-08
success!


parameter values for minimization:
K33 = 2.000000e+01
k24 = 6.200000e-01
Lambda = 1.000000e-01
d0 = 1.000000e+00
omega = 1.000000e-02
gamma_s = 1.833333e-01
initial guesses for R, eta, and delta:
guess for R = 1.016579e+00
guess for eta = 6.335622e+00
guess for delta = 8.100000e-01
estimated ranges of R, eta, and delta:
upper bound estimate of R = 1.524868e+00
lower bound estimate of R = 7.624342e-01
upper bound estimate of eta = 6.365622e+00
lower bound estimate of eta = 6.305622e+00
upper bound estimate of delta = 8.160000e-01
lower bound estimate of delta = 8.000000e-01
the initial guesses were not good, did not successfully find a minimum.
RETRYING!
minimum found at:
    iteration	            R	          eta	        delta	            E	         dEdR	       dEdeta	     dEddelta	    grad norm
            1	 1.060242e+00	 6.377180e+00	-4.381758e-07	 1.764479e-01	 6.748302e-11	-1.888226e-10	-5.341214e-07	 5.341214e-07
success!


parameter values for minimization:
K33 = 2.000000e+01
k24 = 6.200000e-01
Lambda = 1.000000e-01
d0 = 1.000000e+00
omega = 1.000000e-02
gamma_s = 1.872727e-01
initial guesses for R, eta, and delta:
guess for R = 1.060242e+00
guess for eta = 6.335622e+00
guess for delta = 8.100000e-01
estimated ranges of R, eta, and delta:
upper bound estimate of R = 1.590363e+00
lower bound estimate of R = 7.951815e-01
upper bound estimate of eta = 6.365622e+00
lower bound estimate of eta = 6.305622e+00
upper bound estimate of delta = 8.160000e-01
lower bound estimate of delta = 8.000000e-01
x[1] = 2.212749e+00, x[2] = 8.235003e+00, x[3] = -3.396615e+00
something is too big or less than zero, so returning failed calculation.
the initial guesses were not good, did not successfully find a minimum.
RETRYING!
minimum found at:
    iteration	            R	          eta	        delta	            E	         dEdR	       dEdeta	     dEddelta	    grad norm
            2	 1.105204e+00	 6.814232e+00	 1.451438e-08	 1.837265e-01	 1.462180e-10	-1.002285e-10	 1.592878e-08	 1.592976e-08
success!


parameter values for minimization:
K33 = 2.000000e+01
k24 = 6.200000e-01
Lambda = 1.000000e-01
d0 = 1.000000e+00
omega = 1.000000e-02
gamma_s = 1.912121e-01
initial guesses for R, eta, and delta:
guess for R = 1.105204e+00
guess for eta = 6.335622e+00
guess for delta = 8.100000e-01
estimated ranges of R, eta, and delta:
upper bound estimate of R = 1.657806e+00
lower bound estimate of R = 8.289030e-01
upper bound estimate of eta = 6.365622e+00
lower bound estimate of eta = 6.305622e+00
upper bound estimate of delta = 8.160000e-01
lower bound estimate of delta = 8.000000e-01
x[1] = 1.362441e+00, x[2] = 8.218459e+00, x[3] = -1.417516e+00
something is too big or less than zero, so returning failed calculation.
the initial guesses were not good, did not successfully find a minimum.
RETRYING!
minimum found at:
    iteration	            R	          eta	        delta	            E	         dEdR	       dEdeta	     dEddelta	    grad norm
            3	 1.151493e+00	 7.109837e+00	-3.971059e-10	 1.907108e-01	-8.351492e-11	-9.251859e-11	-1.154099e-09	 1.160810e-09
success!


parameter values for minimization:
K33 = 2.000000e+01
k24 = 6.200000e-01
Lambda = 1.000000e-01
d0 = 1.000000e+00
omega = 1.000000e-02
gamma_s = 1.951515e-01
initial guesses for R, eta, and delta:
guess for R = 1.151493e+00
guess for eta = 6.335622e+00
guess for delta = 8.100000e-01
estimated ranges of R, eta, and delta:
upper bound estimate of R = 1.727240e+00
lower bound estimate of R = 8.636198e-01
upper bound estimate of eta = 6.365622e+00
lower bound estimate of eta = 6.305622e+00
upper bound estimate of delta = 8.160000e-01
lower bound estimate of delta = 8.000000e-01
the initial guesses were not good, did not successfully find a minimum.
RETRYING!
minimum found at:
    iteration	            R	          eta	        delta	            E	         dEdR	       dEdeta	     dEddelta	    grad norm
            4	 1.199136e+00	 6.534325e+00	-6.602267e-11	 1.974159e-01	-3.627405e-10	 1.079383e-10	-8.404089e-11	 3.876780e-10
success!


parameter values for minimization:
K33 = 2.000000e+01
k24 = 6.200000e-01
Lambda = 1.000000e-01
d0 = 1.000000e+00
omega = 1.000000e-02
gamma_s = 1.990909e-01
initial guesses for R, eta, and delta:
guess for R = 1.199136e+00
guess for eta = 6.335622e+00
guess for delta = 8.100000e-01
estimated ranges of R, eta, and delta:
upper bound estimate of R = 1.798704e+00
lower bound estimate of R = 8.993520e-01
upper bound estimate of eta = 6.365622e+00
lower bound estimate of eta = 6.305622e+00
upper bound estimate of delta = 8.160000e-01
lower bound estimate of delta = 8.000000e-01
the initial guesses were not good, did not successfully find a minimum.
RETRYING!
minimum found at:
    iteration	            R	          eta	        delta	            E	         dEdR	       dEdeta	     dEddelta	    grad norm
            2	 1.248163e+00	 6.861085e+00	-1.350101e-08	 2.038561e-01	 7.342956e-10	-1.541976e-10	-1.868693e-08	 1.870198e-08
success!


parameter values for minimization:
K33 = 2.000000e+01
k24 = 6.200000e-01
Lambda = 1.000000e-01
d0 = 1.000000e+00
omega = 1.000000e-02
gamma_s = 2.030303e-01
initial guesses for R, eta, and delta:
guess for R = 1.248163e+00
guess for eta = 6.335622e+00
guess for delta = 8.100000e-01
estimated ranges of R, eta, and delta:
upper bound estimate of R = 1.872244e+00
lower bound estimate of R = 9.361222e-01
upper bound estimate of eta = 6.365622e+00
lower bound estimate of eta = 6.305622e+00
upper bound estimate of delta = 8.160000e-01
lower bound estimate of delta = 8.000000e-01
the initial guesses were not good, did not successfully find a minimum.
RETRYING!
minimum found at:
    iteration	            R	          eta	        delta	            E	         dEdR	       dEdeta	     dEddelta	    grad norm
            5	 1.298605e+00	 6.958062e+00	-7.079199e-11	 2.100448e-01	-3.753607e-11	-2.312965e-10	-1.731175e-10	 2.913360e-10
success!


parameter values for minimization:
K33 = 2.000000e+01
k24 = 6.200000e-01
Lambda = 1.000000e-01
d0 = 1.000000e+00
omega = 1.000000e-02
gamma_s = 2.069697e-01
initial guesses for R, eta, and delta:
guess for R = 1.298605e+00
guess for eta = 6.335622e+00
guess for delta = 8.100000e-01
estimated ranges of R, eta, and delta:
upper bound estimate of R = 1.947907e+00
lower bound estimate of R = 9.739537e-01
upper bound estimate of eta = 6.365622e+00
lower bound estimate of eta = 6.305622e+00
upper bound estimate of delta = 8.160000e-01
lower bound estimate of delta = 8.000000e-01
x[1] = 4.302275e-01, x[2] = 7.961709e+00, x[3] = -1.494006e+00
something is too big or less than zero, so returning failed calculation.
the initial guesses were not good, did not successfully find a minimum.
RETRYING!
minimum found at:
    iteration	            R	          eta	        delta	            E	         dEdR	       dEdeta	     dEddelta	    grad norm
            5	 1.350495e+00	 6.998069e+00	 5.794214e-09	 2.159944e-01	 6.215008e-09	-2.621360e-10	 1.223445e-08	 1.372504e-08
success!


parameter values for minimization:
K33 = 2.000000e+01
k24 = 6.200000e-01
Lambda = 1.000000e-01
d0 = 1.000000e+00
omega = 1.000000e-02
gamma_s = 2.109091e-01
initial guesses for R, eta, and delta:
guess for R = 1.350495e+00
guess for eta = 6.335622e+00
guess for delta = 8.100000e-01
estimated ranges of R, eta, and delta:
upper bound estimate of R = 2.025742e+00
lower bound estimate of R = 1.012871e+00
upper bound estimate of eta = 6.365622e+00
lower bound estimate of eta = 6.305622e+00
upper bound estimate of delta = 8.160000e-01
lower bound estimate of delta = 8.000000e-01
the initial guesses were not good, did not successfully find a minimum.
RETRYING!
x[1] = 3.468937e+00, x[2] = 5.611523e+00, x[3] = -3.528549e+00
something is too big or less than zero, so returning failed calculation.
minimum found at:
    iteration	            R	          eta	        delta	            E	         dEdR	       dEdeta	     dEddelta	    grad norm
            9	 1.403868e+00	 6.331542e+00	 1.087152e-08	 2.217166e-01	-8.652377e-09	-1.233581e-10	 2.853212e-08	 2.981544e-08
success!


parameter values for minimization:
K33 = 2.000000e+01
k24 = 6.200000e-01
Lambda = 1.000000e-01
d0 = 1.000000e+00
omega = 1.000000e-02
gamma_s = 2.148485e-01
initial guesses for R, eta, and delta:
guess for R = 1.403868e+00
guess for eta = 6.335622e+00
guess for delta = 8.100000e-01
estimated ranges of R, eta, and delta:
upper bound estimate of R = 2.105802e+00
lower bound estimate of R = 1.052901e+00
upper bound estimate of eta = 6.365622e+00
lower bound estimate of eta = 6.305622e+00
upper bound estimate of delta = 8.160000e-01
lower bound estimate of delta = 8.000000e-01
the initial guesses were not good, did not successfully find a minimum.
RETRYING!
minimum found at:
    iteration	            R	          eta	        delta	            E	         dEdR	       dEdeta	     dEddelta	    grad norm
            4	 1.458760e+00	 7.007961e+00	-2.168969e-11	 2.272223e-01	-4.168267e-11	 8.480870e-11	-4.949648e-11	 1.066764e-10
success!


parameter values for minimization:
K33 = 2.000000e+01
k24 = 6.200000e-01
Lambda = 1.000000e-01
d0 = 1.000000e+00
omega = 1.000000e-02
gamma_s = 2.187879e-01
initial guesses for R, eta, and delta:
guess for R = 1.458760e+00
guess for eta = 6.335622e+00
guess for delta = 8.100000e-01
estimated ranges of R, eta, and delta:
upper bound estimate of R = 2.188140e+00
lower bound estimate of R = 1.094070e+00
upper bound estimate of eta = 6.365622e+00
lower bound estimate of eta = 6.305622e+00
upper bound estimate of delta = 8.160000e-01
lower bound estimate of delta = 8.000000e-01
x[1] = 1.118914e+00, x[2] = 9.205801e+00, x[3] = -2.384121e+00
something is too big or less than zero, so returning failed calculation.
the initial guesses were not good, did not successfully find a minimum.
RETRYING!
minimum found at:
    iteration	            R	          eta	        delta	            E	         dEdR	       dEdeta	     dEddelta	    grad norm
            4	 1.515211e+00	 7.185217e+00	-6.173507e-11	 2.325219e-01	 2.065679e-11	 6.938894e-11	-2.224630e-10	 2.339473e-10
success!


parameter values for minimization:
K33 = 2.000000e+01
k24 = 6.200000e-01
Lambda = 1.000000e-01
d0 = 1.000000e+00
omega = 1.000000e-02
gamma_s = 2.227273e-01
initial guesses for R, eta, and delta:
guess for R = 1.515211e+00
guess for eta = 6.335622e+00
guess for delta = 8.100000e-01
estimated ranges of R, eta, and delta:
upper bound estimate of R = 2.272817e+00
lower bound estimate of R = 1.136408e+00
upper bound estimate of eta = 6.365622e+00
lower bound estimate of eta = 6.305622e+00
upper bound estimate of delta = 8.160000e-01
lower bound estimate of delta = 8.000000e-01
the initial guesses were not good, did not successfully find a minimum.
RETRYING!
minimum found at:
    iteration	            R	          eta	        delta	            E	         dEdR	       dEdeta	     dEddelta	    grad norm
            8	 1.573261e+00	 7.162850e+00	 1.412129e-10	 2.376250e-01	 1.051628e-11	 3.083953e-11	 5.118725e-10	 5.129085e-10
success!


parameter values for minimization:
K33 = 2.000000e+01
k24 = 6.200000e-01
Lambda = 1.000000e-01
d0 = 1.000000e+00
omega = 1.000000e-02
gamma_s = 2.266667e-01
initial guesses for R, eta, and delta:
guess for R = 1.573261e+00
guess for eta = 6.335622e+00
guess for delta = 8.100000e-01
estimated ranges of R, eta, and delta:
upper bound estimate of R = 2.359891e+00
lower bound estimate of R = 1.179946e+00
upper bound estimate of eta = 6.365622e+00
lower bound estimate of eta = 6.305622e+00
upper bound estimate of delta = 8.160000e-01
lower bound estimate of delta = 8.000000e-01
the initial guesses were not good, did not successfully find a minimum.
RETRYING!
minimum found at:
    iteration	            R	          eta	        delta	            E	         dEdR	       dEdeta	     dEddelta	    grad norm
            7	 1.632957e+00	 7.118604e+00	 7.310276e-09	 2.425407e-01	 9.491866e-10	-1.850372e-10	 2.305766e-08	 2.307793e-08
success!


parameter values for minimization:
K33 = 2.000000e+01
k24 = 6.200000e-01
Lambda = 1.000000e-01
d0 = 1.000000e+00
omega = 1.000000e-02
gamma_s = 2.306061e-01
initial guesses for R, eta, and delta:
guess for R = 1.632957e+00
guess for eta = 6.335622e+00
guess for delta = 8.100000e-01
estimated ranges of R, eta, and delta:
upper bound estimate of R = 2.449435e+00
lower bound estimate of R = 1.224718e+00
upper bound estimate of eta = 6.365622e+00
lower bound estimate of eta = 6.305622e+00
upper bound estimate of delta = 8.160000e-01
lower bound estimate of delta = 8.000000e-01
the initial guesses were not good, did not successfully find a minimum.
RETRYING!
minimum found at:
    iteration	            R	          eta	        delta	            E	         dEdR	       dEdeta	     dEddelta	    grad norm
            6	 1.694346e+00	 6.964961e+00	 2.932990e-09	 2.472775e-01	 4.239604e-09	-7.709882e-12	 7.385837e-09	 8.516154e-09
success!


parameter values for minimization:
K33 = 2.000000e+01
k24 = 6.200000e-01
Lambda = 1.000000e-01
d0 = 1.000000e+00
omega = 1.000000e-02
gamma_s = 2.345455e-01
initial guesses for R, eta, and delta:
guess for R = 1.694346e+00
guess for eta = 6.335622e+00
guess for delta = 8.100000e-01
estimated ranges of R, eta, and delta:
upper bound estimate of R = 2.541519e+00
lower bound estimate of R = 1.270760e+00
upper bound estimate of eta = 6.365622e+00
lower bound estimate of eta = 6.305622e+00
upper bound estimate of delta = 8.160000e-01
lower bound estimate of delta = 8.000000e-01
the initial guesses were not good, did not successfully find a minimum.
RETRYING!
minimum found at:
    iteration	            R	          eta	        delta	            E	         dEdR	       dEdeta	     dEddelta	    grad norm
            7	 1.757481e+00	 7.080105e+00	 3.344057e-11	 2.518434e-01	 6.762285e-11	-1.387779e-10	 6.988216e-11	 1.694570e-10
success!


parameter values for minimization:
K33 = 2.000000e+01
k24 = 6.200000e-01
Lambda = 1.000000e-01
d0 = 1.000000e+00
omega = 1.000000e-02
gamma_s = 2.384848e-01
initial guesses for R, eta, and delta:
guess for R = 1.757481e+00
guess for eta = 6.335622e+00
guess for delta = 8.100000e-01
estimated ranges of R, eta, and delta:
upper bound estimate of R = 2.636221e+00
lower bound estimate of R = 1.318111e+00
upper bound estimate of eta = 6.365622e+00
lower bound estimate of eta = 6.305622e+00
upper bound estimate of delta = 8.160000e-01
lower bound estimate of delta = 8.000000e-01
the initial guesses were not good, did not successfully find a minimum.
RETRYING!
minimum found at:
    iteration	            R	          eta	        delta	            E	         dEdR	       dEdeta	     dEddelta	    grad norm
            4	 1.822419e+00	 7.118867e+00	 1.154696e-09	 2.562459e-01	 2.174643e-10	-7.709882e-11	 4.086886e-09	 4.093394e-09
success!


parameter values for minimization:
K33 = 2.000000e+01
k24 = 6.200000e-01
Lambda = 1.000000e-01
d0 = 1.000000e+00
omega = 1.000000e-02
gamma_s = 2.424242e-01
initial guesses for R, eta, and delta:
guess for R = 1.822419e+00
guess for eta = 6.335622e+00
guess for delta = 8.100000e-01
estimated ranges of R, eta, and delta:
upper bound estimate of R = 2.733629e+00
lower bound estimate of R = 1.366814e+00
upper bound estimate of eta = 6.365622e+00
lower bound estimate of eta = 6.305622e+00
upper bound estimate of delta = 8.160000e-01
lower bound estimate of delta = 8.000000e-01
the initial guesses were not good, did not successfully find a minimum.
RETRYING!
x[1] = 8.612353e+00, x[2] = 3.502599e+00, x[3] = -4.125905e+00
something is too big or less than zero, so returning failed calculation.
minimum found at:
    iteration	            R	          eta	        delta	            E	         dEdR	       dEdeta	     dEddelta	    grad norm
            8	 1.889220e+00	 6.118560e+00	-1.391209e-09	 2.604922e-01	 1.060095e-09	-3.083953e-11	-1.034066e-08	 1.039491e-08
success!


parameter values for minimization:
K33 = 2.000000e+01
k24 = 6.200000e-01
Lambda = 1.000000e-01
d0 = 1.000000e+00
omega = 1.000000e-02
gamma_s = 2.463636e-01
initial guesses for R, eta, and delta:
guess for R = 1.889220e+00
guess for eta = 6.335622e+00
guess for delta = 8.100000e-01
estimated ranges of R, eta, and delta:
upper bound estimate of R = 2.833830e+00
lower bound estimate of R = 1.416915e+00
upper bound estimate of eta = 6.365622e+00
lower bound estimate of eta = 6.305622e+00
upper bound estimate of delta = 8.160000e-01
lower bound estimate of delta = 8.000000e-01
the initial guesses were not good, did not successfully find a minimum.
RETRYING!
minimum found at:
    iteration	            R	          eta	        delta	            E	         dEdR	       dEdeta	     dEddelta	    grad norm
            5	 1.957955e+00	 6.189073e+00	-2.921118e-09	 2.645889e-01	 1.874815e-10	 2.621360e-10	-2.119334e-08	 2.119579e-08
success!


parameter values for minimization:
K33 = 2.000000e+01
k24 = 6.200000e-01
Lambda = 1.000000e-01
d0 = 1.000000e+00
omega = 1.000000e-02
gamma_s = 2.503030e-01
initial guesses for R, eta, and delta:
guess for R = 1.957955e+00
guess for eta = 6.335622e+00
guess for delta = 8.100000e-01
estimated ranges of R, eta, and delta:
upper bound estimate of R = 2.936932e+00
lower bound estimate of R = 1.468466e+00
upper bound estimate of eta = 6.365622e+00
lower bound estimate of eta = 6.305622e+00
upper bound estimate of delta = 8.160000e-01
lower bound estimate of delta = 8.000000e-01
the initial guesses were not good, did not successfully find a minimum.
RETRYING!
minimum found at:
    iteration	            R	          eta	        delta	            E	         dEdR	       dEdeta	     dEddelta	    grad norm
            4	 2.028697e+00	 7.009527e+00	-1.081314e-10	 2.685422e-01	-2.068825e-11	-1.233581e-10	-3.937288e-10	 4.131194e-10
success!


parameter values for minimization:
K33 = 2.000000e+01
k24 = 6.200000e-01
Lambda = 1.000000e-01
d0 = 1.000000e+00
omega = 1.000000e-02
gamma_s = 2.542424e-01
initial guesses for R, eta, and delta:
guess for R = 2.028697e+00
guess for eta = 6.335622e+00
guess for delta = 8.100000e-01
estimated ranges of R, eta, and delta:
upper bound estimate of R = 3.043046e+00
lower bound estimate of R = 1.521523e+00
upper bound estimate of eta = 6.365622e+00
lower bound estimate of eta = 6.305622e+00
upper bound estimate of delta = 8.160000e-01
lower bound estimate of delta = 8.000000e-01
x[1] = -9.493302e-02, x[2] = 6.442163e+00, x[3] = 8.075291e-01
something is too big or less than zero, so returning failed calculation.
the initial guesses were not good, did not successfully find a minimum.
RETRYING!
minimum found at:
    iteration	            R	          eta	        delta	            E	         dEdR	       dEdeta	     dEddelta	    grad norm
            4	 2.101529e+00	 6.783169e+00	 4.376870e-09	 2.723581e-01	 1.145029e-10	 2.004569e-10	 1.837373e-08	 1.837518e-08
success!


parameter values for minimization:
K33 = 2.000000e+01
k24 = 6.200000e-01
Lambda = 1.000000e-01
d0 = 1.000000e+00
omega = 1.000000e-02
gamma_s = 2.581818e-01
initial guesses for R, eta, and delta:
guess for R = 2.101529e+00
guess for eta = 6.335622e+00
guess for delta = 8.100000e-01
estimated ranges of R, eta, and delta:
upper bound estimate of R = 3.152294e+00
lower bound estimate of R = 1.576147e+00
upper bound estimate of eta = 6.365622e+00
lower bound estimate of eta = 6.305622e+00
upper bound estimate of delta = 8.160000e-01
lower bound estimate of delta = 8.000000e-01
x[1] = -4.299477e-01, x[2] = 6.477027e+00, x[3] = 8.067250e-01
something is too big or less than zero, so returning failed calculation.
the initial guesses were not good, did not successfully find a minimum.
RETRYING!
minimum found at:
    iteration	            R	          eta	        delta	            E	         dEdR	       dEdeta	     dEddelta	    grad norm
            2	 2.176544e+00	 6.482109e+00	-1.647341e-09	 2.760422e-01	 3.966849e-11	 1.541976e-11	-1.044151e-08	 1.044160e-08
success!


parameter values for minimization:
K33 = 2.000000e+01
k24 = 6.200000e-01
Lambda = 1.000000e-01
d0 = 1.000000e+00
omega = 1.000000e-02
gamma_s = 2.621212e-01
initial guesses for R, eta, and delta:
guess for R = 2.176544e+00
guess for eta = 6.335622e+00
guess for delta = 8.100000e-01
estimated ranges of R, eta, and delta:
upper bound estimate of R = 3.264816e+00
lower bound estimate of R = 1.632408e+00
upper bound estimate of eta = 6.365622e+00
lower bound estimate of eta = 6.305622e+00
upper bound estimate of delta = 8.160000e-01
lower bound estimate of delta = 8.000000e-01
x[1] = -8.220179e-01, x[2] = 6.526956e+00, x[3] = 8.055746e-01
something is too big or less than zero, so returning failed calculation.
the initial guesses were not good, did not successfully find a minimum.
RETRYING!
minimum found at:
    iteration	            R	          eta	        delta	            E	         dEdR	       dEdeta	     dEddelta	    grad norm
            2	 2.253845e+00	 6.184557e+00	 4.492950e-09	 2.795995e-01	-8.614852e-09	-1.541976e-11	 4.591235e-08	 4.671359e-08
success!


parameter values for minimization:
K33 = 2.000000e+01
k24 = 6.200000e-01
Lambda = 1.000000e-01
d0 = 1.000000e+00
omega = 1.000000e-02
gamma_s = 2.660606e-01
initial guesses for R, eta, and delta:
guess for R = 2.253845e+00
guess for eta = 6.335622e+00
guess for delta = 8.100000e-01
estimated ranges of R, eta, and delta:
upper bound estimate of R = 3.380768e+00
lower bound estimate of R = 1.690384e+00
upper bound estimate of eta = 6.365622e+00
lower bound estimate of eta = 6.305622e+00
upper bound estimate of delta = 8.160000e-01
lower bound estimate of delta = 8.000000e-01
x[1] = -3.900091e-01, x[2] = 6.535435e+00, x[3] = 8.053848e-01
something is too big or less than zero, so returning failed calculation.
x[1] = 2.107364e+00, x[2] = 8.218311e+00, x[3] = -1.490860e+00
something is too big or less than zero, so returning failed calculation.
the initial guesses were not good, did not successfully find a minimum.
RETRYING!
minimum found at:
    iteration	            R	          eta	        delta	            E	         dEdR	       dEdeta	     dEddelta	    grad norm
            5	 2.333551e+00	 7.099247e+00	 4.161151e-10	 2.830352e-01	 1.632591e-10	-1.541976e-11	 2.328106e-09	 2.333874e-09
success!


parameter values for minimization:
K33 = 2.000000e+01
k24 = 6.200000e-01
Lambda = 1.000000e-01
d0 = 1.000000e+00
omega = 1.000000e-02
gamma_s = 2.700000e-01
initial guesses for R, eta, and delta:
guess for R = 2.333551e+00
guess for eta = 6.335622e+00
guess for delta = 8.100000e-01
estimated ranges of R, eta, and delta:
upper bound estimate of R = 3.500326e+00
lower bound estimate of R = 1.750163e+00
upper bound estimate of eta = 6.365622e+00
lower bound estimate of eta = 6.305622e+00
upper bound estimate of delta = 8.160000e-01
lower bound estimate of delta = 8.000000e-01
the initial guesses were not good, did not successfully find a minimum.
RETRYING!
x[1] = 1.060371e+01, x[2] = 9.230537e+00, x[3] = -2.804389e+00
something is too big or less than zero, so returning failed calculation.
minimum found at:
    iteration	            R	          eta	        delta	            E	         dEdR	       dEdeta	     dEddelta	    grad norm
            8	 2.415793e+00	 6.990804e+00	-7.640366e-09	 2.863536e-01	 6.893806e-11	-1.541976e-11	-4.693559e-08	 4.693564e-08
success!


parameter values for minimization:
K33 = 2.000000e+01
k24 = 6.200000e-01
Lambda = 1.000000e-01
d0 = 1.000000e+00
omega = 1.000000e-02
gamma_s = 2.739394e-01
initial guesses for R, eta, and delta:
guess for R = 2.415793e+00
guess for eta = 6.335622e+00
guess for delta = 8.100000e-01
estimated ranges of R, eta, and delta:
upper bound estimate of R = 3.623689e+00
lower bound estimate of R = 1.811845e+00
upper bound estimate of eta = 6.365622e+00
lower bound estimate of eta = 6.305622e+00
upper bound estimate of delta = 8.160000e-01
lower bound estimate of delta = 8.000000e-01
the initial guesses were not good, did not successfully find a minimum.
RETRYING!
minimum found at:
    iteration	            R	          eta	        delta	            E	         dEdR	       dEdeta	     dEddelta	    grad norm
            7	 2.500723e+00	 6.475536e+00	 2.105999e-10	 2.895593e-01	-5.022649e-11	 1.079383e-10	 2.072989e-09	 2.076404e-09
success!


parameter values for minimization:
K33 = 2.000000e+01
k24 = 6.200000e-01
Lambda = 1.000000e-01
d0 = 1.000000e+00
omega = 1.000000e-02
gamma_s = 2.778788e-01
initial guesses for R, eta, and delta:
guess for R = 2.500723e+00
guess for eta = 6.335622e+00
guess for delta = 8.100000e-01
estimated ranges of R, eta, and delta:
upper bound estimate of R = 3.751084e+00
lower bound estimate of R = 1.875542e+00
upper bound estimate of eta = 6.365622e+00
lower bound estimate of eta = 6.305622e+00
upper bound estimate of delta = 8.160000e-01
lower bound estimate of delta = 8.000000e-01
the initial guesses were not good, did not successfully find a minimum.
RETRYING!
minimum found at:
    iteration	            R	          eta	        delta	            E	         dEdR	       dEdeta	     dEddelta	    grad norm
            4	 2.588517e+00	 6.461506e+00	 1.734282e-10	 2.926561e-01	-7.622476e-12	 0.000000e+00	 1.925168e-09	 1.925183e-09
success!


parameter values for minimization:
K33 = 2.000000e+01
k24 = 6.200000e-01
Lambda = 1.000000e-01
d0 = 1.000000e+00
omega = 1.000000e-02
gamma_s = 2.818182e-01
initial guesses for R, eta, and delta:
guess for R = 2.588517e+00
guess for eta = 6.335622e+00
guess for delta = 8.100000e-01
estimated ranges of R, eta, and delta:
upper bound estimate of R = 3.882776e+00
lower bound estimate of R = 1.941388e+00
upper bound estimate of eta = 6.365622e+00
lower bound estimate of eta = 6.305622e+00
upper bound estimate of delta = 8.160000e-01
lower bound estimate of delta = 8.000000e-01
the initial guesses were not good, did not successfully find a minimum.
RETRYING!
the initial guesses were not good, did not successfully find a minimum.


parameter values for minimization:
K33 = 2.000000e+01
k24 = 6.200000e-01
Lambda = 1.000000e-01
d0 = 1.000000e+00
omega = 1.000000e-02
gamma_s = 2.818182e-01
initial guesses for R, eta, and delta:
guess for R = 1.000000e+00
guess for eta = 6.335622e+00
guess for delta = 8.100000e-01
estimated ranges of R, eta, and delta:
upper bound estimate of R = 1.500000e+00
lower bound estimate of R = 7.500000e-01
upper bound estimate of eta = 6.365622e+00
lower bound estimate of eta = 6.305622e+00
upper bound estimate of delta = 8.160000e-01
lower bound estimate of delta = 8.000000e-01
x[1] = -1.424200e+01, x[2] = 6.032742e+00, x[3] = 7.871132e-01
something is too big or less than zero, so returning failed calculation.
the initial guesses were not good, did not successfully find a minimum.
RETRYING!
the initial guesses were not good, did not successfully find a minimum.


parameter values for minimization:
K33 = 2.000000e+01
k24 = 6.200000e-01
Lambda = 1.000000e-01
d0 = 1.000000e+00
omega = 1.000000e-02
gamma_s = 2.818182e-01
initial guesses for R, eta, and delta:
guess for R = 1.000000e+00
guess for eta = 6.335622e+00
guess for delta = 0.000000e+00
estimated ranges of R, eta, and delta:
upper bound estimate of R = 1.500000e+00
lower bound estimate of R = 7.500000e-01
upper bound estimate of eta = 6.365622e+00
lower bound estimate of eta = 6.305622e+00
upper bound estimate of delta = 2.000000e-03
lower bound estimate of delta = -5.000000e-03
minimum found at:
    iteration	            R	          eta	        delta	            E	         dEdR	       dEdeta	     dEddelta	    grad norm
            3	 2.679380e+00	 6.335622e+00	-3.504805e-12	 2.956480e-01	 4.366877e-10	 3.392348e-10	 1.586033e-09	 1.679666e-09
success!


parameter values for minimization:
K33 = 2.000000e+01
k24 = 6.200000e-01
Lambda = 1.000000e-01
d0 = 1.000000e+00
omega = 1.000000e-02
gamma_s = 2.857576e-01
initial guesses for R, eta, and delta:
guess for R = 2.679380e+00
guess for eta = 6.335622e+00
guess for delta = -3.504805e-12
estimated ranges of R, eta, and delta:
upper bound estimate of R = 4.019070e+00
lower bound estimate of R = 2.009535e+00
upper bound estimate of eta = 6.365622e+00
lower bound estimate of eta = 6.305622e+00
upper bound estimate of delta = 2.000000e-03
lower bound estimate of delta = -5.000000e-03
minimum found at:
    iteration	            R	          eta	        delta	            E	         dEdR	       dEdeta	     dEddelta	    grad norm
            1	 2.773552e+00	 6.335622e+00	-1.578189e-12	 2.985383e-01	-3.406945e-11	 0.000000e+00	-7.930164e-10	 7.937480e-10
success!


parameter values for minimization:
K33 = 2.000000e+01
k24 = 6.200000e-01
Lambda = 1.000000e-01
d0 = 1.000000e+00
omega = 1.000000e-02
gamma_s = 2.896970e-01
initial guesses for R, eta, and delta:
guess for R = 2.773552e+00
guess for eta = 6.335622e+00
guess for delta = -1.578189e-12
estimated ranges of R, eta, and delta:
upper bound estimate of R = 4.160328e+00
lower bound estimate of R = 2.080164e+00
upper bound estimate of eta = 6.365622e+00
lower bound estimate of eta = 6.305622e+00
upper bound estimate of delta = 2.000000e-03
lower bound estimate of delta = -5.000000e-03
minimum found at:
    iteration	            R	          eta	        delta	            E	         dEdR	       dEdeta	     dEddelta	    grad norm
            1	 2.871320e+00	 6.335622e+00	 9.934948e-13	 3.013304e-01	-3.202314e-11	 6.167906e-11	-1.850372e-09	 1.851676e-09
success!


parameter values for minimization:
K33 = 2.000000e+01
k24 = 6.200000e-01
Lambda = 1.000000e-01
d0 = 1.000000e+00
omega = 1.000000e-02
gamma_s = 2.936364e-01
initial guesses for R, eta, and delta:
guess for R = 2.871320e+00
guess for eta = 6.335622e+00
guess for delta = 9.934948e-13
estimated ranges of R, eta, and delta:
upper bound estimate of R = 4.306980e+00
lower bound estimate of R = 2.153490e+00
upper bound estimate of eta = 6.365622e+00
lower bound estimate of eta = 6.305622e+00
upper bound estimate of delta = 2.000000e-03
lower bound estimate of delta = -5.000000e-03
minimum found at:
    iteration	            R	          eta	        delta	            E	         dEdR	       dEdeta	     dEddelta	    grad norm
            2	 2.973033e+00	 6.335622e+00	 5.834629e-12	 3.040272e-01	 5.500875e-09	-4.625929e-10	-1.850372e-09	 5.822156e-09
success!


parameter values for minimization:
K33 = 2.000000e+01
k24 = 6.200000e-01
Lambda = 1.000000e-01
d0 = 1.000000e+00
omega = 1.000000e-02
gamma_s = 2.975758e-01
initial guesses for R, eta, and delta:
guess for R = 2.973033e+00
guess for eta = 6.335622e+00
guess for delta = 5.834629e-12
estimated ranges of R, eta, and delta:
upper bound estimate of R = 4.459549e+00
lower bound estimate of R = 2.229775e+00
upper bound estimate of eta = 6.365622e+00
lower bound estimate of eta = 6.305622e+00
upper bound estimate of delta = 2.000000e-03
lower bound estimate of delta = -5.000000e-03
minimum found at:
    iteration	            R	          eta	        delta	            E	         dEdR	       dEdeta	     dEddelta	    grad norm
            2	 3.079116e+00	 6.335622e+00	 3.333001e-12	 3.066314e-01	 2.409046e-09	-3.083953e-11	 0.000000e+00	 2.409243e-09
success!


parameter values for minimization:
K33 = 2.000000e+01
k24 = 6.200000e-01
Lambda = 1.000000e-01
d0 = 1.000000e+00
omega = 1.000000e-02
gamma_s = 3.015152e-01
initial guesses for R, eta, and delta:
guess for R = 3.079116e+00
guess for eta = 6.335622e+00
guess for delta = 3.333001e-12
estimated ranges of R, eta, and delta:
upper bound estimate of R = 4.618674e+00
lower bound estimate of R = 2.309337e+00
upper bound estimate of eta = 6.365622e+00
lower bound estimate of eta = 6.305622e+00
upper bound estimate of delta = 2.000000e-03
lower bound estimate of delta = -5.000000e-03
minimum found at:
    iteration	            R	          eta	        delta	            E	         dEdR	       dEdeta	     dEddelta	    grad norm
            2	 3.190103e+00	 6.335622e+00	 6.220541e-12	 3.091455e-01	 2.697831e-09	-2.775558e-10	-2.643388e-09	 3.787193e-09
success!


parameter values for minimization:
K33 = 2.000000e+01
k24 = 6.200000e-01
Lambda = 1.000000e-01
d0 = 1.000000e+00
omega = 1.000000e-02
gamma_s = 3.054545e-01
initial guesses for R, eta, and delta:
guess for R = 3.190103e+00
guess for eta = 6.335622e+00
guess for delta = 6.220541e-12
estimated ranges of R, eta, and delta:
upper bound estimate of R = 4.785154e+00
lower bound estimate of R = 2.392577e+00
upper bound estimate of eta = 6.365622e+00
lower bound estimate of eta = 6.305622e+00
upper bound estimate of delta = 2.000000e-03
lower bound estimate of delta = -5.000000e-03
minimum found at:
    iteration	            R	          eta	        delta	            E	         dEdR	       dEdeta	     dEddelta	    grad norm
            2	 3.306677e+00	 6.335622e+00	 9.269206e-12	 3.115716e-01	 3.016183e-09	 0.000000e+00	 5.815454e-09	 6.551096e-09
success!


parameter values for minimization:
K33 = 2.000000e+01
k24 = 6.200000e-01
Lambda = 1.000000e-01
d0 = 1.000000e+00
omega = 1.000000e-02
gamma_s = 3.093939e-01
initial guesses for R, eta, and delta:
guess for R = 3.306677e+00
guess for eta = 6.335622e+00
guess for delta = 9.269206e-12
estimated ranges of R, eta, and delta:
upper bound estimate of R = 4.960015e+00
lower bound estimate of R = 2.480008e+00
upper bound estimate of eta = 6.365622e+00
lower bound estimate of eta = 6.305622e+00
upper bound estimate of delta = 2.000000e-03
lower bound estimate of delta = -5.000000e-03
minimum found at:
    iteration	            R	          eta	        delta	            E	         dEdR	       dEdeta	     dEddelta	    grad norm
            2	 3.429739e+00	 6.335622e+00	 8.546281e-12	 3.139114e-01	 3.325436e-09	-3.083953e-11	 4.758099e-09	 5.805082e-09
success!


parameter values for minimization:
K33 = 2.000000e+01
k24 = 6.200000e-01
Lambda = 1.000000e-01
d0 = 1.000000e+00
omega = 1.000000e-02
gamma_s = 3.133333e-01
initial guesses for R, eta, and delta:
guess for R = 3.429739e+00
guess for eta = 6.335622e+00
guess for delta = 8.546281e-12
estimated ranges of R, eta, and delta:
upper bound estimate of R = 5.144609e+00
lower bound estimate of R = 2.572304e+00
upper bound estimate of eta = 6.365622e+00
lower bound estimate of eta = 6.305622e+00
upper bound estimate of delta = 2.000000e-03
lower bound estimate of delta = -5.000000e-03
minimum found at:
    iteration	            R	          eta	        delta	            E	         dEdR	       dEdeta	     dEddelta	    grad norm
            2	 3.560514e+00	 6.335622e+00	 8.953614e-12	 3.161664e-01	 3.598159e-09	-3.083953e-11	 5.815454e-09	 6.838655e-09
success!


parameter values for minimization:
K33 = 2.000000e+01
k24 = 6.200000e-01
Lambda = 1.000000e-01
d0 = 1.000000e+00
omega = 1.000000e-02
gamma_s = 3.172727e-01
initial guesses for R, eta, and delta:
guess for R = 3.560514e+00
guess for eta = 6.335622e+00
guess for delta = 8.953614e-12
estimated ranges of R, eta, and delta:
upper bound estimate of R = 5.340771e+00
lower bound estimate of R = 2.670386e+00
upper bound estimate of eta = 6.365622e+00
lower bound estimate of eta = 6.305622e+00
upper bound estimate of delta = 2.000000e-03
lower bound estimate of delta = -5.000000e-03
minimum found at:
    iteration	            R	          eta	        delta	            E	         dEdR	       dEdeta	     dEddelta	    grad norm
            2	 3.700750e+00	 6.335622e+00	 8.928326e-12	 3.183372e-01	 3.768116e-09	 0.000000e+00	 4.229421e-09	 5.664512e-09
success!


parameter values for minimization:
K33 = 2.000000e+01
k24 = 6.200000e-01
Lambda = 1.000000e-01
d0 = 1.000000e+00
omega = 1.000000e-02
gamma_s = 3.212121e-01
initial guesses for R, eta, and delta:
guess for R = 3.700750e+00
guess for eta = 6.335622e+00
guess for delta = 8.928326e-12
estimated ranges of R, eta, and delta:
upper bound estimate of R = 5.551125e+00
lower bound estimate of R = 2.775563e+00
upper bound estimate of eta = 6.365622e+00
lower bound estimate of eta = 6.305622e+00
upper bound estimate of delta = 2.000000e-03
lower bound estimate of delta = -5.000000e-03
minimum found at:
    iteration	            R	          eta	        delta	            E	         dEdR	       dEdeta	     dEddelta	    grad norm
            2	 3.853098e+00	 6.335622e+00	 8.486695e-12	 3.204242e-01	 3.693327e-09	 6.167906e-11	 6.344132e-09	 7.341149e-09
success!


parameter values for minimization:
K33 = 2.000000e+01
k24 = 6.200000e-01
Lambda = 1.000000e-01
d0 = 1.000000e+00
omega = 1.000000e-02
gamma_s = 3.251515e-01
initial guesses for R, eta, and delta:
guess for R = 3.853098e+00
guess for eta = 6.335622e+00
guess for delta = 8.486695e-12
estimated ranges of R, eta, and delta:
upper bound estimate of R = 5.779647e+00
lower bound estimate of R = 2.889824e+00
upper bound estimate of eta = 6.365622e+00
lower bound estimate of eta = 6.305622e+00
upper bound estimate of delta = 2.000000e-03
lower bound estimate of delta = -5.000000e-03
minimum found at:
    iteration	            R	          eta	        delta	            E	         dEdR	       dEdeta	     dEddelta	    grad norm
            2	 4.021934e+00	 6.335622e+00	 5.017511e-12	 3.224263e-01	 3.400666e-09	 2.467162e-10	 2.114711e-09	 4.012156e-09
success!


parameter values for minimization:
K33 = 2.000000e+01
k24 = 6.200000e-01
Lambda = 1.000000e-01
d0 = 1.000000e+00
omega = 1.000000e-02
gamma_s = 3.290909e-01
initial guesses for R, eta, and delta:
guess for R = 4.021934e+00
guess for eta = 6.335622e+00
guess for delta = 5.017511e-12
estimated ranges of R, eta, and delta:
upper bound estimate of R = 6.032901e+00
lower bound estimate of R = 3.016450e+00
upper bound estimate of eta = 6.365622e+00
lower bound estimate of eta = 6.305622e+00
upper bound estimate of delta = 2.000000e-03
lower bound estimate of delta = -5.000000e-03
minimum found at:
    iteration	            R	          eta	        delta	            E	         dEdR	       dEdeta	     dEddelta	    grad norm
            2	 4.215533e+00	 6.335622e+00	 1.408642e-11	 3.243408e-01	 3.130931e-09	-2.158767e-10	-4.493760e-09	 5.481168e-09
success!


parameter values for minimization:
K33 = 2.000000e+01
k24 = 6.200000e-01
Lambda = 1.000000e-01
d0 = 1.000000e+00
omega = 1.000000e-02
gamma_s = 3.330303e-01
initial guesses for R, eta, and delta:
guess for R = 4.215533e+00
guess for eta = 6.335622e+00
guess for delta = 1.408642e-11
estimated ranges of R, eta, and delta:
upper bound estimate of R = 6.323299e+00
lower bound estimate of R = 3.161650e+00
upper bound estimate of eta = 6.365622e+00
lower bound estimate of eta = 6.305622e+00
upper bound estimate of delta = 2.000000e-03
lower bound estimate of delta = -5.000000e-03
minimum found at:
    iteration	            R	          eta	        delta	            E	         dEdR	       dEdeta	     dEddelta	    grad norm
            2	 4.453952e+00	 6.335622e+00	-1.944609e-12	 3.261610e-01	-3.511531e-12	-4.317534e-10	 3.700743e-09	 3.725846e-09
success!


parameter values for minimization:
K33 = 2.000000e+01
k24 = 6.200000e-01
Lambda = 1.000000e-01
d0 = 1.000000e+00
omega = 1.000000e-02
gamma_s = 3.369697e-01
initial guesses for R, eta, and delta:
guess for R = 4.453952e+00
guess for eta = 6.335622e+00
guess for delta = -1.944609e-12
estimated ranges of R, eta, and delta:
upper bound estimate of R = 6.680928e+00
lower bound estimate of R = 3.340464e+00
upper bound estimate of eta = 6.365622e+00
lower bound estimate of eta = 6.305622e+00
upper bound estimate of delta = 2.000000e-03
lower bound estimate of delta = -5.000000e-03
ss=-3.213386822358e+01, lastss = -3.206816052742e+01
tol = 7.585324549424e-13
failed to integrate at x = (1.678193e+01,6.335622e+00,8.267500e-10)
interpolating at R = 1.678193e+01, eta = 6.335622e+00, delta = 8.267500e-10...
done interpolating.
ss=9.360550806512e+02, lastss = 1.505355626480e+03
tol = 7.585325925388e-13
failed to integrate at x = (1.678193e+01,6.335622e+00,8.267500e-10)
interpolating at R = 1.678193e+01, eta = 6.335622e+00, delta = 8.267500e-10...
done interpolating.
ss=2.945520538475e+01, lastss = 9.181728994213e+01
tol = 7.585323337704e-13
failed to integrate at x = (1.678193e+01,6.335622e+00,8.267500e-10)
interpolating at R = 1.678193e+01, eta = 6.335622e+00, delta = 8.267500e-10...
done interpolating.
ss=2.803739043036e+02, lastss = 5.928719381850e+02
tol = 7.585322286117e-13
failed to integrate at x = (1.678193e+01,6.335622e+00,8.267500e-10)
failed calculation!
failed calculation!
failed calculation!
failed calculation!
failed calculation!
failed calculation!
failed calculation!
failed calculation!
failed calculation!
failed calculation!
failed calculation!
failed calculation!
failed calculation!
failed calculation!
failed calculation!
failed calculation!
failed calculation!
failed calculation!
failed calculation!
failed calculation!
failed calculation!
failed calculation!
failed calculation!
failed calculation!
minimum found at:
    iteration	            R	          eta	        delta	            E	         dEdR	       dEdeta	     dEddelta	    grad norm
            1	 5.823542e+00	 6.335622e+00	 9.012010e-11	1.000000e+300	 0.000000e+00	 0.000000e+00	 0.000000e+00	 0.000000e+00
success!


parameter values for minimization:
K33 = 2.000000e+01
k24 = 6.200000e-01
Lambda = 1.000000e-01
d0 = 1.000000e+00
omega = 1.000000e-02
gamma_s = 3.369697e-01
initial guesses for R, eta, and delta:
guess for R = 1.000000e+00
guess for eta = 6.335622e+00
guess for delta = 9.012010e-11
estimated ranges of R, eta, and delta:
upper bound estimate of R = 1.500000e+00
lower bound estimate of R = 7.500000e-01
upper bound estimate of eta = 6.365622e+00
lower bound estimate of eta = 6.305622e+00
upper bound estimate of delta = 2.000000e-03
lower bound estimate of delta = -5.000000e-03
ss=-6.584403952326e+00, lastss = -6.584552574149e+00
tol = 1.586393654912e-13
failed to integrate at x = (7.517875e+00,6.335622e+00,6.490695e-11)
interpolating at R = 7.517875e+00, eta = 6.335622e+00, delta = 6.490695e-11...
done interpolating.
ss=-5.974892482978e+00, lastss = -2.955094458871e+00
tol = 1.586393066904e-13
failed to integrate at x = (7.517875e+00,6.335622e+00,6.490695e-11)
interpolating at R = 7.517875e+00, eta = 6.335622e+00, delta = 6.490695e-11...
done interpolating.
ss=4.351408999125e+04, lastss = 6.910414613799e+04
tol = 1.586393233570e-13
failed to integrate at x = (7.517875e+00,6.335622e+00,6.490695e-11)
interpolating at R = 7.517875e+00, eta = 6.335622e+00, delta = 6.490695e-11...
done interpolating.
ss=8.410711780637e+03, lastss = 1.693185740633e+04
tol = 1.586393368007e-13
failed to integrate at x = (7.517875e+00,6.335622e+00,6.490695e-11)
failed calculation!
failed calculation!
failed calculation!
failed calculation!
failed calculation!
failed calculation!
failed calculation!
failed calculation!
failed calculation!
failed calculation!
failed calculation!
failed calculation!
failed calculation!
failed calculation!
failed calculation!
failed calculation!
abserr is 1.332268e+290, but the convergence criterion CONV_min*(1+p->Escale) is 1.328801e-08!
failed calculation!
failed calculation!
failed calculation!
failed calculation!
abserr is 1.332268e+290, but the convergence criterion CONV_min*(1+p->Escale) is 1.328801e-08!
failed calculation!
failed calculation!
failed calculation!
failed calculation!
abserr is 1.332268e+290, but the convergence criterion CONV_min*(1+p->Escale) is 1.328801e-08!
minimum found at:
    iteration	            R	          eta	        delta	            E	         dEdR	       dEdeta	     dEddelta	    grad norm
            2	 4.142875e+00	 6.335622e+00	 8.363291e-11	1.000000e+300	 0.000000e+00	 0.000000e+00	 0.000000e+00	 0.000000e+00
success!
Trying again with Rguess = 1.0
Trying again with Rguess = 1.0
Trying again with Rguess = 1.0
Last guess for Ri was 1.0, setting delta = 0.0
Trying again with Rguess = 1.0
Took 0.33179273658328584 hours to complete.
