Restoring modules from user's standard_modules


parameter values for minimization:
K33 = 2.000000e+01
k24 = -3.200000e-01
Lambda = 1.000000e+02
d0 = 1.000000e+00
omega = 1.000000e-01
gamma_s = 1.000000e-02
initial guesses for R, eta, and delta:
guess for R = 5.000000e-01
guess for eta = 6.300000e+00
guess for delta = 8.100000e-01
estimated ranges of R, eta, and delta:
upper bound estimate of R = 2.000000e+00
lower bound estimate of R = 1.000000e-01
upper bound estimate of eta = 6.430000e+00
lower bound estimate of eta = 6.290000e+00
upper bound estimate of delta = 8.160000e-01
lower bound estimate of delta = 8.000000e-01
x[1] = -2.097604e-01, x[2] = 6.323657e+00, x[3] = 8.099884e-01
something is too big or less than zero, so returning failed calculation.
x[1] = -4.193517e-01, x[2] = 6.299590e+00, x[3] = 8.099745e-01
something is too big or less than zero, so returning failed calculation.
abserr is 8.613317e-09, but the convergence criterion CONV_min*(1+p->Escale) is 1.013678e-08!
abserr is 9.286248e-09, but the convergence criterion CONV_min*(1+p->Escale) is 1.014435e-08!
abserr is 6.421527e-09, but the convergence criterion CONV_min*(1+p->Escale) is 1.014441e-08!
abserr is 5.794818e-09, but the convergence criterion CONV_min*(1+p->Escale) is 1.014442e-08!
the initial guesses were not good, did not successfully find a minimum.
RETRYING!
minimum found at:
    iteration	            R	          eta	        delta	            E	         dEdR	       dEdeta	     dEddelta	    grad norm
            2	 2.310956e-01	 6.287353e+00	 4.687911e-11	-1.110334e-01	 1.963317e-08	-2.621360e-10	 1.212619e-09	 1.967233e-08
success!


parameter values for minimization:
K33 = 2.000000e+01
k24 = -3.200000e-01
Lambda = 1.000000e+02
d0 = 1.000000e+00
omega = 1.000000e-01
gamma_s = 1.393939e-02
initial guesses for R, eta, and delta:
guess for R = 2.310956e-01
guess for eta = 6.300000e+00
guess for delta = 8.100000e-01
estimated ranges of R, eta, and delta:
upper bound estimate of R = 3.466434e-01
lower bound estimate of R = 1.733217e-01
upper bound estimate of eta = 6.430000e+00
lower bound estimate of eta = 6.290000e+00
upper bound estimate of delta = 8.160000e-01
lower bound estimate of delta = 8.000000e-01
the initial guesses were not good, did not successfully find a minimum.
RETRYING!
minimum found at:
    iteration	            R	          eta	        delta	            E	         dEdR	       dEdeta	     dEddelta	    grad norm
           10	 2.740398e-01	 6.307892e+00	 3.834138e-09	-7.979938e-02	 8.994221e-09	 3.083953e-11	 3.450768e-08	 3.566058e-08
success!


parameter values for minimization:
K33 = 2.000000e+01
k24 = -3.200000e-01
Lambda = 1.000000e+02
d0 = 1.000000e+00
omega = 1.000000e-01
gamma_s = 1.787879e-02
initial guesses for R, eta, and delta:
guess for R = 2.740398e-01
guess for eta = 6.300000e+00
guess for delta = 8.100000e-01
estimated ranges of R, eta, and delta:
upper bound estimate of R = 4.110597e-01
lower bound estimate of R = 2.055299e-01
upper bound estimate of eta = 6.430000e+00
lower bound estimate of eta = 6.290000e+00
upper bound estimate of delta = 8.160000e-01
lower bound estimate of delta = 8.000000e-01
the initial guesses were not good, did not successfully find a minimum.
RETRYING!
minimum found at:
    iteration	            R	          eta	        delta	            E	         dEdR	       dEdeta	     dEddelta	    grad norm
           12	 3.144596e-01	 6.320620e+00	-2.504605e-09	-5.299454e-02	-2.123638e-09	-1.464878e-10	-2.865234e-08	 2.873131e-08
success!


parameter values for minimization:
K33 = 2.000000e+01
k24 = -3.200000e-01
Lambda = 1.000000e+02
d0 = 1.000000e+00
omega = 1.000000e-01
gamma_s = 2.181818e-02
initial guesses for R, eta, and delta:
guess for R = 3.144596e-01
guess for eta = 6.300000e+00
guess for delta = 8.100000e-01
estimated ranges of R, eta, and delta:
upper bound estimate of R = 4.716894e-01
lower bound estimate of R = 2.358447e-01
upper bound estimate of eta = 6.430000e+00
lower bound estimate of eta = 6.290000e+00
upper bound estimate of delta = 8.160000e-01
lower bound estimate of delta = 8.000000e-01
the initial guesses were not good, did not successfully find a minimum.
RETRYING!
x[1] = 2.328067e-01, x[2] = 6.306953e+00, x[3] = -1.581514e+00
something is too big or less than zero, so returning failed calculation.
likely a maximizing (vs minimizing) solution for psi(r), as y[1][2]=-5.534673e-05  which usually means high energy.
solvde convergence failed when x = (5.956295e-01,6.445000e+00,3.307834e-01).
Retrying using a constant y value
the initial guesses were not good, did not successfully find a minimum.


parameter values for minimization:
K33 = 2.000000e+01
k24 = -3.200000e-01
Lambda = 1.000000e+02
d0 = 1.000000e+00
omega = 1.000000e-01
gamma_s = 2.181818e-02
initial guesses for R, eta, and delta:
guess for R = 1.000000e+00
guess for eta = 6.300000e+00
guess for delta = 8.100000e-01
estimated ranges of R, eta, and delta:
upper bound estimate of R = 1.500000e+00
lower bound estimate of R = 7.500000e-01
upper bound estimate of eta = 6.430000e+00
lower bound estimate of eta = 6.290000e+00
upper bound estimate of delta = 8.160000e-01
lower bound estimate of delta = 8.000000e-01
likely a maximizing (vs minimizing) solution for psi(r), as y[1][2]=-1.072791e-04  which usually means high energy.
solvde convergence failed when x = (9.318429e-01,6.355972e+00,8.099879e-01).
Retrying using a constant y value
x[1] = -2.740033e+00, x[2] = 6.217649e+00, x[3] = 8.088023e-01
something is too big or less than zero, so returning failed calculation.
x[1] = -4.187822e-02, x[2] = 6.300049e+00, x[3] = 8.096665e-01
something is too big or less than zero, so returning failed calculation.
the initial guesses were not good, did not successfully find a minimum.
RETRYING!
the initial guesses were not good, did not successfully find a minimum.


parameter values for minimization:
K33 = 2.000000e+01
k24 = -3.200000e-01
Lambda = 1.000000e+02
d0 = 1.000000e+00
omega = 1.000000e-01
gamma_s = 2.181818e-02
initial guesses for R, eta, and delta:
guess for R = 1.000000e+00
guess for eta = 6.300000e+00
guess for delta = 0.000000e+00
estimated ranges of R, eta, and delta:
upper bound estimate of R = 1.500000e+00
lower bound estimate of R = 7.500000e-01
upper bound estimate of eta = 6.430000e+00
lower bound estimate of eta = 6.290000e+00
upper bound estimate of delta = 2.000000e-03
lower bound estimate of delta = -5.000000e-03
x[1] = -6.183886e-01, x[2] = 6.300000e+00, x[3] = -4.963523e-12
something is too big or less than zero, so returning failed calculation.
x[1] = -2.127547e-02, x[2] = 6.300000e+00, x[3] = -3.566165e-11
something is too big or less than zero, so returning failed calculation.
minimum found at:
    iteration	            R	          eta	        delta	            E	         dEdR	       dEdeta	     dEddelta	    grad norm
            3	 3.536168e-01	 6.300000e+00	-1.987487e-12	-2.938605e-02	-2.467162e-12	 0.000000e+00	-1.519948e-09	 1.519950e-09
success!


parameter values for minimization:
K33 = 2.000000e+01
k24 = -3.200000e-01
Lambda = 1.000000e+02
d0 = 1.000000e+00
omega = 1.000000e-01
gamma_s = 2.575758e-02
initial guesses for R, eta, and delta:
guess for R = 3.536168e-01
guess for eta = 6.300000e+00
guess for delta = -1.987487e-12
estimated ranges of R, eta, and delta:
upper bound estimate of R = 5.304252e-01
lower bound estimate of R = 2.652126e-01
upper bound estimate of eta = 6.430000e+00
lower bound estimate of eta = 6.290000e+00
upper bound estimate of delta = 2.000000e-03
lower bound estimate of delta = -5.000000e-03
minimum found at:
    iteration	            R	          eta	        delta	            E	         dEdR	       dEdeta	     dEddelta	    grad norm
            1	 3.921903e-01	 6.300000e+00	-2.964382e-13	-8.240595e-03	 1.894239e-09	-1.294443e-10	-7.930164e-10	 2.057613e-09
success!


parameter values for minimization:
K33 = 2.000000e+01
k24 = -3.200000e-01
Lambda = 1.000000e+02
d0 = 1.000000e+00
omega = 1.000000e-01
gamma_s = 2.969697e-02
initial guesses for R, eta, and delta:
guess for R = 3.921903e-01
guess for eta = 6.300000e+00
guess for delta = -2.964382e-13
estimated ranges of R, eta, and delta:
upper bound estimate of R = 5.882854e-01
lower bound estimate of R = 2.941427e-01
upper bound estimate of eta = 6.430000e+00
lower bound estimate of eta = 6.290000e+00
upper bound estimate of delta = 2.000000e-03
lower bound estimate of delta = -5.000000e-03
minimum found at:
    iteration	            R	          eta	        delta	            E	         dEdR	       dEdeta	     dEddelta	    grad norm
            2	 4.305949e-01	 6.300000e+00	-3.951689e-12	 1.092479e-02	-3.444173e-10	 0.000000e+00	-4.261406e-09	 4.275302e-09
success!


parameter values for minimization:
K33 = 2.000000e+01
k24 = -3.200000e-01
Lambda = 1.000000e+02
d0 = 1.000000e+00
omega = 1.000000e-01
gamma_s = 3.363636e-02
initial guesses for R, eta, and delta:
guess for R = 4.305949e-01
guess for eta = 6.300000e+00
guess for delta = -3.951689e-12
estimated ranges of R, eta, and delta:
upper bound estimate of R = 6.458924e-01
lower bound estimate of R = 3.229462e-01
upper bound estimate of eta = 6.430000e+00
lower bound estimate of eta = 6.290000e+00
upper bound estimate of delta = 2.000000e-03
lower bound estimate of delta = -5.000000e-03
minimum found at:
    iteration	            R	          eta	        delta	            E	         dEdR	       dEdeta	     dEddelta	    grad norm
            2	 4.691064e-01	 6.300000e+00	-3.968168e-12	 2.845042e-02	 2.306188e-10	 2.197316e-10	 1.486906e-09	 1.520643e-09
success!


parameter values for minimization:
K33 = 2.000000e+01
k24 = -3.200000e-01
Lambda = 1.000000e+02
d0 = 1.000000e+00
omega = 1.000000e-01
gamma_s = 3.757576e-02
initial guesses for R, eta, and delta:
guess for R = 4.691064e-01
guess for eta = 6.300000e+00
guess for delta = -3.968168e-12
estimated ranges of R, eta, and delta:
upper bound estimate of R = 7.036596e-01
lower bound estimate of R = 3.518298e-01
upper bound estimate of eta = 6.430000e+00
lower bound estimate of eta = 6.290000e+00
upper bound estimate of delta = 2.000000e-03
lower bound estimate of delta = -5.000000e-03
minimum found at:
    iteration	            R	          eta	        delta	            E	         dEdR	       dEdeta	     dEddelta	    grad norm
            2	 5.079211e-01	 6.300000e+00	-4.844254e-12	 4.458805e-02	 1.873619e-10	 4.956353e-12	 7.930164e-10	 8.148645e-10
success!


parameter values for minimization:
K33 = 2.000000e+01
k24 = -3.200000e-01
Lambda = 1.000000e+02
d0 = 1.000000e+00
omega = 1.000000e-01
gamma_s = 4.151515e-02
initial guesses for R, eta, and delta:
guess for R = 5.079211e-01
guess for eta = 6.300000e+00
guess for delta = -4.844254e-12
estimated ranges of R, eta, and delta:
upper bound estimate of R = 7.618817e-01
lower bound estimate of R = 3.809408e-01
upper bound estimate of eta = 6.430000e+00
lower bound estimate of eta = 6.290000e+00
upper bound estimate of delta = 2.000000e-03
lower bound estimate of delta = -5.000000e-03
minimum found at:
    iteration	            R	          eta	        delta	            E	         dEdR	       dEdeta	     dEddelta	    grad norm
            2	 5.471856e-01	 6.300000e+00	-4.892384e-12	 5.953074e-02	-9.144160e-12	 2.451277e-11	-1.850372e-09	 1.850557e-09
success!


parameter values for minimization:
K33 = 2.000000e+01
k24 = -3.200000e-01
Lambda = 1.000000e+02
d0 = 1.000000e+00
omega = 1.000000e-01
gamma_s = 4.545455e-02
initial guesses for R, eta, and delta:
guess for R = 5.471856e-01
guess for eta = 6.300000e+00
guess for delta = -4.892384e-12
estimated ranges of R, eta, and delta:
upper bound estimate of R = 8.207784e-01
lower bound estimate of R = 4.103892e-01
upper bound estimate of eta = 6.430000e+00
lower bound estimate of eta = 6.290000e+00
upper bound estimate of delta = 2.000000e-03
lower bound estimate of delta = -5.000000e-03
minimum found at:
    iteration	            R	          eta	        delta	            E	         dEdR	       dEdeta	     dEddelta	    grad norm
            2	 5.870141e-01	 6.300000e+00	-4.053893e-12	 7.343083e-02	 1.465367e-11	 0.000000e+00	 6.079793e-09	 6.079810e-09
success!


parameter values for minimization:
K33 = 2.000000e+01
k24 = -3.200000e-01
Lambda = 1.000000e+02
d0 = 1.000000e+00
omega = 1.000000e-01
gamma_s = 4.939394e-02
initial guesses for R, eta, and delta:
guess for R = 5.870141e-01
guess for eta = 6.300000e+00
guess for delta = -4.053893e-12
estimated ranges of R, eta, and delta:
upper bound estimate of R = 8.805211e-01
lower bound estimate of R = 4.402606e-01
upper bound estimate of eta = 6.430000e+00
lower bound estimate of eta = 6.290000e+00
upper bound estimate of delta = 2.000000e-03
lower bound estimate of delta = -5.000000e-03
minimum found at:
    iteration	            R	          eta	        delta	            E	         dEdR	       dEdeta	     dEddelta	    grad norm
            3	 6.274990e-01	 6.300000e+00	-3.717842e-12	 8.641128e-02	 6.724642e-11	-3.634659e-11	 0.000000e+00	 7.644053e-11
success!


parameter values for minimization:
K33 = 2.000000e+01
k24 = -3.200000e-01
Lambda = 1.000000e+02
d0 = 1.000000e+00
omega = 1.000000e-01
gamma_s = 5.333333e-02
initial guesses for R, eta, and delta:
guess for R = 6.274990e-01
guess for eta = 6.300000e+00
guess for delta = -3.717842e-12
estimated ranges of R, eta, and delta:
upper bound estimate of R = 9.412485e-01
lower bound estimate of R = 4.706243e-01
upper bound estimate of eta = 6.430000e+00
lower bound estimate of eta = 6.290000e+00
upper bound estimate of delta = 2.000000e-03
lower bound estimate of delta = -5.000000e-03
minimum found at:
    iteration	            R	          eta	        delta	            E	         dEdR	       dEdeta	     dEddelta	    grad norm
            3	 6.687175e-01	 6.300000e+00	-4.578011e-12	 9.857317e-02	 1.032081e-10	-1.552991e-10	-3.436405e-09	 3.441460e-09
success!


parameter values for minimization:
K33 = 2.000000e+01
k24 = -3.200000e-01
Lambda = 1.000000e+02
d0 = 1.000000e+00
omega = 1.000000e-01
gamma_s = 5.727273e-02
initial guesses for R, eta, and delta:
guess for R = 6.687175e-01
guess for eta = 6.300000e+00
guess for delta = -4.578011e-12
estimated ranges of R, eta, and delta:
upper bound estimate of R = 1.003076e+00
lower bound estimate of R = 5.015381e-01
upper bound estimate of eta = 6.430000e+00
lower bound estimate of eta = 6.290000e+00
upper bound estimate of delta = 2.000000e-03
lower bound estimate of delta = -5.000000e-03
minimum found at:
    iteration	            R	          eta	        delta	            E	         dEdR	       dEdeta	     dEddelta	    grad norm
            2	 7.107355e-01	 6.300000e+00	-2.939561e-12	 1.100009e-01	 4.242803e-11	 6.608470e-12	-6.740640e-09	 6.740777e-09
success!


parameter values for minimization:
K33 = 2.000000e+01
k24 = -3.200000e-01
Lambda = 1.000000e+02
d0 = 1.000000e+00
omega = 1.000000e-01
gamma_s = 6.121212e-02
initial guesses for R, eta, and delta:
guess for R = 7.107355e-01
guess for eta = 6.300000e+00
guess for delta = -2.939561e-12
estimated ranges of R, eta, and delta:
upper bound estimate of R = 1.066103e+00
lower bound estimate of R = 5.330516e-01
upper bound estimate of eta = 6.430000e+00
lower bound estimate of eta = 6.290000e+00
upper bound estimate of delta = 2.000000e-03
lower bound estimate of delta = -5.000000e-03
minimum found at:
    iteration	            R	          eta	        delta	            E	         dEdR	       dEdeta	     dEddelta	    grad norm
            2	 7.536111e-01	 6.300000e+00	-3.810291e-12	 1.207659e-01	-4.684470e-11	 1.321694e-11	 5.286776e-10	 5.309135e-10
success!


parameter values for minimization:
K33 = 2.000000e+01
k24 = -3.200000e-01
Lambda = 1.000000e+02
d0 = 1.000000e+00
omega = 1.000000e-01
gamma_s = 6.515152e-02
initial guesses for R, eta, and delta:
guess for R = 7.536111e-01
guess for eta = 6.300000e+00
guess for delta = -3.810291e-12
estimated ranges of R, eta, and delta:
upper bound estimate of R = 1.130417e+00
lower bound estimate of R = 5.652083e-01
upper bound estimate of eta = 6.430000e+00
lower bound estimate of eta = 6.290000e+00
upper bound estimate of delta = 2.000000e-03
lower bound estimate of delta = -5.000000e-03
minimum found at:
    iteration	            R	          eta	        delta	            E	         dEdR	       dEdeta	     dEddelta	    grad norm
            2	 7.973966e-01	 6.300000e+00	-2.221525e-12	 1.309292e-01	 1.636894e-12	 1.057355e-10	 1.189525e-09	 1.194216e-09
success!


parameter values for minimization:
K33 = 2.000000e+01
k24 = -3.200000e-01
Lambda = 1.000000e+02
d0 = 1.000000e+00
omega = 1.000000e-01
gamma_s = 6.909091e-02
initial guesses for R, eta, and delta:
guess for R = 7.973966e-01
guess for eta = 6.300000e+00
guess for delta = -2.221525e-12
estimated ranges of R, eta, and delta:
upper bound estimate of R = 1.196095e+00
lower bound estimate of R = 5.980475e-01
upper bound estimate of eta = 6.430000e+00
lower bound estimate of eta = 6.290000e+00
upper bound estimate of delta = 2.000000e-03
lower bound estimate of delta = -5.000000e-03
minimum found at:
    iteration	            R	          eta	        delta	            E	         dEdR	       dEdeta	     dEddelta	    grad norm
            2	 8.421397e-01	 6.300000e+00	-3.169467e-12	 1.405435e-01	 9.268267e-11	-1.321694e-11	-7.930164e-10	 7.985235e-10
success!


parameter values for minimization:
K33 = 2.000000e+01
k24 = -3.200000e-01
Lambda = 1.000000e+02
d0 = 1.000000e+00
omega = 1.000000e-01
gamma_s = 7.303030e-02
initial guesses for R, eta, and delta:
guess for R = 8.421397e-01
guess for eta = 6.300000e+00
guess for delta = -3.169467e-12
estimated ranges of R, eta, and delta:
upper bound estimate of R = 1.263210e+00
lower bound estimate of R = 6.316048e-01
upper bound estimate of eta = 6.430000e+00
lower bound estimate of eta = 6.290000e+00
upper bound estimate of delta = 2.000000e-03
lower bound estimate of delta = -5.000000e-03
minimum found at:
    iteration	            R	          eta	        delta	            E	         dEdR	       dEdeta	     dEddelta	    grad norm
            2	 8.878851e-01	 6.300000e+00	-3.072174e-12	 1.496549e-01	 4.101490e-11	 0.000000e+00	-5.022437e-09	 5.022605e-09
success!


parameter values for minimization:
K33 = 2.000000e+01
k24 = -3.200000e-01
Lambda = 1.000000e+02
d0 = 1.000000e+00
omega = 1.000000e-01
gamma_s = 7.696970e-02
initial guesses for R, eta, and delta:
guess for R = 8.878851e-01
guess for eta = 6.300000e+00
guess for delta = -3.072174e-12
estimated ranges of R, eta, and delta:
upper bound estimate of R = 1.331828e+00
lower bound estimate of R = 6.659138e-01
upper bound estimate of eta = 6.430000e+00
lower bound estimate of eta = 6.290000e+00
upper bound estimate of delta = 2.000000e-03
lower bound estimate of delta = -5.000000e-03
minimum found at:
    iteration	            R	          eta	        delta	            E	         dEdR	       dEdeta	     dEddelta	    grad norm
            2	 9.346752e-01	 6.300000e+00	 7.532100e-13	 1.583034e-01	 5.557391e-12	 7.269317e-11	 2.643388e-10	 2.742083e-10
success!


parameter values for minimization:
K33 = 2.000000e+01
k24 = -3.200000e-01
Lambda = 1.000000e+02
d0 = 1.000000e+00
omega = 1.000000e-01
gamma_s = 8.090909e-02
initial guesses for R, eta, and delta:
guess for R = 9.346752e-01
guess for eta = 6.300000e+00
guess for delta = 7.532100e-13
estimated ranges of R, eta, and delta:
upper bound estimate of R = 1.402013e+00
lower bound estimate of R = 7.010064e-01
upper bound estimate of eta = 6.430000e+00
lower bound estimate of eta = 6.290000e+00
upper bound estimate of delta = 2.000000e-03
lower bound estimate of delta = -5.000000e-03
minimum found at:
    iteration	            R	          eta	        delta	            E	         dEdR	       dEdeta	     dEddelta	    grad norm
            2	 9.825510e-01	 6.300000e+00	-6.598671e-13	 1.665249e-01	 8.712265e-11	 6.608470e-12	 6.211962e-09	 6.212577e-09
success!


parameter values for minimization:
K33 = 2.000000e+01
k24 = -3.200000e-01
Lambda = 1.000000e+02
d0 = 1.000000e+00
omega = 1.000000e-01
gamma_s = 8.484848e-02
initial guesses for R, eta, and delta:
guess for R = 9.825510e-01
guess for eta = 6.300000e+00
guess for delta = -6.598671e-13
estimated ranges of R, eta, and delta:
upper bound estimate of R = 1.473826e+00
lower bound estimate of R = 7.369132e-01
upper bound estimate of eta = 6.430000e+00
lower bound estimate of eta = 6.290000e+00
upper bound estimate of delta = 2.000000e-03
lower bound estimate of delta = -5.000000e-03
minimum found at:
    iteration	            R	          eta	        delta	            E	         dEdR	       dEdeta	     dEddelta	    grad norm
            2	 1.031552e+00	 6.300000e+00	-5.377170e-13	 1.743508e-01	 1.506586e-11	-3.304235e-11	-3.832913e-09	 3.833085e-09
success!


parameter values for minimization:
K33 = 2.000000e+01
k24 = -3.200000e-01
Lambda = 1.000000e+02
d0 = 1.000000e+00
omega = 1.000000e-01
gamma_s = 8.878788e-02
initial guesses for R, eta, and delta:
guess for R = 1.031552e+00
guess for eta = 6.300000e+00
guess for delta = -5.377170e-13
estimated ranges of R, eta, and delta:
upper bound estimate of R = 1.547328e+00
lower bound estimate of R = 7.736640e-01
upper bound estimate of eta = 6.430000e+00
lower bound estimate of eta = 6.290000e+00
upper bound estimate of delta = 2.000000e-03
lower bound estimate of delta = -5.000000e-03
minimum found at:
    iteration	            R	          eta	        delta	            E	         dEdR	       dEdeta	     dEddelta	    grad norm
            2	 1.081719e+00	 6.300000e+00	-3.518583e-13	 1.818094e-01	 2.320905e-08	 1.982541e-11	 2.246880e-09	 2.331757e-08
success!


parameter values for minimization:
K33 = 2.000000e+01
k24 = -3.200000e-01
Lambda = 1.000000e+02
d0 = 1.000000e+00
omega = 1.000000e-01
gamma_s = 9.272727e-02
initial guesses for R, eta, and delta:
guess for R = 1.081719e+00
guess for eta = 6.300000e+00
guess for delta = -3.518583e-13
estimated ranges of R, eta, and delta:
upper bound estimate of R = 1.622579e+00
lower bound estimate of R = 8.112893e-01
upper bound estimate of eta = 6.430000e+00
lower bound estimate of eta = 6.290000e+00
upper bound estimate of delta = 2.000000e-03
lower bound estimate of delta = -5.000000e-03
minimum found at:
    iteration	            R	          eta	        delta	            E	         dEdR	       dEdeta	     dEddelta	    grad norm
            2	 1.133089e+00	 6.300000e+00	 1.344467e-12	 1.889260e-01	 2.321035e-08	 6.608470e-12	-2.379049e-09	 2.333196e-08
success!


parameter values for minimization:
K33 = 2.000000e+01
k24 = -3.200000e-01
Lambda = 1.000000e+02
d0 = 1.000000e+00
omega = 1.000000e-01
gamma_s = 9.666667e-02
initial guesses for R, eta, and delta:
guess for R = 1.133089e+00
guess for eta = 6.300000e+00
guess for delta = 1.344467e-12
estimated ranges of R, eta, and delta:
upper bound estimate of R = 1.699634e+00
lower bound estimate of R = 8.498168e-01
upper bound estimate of eta = 6.430000e+00
lower bound estimate of eta = 6.290000e+00
upper bound estimate of delta = 2.000000e-03
lower bound estimate of delta = -5.000000e-03
minimum found at:
    iteration	            R	          eta	        delta	            E	         dEdR	       dEdeta	     dEddelta	    grad norm
            2	 1.185704e+00	 6.300000e+00	 1.809408e-12	 1.957233e-01	 2.252823e-08	 1.321694e-11	 3.039896e-09	 2.273241e-08
success!


parameter values for minimization:
K33 = 2.000000e+01
k24 = -3.200000e-01
Lambda = 1.000000e+02
d0 = 1.000000e+00
omega = 1.000000e-01
gamma_s = 1.006061e-01
initial guesses for R, eta, and delta:
guess for R = 1.185704e+00
guess for eta = 6.300000e+00
guess for delta = 1.809408e-12
estimated ranges of R, eta, and delta:
upper bound estimate of R = 1.778556e+00
lower bound estimate of R = 8.892780e-01
upper bound estimate of eta = 6.430000e+00
lower bound estimate of eta = 6.290000e+00
upper bound estimate of delta = 2.000000e-03
lower bound estimate of delta = -5.000000e-03
minimum found at:
    iteration	            R	          eta	        delta	            E	         dEdR	       dEdeta	     dEddelta	    grad norm
            2	 1.239605e+00	 6.300000e+00	 2.506266e-12	 2.022221e-01	 2.156497e-08	-1.982541e-11	 1.586033e-09	 2.162322e-08
success!


parameter values for minimization:
K33 = 2.000000e+01
k24 = -3.200000e-01
Lambda = 1.000000e+02
d0 = 1.000000e+00
omega = 1.000000e-01
gamma_s = 1.045455e-01
initial guesses for R, eta, and delta:
guess for R = 1.239605e+00
guess for eta = 6.300000e+00
guess for delta = 2.506266e-12
estimated ranges of R, eta, and delta:
upper bound estimate of R = 1.859408e+00
lower bound estimate of R = 9.297038e-01
upper bound estimate of eta = 6.430000e+00
lower bound estimate of eta = 6.290000e+00
upper bound estimate of delta = 2.000000e-03
lower bound estimate of delta = -5.000000e-03
minimum found at:
    iteration	            R	          eta	        delta	            E	         dEdR	       dEdeta	     dEddelta	    grad norm
            2	 1.294832e+00	 6.300000e+00	-3.044583e-13	 2.084411e-01	 2.039739e-08	-6.608470e-11	-2.114711e-09	 2.050683e-08
success!


parameter values for minimization:
K33 = 2.000000e+01
k24 = -3.200000e-01
Lambda = 1.000000e+02
d0 = 1.000000e+00
omega = 1.000000e-01
gamma_s = 1.084848e-01
initial guesses for R, eta, and delta:
guess for R = 1.294832e+00
guess for eta = 6.300000e+00
guess for delta = -3.044583e-13
estimated ranges of R, eta, and delta:
upper bound estimate of R = 1.942248e+00
lower bound estimate of R = 9.711240e-01
upper bound estimate of eta = 6.430000e+00
lower bound estimate of eta = 6.290000e+00
upper bound estimate of delta = 2.000000e-03
lower bound estimate of delta = -5.000000e-03
minimum found at:
    iteration	            R	          eta	        delta	            E	         dEdR	       dEdeta	     dEddelta	    grad norm
            2	 1.351430e+00	 6.300000e+00	 2.257212e-12	 2.143971e-01	 1.916253e-08	-8.591012e-11	 5.022437e-09	 1.980996e-08
success!


parameter values for minimization:
K33 = 2.000000e+01
k24 = -3.200000e-01
Lambda = 1.000000e+02
d0 = 1.000000e+00
omega = 1.000000e-01
gamma_s = 1.124242e-01
initial guesses for R, eta, and delta:
guess for R = 1.351430e+00
guess for eta = 6.300000e+00
guess for delta = 2.257212e-12
estimated ranges of R, eta, and delta:
upper bound estimate of R = 2.027145e+00
lower bound estimate of R = 1.013572e+00
upper bound estimate of eta = 6.430000e+00
lower bound estimate of eta = 6.290000e+00
upper bound estimate of delta = 2.000000e-03
lower bound estimate of delta = -5.000000e-03
minimum found at:
    iteration	            R	          eta	        delta	            E	         dEdR	       dEdeta	     dEddelta	    grad norm
            2	 1.409443e+00	 6.300000e+00	 1.186596e-12	 2.201059e-01	 1.794011e-08	 1.982541e-11	-5.286776e-10	 1.794791e-08
success!


parameter values for minimization:
K33 = 2.000000e+01
k24 = -3.200000e-01
Lambda = 1.000000e+02
d0 = 1.000000e+00
omega = 1.000000e-01
gamma_s = 1.163636e-01
initial guesses for R, eta, and delta:
guess for R = 1.409443e+00
guess for eta = 6.300000e+00
guess for delta = 1.186596e-12
estimated ranges of R, eta, and delta:
upper bound estimate of R = 2.114165e+00
lower bound estimate of R = 1.057082e+00
upper bound estimate of eta = 6.430000e+00
lower bound estimate of eta = 6.290000e+00
upper bound estimate of delta = 2.000000e-03
lower bound estimate of delta = -5.000000e-03
minimum found at:
    iteration	            R	          eta	        delta	            E	         dEdR	       dEdeta	     dEddelta	    grad norm
            2	 1.468920e+00	 6.300000e+00	 1.465077e-12	 2.255817e-01	 1.676740e-08	-4.625929e-11	 1.057355e-09	 1.680077e-08
success!


parameter values for minimization:
K33 = 2.000000e+01
k24 = -3.200000e-01
Lambda = 1.000000e+02
d0 = 1.000000e+00
omega = 1.000000e-01
gamma_s = 1.203030e-01
initial guesses for R, eta, and delta:
guess for R = 1.468920e+00
guess for eta = 6.300000e+00
guess for delta = 1.465077e-12
estimated ranges of R, eta, and delta:
upper bound estimate of R = 2.203380e+00
lower bound estimate of R = 1.101690e+00
upper bound estimate of eta = 6.430000e+00
lower bound estimate of eta = 6.290000e+00
upper bound estimate of delta = 2.000000e-03
lower bound estimate of delta = -5.000000e-03
minimum found at:
    iteration	            R	          eta	        delta	            E	         dEdR	       dEdeta	     dEddelta	    grad norm
            2	 1.529912e+00	 6.300000e+00	-2.878561e-12	 2.308374e-01	 1.552516e-08	-2.643388e-11	-5.947623e-09	 1.662545e-08
success!


parameter values for minimization:
K33 = 2.000000e+01
k24 = -3.200000e-01
Lambda = 1.000000e+02
d0 = 1.000000e+00
omega = 1.000000e-01
gamma_s = 1.242424e-01
initial guesses for R, eta, and delta:
guess for R = 1.529912e+00
guess for eta = 6.300000e+00
guess for delta = -2.878561e-12
estimated ranges of R, eta, and delta:
upper bound estimate of R = 2.294868e+00
lower bound estimate of R = 1.147434e+00
upper bound estimate of eta = 6.430000e+00
lower bound estimate of eta = 6.290000e+00
upper bound estimate of delta = 2.000000e-03
lower bound estimate of delta = -5.000000e-03
minimum found at:
    iteration	            R	          eta	        delta	            E	         dEdR	       dEdeta	     dEddelta	    grad norm
            2	 1.592472e+00	 6.300000e+00	-4.625354e-13	 2.358852e-01	 1.434198e-08	-1.982541e-11	-1.850372e-09	 1.446087e-08
success!


parameter values for minimization:
K33 = 2.000000e+01
k24 = -3.200000e-01
Lambda = 1.000000e+02
d0 = 1.000000e+00
omega = 1.000000e-01
gamma_s = 1.281818e-01
initial guesses for R, eta, and delta:
guess for R = 1.592472e+00
guess for eta = 6.300000e+00
guess for delta = -4.625354e-13
estimated ranges of R, eta, and delta:
upper bound estimate of R = 2.388708e+00
lower bound estimate of R = 1.194354e+00
upper bound estimate of eta = 6.430000e+00
lower bound estimate of eta = 6.290000e+00
upper bound estimate of delta = 2.000000e-03
lower bound estimate of delta = -5.000000e-03
minimum found at:
    iteration	            R	          eta	        delta	            E	         dEdR	       dEdeta	     dEddelta	    grad norm
            2	 1.656659e+00	 6.300000e+00	-9.335623e-13	 2.407360e-01	 1.317573e-08	-1.057355e-10	 2.643388e-10	 1.317881e-08
success!


parameter values for minimization:
K33 = 2.000000e+01
k24 = -3.200000e-01
Lambda = 1.000000e+02
d0 = 1.000000e+00
omega = 1.000000e-01
gamma_s = 1.321212e-01
initial guesses for R, eta, and delta:
guess for R = 1.656659e+00
guess for eta = 6.300000e+00
guess for delta = -9.335623e-13
estimated ranges of R, eta, and delta:
upper bound estimate of R = 2.484989e+00
lower bound estimate of R = 1.242494e+00
upper bound estimate of eta = 6.430000e+00
lower bound estimate of eta = 6.290000e+00
upper bound estimate of delta = 2.000000e-03
lower bound estimate of delta = -5.000000e-03
minimum found at:
    iteration	            R	          eta	        delta	            E	         dEdR	       dEdeta	     dEddelta	    grad norm
            2	 1.722535e+00	 6.300000e+00	-1.451224e-12	 2.454001e-01	 1.205093e-08	 1.321694e-10	-2.775558e-09	 1.236714e-08
success!


parameter values for minimization:
K33 = 2.000000e+01
k24 = -3.200000e-01
Lambda = 1.000000e+02
d0 = 1.000000e+00
omega = 1.000000e-01
gamma_s = 1.360606e-01
initial guesses for R, eta, and delta:
guess for R = 1.722535e+00
guess for eta = 6.300000e+00
guess for delta = -1.451224e-12
estimated ranges of R, eta, and delta:
upper bound estimate of R = 2.583803e+00
lower bound estimate of R = 1.291901e+00
upper bound estimate of eta = 6.430000e+00
lower bound estimate of eta = 6.290000e+00
upper bound estimate of delta = 2.000000e-03
lower bound estimate of delta = -5.000000e-03
minimum found at:
    iteration	            R	          eta	        delta	            E	         dEdR	       dEdeta	     dEddelta	    grad norm
            2	 1.790169e+00	 6.300000e+00	 2.644642e-13	 2.498869e-01	 1.103946e-08	-6.608470e-12	-2.114711e-09	 1.124018e-08
success!


parameter values for minimization:
K33 = 2.000000e+01
k24 = -3.200000e-01
Lambda = 1.000000e+02
d0 = 1.000000e+00
omega = 1.000000e-01
gamma_s = 1.400000e-01
initial guesses for R, eta, and delta:
guess for R = 1.790169e+00
guess for eta = 6.300000e+00
guess for delta = 2.644642e-13
estimated ranges of R, eta, and delta:
upper bound estimate of R = 2.685253e+00
lower bound estimate of R = 1.342627e+00
upper bound estimate of eta = 6.430000e+00
lower bound estimate of eta = 6.290000e+00
upper bound estimate of delta = 2.000000e-03
lower bound estimate of delta = -5.000000e-03
minimum found at:
    iteration	            R	          eta	        delta	            E	         dEdR	       dEdeta	     dEddelta	    grad norm
            2	 1.859635e+00	 6.300000e+00	-3.235163e-12	 2.542052e-01	 1.001380e-08	 1.321694e-11	-6.344132e-09	 1.185430e-08
success!


parameter values for minimization:
K33 = 2.000000e+01
k24 = -3.200000e-01
Lambda = 1.000000e+02
d0 = 1.000000e+00
omega = 1.000000e-01
gamma_s = 1.439394e-01
initial guesses for R, eta, and delta:
guess for R = 1.859635e+00
guess for eta = 6.300000e+00
guess for delta = -3.235163e-12
estimated ranges of R, eta, and delta:
upper bound estimate of R = 2.789452e+00
lower bound estimate of R = 1.394726e+00
upper bound estimate of eta = 6.430000e+00
lower bound estimate of eta = 6.290000e+00
upper bound estimate of delta = 2.000000e-03
lower bound estimate of delta = -5.000000e-03
minimum found at:
    iteration	            R	          eta	        delta	            E	         dEdR	       dEdeta	     dEddelta	    grad norm
            2	 1.931016e+00	 6.300000e+00	 5.163802e-12	 2.583630e-01	 9.085185e-09	 1.057355e-10	 1.374562e-08	 1.647707e-08
success!


parameter values for minimization:
K33 = 2.000000e+01
k24 = -3.200000e-01
Lambda = 1.000000e+02
d0 = 1.000000e+00
omega = 1.000000e-01
gamma_s = 1.478788e-01
initial guesses for R, eta, and delta:
guess for R = 1.931016e+00
guess for eta = 6.300000e+00
guess for delta = 5.163802e-12
estimated ranges of R, eta, and delta:
upper bound estimate of R = 2.896524e+00
lower bound estimate of R = 1.448262e+00
upper bound estimate of eta = 6.430000e+00
lower bound estimate of eta = 6.290000e+00
upper bound estimate of delta = 2.000000e-03
lower bound estimate of delta = -5.000000e-03
minimum found at:
    iteration	            R	          eta	        delta	            E	         dEdR	       dEdeta	     dEddelta	    grad norm
            2	 2.004402e+00	 6.300000e+00	-7.719276e-12	 2.623679e-01	 8.207265e-09	 2.643388e-11	-2.522880e-08	 2.653021e-08
success!


parameter values for minimization:
K33 = 2.000000e+01
k24 = -3.200000e-01
Lambda = 1.000000e+02
d0 = 1.000000e+00
omega = 1.000000e-01
gamma_s = 1.518182e-01
initial guesses for R, eta, and delta:
guess for R = 2.004402e+00
guess for eta = 6.300000e+00
guess for delta = -7.719276e-12
estimated ranges of R, eta, and delta:
upper bound estimate of R = 3.006603e+00
lower bound estimate of R = 1.503301e+00
upper bound estimate of eta = 6.430000e+00
lower bound estimate of eta = 6.290000e+00
upper bound estimate of delta = 2.000000e-03
lower bound estimate of delta = -5.000000e-03
minimum found at:
    iteration	            R	          eta	        delta	            E	         dEdR	       dEdeta	     dEddelta	    grad norm
            2	 2.079895e+00	 6.300000e+00	 1.284014e-11	 2.662267e-01	 7.303994e-09	 2.379049e-10	 4.493760e-08	 4.552793e-08
success!


parameter values for minimization:
K33 = 2.000000e+01
k24 = -3.200000e-01
Lambda = 1.000000e+02
d0 = 1.000000e+00
omega = 1.000000e-01
gamma_s = 1.557576e-01
initial guesses for R, eta, and delta:
guess for R = 2.079895e+00
guess for eta = 6.300000e+00
guess for delta = 1.284014e-11
estimated ranges of R, eta, and delta:
upper bound estimate of R = 3.119842e+00
lower bound estimate of R = 1.559921e+00
upper bound estimate of eta = 6.430000e+00
lower bound estimate of eta = 6.290000e+00
upper bound estimate of delta = 2.000000e-03
lower bound estimate of delta = -5.000000e-03
minimum found at:
    iteration	            R	          eta	        delta	            E	         dEdR	       dEdeta	     dEddelta	    grad norm
            2	 2.157611e+00	 6.300000e+00	-2.313707e-11	 2.699461e-01	 6.602365e-09	-1.321694e-10	-8.908218e-08	 8.932661e-08
success!


parameter values for minimization:
K33 = 2.000000e+01
k24 = -3.200000e-01
Lambda = 1.000000e+02
d0 = 1.000000e+00
omega = 1.000000e-01
gamma_s = 1.596970e-01
initial guesses for R, eta, and delta:
guess for R = 2.157611e+00
guess for eta = 6.300000e+00
guess for delta = -2.313707e-11
estimated ranges of R, eta, and delta:
upper bound estimate of R = 3.236417e+00
lower bound estimate of R = 1.618208e+00
upper bound estimate of eta = 6.430000e+00
lower bound estimate of eta = 6.290000e+00
upper bound estimate of delta = 2.000000e-03
lower bound estimate of delta = -5.000000e-03
minimum found at:
    iteration	            R	          eta	        delta	            E	         dEdR	       dEdeta	     dEddelta	    grad norm
            2	 2.237677e+00	 6.300000e+00	 5.780206e-11	 2.735319e-01	 5.974628e-09	 3.965082e-11	 2.558800e-07	 2.559497e-07
success!


parameter values for minimization:
K33 = 2.000000e+01
k24 = -3.200000e-01
Lambda = 1.000000e+02
d0 = 1.000000e+00
omega = 1.000000e-01
gamma_s = 1.636364e-01
initial guesses for R, eta, and delta:
guess for R = 2.237677e+00
guess for eta = 6.300000e+00
guess for delta = 5.780206e-11
estimated ranges of R, eta, and delta:
upper bound estimate of R = 3.356516e+00
lower bound estimate of R = 1.678258e+00
upper bound estimate of eta = 6.430000e+00
lower bound estimate of eta = 6.290000e+00
upper bound estimate of delta = 2.000000e-03
lower bound estimate of delta = -5.000000e-03
minimum found at:
    iteration	            R	          eta	        delta	            E	         dEdR	       dEdeta	     dEddelta	    grad norm
            2	 2.320243e+00	 6.300000e+00	-1.699191e-10	 2.769898e-01	 5.359521e-09	-1.321694e-10	-8.509066e-07	 8.509235e-07
success!


parameter values for minimization:
K33 = 2.000000e+01
k24 = -3.200000e-01
Lambda = 1.000000e+02
d0 = 1.000000e+00
omega = 1.000000e-01
gamma_s = 1.675758e-01
initial guesses for R, eta, and delta:
guess for R = 2.320243e+00
guess for eta = 6.300000e+00
guess for delta = -1.699191e-10
estimated ranges of R, eta, and delta:
upper bound estimate of R = 3.480365e+00
lower bound estimate of R = 1.740182e+00
upper bound estimate of eta = 6.430000e+00
lower bound estimate of eta = 6.290000e+00
upper bound estimate of delta = 2.000000e-03
lower bound estimate of delta = -5.000000e-03
minimum found at:
    iteration	            R	          eta	        delta	            E	         dEdR	       dEdeta	     dEddelta	    grad norm
            2	 2.405479e+00	 6.300000e+00	 5.892139e-10	 2.803249e-01	 4.923175e-09	 9.251859e-11	 3.264849e-06	 3.264852e-06
success!


parameter values for minimization:
K33 = 2.000000e+01
k24 = -3.200000e-01
Lambda = 1.000000e+02
d0 = 1.000000e+00
omega = 1.000000e-01
gamma_s = 1.715152e-01
initial guesses for R, eta, and delta:
guess for R = 2.405479e+00
guess for eta = 6.300000e+00
guess for delta = 5.892139e-10
estimated ranges of R, eta, and delta:
upper bound estimate of R = 3.608219e+00
lower bound estimate of R = 1.804109e+00
upper bound estimate of eta = 6.430000e+00
lower bound estimate of eta = 6.290000e+00
upper bound estimate of delta = 2.000001e-03
lower bound estimate of delta = -4.999999e-03
minimum found at:
    iteration	            R	          eta	        delta	            E	         dEdR	       dEdeta	     dEddelta	    grad norm
            4	 2.493582e+00	 6.300000e+00	-1.295536e-11	 2.835420e-01	-2.738466e-10	 0.000000e+00	-7.903731e-08	 7.903778e-08
success!


parameter values for minimization:
K33 = 2.000000e+01
k24 = -3.200000e-01
Lambda = 1.000000e+02
d0 = 1.000000e+00
omega = 1.000000e-01
gamma_s = 1.754545e-01
initial guesses for R, eta, and delta:
guess for R = 2.493582e+00
guess for eta = 6.300000e+00
guess for delta = -1.295536e-11
estimated ranges of R, eta, and delta:
upper bound estimate of R = 3.740373e+00
lower bound estimate of R = 1.870186e+00
upper bound estimate of eta = 6.430000e+00
lower bound estimate of eta = 6.290000e+00
upper bound estimate of delta = 2.000000e-03
lower bound estimate of delta = -5.000000e-03
minimum found at:
    iteration	            R	          eta	        delta	            E	         dEdR	       dEdeta	     dEddelta	    grad norm
            2	 2.584789e+00	 6.300000e+00	 6.104173e-11	 2.866456e-01	 4.218823e-09	 5.286776e-11	 4.181840e-07	 4.182053e-07
success!


parameter values for minimization:
K33 = 2.000000e+01
k24 = -3.200000e-01
Lambda = 1.000000e+02
d0 = 1.000000e+00
omega = 1.000000e-01
gamma_s = 1.793939e-01
initial guesses for R, eta, and delta:
guess for R = 2.584789e+00
guess for eta = 6.300000e+00
guess for delta = 6.104173e-11
estimated ranges of R, eta, and delta:
upper bound estimate of R = 3.877183e+00
lower bound estimate of R = 1.938592e+00
upper bound estimate of eta = 6.430000e+00
lower bound estimate of eta = 6.290000e+00
upper bound estimate of delta = 2.000000e-03
lower bound estimate of delta = -5.000000e-03
minimum found at:
    iteration	            R	          eta	        delta	            E	         dEdR	       dEdeta	     dEddelta	    grad norm
            2	 2.679375e+00	 6.300000e+00	-3.428037e-10	 2.896396e-01	 4.033686e-09	-1.321694e-11	-2.642595e-06	 2.642598e-06
success!


parameter values for minimization:
K33 = 2.000000e+01
k24 = -3.200000e-01
Lambda = 1.000000e+02
d0 = 1.000000e+00
omega = 1.000000e-01
gamma_s = 1.833333e-01
initial guesses for R, eta, and delta:
guess for R = 2.679375e+00
guess for eta = 6.300000e+00
guess for delta = -3.428037e-10
estimated ranges of R, eta, and delta:
upper bound estimate of R = 4.019062e+00
lower bound estimate of R = 2.009531e+00
upper bound estimate of eta = 6.430000e+00
lower bound estimate of eta = 6.290000e+00
upper bound estimate of delta = 2.000000e-03
lower bound estimate of delta = -5.000000e-03
minimum found at:
    iteration	            R	          eta	        delta	            E	         dEdR	       dEdeta	     dEddelta	    grad norm
            4	 2.777679e+00	 6.300000e+00	-6.882636e-12	 2.925278e-01	-1.289117e-11	-1.057355e-10	-6.026925e-08	 6.026934e-08
success!


parameter values for minimization:
K33 = 2.000000e+01
k24 = -3.200000e-01
Lambda = 1.000000e+02
d0 = 1.000000e+00
omega = 1.000000e-01
gamma_s = 1.872727e-01
initial guesses for R, eta, and delta:
guess for R = 2.777679e+00
guess for eta = 6.300000e+00
guess for delta = -6.882636e-12
estimated ranges of R, eta, and delta:
upper bound estimate of R = 4.166519e+00
lower bound estimate of R = 2.083259e+00
upper bound estimate of eta = 6.430000e+00
lower bound estimate of eta = 6.290000e+00
upper bound estimate of delta = 2.000000e-03
lower bound estimate of delta = -5.000000e-03
minimum found at:
    iteration	            R	          eta	        delta	            E	         dEdR	       dEdeta	     dEddelta	    grad norm
            2	 2.880115e+00	 6.300000e+00	 5.361358e-11	 2.953136e-01	 3.897465e-09	 0.000000e+00	 5.252412e-07	 5.252557e-07
success!


parameter values for minimization:
K33 = 2.000000e+01
k24 = -3.200000e-01
Lambda = 1.000000e+02
d0 = 1.000000e+00
omega = 1.000000e-01
gamma_s = 1.912121e-01
initial guesses for R, eta, and delta:
guess for R = 2.880115e+00
guess for eta = 6.300000e+00
guess for delta = 5.361358e-11
estimated ranges of R, eta, and delta:
upper bound estimate of R = 4.320172e+00
lower bound estimate of R = 2.160086e+00
upper bound estimate of eta = 6.430000e+00
lower bound estimate of eta = 6.290000e+00
upper bound estimate of delta = 2.000000e-03
lower bound estimate of delta = -5.000000e-03
minimum found at:
    iteration	            R	          eta	        delta	            E	         dEdR	       dEdeta	     dEddelta	    grad norm
            4	 2.987201e+00	 6.300000e+00	 4.260752e-11	 2.979999e-01	-2.244343e-10	-1.057355e-10	 4.713161e-07	 4.713162e-07
success!


parameter values for minimization:
K33 = 2.000000e+01
k24 = -3.200000e-01
Lambda = 1.000000e+02
d0 = 1.000000e+00
omega = 1.000000e-01
gamma_s = 1.951515e-01
initial guesses for R, eta, and delta:
guess for R = 2.987201e+00
guess for eta = 6.300000e+00
guess for delta = 4.260752e-11
estimated ranges of R, eta, and delta:
upper bound estimate of R = 4.480802e+00
lower bound estimate of R = 2.240401e+00
upper bound estimate of eta = 6.430000e+00
lower bound estimate of eta = 6.290000e+00
upper bound estimate of delta = 2.000000e-03
lower bound estimate of delta = -5.000000e-03
minimum found at:
    iteration	            R	          eta	        delta	            E	         dEdR	       dEdeta	     dEddelta	    grad norm
            4	 3.099603e+00	 6.300000e+00	-8.113094e-12	 3.005894e-01	 1.181053e-10	 0.000000e+00	-1.054712e-07	 1.054713e-07
success!


parameter values for minimization:
K33 = 2.000000e+01
k24 = -3.200000e-01
Lambda = 1.000000e+02
d0 = 1.000000e+00
omega = 1.000000e-01
gamma_s = 1.990909e-01
initial guesses for R, eta, and delta:
guess for R = 3.099603e+00
guess for eta = 6.300000e+00
guess for delta = -8.113094e-12
estimated ranges of R, eta, and delta:
upper bound estimate of R = 4.649405e+00
lower bound estimate of R = 2.324702e+00
upper bound estimate of eta = 6.430000e+00
lower bound estimate of eta = 6.290000e+00
upper bound estimate of delta = 2.000000e-03
lower bound estimate of delta = -5.000000e-03
minimum found at:
    iteration	            R	          eta	        delta	            E	         dEdR	       dEdeta	     dEddelta	    grad norm
            2	 3.218200e+00	 6.300000e+00	 1.003352e-10	 3.030843e-01	 4.189141e-09	 0.000000e+00	 1.455978e-06	 1.455984e-06
success!


parameter values for minimization:
K33 = 2.000000e+01
k24 = -3.200000e-01
Lambda = 1.000000e+02
d0 = 1.000000e+00
omega = 1.000000e-01
gamma_s = 2.030303e-01
initial guesses for R, eta, and delta:
guess for R = 3.218200e+00
guess for eta = 6.300000e+00
guess for delta = 1.003352e-10
estimated ranges of R, eta, and delta:
upper bound estimate of R = 4.827300e+00
lower bound estimate of R = 2.413650e+00
upper bound estimate of eta = 6.430000e+00
lower bound estimate of eta = 6.290000e+00
upper bound estimate of delta = 2.000000e-03
lower bound estimate of delta = -5.000000e-03
minimum found at:
    iteration	            R	          eta	        delta	            E	         dEdR	       dEdeta	     dEddelta	    grad norm
            4	 3.344192e+00	 6.300000e+00	-3.764806e-11	 3.054863e-01	-1.341599e-10	 7.930164e-11	-6.354705e-07	 6.354705e-07
success!


parameter values for minimization:
K33 = 2.000000e+01
k24 = -3.200000e-01
Lambda = 1.000000e+02
d0 = 1.000000e+00
omega = 1.000000e-01
gamma_s = 2.069697e-01
initial guesses for R, eta, and delta:
guess for R = 3.344192e+00
guess for eta = 6.300000e+00
guess for delta = -3.764806e-11
estimated ranges of R, eta, and delta:
upper bound estimate of R = 5.016288e+00
lower bound estimate of R = 2.508144e+00
upper bound estimate of eta = 6.430000e+00
lower bound estimate of eta = 6.290000e+00
upper bound estimate of delta = 2.000000e-03
lower bound estimate of delta = -5.000000e-03
minimum found at:
    iteration	            R	          eta	        delta	            E	         dEdR	       dEdeta	     dEddelta	    grad norm
            4	 3.479304e+00	 6.300000e+00	-6.542597e-12	 3.077965e-01	-7.229905e-11	-1.321694e-11	-1.279400e-07	 1.279400e-07
success!


parameter values for minimization:
K33 = 2.000000e+01
k24 = -3.200000e-01
Lambda = 1.000000e+02
d0 = 1.000000e+00
omega = 1.000000e-01
gamma_s = 2.109091e-01
initial guesses for R, eta, and delta:
guess for R = 3.479304e+00
guess for eta = 6.300000e+00
guess for delta = -6.542597e-12
estimated ranges of R, eta, and delta:
upper bound estimate of R = 5.218956e+00
lower bound estimate of R = 2.609478e+00
upper bound estimate of eta = 6.430000e+00
lower bound estimate of eta = 6.290000e+00
upper bound estimate of delta = 2.000000e-03
lower bound estimate of delta = -5.000000e-03
minimum found at:
    iteration	            R	          eta	        delta	            E	         dEdR	       dEdeta	     dEddelta	    grad norm
            2	 3.626164e+00	 6.300000e+00	 1.330360e-10	 3.100152e-01	 4.066668e-09	 0.000000e+00	 3.132679e-06	 3.132682e-06
success!


parameter values for minimization:
K33 = 2.000000e+01
k24 = -3.200000e-01
Lambda = 1.000000e+02
d0 = 1.000000e+00
omega = 1.000000e-01
gamma_s = 2.148485e-01
initial guesses for R, eta, and delta:
guess for R = 3.626164e+00
guess for eta = 6.300000e+00
guess for delta = 1.330360e-10
estimated ranges of R, eta, and delta:
upper bound estimate of R = 5.439246e+00
lower bound estimate of R = 2.719623e+00
upper bound estimate of eta = 6.430000e+00
lower bound estimate of eta = 6.290000e+00
upper bound estimate of delta = 2.000000e-03
lower bound estimate of delta = -5.000000e-03
minimum found at:
    iteration	            R	          eta	        delta	            E	         dEdR	       dEdeta	     dEddelta	    grad norm
            5	 3.789157e+00	 6.300000e+00	 1.919246e-12	 3.121415e-01	-5.170873e-11	-2.643388e-11	 5.551115e-08	 5.551118e-08
success!


parameter values for minimization:
K33 = 2.000000e+01
k24 = -3.200000e-01
Lambda = 1.000000e+02
d0 = 1.000000e+00
omega = 1.000000e-01
gamma_s = 2.187879e-01
initial guesses for R, eta, and delta:
guess for R = 3.789157e+00
guess for eta = 6.300000e+00
guess for delta = 1.919246e-12
estimated ranges of R, eta, and delta:
upper bound estimate of R = 5.683736e+00
lower bound estimate of R = 2.841868e+00
upper bound estimate of eta = 6.430000e+00
lower bound estimate of eta = 6.290000e+00
upper bound estimate of delta = 2.000000e-03
lower bound estimate of delta = -5.000000e-03
minimum found at:
    iteration	            R	          eta	        delta	            E	         dEdR	       dEdeta	     dEddelta	    grad norm
            2	 3.976731e+00	 6.300000e+00	-4.470246e-11	 3.141723e-01	 8.334222e-11	-1.586033e-10	-1.638108e-06	 1.638108e-06
success!


parameter values for minimization:
K33 = 2.000000e+01
k24 = -3.200000e-01
Lambda = 1.000000e+02
d0 = 1.000000e+00
omega = 1.000000e-01
gamma_s = 2.227273e-01
initial guesses for R, eta, and delta:
guess for R = 3.976731e+00
guess for eta = 6.300000e+00
guess for delta = -4.470246e-11
estimated ranges of R, eta, and delta:
upper bound estimate of R = 5.965096e+00
lower bound estimate of R = 2.982548e+00
upper bound estimate of eta = 6.430000e+00
lower bound estimate of eta = 6.290000e+00
upper bound estimate of delta = 2.000000e-03
lower bound estimate of delta = -5.000000e-03
minimum found at:
    iteration	            R	          eta	        delta	            E	         dEdR	       dEdeta	     dEddelta	    grad norm
            3	 4.210135e+00	 6.300000e+00	 2.667731e-13	 3.161001e-01	 1.613039e-11	 0.000000e+00	 1.903239e-08	 1.903240e-08
success!


parameter values for minimization:
K33 = 2.000000e+01
k24 = -3.200000e-01
Lambda = 1.000000e+02
d0 = 1.000000e+00
omega = 1.000000e-01
gamma_s = 2.266667e-01
initial guesses for R, eta, and delta:
guess for R = 4.210135e+00
guess for eta = 6.300000e+00
guess for delta = 2.667731e-13
estimated ranges of R, eta, and delta:
upper bound estimate of R = 6.315202e+00
lower bound estimate of R = 3.157601e+00
upper bound estimate of eta = 6.430000e+00
lower bound estimate of eta = 6.290000e+00
upper bound estimate of delta = 2.000000e-03
lower bound estimate of delta = -5.000000e-03
ss=7.019185836689e+03, lastss = 4.192968208639e+04
tol = 6.648998100594e-13
failed to integrate at x = (1.586326e+01,6.300000e+00,-2.451897e-09)
interpolating at R = 1.586326e+01, eta = 6.300000e+00, delta = -2.451897e-09...
done interpolating.
ss=1.158967855723e+05, lastss = 1.840605687582e+05
tol = 6.648998510633e-13
failed to integrate at x = (1.586326e+01,6.300000e+00,-2.451897e-09)
interpolating at R = 1.586326e+01, eta = 6.300000e+00, delta = -2.451897e-09...
done interpolating.
ss=2.450753933216e+06, lastss = 4.931773145745e+06
tol = 6.648999297536e-13
failed to integrate at x = (1.586326e+01,6.300000e+00,-2.451897e-09)
interpolating at R = 1.586326e+01, eta = 6.300000e+00, delta = -2.451897e-09...
done interpolating.
ss=7.723691842840e+07, lastss = 1.544682601147e+08
tol = 6.648999957282e-13
failed to integrate at x = (1.586326e+01,6.300000e+00,-2.451897e-09)
failed calculation!
failed calculation!
failed calculation!
failed calculation!
failed calculation!
failed calculation!
failed calculation!
failed calculation!
failed calculation!
failed calculation!
failed calculation!
failed calculation!
failed calculation!
failed calculation!
failed calculation!
failed calculation!
failed calculation!
failed calculation!
failed calculation!
failed calculation!
failed calculation!
failed calculation!
failed calculation!
failed calculation!
minimum found at:
    iteration	            R	          eta	        delta	            E	         dEdR	       dEdeta	     dEddelta	    grad norm
            1	 5.504752e+00	 6.300000e+00	-2.721590e-10	1.000000e+300	 0.000000e+00	 0.000000e+00	 0.000000e+00	 0.000000e+00
success!


parameter values for minimization:
K33 = 2.000000e+01
k24 = -3.200000e-01
Lambda = 1.000000e+02
d0 = 1.000000e+00
omega = 1.000000e-01
gamma_s = 2.266667e-01
initial guesses for R, eta, and delta:
guess for R = 1.000000e+00
guess for eta = 6.300000e+00
guess for delta = -2.721590e-10
estimated ranges of R, eta, and delta:
upper bound estimate of R = 1.500000e+00
lower bound estimate of R = 7.500000e-01
upper bound estimate of eta = 6.430000e+00
lower bound estimate of eta = 6.290000e+00
upper bound estimate of delta = 2.000000e-03
lower bound estimate of delta = -5.000000e-03
ss=6.848963072957e+08, lastss = 1.369742917108e+09
tol = 1.549505778086e-13
failed to integrate at x = (7.517875e+00,6.300000e+00,1.154087e-08)
interpolating at R = 7.517875e+00, eta = 6.300000e+00, delta = 1.154087e-08...
done interpolating.
ss=2.118331187018e+10, lastss = 4.236662374688e+10
tol = 1.549505396662e-13
failed to integrate at x = (7.517875e+00,6.300000e+00,1.154087e-08)
solvde convergence failed when x = (7.517875e+00,6.300000e+00,1.154087e-08).
Retrying using a constant y value
ss=7.025314173585e+10, lastss = -6.688370836223e+00
tol = 1.551344523087e-13
failed to integrate at x = (7.517875e+00,6.300000e+00,1.154087e-08)
interpolating at R = 7.517875e+00, eta = 6.300000e+00, delta = 1.154087e-08...
done interpolating.
ss=9.458155043566e+11, lastss = 5.630901607366e+12
tol = 1.551343648788e-13
failed to integrate at x = (7.517875e+00,6.300000e+00,1.154087e-08)
solvde convergence failed when x = (7.517875e+00,6.300000e+00,1.154087e-08).
Retrying using a constant y value
ss=2.815422978202e+12, lastss = -6.680417411282e+00
tol = 1.551344587982e-13
failed to integrate at x = (7.517875e+00,6.300000e+00,1.154087e-08)
interpolating at R = 7.517875e+00, eta = 6.300000e+00, delta = 1.154087e-08...
done interpolating.
ss=4.333637231494e+13, lastss = 2.580025886657e+14
tol = 1.551344110143e-13
failed to integrate at x = (7.517875e+00,6.300000e+00,1.154087e-08)
solvde convergence failed when x = (7.517875e+00,6.300000e+00,1.154087e-08).
Retrying using a constant y value
ss=1.290005881633e+14, lastss = -6.668578583561e+00
tol = 1.551344579767e-13
failed to integrate at x = (7.517875e+00,6.300000e+00,1.154087e-08)
failed calculation!
failed calculation!
failed calculation!
failed calculation!
failed calculation!
failed calculation!
failed calculation!
failed calculation!
failed calculation!
failed calculation!
failed calculation!
failed calculation!
failed calculation!
failed calculation!
failed calculation!
abserr is 1.332268e+290, but the convergence criterion CONV_min*(1+p->Escale) is 1.318415e-08!
failed calculation!
failed calculation!
failed calculation!
failed calculation!
abserr is 1.332268e+290, but the convergence criterion CONV_min*(1+p->Escale) is 1.318415e-08!
failed calculation!
failed calculation!
failed calculation!
failed calculation!
abserr is 1.332268e+290, but the convergence criterion CONV_min*(1+p->Escale) is 1.318415e-08!
minimum found at:
    iteration	            R	          eta	        delta	            E	         dEdR	       dEdeta	     dEddelta	    grad norm
            2	 4.142875e+00	 6.300000e+00	 1.020018e-09	1.000000e+300	 0.000000e+00	 0.000000e+00	 0.000000e+00	 0.000000e+00
success!
Trying again with Rguess = 1.0
Last guess for Ri was 1.0, setting delta = 0.0
Trying again with Rguess = 1.0
Took 0.06999554614226024 hours to complete.
