Restoring modules from user's standard_modules


parameter values for minimization:
K33 = 2.000000e+01
k24 = -1.200000e-01
Lambda = 1.000000e+01
d0 = 1.000000e+00
omega = 1.000000e+00
gamma_s = 1.000000e-02
initial guesses for R, eta, and delta:
guess for R = 5.000000e-01
guess for eta = 6.300000e+00
guess for delta = 8.100000e-01
estimated ranges of R, eta, and delta:
upper bound estimate of R = 2.000000e+00
lower bound estimate of R = 1.000000e-01
upper bound estimate of eta = 6.430000e+00
lower bound estimate of eta = 6.290000e+00
upper bound estimate of delta = 8.160000e-01
lower bound estimate of delta = 8.000000e-01
x[1] = -2.342571e-01, x[2] = 6.319173e+00, x[3] = 8.099888e-01
something is too big or less than zero, so returning failed calculation.
x[1] = -4.001839e-01, x[2] = 6.252169e+00, x[3] = 8.099558e-01
something is too big or less than zero, so returning failed calculation.
the initial guesses were not good, did not successfully find a minimum.
RETRYING!
minimum found at:
    iteration	            R	          eta	        delta	            E	         dEdR	       dEdeta	     dEddelta	    grad norm
           23	 1.336449e-01	 6.299405e+00	 7.864030e-01	-3.389962e-01	-7.794541e-08	-5.720733e-09	-7.075975e-08	 1.054284e-07
success!


parameter values for minimization:
K33 = 2.000000e+01
k24 = -1.200000e-01
Lambda = 1.000000e+01
d0 = 1.000000e+00
omega = 1.000000e+00
gamma_s = 1.393939e-02
initial guesses for R, eta, and delta:
guess for R = 1.336449e-01
guess for eta = 6.299405e+00
guess for delta = 7.864030e-01
estimated ranges of R, eta, and delta:
upper bound estimate of R = 2.004674e-01
lower bound estimate of R = 1.002337e-01
upper bound estimate of eta = 6.329405e+00
lower bound estimate of eta = 6.269405e+00
upper bound estimate of delta = 7.884030e-01
lower bound estimate of delta = 7.814030e-01
the initial guesses were not good, did not successfully find a minimum.
RETRYING!
minimum found at:
    iteration	            R	          eta	        delta	            E	         dEdR	       dEdeta	     dEddelta	    grad norm
            5	 1.508402e-01	 6.302212e+00	 7.748099e-01	-2.836142e-01	-2.218444e-09	 1.927471e-08	-9.927895e-09	 2.179447e-08
success!


parameter values for minimization:
K33 = 2.000000e+01
k24 = -1.200000e-01
Lambda = 1.000000e+01
d0 = 1.000000e+00
omega = 1.000000e+00
gamma_s = 1.787879e-02
initial guesses for R, eta, and delta:
guess for R = 1.508402e-01
guess for eta = 6.302212e+00
guess for delta = 7.748099e-01
estimated ranges of R, eta, and delta:
upper bound estimate of R = 2.262603e-01
lower bound estimate of R = 1.131302e-01
upper bound estimate of eta = 6.332212e+00
lower bound estimate of eta = 6.272212e+00
upper bound estimate of delta = 7.768099e-01
lower bound estimate of delta = 7.698099e-01
the initial guesses were not good, did not successfully find a minimum.
RETRYING!
minimum found at:
    iteration	            R	          eta	        delta	            E	         dEdR	       dEdeta	     dEddelta	    grad norm
           11	 1.663456e-01	 6.304599e+00	 7.634869e-01	-2.339261e-01	-1.357425e-07	-2.262850e-08	 3.966065e-08	 1.432168e-07
success!


parameter values for minimization:
K33 = 2.000000e+01
k24 = -1.200000e-01
Lambda = 1.000000e+01
d0 = 1.000000e+00
omega = 1.000000e+00
gamma_s = 2.181818e-02
initial guesses for R, eta, and delta:
guess for R = 1.663456e-01
guess for eta = 6.304599e+00
guess for delta = 7.634869e-01
estimated ranges of R, eta, and delta:
upper bound estimate of R = 2.495184e-01
lower bound estimate of R = 1.247592e-01
upper bound estimate of eta = 6.334599e+00
lower bound estimate of eta = 6.274599e+00
upper bound estimate of delta = 7.654869e-01
lower bound estimate of delta = 7.584869e-01
the initial guesses were not good, did not successfully find a minimum.
RETRYING!
minimum found at:
    iteration	            R	          eta	        delta	            E	         dEdR	       dEdeta	     dEddelta	    grad norm
            4	 1.809759e-01	 6.306712e+00	 7.523980e-01	-1.885438e-01	 1.322142e-07	 2.912022e-08	-8.920334e-08	 1.621290e-07
success!


parameter values for minimization:
K33 = 2.000000e+01
k24 = -1.200000e-01
Lambda = 1.000000e+01
d0 = 1.000000e+00
omega = 1.000000e+00
gamma_s = 2.575758e-02
initial guesses for R, eta, and delta:
guess for R = 1.809759e-01
guess for eta = 6.306712e+00
guess for delta = 7.523980e-01
estimated ranges of R, eta, and delta:
upper bound estimate of R = 2.714639e-01
lower bound estimate of R = 1.357319e-01
upper bound estimate of eta = 6.336712e+00
lower bound estimate of eta = 6.276712e+00
upper bound estimate of delta = 7.543980e-01
lower bound estimate of delta = 7.473980e-01
the initial guesses were not good, did not successfully find a minimum.
RETRYING!
minimum found at:
    iteration	            R	          eta	        delta	            E	         dEdR	       dEdeta	     dEddelta	    grad norm
            6	 1.951735e-01	 6.308632e+00	 7.415235e-01	-1.466372e-01	 4.595029e-08	 5.242720e-09	-1.448555e-07	 1.520593e-07
success!


parameter values for minimization:
K33 = 2.000000e+01
k24 = -1.200000e-01
Lambda = 1.000000e+01
d0 = 1.000000e+00
omega = 1.000000e+00
gamma_s = 2.969697e-02
initial guesses for R, eta, and delta:
guess for R = 1.951735e-01
guess for eta = 6.308632e+00
guess for delta = 7.415235e-01
estimated ranges of R, eta, and delta:
upper bound estimate of R = 2.927602e-01
lower bound estimate of R = 1.463801e-01
upper bound estimate of eta = 6.338632e+00
lower bound estimate of eta = 6.278632e+00
upper bound estimate of delta = 7.435235e-01
lower bound estimate of delta = 7.365235e-01
the initial guesses were not good, did not successfully find a minimum.
RETRYING!
minimum found at:
    iteration	            R	          eta	        delta	            E	         dEdR	       dEdeta	     dEddelta	    grad norm
            9	 2.092185e-01	 6.310410e+00	 7.308578e-01	-1.076561e-01	-1.057037e-08	-6.388408e-08	-1.066436e-08	 6.562498e-08
success!


parameter values for minimization:
K33 = 2.000000e+01
k24 = -1.200000e-01
Lambda = 1.000000e+01
d0 = 1.000000e+00
omega = 1.000000e+00
gamma_s = 3.363636e-02
initial guesses for R, eta, and delta:
guess for R = 2.092185e-01
guess for eta = 6.310410e+00
guess for delta = 7.308578e-01
estimated ranges of R, eta, and delta:
upper bound estimate of R = 3.138278e-01
lower bound estimate of R = 1.569139e-01
upper bound estimate of eta = 6.340410e+00
lower bound estimate of eta = 6.280410e+00
upper bound estimate of delta = 7.328578e-01
lower bound estimate of delta = 7.258578e-01
the initial guesses were not good, did not successfully find a minimum.
RETRYING!
minimum found at:
    iteration	            R	          eta	        delta	            E	         dEdR	       dEdeta	     dEddelta	    grad norm
            6	 2.233101e-01	 6.312080e+00	 7.204093e-01	-7.121006e-02	 2.284495e-08	 6.046861e-08	-1.438501e-07	 1.577060e-07
success!


parameter values for minimization:
K33 = 2.000000e+01
k24 = -1.200000e-01
Lambda = 1.000000e+01
d0 = 1.000000e+00
omega = 1.000000e+00
gamma_s = 3.757576e-02
initial guesses for R, eta, and delta:
guess for R = 2.233101e-01
guess for eta = 6.312080e+00
guess for delta = 7.204093e-01
estimated ranges of R, eta, and delta:
upper bound estimate of R = 3.349652e-01
lower bound estimate of R = 1.674826e-01
upper bound estimate of eta = 6.342080e+00
lower bound estimate of eta = 6.282080e+00
upper bound estimate of delta = 7.224093e-01
lower bound estimate of delta = 7.154093e-01
the initial guesses were not good, did not successfully find a minimum.
RETRYING!
minimum found at:
    iteration	            R	          eta	        delta	            E	         dEdR	       dEdeta	     dEddelta	    grad norm
            9	 2.376052e-01	 6.313667e+00	 7.102025e-01	-3.700814e-02	-7.588622e-09	 6.768120e-08	-4.293965e-09	 6.824053e-08
success!


parameter values for minimization:
K33 = 2.000000e+01
k24 = -1.200000e-01
Lambda = 1.000000e+01
d0 = 1.000000e+00
omega = 1.000000e+00
gamma_s = 4.151515e-02
initial guesses for R, eta, and delta:
guess for R = 2.376052e-01
guess for eta = 6.313667e+00
guess for delta = 7.102025e-01
estimated ranges of R, eta, and delta:
upper bound estimate of R = 3.564078e-01
lower bound estimate of R = 1.782039e-01
upper bound estimate of eta = 6.343667e+00
lower bound estimate of eta = 6.283667e+00
upper bound estimate of delta = 7.122025e-01
lower bound estimate of delta = 7.052025e-01
the initial guesses were not good, did not successfully find a minimum.
RETRYING!
minimum found at:
    iteration	            R	          eta	        delta	            E	         dEdR	       dEdeta	     dEddelta	    grad norm
            5	 2.522390e-01	 6.315189e+00	 7.002806e-01	-4.825615e-03	 6.747745e-09	 5.059442e-09	-2.314645e-08	 2.463510e-08
success!


parameter values for minimization:
K33 = 2.000000e+01
k24 = -1.200000e-01
Lambda = 1.000000e+01
d0 = 1.000000e+00
omega = 1.000000e+00
gamma_s = 4.545455e-02
initial guesses for R, eta, and delta:
guess for R = 2.522390e-01
guess for eta = 6.315189e+00
guess for delta = 7.002806e-01
estimated ranges of R, eta, and delta:
upper bound estimate of R = 3.783585e-01
lower bound estimate of R = 1.891792e-01
upper bound estimate of eta = 6.345189e+00
lower bound estimate of eta = 6.285189e+00
upper bound estimate of delta = 7.022806e-01
lower bound estimate of delta = 6.952806e-01
the initial guesses were not good, did not successfully find a minimum.
RETRYING!
minimum found at:
    iteration	            R	          eta	        delta	            E	         dEdR	       dEdeta	     dEddelta	    grad norm
            3	 2.673376e-01	 6.316659e+00	 6.907121e-01	 2.551579e-02	 3.635723e-08	-4.265492e-08	 1.417777e-08	 5.781263e-08
success!


parameter values for minimization:
K33 = 2.000000e+01
k24 = -1.200000e-01
Lambda = 1.000000e+01
d0 = 1.000000e+00
omega = 1.000000e+00
gamma_s = 4.939394e-02
initial guesses for R, eta, and delta:
guess for R = 2.673376e-01
guess for eta = 6.316659e+00
guess for delta = 6.907121e-01
estimated ranges of R, eta, and delta:
upper bound estimate of R = 4.010064e-01
lower bound estimate of R = 2.005032e-01
upper bound estimate of eta = 6.346659e+00
lower bound estimate of eta = 6.286659e+00
upper bound estimate of delta = 6.927121e-01
lower bound estimate of delta = 6.857121e-01
the initial guesses were not good, did not successfully find a minimum.
RETRYING!
minimum found at:
    iteration	            R	          eta	        delta	            E	         dEdR	       dEdeta	     dEddelta	    grad norm
           17	 2.830288e-01	 6.318089e+00	 6.816001e-01	 5.416033e-02	 7.592590e-09	-3.174614e-08	 1.312780e-09	 3.266784e-08
success!


parameter values for minimization:
K33 = 2.000000e+01
k24 = -1.200000e-01
Lambda = 1.000000e+01
d0 = 1.000000e+00
omega = 1.000000e+00
gamma_s = 5.333333e-02
initial guesses for R, eta, and delta:
guess for R = 2.830288e-01
guess for eta = 6.318089e+00
guess for delta = 6.816001e-01
estimated ranges of R, eta, and delta:
upper bound estimate of R = 4.245432e-01
lower bound estimate of R = 2.122716e-01
upper bound estimate of eta = 6.348089e+00
lower bound estimate of eta = 6.288089e+00
upper bound estimate of delta = 6.836001e-01
lower bound estimate of delta = 6.766001e-01
minimum found at:
    iteration	            R	          eta	        delta	            E	         dEdR	       dEdeta	     dEddelta	    grad norm
           15	 2.994526e-01	 6.319486e+00	 6.730973e-01	 8.122626e-02	-4.238424e-08	-4.672960e-08	 1.171021e-07	 1.330150e-07
success!


parameter values for minimization:
K33 = 2.000000e+01
k24 = -1.200000e-01
Lambda = 1.000000e+01
d0 = 1.000000e+00
omega = 1.000000e+00
gamma_s = 5.727273e-02
initial guesses for R, eta, and delta:
guess for R = 2.994526e-01
guess for eta = 6.319486e+00
guess for delta = 6.730973e-01
estimated ranges of R, eta, and delta:
upper bound estimate of R = 4.491789e-01
lower bound estimate of R = 2.245895e-01
upper bound estimate of eta = 6.349486e+00
lower bound estimate of eta = 6.289486e+00
upper bound estimate of delta = 6.750973e-01
lower bound estimate of delta = 6.680973e-01
the initial guesses were not good, did not successfully find a minimum.
RETRYING!
minimum found at:
    iteration	            R	          eta	        delta	            E	         dEdR	       dEdeta	     dEddelta	    grad norm
            5	 3.167751e-01	 6.320855e+00	 6.654270e-01	 1.068109e-01	 2.789313e-08	-3.549117e-08	-1.528834e-08	 4.765903e-08
success!


parameter values for minimization:
K33 = 2.000000e+01
k24 = -1.200000e-01
Lambda = 1.000000e+01
d0 = 1.000000e+00
omega = 1.000000e+00
gamma_s = 6.121212e-02
initial guesses for R, eta, and delta:
guess for R = 3.167751e-01
guess for eta = 6.320855e+00
guess for delta = 6.654270e-01
estimated ranges of R, eta, and delta:
upper bound estimate of R = 4.751626e-01
lower bound estimate of R = 2.375813e-01
upper bound estimate of eta = 6.350855e+00
lower bound estimate of eta = 6.290855e+00
upper bound estimate of delta = 6.674270e-01
lower bound estimate of delta = 6.604270e-01
the initial guesses were not good, did not successfully find a minimum.
RETRYING!
minimum found at:
    iteration	            R	          eta	        delta	            E	         dEdR	       dEdeta	     dEddelta	    grad norm
            4	 3.352131e-01	 6.322200e+00	 6.589166e-01	 1.309936e-01	 1.603731e-08	 2.401110e-08	-8.238419e-10	 2.888610e-08
success!


parameter values for minimization:
K33 = 2.000000e+01
k24 = -1.200000e-01
Lambda = 1.000000e+01
d0 = 1.000000e+00
omega = 1.000000e+00
gamma_s = 6.515152e-02
initial guesses for R, eta, and delta:
guess for R = 3.352131e-01
guess for eta = 6.322200e+00
guess for delta = 6.589166e-01
estimated ranges of R, eta, and delta:
upper bound estimate of R = 5.028196e-01
lower bound estimate of R = 2.514098e-01
upper bound estimate of eta = 6.352200e+00
lower bound estimate of eta = 6.292200e+00
upper bound estimate of delta = 6.609166e-01
lower bound estimate of delta = 6.539166e-01
minimum found at:
    iteration	            R	          eta	        delta	            E	         dEdR	       dEdeta	     dEddelta	    grad norm
           30	 3.550797e-01	 6.323522e+00	 6.540393e-01	 1.538363e-01	 3.960892e-08	-3.247743e-07	-1.338340e-09	 3.271834e-07
success!


parameter values for minimization:
K33 = 2.000000e+01
k24 = -1.200000e-01
Lambda = 1.000000e+01
d0 = 1.000000e+00
omega = 1.000000e+00
gamma_s = 6.909091e-02
initial guesses for R, eta, and delta:
guess for R = 3.550797e-01
guess for eta = 6.323522e+00
guess for delta = 6.540393e-01
estimated ranges of R, eta, and delta:
upper bound estimate of R = 5.326195e-01
lower bound estimate of R = 2.663098e-01
upper bound estimate of eta = 6.353522e+00
lower bound estimate of eta = 6.293522e+00
upper bound estimate of delta = 6.560393e-01
lower bound estimate of delta = 6.490393e-01
minimum found at:
    iteration	            R	          eta	        delta	            E	         dEdR	       dEdeta	     dEddelta	    grad norm
           22	 3.768796e-01	 6.324828e+00	 6.514657e-01	 1.753818e-01	-8.334357e-08	-1.837436e-08	 1.535396e-07	 1.756650e-07
success!


parameter values for minimization:
K33 = 2.000000e+01
k24 = -1.200000e-01
Lambda = 1.000000e+01
d0 = 1.000000e+00
omega = 1.000000e+00
gamma_s = 7.303030e-02
initial guesses for R, eta, and delta:
guess for R = 3.768796e-01
guess for eta = 6.324828e+00
guess for delta = 6.514657e-01
estimated ranges of R, eta, and delta:
upper bound estimate of R = 5.653194e-01
lower bound estimate of R = 2.826597e-01
upper bound estimate of eta = 6.354828e+00
lower bound estimate of eta = 6.294828e+00
upper bound estimate of delta = 6.534657e-01
lower bound estimate of delta = 6.464657e-01
minimum found at:
    iteration	            R	          eta	        delta	            E	         dEdR	       dEdeta	     dEddelta	    grad norm
           21	 4.015208e-01	 6.326140e+00	 6.521097e-01	 1.956473e-01	-7.689463e-09	-1.595483e-07	-6.864879e-07	 7.048265e-07
success!


parameter values for minimization:
K33 = 2.000000e+01
k24 = -1.200000e-01
Lambda = 1.000000e+01
d0 = 1.000000e+00
omega = 1.000000e+00
gamma_s = 7.696970e-02
initial guesses for R, eta, and delta:
guess for R = 4.015208e-01
guess for eta = 6.326140e+00
guess for delta = 6.521097e-01
estimated ranges of R, eta, and delta:
upper bound estimate of R = 6.022812e-01
lower bound estimate of R = 3.011406e-01
upper bound estimate of eta = 6.356140e+00
lower bound estimate of eta = 6.296140e+00
upper bound estimate of delta = 6.541097e-01
lower bound estimate of delta = 6.471097e-01
the initial guesses were not good, did not successfully find a minimum.
RETRYING!
minimum found at:
    iteration	            R	          eta	        delta	            E	         dEdR	       dEdeta	     dEddelta	    grad norm
            5	 4.308263e-01	 6.327527e+00	 6.571851e-01	 2.146097e-01	 1.276360e-08	-1.925620e-07	-5.126061e-09	 1.930526e-07
success!


parameter values for minimization:
K33 = 2.000000e+01
k24 = -1.200000e-01
Lambda = 1.000000e+01
d0 = 1.000000e+00
omega = 1.000000e+00
gamma_s = 8.090909e-02
initial guesses for R, eta, and delta:
guess for R = 4.308263e-01
guess for eta = 6.327527e+00
guess for delta = 6.571851e-01
estimated ranges of R, eta, and delta:
upper bound estimate of R = 6.462394e-01
lower bound estimate of R = 3.231197e-01
upper bound estimate of eta = 6.357527e+00
lower bound estimate of eta = 6.297527e+00
upper bound estimate of delta = 6.591851e-01
lower bound estimate of delta = 6.521851e-01
the initial guesses were not good, did not successfully find a minimum.
RETRYING!
minimum found at:
    iteration	            R	          eta	        delta	            E	         dEdR	       dEdeta	     dEddelta	    grad norm
            7	 4.690152e-01	 6.329211e+00	 6.683716e-01	 2.321724e-01	-2.901929e-08	-1.521931e-08	-2.737827e-08	 4.270031e-08
success!


parameter values for minimization:
K33 = 2.000000e+01
k24 = -1.200000e-01
Lambda = 1.000000e+01
d0 = 1.000000e+00
omega = 1.000000e+00
gamma_s = 8.484848e-02
initial guesses for R, eta, and delta:
guess for R = 4.690152e-01
guess for eta = 6.329211e+00
guess for delta = 6.683716e-01
estimated ranges of R, eta, and delta:
upper bound estimate of R = 7.035228e-01
lower bound estimate of R = 3.517614e-01
upper bound estimate of eta = 6.359211e+00
lower bound estimate of eta = 6.299211e+00
upper bound estimate of delta = 6.703716e-01
lower bound estimate of delta = 6.633716e-01
the initial guesses were not good, did not successfully find a minimum.
RETRYING!
minimum found at:
    iteration	            R	          eta	        delta	            E	         dEdR	       dEdeta	     dEddelta	    grad norm
           11	 5.286700e-01	 6.331933e+00	 6.888063e-01	 2.480765e-01	 3.645648e-08	 6.608911e-08	-2.105381e-08	 7.835884e-08
success!


parameter values for minimization:
K33 = 2.000000e+01
k24 = -1.200000e-01
Lambda = 1.000000e+01
d0 = 1.000000e+00
omega = 1.000000e+00
gamma_s = 8.878788e-02
initial guesses for R, eta, and delta:
guess for R = 5.286700e-01
guess for eta = 6.331933e+00
guess for delta = 6.888063e-01
estimated ranges of R, eta, and delta:
upper bound estimate of R = 7.930050e-01
lower bound estimate of R = 3.965025e-01
upper bound estimate of eta = 6.361933e+00
lower bound estimate of eta = 6.301933e+00
upper bound estimate of delta = 6.908063e-01
lower bound estimate of delta = 6.838063e-01
the initial guesses were not good, did not successfully find a minimum.
RETRYING!
minimum found at:
    iteration	            R	          eta	        delta	            E	         dEdR	       dEdeta	     dEddelta	    grad norm
            4	 6.646187e-01	 6.339045e+00	 7.255499e-01	 2.615980e-01	 1.411344e-08	 1.807196e-08	-7.601112e-08	 7.939443e-08
success!


parameter values for minimization:
K33 = 2.000000e+01
k24 = -1.200000e-01
Lambda = 1.000000e+01
d0 = 1.000000e+00
omega = 1.000000e+00
gamma_s = 9.272727e-02
initial guesses for R, eta, and delta:
guess for R = 6.646187e-01
guess for eta = 6.339045e+00
guess for delta = 7.255499e-01
estimated ranges of R, eta, and delta:
upper bound estimate of R = 9.969280e-01
lower bound estimate of R = 4.984640e-01
upper bound estimate of eta = 6.369045e+00
lower bound estimate of eta = 6.309045e+00
upper bound estimate of delta = 7.275499e-01
lower bound estimate of delta = 7.205499e-01
the initial guesses were not good, did not successfully find a minimum.
RETRYING!
minimum found at:
    iteration	            R	          eta	        delta	            E	         dEdR	       dEdeta	     dEddelta	    grad norm
           13	 9.367230e-01	 6.353977e+00	 7.612815e-01	 2.716060e-01	-1.783572e-09	 1.171902e-08	-3.072545e-08	 3.293281e-08
success!


parameter values for minimization:
K33 = 2.000000e+01
k24 = -1.200000e-01
Lambda = 1.000000e+01
d0 = 1.000000e+00
omega = 1.000000e+00
gamma_s = 9.666667e-02
initial guesses for R, eta, and delta:
guess for R = 9.367230e-01
guess for eta = 6.353977e+00
guess for delta = 7.612815e-01
estimated ranges of R, eta, and delta:
upper bound estimate of R = 1.405085e+00
lower bound estimate of R = 7.025423e-01
upper bound estimate of eta = 6.383977e+00
lower bound estimate of eta = 6.323977e+00
upper bound estimate of delta = 7.632815e-01
lower bound estimate of delta = 7.562815e-01
the initial guesses were not good, did not successfully find a minimum.
RETRYING!
minimum found at:
    iteration	            R	          eta	        delta	            E	         dEdR	       dEdeta	     dEddelta	    grad norm
            8	 1.222833e+00	 6.368710e+00	 7.780627e-01	 2.789424e-01	 9.419267e-09	-7.740722e-08	 7.627060e-08	 1.090771e-07
success!


parameter values for minimization:
K33 = 2.000000e+01
k24 = -1.200000e-01
Lambda = 1.000000e+01
d0 = 1.000000e+00
omega = 1.000000e+00
gamma_s = 1.006061e-01
initial guesses for R, eta, and delta:
guess for R = 1.222833e+00
guess for eta = 6.368710e+00
guess for delta = 7.780627e-01
estimated ranges of R, eta, and delta:
upper bound estimate of R = 1.834250e+00
lower bound estimate of R = 9.171248e-01
upper bound estimate of eta = 6.398710e+00
lower bound estimate of eta = 6.338710e+00
upper bound estimate of delta = 7.800627e-01
lower bound estimate of delta = 7.730627e-01
the initial guesses were not good, did not successfully find a minimum.
RETRYING!
minimum found at:
    iteration	            R	          eta	        delta	            E	         dEdR	       dEdeta	     dEddelta	    grad norm
            8	 1.507452e+00	 6.382275e+00	 7.872643e-01	 2.847359e-01	-1.636698e-08	-1.029732e-07	-5.110280e-08	 1.161157e-07
success!


parameter values for minimization:
K33 = 2.000000e+01
k24 = -1.200000e-01
Lambda = 1.000000e+01
d0 = 1.000000e+00
omega = 1.000000e+00
gamma_s = 1.045455e-01
initial guesses for R, eta, and delta:
guess for R = 1.507452e+00
guess for eta = 6.382275e+00
guess for delta = 7.872643e-01
estimated ranges of R, eta, and delta:
upper bound estimate of R = 2.261178e+00
lower bound estimate of R = 1.130589e+00
upper bound estimate of eta = 6.412275e+00
lower bound estimate of eta = 6.352275e+00
upper bound estimate of delta = 7.892643e-01
lower bound estimate of delta = 7.822643e-01
the initial guesses were not good, did not successfully find a minimum.
RETRYING!
minimum found at:
    iteration	            R	          eta	        delta	            E	         dEdR	       dEdeta	     dEddelta	    grad norm
            4	 1.798673e+00	 6.395199e+00	 7.931709e-01	 2.895168e-01	 1.130550e-08	-8.457741e-08	 1.120618e-07	 1.408509e-07
success!


parameter values for minimization:
K33 = 2.000000e+01
k24 = -1.200000e-01
Lambda = 1.000000e+01
d0 = 1.000000e+00
omega = 1.000000e+00
gamma_s = 1.084848e-01
initial guesses for R, eta, and delta:
guess for R = 1.798673e+00
guess for eta = 6.395199e+00
guess for delta = 7.931709e-01
estimated ranges of R, eta, and delta:
upper bound estimate of R = 2.698009e+00
lower bound estimate of R = 1.349005e+00
upper bound estimate of eta = 6.425199e+00
lower bound estimate of eta = 6.365199e+00
upper bound estimate of delta = 7.951709e-01
lower bound estimate of delta = 7.881709e-01
the initial guesses were not good, did not successfully find a minimum.
RETRYING!
minimum found at:
    iteration	            R	          eta	        delta	            E	         dEdR	       dEdeta	     dEddelta	    grad norm
            6	 2.101597e+00	 6.407791e+00	 7.973192e-01	 2.935674e-01	-2.406600e-10	-6.537980e-09	-1.139755e-08	 1.314182e-08
success!


parameter values for minimization:
K33 = 2.000000e+01
k24 = -1.200000e-01
Lambda = 1.000000e+01
d0 = 1.000000e+00
omega = 1.000000e+00
gamma_s = 1.124242e-01
initial guesses for R, eta, and delta:
guess for R = 2.101597e+00
guess for eta = 6.407791e+00
guess for delta = 7.973192e-01
estimated ranges of R, eta, and delta:
upper bound estimate of R = 3.152395e+00
lower bound estimate of R = 1.576198e+00
upper bound estimate of eta = 6.437791e+00
lower bound estimate of eta = 6.377791e+00
upper bound estimate of delta = 7.993192e-01
lower bound estimate of delta = 7.923192e-01
the initial guesses were not good, did not successfully find a minimum.
RETRYING!
minimum found at:
    iteration	            R	          eta	        delta	            E	         dEdR	       dEdeta	     dEddelta	    grad norm
            3	 2.419546e+00	 6.420230e+00	 8.004022e-01	 2.970606e-01	 5.081085e-09	-1.336123e-07	 1.467695e-08	 1.345120e-07
success!


parameter values for minimization:
K33 = 2.000000e+01
k24 = -1.200000e-01
Lambda = 1.000000e+01
d0 = 1.000000e+00
omega = 1.000000e+00
gamma_s = 1.163636e-01
initial guesses for R, eta, and delta:
guess for R = 2.419546e+00
guess for eta = 6.420230e+00
guess for delta = 8.004022e-01
estimated ranges of R, eta, and delta:
upper bound estimate of R = 3.629319e+00
lower bound estimate of R = 1.814659e+00
upper bound estimate of eta = 6.450230e+00
lower bound estimate of eta = 6.390230e+00
upper bound estimate of delta = 8.024022e-01
lower bound estimate of delta = 7.954022e-01
the initial guesses were not good, did not successfully find a minimum.
RETRYING!
minimum found at:
    iteration	            R	          eta	        delta	            E	         dEdR	       dEdeta	     dEddelta	    grad norm
            6	 2.754948e+00	 6.432625e+00	 8.027837e-01	 3.001119e-01	 4.684435e-09	 1.384695e-08	 2.099134e-07	 2.104217e-07
success!


parameter values for minimization:
K33 = 2.000000e+01
k24 = -1.200000e-01
Lambda = 1.000000e+01
d0 = 1.000000e+00
omega = 1.000000e+00
gamma_s = 1.203030e-01
initial guesses for R, eta, and delta:
guess for R = 2.754948e+00
guess for eta = 6.432625e+00
guess for delta = 8.027837e-01
estimated ranges of R, eta, and delta:
upper bound estimate of R = 4.132422e+00
lower bound estimate of R = 2.066211e+00
upper bound estimate of eta = 6.462625e+00
lower bound estimate of eta = 6.402625e+00
upper bound estimate of delta = 8.047837e-01
lower bound estimate of delta = 7.977837e-01
minimum found at:
    iteration	            R	          eta	        delta	            E	         dEdR	       dEdeta	     dEddelta	    grad norm
           23	 3.109772e+00	 6.445049e+00	 8.046767e-01	 3.028036e-01	-9.510620e-10	-4.699944e-08	 2.287852e-06	 2.288335e-06
success!


parameter values for minimization:
K33 = 2.000000e+01
k24 = -1.200000e-01
Lambda = 1.000000e+01
d0 = 1.000000e+00
omega = 1.000000e+00
gamma_s = 1.242424e-01
initial guesses for R, eta, and delta:
guess for R = 3.109772e+00
guess for eta = 6.445049e+00
guess for delta = 8.046767e-01
estimated ranges of R, eta, and delta:
upper bound estimate of R = 4.664658e+00
lower bound estimate of R = 2.332329e+00
upper bound estimate of eta = 6.475049e+00
lower bound estimate of eta = 6.415049e+00
upper bound estimate of delta = 8.066767e-01
lower bound estimate of delta = 7.996767e-01
ss=8.871255180785e+18, lastss = 9.763313003726e+17
tol = 1.971511365314e-14
failed to integrate at x = (3.109772e+00,6.445049e+00,8.046767e-01)
solvde convergence failed when x = (3.109772e+00,6.445049e+00,8.046767e-01).
Retrying using a constant y value
minimum found at:
    iteration	            R	          eta	        delta	            E	         dEdR	       dEdeta	     dEddelta	    grad norm
           28	 3.485730e+00	 6.457553e+00	 8.062104e-01	 3.051967e-01	 4.739520e-09	-2.410726e-07	-8.855350e-07	 9.177749e-07
success!


parameter values for minimization:
K33 = 2.000000e+01
k24 = -1.200000e-01
Lambda = 1.000000e+01
d0 = 1.000000e+00
omega = 1.000000e+00
gamma_s = 1.281818e-01
initial guesses for R, eta, and delta:
guess for R = 3.485730e+00
guess for eta = 6.457553e+00
guess for delta = 8.062104e-01
estimated ranges of R, eta, and delta:
upper bound estimate of R = 5.228595e+00
lower bound estimate of R = 2.614298e+00
upper bound estimate of eta = 6.487553e+00
lower bound estimate of eta = 6.427553e+00
upper bound estimate of delta = 8.082104e-01
lower bound estimate of delta = 8.012104e-01
ss=6.182815712147e+18, lastss = 1.244191262547e+19
tol = 2.443624744506e-14
failed to integrate at x = (3.485730e+00,6.457553e+00,8.062104e-01)
solvde convergence failed when x = (3.485730e+00,6.457553e+00,8.062104e-01).
Retrying using a constant y value
minimum found at:
    iteration	            R	          eta	        delta	            E	         dEdR	       dEdeta	     dEddelta	    grad norm
           26	 3.884428e+00	 6.470176e+00	 8.074776e-01	 3.073379e-01	 1.851577e-09	 1.353855e-08	-9.571709e-07	 9.572684e-07
success!


parameter values for minimization:
K33 = 2.000000e+01
k24 = -1.200000e-01
Lambda = 1.000000e+01
d0 = 1.000000e+00
omega = 1.000000e+00
gamma_s = 1.321212e-01
initial guesses for R, eta, and delta:
guess for R = 3.884428e+00
guess for eta = 6.470176e+00
guess for delta = 8.074776e-01
estimated ranges of R, eta, and delta:
upper bound estimate of R = 5.826642e+00
lower bound estimate of R = 2.913321e+00
upper bound estimate of eta = 6.500176e+00
lower bound estimate of eta = 6.440176e+00
upper bound estimate of delta = 8.094776e-01
lower bound estimate of delta = 8.024776e-01
minimum found at:
    iteration	            R	          eta	        delta	            E	         dEdR	       dEdeta	     dEddelta	    grad norm
           29	 4.307364e+00	 6.482946e+00	 8.085381e-01	 3.092642e-01	-1.643747e-09	 1.043301e-07	-4.588922e-07	 4.706055e-07
success!


parameter values for minimization:
K33 = 2.000000e+01
k24 = -1.200000e-01
Lambda = 1.000000e+01
d0 = 1.000000e+00
omega = 1.000000e+00
gamma_s = 1.360606e-01
initial guesses for R, eta, and delta:
guess for R = 4.307364e+00
guess for eta = 6.482946e+00
guess for delta = 8.085381e-01
estimated ranges of R, eta, and delta:
upper bound estimate of R = 6.461046e+00
lower bound estimate of R = 3.230523e+00
upper bound estimate of eta = 6.512946e+00
lower bound estimate of eta = 6.452946e+00
upper bound estimate of delta = 8.105381e-01
lower bound estimate of delta = 8.035381e-01
minimum found at:
    iteration	            R	          eta	        delta	            E	         dEdR	       dEdeta	     dEddelta	    grad norm
           37	 4.756014e+00	 6.495883e+00	 8.094344e-01	 3.110050e-01	 2.634778e-09	-1.056254e-07	-1.914077e-06	 1.916991e-06
success!


parameter values for minimization:
K33 = 2.000000e+01
k24 = -1.200000e-01
Lambda = 1.000000e+01
d0 = 1.000000e+00
omega = 1.000000e+00
gamma_s = 1.400000e-01
initial guesses for R, eta, and delta:
guess for R = 4.756014e+00
guess for eta = 6.495883e+00
guess for delta = 8.094344e-01
estimated ranges of R, eta, and delta:
upper bound estimate of R = 7.134021e+00
lower bound estimate of R = 3.567011e+00
upper bound estimate of eta = 6.525883e+00
lower bound estimate of eta = 6.465883e+00
upper bound estimate of delta = 8.114344e-01
lower bound estimate of delta = 8.044344e-01
ss=2.326605669583e+23, lastss = 1.613172911296e+22
tol = 4.402714447428e-14
failed to integrate at x = (4.756014e+00,6.495883e+00,8.094344e-01)
solvde convergence failed when x = (4.756014e+00,6.495883e+00,8.094344e-01).
Retrying using a constant y value
minimum found at:
    iteration	            R	          eta	        delta	            E	         dEdR	       dEdeta	     dEddelta	    grad norm
           24	 5.231875e+00	 6.509009e+00	 8.102006e-01	 3.125846e-01	 1.128272e-09	 2.588362e-07	-2.051005e-06	 2.067273e-06
success!


parameter values for minimization:
K33 = 2.000000e+01
k24 = -1.200000e-01
Lambda = 1.000000e+01
d0 = 1.000000e+00
omega = 1.000000e+00
gamma_s = 1.439394e-01
initial guesses for R, eta, and delta:
guess for R = 5.231875e+00
guess for eta = 6.509009e+00
guess for delta = 8.102006e-01
estimated ranges of R, eta, and delta:
upper bound estimate of R = 7.847812e+00
lower bound estimate of R = 3.923906e+00
upper bound estimate of eta = 6.539009e+00
lower bound estimate of eta = 6.479009e+00
upper bound estimate of delta = 8.122006e-01
lower bound estimate of delta = 8.052006e-01
likely a maximizing (vs minimizing) solution for psi(r), as y[1][2]=-1.158263e-03  which usually means high energy.
solvde convergence failed when x = (5.231875e+00,6.509009e+00,8.102006e-01).
Retrying using a constant y value
minimum found at:
    iteration	            R	          eta	        delta	            E	         dEdR	       dEdeta	     dEddelta	    grad norm
           39	 5.736385e+00	 6.522333e+00	 8.108615e-01	 3.140230e-01	-3.381112e-10	-1.236665e-08	 2.075060e-07	 2.078744e-07
success!


parameter values for minimization:
K33 = 2.000000e+01
k24 = -1.200000e-01
Lambda = 1.000000e+01
d0 = 1.000000e+00
omega = 1.000000e+00
gamma_s = 1.478788e-01
initial guesses for R, eta, and delta:
guess for R = 5.736385e+00
guess for eta = 6.522333e+00
guess for delta = 8.108615e-01
estimated ranges of R, eta, and delta:
upper bound estimate of R = 8.604578e+00
lower bound estimate of R = 4.302289e+00
upper bound estimate of eta = 6.552333e+00
lower bound estimate of eta = 6.492333e+00
upper bound estimate of delta = 8.128615e-01
lower bound estimate of delta = 8.058615e-01
ss=4.028562522320e+28, lastss = 1.034577679083e+21
tol = 6.296287025060e-14
failed to integrate at x = (5.736385e+00,6.522333e+00,8.108615e-01)
solvde convergence failed when x = (5.736385e+00,6.522333e+00,8.108615e-01).
Retrying using a constant y value
minimum found at:
    iteration	            R	          eta	        delta	            E	         dEdR	       dEdeta	     dEddelta	    grad norm
           30	 6.271104e+00	 6.535872e+00	 8.114330e-01	 3.153367e-01	 5.956748e-10	 3.892565e-07	-1.172871e-06	 1.235778e-06
success!


parameter values for minimization:
K33 = 2.000000e+01
k24 = -1.200000e-01
Lambda = 1.000000e+01
d0 = 1.000000e+00
omega = 1.000000e+00
gamma_s = 1.518182e-01
initial guesses for R, eta, and delta:
guess for R = 6.271104e+00
guess for eta = 6.535872e+00
guess for delta = 8.114330e-01
estimated ranges of R, eta, and delta:
upper bound estimate of R = 9.406656e+00
lower bound estimate of R = 4.703328e+00
upper bound estimate of eta = 6.565872e+00
lower bound estimate of eta = 6.505872e+00
upper bound estimate of delta = 8.134330e-01
lower bound estimate of delta = 8.064330e-01
likely a maximizing (vs minimizing) solution for psi(r), as y[1][2]=-1.680340e-03  which usually means high energy.
solvde convergence failed when x = (6.271104e+00,6.535872e+00,8.114330e-01).
Retrying using a constant y value
minimum found at:
    iteration	            R	          eta	        delta	            E	         dEdR	       dEdeta	     dEddelta	    grad norm
           15	 6.837484e+00	 6.549632e+00	 8.119319e-01	 3.165400e-01	-8.065059e-11	 1.167276e-07	-1.803848e-06	 1.807621e-06
success!


parameter values for minimization:
K33 = 2.000000e+01
k24 = -1.200000e-01
Lambda = 1.000000e+01
d0 = 1.000000e+00
omega = 1.000000e+00
gamma_s = 1.557576e-01
initial guesses for R, eta, and delta:
guess for R = 6.837484e+00
guess for eta = 6.549632e+00
guess for delta = 8.119319e-01
estimated ranges of R, eta, and delta:
upper bound estimate of R = 1.025623e+01
lower bound estimate of R = 5.128113e+00
upper bound estimate of eta = 6.579632e+00
lower bound estimate of eta = 6.519632e+00
upper bound estimate of delta = 8.139319e-01
lower bound estimate of delta = 8.069319e-01
likely a maximizing (vs minimizing) solution for psi(r), as y[1][2]=-2.098537e-03  which usually means high energy.
solvde convergence failed when x = (6.837484e+00,6.549632e+00,8.119319e-01).
Retrying using a constant y value
minimum found at:
    iteration	            R	          eta	        delta	            E	         dEdR	       dEdeta	     dEddelta	    grad norm
           20	 7.437136e+00	 6.563621e+00	 8.123719e-01	 3.176450e-01	 3.471175e-10	-3.053113e-07	 2.090127e-06	 2.112308e-06
success!


parameter values for minimization:
K33 = 2.000000e+01
k24 = -1.200000e-01
Lambda = 1.000000e+01
d0 = 1.000000e+00
omega = 1.000000e+00
gamma_s = 1.596970e-01
initial guesses for R, eta, and delta:
guess for R = 7.437136e+00
guess for eta = 6.563621e+00
guess for delta = 8.123719e-01
estimated ranges of R, eta, and delta:
upper bound estimate of R = 1.115570e+01
lower bound estimate of R = 5.577852e+00
upper bound estimate of eta = 6.593621e+00
lower bound estimate of eta = 6.533621e+00
upper bound estimate of delta = 8.143719e-01
lower bound estimate of delta = 8.073719e-01
ss=2.139235284073e+21, lastss = 2.800838039448e+21
tol = 1.036479396294e-13
failed to integrate at x = (7.437136e+00,6.563621e+00,8.123719e-01)
solvde convergence failed when x = (7.437136e+00,6.563621e+00,8.123719e-01).
Retrying using a constant y value
minimum found at:
    iteration	            R	          eta	        delta	            E	         dEdR	       dEdeta	     dEddelta	    grad norm
           24	 8.071751e+00	 6.577852e+00	 8.127587e-01	 3.186620e-01	 1.084443e-09	 1.023872e-08	 3.573068e-06	 3.573083e-06
success!


parameter values for minimization:
K33 = 2.000000e+01
k24 = -1.200000e-01
Lambda = 1.000000e+01
d0 = 1.000000e+00
omega = 1.000000e+00
gamma_s = 1.636364e-01
initial guesses for R, eta, and delta:
guess for R = 8.071751e+00
guess for eta = 6.577852e+00
guess for delta = 8.127587e-01
estimated ranges of R, eta, and delta:
upper bound estimate of R = 1.210763e+01
lower bound estimate of R = 6.053813e+00
upper bound estimate of eta = 6.607852e+00
lower bound estimate of eta = 6.547852e+00
upper bound estimate of delta = 8.147587e-01
lower bound estimate of delta = 8.077587e-01
ss=6.010544313435e+22, lastss = 1.105397392513e+23
tol = 1.213658665111e-13
failed to integrate at x = (8.071751e+00,6.577852e+00,8.127587e-01)
solvde convergence failed when x = (8.071751e+00,6.577852e+00,8.127587e-01).
Retrying using a constant y value
minimum found at:
    iteration	            R	          eta	        delta	            E	         dEdR	       dEdeta	     dEddelta	    grad norm
           26	 8.742905e+00	 6.592326e+00	 8.130981e-01	 3.196000e-01	 5.859386e-10	 2.238025e-07	-1.278078e-06	 1.297525e-06
success!


parameter values for minimization:
K33 = 2.000000e+01
k24 = -1.200000e-01
Lambda = 1.000000e+01
d0 = 1.000000e+00
omega = 1.000000e+00
gamma_s = 1.675758e-01
initial guesses for R, eta, and delta:
guess for R = 8.742905e+00
guess for eta = 6.592326e+00
guess for delta = 8.130981e-01
estimated ranges of R, eta, and delta:
upper bound estimate of R = 1.311436e+01
lower bound estimate of R = 6.557179e+00
upper bound estimate of eta = 6.622326e+00
lower bound estimate of eta = 6.562326e+00
upper bound estimate of delta = 8.150981e-01
lower bound estimate of delta = 8.080981e-01
ss=6.119459278110e+28, lastss = 3.631116730357e+29
tol = 1.415999436663e-13
failed to integrate at x = (8.742905e+00,6.592326e+00,8.130981e-01)
solvde convergence failed when x = (8.742905e+00,6.592326e+00,8.130981e-01).
Retrying using a constant y value
minimum found at:
    iteration	            R	          eta	        delta	            E	         dEdR	       dEdeta	     dEddelta	    grad norm
           27	 9.452272e+00	 6.607046e+00	 8.134041e-01	 3.204668e-01	-7.698149e-10	-2.046511e-07	 2.969582e-06	 2.976626e-06
success!


parameter values for minimization:
K33 = 2.000000e+01
k24 = -1.200000e-01
Lambda = 1.000000e+01
d0 = 1.000000e+00
omega = 1.000000e+00
gamma_s = 1.715152e-01
initial guesses for R, eta, and delta:
guess for R = 9.452272e+00
guess for eta = 6.607046e+00
guess for delta = 8.134041e-01
estimated ranges of R, eta, and delta:
upper bound estimate of R = 1.417841e+01
lower bound estimate of R = 7.089204e+00
upper bound estimate of eta = 6.637046e+00
lower bound estimate of eta = 6.577046e+00
upper bound estimate of delta = 8.154041e-01
lower bound estimate of delta = 8.084041e-01
likely a maximizing (vs minimizing) solution for psi(r), as y[1][2]=-4.157301e-03  which usually means high energy.
solvde convergence failed when x = (9.452272e+00,6.607046e+00,8.134041e-01).
Retrying using a constant y value
minimum found at:
    iteration	            R	          eta	        delta	            E	         dEdR	       dEdeta	     dEddelta	    grad norm
           25	 1.020185e+01	 6.622026e+00	 8.136726e-01	 3.212692e-01	-1.619844e-09	 3.047562e-07	-2.101494e-06	 2.123477e-06
success!


parameter values for minimization:
K33 = 2.000000e+01
k24 = -1.200000e-01
Lambda = 1.000000e+01
d0 = 1.000000e+00
omega = 1.000000e+00
gamma_s = 1.754545e-01
initial guesses for R, eta, and delta:
guess for R = 1.020185e+01
guess for eta = 6.622026e+00
guess for delta = 8.136726e-01
estimated ranges of R, eta, and delta:
upper bound estimate of R = 1.530278e+01
lower bound estimate of R = 7.651388e+00
upper bound estimate of eta = 6.652026e+00
lower bound estimate of eta = 6.592026e+00
upper bound estimate of delta = 8.156726e-01
lower bound estimate of delta = 8.086726e-01
likely a maximizing (vs minimizing) solution for psi(r), as y[1][2]=-4.444172e-03  which usually means high energy.
solvde convergence failed when x = (1.020185e+01,6.622026e+00,8.136726e-01).
Retrying using a constant y value
minimum found at:
    iteration	            R	          eta	        delta	            E	         dEdR	       dEdeta	     dEddelta	    grad norm
           61	 1.099320e+01	 6.637258e+00	 8.139161e-01	 3.220132e-01	 8.019242e-10	-2.165860e-07	-3.129772e-07	 3.806111e-07
success!


parameter values for minimization:
K33 = 2.000000e+01
k24 = -1.200000e-01
Lambda = 1.000000e+01
d0 = 1.000000e+00
omega = 1.000000e+00
gamma_s = 1.793939e-01
initial guesses for R, eta, and delta:
guess for R = 1.099320e+01
guess for eta = 6.637258e+00
guess for delta = 8.139161e-01
estimated ranges of R, eta, and delta:
upper bound estimate of R = 1.648980e+01
lower bound estimate of R = 8.244900e+00
upper bound estimate of eta = 6.667258e+00
lower bound estimate of eta = 6.607258e+00
upper bound estimate of delta = 8.159161e-01
lower bound estimate of delta = 8.089161e-01
ss=4.656244657353e+28, lastss = 9.187021952814e+28
tol = 2.206372131132e-13
failed to integrate at x = (1.099320e+01,6.637258e+00,8.139161e-01)
solvde convergence failed when x = (1.099320e+01,6.637258e+00,8.139161e-01).
Retrying using a constant y value
minimum found at:
    iteration	            R	          eta	        delta	            E	         dEdR	       dEdeta	     dEddelta	    grad norm
           47	 1.182842e+01	 6.652753e+00	 8.141331e-01	 3.227042e-01	-1.680055e-09	-2.949801e-07	-1.838476e-06	 1.861991e-06
success!


parameter values for minimization:
K33 = 2.000000e+01
k24 = -1.200000e-01
Lambda = 1.000000e+01
d0 = 1.000000e+00
omega = 1.000000e+00
gamma_s = 1.833333e-01
initial guesses for R, eta, and delta:
guess for R = 1.182842e+01
guess for eta = 6.652753e+00
guess for delta = 8.141331e-01
estimated ranges of R, eta, and delta:
upper bound estimate of R = 1.774263e+01
lower bound estimate of R = 8.871315e+00
upper bound estimate of eta = 6.682753e+00
lower bound estimate of eta = 6.622753e+00
upper bound estimate of delta = 8.161331e-01
lower bound estimate of delta = 8.091331e-01
likely a maximizing (vs minimizing) solution for psi(r), as y[1][2]=-5.861215e-03  which usually means high energy.
solvde convergence failed when x = (1.182842e+01,6.652753e+00,8.141331e-01).
Retrying using a constant y value
minimum found at:
    iteration	            R	          eta	        delta	            E	         dEdR	       dEdeta	     dEddelta	    grad norm
           33	 1.270968e+01	 6.668519e+00	 8.143286e-01	 3.233469e-01	 1.539314e-10	 4.101657e-09	-2.750710e-06	 2.750713e-06
success!


parameter values for minimization:
K33 = 2.000000e+01
k24 = -1.200000e-01
Lambda = 1.000000e+01
d0 = 1.000000e+00
omega = 1.000000e+00
gamma_s = 1.872727e-01
initial guesses for R, eta, and delta:
guess for R = 1.270968e+01
guess for eta = 6.668519e+00
guess for delta = 8.143286e-01
estimated ranges of R, eta, and delta:
upper bound estimate of R = 1.906452e+01
lower bound estimate of R = 9.532260e+00
upper bound estimate of eta = 6.698519e+00
lower bound estimate of eta = 6.638519e+00
upper bound estimate of delta = 8.163286e-01
lower bound estimate of delta = 8.093286e-01
ss=5.797782359216e+26, lastss = 3.450753203406e+27
tol = 2.924908390412e-13
failed to integrate at x = (1.270968e+01,6.668519e+00,8.143286e-01)
solvde convergence failed when x = (1.270968e+01,6.668519e+00,8.143286e-01).
Retrying using a constant y value
minimum found at:
    iteration	            R	          eta	        delta	            E	         dEdR	       dEdeta	     dEddelta	    grad norm
           28	 1.363882e+01	 6.684550e+00	 8.145060e-01	 3.239454e-01	 1.790145e-09	 2.007653e-08	-1.809135e-06	 1.809247e-06
success!


parameter values for minimization:
K33 = 2.000000e+01
k24 = -1.200000e-01
Lambda = 1.000000e+01
d0 = 1.000000e+00
omega = 1.000000e+00
gamma_s = 1.912121e-01
initial guesses for R, eta, and delta:
guess for R = 1.363882e+01
guess for eta = 6.684550e+00
guess for delta = 8.145060e-01
estimated ranges of R, eta, and delta:
upper bound estimate of R = 2.045823e+01
lower bound estimate of R = 1.022912e+01
upper bound estimate of eta = 6.714550e+00
lower bound estimate of eta = 6.654550e+00
upper bound estimate of delta = 8.165060e-01
lower bound estimate of delta = 8.095060e-01
ss=7.891555072279e+22, lastss = 3.839053172867e+23
tol = 3.355521919962e-13
failed to integrate at x = (1.363882e+01,6.684550e+00,8.145060e-01)
solvde convergence failed when x = (1.363882e+01,6.684550e+00,8.145060e-01).
Retrying using a constant y value
minimum found at:
    iteration	            R	          eta	        delta	            E	         dEdR	       dEdeta	     dEddelta	    grad norm
           29	 1.461800e+01	 6.700849e+00	 8.146679e-01	 3.245034e-01	 7.919480e-10	-6.322103e-08	 1.868347e-06	 1.869416e-06
success!


parameter values for minimization:
K33 = 2.000000e+01
k24 = -1.200000e-01
Lambda = 1.000000e+01
d0 = 1.000000e+00
omega = 1.000000e+00
gamma_s = 1.951515e-01
initial guesses for R, eta, and delta:
guess for R = 1.461800e+01
guess for eta = 6.700849e+00
guess for delta = 8.146679e-01
estimated ranges of R, eta, and delta:
upper bound estimate of R = 2.192700e+01
lower bound estimate of R = 1.096350e+01
upper bound estimate of eta = 6.730849e+00
lower bound estimate of eta = 6.670849e+00
upper bound estimate of delta = 8.166679e-01
lower bound estimate of delta = 8.096679e-01
ss=2.863220518968e+30, lastss = 6.405422102421e+22
tol = 3.840960077437e-13
failed to integrate at x = (1.461800e+01,6.700849e+00,8.146679e-01)
solvde convergence failed when x = (1.461800e+01,6.700849e+00,8.146679e-01).
Retrying using a constant y value
minimum found at:
    iteration	            R	          eta	        delta	            E	         dEdR	       dEdeta	     dEddelta	    grad norm
           39	 1.564957e+01	 6.717421e+00	 8.148114e-01	 3.250244e-01	 2.978890e-10	-6.972817e-08	-1.315879e-06	 1.317725e-06
success!


parameter values for minimization:
K33 = 2.000000e+01
k24 = -1.200000e-01
Lambda = 1.000000e+01
d0 = 1.000000e+00
omega = 1.000000e+00
gamma_s = 1.990909e-01
initial guesses for R, eta, and delta:
guess for R = 1.564957e+01
guess for eta = 6.717421e+00
guess for delta = 8.148114e-01
estimated ranges of R, eta, and delta:
upper bound estimate of R = 2.347436e+01
lower bound estimate of R = 1.173718e+01
upper bound estimate of eta = 6.747421e+00
lower bound estimate of eta = 6.687421e+00
upper bound estimate of delta = 8.168114e-01
lower bound estimate of delta = 8.098114e-01
likely a maximizing (vs minimizing) solution for psi(r), as y[1][2]=-9.860229e-03  which usually means high energy.
solvde convergence failed when x = (1.564957e+01,6.717421e+00,8.148114e-01).
Retrying using a constant y value
minimum found at:
    iteration	            R	          eta	        delta	            E	         dEdR	       dEdeta	     dEddelta	    grad norm
           22	 1.673614e+01	 6.734274e+00	 8.149442e-01	 3.255113e-01	 5.736901e-10	 2.296620e-07	 6.529169e-07	 6.921311e-07
success!


parameter values for minimization:
K33 = 2.000000e+01
k24 = -1.200000e-01
Lambda = 1.000000e+01
d0 = 1.000000e+00
omega = 1.000000e+00
gamma_s = 2.030303e-01
initial guesses for R, eta, and delta:
guess for R = 1.673614e+01
guess for eta = 6.734274e+00
guess for delta = 8.149442e-01
estimated ranges of R, eta, and delta:
upper bound estimate of R = 2.510421e+01
lower bound estimate of R = 1.255210e+01
upper bound estimate of eta = 6.764274e+00
lower bound estimate of eta = 6.704274e+00
upper bound estimate of delta = 8.169442e-01
lower bound estimate of delta = 8.099442e-01
ss=3.563038490530e+25, lastss = 5.076439096098e+25
tol = 5.001980379205e-13
failed to integrate at x = (1.673614e+01,6.734274e+00,8.149442e-01)
solvde convergence failed when x = (1.673614e+01,6.734274e+00,8.149442e-01).
Retrying using a constant y value
minimum found at:
    iteration	            R	          eta	        delta	            E	         dEdR	       dEdeta	     dEddelta	    grad norm
           23	 1.787968e+01	 6.751396e+00	 8.150637e-01	 3.259668e-01	-2.551758e-10	 1.382536e-07	-2.931517e-07	 3.241174e-07
success!


parameter values for minimization:
K33 = 2.000000e+01
k24 = -1.200000e-01
Lambda = 1.000000e+01
d0 = 1.000000e+00
omega = 1.000000e+00
gamma_s = 2.069697e-01
initial guesses for R, eta, and delta:
guess for R = 1.787968e+01
guess for eta = 6.751396e+00
guess for delta = 8.150637e-01
estimated ranges of R, eta, and delta:
upper bound estimate of R = 2.681952e+01
lower bound estimate of R = 1.340976e+01
upper bound estimate of eta = 6.781396e+00
lower bound estimate of eta = 6.721396e+00
upper bound estimate of delta = 8.170637e-01
lower bound estimate of delta = 8.100637e-01
likely a maximizing (vs minimizing) solution for psi(r), as y[1][2]=-1.233163e-02  which usually means high energy.
solvde convergence failed when x = (1.787968e+01,6.751396e+00,8.150637e-01).
Retrying using a constant y value
minimum found at:
    iteration	            R	          eta	        delta	            E	         dEdR	       dEdeta	     dEddelta	    grad norm
           24	 1.908324e+01	 6.768801e+00	 8.151740e-01	 3.263933e-01	-1.070917e-09	 2.999144e-07	 1.399674e-06	 1.431446e-06
success!


parameter values for minimization:
K33 = 2.000000e+01
k24 = -1.200000e-01
Lambda = 1.000000e+01
d0 = 1.000000e+00
omega = 1.000000e+00
gamma_s = 2.109091e-01
initial guesses for R, eta, and delta:
guess for R = 1.908324e+01
guess for eta = 6.768801e+00
guess for delta = 8.151740e-01
estimated ranges of R, eta, and delta:
upper bound estimate of R = 2.862486e+01
lower bound estimate of R = 1.431243e+01
upper bound estimate of eta = 6.798801e+00
lower bound estimate of eta = 6.738801e+00
upper bound estimate of delta = 8.171740e-01
lower bound estimate of delta = 8.101740e-01
likely a maximizing (vs minimizing) solution for psi(r), as y[1][2]=-1.360594e-02  which usually means high energy.
solvde convergence failed when x = (1.908324e+01,6.768801e+00,8.151740e-01).
Retrying using a constant y value
minimum found at:
    iteration	            R	          eta	        delta	            E	         dEdR	       dEdeta	     dEddelta	    grad norm
           14	 2.034905e+01	 6.786472e+00	 8.152727e-01	 3.267932e-01	 1.450052e-09	-1.402582e-07	-1.052862e-06	 1.062164e-06
success!


parameter values for minimization:
K33 = 2.000000e+01
k24 = -1.200000e-01
Lambda = 1.000000e+01
d0 = 1.000000e+00
omega = 1.000000e+00
gamma_s = 2.148485e-01
initial guesses for R, eta, and delta:
guess for R = 2.034905e+01
guess for eta = 6.786472e+00
guess for delta = 8.152727e-01
estimated ranges of R, eta, and delta:
upper bound estimate of R = 3.052357e+01
lower bound estimate of R = 1.526179e+01
upper bound estimate of eta = 6.816472e+00
lower bound estimate of eta = 6.756472e+00
upper bound estimate of delta = 8.172727e-01
lower bound estimate of delta = 8.102727e-01
ss=2.921207504082e+24, lastss = 4.422054474492e+22
tol = 7.331897353090e-13
failed to integrate at x = (2.034905e+01,6.786472e+00,8.152727e-01)
solvde convergence failed when x = (2.034905e+01,6.786472e+00,8.152727e-01).
Retrying using a constant y value
minimum found at:
    iteration	            R	          eta	        delta	            E	         dEdR	       dEdeta	     dEddelta	    grad norm
           41	 2.168039e+01	 6.804432e+00	 8.153646e-01	 3.271683e-01	-1.022920e-09	-6.763109e-08	-1.927030e-07	 2.042289e-07
success!


parameter values for minimization:
K33 = 2.000000e+01
k24 = -1.200000e-01
Lambda = 1.000000e+01
d0 = 1.000000e+00
omega = 1.000000e+00
gamma_s = 2.187879e-01
initial guesses for R, eta, and delta:
guess for R = 2.168039e+01
guess for eta = 6.804432e+00
guess for delta = 8.153646e-01
estimated ranges of R, eta, and delta:
upper bound estimate of R = 3.252058e+01
lower bound estimate of R = 1.626029e+01
upper bound estimate of eta = 6.834432e+00
lower bound estimate of eta = 6.774432e+00
upper bound estimate of delta = 8.173646e-01
lower bound estimate of delta = 8.103646e-01
likely a maximizing (vs minimizing) solution for psi(r), as y[1][2]=-1.795879e-02  which usually means high energy.
solvde convergence failed when x = (2.168039e+01,6.804432e+00,8.153646e-01).
Retrying using a constant y value
minimum found at:
    iteration	            R	          eta	        delta	            E	         dEdR	       dEdeta	     dEddelta	    grad norm
           23	 2.307996e+01	 6.822664e+00	 8.154492e-01	 3.275206e-01	-2.310078e-10	-3.794496e-07	 1.486377e-06	 1.534047e-06
success!


parameter values for minimization:
K33 = 2.000000e+01
k24 = -1.200000e-01
Lambda = 1.000000e+01
d0 = 1.000000e+00
omega = 1.000000e+00
gamma_s = 2.227273e-01
initial guesses for R, eta, and delta:
guess for R = 2.307996e+01
guess for eta = 6.822664e+00
guess for delta = 8.154492e-01
estimated ranges of R, eta, and delta:
upper bound estimate of R = 3.461994e+01
lower bound estimate of R = 1.730997e+01
upper bound estimate of eta = 6.852664e+00
lower bound estimate of eta = 6.792664e+00
upper bound estimate of delta = 8.174492e-01
lower bound estimate of delta = 8.104492e-01
ss=2.138652415647e+25, lastss = 5.731344460885e+23
tol = 9.385041796498e-13
failed to integrate at x = (2.307996e+01,6.822664e+00,8.154492e-01)
solvde convergence failed when x = (2.307996e+01,6.822664e+00,8.154492e-01).
Retrying using a constant y value
minimum found at:
    iteration	            R	          eta	        delta	            E	         dEdR	       dEdeta	     dEddelta	    grad norm
           19	 2.455171e+01	 6.841196e+00	 8.155241e-01	 3.278516e-01	-2.396615e-10	-1.244683e-07	-2.411563e-06	 2.414773e-06
success!


parameter values for minimization:
K33 = 2.000000e+01
k24 = -1.200000e-01
Lambda = 1.000000e+01
d0 = 1.000000e+00
omega = 1.000000e+00
gamma_s = 2.266667e-01
initial guesses for R, eta, and delta:
guess for R = 2.455171e+01
guess for eta = 6.841196e+00
guess for delta = 8.155241e-01
estimated ranges of R, eta, and delta:
upper bound estimate of R = 3.682756e+01
lower bound estimate of R = 1.841378e+01
upper bound estimate of eta = 6.871196e+00
lower bound estimate of eta = 6.811196e+00
upper bound estimate of delta = 8.175241e-01
lower bound estimate of delta = 8.105241e-01
likely a maximizing (vs minimizing) solution for psi(r), as y[1][2]=-2.194988e-02  which usually means high energy.
solvde convergence failed when x = (2.455171e+01,6.841196e+00,8.155241e-01).
Retrying using a constant y value
minimum found at:
    iteration	            R	          eta	        delta	            E	         dEdR	       dEdeta	     dEddelta	    grad norm
           37	 2.609850e+01	 6.860009e+00	 8.155960e-01	 3.281629e-01	 1.173403e-09	 1.788693e-09	-8.881784e-08	 8.884360e-08
success!


parameter values for minimization:
K33 = 2.000000e+01
k24 = -1.200000e-01
Lambda = 1.000000e+01
d0 = 1.000000e+00
omega = 1.000000e+00
gamma_s = 2.306061e-01
initial guesses for R, eta, and delta:
guess for R = 2.609850e+01
guess for eta = 6.860009e+00
guess for delta = 8.155960e-01
estimated ranges of R, eta, and delta:
upper bound estimate of R = 3.914775e+01
lower bound estimate of R = 1.957388e+01
upper bound estimate of eta = 6.890009e+00
lower bound estimate of eta = 6.830009e+00
upper bound estimate of delta = 8.175960e-01
lower bound estimate of delta = 8.105960e-01
ss=2.984827872295e+23, lastss = 3.341962519911e+22
tol = 1.194655705113e-12
failed to integrate at x = (2.609850e+01,6.860009e+00,8.155960e-01)
solvde convergence failed when x = (2.609850e+01,6.860009e+00,8.155960e-01).
Retrying using a constant y value
minimum found at:
    iteration	            R	          eta	        delta	            E	         dEdR	       dEdeta	     dEddelta	    grad norm
           19	 2.772316e+01	 6.879098e+00	 8.156612e-01	 3.284558e-01	-1.989914e-10	 1.171902e-08	 3.957152e-07	 3.958887e-07
success!


parameter values for minimization:
K33 = 2.000000e+01
k24 = -1.200000e-01
Lambda = 1.000000e+01
d0 = 1.000000e+00
omega = 1.000000e+00
gamma_s = 2.345455e-01
initial guesses for R, eta, and delta:
guess for R = 2.772316e+01
guess for eta = 6.879098e+00
guess for delta = 8.156612e-01
estimated ranges of R, eta, and delta:
upper bound estimate of R = 4.158474e+01
lower bound estimate of R = 2.079237e+01
upper bound estimate of eta = 6.909098e+00
lower bound estimate of eta = 6.849098e+00
upper bound estimate of delta = 8.176612e-01
lower bound estimate of delta = 8.106612e-01
ss=2.178506616203e+26, lastss = 1.310223157079e+24
tol = 1.345210820314e-12
failed to integrate at x = (2.772316e+01,6.879098e+00,8.156612e-01)
solvde convergence failed when x = (2.772316e+01,6.879098e+00,8.156612e-01).
Retrying using a constant y value
minimum found at:
    iteration	            R	          eta	        delta	            E	         dEdR	       dEdeta	     dEddelta	    grad norm
           15	 2.942990e+01	 6.898467e+00	 8.157204e-01	 3.287317e-01	-4.289454e-11	-9.677444e-08	-9.801683e-07	 9.849341e-07
success!


parameter values for minimization:
K33 = 2.000000e+01
k24 = -1.200000e-01
Lambda = 1.000000e+01
d0 = 1.000000e+00
omega = 1.000000e+00
gamma_s = 2.384848e-01
initial guesses for R, eta, and delta:
guess for R = 2.942990e+01
guess for eta = 6.898467e+00
guess for delta = 8.157204e-01
estimated ranges of R, eta, and delta:
upper bound estimate of R = 4.414485e+01
lower bound estimate of R = 2.207242e+01
upper bound estimate of eta = 6.928467e+00
lower bound estimate of eta = 6.868467e+00
upper bound estimate of delta = 8.177204e-01
lower bound estimate of delta = 8.107204e-01
ss=2.117292774011e+28, lastss = 1.257961417057e+29
tol = 1.512928760846e-12
failed to integrate at x = (2.942990e+01,6.898467e+00,8.157204e-01)
solvde convergence failed when x = (2.942990e+01,6.898467e+00,8.157204e-01).
Retrying using a constant y value
ss=-1.275137473440e+01, lastss = -1.275137420088e+01
tol = 2.743721714423e-12
failed to integrate at x = (3.987075e+01,6.936814e+00,8.156408e-01)
interpolating at R = 3.987075e+01, eta = 6.936814e+00, delta = 8.156408e-01...
done interpolating.
minimum found at:
    iteration	            R	          eta	        delta	            E	         dEdR	       dEdeta	     dEddelta	    grad norm
           12	 3.122454e+01	 6.918151e+00	 8.157778e-01	 3.289915e-01	-5.468350e-10	 2.519589e-08	 3.170480e-06	 3.170580e-06
success!


parameter values for minimization:
K33 = 2.000000e+01
k24 = -1.200000e-01
Lambda = 1.000000e+01
d0 = 1.000000e+00
omega = 1.000000e+00
gamma_s = 2.424242e-01
initial guesses for R, eta, and delta:
guess for R = 3.122454e+01
guess for eta = 6.918151e+00
guess for delta = 8.157778e-01
estimated ranges of R, eta, and delta:
upper bound estimate of R = 4.683681e+01
lower bound estimate of R = 2.341840e+01
upper bound estimate of eta = 6.948151e+00
lower bound estimate of eta = 6.888151e+00
upper bound estimate of delta = 8.177778e-01
lower bound estimate of delta = 8.107778e-01
ss=1.528014878653e+25, lastss = 2.670360797014e+23
tol = 1.699839872529e-12
failed to integrate at x = (3.122454e+01,6.918151e+00,8.157778e-01)
solvde convergence failed when x = (3.122454e+01,6.918151e+00,8.157778e-01).
Retrying using a constant y value
ss=-1.385435485677e+01, lastss = -1.385435378416e+01
tol = 3.142597143379e-12
failed to integrate at x = (4.270761e+01,6.954634e+00,8.152941e-01)
interpolating at R = 4.270761e+01, eta = 6.954634e+00, delta = 8.152941e-01...
done interpolating.
minimum found at:
    iteration	            R	          eta	        delta	            E	         dEdR	       dEdeta	     dEddelta	    grad norm
           11	 3.310720e+01	 6.938080e+00	 8.158280e-01	 3.292365e-01	-2.685671e-10	-2.754278e-07	 1.535809e-06	 1.560310e-06
success!


parameter values for minimization:
K33 = 2.000000e+01
k24 = -1.200000e-01
Lambda = 1.000000e+01
d0 = 1.000000e+00
omega = 1.000000e+00
gamma_s = 2.463636e-01
initial guesses for R, eta, and delta:
guess for R = 3.310720e+01
guess for eta = 6.938080e+00
guess for delta = 8.158280e-01
estimated ranges of R, eta, and delta:
upper bound estimate of R = 4.966080e+01
lower bound estimate of R = 2.483040e+01
upper bound estimate of eta = 6.968080e+00
lower bound estimate of eta = 6.908080e+00
upper bound estimate of delta = 8.178280e-01
lower bound estimate of delta = 8.108280e-01
likely a maximizing (vs minimizing) solution for psi(r), as y[1][2]=-3.598394e-02  which usually means high energy.
solvde convergence failed when x = (3.310720e+01,6.938080e+00,8.158280e-01).
Retrying using a constant y value
ss=-1.068173515626e+01, lastss = -1.068173498859e+01
tol = 2.057857155761e-12
failed to integrate at x = (3.441444e+01,6.958005e+00,8.158892e-01)
interpolating at R = 3.441444e+01, eta = 6.958005e+00, delta = 8.158892e-01...
done interpolating.
minimum found at:
    iteration	            R	          eta	        delta	            E	         dEdR	       dEdeta	     dEddelta	    grad norm
            9	 3.508498e+01	 6.958308e+00	 8.158748e-01	 3.294677e-01	-6.156877e-10	-2.908476e-07	 8.223581e-07	 8.722760e-07
success!


parameter values for minimization:
K33 = 2.000000e+01
k24 = -1.200000e-01
Lambda = 1.000000e+01
d0 = 1.000000e+00
omega = 1.000000e+00
gamma_s = 2.503030e-01
initial guesses for R, eta, and delta:
guess for R = 3.508498e+01
guess for eta = 6.958308e+00
guess for delta = 8.158748e-01
estimated ranges of R, eta, and delta:
upper bound estimate of R = 5.262747e+01
lower bound estimate of R = 2.631374e+01
upper bound estimate of eta = 6.988308e+00
lower bound estimate of eta = 6.928308e+00
upper bound estimate of delta = 8.178748e-01
lower bound estimate of delta = 8.108748e-01
ss=1.177571598599e+25, lastss = 2.682208078424e+25
tol = 2.138561683065e-12
failed to integrate at x = (3.508498e+01,6.958308e+00,8.158748e-01)
solvde convergence failed when x = (3.508498e+01,6.958308e+00,8.158748e-01).
Retrying using a constant y value
ss=-1.093775027129e+01, lastss = -1.093775007183e+01
tol = 2.138561683065e-12
failed to integrate at x = (3.508498e+01,6.958308e+00,8.158748e-01)
interpolating at R = 3.508498e+01, eta = 6.958308e+00, delta = 8.158748e-01...
done interpolating.
minimum found at:
    iteration	            R	          eta	        delta	            E	         dEdR	       dEdeta	     dEddelta	    grad norm
           19	 3.716402e+01	 6.978865e+00	 8.159174e-01	 3.296859e-01	-4.297232e-10	 2.196700e-07	-1.012682e-06	 1.036234e-06
success!


parameter values for minimization:
K33 = 2.000000e+01
k24 = -1.200000e-01
Lambda = 1.000000e+01
d0 = 1.000000e+00
omega = 1.000000e+00
gamma_s = 2.542424e-01
initial guesses for R, eta, and delta:
guess for R = 3.716402e+01
guess for eta = 6.978865e+00
guess for delta = 8.159174e-01
estimated ranges of R, eta, and delta:
upper bound estimate of R = 5.574603e+01
lower bound estimate of R = 2.787302e+01
upper bound estimate of eta = 7.008865e+00
lower bound estimate of eta = 6.948865e+00
upper bound estimate of delta = 8.179174e-01
lower bound estimate of delta = 8.109174e-01
likely a maximizing (vs minimizing) solution for psi(r), as y[1][2]=-4.407665e-02  which usually means high energy.
solvde convergence failed when x = (3.716402e+01,6.978865e+00,8.159174e-01).
Retrying using a constant y value
ss=-1.173389338860e+01, lastss = -1.173389301173e+01
tol = 2.395556522347e-12
failed to integrate at x = (3.716402e+01,6.978865e+00,8.159174e-01)
interpolating at R = 3.716402e+01, eta = 6.978865e+00, delta = 8.159174e-01...
done interpolating.
minimum found at:
    iteration	            R	          eta	        delta	            E	         dEdR	       dEdeta	     dEddelta	    grad norm
           50	 3.934344e+01	 6.999626e+00	 8.159579e-01	 3.298920e-01	-6.849684e-10	-2.779258e-07	-8.728468e-07	 9.160266e-07
success!


parameter values for minimization:
K33 = 2.000000e+01
k24 = -1.200000e-01
Lambda = 1.000000e+01
d0 = 1.000000e+00
omega = 1.000000e+00
gamma_s = 2.581818e-01
initial guesses for R, eta, and delta:
guess for R = 3.934344e+01
guess for eta = 6.999626e+00
guess for delta = 8.159579e-01
estimated ranges of R, eta, and delta:
upper bound estimate of R = 5.901516e+01
lower bound estimate of R = 2.950758e+01
upper bound estimate of eta = 7.029626e+00
lower bound estimate of eta = 6.969626e+00
upper bound estimate of delta = 8.179579e-01
lower bound estimate of delta = 8.109579e-01
ss=9.201615229699e+25, lastss = 1.460859616949e+26
tol = 2.680529842531e-12
failed to integrate at x = (3.934344e+01,6.999626e+00,8.159579e-01)
solvde convergence failed when x = (3.934344e+01,6.999626e+00,8.159579e-01).
Retrying using a constant y value
ss=-1.257690284126e+01, lastss = -1.257690214077e+01
tol = 2.680529842531e-12
failed to integrate at x = (3.934344e+01,6.999626e+00,8.159579e-01)
interpolating at R = 3.934344e+01, eta = 6.999626e+00, delta = 8.159579e-01...
done interpolating.
minimum found at:
    iteration	            R	          eta	        delta	            E	         dEdR	       dEdeta	     dEddelta	    grad norm
           18	 4.163444e+01	 7.020716e+00	 8.159960e-01	 3.300867e-01	-1.818542e-10	-2.765689e-07	 5.952910e-07	 6.564006e-07
success!


parameter values for minimization:
K33 = 2.000000e+01
k24 = -1.200000e-01
Lambda = 1.000000e+01
d0 = 1.000000e+00
omega = 1.000000e+00
gamma_s = 2.621212e-01
initial guesses for R, eta, and delta:
guess for R = 4.163444e+01
guess for eta = 7.020716e+00
guess for delta = 8.159960e-01
estimated ranges of R, eta, and delta:
upper bound estimate of R = 6.245166e+01
lower bound estimate of R = 3.122583e+01
upper bound estimate of eta = 7.050716e+00
lower bound estimate of eta = 6.990716e+00
upper bound estimate of delta = 8.179960e-01
lower bound estimate of delta = 8.109960e-01
likely a maximizing (vs minimizing) solution for psi(r), as y[1][2]=-4.950288e-02  which usually means high energy.
solvde convergence failed when x = (4.163444e+01,7.020716e+00,8.159960e-01).
Retrying using a constant y value
ss=-1.347175332392e+01, lastss = -1.347175203980e+01
tol = 2.997264594380e-12
failed to integrate at x = (4.163444e+01,7.020716e+00,8.159960e-01)
interpolating at R = 4.163444e+01, eta = 7.020716e+00, delta = 8.159960e-01...
done interpolating.
minimum found at:
    iteration	            R	          eta	        delta	            E	         dEdR	       dEdeta	     dEddelta	    grad norm
           24	 4.404095e+01	 7.042104e+00	 8.160316e-01	 3.302707e-01	-2.337717e-10	-1.294335e-07	 2.448042e-06	 2.451461e-06
success!


parameter values for minimization:
K33 = 2.000000e+01
k24 = -1.200000e-01
Lambda = 1.000000e+01
d0 = 1.000000e+00
omega = 1.000000e+00
gamma_s = 2.660606e-01
initial guesses for R, eta, and delta:
guess for R = 4.404095e+01
guess for eta = 7.042104e+00
guess for delta = 8.160316e-01
estimated ranges of R, eta, and delta:
upper bound estimate of R = 6.606142e+01
lower bound estimate of R = 3.303071e+01
upper bound estimate of eta = 7.072104e+00
lower bound estimate of eta = 7.012104e+00
upper bound estimate of delta = 8.180000e-01
lower bound estimate of delta = 8.110316e-01
ss=5.243405860903e+26, lastss = 2.244521982181e+24
tol = 3.348917668201e-12
failed to integrate at x = (4.404095e+01,7.042104e+00,8.160316e-01)
solvde convergence failed when x = (4.404095e+01,7.042104e+00,8.160316e-01).
Retrying using a constant y value
ss=-1.442067269715e+01, lastss = -1.442067037615e+01
tol = 3.348917668201e-12
failed to integrate at x = (4.404095e+01,7.042104e+00,8.160316e-01)
interpolating at R = 4.404095e+01, eta = 7.042104e+00, delta = 8.160316e-01...
done interpolating.
minimum found at:
    iteration	            R	          eta	        delta	            E	         dEdR	       dEdeta	     dEddelta	    grad norm
           38	 4.656838e+01	 7.063773e+00	 8.160623e-01	 3.304447e-01	 3.330933e-10	-8.665907e-08	-6.787139e-07	 6.842240e-07
success!


parameter values for minimization:
K33 = 2.000000e+01
k24 = -1.200000e-01
Lambda = 1.000000e+01
d0 = 1.000000e+00
omega = 1.000000e+00
gamma_s = 2.700000e-01
initial guesses for R, eta, and delta:
guess for R = 4.656838e+01
guess for eta = 7.063773e+00
guess for delta = 8.160623e-01
estimated ranges of R, eta, and delta:
upper bound estimate of R = 6.985257e+01
lower bound estimate of R = 3.492629e+01
upper bound estimate of eta = 7.093773e+00
lower bound estimate of eta = 7.033773e+00
upper bound estimate of delta = 8.180000e-01
lower bound estimate of delta = 8.110623e-01
ss=6.896596958438e+24, lastss = 1.206381422530e+25
tol = 3.739136862367e-12
failed to integrate at x = (4.656838e+01,7.063773e+00,8.160623e-01)
solvde convergence failed when x = (4.656838e+01,7.063773e+00,8.160623e-01).
Retrying using a constant y value
ss=1.528623459054e+29, lastss = 3.056217471656e+29
tol = 3.739078629760e-12
failed to integrate at x = (4.656838e+01,7.063773e+00,8.160623e-01)
interpolating at R = 4.656838e+01, eta = 7.063773e+00, delta = 8.160623e-01...
done interpolating.
ss=1.338218447391e+28, lastss = 6.282365482234e+28
tol = 3.739054389149e-12
failed to integrate at x = (4.656838e+01,7.063773e+00,8.160623e-01)
solvde convergence failed when x = (4.656838e+01,7.063773e+00,8.160623e-01).
Retrying using a constant y value
ss=7.381188795294e+46, lastss = 4.528884970833e+29
tol = 3.739202624679e-12
failed to integrate at x = (4.656838e+01,7.063773e+00,8.160623e-01)
interpolating at R = 4.656838e+01, eta = 7.063773e+00, delta = 8.160623e-01...
done interpolating.
ss=8.255472034364e+35, lastss = 1.663451840083e+36
tol = 3.739201958541e-12
failed to integrate at x = (4.656838e+01,7.063773e+00,8.160623e-01)
solvde convergence failed when x = (4.656838e+01,7.063773e+00,8.160623e-01).
Retrying using a constant y value
ss=4.256827167564e+35, lastss = 2.534293229981e+36
tol = 3.739213343879e-12
failed to integrate at x = (4.656838e+01,7.063773e+00,8.160623e-01)
interpolating at R = 4.656838e+01, eta = 7.063773e+00, delta = 8.160623e-01...
done interpolating.
ss=1.028518734652e+32, lastss = 5.954842155793e+32
tol = 3.739213343927e-12
failed to integrate at x = (4.656838e+01,7.063773e+00,8.160623e-01)
solvde convergence failed when x = (4.656838e+01,7.063773e+00,8.160623e-01).
Retrying using a constant y value
likely a maximizing (vs minimizing) solution for psi(r), as y[1][2]=-1.361448e-03  which usually means high energy.
Retrying with a linear guess and a final twist angle value of pi/4.
likely a maximizing (vs minimizing) solution for psi(r), as y[1][2]=-8.062179e-03  which usually means high energy.
Retrying with a sqrt(r) guess and a final twist angle value of pi/2.01.
ss=7.479459884622e+24, lastss = 2.447292303531e+19
tol = 3.739136863410e-12
failed to integrate at x = (4.656838e+01,7.063773e+00,8.160623e-01)
failed calculation!
failed calculation!
failed calculation!
failed calculation!
failed calculation!
abserr is 1.332268e+290, but the convergence criterion CONV_min*(1+p->Escale) is 1.000000e-08!
failed calculation!
failed calculation!
failed calculation!
failed calculation!
abserr is 1.332268e+290, but the convergence criterion CONV_min*(1+p->Escale) is 1.000000e-08!
failed calculation!
failed calculation!
failed calculation!
failed calculation!
abserr is 1.332268e+290, but the convergence criterion CONV_min*(1+p->Escale) is 1.000000e-08!
error: iteration is not making progress towards solution
unclear why the calculation failed.


parameter values for minimization:
K33 = 2.000000e+01
k24 = -1.200000e-01
Lambda = 1.000000e+01
d0 = 1.000000e+00
omega = 1.000000e+00
gamma_s = 2.700000e-01
initial guesses for R, eta, and delta:
guess for R = 1.000000e+00
guess for eta = 7.063773e+00
guess for delta = 8.100000e-01
estimated ranges of R, eta, and delta:
upper bound estimate of R = 1.500000e+00
lower bound estimate of R = 7.500000e-01
upper bound estimate of eta = 7.093773e+00
lower bound estimate of eta = 7.033773e+00
upper bound estimate of delta = 8.160000e-01
lower bound estimate of delta = 8.000000e-01
likely a maximizing (vs minimizing) solution for psi(r), as y[1][2]=-1.415937e-03  which usually means high energy.
solvde convergence failed when x = (3.754777e+00,7.042287e+00,8.096952e-01).
Retrying using a constant y value
ss=1.595582806754e+18, lastss = 3.210983927085e+18
tol = 1.177989702648e-12
failed to integrate at x = (2.579336e+01,6.870396e+00,8.072570e-01)
solvde convergence failed when x = (2.579336e+01,6.870396e+00,8.072570e-01).
Retrying using a constant y value
ss=-1.669116888828e+01, lastss = -1.669116741045e+01
tol = 6.121934989463e-12
failed to integrate at x = (5.965160e+01,6.585541e+00,8.570912e-01)
interpolating at R = 5.965160e+01, eta = 6.585541e+00, delta = 8.570912e-01...
done interpolating.
the initial guesses were not good, did not successfully find a minimum.
RETRYING!
the initial guesses were not good, did not successfully find a minimum.


parameter values for minimization:
K33 = 2.000000e+01
k24 = -1.200000e-01
Lambda = 1.000000e+01
d0 = 1.000000e+00
omega = 1.000000e+00
gamma_s = 2.700000e-01
initial guesses for R, eta, and delta:
guess for R = 1.000000e+00
guess for eta = 7.063773e+00
guess for delta = 0.000000e+00
estimated ranges of R, eta, and delta:
upper bound estimate of R = 1.500000e+00
lower bound estimate of R = 7.500000e-01
upper bound estimate of eta = 7.093773e+00
lower bound estimate of eta = 7.033773e+00
upper bound estimate of delta = 2.000000e-03
lower bound estimate of delta = -5.000000e-03
ss=-5.996814813795e+01, lastss = -5.996916864151e+01
tol = 1.745452439162e-12
failed to integrate at x = (2.591125e+01,7.063773e+00,-3.322466e-12)
interpolating at R = 2.591125e+01, eta = 7.063773e+00, delta = -3.322466e-12...
done interpolating.
ss=-6.001998784063e+01, lastss = -6.001789777247e+01
tol = 1.745433425352e-12
failed to integrate at x = (2.591125e+01,7.063773e+00,-3.322466e-12)
interpolating at R = 2.591125e+01, eta = 7.063773e+00, delta = -3.322466e-12...
done interpolating.
ss=-6.002105450156e+01, lastss = -6.002109009565e+01
tol = 1.745432917242e-12
failed to integrate at x = (2.591125e+01,7.063773e+00,-3.322466e-12)
interpolating at R = 2.591125e+01, eta = 7.063773e+00, delta = -3.322466e-12...
done interpolating.
ss=-5.988061125638e+01, lastss = -6.002180379078e+01
tol = 1.745432647778e-12
failed to integrate at x = (2.591125e+01,7.063773e+00,-3.322466e-12)
failed calculation!
failed calculation!
failed calculation!
failed calculation!
failed calculation!
failed calculation!
failed calculation!
failed calculation!
failed calculation!
failed calculation!
failed calculation!
failed calculation!
failed calculation!
failed calculation!
failed calculation!
failed calculation!
failed calculation!
failed calculation!
failed calculation!
failed calculation!
failed calculation!
failed calculation!
failed calculation!
failed calculation!
failed calculation!
minimum found at:
    iteration	            R	          eta	        delta	            E	         dEdR	       dEdeta	     dEddelta	    grad norm
            1	 3.767875e+00	 7.063773e+00	-3.691574e-13	1.000000e+300	 0.000000e+00	 0.000000e+00	 0.000000e+00	 0.000000e+00
success!
Trying again with Rguess = 1.0
Last guess for Ri was 1.0, setting delta = 0.0
Took 0.37859527541531457 hours to complete.
