Restoring modules from user's standard_modules


parameter values for minimization:
K33 = 2.000000e+01
k24 = 4.600000e-01
Lambda = 1.000000e-01
d0 = 1.000000e+00
omega = 1.000000e+00
gamma_s = 1.000000e-02
initial guesses for R, eta, and delta:
guess for R = 5.000000e-01
guess for eta = 6.300000e+00
guess for delta = 8.100000e-01
estimated ranges of R, eta, and delta:
upper bound estimate of R = 2.000000e+00
lower bound estimate of R = 1.000000e-01
upper bound estimate of eta = 6.430000e+00
lower bound estimate of eta = 6.290000e+00
upper bound estimate of delta = 8.160000e-01
lower bound estimate of delta = 8.000000e-01
x[1] = -2.781947e-01, x[2] = 6.302609e+00, x[3] = 8.099927e-01
something is too big or less than zero, so returning failed calculation.
the initial guesses were not good, did not successfully find a minimum.
RETRYING!
minimum found at:
    iteration	            R	          eta	        delta	            E	         dEdR	       dEdeta	     dEddelta	    grad norm
           17	 7.379260e-02	 6.302285e+00	 8.160724e-01	-1.047151e+00	-3.015513e-07	 1.393947e-08	 2.686740e-06	 2.703645e-06
success!


parameter values for minimization:
K33 = 2.000000e+01
k24 = 4.600000e-01
Lambda = 1.000000e-01
d0 = 1.000000e+00
omega = 1.000000e+00
gamma_s = 1.393939e-02
initial guesses for R, eta, and delta:
guess for R = 7.379260e-02
guess for eta = 6.302285e+00
guess for delta = 8.160724e-01
estimated ranges of R, eta, and delta:
upper bound estimate of R = 1.106889e-01
lower bound estimate of R = 5.534445e-02
upper bound estimate of eta = 6.332285e+00
lower bound estimate of eta = 6.272285e+00
upper bound estimate of delta = 8.180000e-01
lower bound estimate of delta = 8.110724e-01
minimum found at:
    iteration	            R	          eta	        delta	            E	         dEdR	       dEdeta	     dEddelta	    grad norm
           18	 8.867853e-02	 6.307899e+00	 8.157675e-01	-9.499758e-01	-3.541301e-07	 2.734012e-07	-2.591385e-07	 5.170195e-07
success!


parameter values for minimization:
K33 = 2.000000e+01
k24 = 4.600000e-01
Lambda = 1.000000e-01
d0 = 1.000000e+00
omega = 1.000000e+00
gamma_s = 1.787879e-02
initial guesses for R, eta, and delta:
guess for R = 8.867853e-02
guess for eta = 6.307899e+00
guess for delta = 8.157675e-01
estimated ranges of R, eta, and delta:
upper bound estimate of R = 1.330178e-01
lower bound estimate of R = 6.650890e-02
upper bound estimate of eta = 6.337899e+00
lower bound estimate of eta = 6.277899e+00
upper bound estimate of delta = 8.177675e-01
lower bound estimate of delta = 8.107675e-01
minimum found at:
    iteration	            R	          eta	        delta	            E	         dEdR	       dEdeta	     dEddelta	    grad norm
           26	 1.030118e-01	 6.313337e+00	 8.153871e-01	-8.676417e-01	-1.847342e-08	 9.978008e-08	-1.691768e-06	 1.694809e-06
success!


parameter values for minimization:
K33 = 2.000000e+01
k24 = 4.600000e-01
Lambda = 1.000000e-01
d0 = 1.000000e+00
omega = 1.000000e+00
gamma_s = 2.181818e-02
initial guesses for R, eta, and delta:
guess for R = 1.030118e-01
guess for eta = 6.313337e+00
guess for delta = 8.153871e-01
estimated ranges of R, eta, and delta:
upper bound estimate of R = 1.545177e-01
lower bound estimate of R = 7.725885e-02
upper bound estimate of eta = 6.343337e+00
lower bound estimate of eta = 6.283337e+00
upper bound estimate of delta = 8.173871e-01
lower bound estimate of delta = 8.103871e-01
minimum found at:
    iteration	            R	          eta	        delta	            E	         dEdR	       dEdeta	     dEddelta	    grad norm
           40	 1.171657e-01	 6.318681e+00	 8.149288e-01	-7.959787e-01	-1.511742e-07	-5.982869e-08	 1.823938e-06	 1.831170e-06
success!


parameter values for minimization:
K33 = 2.000000e+01
k24 = 4.600000e-01
Lambda = 1.000000e-01
d0 = 1.000000e+00
omega = 1.000000e+00
gamma_s = 2.575758e-02
initial guesses for R, eta, and delta:
guess for R = 1.171657e-01
guess for eta = 6.318681e+00
guess for delta = 8.149288e-01
estimated ranges of R, eta, and delta:
upper bound estimate of R = 1.757486e-01
lower bound estimate of R = 8.787428e-02
upper bound estimate of eta = 6.348681e+00
lower bound estimate of eta = 6.288681e+00
upper bound estimate of delta = 8.169288e-01
lower bound estimate of delta = 8.099288e-01
minimum found at:
    iteration	            R	          eta	        delta	            E	         dEdR	       dEdeta	     dEddelta	    grad norm
           38	 1.313357e-01	 6.323976e+00	 8.143830e-01	-7.324958e-01	 1.456305e-07	-2.832302e-07	-1.533165e-07	 3.534594e-07
success!


parameter values for minimization:
K33 = 2.000000e+01
k24 = 4.600000e-01
Lambda = 1.000000e-01
d0 = 1.000000e+00
omega = 1.000000e+00
gamma_s = 2.969697e-02
initial guesses for R, eta, and delta:
guess for R = 1.313357e-01
guess for eta = 6.323976e+00
guess for delta = 8.143830e-01
estimated ranges of R, eta, and delta:
upper bound estimate of R = 1.970035e-01
lower bound estimate of R = 9.850177e-02
upper bound estimate of eta = 6.353976e+00
lower bound estimate of eta = 6.293976e+00
upper bound estimate of delta = 8.163830e-01
lower bound estimate of delta = 8.093830e-01
minimum found at:
    iteration	            R	          eta	        delta	            E	         dEdR	       dEdeta	     dEddelta	    grad norm
           14	 1.456348e-01	 6.329245e+00	 8.137482e-01	-6.755468e-01	-3.711948e-08	 4.720915e-07	-9.008667e-07	 1.017747e-06
success!


parameter values for minimization:
K33 = 2.000000e+01
k24 = 4.600000e-01
Lambda = 1.000000e-01
d0 = 1.000000e+00
omega = 1.000000e+00
gamma_s = 3.363636e-02
initial guesses for R, eta, and delta:
guess for R = 1.456348e-01
guess for eta = 6.329245e+00
guess for delta = 8.137482e-01
estimated ranges of R, eta, and delta:
upper bound estimate of R = 2.184522e-01
lower bound estimate of R = 1.092261e-01
upper bound estimate of eta = 6.359245e+00
lower bound estimate of eta = 6.299245e+00
upper bound estimate of delta = 8.157482e-01
lower bound estimate of delta = 8.087482e-01
minimum found at:
    iteration	            R	          eta	        delta	            E	         dEdR	       dEdeta	     dEddelta	    grad norm
           19	 1.601311e-01	 6.334500e+00	 8.130194e-01	-6.239671e-01	-5.617552e-08	 1.664101e-07	-1.329196e-06	 1.340750e-06
success!


parameter values for minimization:
K33 = 2.000000e+01
k24 = 4.600000e-01
Lambda = 1.000000e-01
d0 = 1.000000e+00
omega = 1.000000e+00
gamma_s = 3.757576e-02
initial guesses for R, eta, and delta:
guess for R = 1.601311e-01
guess for eta = 6.334500e+00
guess for delta = 8.130194e-01
estimated ranges of R, eta, and delta:
upper bound estimate of R = 2.401967e-01
lower bound estimate of R = 1.200983e-01
upper bound estimate of eta = 6.364500e+00
lower bound estimate of eta = 6.304500e+00
upper bound estimate of delta = 8.150194e-01
lower bound estimate of delta = 8.080194e-01
minimum found at:
    iteration	            R	          eta	        delta	            E	         dEdR	       dEdeta	     dEddelta	    grad norm
           50	 1.748657e-01	 6.339747e+00	 8.121930e-01	-5.768928e-01	 8.406136e-08	 1.558630e-07	-1.739349e-07	 2.482195e-07
success!


parameter values for minimization:
K33 = 2.000000e+01
k24 = 4.600000e-01
Lambda = 1.000000e-01
d0 = 1.000000e+00
omega = 1.000000e+00
gamma_s = 4.151515e-02
initial guesses for R, eta, and delta:
guess for R = 1.748657e-01
guess for eta = 6.339747e+00
guess for delta = 8.121930e-01
estimated ranges of R, eta, and delta:
upper bound estimate of R = 2.622986e-01
lower bound estimate of R = 1.311493e-01
upper bound estimate of eta = 6.369747e+00
lower bound estimate of eta = 6.309747e+00
upper bound estimate of delta = 8.141930e-01
lower bound estimate of delta = 8.071930e-01
minimum found at:
    iteration	            R	          eta	        delta	            E	         dEdR	       dEdeta	     dEddelta	    grad norm
           19	 1.898610e-01	 6.344986e+00	 8.112627e-01	-5.336594e-01	-6.340539e-08	-1.931788e-07	-3.034610e-06	 3.041413e-06
success!


parameter values for minimization:
K33 = 2.000000e+01
k24 = 4.600000e-01
Lambda = 1.000000e-01
d0 = 1.000000e+00
omega = 1.000000e+00
gamma_s = 4.545455e-02
initial guesses for R, eta, and delta:
guess for R = 1.898610e-01
guess for eta = 6.344986e+00
guess for delta = 8.112627e-01
estimated ranges of R, eta, and delta:
upper bound estimate of R = 2.847915e-01
lower bound estimate of R = 1.423957e-01
upper bound estimate of eta = 6.374986e+00
lower bound estimate of eta = 6.314986e+00
upper bound estimate of delta = 8.132627e-01
lower bound estimate of delta = 8.062627e-01
minimum found at:
    iteration	            R	          eta	        delta	            E	         dEdR	       dEdeta	     dEddelta	    grad norm
           29	 2.051266e-01	 6.350212e+00	 8.102313e-01	-4.937411e-01	 9.823896e-09	 1.036208e-07	 1.342854e-06	 1.346882e-06
success!


parameter values for minimization:
K33 = 2.000000e+01
k24 = 4.600000e-01
Lambda = 1.000000e-01
d0 = 1.000000e+00
omega = 1.000000e+00
gamma_s = 4.939394e-02
initial guesses for R, eta, and delta:
guess for R = 2.051266e-01
guess for eta = 6.350212e+00
guess for delta = 8.102313e-01
estimated ranges of R, eta, and delta:
upper bound estimate of R = 3.076899e-01
lower bound estimate of R = 1.538449e-01
upper bound estimate of eta = 6.380212e+00
lower bound estimate of eta = 6.320212e+00
upper bound estimate of delta = 8.122313e-01
lower bound estimate of delta = 8.052313e-01
minimum found at:
    iteration	            R	          eta	        delta	            E	         dEdR	       dEdeta	     dEddelta	    grad norm
           30	 2.206629e-01	 6.355421e+00	 8.090903e-01	-4.567128e-01	-1.046874e-07	 3.015489e-07	-3.695457e-07	 4.883188e-07
success!


parameter values for minimization:
K33 = 2.000000e+01
k24 = 4.600000e-01
Lambda = 1.000000e-01
d0 = 1.000000e+00
omega = 1.000000e+00
gamma_s = 5.333333e-02
initial guesses for R, eta, and delta:
guess for R = 2.206629e-01
guess for eta = 6.355421e+00
guess for delta = 8.090903e-01
estimated ranges of R, eta, and delta:
upper bound estimate of R = 3.309943e-01
lower bound estimate of R = 1.654972e-01
upper bound estimate of eta = 6.385421e+00
lower bound estimate of eta = 6.325421e+00
upper bound estimate of delta = 8.110903e-01
lower bound estimate of delta = 8.040903e-01
minimum found at:
    iteration	            R	          eta	        delta	            E	         dEdR	       dEdeta	     dEddelta	    grad norm
           26	 2.364629e-01	 6.360602e+00	 8.078421e-01	-4.222249e-01	-5.673079e-08	-5.351731e-08	-1.897076e-06	 1.898678e-06
success!


parameter values for minimization:
K33 = 2.000000e+01
k24 = 4.600000e-01
Lambda = 1.000000e-01
d0 = 1.000000e+00
omega = 1.000000e+00
gamma_s = 5.727273e-02
initial guesses for R, eta, and delta:
guess for R = 2.364629e-01
guess for eta = 6.360602e+00
guess for delta = 8.078421e-01
estimated ranges of R, eta, and delta:
upper bound estimate of R = 3.546943e-01
lower bound estimate of R = 1.773472e-01
upper bound estimate of eta = 6.390602e+00
lower bound estimate of eta = 6.330602e+00
upper bound estimate of delta = 8.098421e-01
lower bound estimate of delta = 8.028421e-01
minimum found at:
    iteration	            R	          eta	        delta	            E	         dEdR	       dEdeta	     dEddelta	    grad norm
           37	 2.525145e-01	 6.365748e+00	 8.064895e-01	-3.899851e-01	-1.109719e-07	 8.524046e-08	 1.193490e-06	 1.201665e-06
success!


parameter values for minimization:
K33 = 2.000000e+01
k24 = 4.600000e-01
Lambda = 1.000000e-01
d0 = 1.000000e+00
omega = 1.000000e+00
gamma_s = 6.121212e-02
initial guesses for R, eta, and delta:
guess for R = 2.525145e-01
guess for eta = 6.365748e+00
guess for delta = 8.064895e-01
estimated ranges of R, eta, and delta:
upper bound estimate of R = 3.787717e-01
lower bound estimate of R = 1.893859e-01
upper bound estimate of eta = 6.395748e+00
lower bound estimate of eta = 6.335748e+00
upper bound estimate of delta = 8.084895e-01
lower bound estimate of delta = 8.014895e-01
minimum found at:
    iteration	            R	          eta	        delta	            E	         dEdR	       dEdeta	     dEddelta	    grad norm
           45	 2.688022e-01	 6.370848e+00	 8.050288e-01	-3.597465e-01	-1.254517e-08	 1.644055e-07	-1.205385e-06	 1.216610e-06
success!


parameter values for minimization:
K33 = 2.000000e+01
k24 = 4.600000e-01
Lambda = 1.000000e-01
d0 = 1.000000e+00
omega = 1.000000e+00
gamma_s = 6.515152e-02
initial guesses for R, eta, and delta:
guess for R = 2.688022e-01
guess for eta = 6.370848e+00
guess for delta = 8.050288e-01
estimated ranges of R, eta, and delta:
upper bound estimate of R = 4.032033e-01
lower bound estimate of R = 2.016016e-01
upper bound estimate of eta = 6.400848e+00
lower bound estimate of eta = 6.340848e+00
upper bound estimate of delta = 8.070288e-01
lower bound estimate of delta = 8.000288e-01
minimum found at:
    iteration	            R	          eta	        delta	            E	         dEdR	       dEdeta	     dEddelta	    grad norm
           48	 2.853077e-01	 6.375892e+00	 8.034683e-01	-3.312987e-01	-9.501434e-08	 1.207676e-07	 1.922272e-06	 1.928404e-06
success!


parameter values for minimization:
K33 = 2.000000e+01
k24 = 4.600000e-01
Lambda = 1.000000e-01
d0 = 1.000000e+00
omega = 1.000000e+00
gamma_s = 6.909091e-02
initial guesses for R, eta, and delta:
guess for R = 2.853077e-01
guess for eta = 6.375892e+00
guess for delta = 8.034683e-01
estimated ranges of R, eta, and delta:
upper bound estimate of R = 4.279616e-01
lower bound estimate of R = 2.139808e-01
upper bound estimate of eta = 6.405892e+00
lower bound estimate of eta = 6.345892e+00
upper bound estimate of delta = 8.054683e-01
lower bound estimate of delta = 7.984683e-01
minimum found at:
    iteration	            R	          eta	        delta	            E	         dEdR	       dEdeta	     dEddelta	    grad norm
           42	 3.020124e-01	 6.380871e+00	 8.018073e-01	-3.044604e-01	-5.328512e-08	-9.529414e-08	 1.330153e-06	 1.334626e-06
success!


parameter values for minimization:
K33 = 2.000000e+01
k24 = 4.600000e-01
Lambda = 1.000000e-01
d0 = 1.000000e+00
omega = 1.000000e+00
gamma_s = 7.303030e-02
initial guesses for R, eta, and delta:
guess for R = 3.020124e-01
guess for eta = 6.380871e+00
guess for delta = 8.018073e-01
estimated ranges of R, eta, and delta:
upper bound estimate of R = 4.530186e-01
lower bound estimate of R = 2.265093e-01
upper bound estimate of eta = 6.410871e+00
lower bound estimate of eta = 6.350871e+00
upper bound estimate of delta = 8.038073e-01
lower bound estimate of delta = 7.968073e-01
minimum found at:
    iteration	            R	          eta	        delta	            E	         dEdR	       dEdeta	     dEddelta	    grad norm
           81	 3.188973e-01	 6.385775e+00	 8.000519e-01	-2.790748e-01	 7.915835e-09	-1.645597e-07	 4.493760e-09	 1.648113e-07
success!


parameter values for minimization:
K33 = 2.000000e+01
k24 = 4.600000e-01
Lambda = 1.000000e-01
d0 = 1.000000e+00
omega = 1.000000e+00
gamma_s = 7.696970e-02
initial guesses for R, eta, and delta:
guess for R = 3.188973e-01
guess for eta = 6.385775e+00
guess for delta = 8.000519e-01
estimated ranges of R, eta, and delta:
upper bound estimate of R = 4.783460e-01
lower bound estimate of R = 2.391730e-01
upper bound estimate of eta = 6.415775e+00
lower bound estimate of eta = 6.355775e+00
upper bound estimate of delta = 8.020519e-01
lower bound estimate of delta = 7.950519e-01
minimum found at:
    iteration	            R	          eta	        delta	            E	         dEdR	       dEdeta	     dEddelta	    grad norm
           79	 3.359441e-01	 6.390596e+00	 7.982089e-01	-2.550052e-01	 2.650539e-08	 3.130766e-07	 2.889223e-07	 4.268437e-07
success!


parameter values for minimization:
K33 = 2.000000e+01
k24 = 4.600000e-01
Lambda = 1.000000e-01
d0 = 1.000000e+00
omega = 1.000000e+00
gamma_s = 8.090909e-02
initial guesses for R, eta, and delta:
guess for R = 3.359441e-01
guess for eta = 6.390596e+00
guess for delta = 7.982089e-01
estimated ranges of R, eta, and delta:
upper bound estimate of R = 5.039162e-01
lower bound estimate of R = 2.519581e-01
upper bound estimate of eta = 6.420596e+00
lower bound estimate of eta = 6.360596e+00
upper bound estimate of delta = 8.002089e-01
lower bound estimate of delta = 7.932089e-01
minimum found at:
    iteration	            R	          eta	        delta	            E	         dEdR	       dEdeta	     dEddelta	    grad norm
           20	 3.531363e-01	 6.395326e+00	 7.962836e-01	-2.321321e-01	-6.168932e-09	-2.135590e-07	 2.468925e-07	 3.264987e-07
success!


parameter values for minimization:
K33 = 2.000000e+01
k24 = 4.600000e-01
Lambda = 1.000000e-01
d0 = 1.000000e+00
omega = 1.000000e+00
gamma_s = 8.484848e-02
initial guesses for R, eta, and delta:
guess for R = 3.531363e-01
guess for eta = 6.395326e+00
guess for delta = 7.962836e-01
estimated ranges of R, eta, and delta:
upper bound estimate of R = 5.297044e-01
lower bound estimate of R = 2.648522e-01
upper bound estimate of eta = 6.425326e+00
lower bound estimate of eta = 6.365326e+00
upper bound estimate of delta = 7.982836e-01
lower bound estimate of delta = 7.912836e-01
minimum found at:
    iteration	            R	          eta	        delta	            E	         dEdR	       dEdeta	     dEddelta	    grad norm
           11	 3.704592e-01	 6.399959e+00	 7.942839e-01	-2.103506e-01	 2.051570e-09	 2.795295e-07	 1.929145e-06	 1.949292e-06
success!


parameter values for minimization:
K33 = 2.000000e+01
k24 = 4.600000e-01
Lambda = 1.000000e-01
d0 = 1.000000e+00
omega = 1.000000e+00
gamma_s = 8.878788e-02
initial guesses for R, eta, and delta:
guess for R = 3.704592e-01
guess for eta = 6.399959e+00
guess for delta = 7.942839e-01
estimated ranges of R, eta, and delta:
upper bound estimate of R = 5.556888e-01
lower bound estimate of R = 2.778444e-01
upper bound estimate of eta = 6.429959e+00
lower bound estimate of eta = 6.369959e+00
upper bound estimate of delta = 7.962839e-01
lower bound estimate of delta = 7.892839e-01
minimum found at:
    iteration	            R	          eta	        delta	            E	         dEdR	       dEdeta	     dEddelta	    grad norm
           10	 3.879007e-01	 6.404490e+00	 7.922149e-01	-1.895679e-01	-1.994592e-08	 1.625552e-07	 2.077174e-06	 2.083621e-06
success!


parameter values for minimization:
K33 = 2.000000e+01
k24 = 4.600000e-01
Lambda = 1.000000e-01
d0 = 1.000000e+00
omega = 1.000000e+00
gamma_s = 9.272727e-02
initial guesses for R, eta, and delta:
guess for R = 3.879007e-01
guess for eta = 6.404490e+00
guess for delta = 7.922149e-01
estimated ranges of R, eta, and delta:
upper bound estimate of R = 5.818511e-01
lower bound estimate of R = 2.909255e-01
upper bound estimate of eta = 6.434490e+00
lower bound estimate of eta = 6.374490e+00
upper bound estimate of delta = 7.942149e-01
lower bound estimate of delta = 7.872149e-01
minimum found at:
    iteration	            R	          eta	        delta	            E	         dEdR	       dEdeta	     dEddelta	    grad norm
           20	 4.054511e-01	 6.408915e+00	 7.900842e-01	-1.697022e-01	 2.191014e-09	 6.282012e-08	 1.074537e-06	 1.076374e-06
success!


parameter values for minimization:
K33 = 2.000000e+01
k24 = 4.600000e-01
Lambda = 1.000000e-01
d0 = 1.000000e+00
omega = 1.000000e+00
gamma_s = 9.666667e-02
initial guesses for R, eta, and delta:
guess for R = 4.054511e-01
guess for eta = 6.408915e+00
guess for delta = 7.900842e-01
estimated ranges of R, eta, and delta:
upper bound estimate of R = 6.081766e-01
lower bound estimate of R = 3.040883e-01
upper bound estimate of eta = 6.438915e+00
lower bound estimate of eta = 6.378915e+00
upper bound estimate of delta = 7.920842e-01
lower bound estimate of delta = 7.850842e-01
minimum found at:
    iteration	            R	          eta	        delta	            E	         dEdR	       dEdeta	     dEddelta	    grad norm
           22	 4.231034e-01	 6.413232e+00	 7.878994e-01	-1.506808e-01	 1.600350e-09	-5.057683e-09	-5.080855e-08	 5.108473e-08
success!


parameter values for minimization:
K33 = 2.000000e+01
k24 = 4.600000e-01
Lambda = 1.000000e-01
d0 = 1.000000e+00
omega = 1.000000e+00
gamma_s = 1.006061e-01
initial guesses for R, eta, and delta:
guess for R = 4.231034e-01
guess for eta = 6.413232e+00
guess for delta = 7.878994e-01
estimated ranges of R, eta, and delta:
upper bound estimate of R = 6.346551e-01
lower bound estimate of R = 3.173276e-01
upper bound estimate of eta = 6.443232e+00
lower bound estimate of eta = 6.383232e+00
upper bound estimate of delta = 7.898994e-01
lower bound estimate of delta = 7.828994e-01
minimum found at:
    iteration	            R	          eta	        delta	            E	         dEdR	       dEdeta	     dEddelta	    grad norm
           67	 4.408530e-01	 6.417437e+00	 7.856677e-01	-1.324390e-01	-6.147150e-09	-5.713440e-08	-1.527878e-06	 1.528959e-06
success!


parameter values for minimization:
K33 = 2.000000e+01
k24 = 4.600000e-01
Lambda = 1.000000e-01
d0 = 1.000000e+00
omega = 1.000000e+00
gamma_s = 1.045455e-01
initial guesses for R, eta, and delta:
guess for R = 4.408530e-01
guess for eta = 6.417437e+00
guess for delta = 7.856677e-01
estimated ranges of R, eta, and delta:
upper bound estimate of R = 6.612795e-01
lower bound estimate of R = 3.306398e-01
upper bound estimate of eta = 6.447437e+00
lower bound estimate of eta = 6.387437e+00
upper bound estimate of delta = 7.876677e-01
lower bound estimate of delta = 7.806677e-01
minimum found at:
    iteration	            R	          eta	        delta	            E	         dEdR	       dEdeta	     dEddelta	    grad norm
           87	 4.586980e-01	 6.421531e+00	 7.833980e-01	-1.149193e-01	 5.303090e-08	-2.222605e-07	 1.091719e-07	 2.532400e-07
success!


parameter values for minimization:
K33 = 2.000000e+01
k24 = 4.600000e-01
Lambda = 1.000000e-01
d0 = 1.000000e+00
omega = 1.000000e+00
gamma_s = 1.084848e-01
initial guesses for R, eta, and delta:
guess for R = 4.586980e-01
guess for eta = 6.421531e+00
guess for delta = 7.833980e-01
estimated ranges of R, eta, and delta:
upper bound estimate of R = 6.880470e-01
lower bound estimate of R = 3.440235e-01
upper bound estimate of eta = 6.451531e+00
lower bound estimate of eta = 6.391531e+00
upper bound estimate of delta = 7.853980e-01
lower bound estimate of delta = 7.783980e-01
minimum found at:
    iteration	            R	          eta	        delta	            E	         dEdR	       dEdeta	     dEddelta	    grad norm
           32	 4.766390e-01	 6.425513e+00	 7.810945e-01	-9.806995e-02	 9.315770e-09	-2.397773e-07	 1.929673e-07	 3.079226e-07
success!


parameter values for minimization:
K33 = 2.000000e+01
k24 = 4.600000e-01
Lambda = 1.000000e-01
d0 = 1.000000e+00
omega = 1.000000e+00
gamma_s = 1.124242e-01
initial guesses for R, eta, and delta:
guess for R = 4.766390e-01
guess for eta = 6.425513e+00
guess for delta = 7.810945e-01
estimated ranges of R, eta, and delta:
upper bound estimate of R = 7.149585e-01
lower bound estimate of R = 3.574792e-01
upper bound estimate of eta = 6.455513e+00
lower bound estimate of eta = 6.395513e+00
upper bound estimate of delta = 7.830945e-01
lower bound estimate of delta = 7.760945e-01
minimum found at:
    iteration	            R	          eta	        delta	            E	         dEdR	       dEdeta	     dEddelta	    grad norm
           32	 4.946786e-01	 6.429384e+00	 7.787642e-01	-8.184492e-02	 3.607787e-09	 6.676758e-09	-7.669791e-07	 7.670166e-07
success!


parameter values for minimization:
K33 = 2.000000e+01
k24 = 4.600000e-01
Lambda = 1.000000e-01
d0 = 1.000000e+00
omega = 1.000000e+00
gamma_s = 1.163636e-01
initial guesses for R, eta, and delta:
guess for R = 4.946786e-01
guess for eta = 6.429384e+00
guess for delta = 7.787642e-01
estimated ranges of R, eta, and delta:
upper bound estimate of R = 7.420179e-01
lower bound estimate of R = 3.710090e-01
upper bound estimate of eta = 6.459384e+00
lower bound estimate of eta = 6.399384e+00
upper bound estimate of delta = 7.807642e-01
lower bound estimate of delta = 7.737642e-01
minimum found at:
    iteration	            R	          eta	        delta	            E	         dEdR	       dEdeta	     dEddelta	    grad norm
           60	 5.128212e-01	 6.433144e+00	 7.764141e-01	-6.620267e-02	-4.044785e-09	 2.990972e-07	-1.086697e-06	 1.127114e-06
success!


parameter values for minimization:
K33 = 2.000000e+01
k24 = 4.600000e-01
Lambda = 1.000000e-01
d0 = 1.000000e+00
omega = 1.000000e+00
gamma_s = 1.203030e-01
initial guesses for R, eta, and delta:
guess for R = 5.128212e-01
guess for eta = 6.433144e+00
guess for delta = 7.764141e-01
estimated ranges of R, eta, and delta:
upper bound estimate of R = 7.692318e-01
lower bound estimate of R = 3.846159e-01
upper bound estimate of eta = 6.463144e+00
lower bound estimate of eta = 6.403144e+00
upper bound estimate of delta = 7.784141e-01
lower bound estimate of delta = 7.714141e-01
minimum found at:
    iteration	            R	          eta	        delta	            E	         dEdR	       dEdeta	     dEddelta	    grad norm
           46	 5.310733e-01	 6.436796e+00	 7.740508e-01	-5.110587e-02	-1.311708e-08	 1.984145e-07	-1.365310e-07	 2.412075e-07
success!


parameter values for minimization:
K33 = 2.000000e+01
k24 = 4.600000e-01
Lambda = 1.000000e-01
d0 = 1.000000e+00
omega = 1.000000e+00
gamma_s = 1.242424e-01
initial guesses for R, eta, and delta:
guess for R = 5.310733e-01
guess for eta = 6.436796e+00
guess for delta = 7.740508e-01
estimated ranges of R, eta, and delta:
upper bound estimate of R = 7.966099e-01
lower bound estimate of R = 3.983050e-01
upper bound estimate of eta = 6.466796e+00
lower bound estimate of eta = 6.406796e+00
upper bound estimate of delta = 7.760508e-01
lower bound estimate of delta = 7.690508e-01
minimum found at:
    iteration	            R	          eta	        delta	            E	         dEdR	       dEdeta	     dEddelta	    grad norm
           40	 5.494431e-01	 6.440339e+00	 7.716787e-01	-3.652081e-02	-1.667544e-08	-5.381498e-09	 9.384028e-08	 9.546218e-08
success!


parameter values for minimization:
K33 = 2.000000e+01
k24 = 4.600000e-01
Lambda = 1.000000e-01
d0 = 1.000000e+00
omega = 1.000000e+00
gamma_s = 1.281818e-01
initial guesses for R, eta, and delta:
guess for R = 5.494431e-01
guess for eta = 6.440339e+00
guess for delta = 7.716787e-01
estimated ranges of R, eta, and delta:
upper bound estimate of R = 8.241646e-01
lower bound estimate of R = 4.120823e-01
upper bound estimate of eta = 6.470339e+00
lower bound estimate of eta = 6.410339e+00
upper bound estimate of delta = 7.736787e-01
lower bound estimate of delta = 7.666787e-01
minimum found at:
    iteration	            R	          eta	        delta	            E	         dEdR	       dEdeta	     dEddelta	    grad norm
           51	 5.679402e-01	 6.443778e+00	 7.693038e-01	-2.241704e-02	-9.281442e-09	-1.030811e-07	 3.840843e-07	 3.977846e-07
success!


parameter values for minimization:
K33 = 2.000000e+01
k24 = 4.600000e-01
Lambda = 1.000000e-01
d0 = 1.000000e+00
omega = 1.000000e+00
gamma_s = 1.321212e-01
initial guesses for R, eta, and delta:
guess for R = 5.679402e-01
guess for eta = 6.443778e+00
guess for delta = 7.693038e-01
estimated ranges of R, eta, and delta:
upper bound estimate of R = 8.519103e-01
lower bound estimate of R = 4.259552e-01
upper bound estimate of eta = 6.473778e+00
lower bound estimate of eta = 6.413778e+00
upper bound estimate of delta = 7.713038e-01
lower bound estimate of delta = 7.643038e-01
minimum found at:
    iteration	            R	          eta	        delta	            E	         dEdR	       dEdeta	     dEddelta	    grad norm
           68	 5.865757e-01	 6.447113e+00	 7.669314e-01	-8.766924e-03	 3.415512e-09	 5.234239e-08	 8.693443e-07	 8.709253e-07
success!


parameter values for minimization:
K33 = 2.000000e+01
k24 = 4.600000e-01
Lambda = 1.000000e-01
d0 = 1.000000e+00
omega = 1.000000e+00
gamma_s = 1.360606e-01
initial guesses for R, eta, and delta:
guess for R = 5.865757e-01
guess for eta = 6.447113e+00
guess for delta = 7.669314e-01
estimated ranges of R, eta, and delta:
upper bound estimate of R = 8.798636e-01
lower bound estimate of R = 4.399318e-01
upper bound estimate of eta = 6.477113e+00
lower bound estimate of eta = 6.417113e+00
upper bound estimate of delta = 7.689314e-01
lower bound estimate of delta = 7.619314e-01
minimum found at:
    iteration	            R	          eta	        delta	            E	         dEdR	       dEdeta	     dEddelta	    grad norm
           50	 6.053618e-01	 6.450348e+00	 7.645657e-01	 4.454596e-03	-7.617143e-09	-1.001822e-07	 3.270532e-07	 3.421378e-07
success!


parameter values for minimization:
K33 = 2.000000e+01
k24 = 4.600000e-01
Lambda = 1.000000e-01
d0 = 1.000000e+00
omega = 1.000000e+00
gamma_s = 1.400000e-01
initial guesses for R, eta, and delta:
guess for R = 6.053618e-01
guess for eta = 6.450348e+00
guess for delta = 7.645657e-01
estimated ranges of R, eta, and delta:
upper bound estimate of R = 9.080427e-01
lower bound estimate of R = 4.540213e-01
upper bound estimate of eta = 6.480348e+00
lower bound estimate of eta = 6.420348e+00
upper bound estimate of delta = 7.665657e-01
lower bound estimate of delta = 7.595657e-01
minimum found at:
    iteration	            R	          eta	        delta	            E	         dEdR	       dEdeta	     dEddelta	    grad norm
           50	 6.243123e-01	 6.453484e+00	 7.622112e-01	 1.727034e-02	 6.659507e-09	 2.737085e-07	-1.593831e-06	 1.617176e-06
success!


parameter values for minimization:
K33 = 2.000000e+01
k24 = 4.600000e-01
Lambda = 1.000000e-01
d0 = 1.000000e+00
omega = 1.000000e+00
gamma_s = 1.439394e-01
initial guesses for R, eta, and delta:
guess for R = 6.243123e-01
guess for eta = 6.453484e+00
guess for delta = 7.622112e-01
estimated ranges of R, eta, and delta:
upper bound estimate of R = 9.364685e-01
lower bound estimate of R = 4.682342e-01
upper bound estimate of eta = 6.483484e+00
lower bound estimate of eta = 6.423484e+00
upper bound estimate of delta = 7.642112e-01
lower bound estimate of delta = 7.572112e-01
minimum found at:
    iteration	            R	          eta	        delta	            E	         dEdR	       dEdeta	     dEddelta	    grad norm
           47	 6.434412e-01	 6.456524e+00	 7.598752e-01	 2.970112e-02	-1.357989e-08	 3.118416e-07	-5.121565e-07	 5.997782e-07
success!


parameter values for minimization:
K33 = 2.000000e+01
k24 = 4.600000e-01
Lambda = 1.000000e-01
d0 = 1.000000e+00
omega = 1.000000e+00
gamma_s = 1.478788e-01
initial guesses for R, eta, and delta:
guess for R = 6.434412e-01
guess for eta = 6.456524e+00
guess for delta = 7.598752e-01
estimated ranges of R, eta, and delta:
upper bound estimate of R = 9.651618e-01
lower bound estimate of R = 4.825809e-01
upper bound estimate of eta = 6.486524e+00
lower bound estimate of eta = 6.426524e+00
upper bound estimate of delta = 7.618752e-01
lower bound estimate of delta = 7.548752e-01
minimum found at:
    iteration	            R	          eta	        delta	            E	         dEdR	       dEdeta	     dEddelta	    grad norm
           47	 6.627646e-01	 6.459471e+00	 7.575611e-01	 4.176594e-02	-1.950944e-08	 1.255940e-07	 1.668044e-06	 1.672879e-06
success!


parameter values for minimization:
K33 = 2.000000e+01
k24 = 4.600000e-01
Lambda = 1.000000e-01
d0 = 1.000000e+00
omega = 1.000000e+00
gamma_s = 1.518182e-01
initial guesses for R, eta, and delta:
guess for R = 6.627646e-01
guess for eta = 6.459471e+00
guess for delta = 7.575611e-01
estimated ranges of R, eta, and delta:
upper bound estimate of R = 9.941469e-01
lower bound estimate of R = 4.970735e-01
upper bound estimate of eta = 6.489471e+00
lower bound estimate of eta = 6.429471e+00
upper bound estimate of delta = 7.595611e-01
lower bound estimate of delta = 7.525611e-01
minimum found at:
    iteration	            R	          eta	        delta	            E	         dEdR	       dEdeta	     dEddelta	    grad norm
           76	 6.822998e-01	 6.462326e+00	 7.552712e-01	 5.348218e-02	 1.211498e-08	 8.869448e-08	 1.970249e-06	 1.972282e-06
success!


parameter values for minimization:
K33 = 2.000000e+01
k24 = 4.600000e-01
Lambda = 1.000000e-01
d0 = 1.000000e+00
omega = 1.000000e+00
gamma_s = 1.557576e-01
initial guesses for R, eta, and delta:
guess for R = 6.822998e-01
guess for eta = 6.462326e+00
guess for delta = 7.552712e-01
estimated ranges of R, eta, and delta:
upper bound estimate of R = 1.023450e+00
lower bound estimate of R = 5.117249e-01
upper bound estimate of eta = 6.492326e+00
lower bound estimate of eta = 6.432326e+00
upper bound estimate of delta = 7.572712e-01
lower bound estimate of delta = 7.502712e-01
minimum found at:
    iteration	            R	          eta	        delta	            E	         dEdR	       dEdeta	     dEddelta	    grad norm
           23	 7.020650e-01	 6.465091e+00	 7.530094e-01	 6.486582e-02	 1.071316e-08	-2.090149e-08	-3.084173e-07	 3.093103e-07
success!


parameter values for minimization:
K33 = 2.000000e+01
k24 = 4.600000e-01
Lambda = 1.000000e-01
d0 = 1.000000e+00
omega = 1.000000e+00
gamma_s = 1.596970e-01
initial guesses for R, eta, and delta:
guess for R = 7.020650e-01
guess for eta = 6.465091e+00
guess for delta = 7.530094e-01
estimated ranges of R, eta, and delta:
upper bound estimate of R = 1.053098e+00
lower bound estimate of R = 5.265488e-01
upper bound estimate of eta = 6.495091e+00
lower bound estimate of eta = 6.435091e+00
upper bound estimate of delta = 7.550094e-01
lower bound estimate of delta = 7.480094e-01
minimum found at:
    iteration	            R	          eta	        delta	            E	         dEdR	       dEdeta	     dEddelta	    grad norm
           13	 7.220789e-01	 6.467770e+00	 7.507834e-01	 7.593148e-02	-3.262010e-09	 2.088144e-07	 3.119198e-07	 3.753772e-07
success!


parameter values for minimization:
K33 = 2.000000e+01
k24 = 4.600000e-01
Lambda = 1.000000e-01
d0 = 1.000000e+00
omega = 1.000000e+00
gamma_s = 1.636364e-01
initial guesses for R, eta, and delta:
guess for R = 7.220789e-01
guess for eta = 6.467770e+00
guess for delta = 7.507834e-01
estimated ranges of R, eta, and delta:
upper bound estimate of R = 1.083118e+00
lower bound estimate of R = 5.415592e-01
upper bound estimate of eta = 6.497770e+00
lower bound estimate of eta = 6.437770e+00
upper bound estimate of delta = 7.527834e-01
lower bound estimate of delta = 7.457834e-01
minimum found at:
    iteration	            R	          eta	        delta	            E	         dEdR	       dEdeta	     dEddelta	    grad norm
           34	 7.423626e-01	 6.470364e+00	 7.485942e-01	 8.669263e-02	-3.304366e-08	-4.930470e-08	-1.008254e-06	 1.010000e-06
success!


parameter values for minimization:
K33 = 2.000000e+01
k24 = 4.600000e-01
Lambda = 1.000000e-01
d0 = 1.000000e+00
omega = 1.000000e+00
gamma_s = 1.675758e-01
initial guesses for R, eta, and delta:
guess for R = 7.423626e-01
guess for eta = 6.470364e+00
guess for delta = 7.485942e-01
estimated ranges of R, eta, and delta:
upper bound estimate of R = 1.113544e+00
lower bound estimate of R = 5.567720e-01
upper bound estimate of eta = 6.500364e+00
lower bound estimate of eta = 6.440364e+00
upper bound estimate of delta = 7.505942e-01
lower bound estimate of delta = 7.435942e-01
minimum found at:
    iteration	            R	          eta	        delta	            E	         dEdR	       dEdeta	     dEddelta	    grad norm
           17	 7.629380e-01	 6.472875e+00	 7.464481e-01	 9.716170e-02	 5.324906e-09	 3.265492e-07	-8.977607e-07	 9.553204e-07
success!


parameter values for minimization:
K33 = 2.000000e+01
k24 = 4.600000e-01
Lambda = 1.000000e-01
d0 = 1.000000e+00
omega = 1.000000e+00
gamma_s = 1.715152e-01
initial guesses for R, eta, and delta:
guess for R = 7.629380e-01
guess for eta = 6.472875e+00
guess for delta = 7.464481e-01
estimated ranges of R, eta, and delta:
upper bound estimate of R = 1.144407e+00
lower bound estimate of R = 5.722035e-01
upper bound estimate of eta = 6.502875e+00
lower bound estimate of eta = 6.442875e+00
upper bound estimate of delta = 7.484481e-01
lower bound estimate of delta = 7.414481e-01
minimum found at:
    iteration	            R	          eta	        delta	            E	         dEdR	       dEdeta	     dEddelta	    grad norm
           21	 7.838284e-01	 6.475304e+00	 7.443491e-01	 1.073501e-01	 1.006348e-08	-1.581852e-07	 1.335572e-07	 2.072712e-07
success!


parameter values for minimization:
K33 = 2.000000e+01
k24 = 4.600000e-01
Lambda = 1.000000e-01
d0 = 1.000000e+00
omega = 1.000000e+00
gamma_s = 1.754545e-01
initial guesses for R, eta, and delta:
guess for R = 7.838284e-01
guess for eta = 6.475304e+00
guess for delta = 7.443491e-01
estimated ranges of R, eta, and delta:
upper bound estimate of R = 1.175743e+00
lower bound estimate of R = 5.878713e-01
upper bound estimate of eta = 6.505304e+00
lower bound estimate of eta = 6.445304e+00
upper bound estimate of delta = 7.463491e-01
lower bound estimate of delta = 7.393491e-01
minimum found at:
    iteration	            R	          eta	        delta	            E	         dEdR	       dEdeta	     dEddelta	    grad norm
           53	 8.050591e-01	 6.477654e+00	 7.423017e-01	 1.172684e-01	 9.982549e-09	-1.514221e-08	 2.495040e-06	 2.495106e-06
success!


parameter values for minimization:
K33 = 2.000000e+01
k24 = 4.600000e-01
Lambda = 1.000000e-01
d0 = 1.000000e+00
omega = 1.000000e+00
gamma_s = 1.793939e-01
initial guesses for R, eta, and delta:
guess for R = 8.050591e-01
guess for eta = 6.477654e+00
guess for delta = 7.423017e-01
estimated ranges of R, eta, and delta:
upper bound estimate of R = 1.207589e+00
lower bound estimate of R = 6.037943e-01
upper bound estimate of eta = 6.507654e+00
lower bound estimate of eta = 6.447654e+00
upper bound estimate of delta = 7.443017e-01
lower bound estimate of delta = 7.373017e-01
minimum found at:
    iteration	            R	          eta	        delta	            E	         dEdR	       dEdeta	     dEddelta	    grad norm
           10	 8.266582e-01	 6.479926e+00	 7.403067e-01	 1.269264e-01	 2.689163e-09	 2.126077e-07	 9.845299e-07	 1.007228e-06
success!


parameter values for minimization:
K33 = 2.000000e+01
k24 = 4.600000e-01
Lambda = 1.000000e-01
d0 = 1.000000e+00
omega = 1.000000e+00
gamma_s = 1.833333e-01
initial guesses for R, eta, and delta:
guess for R = 8.266582e-01
guess for eta = 6.479926e+00
guess for delta = 7.403067e-01
estimated ranges of R, eta, and delta:
upper bound estimate of R = 1.239987e+00
lower bound estimate of R = 6.199937e-01
upper bound estimate of eta = 6.509926e+00
lower bound estimate of eta = 6.449926e+00
upper bound estimate of delta = 7.423067e-01
lower bound estimate of delta = 7.353067e-01
minimum found at:
    iteration	            R	          eta	        delta	            E	         dEdR	       dEdeta	     dEddelta	    grad norm
           70	 8.486546e-01	 6.482122e+00	 7.383699e-01	 1.363331e-01	-1.396597e-08	-8.317421e-08	-2.187668e-06	 2.189293e-06
success!


parameter values for minimization:
K33 = 2.000000e+01
k24 = 4.600000e-01
Lambda = 1.000000e-01
d0 = 1.000000e+00
omega = 1.000000e+00
gamma_s = 1.872727e-01
initial guesses for R, eta, and delta:
guess for R = 8.486546e-01
guess for eta = 6.482122e+00
guess for delta = 7.383699e-01
estimated ranges of R, eta, and delta:
upper bound estimate of R = 1.272982e+00
lower bound estimate of R = 6.364909e-01
upper bound estimate of eta = 6.512122e+00
lower bound estimate of eta = 6.452122e+00
upper bound estimate of delta = 7.403699e-01
lower bound estimate of delta = 7.333699e-01
minimum found at:
    iteration	            R	          eta	        delta	            E	         dEdR	       dEdeta	     dEddelta	    grad norm
           25	 8.710792e-01	 6.484242e+00	 7.365008e-01	 1.454968e-01	 1.019245e-08	 7.231869e-09	-1.942890e-08	 2.310126e-08
success!


parameter values for minimization:
K33 = 2.000000e+01
k24 = 4.600000e-01
Lambda = 1.000000e-01
d0 = 1.000000e+00
omega = 1.000000e+00
gamma_s = 1.912121e-01
initial guesses for R, eta, and delta:
guess for R = 8.710792e-01
guess for eta = 6.484242e+00
guess for delta = 7.365008e-01
estimated ranges of R, eta, and delta:
upper bound estimate of R = 1.306619e+00
lower bound estimate of R = 6.533094e-01
upper bound estimate of eta = 6.514242e+00
lower bound estimate of eta = 6.454242e+00
upper bound estimate of delta = 7.385008e-01
lower bound estimate of delta = 7.315008e-01
minimum found at:
    iteration	            R	          eta	        delta	            E	         dEdR	       dEdeta	     dEddelta	    grad norm
           25	 8.939675e-01	 6.486289e+00	 7.346989e-01	 1.544253e-01	-7.097757e-09	 5.435467e-08	-5.934406e-08	 8.078692e-08
success!


parameter values for minimization:
K33 = 2.000000e+01
k24 = 4.600000e-01
Lambda = 1.000000e-01
d0 = 1.000000e+00
omega = 1.000000e+00
gamma_s = 1.951515e-01
initial guesses for R, eta, and delta:
guess for R = 8.939675e-01
guess for eta = 6.486289e+00
guess for delta = 7.346989e-01
estimated ranges of R, eta, and delta:
upper bound estimate of R = 1.340951e+00
lower bound estimate of R = 6.704756e-01
upper bound estimate of eta = 6.516289e+00
lower bound estimate of eta = 6.456289e+00
upper bound estimate of delta = 7.366989e-01
lower bound estimate of delta = 7.296989e-01
minimum found at:
    iteration	            R	          eta	        delta	            E	         dEdR	       dEdeta	     dEddelta	    grad norm
           30	 9.173569e-01	 6.488263e+00	 7.329717e-01	 1.631257e-01	 3.540810e-09	-1.619075e-09	 1.251512e-06	 1.251518e-06
success!


parameter values for minimization:
K33 = 2.000000e+01
k24 = 4.600000e-01
Lambda = 1.000000e-01
d0 = 1.000000e+00
omega = 1.000000e+00
gamma_s = 1.990909e-01
initial guesses for R, eta, and delta:
guess for R = 9.173569e-01
guess for eta = 6.488263e+00
guess for delta = 7.329717e-01
estimated ranges of R, eta, and delta:
upper bound estimate of R = 1.376035e+00
lower bound estimate of R = 6.880177e-01
upper bound estimate of eta = 6.518263e+00
lower bound estimate of eta = 6.458263e+00
upper bound estimate of delta = 7.349717e-01
lower bound estimate of delta = 7.279717e-01
minimum found at:
    iteration	            R	          eta	        delta	            E	         dEdR	       dEdeta	     dEddelta	    grad norm
           20	 9.412897e-01	 6.490165e+00	 7.313209e-01	 1.716045e-01	-2.247014e-09	 9.537124e-08	-5.695761e-07	 5.775099e-07
success!


parameter values for minimization:
K33 = 2.000000e+01
k24 = 4.600000e-01
Lambda = 1.000000e-01
d0 = 1.000000e+00
omega = 1.000000e+00
gamma_s = 2.030303e-01
initial guesses for R, eta, and delta:
guess for R = 9.412897e-01
guess for eta = 6.490165e+00
guess for delta = 7.313209e-01
estimated ranges of R, eta, and delta:
upper bound estimate of R = 1.411935e+00
lower bound estimate of R = 7.059673e-01
upper bound estimate of eta = 6.520165e+00
lower bound estimate of eta = 6.460165e+00
upper bound estimate of delta = 7.333209e-01
lower bound estimate of delta = 7.263209e-01
minimum found at:
    iteration	            R	          eta	        delta	            E	         dEdR	       dEdeta	     dEddelta	    grad norm
           30	 9.658109e-01	 6.491997e+00	 7.297558e-01	 1.798680e-01	-9.342713e-09	 9.168592e-08	-4.752812e-07	 4.841341e-07
success!


parameter values for minimization:
K33 = 2.000000e+01
k24 = 4.600000e-01
Lambda = 1.000000e-01
d0 = 1.000000e+00
omega = 1.000000e+00
gamma_s = 2.069697e-01
initial guesses for R, eta, and delta:
guess for R = 9.658109e-01
guess for eta = 6.491997e+00
guess for delta = 7.297558e-01
estimated ranges of R, eta, and delta:
upper bound estimate of R = 1.448716e+00
lower bound estimate of R = 7.243582e-01
upper bound estimate of eta = 6.521997e+00
lower bound estimate of eta = 6.461997e+00
upper bound estimate of delta = 7.317558e-01
lower bound estimate of delta = 7.247558e-01
minimum found at:
    iteration	            R	          eta	        delta	            E	         dEdR	       dEdeta	     dEddelta	    grad norm
           20	 9.909713e-01	 6.493759e+00	 7.282823e-01	 1.879217e-01	-2.315653e-09	 1.717762e-08	 1.861738e-06	 1.861819e-06
success!


parameter values for minimization:
K33 = 2.000000e+01
k24 = 4.600000e-01
Lambda = 1.000000e-01
d0 = 1.000000e+00
omega = 1.000000e+00
gamma_s = 2.109091e-01
initial guesses for R, eta, and delta:
guess for R = 9.909713e-01
guess for eta = 6.493759e+00
guess for delta = 7.282823e-01
estimated ranges of R, eta, and delta:
upper bound estimate of R = 1.486457e+00
lower bound estimate of R = 7.432285e-01
upper bound estimate of eta = 6.523759e+00
lower bound estimate of eta = 6.463759e+00
upper bound estimate of delta = 7.302823e-01
lower bound estimate of delta = 7.232823e-01
minimum found at:
    iteration	            R	          eta	        delta	            E	         dEdR	       dEdeta	     dEddelta	    grad norm
           66	 1.016829e+00	 6.495453e+00	 7.269019e-01	 1.957708e-01	 1.806507e-08	 3.107237e-07	 6.304481e-07	 7.030934e-07
success!


parameter values for minimization:
K33 = 2.000000e+01
k24 = 4.600000e-01
Lambda = 1.000000e-01
d0 = 1.000000e+00
omega = 1.000000e+00
gamma_s = 2.148485e-01
initial guesses for R, eta, and delta:
guess for R = 1.016829e+00
guess for eta = 6.495453e+00
guess for delta = 7.269019e-01
estimated ranges of R, eta, and delta:
upper bound estimate of R = 1.525243e+00
lower bound estimate of R = 7.626217e-01
upper bound estimate of eta = 6.525453e+00
lower bound estimate of eta = 6.465453e+00
upper bound estimate of delta = 7.289019e-01
lower bound estimate of delta = 7.219019e-01
minimum found at:
    iteration	            R	          eta	        delta	            E	         dEdR	       dEdeta	     dEddelta	    grad norm
           34	 1.043447e+00	 6.497078e+00	 7.256248e-01	 2.034200e-01	-8.722655e-10	-1.068744e-07	 3.790619e-07	 3.938411e-07
success!


parameter values for minimization:
K33 = 2.000000e+01
k24 = 4.600000e-01
Lambda = 1.000000e-01
d0 = 1.000000e+00
omega = 1.000000e+00
gamma_s = 2.187879e-01
initial guesses for R, eta, and delta:
guess for R = 1.043447e+00
guess for eta = 6.497078e+00
guess for delta = 7.256248e-01
estimated ranges of R, eta, and delta:
upper bound estimate of R = 1.565171e+00
lower bound estimate of R = 7.825853e-01
upper bound estimate of eta = 6.527078e+00
lower bound estimate of eta = 6.467078e+00
upper bound estimate of delta = 7.276248e-01
lower bound estimate of delta = 7.206248e-01
minimum found at:
    iteration	            R	          eta	        delta	            E	         dEdR	       dEdeta	     dEddelta	    grad norm
           14	 1.070897e+00	 6.498636e+00	 7.244552e-01	 2.108737e-01	 1.906680e-08	-6.238837e-08	-1.798826e-06	 1.800008e-06
success!


parameter values for minimization:
K33 = 2.000000e+01
k24 = 4.600000e-01
Lambda = 1.000000e-01
d0 = 1.000000e+00
omega = 1.000000e+00
gamma_s = 2.227273e-01
initial guesses for R, eta, and delta:
guess for R = 1.070897e+00
guess for eta = 6.498636e+00
guess for delta = 7.244552e-01
estimated ranges of R, eta, and delta:
upper bound estimate of R = 1.606345e+00
lower bound estimate of R = 8.031727e-01
upper bound estimate of eta = 6.528636e+00
lower bound estimate of eta = 6.468636e+00
upper bound estimate of delta = 7.264552e-01
lower bound estimate of delta = 7.194552e-01
minimum found at:
    iteration	            R	          eta	        delta	            E	         dEdR	       dEdeta	     dEddelta	    grad norm
           27	 1.099261e+00	 6.500128e+00	 7.234050e-01	 2.181356e-01	 5.107586e-09	-9.475445e-08	-2.611667e-07	 2.778715e-07
success!


parameter values for minimization:
K33 = 2.000000e+01
k24 = 4.600000e-01
Lambda = 1.000000e-01
d0 = 1.000000e+00
omega = 1.000000e+00
gamma_s = 2.266667e-01
initial guesses for R, eta, and delta:
guess for R = 1.099261e+00
guess for eta = 6.500128e+00
guess for delta = 7.234050e-01
estimated ranges of R, eta, and delta:
upper bound estimate of R = 1.648891e+00
lower bound estimate of R = 8.244457e-01
upper bound estimate of eta = 6.530128e+00
lower bound estimate of eta = 6.470128e+00
upper bound estimate of delta = 7.254050e-01
lower bound estimate of delta = 7.184050e-01
minimum found at:
    iteration	            R	          eta	        delta	            E	         dEdR	       dEdeta	     dEddelta	    grad norm
           67	 1.128635e+00	 6.501554e+00	 7.224764e-01	 2.252094e-01	 1.788436e-08	 1.212302e-07	-2.184892e-06	 2.188326e-06
success!


parameter values for minimization:
K33 = 2.000000e+01
k24 = 4.600000e-01
Lambda = 1.000000e-01
d0 = 1.000000e+00
omega = 1.000000e+00
gamma_s = 2.306061e-01
initial guesses for R, eta, and delta:
guess for R = 1.128635e+00
guess for eta = 6.501554e+00
guess for delta = 7.224764e-01
estimated ranges of R, eta, and delta:
upper bound estimate of R = 1.692953e+00
lower bound estimate of R = 8.464763e-01
upper bound estimate of eta = 6.531554e+00
lower bound estimate of eta = 6.471554e+00
upper bound estimate of delta = 7.244764e-01
lower bound estimate of delta = 7.174764e-01
minimum found at:
    iteration	            R	          eta	        delta	            E	         dEdR	       dEdeta	     dEddelta	    grad norm
           16	 1.159124e+00	 6.502916e+00	 7.216845e-01	 2.320982e-01	-3.071288e-10	 8.541007e-08	 5.941015e-07	 6.002096e-07
success!


parameter values for minimization:
K33 = 2.000000e+01
k24 = 4.600000e-01
Lambda = 1.000000e-01
d0 = 1.000000e+00
omega = 1.000000e+00
gamma_s = 2.345455e-01
initial guesses for R, eta, and delta:
guess for R = 1.159124e+00
guess for eta = 6.502916e+00
guess for delta = 7.216845e-01
estimated ranges of R, eta, and delta:
upper bound estimate of R = 1.738686e+00
lower bound estimate of R = 8.693430e-01
upper bound estimate of eta = 6.532916e+00
lower bound estimate of eta = 6.472916e+00
upper bound estimate of delta = 7.236845e-01
lower bound estimate of delta = 7.166845e-01
minimum found at:
    iteration	            R	          eta	        delta	            E	         dEdR	       dEdeta	     dEddelta	    grad norm
           48	 1.190858e+00	 6.504214e+00	 7.210331e-01	 2.388047e-01	-2.530114e-08	 6.393034e-08	 1.127405e-06	 1.129500e-06
success!


parameter values for minimization:
K33 = 2.000000e+01
k24 = 4.600000e-01
Lambda = 1.000000e-01
d0 = 1.000000e+00
omega = 1.000000e+00
gamma_s = 2.384848e-01
initial guesses for R, eta, and delta:
guess for R = 1.190858e+00
guess for eta = 6.504214e+00
guess for delta = 7.210331e-01
estimated ranges of R, eta, and delta:
upper bound estimate of R = 1.786287e+00
lower bound estimate of R = 8.931435e-01
upper bound estimate of eta = 6.534214e+00
lower bound estimate of eta = 6.474214e+00
upper bound estimate of delta = 7.230331e-01
lower bound estimate of delta = 7.160331e-01
minimum found at:
    iteration	            R	          eta	        delta	            E	         dEdR	       dEdeta	     dEddelta	    grad norm
           27	 1.223984e+00	 6.505450e+00	 7.205331e-01	 2.453310e-01	 5.008460e-09	-4.104741e-08	 2.065808e-07	 2.106789e-07
success!


parameter values for minimization:
K33 = 2.000000e+01
k24 = 4.600000e-01
Lambda = 1.000000e-01
d0 = 1.000000e+00
omega = 1.000000e+00
gamma_s = 2.424242e-01
initial guesses for R, eta, and delta:
guess for R = 1.223984e+00
guess for eta = 6.505450e+00
guess for delta = 7.205331e-01
estimated ranges of R, eta, and delta:
upper bound estimate of R = 1.835976e+00
lower bound estimate of R = 9.179880e-01
upper bound estimate of eta = 6.535450e+00
lower bound estimate of eta = 6.475450e+00
upper bound estimate of delta = 7.225331e-01
lower bound estimate of delta = 7.155331e-01
minimum found at:
    iteration	            R	          eta	        delta	            E	         dEdR	       dEdeta	     dEddelta	    grad norm
           34	 1.258678e+00	 6.506627e+00	 7.201982e-01	 2.516792e-01	 5.535062e-09	 1.508670e-07	 9.706521e-07	 9.823223e-07
success!


parameter values for minimization:
K33 = 2.000000e+01
k24 = 4.600000e-01
Lambda = 1.000000e-01
d0 = 1.000000e+00
omega = 1.000000e+00
gamma_s = 2.463636e-01
initial guesses for R, eta, and delta:
guess for R = 1.258678e+00
guess for eta = 6.506627e+00
guess for delta = 7.201982e-01
estimated ranges of R, eta, and delta:
upper bound estimate of R = 1.888017e+00
lower bound estimate of R = 9.440085e-01
upper bound estimate of eta = 6.536627e+00
lower bound estimate of eta = 6.476627e+00
upper bound estimate of delta = 7.221982e-01
lower bound estimate of delta = 7.151982e-01
minimum found at:
    iteration	            R	          eta	        delta	            E	         dEdR	       dEdeta	     dEddelta	    grad norm
           31	 1.295151e+00	 6.507746e+00	 7.200384e-01	 2.578506e-01	 2.058128e-09	 2.583736e-07	-1.921743e-07	 3.220126e-07
success!


parameter values for minimization:
K33 = 2.000000e+01
k24 = 4.600000e-01
Lambda = 1.000000e-01
d0 = 1.000000e+00
omega = 1.000000e+00
gamma_s = 2.503030e-01
initial guesses for R, eta, and delta:
guess for R = 1.295151e+00
guess for eta = 6.507746e+00
guess for delta = 7.200384e-01
estimated ranges of R, eta, and delta:
upper bound estimate of R = 1.942727e+00
lower bound estimate of R = 9.713633e-01
upper bound estimate of eta = 6.537746e+00
lower bound estimate of eta = 6.477746e+00
upper bound estimate of delta = 7.220384e-01
lower bound estimate of delta = 7.150384e-01
minimum found at:
    iteration	            R	          eta	        delta	            E	         dEdR	       dEdeta	     dEddelta	    grad norm
           21	 1.333661e+00	 6.508810e+00	 7.200713e-01	 2.638460e-01	-8.242600e-09	 3.384330e-07	 8.556647e-07	 9.201994e-07
success!


parameter values for minimization:
K33 = 2.000000e+01
k24 = 4.600000e-01
Lambda = 1.000000e-01
d0 = 1.000000e+00
omega = 1.000000e+00
gamma_s = 2.542424e-01
initial guesses for R, eta, and delta:
guess for R = 1.333661e+00
guess for eta = 6.508810e+00
guess for delta = 7.200713e-01
estimated ranges of R, eta, and delta:
upper bound estimate of R = 2.000491e+00
lower bound estimate of R = 1.000246e+00
upper bound estimate of eta = 6.538810e+00
lower bound estimate of eta = 6.478810e+00
upper bound estimate of delta = 7.220713e-01
lower bound estimate of delta = 7.150713e-01
minimum found at:
    iteration	            R	          eta	        delta	            E	         dEdR	       dEdeta	     dEddelta	    grad norm
           15	 1.374523e+00	 6.509824e+00	 7.203089e-01	 2.696659e-01	-3.679485e-09	-7.379899e-08	-1.711329e-06	 1.712924e-06
success!


parameter values for minimization:
K33 = 2.000000e+01
k24 = 4.600000e-01
Lambda = 1.000000e-01
d0 = 1.000000e+00
omega = 1.000000e+00
gamma_s = 2.581818e-01
initial guesses for R, eta, and delta:
guess for R = 1.374523e+00
guess for eta = 6.509824e+00
guess for delta = 7.203089e-01
estimated ranges of R, eta, and delta:
upper bound estimate of R = 2.061784e+00
lower bound estimate of R = 1.030892e+00
upper bound estimate of eta = 6.539824e+00
lower bound estimate of eta = 6.479824e+00
upper bound estimate of delta = 7.223089e-01
lower bound estimate of delta = 7.153089e-01
minimum found at:
    iteration	            R	          eta	        delta	            E	         dEdR	       dEdeta	     dEddelta	    grad norm
            9	 1.418134e+00	 6.510794e+00	 7.207784e-01	 2.753098e-01	 1.147494e-08	-2.465620e-07	 1.662162e-06	 1.680389e-06
success!


parameter values for minimization:
K33 = 2.000000e+01
k24 = 4.600000e-01
Lambda = 1.000000e-01
d0 = 1.000000e+00
omega = 1.000000e+00
gamma_s = 2.621212e-01
initial guesses for R, eta, and delta:
guess for R = 1.418134e+00
guess for eta = 6.510794e+00
guess for delta = 7.207784e-01
estimated ranges of R, eta, and delta:
upper bound estimate of R = 2.127201e+00
lower bound estimate of R = 1.063600e+00
upper bound estimate of eta = 6.540794e+00
lower bound estimate of eta = 6.480794e+00
upper bound estimate of delta = 7.227784e-01
lower bound estimate of delta = 7.157784e-01
minimum found at:
    iteration	            R	          eta	        delta	            E	         dEdR	       dEdeta	     dEddelta	    grad norm
           17	 1.464997e+00	 6.511727e+00	 7.214938e-01	 2.807769e-01	 1.760949e-08	-1.782525e-07	 2.484785e-07	 3.063096e-07
success!


parameter values for minimization:
K33 = 2.000000e+01
k24 = 4.600000e-01
Lambda = 1.000000e-01
d0 = 1.000000e+00
omega = 1.000000e+00
gamma_s = 2.660606e-01
initial guesses for R, eta, and delta:
guess for R = 1.464997e+00
guess for eta = 6.511727e+00
guess for delta = 7.214938e-01
estimated ranges of R, eta, and delta:
upper bound estimate of R = 2.197496e+00
lower bound estimate of R = 1.098748e+00
upper bound estimate of eta = 6.541727e+00
lower bound estimate of eta = 6.481727e+00
upper bound estimate of delta = 7.234938e-01
lower bound estimate of delta = 7.164938e-01
minimum found at:
    iteration	            R	          eta	        delta	            E	         dEdR	       dEdeta	     dEddelta	    grad norm
           26	 1.515771e+00	 6.512636e+00	 7.224882e-01	 2.860651e-01	-4.776032e-09	 2.613958e-07	-2.392266e-07	 3.543727e-07
success!


parameter values for minimization:
K33 = 2.000000e+01
k24 = 4.600000e-01
Lambda = 1.000000e-01
d0 = 1.000000e+00
omega = 1.000000e+00
gamma_s = 2.700000e-01
initial guesses for R, eta, and delta:
guess for R = 1.515771e+00
guess for eta = 6.512636e+00
guess for delta = 7.224882e-01
estimated ranges of R, eta, and delta:
upper bound estimate of R = 2.273656e+00
lower bound estimate of R = 1.136828e+00
upper bound estimate of eta = 6.542636e+00
lower bound estimate of eta = 6.482636e+00
upper bound estimate of delta = 7.244882e-01
lower bound estimate of delta = 7.174882e-01
minimum found at:
    iteration	            R	          eta	        delta	            E	         dEdR	       dEdeta	     dEddelta	    grad norm
           20	 1.571340e+00	 6.513534e+00	 7.237988e-01	 2.911714e-01	-6.517157e-09	 7.706798e-08	 2.157533e-06	 2.158919e-06
success!


parameter values for minimization:
K33 = 2.000000e+01
k24 = 4.600000e-01
Lambda = 1.000000e-01
d0 = 1.000000e+00
omega = 1.000000e+00
gamma_s = 2.739394e-01
initial guesses for R, eta, and delta:
guess for R = 1.571340e+00
guess for eta = 6.513534e+00
guess for delta = 7.237988e-01
estimated ranges of R, eta, and delta:
upper bound estimate of R = 2.357010e+00
lower bound estimate of R = 1.178505e+00
upper bound estimate of eta = 6.543534e+00
lower bound estimate of eta = 6.483534e+00
upper bound estimate of delta = 7.257988e-01
lower bound estimate of delta = 7.187988e-01
minimum found at:
    iteration	            R	          eta	        delta	            E	         dEdR	       dEdeta	     dEddelta	    grad norm
           24	 1.632919e+00	 6.514448e+00	 7.254658e-01	 2.960914e-01	 5.602120e-09	-4.280527e-08	 5.022437e-07	 5.040957e-07
success!


parameter values for minimization:
K33 = 2.000000e+01
k24 = 4.600000e-01
Lambda = 1.000000e-01
d0 = 1.000000e+00
omega = 1.000000e+00
gamma_s = 2.778788e-01
initial guesses for R, eta, and delta:
guess for R = 1.632919e+00
guess for eta = 6.514448e+00
guess for delta = 7.254658e-01
estimated ranges of R, eta, and delta:
upper bound estimate of R = 2.449378e+00
lower bound estimate of R = 1.224689e+00
upper bound estimate of eta = 6.544448e+00
lower bound estimate of eta = 6.484448e+00
upper bound estimate of delta = 7.274658e-01
lower bound estimate of delta = 7.204658e-01
minimum found at:
    iteration	            R	          eta	        delta	            E	         dEdR	       dEdeta	     dEddelta	    grad norm
           17	 1.702271e+00	 6.515413e+00	 7.275561e-01	 3.008189e-01	-3.973643e-10	 4.197260e-08	 1.567529e-07	 1.622755e-07
success!


parameter values for minimization:
K33 = 2.000000e+01
k24 = 4.600000e-01
Lambda = 1.000000e-01
d0 = 1.000000e+00
omega = 1.000000e+00
gamma_s = 2.818182e-01
initial guesses for R, eta, and delta:
guess for R = 1.702271e+00
guess for eta = 6.515413e+00
guess for delta = 7.275561e-01
estimated ranges of R, eta, and delta:
upper bound estimate of R = 2.553407e+00
lower bound estimate of R = 1.276703e+00
upper bound estimate of eta = 6.545413e+00
lower bound estimate of eta = 6.485413e+00
upper bound estimate of delta = 7.295561e-01
lower bound estimate of delta = 7.225561e-01
the initial guesses were not good, did not successfully find a minimum.
RETRYING!
minimum found at:
    iteration	            R	          eta	        delta	            E	         dEdR	       dEdeta	     dEddelta	    grad norm
            3	 1.782074e+00	 6.516487e+00	 7.301584e-01	 3.053447e-01	 7.880204e-09	-5.094690e-08	-2.797585e-08	 5.865435e-08
success!


parameter values for minimization:
K33 = 2.000000e+01
k24 = 4.600000e-01
Lambda = 1.000000e-01
d0 = 1.000000e+00
omega = 1.000000e+00
gamma_s = 2.857576e-01
initial guesses for R, eta, and delta:
guess for R = 1.782074e+00
guess for eta = 6.516487e+00
guess for delta = 7.301584e-01
estimated ranges of R, eta, and delta:
upper bound estimate of R = 2.673111e+00
lower bound estimate of R = 1.336556e+00
upper bound estimate of eta = 6.546487e+00
lower bound estimate of eta = 6.486487e+00
upper bound estimate of delta = 7.321584e-01
lower bound estimate of delta = 7.251584e-01
the initial guesses were not good, did not successfully find a minimum.
RETRYING!
minimum found at:
    iteration	            R	          eta	        delta	            E	         dEdR	       dEdeta	     dEddelta	    grad norm
            2	 1.876704e+00	 6.517770e+00	 7.334098e-01	 3.096559e-01	-1.284390e-09	 1.181154e-08	 4.879978e-08	 5.022530e-08
success!


parameter values for minimization:
K33 = 2.000000e+01
k24 = 4.600000e-01
Lambda = 1.000000e-01
d0 = 1.000000e+00
omega = 1.000000e+00
gamma_s = 2.896970e-01
initial guesses for R, eta, and delta:
guess for R = 1.876704e+00
guess for eta = 6.517770e+00
guess for delta = 7.334098e-01
estimated ranges of R, eta, and delta:
upper bound estimate of R = 2.815056e+00
lower bound estimate of R = 1.407528e+00
upper bound estimate of eta = 6.547770e+00
lower bound estimate of eta = 6.487770e+00
upper bound estimate of delta = 7.354098e-01
lower bound estimate of delta = 7.284098e-01
the initial guesses were not good, did not successfully find a minimum.
RETRYING!
minimum found at:
    iteration	            R	          eta	        delta	            E	         dEdR	       dEdeta	     dEddelta	    grad norm
            5	 1.994103e+00	 6.519450e+00	 7.375415e-01	 3.137331e-01	-7.176970e-11	 6.229585e-09	-4.223931e-09	 7.526916e-09
success!


parameter values for minimization:
K33 = 2.000000e+01
k24 = 4.600000e-01
Lambda = 1.000000e-01
d0 = 1.000000e+00
omega = 1.000000e+00
gamma_s = 2.936364e-01
initial guesses for R, eta, and delta:
guess for R = 1.994103e+00
guess for eta = 6.519450e+00
guess for delta = 7.375415e-01
estimated ranges of R, eta, and delta:
upper bound estimate of R = 2.991154e+00
lower bound estimate of R = 1.495577e+00
upper bound estimate of eta = 6.549450e+00
lower bound estimate of eta = 6.489450e+00
upper bound estimate of delta = 7.395415e-01
lower bound estimate of delta = 7.325415e-01
the initial guesses were not good, did not successfully find a minimum.
RETRYING!
minimum found at:
    iteration	            R	          eta	        delta	            E	         dEdR	       dEdeta	     dEddelta	    grad norm
            7	 2.151187e+00	 6.521941e+00	 7.430073e-01	 3.175445e-01	 9.200643e-09	 4.824844e-08	-4.125679e-08	 6.414583e-08
success!


parameter values for minimization:
K33 = 2.000000e+01
k24 = 4.600000e-01
Lambda = 1.000000e-01
d0 = 1.000000e+00
omega = 1.000000e+00
gamma_s = 2.975758e-01
initial guesses for R, eta, and delta:
guess for R = 2.151187e+00
guess for eta = 6.521941e+00
guess for delta = 7.430073e-01
estimated ranges of R, eta, and delta:
upper bound estimate of R = 3.226781e+00
lower bound estimate of R = 1.613390e+00
upper bound estimate of eta = 6.551941e+00
lower bound estimate of eta = 6.491941e+00
upper bound estimate of delta = 7.450073e-01
lower bound estimate of delta = 7.380073e-01
the initial guesses were not good, did not successfully find a minimum.
RETRYING!
minimum found at:
    iteration	            R	          eta	        delta	            E	         dEdR	       dEdeta	     dEddelta	    grad norm
            5	 2.396488e+00	 6.526470e+00	 7.509687e-01	 3.210305e-01	-9.234650e-10	-5.061800e-08	-6.606726e-08	 8.323412e-08
success!


parameter values for minimization:
K33 = 2.000000e+01
k24 = 4.600000e-01
Lambda = 1.000000e-01
d0 = 1.000000e+00
omega = 1.000000e+00
gamma_s = 3.015152e-01
initial guesses for R, eta, and delta:
guess for R = 2.396488e+00
guess for eta = 6.526470e+00
guess for delta = 7.509687e-01
estimated ranges of R, eta, and delta:
upper bound estimate of R = 3.594732e+00
lower bound estimate of R = 1.797366e+00
upper bound estimate of eta = 6.556470e+00
lower bound estimate of eta = 6.496470e+00
upper bound estimate of delta = 7.529687e-01
lower bound estimate of delta = 7.459687e-01
the initial guesses were not good, did not successfully find a minimum.
RETRYING!
minimum found at:
    iteration	            R	          eta	        delta	            E	         dEdR	       dEdeta	     dEddelta	    grad norm
            6	 3.076235e+00	 6.542043e+00	 7.679636e-01	 3.240229e-01	-1.773082e-09	 9.313538e-08	 2.150940e-07	 2.343988e-07
success!


parameter values for minimization:
K33 = 2.000000e+01
k24 = 4.600000e-01
Lambda = 1.000000e-01
d0 = 1.000000e+00
omega = 1.000000e+00
gamma_s = 3.054545e-01
initial guesses for R, eta, and delta:
guess for R = 3.076235e+00
guess for eta = 6.542043e+00
guess for delta = 7.679636e-01
estimated ranges of R, eta, and delta:
upper bound estimate of R = 4.614352e+00
lower bound estimate of R = 2.307176e+00
upper bound estimate of eta = 6.572043e+00
lower bound estimate of eta = 6.512043e+00
upper bound estimate of delta = 7.699636e-01
lower bound estimate of delta = 7.629636e-01
the initial guesses were not good, did not successfully find a minimum.
RETRYING!
minimum found at:
    iteration	            R	          eta	        delta	            E	         dEdR	       dEdeta	     dEddelta	    grad norm
           13	 7.040217e+00	 6.639405e+00	 7.997991e-01	 3.256216e-01	 2.385891e-09	 7.382983e-08	-4.023450e-08	 8.411511e-08
success!


parameter values for minimization:
K33 = 2.000000e+01
k24 = 4.600000e-01
Lambda = 1.000000e-01
d0 = 1.000000e+00
omega = 1.000000e+00
gamma_s = 3.093939e-01
initial guesses for R, eta, and delta:
guess for R = 7.040217e+00
guess for eta = 6.639405e+00
guess for delta = 7.997991e-01
estimated ranges of R, eta, and delta:
upper bound estimate of R = 1.056033e+01
lower bound estimate of R = 5.280163e+00
upper bound estimate of eta = 6.669405e+00
lower bound estimate of eta = 6.609405e+00
upper bound estimate of delta = 8.017991e-01
lower bound estimate of delta = 7.947991e-01
the initial guesses were not good, did not successfully find a minimum.
RETRYING!
minimum found at:
    iteration	            R	          eta	        delta	            E	         dEdR	       dEdeta	     dEddelta	    grad norm
            8	 9.382933e+00	 6.688660e+00	 8.049440e-01	 3.265836e-01	 7.166066e-10	-8.295833e-09	-4.007852e-07	 4.008717e-07
success!


parameter values for minimization:
K33 = 2.000000e+01
k24 = 4.600000e-01
Lambda = 1.000000e-01
d0 = 1.000000e+00
omega = 1.000000e+00
gamma_s = 3.133333e-01
initial guesses for R, eta, and delta:
guess for R = 9.382933e+00
guess for eta = 6.688660e+00
guess for delta = 8.049440e-01
estimated ranges of R, eta, and delta:
upper bound estimate of R = 1.407440e+01
lower bound estimate of R = 7.037200e+00
upper bound estimate of eta = 6.718660e+00
lower bound estimate of eta = 6.658660e+00
upper bound estimate of delta = 8.069440e-01
lower bound estimate of delta = 7.999440e-01
the initial guesses were not good, did not successfully find a minimum.
RETRYING!
minimum found at:
    iteration	            R	          eta	        delta	            E	         dEdR	       dEdeta	     dEddelta	    grad norm
           19	 1.153174e+01	 6.729192e+00	 8.076231e-01	 3.273393e-01	-1.902717e-09	 2.340720e-08	 1.308986e-07	 1.329886e-07
success!


parameter values for minimization:
K33 = 2.000000e+01
k24 = 4.600000e-01
Lambda = 1.000000e-01
d0 = 1.000000e+00
omega = 1.000000e+00
gamma_s = 3.172727e-01
initial guesses for R, eta, and delta:
guess for R = 1.153174e+01
guess for eta = 6.729192e+00
guess for delta = 8.076231e-01
estimated ranges of R, eta, and delta:
upper bound estimate of R = 1.729761e+01
lower bound estimate of R = 8.648805e+00
upper bound estimate of eta = 6.759192e+00
lower bound estimate of eta = 6.699192e+00
upper bound estimate of delta = 8.096231e-01
lower bound estimate of delta = 8.026231e-01
the initial guesses were not good, did not successfully find a minimum.
RETRYING!
minimum found at:
    iteration	            R	          eta	        delta	            E	         dEdR	       dEdeta	     dEddelta	    grad norm
            7	 1.367605e+01	 6.766118e+00	 8.093621e-01	 3.279661e-01	 2.834691e-10	-8.194063e-08	 7.486890e-08	 1.109941e-07
success!


parameter values for minimization:
K33 = 2.000000e+01
k24 = 4.600000e-01
Lambda = 1.000000e-01
d0 = 1.000000e+00
omega = 1.000000e+00
gamma_s = 3.212121e-01
initial guesses for R, eta, and delta:
guess for R = 1.367605e+01
guess for eta = 6.766118e+00
guess for delta = 8.093621e-01
estimated ranges of R, eta, and delta:
upper bound estimate of R = 2.051407e+01
lower bound estimate of R = 1.025704e+01
upper bound estimate of eta = 6.796118e+00
lower bound estimate of eta = 6.736118e+00
upper bound estimate of delta = 8.113621e-01
lower bound estimate of delta = 8.043621e-01
likely a maximizing (vs minimizing) solution for psi(r), as y[1][2]=-2.520275e-04  which usually means high energy.
solvde convergence failed when x = (1.367605e+01,6.766118e+00,8.093621e-01).
Retrying using a constant y value
the initial guesses were not good, did not successfully find a minimum.
RETRYING!
minimum found at:
    iteration	            R	          eta	        delta	            E	         dEdR	       dEdeta	     dEddelta	    grad norm
           14	 1.588076e+01	 6.801097e+00	 8.106037e-01	 3.285005e-01	-1.744356e-09	-7.293548e-08	-1.755309e-06	 1.756824e-06
success!


parameter values for minimization:
K33 = 2.000000e+01
k24 = 4.600000e-01
Lambda = 1.000000e-01
d0 = 1.000000e+00
omega = 1.000000e+00
gamma_s = 3.251515e-01
initial guesses for R, eta, and delta:
guess for R = 1.588076e+01
guess for eta = 6.801097e+00
guess for delta = 8.106037e-01
estimated ranges of R, eta, and delta:
upper bound estimate of R = 2.382114e+01
lower bound estimate of R = 1.191057e+01
upper bound estimate of eta = 6.831097e+00
lower bound estimate of eta = 6.771097e+00
upper bound estimate of delta = 8.126037e-01
lower bound estimate of delta = 8.056037e-01
ss=8.790179091440e+22, lastss = 1.206654142285e+21
tol = 4.702706764223e-13
failed to integrate at x = (1.588076e+01,6.801097e+00,8.106037e-01)
solvde convergence failed when x = (1.588076e+01,6.801097e+00,8.106037e-01).
Retrying using a constant y value
the initial guesses were not good, did not successfully find a minimum.
RETRYING!
minimum found at:
    iteration	            R	          eta	        delta	            E	         dEdR	       dEdeta	     dEddelta	    grad norm
            6	 1.818105e+01	 6.834917e+00	 8.115433e-01	 3.289640e-01	-8.764915e-10	 1.426328e-08	 1.037827e-06	 1.037926e-06
success!


parameter values for minimization:
K33 = 2.000000e+01
k24 = 4.600000e-01
Lambda = 1.000000e-01
d0 = 1.000000e+00
omega = 1.000000e+00
gamma_s = 3.290909e-01
initial guesses for R, eta, and delta:
guess for R = 1.818105e+01
guess for eta = 6.834917e+00
guess for delta = 8.115433e-01
estimated ranges of R, eta, and delta:
upper bound estimate of R = 2.727157e+01
lower bound estimate of R = 1.363579e+01
upper bound estimate of eta = 6.864917e+00
lower bound estimate of eta = 6.804917e+00
upper bound estimate of delta = 8.135433e-01
lower bound estimate of delta = 8.065433e-01
ss=5.822247412025e+21, lastss = 3.466244590656e+22
tol = 6.090023055869e-13
failed to integrate at x = (1.818105e+01,6.834917e+00,8.115433e-01)
solvde convergence failed when x = (1.818105e+01,6.834917e+00,8.115433e-01).
Retrying using a constant y value
the initial guesses were not good, did not successfully find a minimum.
RETRYING!
minimum found at:
    iteration	            R	          eta	        delta	            E	         dEdR	       dEdeta	     dEddelta	    grad norm
           18	 2.059980e+01	 6.867998e+00	 8.122783e-01	 3.293711e-01	 2.735878e-10	 4.590464e-08	 2.244038e-06	 2.244508e-06
success!


parameter values for minimization:
K33 = 2.000000e+01
k24 = 4.600000e-01
Lambda = 1.000000e-01
d0 = 1.000000e+00
omega = 1.000000e+00
gamma_s = 3.330303e-01
initial guesses for R, eta, and delta:
guess for R = 2.059980e+01
guess for eta = 6.867998e+00
guess for delta = 8.122783e-01
estimated ranges of R, eta, and delta:
upper bound estimate of R = 3.089970e+01
lower bound estimate of R = 1.544985e+01
upper bound estimate of eta = 6.897998e+00
lower bound estimate of eta = 6.837998e+00
upper bound estimate of delta = 8.142783e-01
lower bound estimate of delta = 8.072783e-01
likely a maximizing (vs minimizing) solution for psi(r), as y[1][2]=-4.229417e-04  which usually means high energy.
solvde convergence failed when x = (2.059980e+01,6.867998e+00,8.122783e-01).
Retrying using a constant y value
minimum found at:
    iteration	            R	          eta	        delta	            E	         dEdR	       dEdeta	     dEddelta	    grad norm
           15	 2.315497e+01	 6.900595e+00	 8.128676e-01	 3.297319e-01	 7.794392e-10	-1.530257e-07	 1.643130e-06	 1.650241e-06
success!


parameter values for minimization:
K33 = 2.000000e+01
k24 = 4.600000e-01
Lambda = 1.000000e-01
d0 = 1.000000e+00
omega = 1.000000e+00
gamma_s = 3.369697e-01
initial guesses for R, eta, and delta:
guess for R = 2.315497e+01
guess for eta = 6.900595e+00
guess for delta = 8.128676e-01
estimated ranges of R, eta, and delta:
upper bound estimate of R = 3.473246e+01
lower bound estimate of R = 1.736623e+01
upper bound estimate of eta = 6.930595e+00
lower bound estimate of eta = 6.870595e+00
upper bound estimate of delta = 8.148676e-01
lower bound estimate of delta = 8.078676e-01
likely a maximizing (vs minimizing) solution for psi(r), as y[1][2]=-9.743909e-04  which usually means high energy.
solvde convergence failed when x = (2.315497e+01,6.900595e+00,8.128676e-01).
Retrying using a constant y value
the initial guesses were not good, did not successfully find a minimum.
RETRYING!
minimum found at:
    iteration	            R	          eta	        delta	            E	         dEdR	       dEdeta	     dEddelta	    grad norm
            1	 2.586380e+01	 6.932908e+00	 8.133503e-01	 3.300538e-01	-2.002173e-10	-8.332841e-08	 1.275137e-06	 1.277857e-06
success!


parameter values for minimization:
K33 = 2.000000e+01
k24 = 4.600000e-01
Lambda = 1.000000e-01
d0 = 1.000000e+00
omega = 1.000000e+00
gamma_s = 3.409091e-01
initial guesses for R, eta, and delta:
guess for R = 2.586380e+01
guess for eta = 6.932908e+00
guess for delta = 8.133503e-01
estimated ranges of R, eta, and delta:
upper bound estimate of R = 3.879570e+01
lower bound estimate of R = 1.939785e+01
upper bound estimate of eta = 6.962908e+00
lower bound estimate of eta = 6.902908e+00
upper bound estimate of delta = 8.153503e-01
lower bound estimate of delta = 8.083503e-01
ss=1.905144140105e+23, lastss = 1.218225359733e+22
tol = 1.201174918895e-12
failed to integrate at x = (2.586380e+01,6.932908e+00,8.133503e-01)
solvde convergence failed when x = (2.586380e+01,6.932908e+00,8.133503e-01).
Retrying using a constant y value
the initial guesses were not good, did not successfully find a minimum.
RETRYING!
minimum found at:
    iteration	            R	          eta	        delta	            E	         dEdR	       dEdeta	     dEddelta	    grad norm
            6	 2.874199e+01	 6.965056e+00	 8.137518e-01	 3.303428e-01	-8.291592e-11	-9.745291e-09	 1.135434e-06	 1.135476e-06
success!


parameter values for minimization:
K33 = 2.000000e+01
k24 = 4.600000e-01
Lambda = 1.000000e-01
d0 = 1.000000e+00
omega = 1.000000e+00
gamma_s = 3.448485e-01
initial guesses for R, eta, and delta:
guess for R = 2.874199e+01
guess for eta = 6.965056e+00
guess for delta = 8.137518e-01
estimated ranges of R, eta, and delta:
upper bound estimate of R = 4.311299e+01
lower bound estimate of R = 2.155649e+01
upper bound estimate of eta = 6.995056e+00
lower bound estimate of eta = 6.935056e+00
upper bound estimate of delta = 8.157518e-01
lower bound estimate of delta = 8.087518e-01
ss=9.318761547737e+23, lastss = 2.644513494077e+22
tol = 1.474016487586e-12
failed to integrate at x = (2.874199e+01,6.965056e+00,8.137518e-01)
solvde convergence failed when x = (2.874199e+01,6.965056e+00,8.137518e-01).
Retrying using a constant y value
the initial guesses were not good, did not successfully find a minimum.
RETRYING!
minimum found at:
    iteration	            R	          eta	        delta	            E	         dEdR	       dEdeta	     dEddelta	    grad norm
           22	 3.180505e+01	 6.997128e+00	 8.140904e-01	 3.306034e-01	-3.766514e-10	 9.170134e-08	 2.726754e-06	 2.728296e-06
success!


parameter values for minimization:
K33 = 2.000000e+01
k24 = 4.600000e-01
Lambda = 1.000000e-01
d0 = 1.000000e+00
omega = 1.000000e+00
gamma_s = 3.487879e-01
initial guesses for R, eta, and delta:
guess for R = 3.180505e+01
guess for eta = 6.997128e+00
guess for delta = 8.140904e-01
estimated ranges of R, eta, and delta:
upper bound estimate of R = 4.770758e+01
lower bound estimate of R = 2.385379e+01
upper bound estimate of eta = 7.027128e+00
lower bound estimate of eta = 6.967128e+00
upper bound estimate of delta = 8.160904e-01
lower bound estimate of delta = 8.090904e-01
likely a maximizing (vs minimizing) solution for psi(r), as y[1][2]=-1.946169e-03  which usually means high energy.
solvde convergence failed when x = (3.180505e+01,6.997128e+00,8.140904e-01).
Retrying using a constant y value
the initial guesses were not good, did not successfully find a minimum.
RETRYING!
minimum found at:
    iteration	            R	          eta	        delta	            E	         dEdR	       dEdeta	     dEddelta	    grad norm
            8	 3.506847e+01	 7.029176e+00	 8.143751e-01	 3.308394e-01	-4.267003e-10	 8.917250e-08	-1.894781e-06	 1.896878e-06
success!


parameter values for minimization:
K33 = 2.000000e+01
k24 = 4.600000e-01
Lambda = 1.000000e-01
d0 = 1.000000e+00
omega = 1.000000e+00
gamma_s = 3.527273e-01
initial guesses for R, eta, and delta:
guess for R = 3.506847e+01
guess for eta = 7.029176e+00
guess for delta = 8.143751e-01
estimated ranges of R, eta, and delta:
upper bound estimate of R = 5.260271e+01
lower bound estimate of R = 2.630135e+01
upper bound estimate of eta = 7.059176e+00
lower bound estimate of eta = 6.999176e+00
upper bound estimate of delta = 8.163751e-01
lower bound estimate of delta = 8.093751e-01
likely a maximizing (vs minimizing) solution for psi(r), as y[1][2]=-2.207749e-03  which usually means high energy.
solvde convergence failed when x = (3.506847e+01,7.029176e+00,8.143751e-01).
Retrying using a constant y value
the initial guesses were not good, did not successfully find a minimum.
RETRYING!
minimum found at:
    iteration	            R	          eta	        delta	            E	         dEdR	       dEdeta	     dEddelta	    grad norm
           15	 3.854976e+01	 7.061254e+00	 8.146223e-01	 3.310537e-01	-6.122378e-11	-2.183439e-08	 4.688379e-07	 4.693461e-07
success!


parameter values for minimization:
K33 = 2.000000e+01
k24 = 4.600000e-01
Lambda = 1.000000e-01
d0 = 1.000000e+00
omega = 1.000000e+00
gamma_s = 3.566667e-01
initial guesses for R, eta, and delta:
guess for R = 3.854976e+01
guess for eta = 7.061254e+00
guess for delta = 8.146223e-01
estimated ranges of R, eta, and delta:
upper bound estimate of R = 5.782464e+01
lower bound estimate of R = 2.891232e+01
upper bound estimate of eta = 7.091254e+00
lower bound estimate of eta = 7.031254e+00
upper bound estimate of delta = 8.166223e-01
lower bound estimate of delta = 8.096223e-01
ss=2.884857293963e+24, lastss = 1.709046486686e+25
tol = 2.612230845814e-12
failed to integrate at x = (3.854976e+01,7.061254e+00,8.146223e-01)
solvde convergence failed when x = (3.854976e+01,7.061254e+00,8.146223e-01).
Retrying using a constant y value
likely a maximizing (vs minimizing) solution for psi(r), as y[1][2]=-9.229878e-04  which usually means high energy.
Retrying with a linear guess and a final twist angle value of pi/4.
ss=8.242046134222e+24, lastss = 8.355764110829e+23
tol = 2.612230845814e-12
failed to integrate at x = (3.854976e+01,7.061254e+00,8.146223e-01)
interpolating at R = 3.854976e+01, eta = 7.061254e+00, delta = 8.146223e-01...
done interpolating.
ss=7.355135073789e+28, lastss = 1.168470402087e+29
tol = 2.612230846822e-12
failed to integrate at x = (3.854976e+01,7.061254e+00,8.146223e-01)
solvde convergence failed when x = (3.854976e+01,7.061254e+00,8.146223e-01).
Retrying using a constant y value
likely a maximizing (vs minimizing) solution for psi(r), as y[1][2]=-4.614935e-04  which usually means high energy.
Retrying with a linear guess and a final twist angle value of pi/4.
ss=6.060157727995e+25, lastss = 6.509981516685e+22
tol = 2.612230846822e-12
failed to integrate at x = (3.854976e+01,7.061254e+00,8.146223e-01)
interpolating at R = 3.854976e+01, eta = 7.061254e+00, delta = 8.146223e-01...
done interpolating.
ss=2.232381956460e+25, lastss = 1.023010264618e+26
tol = 2.612230847074e-12
failed to integrate at x = (3.854976e+01,7.061254e+00,8.146223e-01)
solvde convergence failed when x = (3.854976e+01,7.061254e+00,8.146223e-01).
Retrying using a constant y value
ss=1.145044374704e+28, lastss = 2.295611033907e+28
tol = 2.611932591402e-12
failed to integrate at x = (3.854976e+01,7.061254e+00,8.146223e-01)
interpolating at R = 3.854976e+01, eta = 7.061254e+00, delta = 8.146223e-01...
done interpolating.
ss=6.613665696390e+30, lastss = 1.332866541505e+31
tol = 2.611930095729e-12
failed to integrate at x = (3.854976e+01,7.061254e+00,8.146223e-01)
solvde convergence failed when x = (3.854976e+01,7.061254e+00,8.146223e-01).
Retrying using a constant y value
ss=7.877562439102e+29, lastss = 1.324569880171e+30
tol = 2.613289244146e-12
failed to integrate at x = (3.854976e+01,7.061254e+00,8.146223e-01)
failed calculation!
failed calculation!
failed calculation!
failed calculation!
failed calculation!
abserr is 1.332268e+290, but the convergence criterion CONV_min*(1+p->Escale) is 1.000000e-08!
failed calculation!
failed calculation!
failed calculation!
failed calculation!
abserr is 1.332268e+290, but the convergence criterion CONV_min*(1+p->Escale) is 1.000000e-08!
failed calculation!
failed calculation!
failed calculation!
failed calculation!
abserr is 1.332268e+290, but the convergence criterion CONV_min*(1+p->Escale) is 1.000000e-08!
error: iteration is not making progress towards solution
unclear why the calculation failed.


parameter values for minimization:
K33 = 2.000000e+01
k24 = 4.600000e-01
Lambda = 1.000000e-01
d0 = 1.000000e+00
omega = 1.000000e+00
gamma_s = 3.566667e-01
initial guesses for R, eta, and delta:
guess for R = 1.000000e+00
guess for eta = 7.061254e+00
guess for delta = 8.100000e-01
estimated ranges of R, eta, and delta:
upper bound estimate of R = 1.500000e+00
lower bound estimate of R = 7.500000e-01
upper bound estimate of eta = 7.091254e+00
lower bound estimate of eta = 7.031254e+00
upper bound estimate of delta = 8.160000e-01
lower bound estimate of delta = 8.000000e-01
ss=3.374151153074e+20, lastss = 1.753368855432e+20
tol = 1.180199158247e-12
failed to integrate at x = (2.556584e+01,6.734601e+00,7.962156e-01)
solvde convergence failed when x = (2.556584e+01,6.734601e+00,7.962156e-01).
Retrying using a constant y value
ss=1.478827814113e+30, lastss = 2.976321803560e+30
tol = 5.276289655889e-12
failed to integrate at x = (5.516253e+01,7.976996e+00,7.872768e-01)
solvde convergence failed when x = (5.516253e+01,7.976996e+00,7.872768e-01).
Retrying using a constant y value
likely a maximizing (vs minimizing) solution for psi(r), as y[1][2]=-2.151909e-03  which usually means high energy.
Retrying with a linear guess and a final twist angle value of pi/4.
likely a maximizing (vs minimizing) solution for psi(r), as y[1][2]=-6.793881e-03  which usually means high energy.
Retrying with a sqrt(r) guess and a final twist angle value of pi/2.01.
ss=2.913261409893e+22, lastss = 2.415586131258e+16
tol = 5.277639597336e-12
failed to integrate at x = (5.516253e+01,7.976996e+00,7.872768e-01)
interpolating at R = 5.516253e+01, eta = 7.976996e+00, delta = 7.872768e-01...
done interpolating.
ss=1.100843381720e+22, lastss = 6.553556657724e+22
tol = 5.277639599764e-12
failed to integrate at x = (5.516253e+01,7.976996e+00,7.872768e-01)
solvde convergence failed when x = (5.516253e+01,7.976996e+00,7.872768e-01).
Retrying using a constant y value
likely a maximizing (vs minimizing) solution for psi(r), as y[1][2]=-1.075761e-03  which usually means high energy.
Retrying with a linear guess and a final twist angle value of pi/4.
likely a maximizing (vs minimizing) solution for psi(r), as y[1][2]=-3.447398e-03  which usually means high energy.
Retrying with a sqrt(r) guess and a final twist angle value of pi/2.01.
ss=1.101537975638e+22, lastss = 6.553993254643e+22
tol = 5.277639599764e-12
failed to integrate at x = (5.516253e+01,7.976996e+00,7.872768e-01)
interpolating at R = 5.516253e+01, eta = 7.976996e+00, delta = 7.872768e-01...
done interpolating.
ss=8.520542293931e+22, lastss = 1.356639666568e+23
tol = 5.277639600372e-12
failed to integrate at x = (5.516253e+01,7.976996e+00,7.872768e-01)
solvde convergence failed when x = (5.516253e+01,7.976996e+00,7.872768e-01).
Retrying using a constant y value
ss=9.344709725130e+29, lastss = 1.784567208161e+30
tol = 5.277639609429e-12
failed to integrate at x = (5.516253e+01,7.976996e+00,7.872768e-01)
interpolating at R = 5.516253e+01, eta = 7.976996e+00, delta = 7.872768e-01...
done interpolating.
ss=4.134185440976e+31, lastss = 7.239431763050e+31
tol = 5.277639609621e-12
failed to integrate at x = (5.516253e+01,7.976996e+00,7.872768e-01)
solvde convergence failed when x = (5.516253e+01,7.976996e+00,7.872768e-01).
Retrying using a constant y value
likely a maximizing (vs minimizing) solution for psi(r), as y[1][2]=-3.554765e-04  which usually means high energy.
Retrying with a linear guess and a final twist angle value of pi/4.
likely a maximizing (vs minimizing) solution for psi(r), as y[1][2]=-8.638328e-04  which usually means high energy.
Retrying with a sqrt(r) guess and a final twist angle value of pi/2.01.
ss=7.454834006962e+25, lastss = 1.511481602081e+26
tol = 5.277639600523e-12
failed to integrate at x = (5.516253e+01,7.976996e+00,7.872768e-01)
failed calculation!
failed calculation!
failed calculation!
failed calculation!
failed calculation!
failed calculation!
failed calculation!
failed calculation!
failed calculation!
failed calculation!
failed calculation!
failed calculation!
failed calculation!
failed calculation!
failed calculation!
abserr is 1.332268e+290, but the convergence criterion CONV_min*(1+p->Escale) is 1.331918e-08!
failed calculation!
failed calculation!
failed calculation!
failed calculation!
abserr is 1.332268e+290, but the convergence criterion CONV_min*(1+p->Escale) is 1.331918e-08!
failed calculation!
failed calculation!
failed calculation!
failed calculation!
abserr is 1.332268e+290, but the convergence criterion CONV_min*(1+p->Escale) is 1.331918e-08!
minimum found at:
    iteration	            R	          eta	        delta	            E	         dEdR	       dEdeta	     dEddelta	    grad norm
            4	 2.778307e+01	 6.929512e+00	 8.139655e-01	1.000000e+300	 0.000000e+00	 0.000000e+00	 0.000000e+00	 0.000000e+00
success!


parameter values for minimization:
K33 = 2.000000e+01
k24 = 4.600000e-01
Lambda = 1.000000e-01
d0 = 1.000000e+00
omega = 1.000000e+00
gamma_s = 3.566667e-01
initial guesses for R, eta, and delta:
guess for R = 1.000000e+00
guess for eta = 6.929512e+00
guess for delta = 0.000000e+00
estimated ranges of R, eta, and delta:
upper bound estimate of R = 1.500000e+00
lower bound estimate of R = 7.500000e-01
upper bound estimate of eta = 6.959512e+00
lower bound estimate of eta = 6.899512e+00
upper bound estimate of delta = 2.000000e-03
lower bound estimate of delta = -5.000000e-03
Too many iterations in solvde, err = 1.389829e+01.
solvde convergence failed when x = (2.591125e+01,6.929512e+00,0.000000e+00).
Retrying using a constant y value
Too many iterations in solvde, err = 5.724780e+00.
Retrying with a linear guess and a final twist angle value of pi/4.
Too many iterations in solvde, err = 1.336327e+01.
Retrying with a sqrt(r) guess and a final twist angle value of pi/2.01.
Too many iterations in solvde, err = 1.154900e+01.
failed to solve ODE when x = (2.591125e+01,6.929512e+00,0.000000e+00).
saving current psi(r) shape (from failed solvde call), as well as the shape of the initial guess of psi(r) (from previous call of E_calc), and exiting to system.
Trying again with Rguess = 1.0
Last guess for Ri was 1.0, setting delta = 0.0
Traceback (most recent call last):
  File "scan2d.py", line 60, in <module>
    run.run_exe()
  File "../../modules_gammak24/singlerun.py", line 41, in run_exe
    subprocess.run([self.executable,self.tmp_path,*self.params.values()],check=True)
  File "/cvmfs/soft.computecanada.ca/easybuild/software/2017/Core/python/3.7.0/lib/python3.7/subprocess.py", line 468, in run
    output=stdout, stderr=stderr)
subprocess.CalledProcessError: Command '['../../../bin/gamma_k24_singlepoint', '../../../tmp_data/', '20.', '0.45999999999999996', '0.1', '1.0', '1.0', '0.3566666666666667', '1.0', '6.929512', '0', '1.5', '0.75', '6.959512', '6.899512', '0.002', '-0.005']' returned non-zero exit status 1.
