Restoring modules from user's standard_modules


parameter values for minimization:
K33 = 2.000000e+01
k24 = 3.000000e-01
Lambda = 1.000000e+00
d0 = 1.000000e+00
omega = 1.000000e-01
gamma_s = 1.000000e-02
initial guesses for R, eta, and delta:
guess for R = 5.000000e-01
guess for eta = 6.300000e+00
guess for delta = 8.100000e-01
estimated ranges of R, eta, and delta:
upper bound estimate of R = 2.000000e+00
lower bound estimate of R = 1.000000e-01
upper bound estimate of eta = 6.430000e+00
lower bound estimate of eta = 6.290000e+00
upper bound estimate of delta = 8.160000e-01
lower bound estimate of delta = 8.000000e-01
x[1] = -2.680004e-01, x[2] = 6.309611e+00, x[3] = 8.099869e-01
something is too big or less than zero, so returning failed calculation.
x[1] = -7.425134e-02, x[2] = 6.236246e+00, x[3] = 8.096825e-01
something is too big or less than zero, so returning failed calculation.
the initial guesses were not good, did not successfully find a minimum.
RETRYING!
minimum found at:
    iteration	            R	          eta	        delta	            E	         dEdR	       dEdeta	     dEddelta	    grad norm
            6	 9.942027e-02	 6.304558e+00	 7.608871e-01	-6.047456e-01	-8.661660e-09	-7.401487e-10	 7.105558e-08	 7.158538e-08
success!


parameter values for minimization:
K33 = 2.000000e+01
k24 = 3.000000e-01
Lambda = 1.000000e+00
d0 = 1.000000e+00
omega = 1.000000e-01
gamma_s = 1.393939e-02
initial guesses for R, eta, and delta:
guess for R = 9.942027e-02
guess for eta = 6.304558e+00
guess for delta = 7.608871e-01
estimated ranges of R, eta, and delta:
upper bound estimate of R = 1.491304e-01
lower bound estimate of R = 7.456520e-02
upper bound estimate of eta = 6.334558e+00
lower bound estimate of eta = 6.274558e+00
upper bound estimate of delta = 7.628871e-01
lower bound estimate of delta = 7.558871e-01
the initial guesses were not good, did not successfully find a minimum.
RETRYING!
minimum found at:
    iteration	            R	          eta	        delta	            E	         dEdR	       dEdeta	     dEddelta	    grad norm
            5	 1.177764e-01	 6.310370e+00	 7.221870e-01	-5.321036e-01	-3.267998e-09	 2.701543e-08	 3.852974e-08	 4.717048e-08
success!


parameter values for minimization:
K33 = 2.000000e+01
k24 = 3.000000e-01
Lambda = 1.000000e+00
d0 = 1.000000e+00
omega = 1.000000e-01
gamma_s = 1.787879e-02
initial guesses for R, eta, and delta:
guess for R = 1.177764e-01
guess for eta = 6.310370e+00
guess for delta = 7.221870e-01
estimated ranges of R, eta, and delta:
upper bound estimate of R = 1.766646e-01
lower bound estimate of R = 8.833230e-02
upper bound estimate of eta = 6.340370e+00
lower bound estimate of eta = 6.280370e+00
upper bound estimate of delta = 7.241870e-01
lower bound estimate of delta = 7.171870e-01
the initial guesses were not good, did not successfully find a minimum.
RETRYING!
minimum found at:
    iteration	            R	          eta	        delta	            E	         dEdR	       dEdeta	     dEddelta	    grad norm
            2	 1.352233e-01	 6.315936e+00	 6.720176e-01	-4.697393e-01	-5.291081e-09	 1.541976e-08	-2.108137e-08	 2.664937e-08
success!


parameter values for minimization:
K33 = 2.000000e+01
k24 = 3.000000e-01
Lambda = 1.000000e+00
d0 = 1.000000e+00
omega = 1.000000e-01
gamma_s = 2.181818e-02
initial guesses for R, eta, and delta:
guess for R = 1.352233e-01
guess for eta = 6.315936e+00
guess for delta = 6.720176e-01
estimated ranges of R, eta, and delta:
upper bound estimate of R = 2.028349e-01
lower bound estimate of R = 1.014175e-01
upper bound estimate of eta = 6.345936e+00
lower bound estimate of eta = 6.285936e+00
upper bound estimate of delta = 6.740176e-01
lower bound estimate of delta = 6.670176e-01
minimum found at:
    iteration	            R	          eta	        delta	            E	         dEdR	       dEdeta	     dEddelta	    grad norm
           14	 1.526888e-01	 6.321545e+00	 6.045258e-01	-4.149260e-01	 6.890821e-08	 1.942890e-08	-4.372164e-07	 4.430395e-07
success!


parameter values for minimization:
K33 = 2.000000e+01
k24 = 3.000000e-01
Lambda = 1.000000e+00
d0 = 1.000000e+00
omega = 1.000000e-01
gamma_s = 2.575758e-02
initial guesses for R, eta, and delta:
guess for R = 1.526888e-01
guess for eta = 6.321545e+00
guess for delta = 6.045258e-01
estimated ranges of R, eta, and delta:
upper bound estimate of R = 2.290332e-01
lower bound estimate of R = 1.145166e-01
upper bound estimate of eta = 6.351545e+00
lower bound estimate of eta = 6.291545e+00
upper bound estimate of delta = 6.065258e-01
lower bound estimate of delta = 5.995258e-01
the initial guesses were not good, did not successfully find a minimum.
RETRYING!
minimum found at:
    iteration	            R	          eta	        delta	            E	         dEdR	       dEdeta	     dEddelta	    grad norm
           18	 1.713974e-01	 6.327675e+00	 5.020806e-01	-3.661947e-01	 8.139675e-08	-1.252702e-07	 3.181018e-08	 1.527414e-07
success!


parameter values for minimization:
K33 = 2.000000e+01
k24 = 3.000000e-01
Lambda = 1.000000e+00
d0 = 1.000000e+00
omega = 1.000000e-01
gamma_s = 2.969697e-02
initial guesses for R, eta, and delta:
guess for R = 1.713974e-01
guess for eta = 6.327675e+00
guess for delta = 5.020806e-01
estimated ranges of R, eta, and delta:
upper bound estimate of R = 2.570961e-01
lower bound estimate of R = 1.285480e-01
upper bound estimate of eta = 6.357675e+00
lower bound estimate of eta = 6.297675e+00
upper bound estimate of delta = 5.040806e-01
lower bound estimate of delta = 4.970806e-01
the initial guesses were not good, did not successfully find a minimum.
RETRYING!
minimum found at:
    iteration	            R	          eta	        delta	            E	         dEdR	       dEdeta	     dEddelta	    grad norm
           12	 1.966873e-01	 6.336633e+00	 2.158463e-01	-3.230114e-01	 7.656497e-08	-8.218734e-08	-2.143802e-08	 1.143527e-07
success!


parameter values for minimization:
K33 = 2.000000e+01
k24 = 3.000000e-01
Lambda = 1.000000e+00
d0 = 1.000000e+00
omega = 1.000000e-01
gamma_s = 3.363636e-02
initial guesses for R, eta, and delta:
guess for R = 1.966873e-01
guess for eta = 6.336633e+00
guess for delta = 2.158463e-01
estimated ranges of R, eta, and delta:
upper bound estimate of R = 2.950310e-01
lower bound estimate of R = 1.475155e-01
upper bound estimate of eta = 6.366633e+00
lower bound estimate of eta = 6.306633e+00
upper bound estimate of delta = 2.178463e-01
lower bound estimate of delta = 2.108463e-01
minimum found at:
    iteration	            R	          eta	        delta	            E	         dEdR	       dEdeta	     dEddelta	    grad norm
           15	 2.189820e-01	 6.368772e+00	-7.870430e-07	-2.852918e-01	 1.010511e-07	-1.233581e-10	-6.555603e-08	 1.204530e-07
success!


parameter values for minimization:
K33 = 2.000000e+01
k24 = 3.000000e-01
Lambda = 1.000000e+00
d0 = 1.000000e+00
omega = 1.000000e-01
gamma_s = 3.757576e-02
initial guesses for R, eta, and delta:
guess for R = 2.189820e-01
guess for eta = 6.336633e+00
guess for delta = 8.100000e-01
estimated ranges of R, eta, and delta:
upper bound estimate of R = 3.284730e-01
lower bound estimate of R = 1.642365e-01
upper bound estimate of eta = 6.366633e+00
lower bound estimate of eta = 6.306633e+00
upper bound estimate of delta = 8.160000e-01
lower bound estimate of delta = 8.000000e-01
x[1] = 2.436734e-01, x[2] = 6.172090e+00, x[3] = -6.592708e+00
something is too big or less than zero, so returning failed calculation.
minimum found at:
    iteration	            R	          eta	        delta	            E	         dEdR	       dEdeta	     dEddelta	    grad norm
           14	 2.389272e-01	 6.324020e+00	-5.058465e-08	-2.508525e-01	-6.818490e-08	 1.233581e-10	-5.551115e-09	 6.841061e-08
success!


parameter values for minimization:
K33 = 2.000000e+01
k24 = 3.000000e-01
Lambda = 1.000000e+00
d0 = 1.000000e+00
omega = 1.000000e-01
gamma_s = 4.151515e-02
initial guesses for R, eta, and delta:
guess for R = 2.389272e-01
guess for eta = 6.336633e+00
guess for delta = 8.100000e-01
estimated ranges of R, eta, and delta:
upper bound estimate of R = 3.583908e-01
lower bound estimate of R = 1.791954e-01
upper bound estimate of eta = 6.366633e+00
lower bound estimate of eta = 6.306633e+00
upper bound estimate of delta = 8.160000e-01
lower bound estimate of delta = 8.000000e-01
x[1] = 5.030729e-01, x[2] = 6.521311e+00, x[3] = -2.950982e+00
something is too big or less than zero, so returning failed calculation.
minimum found at:
    iteration	            R	          eta	        delta	            E	         dEdR	       dEdeta	     dEddelta	    grad norm
           11	 2.593464e-01	 6.376862e+00	-7.863667e-07	-2.192051e-01	-1.324516e-07	 2.341970e-10	-9.668192e-08	 1.639844e-07
success!


parameter values for minimization:
K33 = 2.000000e+01
k24 = 3.000000e-01
Lambda = 1.000000e+00
d0 = 1.000000e+00
omega = 1.000000e-01
gamma_s = 4.545455e-02
initial guesses for R, eta, and delta:
guess for R = 2.593464e-01
guess for eta = 6.336633e+00
guess for delta = 8.100000e-01
estimated ranges of R, eta, and delta:
upper bound estimate of R = 3.890196e-01
lower bound estimate of R = 1.945098e-01
upper bound estimate of eta = 6.366633e+00
lower bound estimate of eta = 6.306633e+00
upper bound estimate of delta = 8.160000e-01
lower bound estimate of delta = 8.000000e-01
minimum found at:
    iteration	            R	          eta	        delta	            E	         dEdR	       dEdeta	     dEddelta	    grad norm
           11	 2.802974e-01	 6.376233e+00	 2.429963e-07	-1.899854e-01	 1.199589e-08	 3.915701e-11	 3.249715e-08	 3.464055e-08
success!


parameter values for minimization:
K33 = 2.000000e+01
k24 = 3.000000e-01
Lambda = 1.000000e+00
d0 = 1.000000e+00
omega = 1.000000e-01
gamma_s = 4.939394e-02
initial guesses for R, eta, and delta:
guess for R = 2.802974e-01
guess for eta = 6.336633e+00
guess for delta = 8.100000e-01
estimated ranges of R, eta, and delta:
upper bound estimate of R = 4.204461e-01
lower bound estimate of R = 2.102230e-01
upper bound estimate of eta = 6.366633e+00
lower bound estimate of eta = 6.306633e+00
upper bound estimate of delta = 8.160000e-01
lower bound estimate of delta = 8.000000e-01
x[1] = 3.177592e-01, x[2] = 6.432958e+00, x[3] = -2.214915e+00
something is too big or less than zero, so returning failed calculation.
the initial guesses were not good, did not successfully find a minimum.
RETRYING!
minimum found at:
    iteration	            R	          eta	        delta	            E	         dEdR	       dEdeta	     dEddelta	    grad norm
            1	 3.018285e-01	 6.364907e+00	 8.492444e-07	-1.628994e-01	 4.185496e-10	 3.083953e-11	 1.505740e-07	 1.505746e-07
success!


parameter values for minimization:
K33 = 2.000000e+01
k24 = 3.000000e-01
Lambda = 1.000000e+00
d0 = 1.000000e+00
omega = 1.000000e-01
gamma_s = 5.333333e-02
initial guesses for R, eta, and delta:
guess for R = 3.018285e-01
guess for eta = 6.336633e+00
guess for delta = 8.100000e-01
estimated ranges of R, eta, and delta:
upper bound estimate of R = 4.527427e-01
lower bound estimate of R = 2.263714e-01
upper bound estimate of eta = 6.366633e+00
lower bound estimate of eta = 6.306633e+00
upper bound estimate of delta = 8.160000e-01
lower bound estimate of delta = 8.000000e-01
minimum found at:
    iteration	            R	          eta	        delta	            E	         dEdR	       dEdeta	     dEddelta	    grad norm
            7	 3.239814e-01	 6.391190e+00	 1.917244e-08	-1.377051e-01	-5.761073e-08	 0.000000e+00	 1.619075e-09	 5.763347e-08
success!


parameter values for minimization:
K33 = 2.000000e+01
k24 = 3.000000e-01
Lambda = 1.000000e+00
d0 = 1.000000e+00
omega = 1.000000e-01
gamma_s = 5.727273e-02
initial guesses for R, eta, and delta:
guess for R = 3.239814e-01
guess for eta = 6.336633e+00
guess for delta = 8.100000e-01
estimated ranges of R, eta, and delta:
upper bound estimate of R = 4.859721e-01
lower bound estimate of R = 2.429860e-01
upper bound estimate of eta = 6.366633e+00
lower bound estimate of eta = 6.306633e+00
upper bound estimate of delta = 8.160000e-01
lower bound estimate of delta = 8.000000e-01
minimum found at:
    iteration	            R	          eta	        delta	            E	         dEdR	       dEdeta	     dEddelta	    grad norm
           13	 3.467934e-01	 6.376421e+00	 4.239375e-08	-1.142004e-01	 2.627222e-09	-1.233581e-10	 1.202742e-08	 1.231163e-08
success!


parameter values for minimization:
K33 = 2.000000e+01
k24 = 3.000000e-01
Lambda = 1.000000e+00
d0 = 1.000000e+00
omega = 1.000000e-01
gamma_s = 6.121212e-02
initial guesses for R, eta, and delta:
guess for R = 3.467934e-01
guess for eta = 6.336633e+00
guess for delta = 8.100000e-01
estimated ranges of R, eta, and delta:
upper bound estimate of R = 5.201901e-01
lower bound estimate of R = 2.600950e-01
upper bound estimate of eta = 6.366633e+00
lower bound estimate of eta = 6.306633e+00
upper bound estimate of delta = 8.160000e-01
lower bound estimate of delta = 8.000000e-01
minimum found at:
    iteration	            R	          eta	        delta	            E	         dEdR	       dEdeta	     dEddelta	    grad norm
           12	 3.702976e-01	 6.465558e+00	-1.258929e-07	-9.221464e-02	-2.208963e-08	 0.000000e+00	-1.015391e-07	 1.039141e-07
success!


parameter values for minimization:
K33 = 2.000000e+01
k24 = 3.000000e-01
Lambda = 1.000000e+00
d0 = 1.000000e+00
omega = 1.000000e-01
gamma_s = 6.515152e-02
initial guesses for R, eta, and delta:
guess for R = 3.702976e-01
guess for eta = 6.336633e+00
guess for delta = 8.100000e-01
estimated ranges of R, eta, and delta:
upper bound estimate of R = 5.554464e-01
lower bound estimate of R = 2.777232e-01
upper bound estimate of eta = 6.366633e+00
lower bound estimate of eta = 6.306633e+00
upper bound estimate of delta = 8.160000e-01
lower bound estimate of delta = 8.000000e-01
minimum found at:
    iteration	            R	          eta	        delta	            E	         dEdR	       dEdeta	     dEddelta	    grad norm
           11	 3.945249e-01	 6.380457e+00	 2.227400e-07	-7.160151e-02	-6.527060e-08	 0.000000e+00	 9.934183e-08	 1.188657e-07
success!


parameter values for minimization:
K33 = 2.000000e+01
k24 = 3.000000e-01
Lambda = 1.000000e+00
d0 = 1.000000e+00
omega = 1.000000e-01
gamma_s = 6.909091e-02
initial guesses for R, eta, and delta:
guess for R = 3.945249e-01
guess for eta = 6.336633e+00
guess for delta = 8.100000e-01
estimated ranges of R, eta, and delta:
upper bound estimate of R = 5.917874e-01
lower bound estimate of R = 2.958937e-01
upper bound estimate of eta = 6.366633e+00
lower bound estimate of eta = 6.306633e+00
upper bound estimate of delta = 8.160000e-01
lower bound estimate of delta = 8.000000e-01
the initial guesses were not good, did not successfully find a minimum.
RETRYING!
minimum found at:
    iteration	            R	          eta	        delta	            E	         dEdR	       dEdeta	     dEddelta	    grad norm
            1	 4.195041e-01	 6.379720e+00	-4.419384e-07	-5.223488e-02	-1.798155e-09	 3.083953e-11	-2.504612e-07	 2.504677e-07
success!


parameter values for minimization:
K33 = 2.000000e+01
k24 = 3.000000e-01
Lambda = 1.000000e+00
d0 = 1.000000e+00
omega = 1.000000e-01
gamma_s = 7.303030e-02
initial guesses for R, eta, and delta:
guess for R = 4.195041e-01
guess for eta = 6.336633e+00
guess for delta = 8.100000e-01
estimated ranges of R, eta, and delta:
upper bound estimate of R = 6.292562e-01
lower bound estimate of R = 3.146281e-01
upper bound estimate of eta = 6.366633e+00
lower bound estimate of eta = 6.306633e+00
upper bound estimate of delta = 8.160000e-01
lower bound estimate of delta = 8.000000e-01
the initial guesses were not good, did not successfully find a minimum.
RETRYING!
minimum found at:
    iteration	            R	          eta	        delta	            E	         dEdR	       dEdeta	     dEddelta	    grad norm
            1	 4.452622e-01	 6.402973e+00	-1.149464e-06	-3.400494e-02	-1.157211e-08	-3.238150e-10	-7.044134e-07	 7.045085e-07
success!


parameter values for minimization:
K33 = 2.000000e+01
k24 = 3.000000e-01
Lambda = 1.000000e+00
d0 = 1.000000e+00
omega = 1.000000e-01
gamma_s = 7.696970e-02
initial guesses for R, eta, and delta:
guess for R = 4.452622e-01
guess for eta = 6.336633e+00
guess for delta = 8.100000e-01
estimated ranges of R, eta, and delta:
upper bound estimate of R = 6.678933e-01
lower bound estimate of R = 3.339467e-01
upper bound estimate of eta = 6.366633e+00
lower bound estimate of eta = 6.306633e+00
upper bound estimate of delta = 8.160000e-01
lower bound estimate of delta = 8.000000e-01
the initial guesses were not good, did not successfully find a minimum.
RETRYING!
minimum found at:
    iteration	            R	          eta	        delta	            E	         dEdR	       dEdeta	     dEddelta	    grad norm
            3	 4.718252e-01	 6.398630e+00	 1.150575e-10	-1.681538e-02	 8.366567e-11	 3.083953e-11	 9.048882e-12	 8.962646e-11
success!


parameter values for minimization:
K33 = 2.000000e+01
k24 = 3.000000e-01
Lambda = 1.000000e+00
d0 = 1.000000e+00
omega = 1.000000e-01
gamma_s = 8.090909e-02
initial guesses for R, eta, and delta:
guess for R = 4.718252e-01
guess for eta = 6.336633e+00
guess for delta = 8.100000e-01
estimated ranges of R, eta, and delta:
upper bound estimate of R = 7.077378e-01
lower bound estimate of R = 3.538689e-01
upper bound estimate of eta = 6.366633e+00
lower bound estimate of eta = 6.306633e+00
upper bound estimate of delta = 8.160000e-01
lower bound estimate of delta = 8.000000e-01
the initial guesses were not good, did not successfully find a minimum.
RETRYING!
minimum found at:
    iteration	            R	          eta	        delta	            E	         dEdR	       dEdeta	     dEddelta	    grad norm
            4	 4.992179e-01	 6.314428e+00	 6.676948e-10	-5.812512e-04	 4.130725e-09	 0.000000e+00	 1.268339e-09	 4.321061e-09
success!


parameter values for minimization:
K33 = 2.000000e+01
k24 = 3.000000e-01
Lambda = 1.000000e+00
d0 = 1.000000e+00
omega = 1.000000e-01
gamma_s = 8.484848e-02
initial guesses for R, eta, and delta:
guess for R = 4.992179e-01
guess for eta = 6.336633e+00
guess for delta = 8.100000e-01
estimated ranges of R, eta, and delta:
upper bound estimate of R = 7.488268e-01
lower bound estimate of R = 3.744134e-01
upper bound estimate of eta = 6.366633e+00
lower bound estimate of eta = 6.306633e+00
upper bound estimate of delta = 8.160000e-01
lower bound estimate of delta = 8.000000e-01
the initial guesses were not good, did not successfully find a minimum.
RETRYING!
minimum found at:
    iteration	            R	          eta	        delta	            E	         dEdR	       dEdeta	     dEddelta	    grad norm
            4	 5.274645e-01	 6.388959e+00	-1.314514e-08	 1.477284e-02	 5.162882e-09	 3.932040e-10	-1.481172e-08	 1.569067e-08
success!


parameter values for minimization:
K33 = 2.000000e+01
k24 = 3.000000e-01
Lambda = 1.000000e+00
d0 = 1.000000e+00
omega = 1.000000e-01
gamma_s = 8.878788e-02
initial guesses for R, eta, and delta:
guess for R = 5.274645e-01
guess for eta = 6.336633e+00
guess for delta = 8.100000e-01
estimated ranges of R, eta, and delta:
upper bound estimate of R = 7.911968e-01
lower bound estimate of R = 3.955984e-01
upper bound estimate of eta = 6.366633e+00
lower bound estimate of eta = 6.306633e+00
upper bound estimate of delta = 8.160000e-01
lower bound estimate of delta = 8.000000e-01
the initial guesses were not good, did not successfully find a minimum.
RETRYING!
minimum found at:
    iteration	            R	          eta	        delta	            E	         dEdR	       dEdeta	     dEddelta	    grad norm
            4	 5.565886e-01	 6.354500e+00	 6.741603e-10	 2.931412e-02	 1.714656e-09	 0.000000e+00	 1.198171e-09	 2.091807e-09
success!


parameter values for minimization:
K33 = 2.000000e+01
k24 = 3.000000e-01
Lambda = 1.000000e+00
d0 = 1.000000e+00
omega = 1.000000e-01
gamma_s = 9.272727e-02
initial guesses for R, eta, and delta:
guess for R = 5.565886e-01
guess for eta = 6.336633e+00
guess for delta = 8.100000e-01
estimated ranges of R, eta, and delta:
upper bound estimate of R = 8.348829e-01
lower bound estimate of R = 4.174414e-01
upper bound estimate of eta = 6.366633e+00
lower bound estimate of eta = 6.306633e+00
upper bound estimate of delta = 8.160000e-01
lower bound estimate of delta = 8.000000e-01
the initial guesses were not good, did not successfully find a minimum.
RETRYING!
minimum found at:
    iteration	            R	          eta	        delta	            E	         dEdR	       dEdeta	     dEddelta	    grad norm
            3	 5.866133e-01	 6.350573e+00	-9.426514e-12	 4.310285e-02	 8.237838e-10	 3.854941e-10	-1.489792e-10	 9.216400e-10
success!


parameter values for minimization:
K33 = 2.000000e+01
k24 = 3.000000e-01
Lambda = 1.000000e+00
d0 = 1.000000e+00
omega = 1.000000e-01
gamma_s = 9.666667e-02
initial guesses for R, eta, and delta:
guess for R = 5.866133e-01
guess for eta = 6.336633e+00
guess for delta = 8.100000e-01
estimated ranges of R, eta, and delta:
upper bound estimate of R = 8.799200e-01
lower bound estimate of R = 4.399600e-01
upper bound estimate of eta = 6.366633e+00
lower bound estimate of eta = 6.306633e+00
upper bound estimate of delta = 8.160000e-01
lower bound estimate of delta = 8.000000e-01
x[1] = 1.466595e+00, x[2] = 6.343309e+00, x[3] = -4.560186e+00
something is too big or less than zero, so returning failed calculation.
the initial guesses were not good, did not successfully find a minimum.
RETRYING!
minimum found at:
    iteration	            R	          eta	        delta	            E	         dEdR	       dEdeta	     dEddelta	    grad norm
            4	 6.175614e-01	 6.357677e+00	-1.752676e-08	 5.619321e-02	-2.321199e-08	 2.536081e-11	-4.186466e-08	 4.786906e-08
success!


parameter values for minimization:
K33 = 2.000000e+01
k24 = 3.000000e-01
Lambda = 1.000000e+00
d0 = 1.000000e+00
omega = 1.000000e-01
gamma_s = 1.006061e-01
initial guesses for R, eta, and delta:
guess for R = 6.175614e-01
guess for eta = 6.336633e+00
guess for delta = 8.100000e-01
estimated ranges of R, eta, and delta:
upper bound estimate of R = 9.263421e-01
lower bound estimate of R = 4.631711e-01
upper bound estimate of eta = 6.366633e+00
lower bound estimate of eta = 6.306633e+00
upper bound estimate of delta = 8.160000e-01
lower bound estimate of delta = 8.000000e-01
the initial guesses were not good, did not successfully find a minimum.
RETRYING!
minimum found at:
    iteration	            R	          eta	        delta	            E	         dEdR	       dEdeta	     dEddelta	    grad norm
            4	 6.494557e-01	 6.347364e+00	-2.289597e-10	 6.863416e-02	 3.517231e-10	-1.696174e-10	-5.769624e-10	 6.966813e-10
success!


parameter values for minimization:
K33 = 2.000000e+01
k24 = 3.000000e-01
Lambda = 1.000000e+00
d0 = 1.000000e+00
omega = 1.000000e-01
gamma_s = 1.045455e-01
initial guesses for R, eta, and delta:
guess for R = 6.494557e-01
guess for eta = 6.336633e+00
guess for delta = 8.100000e-01
estimated ranges of R, eta, and delta:
upper bound estimate of R = 9.741836e-01
lower bound estimate of R = 4.870918e-01
upper bound estimate of eta = 6.366633e+00
lower bound estimate of eta = 6.306633e+00
upper bound estimate of delta = 8.160000e-01
lower bound estimate of delta = 8.000000e-01
the initial guesses were not good, did not successfully find a minimum.
RETRYING!
minimum found at:
    iteration	            R	          eta	        delta	            E	         dEdR	       dEdeta	     dEddelta	    grad norm
            6	 6.823185e-01	 6.327369e+00	-5.532808e-10	 8.047003e-02	-1.349673e-09	-1.040834e-10	-2.021991e-09	 2.433289e-09
success!


parameter values for minimization:
K33 = 2.000000e+01
k24 = 3.000000e-01
Lambda = 1.000000e+00
d0 = 1.000000e+00
omega = 1.000000e-01
gamma_s = 1.084848e-01
initial guesses for R, eta, and delta:
guess for R = 6.823185e-01
guess for eta = 6.336633e+00
guess for delta = 8.100000e-01
estimated ranges of R, eta, and delta:
upper bound estimate of R = 1.023478e+00
lower bound estimate of R = 5.117389e-01
upper bound estimate of eta = 6.366633e+00
lower bound estimate of eta = 6.306633e+00
upper bound estimate of delta = 8.160000e-01
lower bound estimate of delta = 8.000000e-01
x[1] = 2.726763e+00, x[2] = 7.056087e+00, x[3] = -1.741468e+00
something is too big or less than zero, so returning failed calculation.
minimum found at:
    iteration	            R	          eta	        delta	            E	         dEdR	       dEdeta	     dEddelta	    grad norm
           10	 7.161724e-01	 6.561996e+00	-2.512042e-07	 9.174113e-02	-1.141343e-08	-2.312965e-10	-6.187180e-07	 6.188233e-07
success!


parameter values for minimization:
K33 = 2.000000e+01
k24 = 3.000000e-01
Lambda = 1.000000e+00
d0 = 1.000000e+00
omega = 1.000000e-01
gamma_s = 1.124242e-01
initial guesses for R, eta, and delta:
guess for R = 7.161724e-01
guess for eta = 6.336633e+00
guess for delta = 8.100000e-01
estimated ranges of R, eta, and delta:
upper bound estimate of R = 1.074259e+00
lower bound estimate of R = 5.371293e-01
upper bound estimate of eta = 6.366633e+00
lower bound estimate of eta = 6.306633e+00
upper bound estimate of delta = 8.160000e-01
lower bound estimate of delta = 8.000000e-01
the initial guesses were not good, did not successfully find a minimum.
RETRYING!
minimum found at:
    iteration	            R	          eta	        delta	            E	         dEdR	       dEdeta	     dEddelta	    grad norm
            4	 7.510400e-01	 6.453480e+00	-9.666755e-09	 1.024842e-01	 1.690287e-09	 1.927471e-11	-2.338955e-08	 2.345056e-08
success!


parameter values for minimization:
K33 = 2.000000e+01
k24 = 3.000000e-01
Lambda = 1.000000e+00
d0 = 1.000000e+00
omega = 1.000000e-01
gamma_s = 1.163636e-01
initial guesses for R, eta, and delta:
guess for R = 7.510400e-01
guess for eta = 6.336633e+00
guess for delta = 8.100000e-01
estimated ranges of R, eta, and delta:
upper bound estimate of R = 1.126560e+00
lower bound estimate of R = 5.632800e-01
upper bound estimate of eta = 6.366633e+00
lower bound estimate of eta = 6.306633e+00
upper bound estimate of delta = 8.160000e-01
lower bound estimate of delta = 8.000000e-01
the initial guesses were not good, did not successfully find a minimum.
RETRYING!
minimum found at:
    iteration	            R	          eta	        delta	            E	         dEdR	       dEdeta	     dEddelta	    grad norm
            5	 7.869438e-01	 6.432176e+00	 4.878140e-09	 1.127328e-01	-6.313139e-09	-3.854941e-12	 1.465603e-08	 1.595791e-08
success!


parameter values for minimization:
K33 = 2.000000e+01
k24 = 3.000000e-01
Lambda = 1.000000e+00
d0 = 1.000000e+00
omega = 1.000000e-01
gamma_s = 1.203030e-01
initial guesses for R, eta, and delta:
guess for R = 7.869438e-01
guess for eta = 6.336633e+00
guess for delta = 8.100000e-01
estimated ranges of R, eta, and delta:
upper bound estimate of R = 1.180416e+00
lower bound estimate of R = 5.902078e-01
upper bound estimate of eta = 6.366633e+00
lower bound estimate of eta = 6.306633e+00
upper bound estimate of delta = 8.160000e-01
lower bound estimate of delta = 8.000000e-01
the initial guesses were not good, did not successfully find a minimum.
RETRYING!
minimum found at:
    iteration	            R	          eta	        delta	            E	         dEdR	       dEdeta	     dEddelta	    grad norm
            5	 8.239069e-01	 6.394143e+00	-4.756780e-11	 1.225178e-01	 3.512427e-11	-3.854941e-11	-2.327157e-10	 2.384876e-10
success!


parameter values for minimization:
K33 = 2.000000e+01
k24 = 3.000000e-01
Lambda = 1.000000e+00
d0 = 1.000000e+00
omega = 1.000000e-01
gamma_s = 1.242424e-01
initial guesses for R, eta, and delta:
guess for R = 8.239069e-01
guess for eta = 6.336633e+00
guess for delta = 8.100000e-01
estimated ranges of R, eta, and delta:
upper bound estimate of R = 1.235860e+00
lower bound estimate of R = 6.179302e-01
upper bound estimate of eta = 6.366633e+00
lower bound estimate of eta = 6.306633e+00
upper bound estimate of delta = 8.160000e-01
lower bound estimate of delta = 8.000000e-01
the initial guesses were not good, did not successfully find a minimum.
RETRYING!
minimum found at:
    iteration	            R	          eta	        delta	            E	         dEdR	       dEdeta	     dEddelta	    grad norm
            5	 8.619525e-01	 6.489203e+00	 4.696863e-09	 1.318673e-01	 4.496173e-09	 1.002285e-10	 1.538462e-08	 1.602848e-08
success!


parameter values for minimization:
K33 = 2.000000e+01
k24 = 3.000000e-01
Lambda = 1.000000e+00
d0 = 1.000000e+00
omega = 1.000000e-01
gamma_s = 1.281818e-01
initial guesses for R, eta, and delta:
guess for R = 8.619525e-01
guess for eta = 6.336633e+00
guess for delta = 8.100000e-01
estimated ranges of R, eta, and delta:
upper bound estimate of R = 1.292929e+00
lower bound estimate of R = 6.464644e-01
upper bound estimate of eta = 6.366633e+00
lower bound estimate of eta = 6.306633e+00
upper bound estimate of delta = 8.160000e-01
lower bound estimate of delta = 8.000000e-01
x[1] = 6.368831e+00, x[2] = 7.639317e+00, x[3] = -5.617611e+00
something is too big or less than zero, so returning failed calculation.
the initial guesses were not good, did not successfully find a minimum.
RETRYING!
minimum found at:
    iteration	            R	          eta	        delta	            E	         dEdR	       dEdeta	     dEddelta	    grad norm
            3	 9.011041e-01	 6.525538e+00	-1.084347e-10	 1.408074e-01	 9.516613e-10	-2.235866e-10	-3.732939e-10	 1.046422e-09
success!


parameter values for minimization:
K33 = 2.000000e+01
k24 = 3.000000e-01
Lambda = 1.000000e+00
d0 = 1.000000e+00
omega = 1.000000e-01
gamma_s = 1.321212e-01
initial guesses for R, eta, and delta:
guess for R = 9.011041e-01
guess for eta = 6.336633e+00
guess for delta = 8.100000e-01
estimated ranges of R, eta, and delta:
upper bound estimate of R = 1.351656e+00
lower bound estimate of R = 6.758281e-01
upper bound estimate of eta = 6.366633e+00
lower bound estimate of eta = 6.306633e+00
upper bound estimate of delta = 8.160000e-01
lower bound estimate of delta = 8.000000e-01
the initial guesses were not good, did not successfully find a minimum.
RETRYING!
minimum found at:
    iteration	            R	          eta	        delta	            E	         dEdR	       dEdeta	     dEddelta	    grad norm
            3	 9.413858e-01	 6.329138e+00	 5.331198e-11	 1.493619e-01	 1.798403e-09	-2.312965e-11	 4.988287e-10	 1.866445e-09
success!


parameter values for minimization:
K33 = 2.000000e+01
k24 = 3.000000e-01
Lambda = 1.000000e+00
d0 = 1.000000e+00
omega = 1.000000e-01
gamma_s = 1.360606e-01
initial guesses for R, eta, and delta:
guess for R = 9.413858e-01
guess for eta = 6.336633e+00
guess for delta = 8.100000e-01
estimated ranges of R, eta, and delta:
upper bound estimate of R = 1.412079e+00
lower bound estimate of R = 7.060394e-01
upper bound estimate of eta = 6.366633e+00
lower bound estimate of eta = 6.306633e+00
upper bound estimate of delta = 8.160000e-01
lower bound estimate of delta = 8.000000e-01
the initial guesses were not good, did not successfully find a minimum.
RETRYING!
minimum found at:
    iteration	            R	          eta	        delta	            E	         dEdR	       dEdeta	     dEddelta	    grad norm
            3	 9.828221e-01	 6.445653e+00	 9.229233e-10	 1.575531e-01	-2.577297e-08	-3.083953e-11	 4.948135e-09	 2.624368e-08
success!


parameter values for minimization:
K33 = 2.000000e+01
k24 = 3.000000e-01
Lambda = 1.000000e+00
d0 = 1.000000e+00
omega = 1.000000e-01
gamma_s = 1.400000e-01
initial guesses for R, eta, and delta:
guess for R = 9.828221e-01
guess for eta = 6.336633e+00
guess for delta = 8.100000e-01
estimated ranges of R, eta, and delta:
upper bound estimate of R = 1.474233e+00
lower bound estimate of R = 7.371166e-01
upper bound estimate of eta = 6.366633e+00
lower bound estimate of eta = 6.306633e+00
upper bound estimate of delta = 8.160000e-01
lower bound estimate of delta = 8.000000e-01
the initial guesses were not good, did not successfully find a minimum.
RETRYING!
minimum found at:
    iteration	            R	          eta	        delta	            E	         dEdR	       dEdeta	     dEddelta	    grad norm
            5	 1.025439e+00	 6.596386e+00	 1.248401e-09	 1.654015e-01	-1.250084e-09	-2.621360e-10	 6.039066e-09	 6.172660e-09
success!


parameter values for minimization:
K33 = 2.000000e+01
k24 = 3.000000e-01
Lambda = 1.000000e+00
d0 = 1.000000e+00
omega = 1.000000e-01
gamma_s = 1.439394e-01
initial guesses for R, eta, and delta:
guess for R = 1.025439e+00
guess for eta = 6.336633e+00
guess for delta = 8.100000e-01
estimated ranges of R, eta, and delta:
upper bound estimate of R = 1.538158e+00
lower bound estimate of R = 7.690792e-01
upper bound estimate of eta = 6.366633e+00
lower bound estimate of eta = 6.306633e+00
upper bound estimate of delta = 8.160000e-01
lower bound estimate of delta = 8.000000e-01
the initial guesses were not good, did not successfully find a minimum.
RETRYING!
minimum found at:
    iteration	            R	          eta	        delta	            E	         dEdR	       dEdeta	     dEddelta	    grad norm
            3	 1.069261e+00	 6.292270e+00	-1.484039e-10	 1.729259e-01	-9.372505e-10	-1.696174e-10	-1.805667e-09	 2.041480e-09
success!


parameter values for minimization:
K33 = 2.000000e+01
k24 = 3.000000e-01
Lambda = 1.000000e+00
d0 = 1.000000e+00
omega = 1.000000e-01
gamma_s = 1.478788e-01
initial guesses for R, eta, and delta:
guess for R = 1.069261e+00
guess for eta = 6.336633e+00
guess for delta = 8.100000e-01
estimated ranges of R, eta, and delta:
upper bound estimate of R = 1.603892e+00
lower bound estimate of R = 8.019458e-01
upper bound estimate of eta = 6.366633e+00
lower bound estimate of eta = 6.306633e+00
upper bound estimate of delta = 8.160000e-01
lower bound estimate of delta = 8.000000e-01
x[1] = 3.134596e+00, x[2] = 6.704541e+00, x[3] = -1.259318e+00
something is too big or less than zero, so returning failed calculation.
the initial guesses were not good, did not successfully find a minimum.
RETRYING!
minimum found at:
    iteration	            R	          eta	        delta	            E	         dEdR	       dEdeta	     dEddelta	    grad norm
            3	 1.114317e+00	 6.510568e+00	-8.084475e-09	 1.801440e-01	-3.294527e-09	 5.396917e-11	-5.373412e-08	 5.383505e-08
success!


parameter values for minimization:
K33 = 2.000000e+01
k24 = 3.000000e-01
Lambda = 1.000000e+00
d0 = 1.000000e+00
omega = 1.000000e-01
gamma_s = 1.518182e-01
initial guesses for R, eta, and delta:
guess for R = 1.114317e+00
guess for eta = 6.336633e+00
guess for delta = 8.100000e-01
estimated ranges of R, eta, and delta:
upper bound estimate of R = 1.671476e+00
lower bound estimate of R = 8.357378e-01
upper bound estimate of eta = 6.366633e+00
lower bound estimate of eta = 6.306633e+00
upper bound estimate of delta = 8.160000e-01
lower bound estimate of delta = 8.000000e-01
the initial guesses were not good, did not successfully find a minimum.
RETRYING!
minimum found at:
    iteration	            R	          eta	        delta	            E	         dEdR	       dEdeta	     dEddelta	    grad norm
            4	 1.160634e+00	 6.248432e+00	 3.511344e-09	 1.870722e-01	 2.446488e-09	-7.709882e-12	 6.152486e-08	 6.157348e-08
success!


parameter values for minimization:
K33 = 2.000000e+01
k24 = 3.000000e-01
Lambda = 1.000000e+00
d0 = 1.000000e+00
omega = 1.000000e-01
gamma_s = 1.557576e-01
initial guesses for R, eta, and delta:
guess for R = 1.160634e+00
guess for eta = 6.336633e+00
guess for delta = 8.100000e-01
estimated ranges of R, eta, and delta:
upper bound estimate of R = 1.740951e+00
lower bound estimate of R = 8.704755e-01
upper bound estimate of eta = 6.366633e+00
lower bound estimate of eta = 6.306633e+00
upper bound estimate of delta = 8.160000e-01
lower bound estimate of delta = 8.000000e-01
x[1] = 1.536318e+00, x[2] = 7.380595e+00, x[3] = -4.859118e+00
something is too big or less than zero, so returning failed calculation.
the initial guesses were not good, did not successfully find a minimum.
RETRYING!
minimum found at:
    iteration	            R	          eta	        delta	            E	         dEdR	       dEdeta	     dEddelta	    grad norm
            4	 1.208241e+00	 6.524900e+00	-7.442743e-09	 1.937256e-01	 1.494788e-09	 1.156482e-10	-6.129694e-08	 6.131527e-08
success!


parameter values for minimization:
K33 = 2.000000e+01
k24 = 3.000000e-01
Lambda = 1.000000e+00
d0 = 1.000000e+00
omega = 1.000000e-01
gamma_s = 1.596970e-01
initial guesses for R, eta, and delta:
guess for R = 1.208241e+00
guess for eta = 6.336633e+00
guess for delta = 8.100000e-01
estimated ranges of R, eta, and delta:
upper bound estimate of R = 1.812361e+00
lower bound estimate of R = 9.061807e-01
upper bound estimate of eta = 6.366633e+00
lower bound estimate of eta = 6.306633e+00
upper bound estimate of delta = 8.160000e-01
lower bound estimate of delta = 8.000000e-01
the initial guesses were not good, did not successfully find a minimum.
RETRYING!
minimum found at:
    iteration	            R	          eta	        delta	            E	         dEdR	       dEdeta	     dEddelta	    grad norm
            6	 1.257168e+00	 6.651052e+00	-2.746070e-10	 2.001185e-01	 2.268858e-10	-4.780127e-10	-2.161827e-09	 2.225639e-09
success!


parameter values for minimization:
K33 = 2.000000e+01
k24 = 3.000000e-01
Lambda = 1.000000e+00
d0 = 1.000000e+00
omega = 1.000000e-01
gamma_s = 1.636364e-01
initial guesses for R, eta, and delta:
guess for R = 1.257168e+00
guess for eta = 6.336633e+00
guess for delta = 8.100000e-01
estimated ranges of R, eta, and delta:
upper bound estimate of R = 1.885752e+00
lower bound estimate of R = 9.428760e-01
upper bound estimate of eta = 6.366633e+00
lower bound estimate of eta = 6.306633e+00
upper bound estimate of delta = 8.160000e-01
lower bound estimate of delta = 8.000000e-01
x[1] = -3.982926e-01, x[2] = 8.488002e+00, x[3] = -3.511762e+00
something is too big or less than zero, so returning failed calculation.
the initial guesses were not good, did not successfully find a minimum.
RETRYING!
minimum found at:
    iteration	            R	          eta	        delta	            E	         dEdR	       dEdeta	     dEddelta	    grad norm
            5	 1.307447e+00	 6.769199e+00	-1.814041e-09	 2.062640e-01	 3.028046e-10	 7.709882e-12	-1.845392e-08	 1.845640e-08
success!


parameter values for minimization:
K33 = 2.000000e+01
k24 = 3.000000e-01
Lambda = 1.000000e+00
d0 = 1.000000e+00
omega = 1.000000e-01
gamma_s = 1.675758e-01
initial guesses for R, eta, and delta:
guess for R = 1.307447e+00
guess for eta = 6.336633e+00
guess for delta = 8.100000e-01
estimated ranges of R, eta, and delta:
upper bound estimate of R = 1.961171e+00
lower bound estimate of R = 9.805853e-01
upper bound estimate of eta = 6.366633e+00
lower bound estimate of eta = 6.306633e+00
upper bound estimate of delta = 8.160000e-01
lower bound estimate of delta = 8.000000e-01
the initial guesses were not good, did not successfully find a minimum.
RETRYING!
minimum found at:
    iteration	            R	          eta	        delta	            E	         dEdR	       dEdeta	     dEddelta	    grad norm
            7	 1.359113e+00	 6.373175e+00	 3.697630e-12	 2.121746e-01	 4.332447e-11	 3.161052e-10	 1.161851e-10	 3.395563e-10
success!


parameter values for minimization:
K33 = 2.000000e+01
k24 = 3.000000e-01
Lambda = 1.000000e+00
d0 = 1.000000e+00
omega = 1.000000e-01
gamma_s = 1.715152e-01
initial guesses for R, eta, and delta:
guess for R = 1.359113e+00
guess for eta = 6.336633e+00
guess for delta = 8.100000e-01
estimated ranges of R, eta, and delta:
upper bound estimate of R = 2.038670e+00
lower bound estimate of R = 1.019335e+00
upper bound estimate of eta = 6.366633e+00
lower bound estimate of eta = 6.306633e+00
upper bound estimate of delta = 8.160000e-01
lower bound estimate of delta = 8.000000e-01
the initial guesses were not good, did not successfully find a minimum.
RETRYING!
x[1] = 8.420519e-01, x[2] = 5.785705e+00, x[3] = -3.302354e+00
something is too big or less than zero, so returning failed calculation.
minimum found at:
    iteration	            R	          eta	        delta	            E	         dEdR	       dEdeta	     dEddelta	    grad norm
            8	 1.412199e+00	 6.290765e+00	 6.742168e-11	 2.178618e-01	 5.663472e-10	 2.621360e-10	 1.731006e-09	 1.840067e-09
success!


parameter values for minimization:
K33 = 2.000000e+01
k24 = 3.000000e-01
Lambda = 1.000000e+00
d0 = 1.000000e+00
omega = 1.000000e-01
gamma_s = 1.754545e-01
initial guesses for R, eta, and delta:
guess for R = 1.412199e+00
guess for eta = 6.336633e+00
guess for delta = 8.100000e-01
estimated ranges of R, eta, and delta:
upper bound estimate of R = 2.118298e+00
lower bound estimate of R = 1.059149e+00
upper bound estimate of eta = 6.366633e+00
lower bound estimate of eta = 6.306633e+00
upper bound estimate of delta = 8.160000e-01
lower bound estimate of delta = 8.000000e-01
the initial guesses were not good, did not successfully find a minimum.
RETRYING!
minimum found at:
    iteration	            R	          eta	        delta	            E	         dEdR	       dEdeta	     dEddelta	    grad norm
            8	 1.466745e+00	 6.436296e+00	-1.613576e-09	 2.233363e-01	 2.033380e-09	 2.004569e-10	-2.748158e-08	 2.755743e-08
success!


parameter values for minimization:
K33 = 2.000000e+01
k24 = 3.000000e-01
Lambda = 1.000000e+00
d0 = 1.000000e+00
omega = 1.000000e-01
gamma_s = 1.793939e-01
initial guesses for R, eta, and delta:
guess for R = 1.466745e+00
guess for eta = 6.336633e+00
guess for delta = 8.100000e-01
estimated ranges of R, eta, and delta:
upper bound estimate of R = 2.200118e+00
lower bound estimate of R = 1.100059e+00
upper bound estimate of eta = 6.366633e+00
lower bound estimate of eta = 6.306633e+00
upper bound estimate of delta = 8.160000e-01
lower bound estimate of delta = 8.000000e-01
x[1] = -4.225310e+00, x[2] = 6.214864e+00, x[3] = 2.395287e-01
something is too big or less than zero, so returning failed calculation.
the initial guesses were not good, did not successfully find a minimum.
RETRYING!
minimum found at:
    iteration	            R	          eta	        delta	            E	         dEdR	       dEdeta	     dEddelta	    grad norm
            9	 1.522788e+00	 6.366485e+00	-1.728224e-10	 2.286083e-01	-2.034371e-10	-2.158767e-10	-3.841380e-09	 3.852816e-09
success!


parameter values for minimization:
K33 = 2.000000e+01
k24 = 3.000000e-01
Lambda = 1.000000e+00
d0 = 1.000000e+00
omega = 1.000000e-01
gamma_s = 1.833333e-01
initial guesses for R, eta, and delta:
guess for R = 1.522788e+00
guess for eta = 6.336633e+00
guess for delta = 8.100000e-01
estimated ranges of R, eta, and delta:
upper bound estimate of R = 2.284182e+00
lower bound estimate of R = 1.142091e+00
upper bound estimate of eta = 6.366633e+00
lower bound estimate of eta = 6.306633e+00
upper bound estimate of delta = 8.160000e-01
lower bound estimate of delta = 8.000000e-01
the initial guesses were not good, did not successfully find a minimum.
RETRYING!
minimum found at:
    iteration	            R	          eta	        delta	            E	         dEdR	       dEdeta	     dEddelta	    grad norm
            6	 1.580373e+00	 6.364718e+00	-4.337671e-10	 2.336872e-01	-2.220897e-10	 7.709882e-12	-1.069037e-08	 1.069268e-08
success!


parameter values for minimization:
K33 = 2.000000e+01
k24 = 3.000000e-01
Lambda = 1.000000e+00
d0 = 1.000000e+00
omega = 1.000000e-01
gamma_s = 1.872727e-01
initial guesses for R, eta, and delta:
guess for R = 1.580373e+00
guess for eta = 6.336633e+00
guess for delta = 8.100000e-01
estimated ranges of R, eta, and delta:
upper bound estimate of R = 2.370560e+00
lower bound estimate of R = 1.185280e+00
upper bound estimate of eta = 6.366633e+00
lower bound estimate of eta = 6.306633e+00
upper bound estimate of delta = 8.160000e-01
lower bound estimate of delta = 8.000000e-01
the initial guesses were not good, did not successfully find a minimum.
RETRYING!
minimum found at:
    iteration	            R	          eta	        delta	            E	         dEdR	       dEdeta	     dEddelta	    grad norm
            9	 1.639545e+00	 6.468049e+00	 3.315291e-10	 2.385819e-01	-7.274730e-11	-1.310680e-10	 7.104013e-09	 7.105595e-09
success!


parameter values for minimization:
K33 = 2.000000e+01
k24 = 3.000000e-01
Lambda = 1.000000e+00
d0 = 1.000000e+00
omega = 1.000000e-01
gamma_s = 1.912121e-01
initial guesses for R, eta, and delta:
guess for R = 1.639545e+00
guess for eta = 6.336633e+00
guess for delta = 8.100000e-01
estimated ranges of R, eta, and delta:
upper bound estimate of R = 2.459318e+00
lower bound estimate of R = 1.229659e+00
upper bound estimate of eta = 6.366633e+00
lower bound estimate of eta = 6.306633e+00
upper bound estimate of delta = 8.160000e-01
lower bound estimate of delta = 8.000000e-01
the initial guesses were not good, did not successfully find a minimum.
RETRYING!
x[1] = -5.895112e+00, x[2] = 6.340696e+00, x[3] = -1.806927e-02
something is too big or less than zero, so returning failed calculation.
x[1] = -3.981006e-02, x[2] = 6.448240e+00, x[3] = 3.273916e-01
something is too big or less than zero, so returning failed calculation.
the initial guesses were not good, did not successfully find a minimum.


parameter values for minimization:
K33 = 2.000000e+01
k24 = 3.000000e-01
Lambda = 1.000000e+00
d0 = 1.000000e+00
omega = 1.000000e-01
gamma_s = 1.912121e-01
initial guesses for R, eta, and delta:
guess for R = 1.000000e+00
guess for eta = 6.336633e+00
guess for delta = 8.100000e-01
estimated ranges of R, eta, and delta:
upper bound estimate of R = 1.500000e+00
lower bound estimate of R = 7.500000e-01
upper bound estimate of eta = 6.366633e+00
lower bound estimate of eta = 6.306633e+00
upper bound estimate of delta = 8.160000e-01
lower bound estimate of delta = 8.000000e-01
ss=2.781124586393e+29, lastss = 2.756860230239e+25
tol = 4.794948985352e-13
failed to integrate at x = (1.369463e+01,6.970612e+00,6.777084e-01)
solvde convergence failed when x = (1.369463e+01,6.970612e+00,6.777084e-01).
Retrying using a constant y value
the initial guesses were not good, did not successfully find a minimum.
RETRYING!
minimum found at:
    iteration	            R	          eta	        delta	            E	         dEdR	       dEdeta	     dEddelta	    grad norm
            8	 1.700353e+00	 6.251290e+00	-4.797790e-11	 2.433008e-01	-1.873286e-11	 7.709882e-12	-1.733631e-09	 1.733749e-09
success!


parameter values for minimization:
K33 = 2.000000e+01
k24 = 3.000000e-01
Lambda = 1.000000e+00
d0 = 1.000000e+00
omega = 1.000000e-01
gamma_s = 1.951515e-01
initial guesses for R, eta, and delta:
guess for R = 1.700353e+00
guess for eta = 6.336633e+00
guess for delta = 8.100000e-01
estimated ranges of R, eta, and delta:
upper bound estimate of R = 2.550530e+00
lower bound estimate of R = 1.275265e+00
upper bound estimate of eta = 6.366633e+00
lower bound estimate of eta = 6.306633e+00
upper bound estimate of delta = 8.160000e-01
lower bound estimate of delta = 8.000000e-01
ss=2.075369727379e+27, lastss = 4.381922854775e+23
tol = 3.810920839643e-14
failed to integrate at x = (3.626090e+00,6.538507e+00,8.077815e-01)
solvde convergence failed when x = (3.626090e+00,6.538507e+00,8.077815e-01).
Retrying using a constant y value
x[1] = 5.604911e+01, x[2] = 9.098733e+00, x[3] = -5.747320e+00
something is too big or less than zero, so returning failed calculation.
likely a maximizing (vs minimizing) solution for psi(r), as y[1][2]=-2.401713e-04  which usually means high energy.
solvde convergence failed when x = (1.155958e+01,6.884423e+00,-2.668284e-01).
Retrying using a constant y value
ss=1.333635304803e+20, lastss = 2.237097258079e+00
tol = 2.332546892519e-13
failed to integrate at x = (9.385493e+00,6.776215e+00,9.886392e-04)
solvde convergence failed when x = (9.385493e+00,6.776215e+00,9.886392e-04).
Retrying using a constant y value
ss=1.569260060502e+18, lastss = 3.138406237332e+18
tol = 2.338848065495e-13
failed to integrate at x = (9.395818e+00,6.776729e+00,-2.832461e-04)
solvde convergence failed when x = (9.395818e+00,6.776729e+00,-2.832461e-04).
Retrying using a constant y value
ss=3.871282429020e+18, lastss = -4.944934073878e+00
tol = 2.334948509451e-13
failed to integrate at x = (9.395818e+00,6.776729e+00,-2.832461e-04)
interpolating at R = 9.395818e+00, eta = 6.776729e+00, delta = -2.832461e-04...
done interpolating.
ss=5.591230104346e+19, lastss = 3.328732341192e+20
tol = 2.334941327782e-13
failed to integrate at x = (9.395818e+00,6.776729e+00,-2.832461e-04)
solvde convergence failed when x = (9.395818e+00,6.776729e+00,-2.832461e-04).
Retrying using a constant y value
ss=5.591230104346e+19, lastss = 3.328732341192e+20
tol = 2.334941327782e-13
failed to integrate at x = (9.395818e+00,6.776729e+00,-2.832461e-04)
interpolating at R = 9.395818e+00, eta = 6.776729e+00, delta = -2.832461e-04...
done interpolating.
ss=2.886903834752e+21, lastss = 4.584396626218e+21
tol = 2.334937729820e-13
failed to integrate at x = (9.395818e+00,6.776729e+00,-2.832461e-04)
solvde convergence failed when x = (9.395818e+00,6.776729e+00,-2.832461e-04).
Retrying using a constant y value
ss=6.823443576410e+21, lastss = -9.970695954121e-01
tol = 2.334934422252e-13
failed to integrate at x = (9.395818e+00,6.776729e+00,-2.832461e-04)
interpolating at R = 9.395818e+00, eta = 6.776729e+00, delta = -2.832461e-04...
done interpolating.
ss=8.923994526523e+22, lastss = 5.312889764628e+23
tol = 2.334932622028e-13
failed to integrate at x = (9.395818e+00,6.776729e+00,-2.832461e-04)
solvde convergence failed when x = (9.395818e+00,6.776729e+00,-2.832461e-04).
Retrying using a constant y value
ss=2.656476739437e+23, lastss = 1.865247093877e+00
tol = 2.334930968565e-13
failed to integrate at x = (9.395818e+00,6.776729e+00,-2.832461e-04)
failed calculation!
failed calculation!
failed calculation!
failed calculation!
failed calculation!
failed calculation!
failed calculation!
failed calculation!
failed calculation!
failed calculation!
failed calculation!
failed calculation!
Unsuccessful calculation of energy, set to failure value E = 1.000000e+300


parameter values for minimization:
K33 = 2.000000e+01
k24 = 3.000000e-01
Lambda = 1.000000e+00
d0 = 1.000000e+00
omega = 1.000000e-01
gamma_s = 1.951515e-01
initial guesses for R, eta, and delta:
guess for R = 1.000000e+00
guess for eta = 6.336633e+00
guess for delta = 8.100000e-01
estimated ranges of R, eta, and delta:
upper bound estimate of R = 1.500000e+00
lower bound estimate of R = 7.500000e-01
upper bound estimate of eta = 6.366633e+00
lower bound estimate of eta = 6.306633e+00
upper bound estimate of delta = 8.160000e-01
lower bound estimate of delta = 8.000000e-01
x[1] = -9.625881e+00, x[2] = 6.082854e+00, x[3] = 8.627371e-02
something is too big or less than zero, so returning failed calculation.
the initial guesses were not good, did not successfully find a minimum.
RETRYING!
minimum found at:
    iteration	            R	          eta	        delta	            E	         dEdR	       dEdeta	     dEddelta	    grad norm
            7	 1.762851e+00	 6.355118e+00	-4.468531e-11	 2.478517e-01	-4.259129e-11	 1.464878e-10	-1.520667e-09	 1.528300e-09
success!


parameter values for minimization:
K33 = 2.000000e+01
k24 = 3.000000e-01
Lambda = 1.000000e+00
d0 = 1.000000e+00
omega = 1.000000e-01
gamma_s = 1.990909e-01
initial guesses for R, eta, and delta:
guess for R = 1.762851e+00
guess for eta = 6.336633e+00
guess for delta = 8.100000e-01
estimated ranges of R, eta, and delta:
upper bound estimate of R = 2.644277e+00
lower bound estimate of R = 1.322138e+00
upper bound estimate of eta = 6.366633e+00
lower bound estimate of eta = 6.306633e+00
upper bound estimate of delta = 8.160000e-01
lower bound estimate of delta = 8.000000e-01
the initial guesses were not good, did not successfully find a minimum.
RETRYING!
x[1] = 2.039971e+01, x[2] = 6.523120e+00, x[3] = -4.753082e+00
something is too big or less than zero, so returning failed calculation.
x[1] = -3.041379e+00, x[2] = 6.459452e+00, x[3] = 3.158672e-03
something is too big or less than zero, so returning failed calculation.
minimum found at:
    iteration	            R	          eta	        delta	            E	         dEdR	       dEdeta	     dEddelta	    grad norm
            8	 1.827095e+00	 6.462647e+00	-3.689141e-09	 2.522419e-01	-5.770239e-09	-1.541976e-10	-1.105710e-07	 1.107216e-07
success!


parameter values for minimization:
K33 = 2.000000e+01
k24 = 3.000000e-01
Lambda = 1.000000e+00
d0 = 1.000000e+00
omega = 1.000000e-01
gamma_s = 2.030303e-01
initial guesses for R, eta, and delta:
guess for R = 1.827095e+00
guess for eta = 6.336633e+00
guess for delta = 8.100000e-01
estimated ranges of R, eta, and delta:
upper bound estimate of R = 2.740642e+00
lower bound estimate of R = 1.370321e+00
upper bound estimate of eta = 6.366633e+00
lower bound estimate of eta = 6.306633e+00
upper bound estimate of delta = 8.160000e-01
lower bound estimate of delta = 8.000000e-01
likely a maximizing (vs minimizing) solution for psi(r), as y[1][2]=-3.707723e-04  which usually means high energy.
solvde convergence failed when x = (4.528030e+00,6.523688e+00,8.080055e-01).
Retrying using a constant y value
x[1] = 2.613588e+01, x[2] = 8.020153e+00, x[3] = 7.920494e-01
something is too big or less than zero, so returning failed calculation.
the initial guesses were not good, did not successfully find a minimum.
RETRYING!
minimum found at:
    iteration	            R	          eta	        delta	            E	         dEdR	       dEdeta	     dEddelta	    grad norm
            8	 1.893151e+00	 6.438699e+00	-1.451577e-10	 2.564783e-01	 1.490808e-10	 2.621360e-10	-4.997033e-09	 5.006125e-09
success!


parameter values for minimization:
K33 = 2.000000e+01
k24 = 3.000000e-01
Lambda = 1.000000e+00
d0 = 1.000000e+00
omega = 1.000000e-01
gamma_s = 2.069697e-01
initial guesses for R, eta, and delta:
guess for R = 1.893151e+00
guess for eta = 6.336633e+00
guess for delta = 8.100000e-01
estimated ranges of R, eta, and delta:
upper bound estimate of R = 2.839727e+00
lower bound estimate of R = 1.419863e+00
upper bound estimate of eta = 6.366633e+00
lower bound estimate of eta = 6.306633e+00
upper bound estimate of delta = 8.160000e-01
lower bound estimate of delta = 8.000000e-01
likely a maximizing (vs minimizing) solution for psi(r), as y[1][2]=-1.521329e-04  which usually means high energy.
solvde convergence failed when x = (4.957526e+00,6.516112e+00,8.081149e-01).
Retrying using a constant y value
likely a maximizing (vs minimizing) solution for psi(r), as y[1][2]=-5.319741e-03  which usually means high energy.
solvde convergence failed when x = (2.947294e+01,7.951971e+00,7.930343e-01).
Retrying using a constant y value
ss=5.872186108973e+26, lastss = 6.653714022853e+25
tol = 2.156756419451e-12
failed to integrate at x = (2.947294e+01,7.951971e+00,7.930343e-01)
solvde convergence failed when x = (2.947294e+01,7.951971e+00,7.930343e-01).
Retrying using a constant y value
ss=5.872186108973e+26, lastss = 6.653714022853e+25
tol = 2.156756419451e-12
failed to integrate at x = (2.947294e+01,7.951971e+00,7.930343e-01)
interpolating at R = 2.947294e+01, eta = 7.951971e+00, delta = 7.930343e-01...
done interpolating.
ss=1.015189148459e+28, lastss = 2.171178806642e+28
tol = 2.156696816834e-12
failed to integrate at x = (2.947294e+01,7.951971e+00,7.930343e-01)
solvde convergence failed when x = (2.947294e+01,7.951971e+00,7.930343e-01).
Retrying using a constant y value
likely a maximizing (vs minimizing) solution for psi(r), as y[1][2]=-1.785890e-03  which usually means high energy.
Retrying with a linear guess and a final twist angle value of pi/4.
ss=1.743601082975e+29, lastss = 2.765891693039e+29
tol = 2.157926686816e-12
failed to integrate at x = (2.947294e+01,7.951971e+00,7.930343e-01)
interpolating at R = 2.947294e+01, eta = 7.951971e+00, delta = 7.930343e-01...
done interpolating.
ss=1.771391601555e+31, lastss = 1.054481468088e+32
tol = 2.157926686964e-12
failed to integrate at x = (2.947294e+01,7.951971e+00,7.930343e-01)
solvde convergence failed when x = (2.947294e+01,7.951971e+00,7.930343e-01).
Retrying using a constant y value
likely a maximizing (vs minimizing) solution for psi(r), as y[1][2]=-8.929443e-04  which usually means high energy.
Retrying with a linear guess and a final twist angle value of pi/4.
ss=1.488408786526e+30, lastss = 1.156132301415e+29
tol = 2.157926686964e-12
failed to integrate at x = (2.947294e+01,7.951971e+00,7.930343e-01)
interpolating at R = 2.947294e+01, eta = 7.951971e+00, delta = 7.930343e-01...
done interpolating.
ss=5.100856748081e+28, lastss = 1.032277508601e+29
tol = 2.157926687001e-12
failed to integrate at x = (2.947294e+01,7.951971e+00,7.930343e-01)
solvde convergence failed when x = (2.947294e+01,7.951971e+00,7.930343e-01).
Retrying using a constant y value
ss=1.037342763219e+32, lastss = 4.364930051543e+32
tol = 2.158155396454e-12
failed to integrate at x = (2.947294e+01,7.951971e+00,7.930343e-01)
failed calculation!
failed calculation!
failed calculation!
failed calculation!
failed calculation!
failed calculation!
failed calculation!
failed calculation!
failed calculation!
failed calculation!
failed calculation!
failed calculation!
failed calculation!
failed calculation!
failed calculation!
failed calculation!
failed calculation!
failed calculation!
failed calculation!
failed calculation!
failed calculation!
failed calculation!
failed calculation!
failed calculation!
minimum found at:
    iteration	            R	          eta	        delta	            E	         dEdR	       dEdeta	     dEddelta	    grad norm
            1	 4.957526e+00	 6.516112e+00	 8.081149e-01	1.000000e+300	 0.000000e+00	 0.000000e+00	 0.000000e+00	 0.000000e+00
success!


parameter values for minimization:
K33 = 2.000000e+01
k24 = 3.000000e-01
Lambda = 1.000000e+00
d0 = 1.000000e+00
omega = 1.000000e-01
gamma_s = 2.069697e-01
initial guesses for R, eta, and delta:
guess for R = 1.000000e+00
guess for eta = 6.516112e+00
guess for delta = 8.081149e-01
estimated ranges of R, eta, and delta:
upper bound estimate of R = 1.500000e+00
lower bound estimate of R = 7.500000e-01
upper bound estimate of eta = 6.546112e+00
lower bound estimate of eta = 6.486112e+00
upper bound estimate of delta = 8.101149e-01
lower bound estimate of delta = 8.031149e-01
likely a maximizing (vs minimizing) solution for psi(r), as y[1][2]=-1.552621e-03  which usually means high energy.
solvde convergence failed when x = (1.634321e+01,7.037384e+00,8.000970e-01).
Retrying using a constant y value
the initial guesses were not good, did not successfully find a minimum.
RETRYING!
x[1] = -3.609449e+00, x[2] = 6.297430e+00, x[3] = 3.956008e-01
something is too big or less than zero, so returning failed calculation.
x[1] = 1.181515e+00, x[2] = 7.063909e+00, x[3] = -1.732589e+00
something is too big or less than zero, so returning failed calculation.
the initial guesses were not good, did not successfully find a minimum.


parameter values for minimization:
K33 = 2.000000e+01
k24 = 3.000000e-01
Lambda = 1.000000e+00
d0 = 1.000000e+00
omega = 1.000000e-01
gamma_s = 2.069697e-01
initial guesses for R, eta, and delta:
guess for R = 1.000000e+00
guess for eta = 6.516112e+00
guess for delta = 0.000000e+00
estimated ranges of R, eta, and delta:
upper bound estimate of R = 1.500000e+00
lower bound estimate of R = 7.500000e-01
upper bound estimate of eta = 6.546112e+00
lower bound estimate of eta = 6.486112e+00
upper bound estimate of delta = 2.000000e-03
lower bound estimate of delta = -5.000000e-03
minimum found at:
    iteration	            R	          eta	        delta	            E	         dEdR	       dEdeta	     dEddelta	    grad norm
            3	 1.961086e+00	 6.516112e+00	-3.625385e-12	 2.605675e-01	-5.181041e-11	 5.242720e-10	 5.286776e-10	 7.463548e-10
success!


parameter values for minimization:
K33 = 2.000000e+01
k24 = 3.000000e-01
Lambda = 1.000000e+00
d0 = 1.000000e+00
omega = 1.000000e-01
gamma_s = 2.109091e-01
initial guesses for R, eta, and delta:
guess for R = 1.961086e+00
guess for eta = 6.516112e+00
guess for delta = -3.625385e-12
estimated ranges of R, eta, and delta:
upper bound estimate of R = 2.941629e+00
lower bound estimate of R = 1.470815e+00
upper bound estimate of eta = 6.546112e+00
lower bound estimate of eta = 6.486112e+00
upper bound estimate of delta = 2.000000e-03
lower bound estimate of delta = -5.000000e-03
minimum found at:
    iteration	            R	          eta	        delta	            E	         dEdR	       dEdeta	     dEddelta	    grad norm
            2	 2.030977e+00	 6.516112e+00	-7.510097e-12	 2.645154e-01	 4.562981e-09	 6.167906e-11	 6.872809e-09	 8.249855e-09
success!


parameter values for minimization:
K33 = 2.000000e+01
k24 = 3.000000e-01
Lambda = 1.000000e+00
d0 = 1.000000e+00
omega = 1.000000e-01
gamma_s = 2.148485e-01
initial guesses for R, eta, and delta:
guess for R = 2.030977e+00
guess for eta = 6.516112e+00
guess for delta = -7.510097e-12
estimated ranges of R, eta, and delta:
upper bound estimate of R = 3.046466e+00
lower bound estimate of R = 1.523233e+00
upper bound estimate of eta = 6.546112e+00
lower bound estimate of eta = 6.486112e+00
upper bound estimate of delta = 2.000000e-03
lower bound estimate of delta = -5.000000e-03
minimum found at:
    iteration	            R	          eta	        delta	            E	         dEdR	       dEdeta	     dEddelta	    grad norm
            2	 2.102910e+00	 6.516112e+00	-7.867631e-12	 2.683279e-01	 1.047736e-08	 0.000000e+00	-6.608470e-09	 1.238737e-08
success!


parameter values for minimization:
K33 = 2.000000e+01
k24 = 3.000000e-01
Lambda = 1.000000e+00
d0 = 1.000000e+00
omega = 1.000000e-01
gamma_s = 2.187879e-01
initial guesses for R, eta, and delta:
guess for R = 2.102910e+00
guess for eta = 6.516112e+00
guess for delta = -7.867631e-12
estimated ranges of R, eta, and delta:
upper bound estimate of R = 3.154365e+00
lower bound estimate of R = 1.577183e+00
upper bound estimate of eta = 6.546112e+00
lower bound estimate of eta = 6.486112e+00
upper bound estimate of delta = 2.000000e-03
lower bound estimate of delta = -5.000000e-03
minimum found at:
    iteration	            R	          eta	        delta	            E	         dEdR	       dEdeta	     dEddelta	    grad norm
            1	 2.176978e+00	 6.516112e+00	-9.815896e-12	 2.720104e-01	-2.111784e-11	 0.000000e+00	-4.229421e-09	 4.229474e-09
success!


parameter values for minimization:
K33 = 2.000000e+01
k24 = 3.000000e-01
Lambda = 1.000000e+00
d0 = 1.000000e+00
omega = 1.000000e-01
gamma_s = 2.227273e-01
initial guesses for R, eta, and delta:
guess for R = 2.176978e+00
guess for eta = 6.516112e+00
guess for delta = -9.815896e-12
estimated ranges of R, eta, and delta:
upper bound estimate of R = 3.265467e+00
lower bound estimate of R = 1.632734e+00
upper bound estimate of eta = 6.546112e+00
lower bound estimate of eta = 6.486112e+00
upper bound estimate of delta = 2.000000e-03
lower bound estimate of delta = -5.000000e-03
minimum found at:
    iteration	            R	          eta	        delta	            E	         dEdR	       dEdeta	     dEddelta	    grad norm
            1	 2.253287e+00	 6.516112e+00	-1.561456e-11	 2.755678e-01	-1.562516e-11	 6.167906e-11	 5.286776e-09	 5.287159e-09
success!


parameter values for minimization:
K33 = 2.000000e+01
k24 = 3.000000e-01
Lambda = 1.000000e+00
d0 = 1.000000e+00
omega = 1.000000e-01
gamma_s = 2.266667e-01
initial guesses for R, eta, and delta:
guess for R = 2.253287e+00
guess for eta = 6.516112e+00
guess for delta = -1.561456e-11
estimated ranges of R, eta, and delta:
upper bound estimate of R = 3.379930e+00
lower bound estimate of R = 1.689965e+00
upper bound estimate of eta = 6.546112e+00
lower bound estimate of eta = 6.486112e+00
upper bound estimate of delta = 2.000000e-03
lower bound estimate of delta = -5.000000e-03
minimum found at:
    iteration	            R	          eta	        delta	            E	         dEdR	       dEdeta	     dEddelta	    grad norm
            1	 2.331958e+00	 6.516112e+00	-1.584449e-11	 2.790051e-01	 1.642376e-11	-3.083953e-11	-4.229421e-09	 4.229565e-09
success!


parameter values for minimization:
K33 = 2.000000e+01
k24 = 3.000000e-01
Lambda = 1.000000e+00
d0 = 1.000000e+00
omega = 1.000000e-01
gamma_s = 2.306061e-01
initial guesses for R, eta, and delta:
guess for R = 2.331958e+00
guess for eta = 6.516112e+00
guess for delta = -1.584449e-11
estimated ranges of R, eta, and delta:
upper bound estimate of R = 3.497937e+00
lower bound estimate of R = 1.748969e+00
upper bound estimate of eta = 6.546112e+00
lower bound estimate of eta = 6.486112e+00
upper bound estimate of delta = 2.000000e-03
lower bound estimate of delta = -5.000000e-03
minimum found at:
    iteration	            R	          eta	        delta	            E	         dEdR	       dEdeta	     dEddelta	    grad norm
            2	 2.413128e+00	 6.516112e+00	-1.205236e-11	 2.823265e-01	-1.163777e-11	 2.775558e-10	-1.850372e-09	 1.871109e-09
success!


parameter values for minimization:
K33 = 2.000000e+01
k24 = 3.000000e-01
Lambda = 1.000000e+00
d0 = 1.000000e+00
omega = 1.000000e-01
gamma_s = 2.345455e-01
initial guesses for R, eta, and delta:
guess for R = 2.413128e+00
guess for eta = 6.516112e+00
guess for delta = -1.205236e-11
estimated ranges of R, eta, and delta:
upper bound estimate of R = 3.619692e+00
lower bound estimate of R = 1.809846e+00
upper bound estimate of eta = 6.546112e+00
lower bound estimate of eta = 6.486112e+00
upper bound estimate of delta = 2.000000e-03
lower bound estimate of delta = -5.000000e-03
minimum found at:
    iteration	            R	          eta	        delta	            E	         dEdR	       dEdeta	     dEddelta	    grad norm
            2	 2.496951e+00	 6.516112e+00	-1.250005e-11	 2.855363e-01	-1.533588e-11	 6.167906e-11	-2.114711e-09	 2.115665e-09
success!


parameter values for minimization:
K33 = 2.000000e+01
k24 = 3.000000e-01
Lambda = 1.000000e+00
d0 = 1.000000e+00
omega = 1.000000e-01
gamma_s = 2.384848e-01
initial guesses for R, eta, and delta:
guess for R = 2.496951e+00
guess for eta = 6.516112e+00
guess for delta = -1.250005e-11
estimated ranges of R, eta, and delta:
upper bound estimate of R = 3.745427e+00
lower bound estimate of R = 1.872713e+00
upper bound estimate of eta = 6.546112e+00
lower bound estimate of eta = 6.486112e+00
upper bound estimate of delta = 2.000000e-03
lower bound estimate of delta = -5.000000e-03
minimum found at:
    iteration	            R	          eta	        delta	            E	         dEdR	       dEdeta	     dEddelta	    grad norm
            2	 2.583611e+00	 6.516112e+00	-1.681277e-11	 2.886385e-01	 7.904560e-12	 2.158767e-10	-1.586033e-09	 1.600677e-09
success!


parameter values for minimization:
K33 = 2.000000e+01
k24 = 3.000000e-01
Lambda = 1.000000e+00
d0 = 1.000000e+00
omega = 1.000000e-01
gamma_s = 2.424242e-01
initial guesses for R, eta, and delta:
guess for R = 2.583611e+00
guess for eta = 6.516112e+00
guess for delta = -1.681277e-11
estimated ranges of R, eta, and delta:
upper bound estimate of R = 3.875417e+00
lower bound estimate of R = 1.937708e+00
upper bound estimate of eta = 6.546112e+00
lower bound estimate of eta = 6.486112e+00
upper bound estimate of delta = 2.000000e-03
lower bound estimate of delta = -5.000000e-03
minimum found at:
    iteration	            R	          eta	        delta	            E	         dEdR	       dEdeta	     dEddelta	    grad norm
            2	 2.673318e+00	 6.516112e+00	-1.375478e-11	 2.916366e-01	-9.549279e-12	 2.467162e-10	 5.286776e-10	 5.834896e-10
success!


parameter values for minimization:
K33 = 2.000000e+01
k24 = 3.000000e-01
Lambda = 1.000000e+00
d0 = 1.000000e+00
omega = 1.000000e-01
gamma_s = 2.463636e-01
initial guesses for R, eta, and delta:
guess for R = 2.673318e+00
guess for eta = 6.516112e+00
guess for delta = -1.375478e-11
estimated ranges of R, eta, and delta:
upper bound estimate of R = 4.009977e+00
lower bound estimate of R = 2.004989e+00
upper bound estimate of eta = 6.546112e+00
lower bound estimate of eta = 6.486112e+00
upper bound estimate of delta = 2.000000e-03
lower bound estimate of delta = -5.000000e-03
minimum found at:
    iteration	            R	          eta	        delta	            E	         dEdR	       dEdeta	     dEddelta	    grad norm
            2	 2.766324e+00	 6.516112e+00	-1.651892e-11	 2.945340e-01	 2.122633e-11	 3.083953e-11	-5.551115e-09	 5.551241e-09
success!


parameter values for minimization:
K33 = 2.000000e+01
k24 = 3.000000e-01
Lambda = 1.000000e+00
d0 = 1.000000e+00
omega = 1.000000e-01
gamma_s = 2.503030e-01
initial guesses for R, eta, and delta:
guess for R = 2.766324e+00
guess for eta = 6.516112e+00
guess for delta = -1.651892e-11
estimated ranges of R, eta, and delta:
upper bound estimate of R = 4.149486e+00
lower bound estimate of R = 2.074743e+00
upper bound estimate of eta = 6.546112e+00
lower bound estimate of eta = 6.486112e+00
upper bound estimate of delta = 2.000000e-03
lower bound estimate of delta = -5.000000e-03
minimum found at:
    iteration	            R	          eta	        delta	            E	         dEdR	       dEdeta	     dEddelta	    grad norm
            1	 2.862928e+00	 6.516112e+00	-1.510722e-11	 2.973338e-01	 2.675568e-12	 2.775558e-10	-5.286776e-09	 5.294058e-09
success!


parameter values for minimization:
K33 = 2.000000e+01
k24 = 3.000000e-01
Lambda = 1.000000e+00
d0 = 1.000000e+00
omega = 1.000000e-01
gamma_s = 2.542424e-01
initial guesses for R, eta, and delta:
guess for R = 2.862928e+00
guess for eta = 6.516112e+00
guess for delta = -1.510722e-11
estimated ranges of R, eta, and delta:
upper bound estimate of R = 4.294392e+00
lower bound estimate of R = 2.147196e+00
upper bound estimate of eta = 6.546112e+00
lower bound estimate of eta = 6.486112e+00
upper bound estimate of delta = 2.000000e-03
lower bound estimate of delta = -5.000000e-03
minimum found at:
    iteration	            R	          eta	        delta	            E	         dEdR	       dEdeta	     dEddelta	    grad norm
            1	 2.963496e+00	 6.516112e+00	-1.334368e-11	 3.000389e-01	-1.464995e-11	 9.251859e-11	 4.758099e-09	 4.759021e-09
success!


parameter values for minimization:
K33 = 2.000000e+01
k24 = 3.000000e-01
Lambda = 1.000000e+00
d0 = 1.000000e+00
omega = 1.000000e-01
gamma_s = 2.581818e-01
initial guesses for R, eta, and delta:
guess for R = 2.963496e+00
guess for eta = 6.516112e+00
guess for delta = -1.334368e-11
estimated ranges of R, eta, and delta:
upper bound estimate of R = 4.445244e+00
lower bound estimate of R = 2.222622e+00
upper bound estimate of eta = 6.546112e+00
lower bound estimate of eta = 6.486112e+00
upper bound estimate of delta = 2.000000e-03
lower bound estimate of delta = -5.000000e-03
minimum found at:
    iteration	            R	          eta	        delta	            E	         dEdR	       dEdeta	     dEddelta	    grad norm
            2	 3.068479e+00	 6.516112e+00	-4.208846e-12	 3.026518e-01	 5.284821e-09	 0.000000e+00	-4.229421e-09	 6.768850e-09
success!


parameter values for minimization:
K33 = 2.000000e+01
k24 = 3.000000e-01
Lambda = 1.000000e+00
d0 = 1.000000e+00
omega = 1.000000e-01
gamma_s = 2.621212e-01
initial guesses for R, eta, and delta:
guess for R = 3.068479e+00
guess for eta = 6.516112e+00
guess for delta = -4.208846e-12
estimated ranges of R, eta, and delta:
upper bound estimate of R = 4.602718e+00
lower bound estimate of R = 2.301359e+00
upper bound estimate of eta = 6.546112e+00
lower bound estimate of eta = 6.486112e+00
upper bound estimate of delta = 2.000000e-03
lower bound estimate of delta = -5.000000e-03
minimum found at:
    iteration	            R	          eta	        delta	            E	         dEdR	       dEdeta	     dEddelta	    grad norm
            2	 3.178443e+00	 6.516112e+00	-2.284013e-12	 3.051749e-01	 2.549593e-09	 0.000000e+00	-1.850372e-09	 3.150285e-09
success!


parameter values for minimization:
K33 = 2.000000e+01
k24 = 3.000000e-01
Lambda = 1.000000e+00
d0 = 1.000000e+00
omega = 1.000000e-01
gamma_s = 2.660606e-01
initial guesses for R, eta, and delta:
guess for R = 3.178443e+00
guess for eta = 6.516112e+00
guess for delta = -2.284013e-12
estimated ranges of R, eta, and delta:
upper bound estimate of R = 4.767665e+00
lower bound estimate of R = 2.383832e+00
upper bound estimate of eta = 6.546112e+00
lower bound estimate of eta = 6.486112e+00
upper bound estimate of delta = 2.000000e-03
lower bound estimate of delta = -5.000000e-03
minimum found at:
    iteration	            R	          eta	        delta	            E	         dEdR	       dEdeta	     dEddelta	    grad norm
            2	 3.294127e+00	 6.516112e+00	-2.629244e-12	 3.076100e-01	 2.963597e-09	 3.083953e-11	 2.643388e-10	 2.975523e-09
success!


parameter values for minimization:
K33 = 2.000000e+01
k24 = 3.000000e-01
Lambda = 1.000000e+00
d0 = 1.000000e+00
omega = 1.000000e-01
gamma_s = 2.700000e-01
initial guesses for R, eta, and delta:
guess for R = 3.294127e+00
guess for eta = 6.516112e+00
guess for delta = -2.629244e-12
estimated ranges of R, eta, and delta:
upper bound estimate of R = 4.941191e+00
lower bound estimate of R = 2.470595e+00
upper bound estimate of eta = 6.546112e+00
lower bound estimate of eta = 6.486112e+00
upper bound estimate of delta = 2.000000e-03
lower bound estimate of delta = -5.000000e-03
minimum found at:
    iteration	            R	          eta	        delta	            E	         dEdR	       dEdeta	     dEddelta	    grad norm
            2	 3.416510e+00	 6.516112e+00	 2.679023e-12	 3.099589e-01	 3.393528e-09	-3.083953e-11	 5.815454e-09	 6.733238e-09
success!


parameter values for minimization:
K33 = 2.000000e+01
k24 = 3.000000e-01
Lambda = 1.000000e+00
d0 = 1.000000e+00
omega = 1.000000e-01
gamma_s = 2.739394e-01
initial guesses for R, eta, and delta:
guess for R = 3.416510e+00
guess for eta = 6.516112e+00
guess for delta = 2.679023e-12
estimated ranges of R, eta, and delta:
upper bound estimate of R = 5.124765e+00
lower bound estimate of R = 2.562383e+00
upper bound estimate of eta = 6.546112e+00
lower bound estimate of eta = 6.486112e+00
upper bound estimate of delta = 2.000000e-03
lower bound estimate of delta = -5.000000e-03
minimum found at:
    iteration	            R	          eta	        delta	            E	         dEdR	       dEdeta	     dEddelta	    grad norm
            2	 3.546950e+00	 6.516112e+00	 3.387616e-12	 3.122225e-01	 3.737742e-09	-2.467162e-10	-7.930164e-10	 3.828898e-09
success!


parameter values for minimization:
K33 = 2.000000e+01
k24 = 3.000000e-01
Lambda = 1.000000e+00
d0 = 1.000000e+00
omega = 1.000000e-01
gamma_s = 2.778788e-01
initial guesses for R, eta, and delta:
guess for R = 3.546950e+00
guess for eta = 6.516112e+00
guess for delta = 3.387616e-12
estimated ranges of R, eta, and delta:
upper bound estimate of R = 5.320425e+00
lower bound estimate of R = 2.660213e+00
upper bound estimate of eta = 6.546112e+00
lower bound estimate of eta = 6.486112e+00
upper bound estimate of delta = 2.000000e-03
lower bound estimate of delta = -5.000000e-03
minimum found at:
    iteration	            R	          eta	        delta	            E	         dEdR	       dEdeta	     dEddelta	    grad norm
            2	 3.687423e+00	 6.516112e+00	 7.064662e-12	 3.144015e-01	 3.916771e-09	-2.467162e-10	 5.815454e-09	 7.015801e-09
success!


parameter values for minimization:
K33 = 2.000000e+01
k24 = 3.000000e-01
Lambda = 1.000000e+00
d0 = 1.000000e+00
omega = 1.000000e-01
gamma_s = 2.818182e-01
initial guesses for R, eta, and delta:
guess for R = 3.687423e+00
guess for eta = 6.516112e+00
guess for delta = 7.064662e-12
estimated ranges of R, eta, and delta:
upper bound estimate of R = 5.531135e+00
lower bound estimate of R = 2.765567e+00
upper bound estimate of eta = 6.546112e+00
lower bound estimate of eta = 6.486112e+00
upper bound estimate of delta = 2.000000e-03
lower bound estimate of delta = -5.000000e-03
minimum found at:
    iteration	            R	          eta	        delta	            E	         dEdR	       dEdeta	     dEddelta	    grad norm
            2	 3.841012e+00	 6.516112e+00	 5.224965e-12	 3.164956e-01	 3.797000e-09	 0.000000e+00	 1.321694e-09	 4.020458e-09
success!


parameter values for minimization:
K33 = 2.000000e+01
k24 = 3.000000e-01
Lambda = 1.000000e+00
d0 = 1.000000e+00
omega = 1.000000e-01
gamma_s = 2.857576e-01
initial guesses for R, eta, and delta:
guess for R = 3.841012e+00
guess for eta = 6.516112e+00
guess for delta = 5.224965e-12
estimated ranges of R, eta, and delta:
upper bound estimate of R = 5.761518e+00
lower bound estimate of R = 2.880759e+00
upper bound estimate of eta = 6.546112e+00
lower bound estimate of eta = 6.486112e+00
upper bound estimate of delta = 2.000000e-03
lower bound estimate of delta = -5.000000e-03
minimum found at:
    iteration	            R	          eta	        delta	            E	         dEdR	       dEdeta	     dEddelta	    grad norm
            2	 4.013043e+00	 6.516112e+00	 3.716528e-12	 3.185032e-01	 3.448621e-09	-5.242720e-10	 3.436405e-09	 4.896603e-09
success!


parameter values for minimization:
K33 = 2.000000e+01
k24 = 3.000000e-01
Lambda = 1.000000e+00
d0 = 1.000000e+00
omega = 1.000000e-01
gamma_s = 2.896970e-01
initial guesses for R, eta, and delta:
guess for R = 4.013043e+00
guess for eta = 6.516112e+00
guess for delta = 3.716528e-12
estimated ranges of R, eta, and delta:
upper bound estimate of R = 6.019564e+00
lower bound estimate of R = 3.009782e+00
upper bound estimate of eta = 6.546112e+00
lower bound estimate of eta = 6.486112e+00
upper bound estimate of delta = 2.000000e-03
lower bound estimate of delta = -5.000000e-03
minimum found at:
    iteration	            R	          eta	        delta	            E	         dEdR	       dEdeta	     dEddelta	    grad norm
            2	 4.214373e+00	 6.516112e+00	-5.056649e-12	 3.204203e-01	 3.172295e-10	 2.775558e-10	 1.321694e-09	 1.387280e-09
success!


parameter values for minimization:
K33 = 2.000000e+01
k24 = 3.000000e-01
Lambda = 1.000000e+00
d0 = 1.000000e+00
omega = 1.000000e-01
gamma_s = 2.936364e-01
initial guesses for R, eta, and delta:
guess for R = 4.214373e+00
guess for eta = 6.516112e+00
guess for delta = -5.056649e-12
estimated ranges of R, eta, and delta:
upper bound estimate of R = 6.321560e+00
lower bound estimate of R = 3.160780e+00
upper bound estimate of eta = 6.546112e+00
lower bound estimate of eta = 6.486112e+00
upper bound estimate of delta = 2.000000e-03
lower bound estimate of delta = -5.000000e-03
abserr is 1.311983e-08, but the convergence criterion CONV_min*(1+p->Escale) is 1.322237e-08!
ss=8.087637445995e+04, lastss = 1.617971800518e+05
tol = 1.083264339790e-12
failed to integrate at x = (2.028001e+01,6.516112e+00,-1.025740e-07)
interpolating at R = 2.028001e+01, eta = 6.516112e+00, delta = -1.025740e-07...
done interpolating.
ss=1.558872244112e+06, lastss = 3.117788914683e+06
tol = 1.083264874741e-12
failed to integrate at x = (2.028001e+01,6.516112e+00,-1.025740e-07)
interpolating at R = 2.028001e+01, eta = 6.516112e+00, delta = -1.025740e-07...
done interpolating.
ss=4.541625655294e+07, lastss = 9.083255752304e+07
tol = 1.083265389498e-12
failed to integrate at x = (2.028001e+01,6.516112e+00,-1.025740e-07)
interpolating at R = 2.028001e+01, eta = 6.516112e+00, delta = -1.025740e-07...
done interpolating.
ss=1.754221886432e+09, lastss = 3.508443817265e+09
tol = 1.083265738997e-12
failed to integrate at x = (2.028001e+01,6.516112e+00,-1.025740e-07)
failed calculation!
failed calculation!
failed calculation!
failed calculation!
failed calculation!
failed calculation!
failed calculation!
failed calculation!
failed calculation!
failed calculation!
failed calculation!
failed calculation!
failed calculation!
failed calculation!
failed calculation!
failed calculation!
abserr is 1.332268e+290, but the convergence criterion CONV_min*(1+p->Escale) is 1.322237e-08!
failed calculation!
failed calculation!
failed calculation!
failed calculation!
abserr is 1.332268e+290, but the convergence criterion CONV_min*(1+p->Escale) is 1.322237e-08!
failed calculation!
failed calculation!
failed calculation!
failed calculation!
abserr is 1.332268e+290, but the convergence criterion CONV_min*(1+p->Escale) is 1.322237e-08!
minimum found at:
    iteration	            R	          eta	        delta	            E	         dEdR	       dEdeta	     dEddelta	    grad norm
            2	 6.056504e+00	 6.516112e+00	-1.024818e-08	1.000000e+300	 0.000000e+00	 0.000000e+00	 0.000000e+00	 0.000000e+00
success!


parameter values for minimization:
K33 = 2.000000e+01
k24 = 3.000000e-01
Lambda = 1.000000e+00
d0 = 1.000000e+00
omega = 1.000000e-01
gamma_s = 2.936364e-01
initial guesses for R, eta, and delta:
guess for R = 1.000000e+00
guess for eta = 6.516112e+00
guess for delta = -1.024818e-08
estimated ranges of R, eta, and delta:
upper bound estimate of R = 1.500000e+00
lower bound estimate of R = 7.500000e-01
upper bound estimate of eta = 6.546112e+00
lower bound estimate of eta = 6.486112e+00
upper bound estimate of delta = 1.999990e-03
lower bound estimate of delta = -5.000010e-03
ss=8.263721273084e+04, lastss = 4.920122282616e+05
tol = 1.569392908651e-13
failed to integrate at x = (7.517875e+00,6.516112e+00,3.450932e-10)
interpolating at R = 7.517875e+00, eta = 6.516112e+00, delta = 3.450932e-10...
done interpolating.
ss=2.782318378913e+04, lastss = 4.418701456277e+04
tol = 1.569393290278e-13
failed to integrate at x = (7.517875e+00,6.516112e+00,3.450932e-10)
interpolating at R = 7.517875e+00, eta = 6.516112e+00, delta = 3.450932e-10...
done interpolating.
ss=1.524842937023e+05, lastss = 3.068565305894e+05
tol = 1.569393378636e-13
failed to integrate at x = (7.517875e+00,6.516112e+00,3.450932e-10)
interpolating at R = 7.517875e+00, eta = 6.516112e+00, delta = 3.450932e-10...
done interpolating.
ss=1.682492754512e+06, lastss = 3.364869976896e+06
tol = 1.569393326461e-13
failed to integrate at x = (7.517875e+00,6.516112e+00,3.450932e-10)
failed calculation!
failed calculation!
failed calculation!
failed calculation!
failed calculation!
failed calculation!
failed calculation!
failed calculation!
failed calculation!
failed calculation!
failed calculation!
failed calculation!
failed calculation!
failed calculation!
failed calculation!
abserr is 1.332268e+290, but the convergence criterion CONV_min*(1+p->Escale) is 1.322778e-08!
failed calculation!
failed calculation!
failed calculation!
failed calculation!
abserr is 1.332268e+290, but the convergence criterion CONV_min*(1+p->Escale) is 1.322778e-08!
failed calculation!
failed calculation!
failed calculation!
failed calculation!
abserr is 1.332268e+290, but the convergence criterion CONV_min*(1+p->Escale) is 1.322778e-08!
minimum found at:
    iteration	            R	          eta	        delta	            E	         dEdR	       dEdeta	     dEddelta	    grad norm
            2	 4.142875e+00	 6.516112e+00	-9.158512e-09	1.000000e+300	 0.000000e+00	 0.000000e+00	 0.000000e+00	 0.000000e+00
success!
Trying again with Rguess = 1.0
Trying again with Rguess = 1.0
Trying again with Rguess = 1.0
Last guess for Ri was 1.0, setting delta = 0.0
Trying again with Rguess = 1.0
Took 0.2326172532637914 hours to complete.
