Restoring modules from user's standard_modules


parameter values for minimization:
K33 = 2.000000e+01
k24 = -3.600000e-01
Lambda = 1.000000e+01
d0 = 1.000000e+00
omega = 1.000000e+01
gamma_s = 1.000000e-02
initial guesses for R, eta, and delta:
guess for R = 5.000000e-01
guess for eta = 6.300000e+00
guess for delta = 8.100000e-01
estimated ranges of R, eta, and delta:
upper bound estimate of R = 2.000000e+00
lower bound estimate of R = 1.000000e-01
upper bound estimate of eta = 6.430000e+00
lower bound estimate of eta = 6.290000e+00
upper bound estimate of delta = 8.160000e-01
lower bound estimate of delta = 8.000000e-01
x[1] = -2.328332e-01, x[2] = 6.319467e+00, x[3] = 8.100004e-01
something is too big or less than zero, so returning failed calculation.
x[1] = -3.751624e-01, x[2] = 6.251802e+00, x[3] = 8.100111e-01
something is too big or less than zero, so returning failed calculation.
Did not successfully find a minimum. Exceeded 100 iterations.


parameter values for minimization:
K33 = 2.000000e+01
k24 = -3.600000e-01
Lambda = 1.000000e+01
d0 = 1.000000e+00
omega = 1.000000e+01
gamma_s = 1.000000e-02
initial guesses for R, eta, and delta:
guess for R = 1.000000e+00
guess for eta = 6.300000e+00
guess for delta = 8.100000e-01
estimated ranges of R, eta, and delta:
upper bound estimate of R = 1.500000e+00
lower bound estimate of R = 7.500000e-01
upper bound estimate of eta = 6.430000e+00
lower bound estimate of eta = 6.290000e+00
upper bound estimate of delta = 8.160000e-01
lower bound estimate of delta = 8.000000e-01
likely a maximizing (vs minimizing) solution for psi(r), as y[1][2]=-1.118428e-05  which usually means high energy.
solvde convergence failed when x = (3.459025e-01,6.352772e+00,8.101042e-01).
Retrying using a constant y value
the initial guesses were not good, did not successfully find a minimum.
RETRYING!
minimum found at:
    iteration	            R	          eta	        delta	            E	         dEdR	       dEdeta	     dEddelta	    grad norm
            8	 1.577968e-01	 6.298737e+00	 8.138160e-01	-1.720188e+00	 4.113943e-09	-1.461177e-07	 4.153159e-06	 4.155731e-06
success!


parameter values for minimization:
K33 = 2.000000e+01
k24 = -3.600000e-01
Lambda = 1.000000e+01
d0 = 1.000000e+00
omega = 1.000000e+01
gamma_s = 1.393939e-02
initial guesses for R, eta, and delta:
guess for R = 1.577968e-01
guess for eta = 6.298737e+00
guess for delta = 8.138160e-01
estimated ranges of R, eta, and delta:
upper bound estimate of R = 2.366952e-01
lower bound estimate of R = 1.183476e-01
upper bound estimate of eta = 6.328737e+00
lower bound estimate of eta = 6.268737e+00
upper bound estimate of delta = 8.158160e-01
lower bound estimate of delta = 8.088160e-01
minimum found at:
    iteration	            R	          eta	        delta	            E	         dEdR	       dEdeta	     dEddelta	    grad norm
           35	 1.767429e-01	 6.301161e+00	 8.129407e-01	-1.673098e+00	-2.557270e-07	-7.012909e-07	 1.510961e-06	 1.685291e-06
success!


parameter values for minimization:
K33 = 2.000000e+01
k24 = -3.600000e-01
Lambda = 1.000000e+01
d0 = 1.000000e+00
omega = 1.000000e+01
gamma_s = 1.787879e-02
initial guesses for R, eta, and delta:
guess for R = 1.767429e-01
guess for eta = 6.301161e+00
guess for delta = 8.129407e-01
estimated ranges of R, eta, and delta:
upper bound estimate of R = 2.651143e-01
lower bound estimate of R = 1.325572e-01
upper bound estimate of eta = 6.331161e+00
lower bound estimate of eta = 6.271161e+00
upper bound estimate of delta = 8.149407e-01
lower bound estimate of delta = 8.079407e-01
minimum found at:
    iteration	            R	          eta	        delta	            E	         dEdR	       dEdeta	     dEddelta	    grad norm
           34	 1.937751e-01	 6.303165e+00	 8.121502e-01	-1.630565e+00	-2.209996e-07	-2.453593e-07	 6.767074e-07	 7.529773e-07
success!


parameter values for minimization:
K33 = 2.000000e+01
k24 = -3.600000e-01
Lambda = 1.000000e+01
d0 = 1.000000e+00
omega = 1.000000e+01
gamma_s = 2.181818e-02
initial guesses for R, eta, and delta:
guess for R = 1.937751e-01
guess for eta = 6.303165e+00
guess for delta = 8.121502e-01
estimated ranges of R, eta, and delta:
upper bound estimate of R = 2.906627e-01
lower bound estimate of R = 1.453313e-01
upper bound estimate of eta = 6.333165e+00
lower bound estimate of eta = 6.273165e+00
upper bound estimate of delta = 8.141502e-01
lower bound estimate of delta = 8.071502e-01
minimum found at:
    iteration	            R	          eta	        delta	            E	         dEdR	       dEdeta	     dEddelta	    grad norm
           25	 2.098639e-01	 6.304895e+00	 8.114358e-01	-1.591515e+00	 1.131119e-07	-3.497203e-07	-3.977770e-06	 3.994716e-06
success!


parameter values for minimization:
K33 = 2.000000e+01
k24 = -3.600000e-01
Lambda = 1.000000e+01
d0 = 1.000000e+00
omega = 1.000000e+01
gamma_s = 2.575758e-02
initial guesses for R, eta, and delta:
guess for R = 2.098639e-01
guess for eta = 6.304895e+00
guess for delta = 8.114358e-01
estimated ranges of R, eta, and delta:
upper bound estimate of R = 3.147958e-01
lower bound estimate of R = 1.573979e-01
upper bound estimate of eta = 6.334895e+00
lower bound estimate of eta = 6.274895e+00
upper bound estimate of delta = 8.134358e-01
lower bound estimate of delta = 8.064358e-01
minimum found at:
    iteration	            R	          eta	        delta	            E	         dEdR	       dEdeta	     dEddelta	    grad norm
           24	 2.255586e-01	 6.306431e+00	 8.107933e-01	-1.555313e+00	-2.267029e-07	-3.018573e-07	 1.460208e-06	 1.508217e-06
success!


parameter values for minimization:
K33 = 2.000000e+01
k24 = -3.600000e-01
Lambda = 1.000000e+01
d0 = 1.000000e+00
omega = 1.000000e+01
gamma_s = 2.969697e-02
initial guesses for R, eta, and delta:
guess for R = 2.255586e-01
guess for eta = 6.306431e+00
guess for delta = 8.107933e-01
estimated ranges of R, eta, and delta:
upper bound estimate of R = 3.383379e-01
lower bound estimate of R = 1.691689e-01
upper bound estimate of eta = 6.336431e+00
lower bound estimate of eta = 6.276431e+00
upper bound estimate of delta = 8.127933e-01
lower bound estimate of delta = 8.057933e-01
minimum found at:
    iteration	            R	          eta	        delta	            E	         dEdR	       dEdeta	     dEddelta	    grad norm
           16	 2.412345e-01	 6.307829e+00	 8.102188e-01	-1.521542e+00	 5.184617e-08	-2.430155e-07	 4.339386e-06	 4.346495e-06
success!


parameter values for minimization:
K33 = 2.000000e+01
k24 = -3.600000e-01
Lambda = 1.000000e+01
d0 = 1.000000e+00
omega = 1.000000e+01
gamma_s = 3.363636e-02
initial guesses for R, eta, and delta:
guess for R = 2.412345e-01
guess for eta = 6.307829e+00
guess for delta = 8.102188e-01
estimated ranges of R, eta, and delta:
upper bound estimate of R = 3.618517e-01
lower bound estimate of R = 1.809259e-01
upper bound estimate of eta = 6.337829e+00
lower bound estimate of eta = 6.277829e+00
upper bound estimate of delta = 8.122188e-01
lower bound estimate of delta = 8.052188e-01
minimum found at:
    iteration	            R	          eta	        delta	            E	         dEdR	       dEdeta	     dEddelta	    grad norm
           22	 2.571918e-01	 6.309126e+00	 8.097107e-01	-1.489912e+00	 3.943622e-08	 4.660470e-07	-7.327472e-07	 8.692948e-07
success!


parameter values for minimization:
K33 = 2.000000e+01
k24 = -3.600000e-01
Lambda = 1.000000e+01
d0 = 1.000000e+00
omega = 1.000000e+01
gamma_s = 3.757576e-02
initial guesses for R, eta, and delta:
guess for R = 2.571918e-01
guess for eta = 6.309126e+00
guess for delta = 8.097107e-01
estimated ranges of R, eta, and delta:
upper bound estimate of R = 3.857877e-01
lower bound estimate of R = 1.928939e-01
upper bound estimate of eta = 6.339126e+00
lower bound estimate of eta = 6.279126e+00
upper bound estimate of delta = 8.117107e-01
lower bound estimate of delta = 8.047107e-01
minimum found at:
    iteration	            R	          eta	        delta	            E	         dEdR	       dEdeta	     dEddelta	    grad norm
           15	 2.737081e-01	 6.310354e+00	 8.092697e-01	-1.460215e+00	 4.474033e-08	-4.941726e-07	 2.620126e-06	 2.666697e-06
success!


parameter values for minimization:
K33 = 2.000000e+01
k24 = -3.600000e-01
Lambda = 1.000000e+01
d0 = 1.000000e+00
omega = 1.000000e+01
gamma_s = 4.151515e-02
initial guesses for R, eta, and delta:
guess for R = 2.737081e-01
guess for eta = 6.310354e+00
guess for delta = 8.092697e-01
estimated ranges of R, eta, and delta:
upper bound estimate of R = 4.105622e-01
lower bound estimate of R = 2.052811e-01
upper bound estimate of eta = 6.340354e+00
lower bound estimate of eta = 6.280354e+00
upper bound estimate of delta = 8.112697e-01
lower bound estimate of delta = 8.042697e-01
minimum found at:
    iteration	            R	          eta	        delta	            E	         dEdR	       dEdeta	     dEddelta	    grad norm
           16	 2.910748e-01	 6.311543e+00	 8.088967e-01	-1.432297e+00	 1.247156e-07	 5.267391e-08	 4.491645e-06	 4.493685e-06
success!


parameter values for minimization:
K33 = 2.000000e+01
k24 = -3.600000e-01
Lambda = 1.000000e+01
d0 = 1.000000e+00
omega = 1.000000e+01
gamma_s = 4.545455e-02
initial guesses for R, eta, and delta:
guess for R = 2.910748e-01
guess for eta = 6.311543e+00
guess for delta = 8.088967e-01
estimated ranges of R, eta, and delta:
upper bound estimate of R = 4.366122e-01
lower bound estimate of R = 2.183061e-01
upper bound estimate of eta = 6.341543e+00
lower bound estimate of eta = 6.281543e+00
upper bound estimate of delta = 8.108967e-01
lower bound estimate of delta = 8.038967e-01
minimum found at:
    iteration	            R	          eta	        delta	            E	         dEdR	       dEdeta	     dEddelta	    grad norm
           20	 3.096313e-01	 6.312723e+00	 8.085942e-01	-1.406047e+00	-5.007646e-08	 4.183074e-07	 2.749124e-08	 4.221901e-07
success!


parameter values for minimization:
K33 = 2.000000e+01
k24 = -3.600000e-01
Lambda = 1.000000e+01
d0 = 1.000000e+00
omega = 1.000000e+01
gamma_s = 4.939394e-02
initial guesses for R, eta, and delta:
guess for R = 3.096313e-01
guess for eta = 6.312723e+00
guess for delta = 8.085942e-01
estimated ranges of R, eta, and delta:
upper bound estimate of R = 4.644470e-01
lower bound estimate of R = 2.322235e-01
upper bound estimate of eta = 6.342723e+00
lower bound estimate of eta = 6.282723e+00
upper bound estimate of delta = 8.105942e-01
lower bound estimate of delta = 8.035942e-01
minimum found at:
    iteration	            R	          eta	        delta	            E	         dEdR	       dEdeta	     dEddelta	    grad norm
           15	 3.298112e-01	 6.313928e+00	 8.083675e-01	-1.381384e+00	-1.056565e-07	 3.879613e-07	-2.623298e-06	 2.653935e-06
success!


parameter values for minimization:
K33 = 2.000000e+01
k24 = -3.600000e-01
Lambda = 1.000000e+01
d0 = 1.000000e+00
omega = 1.000000e+01
gamma_s = 5.333333e-02
initial guesses for R, eta, and delta:
guess for R = 3.298112e-01
guess for eta = 6.313928e+00
guess for delta = 8.083675e-01
estimated ranges of R, eta, and delta:
upper bound estimate of R = 4.947168e-01
lower bound estimate of R = 2.473584e-01
upper bound estimate of eta = 6.343928e+00
lower bound estimate of eta = 6.283928e+00
upper bound estimate of delta = 8.103675e-01
lower bound estimate of delta = 8.033675e-01
minimum found at:
    iteration	            R	          eta	        delta	            E	         dEdR	       dEdeta	     dEddelta	    grad norm
           20	 3.522127e-01	 6.315205e+00	 8.082243e-01	-1.358257e+00	 1.143324e-07	 4.825769e-07	-2.800934e-06	 2.844501e-06
success!


parameter values for minimization:
K33 = 2.000000e+01
k24 = -3.600000e-01
Lambda = 1.000000e+01
d0 = 1.000000e+00
omega = 1.000000e+01
gamma_s = 5.727273e-02
initial guesses for R, eta, and delta:
guess for R = 3.522127e-01
guess for eta = 6.315205e+00
guess for delta = 8.082243e-01
estimated ranges of R, eta, and delta:
upper bound estimate of R = 5.283191e-01
lower bound estimate of R = 2.641595e-01
upper bound estimate of eta = 6.345205e+00
lower bound estimate of eta = 6.285205e+00
upper bound estimate of delta = 8.102243e-01
lower bound estimate of delta = 8.032243e-01
minimum found at:
    iteration	            R	          eta	        delta	            E	         dEdR	       dEdeta	     dEddelta	    grad norm
           19	 3.777267e-01	 6.316620e+00	 8.081770e-01	-1.336643e+00	 6.536834e-08	-2.775558e-07	 5.116542e-06	 5.124482e-06
success!


parameter values for minimization:
K33 = 2.000000e+01
k24 = -3.600000e-01
Lambda = 1.000000e+01
d0 = 1.000000e+00
omega = 1.000000e+01
gamma_s = 6.121212e-02
initial guesses for R, eta, and delta:
guess for R = 3.777267e-01
guess for eta = 6.316620e+00
guess for delta = 8.081770e-01
estimated ranges of R, eta, and delta:
upper bound estimate of R = 5.665901e-01
lower bound estimate of R = 2.832950e-01
upper bound estimate of eta = 6.346620e+00
lower bound estimate of eta = 6.286620e+00
upper bound estimate of delta = 8.101770e-01
lower bound estimate of delta = 8.031770e-01
minimum found at:
    iteration	            R	          eta	        delta	            E	         dEdR	       dEdeta	     dEddelta	    grad norm
            7	 4.077886e-01	 6.318277e+00	 8.082438e-01	-1.316549e+00	 5.402945e-08	 7.120230e-07	 8.543431e-07	 1.113462e-06
success!


parameter values for minimization:
K33 = 2.000000e+01
k24 = -3.600000e-01
Lambda = 1.000000e+01
d0 = 1.000000e+00
omega = 1.000000e+01
gamma_s = 6.515152e-02
initial guesses for R, eta, and delta:
guess for R = 4.077886e-01
guess for eta = 6.318277e+00
guess for delta = 8.082438e-01
estimated ranges of R, eta, and delta:
upper bound estimate of R = 6.116829e-01
lower bound estimate of R = 3.058415e-01
upper bound estimate of eta = 6.348277e+00
lower bound estimate of eta = 6.288277e+00
upper bound estimate of delta = 8.102438e-01
lower bound estimate of delta = 8.032438e-01
minimum found at:
    iteration	            R	          eta	        delta	            E	         dEdR	       dEdeta	     dEddelta	    grad norm
           17	 4.449159e-01	 6.320358e+00	 8.084573e-01	-1.298026e+00	-7.054418e-08	-3.655101e-07	 3.102280e-06	 3.124535e-06
success!


parameter values for minimization:
K33 = 2.000000e+01
k24 = -3.600000e-01
Lambda = 1.000000e+01
d0 = 1.000000e+00
omega = 1.000000e+01
gamma_s = 6.909091e-02
initial guesses for R, eta, and delta:
guess for R = 4.449159e-01
guess for eta = 6.320358e+00
guess for delta = 8.084573e-01
estimated ranges of R, eta, and delta:
upper bound estimate of R = 6.673738e-01
lower bound estimate of R = 3.336869e-01
upper bound estimate of eta = 6.350358e+00
lower bound estimate of eta = 6.290358e+00
upper bound estimate of delta = 8.104573e-01
lower bound estimate of delta = 8.034573e-01
minimum found at:
    iteration	            R	          eta	        delta	            E	         dEdR	       dEdeta	     dEddelta	    grad norm
           35	 4.939007e-01	 6.323200e+00	 8.088686e-01	-1.281180e+00	 3.269469e-08	 5.612794e-07	-2.231020e-06	 2.300772e-06
success!


parameter values for minimization:
K33 = 2.000000e+01
k24 = -3.600000e-01
Lambda = 1.000000e+01
d0 = 1.000000e+00
omega = 1.000000e+01
gamma_s = 7.303030e-02
initial guesses for R, eta, and delta:
guess for R = 4.939007e-01
guess for eta = 6.323200e+00
guess for delta = 8.088686e-01
estimated ranges of R, eta, and delta:
upper bound estimate of R = 7.408511e-01
lower bound estimate of R = 3.704255e-01
upper bound estimate of eta = 6.353200e+00
lower bound estimate of eta = 6.293200e+00
upper bound estimate of delta = 8.108686e-01
lower bound estimate of delta = 8.038686e-01
minimum found at:
    iteration	            R	          eta	        delta	            E	         dEdR	       dEdeta	     dEddelta	    grad norm
           31	 5.640333e-01	 6.327425e+00	 8.095496e-01	-1.266198e+00	 5.340932e-08	 1.704809e-07	-1.797504e-07	 2.534295e-07
success!


parameter values for minimization:
K33 = 2.000000e+01
k24 = -3.600000e-01
Lambda = 1.000000e+01
d0 = 1.000000e+00
omega = 1.000000e+01
gamma_s = 7.696970e-02
initial guesses for R, eta, and delta:
guess for R = 5.640333e-01
guess for eta = 6.327425e+00
guess for delta = 8.095496e-01
estimated ranges of R, eta, and delta:
upper bound estimate of R = 8.460499e-01
lower bound estimate of R = 4.230250e-01
upper bound estimate of eta = 6.357425e+00
lower bound estimate of eta = 6.297425e+00
upper bound estimate of delta = 8.115496e-01
lower bound estimate of delta = 8.045496e-01
minimum found at:
    iteration	            R	          eta	        delta	            E	         dEdR	       dEdeta	     dEddelta	    grad norm
           25	 6.691533e-01	 6.333849e+00	 8.105156e-01	-1.253317e+00	-2.853691e-08	 1.250851e-07	 1.586033e-07	 2.039991e-07
success!


parameter values for minimization:
K33 = 2.000000e+01
k24 = -3.600000e-01
Lambda = 1.000000e+01
d0 = 1.000000e+00
omega = 1.000000e+01
gamma_s = 8.090909e-02
initial guesses for R, eta, and delta:
guess for R = 6.691533e-01
guess for eta = 6.333849e+00
guess for delta = 8.105156e-01
estimated ranges of R, eta, and delta:
upper bound estimate of R = 1.003730e+00
lower bound estimate of R = 5.018650e-01
upper bound estimate of eta = 6.363849e+00
lower bound estimate of eta = 6.303849e+00
upper bound estimate of delta = 8.125156e-01
lower bound estimate of delta = 8.055156e-01
minimum found at:
    iteration	            R	          eta	        delta	            E	         dEdR	       dEdeta	     dEddelta	    grad norm
           13	 8.154335e-01	 6.342558e+00	 8.115780e-01	-1.242622e+00	-2.052917e-08	-1.185471e-07	-3.869920e-07	 4.052625e-07
success!


parameter values for minimization:
K33 = 2.000000e+01
k24 = -3.600000e-01
Lambda = 1.000000e+01
d0 = 1.000000e+00
omega = 1.000000e+01
gamma_s = 8.484848e-02
initial guesses for R, eta, and delta:
guess for R = 8.154335e-01
guess for eta = 6.342558e+00
guess for delta = 8.115780e-01
estimated ranges of R, eta, and delta:
upper bound estimate of R = 1.223150e+00
lower bound estimate of R = 6.115751e-01
upper bound estimate of eta = 6.372558e+00
lower bound estimate of eta = 6.312558e+00
upper bound estimate of delta = 8.135780e-01
lower bound estimate of delta = 8.065780e-01
minimum found at:
    iteration	            R	          eta	        delta	            E	         dEdR	       dEdeta	     dEddelta	    grad norm
           35	 9.944336e-01	 6.352646e+00	 8.125047e-01	-1.233865e+00	 4.017975e-09	 8.647404e-08	 1.822880e-06	 1.824935e-06
success!


parameter values for minimization:
K33 = 2.000000e+01
k24 = -3.600000e-01
Lambda = 1.000000e+01
d0 = 1.000000e+00
omega = 1.000000e+01
gamma_s = 8.878788e-02
initial guesses for R, eta, and delta:
guess for R = 9.944336e-01
guess for eta = 6.352646e+00
guess for delta = 8.125047e-01
estimated ranges of R, eta, and delta:
upper bound estimate of R = 1.491650e+00
lower bound estimate of R = 7.458252e-01
upper bound estimate of eta = 6.382646e+00
lower bound estimate of eta = 6.322646e+00
upper bound estimate of delta = 8.145047e-01
lower bound estimate of delta = 8.075047e-01
minimum found at:
    iteration	            R	          eta	        delta	            E	         dEdR	       dEdeta	     dEddelta	    grad norm
           25	 1.196707e+00	 6.363334e+00	 8.132321e-01	-1.226642e+00	 1.198806e-08	 5.308100e-07	-2.203528e-06	 2.266592e-06
success!


parameter values for minimization:
K33 = 2.000000e+01
k24 = -3.600000e-01
Lambda = 1.000000e+01
d0 = 1.000000e+00
omega = 1.000000e+01
gamma_s = 9.272727e-02
initial guesses for R, eta, and delta:
guess for R = 1.196707e+00
guess for eta = 6.363334e+00
guess for delta = 8.132321e-01
estimated ranges of R, eta, and delta:
upper bound estimate of R = 1.795060e+00
lower bound estimate of R = 8.975302e-01
upper bound estimate of eta = 6.393334e+00
lower bound estimate of eta = 6.333334e+00
upper bound estimate of delta = 8.152321e-01
lower bound estimate of delta = 8.082321e-01
minimum found at:
    iteration	            R	          eta	        delta	            E	         dEdR	       dEdeta	     dEddelta	    grad norm
           28	 1.417524e+00	 6.374261e+00	 8.137909e-01	-1.220593e+00	-3.273862e-08	 1.205209e-07	 3.861461e-06	 3.863480e-06
success!


parameter values for minimization:
K33 = 2.000000e+01
k24 = -3.600000e-01
Lambda = 1.000000e+01
d0 = 1.000000e+00
omega = 1.000000e+01
gamma_s = 9.666667e-02
initial guesses for R, eta, and delta:
guess for R = 1.417524e+00
guess for eta = 6.374261e+00
guess for delta = 8.137909e-01
estimated ranges of R, eta, and delta:
upper bound estimate of R = 2.126286e+00
lower bound estimate of R = 1.063143e+00
upper bound estimate of eta = 6.404261e+00
lower bound estimate of eta = 6.344261e+00
upper bound estimate of delta = 8.157909e-01
lower bound estimate of delta = 8.087909e-01
minimum found at:
    iteration	            R	          eta	        delta	            E	         dEdR	       dEdeta	     dEddelta	    grad norm
           16	 1.655347e+00	 6.385306e+00	 8.142228e-01	-1.215450e+00	 2.781276e-08	 2.462228e-07	 1.964566e-06	 1.980131e-06
success!


parameter values for minimization:
K33 = 2.000000e+01
k24 = -3.600000e-01
Lambda = 1.000000e+01
d0 = 1.000000e+00
omega = 1.000000e+01
gamma_s = 1.006061e-01
initial guesses for R, eta, and delta:
guess for R = 1.655347e+00
guess for eta = 6.385306e+00
guess for delta = 8.142228e-01
estimated ranges of R, eta, and delta:
upper bound estimate of R = 2.483020e+00
lower bound estimate of R = 1.241510e+00
upper bound estimate of eta = 6.415306e+00
lower bound estimate of eta = 6.355306e+00
upper bound estimate of delta = 8.162228e-01
lower bound estimate of delta = 8.092228e-01
minimum found at:
    iteration	            R	          eta	        delta	            E	         dEdR	       dEdeta	     dEddelta	    grad norm
           16	 1.910106e+00	 6.396441e+00	 8.145627e-01	-1.211019e+00	 6.021297e-09	 5.626364e-07	 1.781644e-06	 1.868382e-06
success!


parameter values for minimization:
K33 = 2.000000e+01
k24 = -3.600000e-01
Lambda = 1.000000e+01
d0 = 1.000000e+00
omega = 1.000000e+01
gamma_s = 1.045455e-01
initial guesses for R, eta, and delta:
guess for R = 1.910106e+00
guess for eta = 6.396441e+00
guess for delta = 8.145627e-01
estimated ranges of R, eta, and delta:
upper bound estimate of R = 2.865159e+00
lower bound estimate of R = 1.432580e+00
upper bound estimate of eta = 6.426441e+00
lower bound estimate of eta = 6.366441e+00
upper bound estimate of delta = 8.165627e-01
lower bound estimate of delta = 8.095627e-01
minimum found at:
    iteration	            R	          eta	        delta	            E	         dEdR	       dEdeta	     dEddelta	    grad norm
           23	 2.182389e+00	 6.407674e+00	 8.148348e-01	-1.207160e+00	 4.179735e-09	-6.241921e-08	 7.359193e-07	 7.385735e-07
success!


parameter values for minimization:
K33 = 2.000000e+01
k24 = -3.600000e-01
Lambda = 1.000000e+01
d0 = 1.000000e+00
omega = 1.000000e+01
gamma_s = 1.084848e-01
initial guesses for R, eta, and delta:
guess for R = 2.182389e+00
guess for eta = 6.407674e+00
guess for delta = 8.148348e-01
estimated ranges of R, eta, and delta:
upper bound estimate of R = 3.273583e+00
lower bound estimate of R = 1.636792e+00
upper bound estimate of eta = 6.437674e+00
lower bound estimate of eta = 6.377674e+00
upper bound estimate of delta = 8.168348e-01
lower bound estimate of delta = 8.098348e-01
minimum found at:
    iteration	            R	          eta	        delta	            E	         dEdR	       dEdeta	     dEddelta	    grad norm
           17	 2.473074e+00	 6.419023e+00	 8.150560e-01	-1.203769e+00	 5.846878e-09	 1.677670e-08	-4.324583e-07	 4.328231e-07
success!


parameter values for minimization:
K33 = 2.000000e+01
k24 = -3.600000e-01
Lambda = 1.000000e+01
d0 = 1.000000e+00
omega = 1.000000e+01
gamma_s = 1.124242e-01
initial guesses for R, eta, and delta:
guess for R = 2.473074e+00
guess for eta = 6.419023e+00
guess for delta = 8.150560e-01
estimated ranges of R, eta, and delta:
upper bound estimate of R = 3.709611e+00
lower bound estimate of R = 1.854805e+00
upper bound estimate of eta = 6.449023e+00
lower bound estimate of eta = 6.389023e+00
upper bound estimate of delta = 8.170560e-01
lower bound estimate of delta = 8.100560e-01
minimum found at:
    iteration	            R	          eta	        delta	            E	         dEdR	       dEdeta	     dEddelta	    grad norm
           18	 2.783159e+00	 6.430508e+00	 8.152386e-01	-1.200766e+00	-9.624937e-09	 3.417020e-08	-9.273006e-07	 9.279798e-07
success!


parameter values for minimization:
K33 = 2.000000e+01
k24 = -3.600000e-01
Lambda = 1.000000e+01
d0 = 1.000000e+00
omega = 1.000000e+01
gamma_s = 1.163636e-01
initial guesses for R, eta, and delta:
guess for R = 2.783159e+00
guess for eta = 6.430508e+00
guess for delta = 8.152386e-01
estimated ranges of R, eta, and delta:
upper bound estimate of R = 4.174739e+00
lower bound estimate of R = 2.087369e+00
upper bound estimate of eta = 6.460508e+00
lower bound estimate of eta = 6.400508e+00
upper bound estimate of delta = 8.172386e-01
lower bound estimate of delta = 8.102386e-01
ss=2.440930184590e+20, lastss = 1.432607237085e+19
tol = 4.212945939145e-14
failed to integrate at x = (2.783159e+00,6.430508e+00,8.152386e-01)
solvde convergence failed when x = (2.783159e+00,6.430508e+00,8.152386e-01).
Retrying using a constant y value
minimum found at:
    iteration	            R	          eta	        delta	            E	         dEdR	       dEdeta	     dEddelta	    grad norm
           21	 3.113742e+00	 6.442147e+00	 8.153911e-01	-1.198089e+00	 1.017657e-09	-2.837237e-09	 5.773160e-07	 5.773238e-07
success!


parameter values for minimization:
K33 = 2.000000e+01
k24 = -3.600000e-01
Lambda = 1.000000e+01
d0 = 1.000000e+00
omega = 1.000000e+01
gamma_s = 1.203030e-01
initial guesses for R, eta, and delta:
guess for R = 3.113742e+00
guess for eta = 6.442147e+00
guess for delta = 8.153911e-01
estimated ranges of R, eta, and delta:
upper bound estimate of R = 4.670613e+00
lower bound estimate of R = 2.335306e+00
upper bound estimate of eta = 6.472147e+00
lower bound estimate of eta = 6.412147e+00
upper bound estimate of delta = 8.173911e-01
lower bound estimate of delta = 8.103911e-01
ss=3.425942133808e+20, lastss = 5.316165366270e+20
tol = 5.300456177708e-14
failed to integrate at x = (3.113742e+00,6.442147e+00,8.153911e-01)
solvde convergence failed when x = (3.113742e+00,6.442147e+00,8.153911e-01).
Retrying using a constant y value
minimum found at:
    iteration	            R	          eta	        delta	            E	         dEdR	       dEdeta	     dEddelta	    grad norm
           11	 3.465946e+00	 6.453956e+00	 8.155195e-01	-1.195691e+00	-1.068083e-09	 1.370509e-07	-1.767898e-06	 1.773203e-06
success!


parameter values for minimization:
K33 = 2.000000e+01
k24 = -3.600000e-01
Lambda = 1.000000e+01
d0 = 1.000000e+00
omega = 1.000000e+01
gamma_s = 1.242424e-01
initial guesses for R, eta, and delta:
guess for R = 3.465946e+00
guess for eta = 6.453956e+00
guess for delta = 8.155195e-01
estimated ranges of R, eta, and delta:
upper bound estimate of R = 5.198919e+00
lower bound estimate of R = 2.599460e+00
upper bound estimate of eta = 6.483956e+00
lower bound estimate of eta = 6.423956e+00
upper bound estimate of delta = 8.175195e-01
lower bound estimate of delta = 8.105195e-01
minimum found at:
    iteration	            R	          eta	        delta	            E	         dEdR	       dEdeta	     dEddelta	    grad norm
           23	 3.840930e+00	 6.465948e+00	 8.156290e-01	-1.193531e+00	 2.155419e-09	-6.896952e-07	-1.049954e-06	 1.256219e-06
success!


parameter values for minimization:
K33 = 2.000000e+01
k24 = -3.600000e-01
Lambda = 1.000000e+01
d0 = 1.000000e+00
omega = 1.000000e+01
gamma_s = 1.281818e-01
initial guesses for R, eta, and delta:
guess for R = 3.840930e+00
guess for eta = 6.465948e+00
guess for delta = 8.156290e-01
estimated ranges of R, eta, and delta:
upper bound estimate of R = 5.761395e+00
lower bound estimate of R = 2.880698e+00
upper bound estimate of eta = 6.495948e+00
lower bound estimate of eta = 6.435948e+00
upper bound estimate of delta = 8.176290e-01
lower bound estimate of delta = 8.106290e-01
likely a maximizing (vs minimizing) solution for psi(r), as y[1][2]=-3.080377e-04  which usually means high energy.
solvde convergence failed when x = (3.840930e+00,6.465948e+00,8.156290e-01).
Retrying using a constant y value
minimum found at:
    iteration	            R	          eta	        delta	            E	         dEdR	       dEdeta	     dEddelta	    grad norm
           28	 4.239947e+00	 6.478139e+00	 8.157230e-01	-1.191578e+00	-1.801106e-09	-1.184238e-07	 2.671937e-06	 2.674560e-06
success!


parameter values for minimization:
K33 = 2.000000e+01
k24 = -3.600000e-01
Lambda = 1.000000e+01
d0 = 1.000000e+00
omega = 1.000000e+01
gamma_s = 1.321212e-01
initial guesses for R, eta, and delta:
guess for R = 4.239947e+00
guess for eta = 6.478139e+00
guess for delta = 8.157230e-01
estimated ranges of R, eta, and delta:
upper bound estimate of R = 6.359920e+00
lower bound estimate of R = 3.179960e+00
upper bound estimate of eta = 6.508139e+00
lower bound estimate of eta = 6.448139e+00
upper bound estimate of delta = 8.177230e-01
lower bound estimate of delta = 8.107230e-01
likely a maximizing (vs minimizing) solution for psi(r), as y[1][2]=-9.043725e-04  which usually means high energy.
solvde convergence failed when x = (4.239947e+00,6.478139e+00,8.157230e-01).
Retrying using a constant y value
minimum found at:
    iteration	            R	          eta	        delta	            E	         dEdR	       dEdeta	     dEddelta	    grad norm
           24	 4.664209e+00	 6.490536e+00	 8.158038e-01	-1.189807e+00	 9.333438e-10	-1.834335e-07	-3.423716e-06	 3.428627e-06
success!


parameter values for minimization:
K33 = 2.000000e+01
k24 = -3.600000e-01
Lambda = 1.000000e+01
d0 = 1.000000e+00
omega = 1.000000e+01
gamma_s = 1.360606e-01
initial guesses for R, eta, and delta:
guess for R = 4.664209e+00
guess for eta = 6.490536e+00
guess for delta = 8.158038e-01
estimated ranges of R, eta, and delta:
upper bound estimate of R = 6.996313e+00
lower bound estimate of R = 3.498157e+00
upper bound estimate of eta = 6.520536e+00
lower bound estimate of eta = 6.460536e+00
upper bound estimate of delta = 8.178038e-01
lower bound estimate of delta = 8.108038e-01
likely a maximizing (vs minimizing) solution for psi(r), as y[1][2]=-1.025398e-03  which usually means high energy.
solvde convergence failed when x = (4.664209e+00,6.490536e+00,8.158038e-01).
Retrying using a constant y value
minimum found at:
    iteration	            R	          eta	        delta	            E	         dEdR	       dEdeta	     dEddelta	    grad norm
           14	 5.115044e+00	 6.503151e+00	 8.158747e-01	-1.188193e+00	 4.083542e-10	 5.090989e-07	 4.046499e-06	 4.078398e-06
success!


parameter values for minimization:
K33 = 2.000000e+01
k24 = -3.600000e-01
Lambda = 1.000000e+01
d0 = 1.000000e+00
omega = 1.000000e+01
gamma_s = 1.400000e-01
initial guesses for R, eta, and delta:
guess for R = 5.115044e+00
guess for eta = 6.503151e+00
guess for delta = 8.158747e-01
estimated ranges of R, eta, and delta:
upper bound estimate of R = 7.672566e+00
lower bound estimate of R = 3.836283e+00
upper bound estimate of eta = 6.533151e+00
lower bound estimate of eta = 6.473151e+00
upper bound estimate of delta = 8.178747e-01
lower bound estimate of delta = 8.108747e-01
ss=1.070035921011e+31, lastss = 6.370446398382e+31
tol = 1.457102203657e-13
failed to integrate at x = (5.115044e+00,6.503151e+00,8.158747e-01)
solvde convergence failed when x = (5.115044e+00,6.503151e+00,8.158747e-01).
Retrying using a constant y value
minimum found at:
    iteration	            R	          eta	        delta	            E	         dEdR	       dEdeta	     dEddelta	    grad norm
            9	 5.593721e+00	 6.515990e+00	 8.159362e-01	-1.186720e+00	 1.176896e-09	 3.928956e-07	 4.168094e-06	 4.186571e-06
success!


parameter values for minimization:
K33 = 2.000000e+01
k24 = -3.600000e-01
Lambda = 1.000000e+01
d0 = 1.000000e+00
omega = 1.000000e+01
gamma_s = 1.439394e-01
initial guesses for R, eta, and delta:
guess for R = 5.593721e+00
guess for eta = 6.515990e+00
guess for delta = 8.159362e-01
estimated ranges of R, eta, and delta:
upper bound estimate of R = 8.390581e+00
lower bound estimate of R = 4.195291e+00
upper bound estimate of eta = 6.545990e+00
lower bound estimate of eta = 6.485990e+00
upper bound estimate of delta = 8.179362e-01
lower bound estimate of delta = 8.109362e-01
ss=2.338489135319e+22, lastss = 7.738368817674e+22
tol = 1.747331341459e-13
failed to integrate at x = (5.593721e+00,6.515990e+00,8.159362e-01)
solvde convergence failed when x = (5.593721e+00,6.515990e+00,8.159362e-01).
Retrying using a constant y value
minimum found at:
    iteration	            R	          eta	        delta	            E	         dEdR	       dEdeta	     dEddelta	    grad norm
           10	 6.101647e+00	 6.529061e+00	 8.159902e-01	-1.185371e+00	 3.143870e-09	 3.625495e-07	 2.543997e-06	 2.569703e-06
success!


parameter values for minimization:
K33 = 2.000000e+01
k24 = -3.600000e-01
Lambda = 1.000000e+01
d0 = 1.000000e+00
omega = 1.000000e+01
gamma_s = 1.478788e-01
initial guesses for R, eta, and delta:
guess for R = 6.101647e+00
guess for eta = 6.529061e+00
guess for delta = 8.159902e-01
estimated ranges of R, eta, and delta:
upper bound estimate of R = 9.152470e+00
lower bound estimate of R = 4.576235e+00
upper bound estimate of eta = 6.559061e+00
lower bound estimate of eta = 6.499061e+00
upper bound estimate of delta = 8.179902e-01
lower bound estimate of delta = 8.109902e-01
likely a maximizing (vs minimizing) solution for psi(r), as y[1][2]=-1.612048e-03  which usually means high energy.
solvde convergence failed when x = (6.101647e+00,6.529061e+00,8.159902e-01).
Retrying using a constant y value
minimum found at:
    iteration	            R	          eta	        delta	            E	         dEdR	       dEdeta	     dEddelta	    grad norm
           11	 6.640212e+00	 6.542370e+00	 8.160377e-01	-1.184134e+00	 3.540433e-09	 9.683612e-08	-2.528136e-06	 2.529993e-06
success!


parameter values for minimization:
K33 = 2.000000e+01
k24 = -3.600000e-01
Lambda = 1.000000e+01
d0 = 1.000000e+00
omega = 1.000000e+01
gamma_s = 1.518182e-01
initial guesses for R, eta, and delta:
guess for R = 6.640212e+00
guess for eta = 6.542370e+00
guess for delta = 8.160377e-01
estimated ranges of R, eta, and delta:
upper bound estimate of R = 9.960318e+00
lower bound estimate of R = 4.980159e+00
upper bound estimate of eta = 6.572370e+00
lower bound estimate of eta = 6.512370e+00
upper bound estimate of delta = 8.180000e-01
lower bound estimate of delta = 8.110377e-01
ss=3.293475780784e+21, lastss = 9.871835703725e+21
tol = 2.474095253801e-13
failed to integrate at x = (6.640212e+00,6.542370e+00,8.160377e-01)
solvde convergence failed when x = (6.640212e+00,6.542370e+00,8.160377e-01).
Retrying using a constant y value
minimum found at:
    iteration	            R	          eta	        delta	            E	         dEdR	       dEdeta	     dEddelta	    grad norm
           10	 7.210941e+00	 6.555924e+00	 8.160802e-01	-1.182995e+00	 3.819521e-09	 2.826134e-07	 2.661954e-06	 2.676917e-06
success!


parameter values for minimization:
K33 = 2.000000e+01
k24 = -3.600000e-01
Lambda = 1.000000e+01
d0 = 1.000000e+00
omega = 1.000000e+01
gamma_s = 1.557576e-01
initial guesses for R, eta, and delta:
guess for R = 7.210941e+00
guess for eta = 6.555924e+00
guess for delta = 8.160802e-01
estimated ranges of R, eta, and delta:
upper bound estimate of R = 1.081641e+01
lower bound estimate of R = 5.408206e+00
upper bound estimate of eta = 6.585924e+00
lower bound estimate of eta = 6.525924e+00
upper bound estimate of delta = 8.180000e-01
lower bound estimate of delta = 8.110802e-01
ss=1.389570234726e+24, lastss = 1.109867469444e+24
tol = 2.923849082560e-13
failed to integrate at x = (7.210941e+00,6.555924e+00,8.160802e-01)
solvde convergence failed when x = (7.210941e+00,6.555924e+00,8.160802e-01).
Retrying using a constant y value
minimum found at:
    iteration	            R	          eta	        delta	            E	         dEdR	       dEdeta	     dEddelta	    grad norm
           10	 7.815264e+00	 6.569725e+00	 8.161176e-01	-1.181945e+00	-3.274979e-09	 2.549812e-07	-3.262310e-07	 4.140686e-07
success!


parameter values for minimization:
K33 = 2.000000e+01
k24 = -3.600000e-01
Lambda = 1.000000e+01
d0 = 1.000000e+00
omega = 1.000000e+01
gamma_s = 1.596970e-01
initial guesses for R, eta, and delta:
guess for R = 7.815264e+00
guess for eta = 6.569725e+00
guess for delta = 8.161176e-01
estimated ranges of R, eta, and delta:
upper bound estimate of R = 1.172290e+01
lower bound estimate of R = 5.861448e+00
upper bound estimate of eta = 6.599725e+00
lower bound estimate of eta = 6.539725e+00
upper bound estimate of delta = 8.180000e-01
lower bound estimate of delta = 8.111176e-01
likely a maximizing (vs minimizing) solution for psi(r), as y[1][2]=-2.982470e-03  which usually means high energy.
solvde convergence failed when x = (7.815264e+00,6.569725e+00,8.161176e-01).
Retrying using a constant y value
minimum found at:
    iteration	            R	          eta	        delta	            E	         dEdR	       dEdeta	     dEddelta	    grad norm
           12	 8.454751e+00	 6.583776e+00	 8.161509e-01	-1.180976e+00	-2.778029e-09	-4.507505e-07	-1.941137e-06	 1.992786e-06
success!


parameter values for minimization:
K33 = 2.000000e+01
k24 = -3.600000e-01
Lambda = 1.000000e+01
d0 = 1.000000e+00
omega = 1.000000e+01
gamma_s = 1.636364e-01
initial guesses for R, eta, and delta:
guess for R = 8.454751e+00
guess for eta = 6.583776e+00
guess for delta = 8.161509e-01
estimated ranges of R, eta, and delta:
upper bound estimate of R = 1.268213e+01
lower bound estimate of R = 6.341063e+00
upper bound estimate of eta = 6.613776e+00
lower bound estimate of eta = 6.553776e+00
upper bound estimate of delta = 8.180000e-01
lower bound estimate of delta = 8.111509e-01
likely a maximizing (vs minimizing) solution for psi(r), as y[1][2]=-3.293042e-03  which usually means high energy.
solvde convergence failed when x = (8.454751e+00,6.583776e+00,8.161509e-01).
Retrying using a constant y value
minimum found at:
    iteration	            R	          eta	        delta	            E	         dEdR	       dEdeta	     dEddelta	    grad norm
           11	 9.131219e+00	 6.598090e+00	 8.161808e-01	-1.180079e+00	-4.867354e-10	-2.243884e-07	-3.026903e-06	 3.035209e-06
success!


parameter values for minimization:
K33 = 2.000000e+01
k24 = -3.600000e-01
Lambda = 1.000000e+01
d0 = 1.000000e+00
omega = 1.000000e+01
gamma_s = 1.675758e-01
initial guesses for R, eta, and delta:
guess for R = 9.131219e+00
guess for eta = 6.598090e+00
guess for delta = 8.161808e-01
estimated ranges of R, eta, and delta:
upper bound estimate of R = 1.369683e+01
lower bound estimate of R = 6.848414e+00
upper bound estimate of eta = 6.628090e+00
lower bound estimate of eta = 6.568090e+00
upper bound estimate of delta = 8.180000e-01
lower bound estimate of delta = 8.111808e-01
likely a maximizing (vs minimizing) solution for psi(r), as y[1][2]=-4.068584e-03  which usually means high energy.
solvde convergence failed when x = (9.131219e+00,6.598090e+00,8.161808e-01).
Retrying using a constant y value
minimum found at:
    iteration	            R	          eta	        delta	            E	         dEdR	       dEdeta	     dEddelta	    grad norm
           12	 9.846209e+00	 6.612663e+00	 8.162079e-01	-1.179248e+00	-4.494878e-09	 2.541177e-08	 8.151274e-07	 8.155358e-07
success!


parameter values for minimization:
K33 = 2.000000e+01
k24 = -3.600000e-01
Lambda = 1.000000e+01
d0 = 1.000000e+00
omega = 1.000000e+01
gamma_s = 1.715152e-01
initial guesses for R, eta, and delta:
guess for R = 9.846209e+00
guess for eta = 6.612663e+00
guess for delta = 8.162079e-01
estimated ranges of R, eta, and delta:
upper bound estimate of R = 1.476931e+01
lower bound estimate of R = 7.384657e+00
upper bound estimate of eta = 6.642663e+00
lower bound estimate of eta = 6.582663e+00
upper bound estimate of delta = 8.180000e-01
lower bound estimate of delta = 8.112079e-01
ss=3.646505006040e+26, lastss = 2.195631704554e+26
tol = 5.489871719258e-13
failed to integrate at x = (9.846209e+00,6.612663e+00,8.162079e-01)
solvde convergence failed when x = (9.846209e+00,6.612663e+00,8.162079e-01).
Retrying using a constant y value
minimum found at:
    iteration	            R	          eta	        delta	            E	         dEdR	       dEdeta	     dEddelta	    grad norm
           10	 1.060157e+01	 6.627501e+00	 8.162321e-01	-1.178477e+00	 1.308976e-09	 2.467162e-09	 1.002542e-06	 1.002546e-06
success!


parameter values for minimization:
K33 = 2.000000e+01
k24 = -3.600000e-01
Lambda = 1.000000e+01
d0 = 1.000000e+00
omega = 1.000000e+01
gamma_s = 1.754545e-01
initial guesses for R, eta, and delta:
guess for R = 1.060157e+01
guess for eta = 6.627501e+00
guess for delta = 8.162321e-01
estimated ranges of R, eta, and delta:
upper bound estimate of R = 1.590236e+01
lower bound estimate of R = 7.951178e+00
upper bound estimate of eta = 6.657501e+00
lower bound estimate of eta = 6.597501e+00
upper bound estimate of delta = 8.180000e-01
lower bound estimate of delta = 8.112321e-01
ss=2.101512567175e+22, lastss = 2.752195998341e+20
tol = 6.373851015516e-13
failed to integrate at x = (1.060157e+01,6.627501e+00,8.162321e-01)
solvde convergence failed when x = (1.060157e+01,6.627501e+00,8.162321e-01).
Retrying using a constant y value
minimum found at:
    iteration	            R	          eta	        delta	            E	         dEdR	       dEdeta	     dEddelta	    grad norm
           19	 1.139892e+01	 6.642601e+00	 8.162538e-01	-1.177760e+00	-1.524760e-09	-2.826134e-07	-8.803612e-07	 9.246127e-07
success!


parameter values for minimization:
K33 = 2.000000e+01
k24 = -3.600000e-01
Lambda = 1.000000e+01
d0 = 1.000000e+00
omega = 1.000000e+01
gamma_s = 1.793939e-01
initial guesses for R, eta, and delta:
guess for R = 1.139892e+01
guess for eta = 6.642601e+00
guess for delta = 8.162538e-01
estimated ranges of R, eta, and delta:
upper bound estimate of R = 1.709838e+01
lower bound estimate of R = 8.549190e+00
upper bound estimate of eta = 6.672601e+00
lower bound estimate of eta = 6.612601e+00
upper bound estimate of delta = 8.180000e-01
lower bound estimate of delta = 8.112538e-01
likely a maximizing (vs minimizing) solution for psi(r), as y[1][2]=-5.688882e-03  which usually means high energy.
solvde convergence failed when x = (1.139892e+01,6.642601e+00,8.162538e-01).
Retrying using a constant y value
minimum found at:
    iteration	            R	          eta	        delta	            E	         dEdR	       dEdeta	     dEddelta	    grad norm
           12	 1.224070e+01	 6.657982e+00	 8.162735e-01	-1.177093e+00	 9.783009e-10	 4.966398e-07	-8.250449e-07	 9.629907e-07
success!


parameter values for minimization:
K33 = 2.000000e+01
k24 = -3.600000e-01
Lambda = 1.000000e+01
d0 = 1.000000e+00
omega = 1.000000e+01
gamma_s = 1.833333e-01
initial guesses for R, eta, and delta:
guess for R = 1.224070e+01
guess for eta = 6.657982e+00
guess for delta = 8.162735e-01
estimated ranges of R, eta, and delta:
upper bound estimate of R = 1.836105e+01
lower bound estimate of R = 9.180525e+00
upper bound estimate of eta = 6.687982e+00
lower bound estimate of eta = 6.627982e+00
upper bound estimate of delta = 8.180000e-01
lower bound estimate of delta = 8.112735e-01
likely a maximizing (vs minimizing) solution for psi(r), as y[1][2]=-6.785361e-03  which usually means high energy.
solvde convergence failed when x = (1.224070e+01,6.657982e+00,8.162735e-01).
Retrying using a constant y value
minimum found at:
    iteration	            R	          eta	        delta	            E	         dEdR	       dEdeta	     dEddelta	    grad norm
            7	 1.312810e+01	 6.673618e+00	 8.162914e-01	-1.176471e+00	 2.777414e-09	-2.180971e-07	 6.415025e-07	 6.775689e-07
success!


parameter values for minimization:
K33 = 2.000000e+01
k24 = -3.600000e-01
Lambda = 1.000000e+01
d0 = 1.000000e+00
omega = 1.000000e+01
gamma_s = 1.872727e-01
initial guesses for R, eta, and delta:
guess for R = 1.312810e+01
guess for eta = 6.673618e+00
guess for delta = 8.162914e-01
estimated ranges of R, eta, and delta:
upper bound estimate of R = 1.969215e+01
lower bound estimate of R = 9.846075e+00
upper bound estimate of eta = 6.703618e+00
lower bound estimate of eta = 6.643618e+00
upper bound estimate of delta = 8.180000e-01
lower bound estimate of delta = 8.112914e-01
ss=2.096955974728e+24, lastss = 8.642161214450e+24
tol = 9.811694804496e-13
failed to integrate at x = (1.312810e+01,6.673618e+00,8.162914e-01)
solvde convergence failed when x = (1.312810e+01,6.673618e+00,8.162914e-01).
Retrying using a constant y value
minimum found at:
    iteration	            R	          eta	        delta	            E	         dEdR	       dEdeta	     dEddelta	    grad norm
           11	 1.406402e+01	 6.689542e+00	 8.163075e-01	-1.175891e+00	 1.780072e-09	 3.412085e-07	-1.041500e-06	 1.095969e-06
success!


parameter values for minimization:
K33 = 2.000000e+01
k24 = -3.600000e-01
Lambda = 1.000000e+01
d0 = 1.000000e+00
omega = 1.000000e+01
gamma_s = 1.912121e-01
initial guesses for R, eta, and delta:
guess for R = 1.406402e+01
guess for eta = 6.689542e+00
guess for delta = 8.163075e-01
estimated ranges of R, eta, and delta:
upper bound estimate of R = 2.109603e+01
lower bound estimate of R = 1.054801e+01
upper bound estimate of eta = 6.719542e+00
lower bound estimate of eta = 6.659542e+00
upper bound estimate of delta = 8.180000e-01
lower bound estimate of delta = 8.113075e-01
ss=8.517307584212e+23, lastss = 4.902639946823e+24
tol = 1.127332196202e-12
failed to integrate at x = (1.406402e+01,6.689542e+00,8.163075e-01)
solvde convergence failed when x = (1.406402e+01,6.689542e+00,8.163075e-01).
Retrying using a constant y value
minimum found at:
    iteration	            R	          eta	        delta	            E	         dEdR	       dEdeta	     dEddelta	    grad norm
           20	 1.505005e+01	 6.705737e+00	 8.163221e-01	-1.175350e+00	-2.126135e-09	 5.314268e-07	-2.851107e-06	 2.900212e-06
success!


parameter values for minimization:
K33 = 2.000000e+01
k24 = -3.600000e-01
Lambda = 1.000000e+01
d0 = 1.000000e+00
omega = 1.000000e+01
gamma_s = 1.951515e-01
initial guesses for R, eta, and delta:
guess for R = 1.505005e+01
guess for eta = 6.705737e+00
guess for delta = 8.163221e-01
estimated ranges of R, eta, and delta:
upper bound estimate of R = 2.257508e+01
lower bound estimate of R = 1.128754e+01
upper bound estimate of eta = 6.735737e+00
lower bound estimate of eta = 6.675737e+00
upper bound estimate of delta = 8.180000e-01
lower bound estimate of delta = 8.113221e-01
ss=3.579615051481e+25, lastss = 1.810581826106e+22
tol = 1.292326745634e-12
failed to integrate at x = (1.505005e+01,6.705737e+00,8.163221e-01)
solvde convergence failed when x = (1.505005e+01,6.705737e+00,8.163221e-01).
Retrying using a constant y value
minimum found at:
    iteration	            R	          eta	        delta	            E	         dEdR	       dEdeta	     dEddelta	    grad norm
           21	 1.608835e+01	 6.722196e+00	 8.163359e-01	-1.174843e+00	 1.258986e-10	-1.978664e-07	 3.274082e-06	 3.280055e-06
success!


parameter values for minimization:
K33 = 2.000000e+01
k24 = -3.600000e-01
Lambda = 1.000000e+01
d0 = 1.000000e+00
omega = 1.000000e+01
gamma_s = 1.990909e-01
initial guesses for R, eta, and delta:
guess for R = 1.608835e+01
guess for eta = 6.722196e+00
guess for delta = 8.163359e-01
estimated ranges of R, eta, and delta:
upper bound estimate of R = 2.413252e+01
lower bound estimate of R = 1.206626e+01
upper bound estimate of eta = 6.752196e+00
lower bound estimate of eta = 6.692196e+00
upper bound estimate of delta = 8.180000e-01
lower bound estimate of delta = 8.113359e-01
likely a maximizing (vs minimizing) solution for psi(r), as y[1][2]=-1.066513e-02  which usually means high energy.
solvde convergence failed when x = (1.608835e+01,6.722196e+00,8.163359e-01).
Retrying using a constant y value
minimum found at:
    iteration	            R	          eta	        delta	            E	         dEdR	       dEdeta	     dEddelta	    grad norm
           25	 1.718208e+01	 6.738949e+00	 8.163479e-01	-1.174369e+00	 1.948169e-09	 2.775558e-08	-7.519105e-07	 7.524251e-07
success!


parameter values for minimization:
K33 = 2.000000e+01
k24 = -3.600000e-01
Lambda = 1.000000e+01
d0 = 1.000000e+00
omega = 1.000000e+01
gamma_s = 2.030303e-01
initial guesses for R, eta, and delta:
guess for R = 1.718208e+01
guess for eta = 6.738949e+00
guess for delta = 8.163479e-01
estimated ranges of R, eta, and delta:
upper bound estimate of R = 2.577312e+01
lower bound estimate of R = 1.288656e+01
upper bound estimate of eta = 6.768949e+00
lower bound estimate of eta = 6.708949e+00
upper bound estimate of delta = 8.180000e-01
lower bound estimate of delta = 8.113479e-01
ss=8.042910771013e+28, lastss = 1.610046990798e+25
tol = 1.687705228784e-12
failed to integrate at x = (1.718208e+01,6.738949e+00,8.163479e-01)
solvde convergence failed when x = (1.718208e+01,6.738949e+00,8.163479e-01).
Retrying using a constant y value
minimum found at:
    iteration	            R	          eta	        delta	            E	         dEdR	       dEdeta	     dEddelta	    grad norm
           21	 1.833289e+01	 6.755973e+00	 8.163592e-01	-1.173926e+00	 1.613943e-10	-5.625130e-08	 1.852569e-06	 1.853423e-06
success!


parameter values for minimization:
K33 = 2.000000e+01
k24 = -3.600000e-01
Lambda = 1.000000e+01
d0 = 1.000000e+00
omega = 1.000000e+01
gamma_s = 2.069697e-01
initial guesses for R, eta, and delta:
guess for R = 1.833289e+01
guess for eta = 6.755973e+00
guess for delta = 8.163592e-01
estimated ranges of R, eta, and delta:
upper bound estimate of R = 2.749933e+01
lower bound estimate of R = 1.374967e+01
upper bound estimate of eta = 6.785973e+00
lower bound estimate of eta = 6.725973e+00
upper bound estimate of delta = 8.180000e-01
lower bound estimate of delta = 8.113592e-01
likely a maximizing (vs minimizing) solution for psi(r), as y[1][2]=-1.272536e-02  which usually means high energy.
solvde convergence failed when x = (1.833289e+01,6.755973e+00,8.163592e-01).
Retrying using a constant y value
minimum found at:
    iteration	            R	          eta	        delta	            E	         dEdR	       dEdeta	     dEddelta	    grad norm
           36	 1.954401e+01	 6.773288e+00	 8.163693e-01	-1.173509e+00	-8.860467e-10	 2.273490e-07	-3.488534e-07	 4.163977e-07
success!


parameter values for minimization:
K33 = 2.000000e+01
k24 = -3.600000e-01
Lambda = 1.000000e+01
d0 = 1.000000e+00
omega = 1.000000e+01
gamma_s = 2.109091e-01
initial guesses for R, eta, and delta:
guess for R = 1.954401e+01
guess for eta = 6.773288e+00
guess for delta = 8.163693e-01
estimated ranges of R, eta, and delta:
upper bound estimate of R = 2.931602e+01
lower bound estimate of R = 1.465801e+01
upper bound estimate of eta = 6.803288e+00
lower bound estimate of eta = 6.743288e+00
upper bound estimate of delta = 8.180000e-01
lower bound estimate of delta = 8.113693e-01
likely a maximizing (vs minimizing) solution for psi(r), as y[1][2]=-1.461996e-02  which usually means high energy.
solvde convergence failed when x = (1.954401e+01,6.773288e+00,8.163693e-01).
Retrying using a constant y value
minimum found at:
    iteration	            R	          eta	        delta	            E	         dEdR	       dEdeta	     dEddelta	    grad norm
           18	 2.081729e+01	 6.790868e+00	 8.163788e-01	-1.173119e+00	-2.595922e-09	-9.313538e-08	 1.218940e-06	 1.222495e-06
success!


parameter values for minimization:
K33 = 2.000000e+01
k24 = -3.600000e-01
Lambda = 1.000000e+01
d0 = 1.000000e+00
omega = 1.000000e+01
gamma_s = 2.148485e-01
initial guesses for R, eta, and delta:
guess for R = 2.081729e+01
guess for eta = 6.790868e+00
guess for delta = 8.163788e-01
estimated ranges of R, eta, and delta:
upper bound estimate of R = 3.122593e+01
lower bound estimate of R = 1.561297e+01
upper bound estimate of eta = 6.820868e+00
lower bound estimate of eta = 6.760868e+00
upper bound estimate of delta = 8.180000e-01
lower bound estimate of delta = 8.113788e-01
ss=1.372870494665e+25, lastss = 9.643991339315e+23
tol = 2.483697390486e-12
failed to integrate at x = (2.081729e+01,6.790868e+00,8.163788e-01)
solvde convergence failed when x = (2.081729e+01,6.790868e+00,8.163788e-01).
Retrying using a constant y value
minimum found at:
    iteration	            R	          eta	        delta	            E	         dEdR	       dEdeta	     dEddelta	    grad norm
           23	 2.215707e+01	 6.808754e+00	 8.163875e-01	-1.172752e+00	-1.601375e-09	 3.101223e-07	 2.744314e-06	 2.761781e-06
success!


parameter values for minimization:
K33 = 2.000000e+01
k24 = -3.600000e-01
Lambda = 1.000000e+01
d0 = 1.000000e+00
omega = 1.000000e+01
gamma_s = 2.187879e-01
initial guesses for R, eta, and delta:
guess for R = 2.215707e+01
guess for eta = 6.808754e+00
guess for delta = 8.163875e-01
estimated ranges of R, eta, and delta:
upper bound estimate of R = 3.323560e+01
lower bound estimate of R = 1.661780e+01
upper bound estimate of eta = 6.838754e+00
lower bound estimate of eta = 6.778754e+00
upper bound estimate of delta = 8.180000e-01
lower bound estimate of delta = 8.113875e-01
likely a maximizing (vs minimizing) solution for psi(r), as y[1][2]=-1.794169e-02  which usually means high energy.
solvde convergence failed when x = (2.215707e+01,6.808754e+00,8.163875e-01).
Retrying using a constant y value
minimum found at:
    iteration	            R	          eta	        delta	            E	         dEdR	       dEdeta	     dEddelta	    grad norm
           20	 2.356509e+01	 6.826914e+00	 8.163954e-01	-1.172407e+00	-1.896492e-09	 4.121395e-07	 1.870380e-06	 1.915250e-06
success!


parameter values for minimization:
K33 = 2.000000e+01
k24 = -3.600000e-01
Lambda = 1.000000e+01
d0 = 1.000000e+00
omega = 1.000000e+01
gamma_s = 2.227273e-01
initial guesses for R, eta, and delta:
guess for R = 2.356509e+01
guess for eta = 6.826914e+00
guess for delta = 8.163954e-01
estimated ranges of R, eta, and delta:
upper bound estimate of R = 3.534764e+01
lower bound estimate of R = 1.767382e+01
upper bound estimate of eta = 6.856914e+00
lower bound estimate of eta = 6.796914e+00
upper bound estimate of delta = 8.180000e-01
lower bound estimate of delta = 8.113954e-01
likely a maximizing (vs minimizing) solution for psi(r), as y[1][2]=-1.973283e-02  which usually means high energy.
solvde convergence failed when x = (2.356509e+01,6.826914e+00,8.163954e-01).
Retrying using a constant y value
minimum found at:
    iteration	            R	          eta	        delta	            E	         dEdR	       dEdeta	     dEddelta	    grad norm
           21	 2.504536e+01	 6.845365e+00	 8.164025e-01	-1.172083e+00	 1.372351e-09	 5.226683e-07	-7.239440e-07	 8.929048e-07
success!


parameter values for minimization:
K33 = 2.000000e+01
k24 = -3.600000e-01
Lambda = 1.000000e+01
d0 = 1.000000e+00
omega = 1.000000e+01
gamma_s = 2.266667e-01
initial guesses for R, eta, and delta:
guess for R = 2.504536e+01
guess for eta = 6.845365e+00
guess for delta = 8.164025e-01
estimated ranges of R, eta, and delta:
upper bound estimate of R = 3.756804e+01
lower bound estimate of R = 1.878402e+01
upper bound estimate of eta = 6.875365e+00
lower bound estimate of eta = 6.815365e+00
upper bound estimate of delta = 8.180000e-01
lower bound estimate of delta = 8.114025e-01
likely a maximizing (vs minimizing) solution for psi(r), as y[1][2]=-2.192854e-02  which usually means high energy.
solvde convergence failed when x = (2.504536e+01,6.845365e+00,8.164025e-01).
Retrying using a constant y value
minimum found at:
    iteration	            R	          eta	        delta	            E	         dEdR	       dEdeta	     dEddelta	    grad norm
           27	 2.659857e+01	 6.864050e+00	 8.164092e-01	-1.171777e+00	 1.541449e-09	-4.907186e-07	-1.145421e-06	 1.246113e-06
success!


parameter values for minimization:
K33 = 2.000000e+01
k24 = -3.600000e-01
Lambda = 1.000000e+01
d0 = 1.000000e+00
omega = 1.000000e+01
gamma_s = 2.306061e-01
initial guesses for R, eta, and delta:
guess for R = 2.659857e+01
guess for eta = 6.864050e+00
guess for delta = 8.164092e-01
estimated ranges of R, eta, and delta:
upper bound estimate of R = 3.989785e+01
lower bound estimate of R = 1.994893e+01
upper bound estimate of eta = 6.894050e+00
lower bound estimate of eta = 6.834050e+00
upper bound estimate of delta = 8.180000e-01
lower bound estimate of delta = 8.114092e-01
ss=1.009923812773e+25, lastss = 1.535386768003e+25
tol = 4.066200724396e-12
failed to integrate at x = (2.659857e+01,6.864050e+00,8.164092e-01)
solvde convergence failed when x = (2.659857e+01,6.864050e+00,8.164092e-01).
Retrying using a constant y value
minimum found at:
    iteration	            R	          eta	        delta	            E	         dEdR	       dEdeta	     dEddelta	    grad norm
           39	 2.823252e+01	 6.883078e+00	 8.164158e-01	-1.171490e+00	 1.639916e-10	-2.960595e-08	 5.668918e-06	 5.668995e-06
success!


parameter values for minimization:
K33 = 2.000000e+01
k24 = -3.600000e-01
Lambda = 1.000000e+01
d0 = 1.000000e+00
omega = 1.000000e+01
gamma_s = 2.345455e-01
initial guesses for R, eta, and delta:
guess for R = 2.823252e+01
guess for eta = 6.883078e+00
guess for delta = 8.164158e-01
estimated ranges of R, eta, and delta:
upper bound estimate of R = 4.234878e+01
lower bound estimate of R = 2.117439e+01
upper bound estimate of eta = 6.913078e+00
lower bound estimate of eta = 6.853078e+00
upper bound estimate of delta = 8.180000e-01
lower bound estimate of delta = 8.114158e-01
likely a maximizing (vs minimizing) solution for psi(r), as y[1][2]=-2.825221e-02  which usually means high energy.
solvde convergence failed when x = (2.823252e+01,6.883078e+00,8.164158e-01).
Retrying using a constant y value
minimum found at:
    iteration	            R	          eta	        delta	            E	         dEdR	       dEdeta	     dEddelta	    grad norm
           23	 2.994724e+01	 6.902351e+00	 8.164213e-01	-1.171219e+00	 6.162549e-10	-5.003405e-07	 2.818190e-06	 2.862261e-06
success!


parameter values for minimization:
K33 = 2.000000e+01
k24 = -3.600000e-01
Lambda = 1.000000e+01
d0 = 1.000000e+00
omega = 1.000000e+01
gamma_s = 2.384848e-01
initial guesses for R, eta, and delta:
guess for R = 2.994724e+01
guess for eta = 6.902351e+00
guess for delta = 8.164213e-01
estimated ranges of R, eta, and delta:
upper bound estimate of R = 4.492086e+01
lower bound estimate of R = 2.246043e+01
upper bound estimate of eta = 6.932351e+00
lower bound estimate of eta = 6.872351e+00
upper bound estimate of delta = 8.180000e-01
lower bound estimate of delta = 8.114213e-01
likely a maximizing (vs minimizing) solution for psi(r), as y[1][2]=-3.041303e-02  which usually means high energy.
solvde convergence failed when x = (2.994724e+01,6.902351e+00,8.164213e-01).
Retrying using a constant y value
minimum found at:
    iteration	            R	          eta	        delta	            E	         dEdR	       dEdeta	     dEddelta	    grad norm
           20	 3.174912e+01	 6.921940e+00	 8.164264e-01	-1.170963e+00	-1.728409e-09	-2.367242e-07	-5.884107e-07	 6.342464e-07
success!


parameter values for minimization:
K33 = 2.000000e+01
k24 = -3.600000e-01
Lambda = 1.000000e+01
d0 = 1.000000e+00
omega = 1.000000e+01
gamma_s = 2.424242e-01
initial guesses for R, eta, and delta:
guess for R = 3.174912e+01
guess for eta = 6.921940e+00
guess for delta = 8.164264e-01
estimated ranges of R, eta, and delta:
upper bound estimate of R = 4.762368e+01
lower bound estimate of R = 2.381184e+01
upper bound estimate of eta = 6.951940e+00
lower bound estimate of eta = 6.891940e+00
upper bound estimate of delta = 8.180000e-01
lower bound estimate of delta = 8.114264e-01
likely a maximizing (vs minimizing) solution for psi(r), as y[1][2]=-3.294309e-02  which usually means high energy.
solvde convergence failed when x = (3.174912e+01,6.921940e+00,8.164264e-01).
Retrying using a constant y value
minimum found at:
    iteration	            R	          eta	        delta	            E	         dEdR	       dEdeta	     dEddelta	    grad norm
           18	 3.364275e+01	 6.941835e+00	 8.164313e-01	-1.170722e+00	-1.156296e-10	 1.344603e-07	-1.156342e-06	 1.164133e-06
success!


parameter values for minimization:
K33 = 2.000000e+01
k24 = -3.600000e-01
Lambda = 1.000000e+01
d0 = 1.000000e+00
omega = 1.000000e+01
gamma_s = 2.463636e-01
initial guesses for R, eta, and delta:
guess for R = 3.364275e+01
guess for eta = 6.941835e+00
guess for delta = 8.164313e-01
estimated ranges of R, eta, and delta:
upper bound estimate of R = 5.046412e+01
lower bound estimate of R = 2.523206e+01
upper bound estimate of eta = 6.971835e+00
lower bound estimate of eta = 6.911835e+00
upper bound estimate of delta = 8.180000e-01
lower bound estimate of delta = 8.114313e-01
ss=5.404298443786e+26, lastss = 9.267048295735e+25
tol = 6.520092692188e-12
failed to integrate at x = (3.364275e+01,6.941835e+00,8.164313e-01)
solvde convergence failed when x = (3.364275e+01,6.941835e+00,8.164313e-01).
Retrying using a constant y value
ss=-1.080759866985e+01, lastss = -1.080759850598e+01
tol = 6.956766189609e-12
failed to integrate at x = (3.474418e+01,6.941835e+00,8.164313e-01)
interpolating at R = 3.474418e+01, eta = 6.941835e+00, delta = 8.164313e-01...
done interpolating.
minimum found at:
    iteration	            R	          eta	        delta	            E	         dEdR	       dEdeta	     dEddelta	    grad norm
           29	 3.563345e+01	 6.962047e+00	 8.164358e-01	-1.170495e+00	 8.888098e-10	 4.625929e-07	-2.624273e-06	 2.664733e-06
success!


parameter values for minimization:
K33 = 2.000000e+01
k24 = -3.600000e-01
Lambda = 1.000000e+01
d0 = 1.000000e+00
omega = 1.000000e+01
gamma_s = 2.503030e-01
initial guesses for R, eta, and delta:
guess for R = 3.563345e+01
guess for eta = 6.962047e+00
guess for delta = 8.164358e-01
estimated ranges of R, eta, and delta:
upper bound estimate of R = 5.345018e+01
lower bound estimate of R = 2.672509e+01
upper bound estimate of eta = 6.992047e+00
lower bound estimate of eta = 6.932047e+00
upper bound estimate of delta = 8.180000e-01
lower bound estimate of delta = 8.114358e-01
ss=5.268499434074e+24, lastss = 7.411656602445e+24
tol = 7.318263563155e-12
failed to integrate at x = (3.563345e+01,6.962047e+00,8.164358e-01)
solvde convergence failed when x = (3.563345e+01,6.962047e+00,8.164358e-01).
Retrying using a constant y value
ss=-1.114672776374e+01, lastss = -1.114672753018e+01
tol = 7.318263563155e-12
failed to integrate at x = (3.563345e+01,6.962047e+00,8.164358e-01)
interpolating at R = 3.563345e+01, eta = 6.962047e+00, delta = 8.164358e-01...
done interpolating.
minimum found at:
    iteration	            R	          eta	        delta	            E	         dEdR	       dEdeta	     dEddelta	    grad norm
           33	 3.771700e+01	 6.982424e+00	 8.164399e-01	-1.170280e+00	-2.658711e-10	-3.792028e-07	-4.271173e-06	 4.287973e-06
success!


parameter values for minimization:
K33 = 2.000000e+01
k24 = -3.600000e-01
Lambda = 1.000000e+01
d0 = 1.000000e+00
omega = 1.000000e+01
gamma_s = 2.542424e-01
initial guesses for R, eta, and delta:
guess for R = 3.771700e+01
guess for eta = 6.982424e+00
guess for delta = 8.164399e-01
estimated ranges of R, eta, and delta:
upper bound estimate of R = 5.657550e+01
lower bound estimate of R = 2.828775e+01
upper bound estimate of eta = 7.012424e+00
lower bound estimate of eta = 6.952424e+00
upper bound estimate of delta = 8.180000e-01
lower bound estimate of delta = 8.114399e-01
likely a maximizing (vs minimizing) solution for psi(r), as y[1][2]=-4.402915e-02  which usually means high energy.
solvde convergence failed when x = (3.771700e+01,6.982424e+00,8.164399e-01).
Retrying using a constant y value
ss=-1.194674676329e+01, lastss = -1.194674632658e+01
tol = 8.203081844880e-12
failed to integrate at x = (3.771700e+01,6.982424e+00,8.164399e-01)
interpolating at R = 3.771700e+01, eta = 6.982424e+00, delta = 8.164399e-01...
done interpolating.
minimum found at:
    iteration	            R	          eta	        delta	            E	         dEdR	       dEdeta	     dEddelta	    grad norm
           36	 3.990863e+01	 7.003162e+00	 8.164441e-01	-1.170077e+00	 3.202595e-10	-3.117260e-07	 2.399805e-06	 2.419967e-06
success!


parameter values for minimization:
K33 = 2.000000e+01
k24 = -3.600000e-01
Lambda = 1.000000e+01
d0 = 1.000000e+00
omega = 1.000000e+01
gamma_s = 2.581818e-01
initial guesses for R, eta, and delta:
guess for R = 3.990863e+01
guess for eta = 7.003162e+00
guess for delta = 8.164441e-01
estimated ranges of R, eta, and delta:
upper bound estimate of R = 5.986295e+01
lower bound estimate of R = 2.993147e+01
upper bound estimate of eta = 7.033162e+00
lower bound estimate of eta = 6.973162e+00
upper bound estimate of delta = 8.180000e-01
lower bound estimate of delta = 8.114441e-01
likely a maximizing (vs minimizing) solution for psi(r), as y[1][2]=-4.964913e-02  which usually means high energy.
solvde convergence failed when x = (3.990863e+01,7.003162e+00,8.164441e-01).
Retrying using a constant y value
ss=-1.279661676416e+01, lastss = -1.279661595824e+01
tol = 9.188358148231e-12
failed to integrate at x = (3.990863e+01,7.003162e+00,8.164441e-01)
interpolating at R = 3.990863e+01, eta = 7.003162e+00, delta = 8.164441e-01...
done interpolating.
minimum found at:
    iteration	            R	          eta	        delta	            E	         dEdR	       dEdeta	     dEddelta	    grad norm
           44	 4.220778e+01	 7.024152e+00	 8.164475e-01	-1.169885e+00	-9.720619e-10	-5.119362e-07	-1.412355e-06	 1.502274e-06
success!


parameter values for minimization:
K33 = 2.000000e+01
k24 = -3.600000e-01
Lambda = 1.000000e+01
d0 = 1.000000e+00
omega = 1.000000e+01
gamma_s = 2.621212e-01
initial guesses for R, eta, and delta:
guess for R = 4.220778e+01
guess for eta = 7.024152e+00
guess for delta = 8.164475e-01
estimated ranges of R, eta, and delta:
upper bound estimate of R = 6.331167e+01
lower bound estimate of R = 3.165583e+01
upper bound estimate of eta = 7.054152e+00
lower bound estimate of eta = 6.994152e+00
upper bound estimate of delta = 8.180000e-01
lower bound estimate of delta = 8.114475e-01
likely a maximizing (vs minimizing) solution for psi(r), as y[1][2]=-4.945028e-02  which usually means high energy.
solvde convergence failed when x = (4.220778e+01,7.024152e+00,8.164475e-01).
Retrying using a constant y value
ss=-1.369678820548e+01, lastss = -1.369678674011e+01
tol = 1.028209581603e-11
failed to integrate at x = (4.220778e+01,7.024152e+00,8.164475e-01)
interpolating at R = 4.220778e+01, eta = 7.024152e+00, delta = 8.164475e-01...
done interpolating.
minimum found at:
    iteration	            R	          eta	        delta	            E	         dEdR	       dEdeta	     dEddelta	    grad norm
           16	 4.462949e+01	 7.045561e+00	 8.164511e-01	-1.169703e+00	 5.489886e-10	 4.001737e-07	 2.263652e-06	 2.298752e-06
success!


parameter values for minimization:
K33 = 2.000000e+01
k24 = -3.600000e-01
Lambda = 1.000000e+01
d0 = 1.000000e+00
omega = 1.000000e+01
gamma_s = 2.660606e-01
initial guesses for R, eta, and delta:
guess for R = 4.462949e+01
guess for eta = 7.045561e+00
guess for delta = 8.164511e-01
estimated ranges of R, eta, and delta:
upper bound estimate of R = 6.694423e+01
lower bound estimate of R = 3.347212e+01
upper bound estimate of eta = 7.075561e+00
lower bound estimate of eta = 7.015561e+00
upper bound estimate of delta = 8.180000e-01
lower bound estimate of delta = 8.114511e-01
ss=1.075601843000e+27, lastss = 8.004736657528e+25
tol = 1.150072407853e-11
failed to integrate at x = (4.462949e+01,7.045561e+00,8.164511e-01)
solvde convergence failed when x = (4.462949e+01,7.045561e+00,8.164511e-01).
Retrying using a constant y value
ss=-1.465384262508e+01, lastss = -1.465383999166e+01
tol = 1.150072407853e-11
failed to integrate at x = (4.462949e+01,7.045561e+00,8.164511e-01)
interpolating at R = 4.462949e+01, eta = 7.045561e+00, delta = 8.164511e-01...
done interpolating.
minimum found at:
    iteration	            R	          eta	        delta	            E	         dEdR	       dEdeta	     dEddelta	    grad norm
           17	 4.716651e+01	 7.067145e+00	 8.164539e-01	-1.169531e+00	 3.834289e-10	 2.939624e-07	-3.575914e-06	 3.587977e-06
success!


parameter values for minimization:
K33 = 2.000000e+01
k24 = -3.600000e-01
Lambda = 1.000000e+01
d0 = 1.000000e+00
omega = 1.000000e+01
gamma_s = 2.700000e-01
initial guesses for R, eta, and delta:
guess for R = 4.716651e+01
guess for eta = 7.067145e+00
guess for delta = 8.164539e-01
estimated ranges of R, eta, and delta:
upper bound estimate of R = 7.074976e+01
lower bound estimate of R = 3.537488e+01
upper bound estimate of eta = 7.097145e+00
lower bound estimate of eta = 7.037145e+00
upper bound estimate of delta = 8.180000e-01
lower bound estimate of delta = 8.114539e-01
likely a maximizing (vs minimizing) solution for psi(r), as y[1][2]=-6.646389e-02  which usually means high energy.
solvde convergence failed when x = (4.716651e+01,7.067145e+00,8.164539e-01).
Retrying using a constant y value
ss=9.070571002713e+26, lastss = 1.417076476235e+27
tol = 1.285066250996e-11
failed to integrate at x = (4.716651e+01,7.067145e+00,8.164539e-01)
solvde convergence failed when x = (4.716651e+01,7.067145e+00,8.164539e-01).
Retrying using a constant y value
ss=9.070571002713e+26, lastss = 1.417076476235e+27
tol = 1.285066250996e-11
failed to integrate at x = (4.716651e+01,7.067145e+00,8.164539e-01)
interpolating at R = 4.716651e+01, eta = 7.067145e+00, delta = 8.164539e-01...
done interpolating.
ss=9.390260666738e+28, lastss = 2.389198838809e+29
tol = 1.285067578254e-11
failed to integrate at x = (4.716651e+01,7.067145e+00,8.164539e-01)
solvde convergence failed when x = (4.716651e+01,7.067145e+00,8.164539e-01).
Retrying using a constant y value
ss=1.515461805736e+31, lastss = 2.990548176852e+28
tol = 1.285059077250e-11
failed to integrate at x = (4.716651e+01,7.067145e+00,8.164539e-01)
interpolating at R = 4.716651e+01, eta = 7.067145e+00, delta = 8.164539e-01...
done interpolating.
ss=6.085633723654e+33, lastss = 3.617136216207e+34
tol = 1.285059077648e-11
failed to integrate at x = (4.716651e+01,7.067145e+00,8.164539e-01)
solvde convergence failed when x = (4.716651e+01,7.067145e+00,8.164539e-01).
Retrying using a constant y value
ss=1.555012678654e+33, lastss = 3.408090796100e+33
tol = 1.285072101697e-11
failed to integrate at x = (4.716651e+01,7.067145e+00,8.164539e-01)
interpolating at R = 4.716651e+01, eta = 7.067145e+00, delta = 8.164539e-01...
done interpolating.
ss=6.523873964558e+32, lastss = 2.631123709847e+33
tol = 1.285072429335e-11
failed to integrate at x = (4.716651e+01,7.067145e+00,8.164539e-01)
solvde convergence failed when x = (4.716651e+01,7.067145e+00,8.164539e-01).
Retrying using a constant y value
likely a maximizing (vs minimizing) solution for psi(r), as y[1][2]=-1.383703e-03  which usually means high energy.
Retrying with a linear guess and a final twist angle value of pi/4.
likely a maximizing (vs minimizing) solution for psi(r), as y[1][2]=-8.223394e-03  which usually means high energy.
Retrying with a sqrt(r) guess and a final twist angle value of pi/2.01.
likely a maximizing (vs minimizing) solution for psi(r), as y[1][2]=-2.489631e-02  which usually means high energy.
failed to solve ODE when x = (4.716651e+01,7.067145e+00,8.164539e-01).
saving current psi(r) shape (from failed solvde call), as well as the shape of the initial guess of psi(r) (from previous call of E_calc), and exiting to system.
Trying again with Rguess = 1.0
Traceback (most recent call last):
  File "scan2d.py", line 60, in <module>
    run.run_exe()
  File "../../modules_gammak24/singlerun.py", line 41, in run_exe
    subprocess.run([self.executable,self.tmp_path,*self.params.values()],check=True)
  File "/cvmfs/soft.computecanada.ca/easybuild/software/2017/Core/python/3.7.0/lib/python3.7/subprocess.py", line 468, in run
    output=stdout, stderr=stderr)
subprocess.CalledProcessError: Command '['../../../bin/gamma_k24_singlepoint', '../../../tmp_data/', '20.', '-0.36', '10.0', '1.0', '10.0', '0.27', '47.16651', '7.067145', '0.8164539', '70.749765', '35.3748825', '7.097145', '7.037145', '0.818', '0.8114539']' returned non-zero exit status 1.
