Restoring modules from user's standard_modules


parameter values for minimization:
K33 = 2.000000e+01
k24 = 6.600000e-01
Lambda = 1.000000e-01
d0 = 1.000000e+00
omega = 1.000000e+01
gamma_s = 1.000000e-02
initial guesses for R, eta, and delta:
guess for R = 5.000000e-01
guess for eta = 6.300000e+00
guess for delta = 8.100000e-01
estimated ranges of R, eta, and delta:
upper bound estimate of R = 2.000000e+00
lower bound estimate of R = 1.000000e-01
upper bound estimate of eta = 6.430000e+00
lower bound estimate of eta = 6.290000e+00
upper bound estimate of delta = 8.160000e-01
lower bound estimate of delta = 8.000000e-01
x[1] = -2.783641e-01, x[2] = 6.302319e+00, x[3] = 8.099980e-01
something is too big or less than zero, so returning failed calculation.
abserr is 2.667161e-08, but the convergence criterion CONV_min*(1+p->Escale) is 4.250777e-08!
abserr is 2.410341e-08, but the convergence criterion CONV_min*(1+p->Escale) is 4.250780e-08!
abserr is 2.308972e-08, but the convergence criterion CONV_min*(1+p->Escale) is 4.250864e-08!
abserr is 2.150275e-08, but the convergence criterion CONV_min*(1+p->Escale) is 4.250941e-08!
abserr is 2.152014e-08, but the convergence criterion CONV_min*(1+p->Escale) is 4.250953e-08!
the initial guesses were not good, did not successfully find a minimum.
RETRYING!
minimum found at:
    iteration	            R	          eta	        delta	            E	         dEdR	       dEdeta	     dEddelta	    grad norm
           24	 4.154293e-02	 6.297525e+00	 8.164735e-01	-3.251143e+00	 5.021575e-07	 2.837237e-08	 7.568020e-06	 7.584715e-06
success!


parameter values for minimization:
K33 = 2.000000e+01
k24 = 6.600000e-01
Lambda = 1.000000e-01
d0 = 1.000000e+00
omega = 1.000000e+01
gamma_s = 1.393939e-02
initial guesses for R, eta, and delta:
guess for R = 4.154293e-02
guess for eta = 6.297525e+00
guess for delta = 8.164735e-01
estimated ranges of R, eta, and delta:
upper bound estimate of R = 6.231439e-02
lower bound estimate of R = 3.115720e-02
upper bound estimate of eta = 6.327525e+00
lower bound estimate of eta = 6.267525e+00
upper bound estimate of delta = 8.180000e-01
lower bound estimate of delta = 8.114735e-01
minimum found at:
    iteration	            R	          eta	        delta	            E	         dEdR	       dEdeta	     dEddelta	    grad norm
           18	 5.051852e-02	 6.301861e+00	 8.164560e-01	-3.079529e+00	-2.367929e-06	 3.399750e-07	 7.225861e-07	 2.498960e-06
success!


parameter values for minimization:
K33 = 2.000000e+01
k24 = 6.600000e-01
Lambda = 1.000000e-01
d0 = 1.000000e+00
omega = 1.000000e+01
gamma_s = 1.787879e-02
initial guesses for R, eta, and delta:
guess for R = 5.051852e-02
guess for eta = 6.301861e+00
guess for delta = 8.164560e-01
estimated ranges of R, eta, and delta:
upper bound estimate of R = 7.577778e-02
lower bound estimate of R = 3.788889e-02
upper bound estimate of eta = 6.331861e+00
lower bound estimate of eta = 6.271861e+00
upper bound estimate of delta = 8.180000e-01
lower bound estimate of delta = 8.114560e-01
minimum found at:
    iteration	            R	          eta	        delta	            E	         dEdR	       dEdeta	     dEddelta	    grad norm
           29	 5.935192e-02	 6.306114e+00	 8.164345e-01	-2.935802e+00	 1.406500e-08	-9.967336e-07	 3.264164e-06	 3.412982e-06
success!


parameter values for minimization:
K33 = 2.000000e+01
k24 = 6.600000e-01
Lambda = 1.000000e-01
d0 = 1.000000e+00
omega = 1.000000e+01
gamma_s = 2.181818e-02
initial guesses for R, eta, and delta:
guess for R = 5.935192e-02
guess for eta = 6.306114e+00
guess for delta = 8.164345e-01
estimated ranges of R, eta, and delta:
upper bound estimate of R = 8.902788e-02
lower bound estimate of R = 4.451394e-02
upper bound estimate of eta = 6.336114e+00
lower bound estimate of eta = 6.276114e+00
upper bound estimate of delta = 8.180000e-01
lower bound estimate of delta = 8.114345e-01
minimum found at:
    iteration	            R	          eta	        delta	            E	         dEdR	       dEdeta	     dEddelta	    grad norm
            7	 6.825474e-02	 6.310351e+00	 8.164080e-01	-2.812093e+00	-3.877497e-07	 8.116964e-07	 4.529613e-06	 4.618073e-06
success!


parameter values for minimization:
K33 = 2.000000e+01
k24 = 6.600000e-01
Lambda = 1.000000e-01
d0 = 1.000000e+00
omega = 1.000000e+01
gamma_s = 2.575758e-02
initial guesses for R, eta, and delta:
guess for R = 6.825474e-02
guess for eta = 6.310351e+00
guess for delta = 8.164080e-01
estimated ranges of R, eta, and delta:
upper bound estimate of R = 1.023821e-01
lower bound estimate of R = 5.119105e-02
upper bound estimate of eta = 6.340351e+00
lower bound estimate of eta = 6.280351e+00
upper bound estimate of delta = 8.180000e-01
lower bound estimate of delta = 8.114080e-01
minimum found at:
    iteration	            R	          eta	        delta	            E	         dEdR	       dEdeta	     dEddelta	    grad norm
           16	 7.734420e-02	 6.314604e+00	 8.163754e-01	-2.703698e+00	 1.810211e-07	-6.866113e-07	-8.346883e-06	 8.377032e-06
success!


parameter values for minimization:
K33 = 2.000000e+01
k24 = 6.600000e-01
Lambda = 1.000000e-01
d0 = 1.000000e+00
omega = 1.000000e+01
gamma_s = 2.969697e-02
initial guesses for R, eta, and delta:
guess for R = 7.734420e-02
guess for eta = 6.314604e+00
guess for delta = 8.163754e-01
estimated ranges of R, eta, and delta:
upper bound estimate of R = 1.160163e-01
lower bound estimate of R = 5.800815e-02
upper bound estimate of eta = 6.344604e+00
lower bound estimate of eta = 6.284604e+00
upper bound estimate of delta = 8.180000e-01
lower bound estimate of delta = 8.113754e-01
minimum found at:
    iteration	            R	          eta	        delta	            E	         dEdR	       dEdeta	     dEddelta	    grad norm
           39	 8.669416e-02	 6.318897e+00	 8.163378e-01	-2.607505e+00	 8.240015e-07	 5.218048e-07	-2.826701e-06	 2.990233e-06
success!


parameter values for minimization:
K33 = 2.000000e+01
k24 = 6.600000e-01
Lambda = 1.000000e-01
d0 = 1.000000e+00
omega = 1.000000e+01
gamma_s = 3.363636e-02
initial guesses for R, eta, and delta:
guess for R = 8.669416e-02
guess for eta = 6.318897e+00
guess for delta = 8.163378e-01
estimated ranges of R, eta, and delta:
upper bound estimate of R = 1.300412e-01
lower bound estimate of R = 6.502062e-02
upper bound estimate of eta = 6.348897e+00
lower bound estimate of eta = 6.288897e+00
upper bound estimate of delta = 8.180000e-01
lower bound estimate of delta = 8.113378e-01
minimum found at:
    iteration	            R	          eta	        delta	            E	         dEdR	       dEdeta	     dEddelta	    grad norm
           39	 9.635501e-02	 6.323241e+00	 8.162939e-01	-2.521315e+00	-3.446861e-07	 6.769893e-07	 1.814523e-06	 1.967135e-06
success!


parameter values for minimization:
K33 = 2.000000e+01
k24 = 6.600000e-01
Lambda = 1.000000e-01
d0 = 1.000000e+00
omega = 1.000000e+01
gamma_s = 3.757576e-02
initial guesses for R, eta, and delta:
guess for R = 9.635501e-02
guess for eta = 6.323241e+00
guess for delta = 8.162939e-01
estimated ranges of R, eta, and delta:
upper bound estimate of R = 1.445325e-01
lower bound estimate of R = 7.226626e-02
upper bound estimate of eta = 6.353241e+00
lower bound estimate of eta = 6.293241e+00
upper bound estimate of delta = 8.180000e-01
lower bound estimate of delta = 8.112939e-01
minimum found at:
    iteration	            R	          eta	        delta	            E	         dEdR	       dEdeta	     dEddelta	    grad norm
           26	 1.063627e-01	 6.327646e+00	 8.162426e-01	-2.443497e+00	 1.229036e-08	 7.616761e-08	-2.149997e-06	 2.151381e-06
success!


parameter values for minimization:
K33 = 2.000000e+01
k24 = 6.600000e-01
Lambda = 1.000000e-01
d0 = 1.000000e+00
omega = 1.000000e+01
gamma_s = 4.151515e-02
initial guesses for R, eta, and delta:
guess for R = 1.063627e-01
guess for eta = 6.327646e+00
guess for delta = 8.162426e-01
estimated ranges of R, eta, and delta:
upper bound estimate of R = 1.595440e-01
lower bound estimate of R = 7.977202e-02
upper bound estimate of eta = 6.357646e+00
lower bound estimate of eta = 6.297646e+00
upper bound estimate of delta = 8.180000e-01
lower bound estimate of delta = 8.112426e-01
minimum found at:
    iteration	            R	          eta	        delta	            E	         dEdR	       dEdeta	     dEddelta	    grad norm
           15	 1.167434e-01	 6.332114e+00	 8.161842e-01	-2.372798e+00	 6.750890e-07	-1.682605e-07	 2.190632e-08	 6.960867e-07
success!


parameter values for minimization:
K33 = 2.000000e+01
k24 = 6.600000e-01
Lambda = 1.000000e-01
d0 = 1.000000e+00
omega = 1.000000e+01
gamma_s = 4.545455e-02
initial guesses for R, eta, and delta:
guess for R = 1.167434e-01
guess for eta = 6.332114e+00
guess for delta = 8.161842e-01
estimated ranges of R, eta, and delta:
upper bound estimate of R = 1.751151e-01
lower bound estimate of R = 8.755755e-02
upper bound estimate of eta = 6.362114e+00
lower bound estimate of eta = 6.302114e+00
upper bound estimate of delta = 8.180000e-01
lower bound estimate of delta = 8.111842e-01
minimum found at:
    iteration	            R	          eta	        delta	            E	         dEdR	       dEdeta	     dEddelta	    grad norm
           45	 1.275155e-01	 6.336647e+00	 8.161175e-01	-2.308226e+00	-1.354216e-07	 4.016540e-07	-1.487725e-06	 1.546930e-06
success!


parameter values for minimization:
K33 = 2.000000e+01
k24 = 6.600000e-01
Lambda = 1.000000e-01
d0 = 1.000000e+00
omega = 1.000000e+01
gamma_s = 4.939394e-02
initial guesses for R, eta, and delta:
guess for R = 1.275155e-01
guess for eta = 6.336647e+00
guess for delta = 8.161175e-01
estimated ranges of R, eta, and delta:
upper bound estimate of R = 1.912733e-01
lower bound estimate of R = 9.563663e-02
upper bound estimate of eta = 6.366647e+00
lower bound estimate of eta = 6.306647e+00
upper bound estimate of delta = 8.180000e-01
lower bound estimate of delta = 8.111175e-01
minimum found at:
    iteration	            R	          eta	        delta	            E	         dEdR	       dEdeta	     dEddelta	    grad norm
           48	 1.386911e-01	 6.341244e+00	 8.160430e-01	-2.248983e+00	-1.869785e-07	 1.088019e-07	 8.654873e-06	 8.657577e-06
success!


parameter values for minimization:
K33 = 2.000000e+01
k24 = 6.600000e-01
Lambda = 1.000000e-01
d0 = 1.000000e+00
omega = 1.000000e+01
gamma_s = 5.333333e-02
initial guesses for R, eta, and delta:
guess for R = 1.386911e-01
guess for eta = 6.341244e+00
guess for delta = 8.160430e-01
estimated ranges of R, eta, and delta:
upper bound estimate of R = 2.080367e-01
lower bound estimate of R = 1.040183e-01
upper bound estimate of eta = 6.371244e+00
lower bound estimate of eta = 6.311244e+00
upper bound estimate of delta = 8.180000e-01
lower bound estimate of delta = 8.110430e-01
minimum found at:
    iteration	            R	          eta	        delta	            E	         dEdR	       dEdeta	     dEddelta	    grad norm
           13	 1.502770e-01	 6.345899e+00	 8.159584e-01	-2.194411e+00	-5.792066e-08	-6.278928e-07	 3.617228e-07	 7.269440e-07
success!


parameter values for minimization:
K33 = 2.000000e+01
k24 = 6.600000e-01
Lambda = 1.000000e-01
d0 = 1.000000e+00
omega = 1.000000e+01
gamma_s = 5.727273e-02
initial guesses for R, eta, and delta:
guess for R = 1.502770e-01
guess for eta = 6.345899e+00
guess for delta = 8.159584e-01
estimated ranges of R, eta, and delta:
upper bound estimate of R = 2.254155e-01
lower bound estimate of R = 1.127077e-01
upper bound estimate of eta = 6.375899e+00
lower bound estimate of eta = 6.315899e+00
upper bound estimate of delta = 8.179584e-01
lower bound estimate of delta = 8.109584e-01
minimum found at:
    iteration	            R	          eta	        delta	            E	         dEdR	       dEdeta	     dEddelta	    grad norm
           29	 1.622747e-01	 6.350609e+00	 8.158648e-01	-2.143959e+00	 5.190535e-07	-2.802696e-07	 5.625130e-07	 8.151003e-07
success!


parameter values for minimization:
K33 = 2.000000e+01
k24 = 6.600000e-01
Lambda = 1.000000e-01
d0 = 1.000000e+00
omega = 1.000000e+01
gamma_s = 6.121212e-02
initial guesses for R, eta, and delta:
guess for R = 1.622747e-01
guess for eta = 6.350609e+00
guess for delta = 8.158648e-01
estimated ranges of R, eta, and delta:
upper bound estimate of R = 2.434120e-01
lower bound estimate of R = 1.217060e-01
upper bound estimate of eta = 6.380609e+00
lower bound estimate of eta = 6.320609e+00
upper bound estimate of delta = 8.178648e-01
lower bound estimate of delta = 8.108648e-01
minimum found at:
    iteration	            R	          eta	        delta	            E	         dEdR	       dEdeta	     dEddelta	    grad norm
           27	 1.746806e-01	 6.355364e+00	 8.157612e-01	-2.097164e+00	-5.643582e-08	-6.212315e-07	-3.975656e-07	 7.397107e-07
success!


parameter values for minimization:
K33 = 2.000000e+01
k24 = 6.600000e-01
Lambda = 1.000000e-01
d0 = 1.000000e+00
omega = 1.000000e+01
gamma_s = 6.515152e-02
initial guesses for R, eta, and delta:
guess for R = 1.746806e-01
guess for eta = 6.355364e+00
guess for delta = 8.157612e-01
estimated ranges of R, eta, and delta:
upper bound estimate of R = 2.620209e-01
lower bound estimate of R = 1.310105e-01
upper bound estimate of eta = 6.385364e+00
lower bound estimate of eta = 6.325364e+00
upper bound estimate of delta = 8.177612e-01
lower bound estimate of delta = 8.107612e-01
minimum found at:
    iteration	            R	          eta	        delta	            E	         dEdR	       dEdeta	     dEddelta	    grad norm
           30	 1.874868e-01	 6.360156e+00	 8.156471e-01	-2.053629e+00	 1.946831e-07	-3.009938e-07	-7.435322e-06	 7.443958e-06
success!


parameter values for minimization:
K33 = 2.000000e+01
k24 = 6.600000e-01
Lambda = 1.000000e-01
d0 = 1.000000e+00
omega = 1.000000e+01
gamma_s = 6.909091e-02
initial guesses for R, eta, and delta:
guess for R = 1.874868e-01
guess for eta = 6.360156e+00
guess for delta = 8.156471e-01
estimated ranges of R, eta, and delta:
upper bound estimate of R = 2.812302e-01
lower bound estimate of R = 1.406151e-01
upper bound estimate of eta = 6.390156e+00
lower bound estimate of eta = 6.330156e+00
upper bound estimate of delta = 8.176471e-01
lower bound estimate of delta = 8.106471e-01
minimum found at:
    iteration	            R	          eta	        delta	            E	         dEdR	       dEdeta	     dEddelta	    grad norm
           22	 2.006809e-01	 6.364974e+00	 8.155234e-01	-2.013011e+00	-2.842371e-09	-4.934325e-09	 2.706829e-07	 2.707428e-07
success!


parameter values for minimization:
K33 = 2.000000e+01
k24 = 6.600000e-01
Lambda = 1.000000e-01
d0 = 1.000000e+00
omega = 1.000000e+01
gamma_s = 7.303030e-02
initial guesses for R, eta, and delta:
guess for R = 2.006809e-01
guess for eta = 6.364974e+00
guess for delta = 8.155234e-01
estimated ranges of R, eta, and delta:
upper bound estimate of R = 3.010213e-01
lower bound estimate of R = 1.505107e-01
upper bound estimate of eta = 6.394974e+00
lower bound estimate of eta = 6.334974e+00
upper bound estimate of delta = 8.175234e-01
lower bound estimate of delta = 8.105234e-01
minimum found at:
    iteration	            R	          eta	        delta	            E	         dEdR	       dEdeta	     dEddelta	    grad norm
            8	 2.142468e-01	 6.369805e+00	 8.153889e-01	-1.975016e+00	 7.853379e-08	-8.635068e-10	 1.359759e-06	 1.362025e-06
success!


parameter values for minimization:
K33 = 2.000000e+01
k24 = 6.600000e-01
Lambda = 1.000000e-01
d0 = 1.000000e+00
omega = 1.000000e+01
gamma_s = 7.696970e-02
initial guesses for R, eta, and delta:
guess for R = 2.142468e-01
guess for eta = 6.369805e+00
guess for delta = 8.153889e-01
estimated ranges of R, eta, and delta:
upper bound estimate of R = 3.213702e-01
lower bound estimate of R = 1.606851e-01
upper bound estimate of eta = 6.399805e+00
lower bound estimate of eta = 6.339805e+00
upper bound estimate of delta = 8.173889e-01
lower bound estimate of delta = 8.103889e-01
minimum found at:
    iteration	            R	          eta	        delta	            E	         dEdR	       dEdeta	     dEddelta	    grad norm
           20	 2.281646e-01	 6.374637e+00	 8.152435e-01	-1.939382e+00	-8.171410e-08	-1.302662e-07	-4.417630e-06	 4.420306e-06
success!


parameter values for minimization:
K33 = 2.000000e+01
k24 = 6.600000e-01
Lambda = 1.000000e-01
d0 = 1.000000e+00
omega = 1.000000e+01
gamma_s = 8.090909e-02
initial guesses for R, eta, and delta:
guess for R = 2.281646e-01
guess for eta = 6.374637e+00
guess for delta = 8.152435e-01
estimated ranges of R, eta, and delta:
upper bound estimate of R = 3.422469e-01
lower bound estimate of R = 1.711235e-01
upper bound estimate of eta = 6.404637e+00
lower bound estimate of eta = 6.344637e+00
upper bound estimate of delta = 8.172435e-01
lower bound estimate of delta = 8.102435e-01
minimum found at:
    iteration	            R	          eta	        delta	            E	         dEdR	       dEdeta	     dEddelta	    grad norm
           14	 2.424119e-01	 6.379457e+00	 8.150883e-01	-1.905882e+00	 2.850328e-08	 1.270589e-07	-2.719518e-06	 2.722633e-06
success!


parameter values for minimization:
K33 = 2.000000e+01
k24 = 6.600000e-01
Lambda = 1.000000e-01
d0 = 1.000000e+00
omega = 1.000000e+01
gamma_s = 8.484848e-02
initial guesses for R, eta, and delta:
guess for R = 2.424119e-01
guess for eta = 6.379457e+00
guess for delta = 8.150883e-01
estimated ranges of R, eta, and delta:
upper bound estimate of R = 3.636179e-01
lower bound estimate of R = 1.818089e-01
upper bound estimate of eta = 6.409457e+00
lower bound estimate of eta = 6.349457e+00
upper bound estimate of delta = 8.170883e-01
lower bound estimate of delta = 8.100883e-01
minimum found at:
    iteration	            R	          eta	        delta	            E	         dEdR	       dEdeta	     dEddelta	    grad norm
           17	 2.569642e-01	 6.384249e+00	 8.149232e-01	-1.874316e+00	 6.277521e-08	-1.517305e-08	-1.572287e-06	 1.573613e-06
success!


parameter values for minimization:
K33 = 2.000000e+01
k24 = 6.600000e-01
Lambda = 1.000000e-01
d0 = 1.000000e+00
omega = 1.000000e+01
gamma_s = 8.878788e-02
initial guesses for R, eta, and delta:
guess for R = 2.569642e-01
guess for eta = 6.384249e+00
guess for delta = 8.149232e-01
estimated ranges of R, eta, and delta:
upper bound estimate of R = 3.854463e-01
lower bound estimate of R = 1.927231e-01
upper bound estimate of eta = 6.414249e+00
lower bound estimate of eta = 6.354249e+00
upper bound estimate of delta = 8.169232e-01
lower bound estimate of delta = 8.099232e-01
minimum found at:
    iteration	            R	          eta	        delta	            E	         dEdR	       dEdeta	     dEddelta	    grad norm
           12	 2.717958e-01	 6.389001e+00	 8.147486e-01	-1.844504e+00	 5.249931e-08	 7.031412e-09	 7.898444e-07	 7.916184e-07
success!


parameter values for minimization:
K33 = 2.000000e+01
k24 = 6.600000e-01
Lambda = 1.000000e-01
d0 = 1.000000e+00
omega = 1.000000e+01
gamma_s = 9.272727e-02
initial guesses for R, eta, and delta:
guess for R = 2.717958e-01
guess for eta = 6.389001e+00
guess for delta = 8.147486e-01
estimated ranges of R, eta, and delta:
upper bound estimate of R = 4.076937e-01
lower bound estimate of R = 2.038468e-01
upper bound estimate of eta = 6.419001e+00
lower bound estimate of eta = 6.359001e+00
upper bound estimate of delta = 8.167486e-01
lower bound estimate of delta = 8.097486e-01
minimum found at:
    iteration	            R	          eta	        delta	            E	         dEdR	       dEdeta	     dEddelta	    grad norm
           21	 2.868807e-01	 6.393700e+00	 8.145649e-01	-1.816290e+00	 2.832106e-09	 3.387414e-07	-1.783758e-06	 1.815640e-06
success!


parameter values for minimization:
K33 = 2.000000e+01
k24 = 6.600000e-01
Lambda = 1.000000e-01
d0 = 1.000000e+00
omega = 1.000000e+01
gamma_s = 9.666667e-02
initial guesses for R, eta, and delta:
guess for R = 2.868807e-01
guess for eta = 6.393700e+00
guess for delta = 8.145649e-01
estimated ranges of R, eta, and delta:
upper bound estimate of R = 4.303210e-01
lower bound estimate of R = 2.151605e-01
upper bound estimate of eta = 6.423700e+00
lower bound estimate of eta = 6.363700e+00
upper bound estimate of delta = 8.165649e-01
lower bound estimate of delta = 8.095649e-01
minimum found at:
    iteration	            R	          eta	        delta	            E	         dEdR	       dEdeta	     dEddelta	    grad norm
           26	 3.021930e-01	 6.398332e+00	 8.143732e-01	-1.789533e+00	 2.407989e-10	-9.868649e-10	-3.140345e-07	 3.140362e-07
success!


parameter values for minimization:
K33 = 2.000000e+01
k24 = 6.600000e-01
Lambda = 1.000000e-01
d0 = 1.000000e+00
omega = 1.000000e+01
gamma_s = 1.006061e-01
initial guesses for R, eta, and delta:
guess for R = 3.021930e-01
guess for eta = 6.398332e+00
guess for delta = 8.143732e-01
estimated ranges of R, eta, and delta:
upper bound estimate of R = 4.532895e-01
lower bound estimate of R = 2.266448e-01
upper bound estimate of eta = 6.428332e+00
lower bound estimate of eta = 6.368332e+00
upper bound estimate of delta = 8.163732e-01
lower bound estimate of delta = 8.093732e-01
minimum found at:
    iteration	            R	          eta	        delta	            E	         dEdR	       dEdeta	     dEddelta	    grad norm
           30	 3.177084e-01	 6.402887e+00	 8.141739e-01	-1.764107e+00	 1.872540e-07	-2.362308e-07	-1.302662e-06	 1.337085e-06
success!


parameter values for minimization:
K33 = 2.000000e+01
k24 = 6.600000e-01
Lambda = 1.000000e-01
d0 = 1.000000e+00
omega = 1.000000e+01
gamma_s = 1.045455e-01
initial guesses for R, eta, and delta:
guess for R = 3.177084e-01
guess for eta = 6.402887e+00
guess for delta = 8.141739e-01
estimated ranges of R, eta, and delta:
upper bound estimate of R = 4.765626e-01
lower bound estimate of R = 2.382813e-01
upper bound estimate of eta = 6.432887e+00
lower bound estimate of eta = 6.372887e+00
upper bound estimate of delta = 8.161739e-01
lower bound estimate of delta = 8.091739e-01
minimum found at:
    iteration	            R	          eta	        delta	            E	         dEdR	       dEdeta	     dEddelta	    grad norm
           34	 3.334045e-01	 6.407355e+00	 8.139684e-01	-1.739900e+00	 9.492538e-08	 6.014942e-07	 2.060785e-06	 2.148870e-06
success!


parameter values for minimization:
K33 = 2.000000e+01
k24 = 6.600000e-01
Lambda = 1.000000e-01
d0 = 1.000000e+00
omega = 1.000000e+01
gamma_s = 1.084848e-01
initial guesses for R, eta, and delta:
guess for R = 3.334045e-01
guess for eta = 6.407355e+00
guess for delta = 8.139684e-01
estimated ranges of R, eta, and delta:
upper bound estimate of R = 5.001068e-01
lower bound estimate of R = 2.500534e-01
upper bound estimate of eta = 6.437355e+00
lower bound estimate of eta = 6.377355e+00
upper bound estimate of delta = 8.159684e-01
lower bound estimate of delta = 8.089684e-01
minimum found at:
    iteration	            R	          eta	        delta	            E	         dEdR	       dEdeta	     dEddelta	    grad norm
           31	 3.492610e-01	 6.411725e+00	 8.137566e-01	-1.716813e+00	 7.852781e-08	 2.431388e-07	-6.014237e-06	 6.019662e-06
success!


parameter values for minimization:
K33 = 2.000000e+01
k24 = 6.600000e-01
Lambda = 1.000000e-01
d0 = 1.000000e+00
omega = 1.000000e+01
gamma_s = 1.124242e-01
initial guesses for R, eta, and delta:
guess for R = 3.492610e-01
guess for eta = 6.411725e+00
guess for delta = 8.137566e-01
estimated ranges of R, eta, and delta:
upper bound estimate of R = 5.238915e-01
lower bound estimate of R = 2.619457e-01
upper bound estimate of eta = 6.441725e+00
lower bound estimate of eta = 6.381725e+00
upper bound estimate of delta = 8.157566e-01
lower bound estimate of delta = 8.087566e-01
minimum found at:
    iteration	            R	          eta	        delta	            E	         dEdR	       dEdeta	     dEddelta	    grad norm
           11	 3.652607e-01	 6.415992e+00	 8.135406e-01	-1.694755e+00	-8.261996e-08	-1.374209e-07	-5.661080e-06	 5.663350e-06
success!


parameter values for minimization:
K33 = 2.000000e+01
k24 = 6.600000e-01
Lambda = 1.000000e-01
d0 = 1.000000e+00
omega = 1.000000e+01
gamma_s = 1.163636e-01
initial guesses for R, eta, and delta:
guess for R = 3.652607e-01
guess for eta = 6.415992e+00
guess for delta = 8.135406e-01
estimated ranges of R, eta, and delta:
upper bound estimate of R = 5.478911e-01
lower bound estimate of R = 2.739455e-01
upper bound estimate of eta = 6.445992e+00
lower bound estimate of eta = 6.385992e+00
upper bound estimate of delta = 8.155406e-01
lower bound estimate of delta = 8.085406e-01
minimum found at:
    iteration	            R	          eta	        delta	            E	         dEdR	       dEdeta	     dEddelta	    grad norm
           14	 3.813896e-01	 6.420149e+00	 8.133211e-01	-1.673647e+00	 1.750773e-08	 2.451126e-07	 1.130313e-06	 1.156717e-06
success!


parameter values for minimization:
K33 = 2.000000e+01
k24 = 6.600000e-01
Lambda = 1.000000e-01
d0 = 1.000000e+00
omega = 1.000000e+01
gamma_s = 1.203030e-01
initial guesses for R, eta, and delta:
guess for R = 3.813896e-01
guess for eta = 6.420149e+00
guess for delta = 8.133211e-01
estimated ranges of R, eta, and delta:
upper bound estimate of R = 5.720844e-01
lower bound estimate of R = 2.860422e-01
upper bound estimate of eta = 6.450149e+00
lower bound estimate of eta = 6.390149e+00
upper bound estimate of delta = 8.153211e-01
lower bound estimate of delta = 8.083211e-01
minimum found at:
    iteration	            R	          eta	        delta	            E	         dEdR	       dEdeta	     dEddelta	    grad norm
           10	 3.976366e-01	 6.424191e+00	 8.130981e-01	-1.653416e+00	 4.414361e-08	-2.597922e-07	-6.910874e-06	 6.915896e-06
success!


parameter values for minimization:
K33 = 2.000000e+01
k24 = 6.600000e-01
Lambda = 1.000000e-01
d0 = 1.000000e+00
omega = 1.000000e+01
gamma_s = 1.242424e-01
initial guesses for R, eta, and delta:
guess for R = 3.976366e-01
guess for eta = 6.424191e+00
guess for delta = 8.130981e-01
estimated ranges of R, eta, and delta:
upper bound estimate of R = 5.964549e-01
lower bound estimate of R = 2.982275e-01
upper bound estimate of eta = 6.454191e+00
lower bound estimate of eta = 6.394191e+00
upper bound estimate of delta = 8.150981e-01
lower bound estimate of delta = 8.080981e-01
minimum found at:
    iteration	            R	          eta	        delta	            E	         dEdR	       dEdeta	     dEddelta	    grad norm
           52	 4.139942e-01	 6.428116e+00	 8.128739e-01	-1.633998e+00	-6.656258e-08	 6.182709e-07	-4.652363e-08	 6.235815e-07
success!


parameter values for minimization:
K33 = 2.000000e+01
k24 = 6.600000e-01
Lambda = 1.000000e-01
d0 = 1.000000e+00
omega = 1.000000e+01
gamma_s = 1.281818e-01
initial guesses for R, eta, and delta:
guess for R = 4.139942e-01
guess for eta = 6.428116e+00
guess for delta = 8.128739e-01
estimated ranges of R, eta, and delta:
upper bound estimate of R = 6.209913e-01
lower bound estimate of R = 3.104957e-01
upper bound estimate of eta = 6.458116e+00
lower bound estimate of eta = 6.398116e+00
upper bound estimate of delta = 8.148739e-01
lower bound estimate of delta = 8.078739e-01
minimum found at:
    iteration	            R	          eta	        delta	            E	         dEdR	       dEdeta	     dEddelta	    grad norm
           26	 4.304579e-01	 6.431920e+00	 8.126483e-01	-1.615335e+00	-2.939182e-08	 2.219212e-07	 3.140345e-07	 3.856561e-07
success!


parameter values for minimization:
K33 = 2.000000e+01
k24 = 6.600000e-01
Lambda = 1.000000e-01
d0 = 1.000000e+00
omega = 1.000000e+01
gamma_s = 1.321212e-01
initial guesses for R, eta, and delta:
guess for R = 4.304579e-01
guess for eta = 6.431920e+00
guess for delta = 8.126483e-01
estimated ranges of R, eta, and delta:
upper bound estimate of R = 6.456869e-01
lower bound estimate of R = 3.228434e-01
upper bound estimate of eta = 6.461920e+00
lower bound estimate of eta = 6.401920e+00
upper bound estimate of delta = 8.146483e-01
lower bound estimate of delta = 8.076483e-01
minimum found at:
    iteration	            R	          eta	        delta	            E	         dEdR	       dEdeta	     dEddelta	    grad norm
           39	 4.470264e-01	 6.435602e+00	 8.124224e-01	-1.597375e+00	 6.902999e-08	-2.855740e-07	-2.210930e-06	 2.230365e-06
success!


parameter values for minimization:
K33 = 2.000000e+01
k24 = 6.600000e-01
Lambda = 1.000000e-01
d0 = 1.000000e+00
omega = 1.000000e+01
gamma_s = 1.360606e-01
initial guesses for R, eta, and delta:
guess for R = 4.470264e-01
guess for eta = 6.435602e+00
guess for delta = 8.124224e-01
estimated ranges of R, eta, and delta:
upper bound estimate of R = 6.705396e-01
lower bound estimate of R = 3.352698e-01
upper bound estimate of eta = 6.465602e+00
lower bound estimate of eta = 6.405602e+00
upper bound estimate of delta = 8.144224e-01
lower bound estimate of delta = 8.074224e-01
minimum found at:
    iteration	            R	          eta	        delta	            E	         dEdR	       dEdeta	     dEddelta	    grad norm
           59	 4.637011e-01	 6.439163e+00	 8.121971e-01	-1.580071e+00	 5.772929e-08	-5.113194e-07	-1.981484e-06	 2.047207e-06
success!


parameter values for minimization:
K33 = 2.000000e+01
k24 = 6.600000e-01
Lambda = 1.000000e-01
d0 = 1.000000e+00
omega = 1.000000e+01
gamma_s = 1.400000e-01
initial guesses for R, eta, and delta:
guess for R = 4.637011e-01
guess for eta = 6.439163e+00
guess for delta = 8.121971e-01
estimated ranges of R, eta, and delta:
upper bound estimate of R = 6.955516e-01
lower bound estimate of R = 3.477758e-01
upper bound estimate of eta = 6.469163e+00
lower bound estimate of eta = 6.409163e+00
upper bound estimate of delta = 8.141971e-01
lower bound estimate of delta = 8.071971e-01
minimum found at:
    iteration	            R	          eta	        delta	            E	         dEdR	       dEdeta	     dEddelta	    grad norm
           16	 4.804866e-01	 6.442603e+00	 8.119731e-01	-1.563380e+00	 4.596988e-09	 2.632462e-07	-3.364504e-06	 3.374790e-06
success!


parameter values for minimization:
K33 = 2.000000e+01
k24 = 6.600000e-01
Lambda = 1.000000e-01
d0 = 1.000000e+00
omega = 1.000000e+01
gamma_s = 1.439394e-01
initial guesses for R, eta, and delta:
guess for R = 4.804866e-01
guess for eta = 6.442603e+00
guess for delta = 8.119731e-01
estimated ranges of R, eta, and delta:
upper bound estimate of R = 7.207299e-01
lower bound estimate of R = 3.603650e-01
upper bound estimate of eta = 6.472603e+00
lower bound estimate of eta = 6.412603e+00
upper bound estimate of delta = 8.139731e-01
lower bound estimate of delta = 8.069731e-01
minimum found at:
    iteration	            R	          eta	        delta	            E	         dEdR	       dEdeta	     dEddelta	    grad norm
           14	 4.973896e-01	 6.445923e+00	 8.117512e-01	-1.547264e+00	 5.093638e-09	 8.005942e-07	-1.588148e-06	 1.778536e-06
success!


parameter values for minimization:
K33 = 2.000000e+01
k24 = 6.600000e-01
Lambda = 1.000000e-01
d0 = 1.000000e+00
omega = 1.000000e+01
gamma_s = 1.478788e-01
initial guesses for R, eta, and delta:
guess for R = 4.973896e-01
guess for eta = 6.445923e+00
guess for delta = 8.117512e-01
estimated ranges of R, eta, and delta:
upper bound estimate of R = 7.460844e-01
lower bound estimate of R = 3.730422e-01
upper bound estimate of eta = 6.475923e+00
lower bound estimate of eta = 6.415923e+00
upper bound estimate of delta = 8.137512e-01
lower bound estimate of delta = 8.067512e-01
minimum found at:
    iteration	            R	          eta	        delta	            E	         dEdR	       dEdeta	     dEddelta	    grad norm
           13	 5.144192e-01	 6.449124e+00	 8.115317e-01	-1.531688e+00	 4.160633e-08	-2.373410e-07	-3.971426e-06	 3.978730e-06
success!


parameter values for minimization:
K33 = 2.000000e+01
k24 = 6.600000e-01
Lambda = 1.000000e-01
d0 = 1.000000e+00
omega = 1.000000e+01
gamma_s = 1.518182e-01
initial guesses for R, eta, and delta:
guess for R = 5.144192e-01
guess for eta = 6.449124e+00
guess for delta = 8.115317e-01
estimated ranges of R, eta, and delta:
upper bound estimate of R = 7.716288e-01
lower bound estimate of R = 3.858144e-01
upper bound estimate of eta = 6.479124e+00
lower bound estimate of eta = 6.419124e+00
upper bound estimate of delta = 8.135317e-01
lower bound estimate of delta = 8.065317e-01
minimum found at:
    iteration	            R	          eta	        delta	            E	         dEdR	       dEdeta	     dEddelta	    grad norm
           18	 5.315871e-01	 6.452208e+00	 8.113156e-01	-1.516622e+00	-3.823383e-08	-4.675273e-07	-2.589463e-06	 2.631608e-06
success!


parameter values for minimization:
K33 = 2.000000e+01
k24 = 6.600000e-01
Lambda = 1.000000e-01
d0 = 1.000000e+00
omega = 1.000000e+01
gamma_s = 1.557576e-01
initial guesses for R, eta, and delta:
guess for R = 5.315871e-01
guess for eta = 6.452208e+00
guess for delta = 8.113156e-01
estimated ranges of R, eta, and delta:
upper bound estimate of R = 7.973807e-01
lower bound estimate of R = 3.986903e-01
upper bound estimate of eta = 6.482208e+00
lower bound estimate of eta = 6.422208e+00
upper bound estimate of delta = 8.133156e-01
lower bound estimate of delta = 8.063156e-01
minimum found at:
    iteration	            R	          eta	        delta	            E	         dEdR	       dEdeta	     dEddelta	    grad norm
           20	 5.489070e-01	 6.455179e+00	 8.111034e-01	-1.502037e+00	-8.372590e-09	 2.907551e-07	 3.627786e-06	 3.639428e-06
success!


parameter values for minimization:
K33 = 2.000000e+01
k24 = 6.600000e-01
Lambda = 1.000000e-01
d0 = 1.000000e+00
omega = 1.000000e+01
gamma_s = 1.596970e-01
initial guesses for R, eta, and delta:
guess for R = 5.489070e-01
guess for eta = 6.455179e+00
guess for delta = 8.111034e-01
estimated ranges of R, eta, and delta:
upper bound estimate of R = 8.233605e-01
lower bound estimate of R = 4.116803e-01
upper bound estimate of eta = 6.485179e+00
lower bound estimate of eta = 6.425179e+00
upper bound estimate of delta = 8.131034e-01
lower bound estimate of delta = 8.061034e-01
minimum found at:
    iteration	            R	          eta	        delta	            E	         dEdR	       dEdeta	     dEddelta	    grad norm
           30	 5.663943e-01	 6.458039e+00	 8.108947e-01	-1.487907e+00	-3.423150e-08	-1.381611e-07	-3.660564e-06	 3.663330e-06
success!


parameter values for minimization:
K33 = 2.000000e+01
k24 = 6.600000e-01
Lambda = 1.000000e-01
d0 = 1.000000e+00
omega = 1.000000e+01
gamma_s = 1.636364e-01
initial guesses for R, eta, and delta:
guess for R = 5.663943e-01
guess for eta = 6.458039e+00
guess for delta = 8.108947e-01
estimated ranges of R, eta, and delta:
upper bound estimate of R = 8.495915e-01
lower bound estimate of R = 4.247957e-01
upper bound estimate of eta = 6.488039e+00
lower bound estimate of eta = 6.428039e+00
upper bound estimate of delta = 8.128947e-01
lower bound estimate of delta = 8.058947e-01
minimum found at:
    iteration	            R	          eta	        delta	            E	         dEdR	       dEdeta	     dEddelta	    grad norm
           16	 5.840667e-01	 6.460789e+00	 8.106913e-01	-1.474208e+00	-6.455458e-08	-4.336038e-07	 2.796705e-06	 2.830854e-06
success!


parameter values for minimization:
K33 = 2.000000e+01
k24 = 6.600000e-01
Lambda = 1.000000e-01
d0 = 1.000000e+00
omega = 1.000000e+01
gamma_s = 1.675758e-01
initial guesses for R, eta, and delta:
guess for R = 5.840667e-01
guess for eta = 6.460789e+00
guess for delta = 8.106913e-01
estimated ranges of R, eta, and delta:
upper bound estimate of R = 8.761001e-01
lower bound estimate of R = 4.380500e-01
upper bound estimate of eta = 6.490789e+00
lower bound estimate of eta = 6.430789e+00
upper bound estimate of delta = 8.126913e-01
lower bound estimate of delta = 8.056913e-01
minimum found at:
    iteration	            R	          eta	        delta	            E	         dEdR	       dEdeta	     dEddelta	    grad norm
           14	 6.019441e-01	 6.463434e+00	 8.104925e-01	-1.460921e+00	 8.872322e-08	 4.857843e-07	-3.066330e-07	 5.812761e-07
success!


parameter values for minimization:
K33 = 2.000000e+01
k24 = 6.600000e-01
Lambda = 1.000000e-01
d0 = 1.000000e+00
omega = 1.000000e+01
gamma_s = 1.715152e-01
initial guesses for R, eta, and delta:
guess for R = 6.019441e-01
guess for eta = 6.463434e+00
guess for delta = 8.104925e-01
estimated ranges of R, eta, and delta:
upper bound estimate of R = 9.029162e-01
lower bound estimate of R = 4.514581e-01
upper bound estimate of eta = 6.493434e+00
lower bound estimate of eta = 6.433434e+00
upper bound estimate of delta = 8.124925e-01
lower bound estimate of delta = 8.054925e-01
minimum found at:
    iteration	            R	          eta	        delta	            E	         dEdR	       dEdeta	     dEddelta	    grad norm
           10	 6.200472e-01	 6.465976e+00	 8.102993e-01	-1.448024e+00	 5.821732e-08	-1.107756e-07	 3.256654e-07	 3.488817e-07
success!


parameter values for minimization:
K33 = 2.000000e+01
k24 = 6.600000e-01
Lambda = 1.000000e-01
d0 = 1.000000e+00
omega = 1.000000e+01
gamma_s = 1.754545e-01
initial guesses for R, eta, and delta:
guess for R = 6.200472e-01
guess for eta = 6.465976e+00
guess for delta = 8.102993e-01
estimated ranges of R, eta, and delta:
upper bound estimate of R = 9.300708e-01
lower bound estimate of R = 4.650354e-01
upper bound estimate of eta = 6.495976e+00
lower bound estimate of eta = 6.435976e+00
upper bound estimate of delta = 8.122993e-01
lower bound estimate of delta = 8.052993e-01
minimum found at:
    iteration	            R	          eta	        delta	            E	         dEdR	       dEdeta	     dEddelta	    grad norm
           10	 6.384001e-01	 6.468418e+00	 8.101115e-01	-1.435502e+00	 1.967213e-08	 1.476597e-07	-4.660822e-06	 4.663202e-06
success!


parameter values for minimization:
K33 = 2.000000e+01
k24 = 6.600000e-01
Lambda = 1.000000e-01
d0 = 1.000000e+00
omega = 1.000000e+01
gamma_s = 1.793939e-01
initial guesses for R, eta, and delta:
guess for R = 6.384001e-01
guess for eta = 6.468418e+00
guess for delta = 8.101115e-01
estimated ranges of R, eta, and delta:
upper bound estimate of R = 9.576001e-01
lower bound estimate of R = 4.788001e-01
upper bound estimate of eta = 6.498418e+00
lower bound estimate of eta = 6.438418e+00
upper bound estimate of delta = 8.121115e-01
lower bound estimate of delta = 8.051115e-01
minimum found at:
    iteration	            R	          eta	        delta	            E	         dEdR	       dEdeta	     dEddelta	    grad norm
            8	 6.570281e-01	 6.470763e+00	 8.099302e-01	-1.423336e+00	 2.060606e-08	-4.431023e-07	-4.016893e-06	 4.041311e-06
success!


parameter values for minimization:
K33 = 2.000000e+01
k24 = 6.600000e-01
Lambda = 1.000000e-01
d0 = 1.000000e+00
omega = 1.000000e+01
gamma_s = 1.833333e-01
initial guesses for R, eta, and delta:
guess for R = 6.570281e-01
guess for eta = 6.470763e+00
guess for delta = 8.099302e-01
estimated ranges of R, eta, and delta:
upper bound estimate of R = 9.855422e-01
lower bound estimate of R = 4.927711e-01
upper bound estimate of eta = 6.500763e+00
lower bound estimate of eta = 6.440763e+00
upper bound estimate of delta = 8.119302e-01
lower bound estimate of delta = 8.049302e-01
minimum found at:
    iteration	            R	          eta	        delta	            E	         dEdR	       dEdeta	     dEddelta	    grad norm
           18	 6.759593e-01	 6.473014e+00	 8.097554e-01	-1.411514e+00	 1.967637e-08	 5.130464e-07	 9.283579e-07	 1.060873e-06
success!


parameter values for minimization:
K33 = 2.000000e+01
k24 = 6.600000e-01
Lambda = 1.000000e-01
d0 = 1.000000e+00
omega = 1.000000e+01
gamma_s = 1.872727e-01
initial guesses for R, eta, and delta:
guess for R = 6.759593e-01
guess for eta = 6.473014e+00
guess for delta = 8.097554e-01
estimated ranges of R, eta, and delta:
upper bound estimate of R = 1.013939e+00
lower bound estimate of R = 5.069695e-01
upper bound estimate of eta = 6.503014e+00
lower bound estimate of eta = 6.443014e+00
upper bound estimate of delta = 8.117554e-01
lower bound estimate of delta = 8.047554e-01
minimum found at:
    iteration	            R	          eta	        delta	            E	         dEdR	       dEdeta	     dEddelta	    grad norm
           31	 6.952235e-01	 6.475173e+00	 8.095872e-01	-1.400021e+00	 1.497906e-08	-2.069949e-07	 7.422634e-07	 7.707310e-07
success!


parameter values for minimization:
K33 = 2.000000e+01
k24 = 6.600000e-01
Lambda = 1.000000e-01
d0 = 1.000000e+00
omega = 1.000000e+01
gamma_s = 1.912121e-01
initial guesses for R, eta, and delta:
guess for R = 6.952235e-01
guess for eta = 6.475173e+00
guess for delta = 8.095872e-01
estimated ranges of R, eta, and delta:
upper bound estimate of R = 1.042835e+00
lower bound estimate of R = 5.214176e-01
upper bound estimate of eta = 6.505173e+00
lower bound estimate of eta = 6.445173e+00
upper bound estimate of delta = 8.115872e-01
lower bound estimate of delta = 8.045872e-01
minimum found at:
    iteration	            R	          eta	        delta	            E	         dEdR	       dEdeta	     dEddelta	    grad norm
           25	 7.148541e-01	 6.477244e+00	 8.094258e-01	-1.388844e+00	-2.640257e-09	 2.417819e-07	-6.819941e-07	 7.235893e-07
success!


parameter values for minimization:
K33 = 2.000000e+01
k24 = 6.600000e-01
Lambda = 1.000000e-01
d0 = 1.000000e+00
omega = 1.000000e+01
gamma_s = 1.951515e-01
initial guesses for R, eta, and delta:
guess for R = 7.148541e-01
guess for eta = 6.477244e+00
guess for delta = 8.094258e-01
estimated ranges of R, eta, and delta:
upper bound estimate of R = 1.072281e+00
lower bound estimate of R = 5.361406e-01
upper bound estimate of eta = 6.507244e+00
lower bound estimate of eta = 6.447244e+00
upper bound estimate of delta = 8.114258e-01
lower bound estimate of delta = 8.044258e-01
minimum found at:
    iteration	            R	          eta	        delta	            E	         dEdR	       dEdeta	     dEddelta	    grad norm
           24	 7.348868e-01	 6.479229e+00	 8.092719e-01	-1.377974e+00	-2.922545e-08	 6.079088e-07	 1.448577e-06	 1.571236e-06
success!


parameter values for minimization:
K33 = 2.000000e+01
k24 = 6.600000e-01
Lambda = 1.000000e-01
d0 = 1.000000e+00
omega = 1.000000e+01
gamma_s = 1.990909e-01
initial guesses for R, eta, and delta:
guess for R = 7.348868e-01
guess for eta = 6.479229e+00
guess for delta = 8.092719e-01
estimated ranges of R, eta, and delta:
upper bound estimate of R = 1.102330e+00
lower bound estimate of R = 5.511651e-01
upper bound estimate of eta = 6.509229e+00
lower bound estimate of eta = 6.449229e+00
upper bound estimate of delta = 8.112719e-01
lower bound estimate of delta = 8.042719e-01
minimum found at:
    iteration	            R	          eta	        delta	            E	         dEdR	       dEdeta	     dEddelta	    grad norm
           19	 7.553607e-01	 6.481130e+00	 8.091254e-01	-1.367399e+00	 7.640988e-09	 5.674473e-09	 7.856150e-07	 7.856726e-07
success!


parameter values for minimization:
K33 = 2.000000e+01
k24 = 6.600000e-01
Lambda = 1.000000e-01
d0 = 1.000000e+00
omega = 1.000000e+01
gamma_s = 2.030303e-01
initial guesses for R, eta, and delta:
guess for R = 7.553607e-01
guess for eta = 6.481130e+00
guess for delta = 8.091254e-01
estimated ranges of R, eta, and delta:
upper bound estimate of R = 1.133041e+00
lower bound estimate of R = 5.665205e-01
upper bound estimate of eta = 6.511130e+00
lower bound estimate of eta = 6.451130e+00
upper bound estimate of delta = 8.111254e-01
lower bound estimate of delta = 8.041254e-01
minimum found at:
    iteration	            R	          eta	        delta	            E	         dEdR	       dEdeta	     dEddelta	    grad norm
           31	 7.763190e-01	 6.482952e+00	 8.089867e-01	-1.357110e+00	-2.554172e-08	 6.800733e-07	-1.243450e-06	 1.417505e-06
success!


parameter values for minimization:
K33 = 2.000000e+01
k24 = 6.600000e-01
Lambda = 1.000000e-01
d0 = 1.000000e+00
omega = 1.000000e+01
gamma_s = 2.069697e-01
initial guesses for R, eta, and delta:
guess for R = 7.763190e-01
guess for eta = 6.482952e+00
guess for delta = 8.089867e-01
estimated ranges of R, eta, and delta:
upper bound estimate of R = 1.164478e+00
lower bound estimate of R = 5.822392e-01
upper bound estimate of eta = 6.512952e+00
lower bound estimate of eta = 6.452952e+00
upper bound estimate of delta = 8.109867e-01
lower bound estimate of delta = 8.039867e-01
minimum found at:
    iteration	            R	          eta	        delta	            E	         dEdR	       dEdeta	     dEddelta	    grad norm
           13	 7.978087e-01	 6.484695e+00	 8.088561e-01	-1.347098e+00	-7.126406e-08	-7.253457e-08	-4.144833e-07	 4.267742e-07
success!


parameter values for minimization:
K33 = 2.000000e+01
k24 = 6.600000e-01
Lambda = 1.000000e-01
d0 = 1.000000e+00
omega = 1.000000e+01
gamma_s = 2.109091e-01
initial guesses for R, eta, and delta:
guess for R = 7.978087e-01
guess for eta = 6.484695e+00
guess for delta = 8.088561e-01
estimated ranges of R, eta, and delta:
upper bound estimate of R = 1.196713e+00
lower bound estimate of R = 5.983565e-01
upper bound estimate of eta = 6.514695e+00
lower bound estimate of eta = 6.454695e+00
upper bound estimate of delta = 8.108561e-01
lower bound estimate of delta = 8.038561e-01
minimum found at:
    iteration	            R	          eta	        delta	            E	         dEdR	       dEdeta	     dEddelta	    grad norm
           12	 8.198825e-01	 6.486362e+00	 8.087339e-01	-1.337356e+00	-5.440191e-08	 2.109424e-08	 1.279400e-07	 1.406171e-07
success!


parameter values for minimization:
K33 = 2.000000e+01
k24 = 6.600000e-01
Lambda = 1.000000e-01
d0 = 1.000000e+00
omega = 1.000000e+01
gamma_s = 2.148485e-01
initial guesses for R, eta, and delta:
guess for R = 8.198825e-01
guess for eta = 6.486362e+00
guess for delta = 8.087339e-01
estimated ranges of R, eta, and delta:
upper bound estimate of R = 1.229824e+00
lower bound estimate of R = 6.149119e-01
upper bound estimate of eta = 6.516362e+00
lower bound estimate of eta = 6.456362e+00
upper bound estimate of delta = 8.107339e-01
lower bound estimate of delta = 8.037339e-01
minimum found at:
    iteration	            R	          eta	        delta	            E	         dEdR	       dEdeta	     dEddelta	    grad norm
           21	 8.425981e-01	 6.487957e+00	 8.086206e-01	-1.327877e+00	-3.115088e-08	 8.178643e-08	 4.840572e-06	 4.841363e-06
success!


parameter values for minimization:
K33 = 2.000000e+01
k24 = 6.600000e-01
Lambda = 1.000000e-01
d0 = 1.000000e+00
omega = 1.000000e+01
gamma_s = 2.187879e-01
initial guesses for R, eta, and delta:
guess for R = 8.425981e-01
guess for eta = 6.487957e+00
guess for delta = 8.086206e-01
estimated ranges of R, eta, and delta:
upper bound estimate of R = 1.263897e+00
lower bound estimate of R = 6.319486e-01
upper bound estimate of eta = 6.517957e+00
lower bound estimate of eta = 6.457957e+00
upper bound estimate of delta = 8.106206e-01
lower bound estimate of delta = 8.036206e-01
minimum found at:
    iteration	            R	          eta	        delta	            E	         dEdR	       dEdeta	     dEddelta	    grad norm
           24	 8.660206e-01	 6.489480e+00	 8.085159e-01	-1.318653e+00	 3.850960e-08	-1.117625e-07	 2.588406e-06	 2.591104e-06
success!


parameter values for minimization:
K33 = 2.000000e+01
k24 = 6.600000e-01
Lambda = 1.000000e-01
d0 = 1.000000e+00
omega = 1.000000e+01
gamma_s = 2.227273e-01
initial guesses for R, eta, and delta:
guess for R = 8.660206e-01
guess for eta = 6.489480e+00
guess for delta = 8.085159e-01
estimated ranges of R, eta, and delta:
upper bound estimate of R = 1.299031e+00
lower bound estimate of R = 6.495154e-01
upper bound estimate of eta = 6.519480e+00
lower bound estimate of eta = 6.459480e+00
upper bound estimate of delta = 8.105159e-01
lower bound estimate of delta = 8.035159e-01
minimum found at:
    iteration	            R	          eta	        delta	            E	         dEdR	       dEdeta	     dEddelta	    grad norm
           20	 8.902223e-01	 6.490936e+00	 8.084203e-01	-1.309680e+00	 4.202623e-08	 3.726649e-07	-3.918559e-06	 3.936464e-06
success!


parameter values for minimization:
K33 = 2.000000e+01
k24 = 6.600000e-01
Lambda = 1.000000e-01
d0 = 1.000000e+00
omega = 1.000000e+01
gamma_s = 2.266667e-01
initial guesses for R, eta, and delta:
guess for R = 8.902223e-01
guess for eta = 6.490936e+00
guess for delta = 8.084203e-01
estimated ranges of R, eta, and delta:
upper bound estimate of R = 1.335333e+00
lower bound estimate of R = 6.676667e-01
upper bound estimate of eta = 6.520936e+00
lower bound estimate of eta = 6.460936e+00
upper bound estimate of delta = 8.104203e-01
lower bound estimate of delta = 8.034203e-01
minimum found at:
    iteration	            R	          eta	        delta	            E	         dEdR	       dEdeta	     dEddelta	    grad norm
           21	 9.152849e-01	 6.492326e+00	 8.083350e-01	-1.300951e+00	 1.117429e-08	-3.153033e-07	 2.751238e-06	 2.769270e-06
success!


parameter values for minimization:
K33 = 2.000000e+01
k24 = 6.600000e-01
Lambda = 1.000000e-01
d0 = 1.000000e+00
omega = 1.000000e+01
gamma_s = 2.306061e-01
initial guesses for R, eta, and delta:
guess for R = 9.152849e-01
guess for eta = 6.492326e+00
guess for delta = 8.083350e-01
estimated ranges of R, eta, and delta:
upper bound estimate of R = 1.372927e+00
lower bound estimate of R = 6.864637e-01
upper bound estimate of eta = 6.522326e+00
lower bound estimate of eta = 6.462326e+00
upper bound estimate of delta = 8.103350e-01
lower bound estimate of delta = 8.033350e-01
minimum found at:
    iteration	            R	          eta	        delta	            E	         dEdR	       dEdeta	     dEddelta	    grad norm
           14	 9.413025e-01	 6.493653e+00	 8.082591e-01	-1.292462e+00	 5.067564e-09	 4.072051e-07	-4.628044e-06	 4.645926e-06
success!


parameter values for minimization:
K33 = 2.000000e+01
k24 = 6.600000e-01
Lambda = 1.000000e-01
d0 = 1.000000e+00
omega = 1.000000e+01
gamma_s = 2.345455e-01
initial guesses for R, eta, and delta:
guess for R = 9.413025e-01
guess for eta = 6.493653e+00
guess for delta = 8.082591e-01
estimated ranges of R, eta, and delta:
upper bound estimate of R = 1.411954e+00
lower bound estimate of R = 7.059769e-01
upper bound estimate of eta = 6.523653e+00
lower bound estimate of eta = 6.463653e+00
upper bound estimate of delta = 8.102591e-01
lower bound estimate of delta = 8.032591e-01
minimum found at:
    iteration	            R	          eta	        delta	            E	         dEdR	       dEdeta	     dEddelta	    grad norm
           15	 9.683809e-01	 6.494919e+00	 8.081943e-01	-1.284209e+00	-4.644428e-09	 7.623531e-08	 1.641015e-06	 1.642792e-06
success!


parameter values for minimization:
K33 = 2.000000e+01
k24 = 6.600000e-01
Lambda = 1.000000e-01
d0 = 1.000000e+00
omega = 1.000000e+01
gamma_s = 2.384848e-01
initial guesses for R, eta, and delta:
guess for R = 9.683809e-01
guess for eta = 6.494919e+00
guess for delta = 8.081943e-01
estimated ranges of R, eta, and delta:
upper bound estimate of R = 1.452571e+00
lower bound estimate of R = 7.262857e-01
upper bound estimate of eta = 6.524919e+00
lower bound estimate of eta = 6.464919e+00
upper bound estimate of delta = 8.101943e-01
lower bound estimate of delta = 8.031943e-01
minimum found at:
    iteration	            R	          eta	        delta	            E	         dEdR	       dEdeta	     dEddelta	    grad norm
           16	 9.966436e-01	 6.496128e+00	 8.081403e-01	-1.276189e+00	-1.701876e-09	 2.220446e-08	 4.844802e-06	 4.844853e-06
success!


parameter values for minimization:
K33 = 2.000000e+01
k24 = 6.600000e-01
Lambda = 1.000000e-01
d0 = 1.000000e+00
omega = 1.000000e+01
gamma_s = 2.424242e-01
initial guesses for R, eta, and delta:
guess for R = 9.966436e-01
guess for eta = 6.496128e+00
guess for delta = 8.081403e-01
estimated ranges of R, eta, and delta:
upper bound estimate of R = 1.494965e+00
lower bound estimate of R = 7.474827e-01
upper bound estimate of eta = 6.526128e+00
lower bound estimate of eta = 6.466128e+00
upper bound estimate of delta = 8.101403e-01
lower bound estimate of delta = 8.031403e-01
minimum found at:
    iteration	            R	          eta	        delta	            E	         dEdR	       dEdeta	     dEddelta	    grad norm
           22	 1.026234e+00	 6.497283e+00	 8.080974e-01	-1.268398e+00	-1.812045e-08	-2.900149e-07	-7.655252e-07	 8.188198e-07
success!


parameter values for minimization:
K33 = 2.000000e+01
k24 = 6.600000e-01
Lambda = 1.000000e-01
d0 = 1.000000e+00
omega = 1.000000e+01
gamma_s = 2.463636e-01
initial guesses for R, eta, and delta:
guess for R = 1.026234e+00
guess for eta = 6.497283e+00
guess for delta = 8.080974e-01
estimated ranges of R, eta, and delta:
upper bound estimate of R = 1.539351e+00
lower bound estimate of R = 7.696755e-01
upper bound estimate of eta = 6.527283e+00
lower bound estimate of eta = 6.467283e+00
upper bound estimate of delta = 8.100974e-01
lower bound estimate of delta = 8.030974e-01
minimum found at:
    iteration	            R	          eta	        delta	            E	         dEdR	       dEdeta	     dEddelta	    grad norm
           13	 1.057319e+00	 6.498387e+00	 8.080667e-01	-1.260833e+00	 1.579008e-08	-8.906456e-08	-3.614040e-06	 3.615172e-06
success!


parameter values for minimization:
K33 = 2.000000e+01
k24 = 6.600000e-01
Lambda = 1.000000e-01
d0 = 1.000000e+00
omega = 1.000000e+01
gamma_s = 2.503030e-01
initial guesses for R, eta, and delta:
guess for R = 1.057319e+00
guess for eta = 6.498387e+00
guess for delta = 8.080667e-01
estimated ranges of R, eta, and delta:
upper bound estimate of R = 1.585978e+00
lower bound estimate of R = 7.929892e-01
upper bound estimate of eta = 6.528387e+00
lower bound estimate of eta = 6.468387e+00
upper bound estimate of delta = 8.100667e-01
lower bound estimate of delta = 8.030667e-01
minimum found at:
    iteration	            R	          eta	        delta	            E	         dEdR	       dEdeta	     dEddelta	    grad norm
           25	 1.090099e+00	 6.499444e+00	 8.080491e-01	-1.253494e+00	-4.272947e-08	 2.167402e-07	-1.417913e-06	 1.435019e-06
success!


parameter values for minimization:
K33 = 2.000000e+01
k24 = 6.600000e-01
Lambda = 1.000000e-01
d0 = 1.000000e+00
omega = 1.000000e+01
gamma_s = 2.542424e-01
initial guesses for R, eta, and delta:
guess for R = 1.090099e+00
guess for eta = 6.499444e+00
guess for delta = 8.080491e-01
estimated ranges of R, eta, and delta:
upper bound estimate of R = 1.635148e+00
lower bound estimate of R = 8.175742e-01
upper bound estimate of eta = 6.529444e+00
lower bound estimate of eta = 6.469444e+00
upper bound estimate of delta = 8.100491e-01
lower bound estimate of delta = 8.030491e-01
minimum found at:
    iteration	            R	          eta	        delta	            E	         dEdR	       dEdeta	     dEddelta	    grad norm
            9	 1.124815e+00	 6.500460e+00	 8.080449e-01	-1.246378e+00	 2.689642e-08	 7.241121e-08	-4.602667e-06	 4.603316e-06
success!


parameter values for minimization:
K33 = 2.000000e+01
k24 = 6.600000e-01
Lambda = 1.000000e-01
d0 = 1.000000e+00
omega = 1.000000e+01
gamma_s = 2.581818e-01
initial guesses for R, eta, and delta:
guess for R = 1.124815e+00
guess for eta = 6.500460e+00
guess for delta = 8.080449e-01
estimated ranges of R, eta, and delta:
upper bound estimate of R = 1.687222e+00
lower bound estimate of R = 8.436112e-01
upper bound estimate of eta = 6.530460e+00
lower bound estimate of eta = 6.470460e+00
upper bound estimate of delta = 8.100449e-01
lower bound estimate of delta = 8.030449e-01
minimum found at:
    iteration	            R	          eta	        delta	            E	         dEdR	       dEdeta	     dEddelta	    grad norm
            9	 1.161756e+00	 6.501439e+00	 8.080556e-01	-1.239485e+00	-9.650933e-11	 1.290326e-07	-3.497731e-06	 3.500110e-06
success!


parameter values for minimization:
K33 = 2.000000e+01
k24 = 6.600000e-01
Lambda = 1.000000e-01
d0 = 1.000000e+00
omega = 1.000000e+01
gamma_s = 2.621212e-01
initial guesses for R, eta, and delta:
guess for R = 1.161756e+00
guess for eta = 6.501439e+00
guess for delta = 8.080556e-01
estimated ranges of R, eta, and delta:
upper bound estimate of R = 1.742634e+00
lower bound estimate of R = 8.713170e-01
upper bound estimate of eta = 6.531439e+00
lower bound estimate of eta = 6.471439e+00
upper bound estimate of delta = 8.100556e-01
lower bound estimate of delta = 8.030556e-01
minimum found at:
    iteration	            R	          eta	        delta	            E	         dEdR	       dEdeta	     dEddelta	    grad norm
           13	 1.201284e+00	 6.502390e+00	 8.080822e-01	-1.232814e+00	 4.468158e-09	-1.909584e-07	-3.154091e-06	 3.159869e-06
success!


parameter values for minimization:
K33 = 2.000000e+01
k24 = 6.600000e-01
Lambda = 1.000000e-01
d0 = 1.000000e+00
omega = 1.000000e+01
gamma_s = 2.660606e-01
initial guesses for R, eta, and delta:
guess for R = 1.201284e+00
guess for eta = 6.502390e+00
guess for delta = 8.080822e-01
estimated ranges of R, eta, and delta:
upper bound estimate of R = 1.801926e+00
lower bound estimate of R = 9.009630e-01
upper bound estimate of eta = 6.532390e+00
lower bound estimate of eta = 6.472390e+00
upper bound estimate of delta = 8.100822e-01
lower bound estimate of delta = 8.030822e-01
minimum found at:
    iteration	            R	          eta	        delta	            E	         dEdR	       dEdeta	     dEddelta	    grad norm
            7	 1.243852e+00	 6.503321e+00	 8.081263e-01	-1.226368e+00	-3.491411e-09	-2.097088e-08	-4.779246e-07	 4.783972e-07
success!


parameter values for minimization:
K33 = 2.000000e+01
k24 = 6.600000e-01
Lambda = 1.000000e-01
d0 = 1.000000e+00
omega = 1.000000e+01
gamma_s = 2.700000e-01
initial guesses for R, eta, and delta:
guess for R = 1.243852e+00
guess for eta = 6.503321e+00
guess for delta = 8.081263e-01
estimated ranges of R, eta, and delta:
upper bound estimate of R = 1.865778e+00
lower bound estimate of R = 9.328890e-01
upper bound estimate of eta = 6.533321e+00
lower bound estimate of eta = 6.473321e+00
upper bound estimate of delta = 8.101263e-01
lower bound estimate of delta = 8.031263e-01
minimum found at:
    iteration	            R	          eta	        delta	            E	         dEdR	       dEdeta	     dEddelta	    grad norm
           27	 1.290045e+00	 6.504246e+00	 8.081896e-01	-1.220147e+00	 2.764979e-08	 2.362308e-07	 8.490563e-07	 8.817404e-07
success!


parameter values for minimization:
K33 = 2.000000e+01
k24 = 6.600000e-01
Lambda = 1.000000e-01
d0 = 1.000000e+00
omega = 1.000000e+01
gamma_s = 2.739394e-01
initial guesses for R, eta, and delta:
guess for R = 1.290045e+00
guess for eta = 6.504246e+00
guess for delta = 8.081896e-01
estimated ranges of R, eta, and delta:
upper bound estimate of R = 1.935068e+00
lower bound estimate of R = 9.675338e-01
upper bound estimate of eta = 6.534246e+00
lower bound estimate of eta = 6.474246e+00
upper bound estimate of delta = 8.101896e-01
lower bound estimate of delta = 8.031896e-01
minimum found at:
    iteration	            R	          eta	        delta	            E	         dEdR	       dEdeta	     dEddelta	    grad norm
            8	 1.340629e+00	 6.505179e+00	 8.082744e-01	-1.214154e+00	 6.119879e-11	-5.057683e-09	-4.229421e-09	 6.593323e-09
success!


parameter values for minimization:
K33 = 2.000000e+01
k24 = 6.600000e-01
Lambda = 1.000000e-01
d0 = 1.000000e+00
omega = 1.000000e+01
gamma_s = 2.778788e-01
initial guesses for R, eta, and delta:
guess for R = 1.340629e+00
guess for eta = 6.505179e+00
guess for delta = 8.082744e-01
estimated ranges of R, eta, and delta:
upper bound estimate of R = 2.010944e+00
lower bound estimate of R = 1.005472e+00
upper bound estimate of eta = 6.535179e+00
lower bound estimate of eta = 6.475179e+00
upper bound estimate of delta = 8.102744e-01
lower bound estimate of delta = 8.032744e-01
minimum found at:
    iteration	            R	          eta	        delta	            E	         dEdR	       dEdeta	     dEddelta	    grad norm
           20	 1.396649e+00	 6.506144e+00	 8.083840e-01	-1.208395e+00	 2.416685e-08	-5.019442e-07	-7.126574e-07	 8.720164e-07
success!


parameter values for minimization:
K33 = 2.000000e+01
k24 = 6.600000e-01
Lambda = 1.000000e-01
d0 = 1.000000e+00
omega = 1.000000e+01
gamma_s = 2.818182e-01
initial guesses for R, eta, and delta:
guess for R = 1.396649e+00
guess for eta = 6.506144e+00
guess for delta = 8.083840e-01
estimated ranges of R, eta, and delta:
upper bound estimate of R = 2.094974e+00
lower bound estimate of R = 1.047487e+00
upper bound estimate of eta = 6.536144e+00
lower bound estimate of eta = 6.476144e+00
upper bound estimate of delta = 8.103840e-01
lower bound estimate of delta = 8.033840e-01
minimum found at:
    iteration	            R	          eta	        delta	            E	         dEdR	       dEdeta	     dEddelta	    grad norm
           13	 1.459576e+00	 6.507176e+00	 8.085227e-01	-1.202874e+00	 1.077557e-08	 4.236118e-07	-1.977254e-07	 4.676092e-07
success!


parameter values for minimization:
K33 = 2.000000e+01
k24 = 6.600000e-01
Lambda = 1.000000e-01
d0 = 1.000000e+00
omega = 1.000000e+01
gamma_s = 2.857576e-01
initial guesses for R, eta, and delta:
guess for R = 1.459576e+00
guess for eta = 6.507176e+00
guess for delta = 8.085227e-01
estimated ranges of R, eta, and delta:
upper bound estimate of R = 2.189364e+00
lower bound estimate of R = 1.094682e+00
upper bound estimate of eta = 6.537176e+00
lower bound estimate of eta = 6.477176e+00
upper bound estimate of delta = 8.105227e-01
lower bound estimate of delta = 8.035227e-01
minimum found at:
    iteration	            R	          eta	        delta	            E	         dEdR	       dEdeta	     dEddelta	    grad norm
           17	 1.531590e+00	 6.508325e+00	 8.086965e-01	-1.197602e+00	-1.893167e-10	 1.233581e-08	 4.017950e-08	 4.203094e-08
success!


parameter values for minimization:
K33 = 2.000000e+01
k24 = 6.600000e-01
Lambda = 1.000000e-01
d0 = 1.000000e+00
omega = 1.000000e+01
gamma_s = 2.896970e-01
initial guesses for R, eta, and delta:
guess for R = 1.531590e+00
guess for eta = 6.508325e+00
guess for delta = 8.086965e-01
estimated ranges of R, eta, and delta:
upper bound estimate of R = 2.297385e+00
lower bound estimate of R = 1.148693e+00
upper bound estimate of eta = 6.538325e+00
lower bound estimate of eta = 6.478325e+00
upper bound estimate of delta = 8.106965e-01
lower bound estimate of delta = 8.036965e-01
minimum found at:
    iteration	            R	          eta	        delta	            E	         dEdR	       dEdeta	     dEddelta	    grad norm
           14	 1.616132e+00	 6.509675e+00	 8.089148e-01	-1.192591e+00	-5.083844e-09	 4.465564e-08	 7.401487e-08	 8.659199e-08
success!


parameter values for minimization:
K33 = 2.000000e+01
k24 = 6.600000e-01
Lambda = 1.000000e-01
d0 = 1.000000e+00
omega = 1.000000e+01
gamma_s = 2.936364e-01
initial guesses for R, eta, and delta:
guess for R = 1.616132e+00
guess for eta = 6.509675e+00
guess for delta = 8.089148e-01
estimated ranges of R, eta, and delta:
upper bound estimate of R = 2.424198e+00
lower bound estimate of R = 1.212099e+00
upper bound estimate of eta = 6.539675e+00
lower bound estimate of eta = 6.479675e+00
upper bound estimate of delta = 8.109148e-01
lower bound estimate of delta = 8.039148e-01
minimum found at:
    iteration	            R	          eta	        delta	            E	         dEdR	       dEdeta	     dEddelta	    grad norm
           10	 1.719150e+00	 6.511375e+00	 8.091929e-01	-1.187860e+00	 8.396215e-09	 6.445461e-07	 4.906128e-07	 8.100686e-07
success!


parameter values for minimization:
K33 = 2.000000e+01
k24 = 6.600000e-01
Lambda = 1.000000e-01
d0 = 1.000000e+00
omega = 1.000000e+01
gamma_s = 2.975758e-01
initial guesses for R, eta, and delta:
guess for R = 1.719150e+00
guess for eta = 6.511375e+00
guess for delta = 8.091929e-01
estimated ranges of R, eta, and delta:
upper bound estimate of R = 2.578725e+00
lower bound estimate of R = 1.289362e+00
upper bound estimate of eta = 6.541375e+00
lower bound estimate of eta = 6.481375e+00
upper bound estimate of delta = 8.111929e-01
lower bound estimate of delta = 8.041929e-01
minimum found at:
    iteration	            R	          eta	        delta	            E	         dEdR	       dEdeta	     dEddelta	    grad norm
           26	 1.852422e+00	 6.513726e+00	 8.095593e-01	-1.183437e+00	 2.652076e-09	-2.758287e-07	 3.242909e-06	 3.254619e-06
success!


parameter values for minimization:
K33 = 2.000000e+01
k24 = 6.600000e-01
Lambda = 1.000000e-01
d0 = 1.000000e+00
omega = 1.000000e+01
gamma_s = 3.015152e-01
initial guesses for R, eta, and delta:
guess for R = 1.852422e+00
guess for eta = 6.513726e+00
guess for delta = 8.095593e-01
estimated ranges of R, eta, and delta:
upper bound estimate of R = 2.778633e+00
lower bound estimate of R = 1.389317e+00
upper bound estimate of eta = 6.543726e+00
lower bound estimate of eta = 6.483726e+00
upper bound estimate of delta = 8.115593e-01
lower bound estimate of delta = 8.045593e-01
minimum found at:
    iteration	            R	          eta	        delta	            E	         dEdR	       dEdeta	     dEddelta	    grad norm
           16	 2.045546e+00	 6.517510e+00	 8.100803e-01	-1.179376e+00	 1.608884e-08	 1.096654e-07	 1.552198e-06	 1.556150e-06
success!


parameter values for minimization:
K33 = 2.000000e+01
k24 = 6.600000e-01
Lambda = 1.000000e-01
d0 = 1.000000e+00
omega = 1.000000e+01
gamma_s = 3.054545e-01
initial guesses for R, eta, and delta:
guess for R = 2.045546e+00
guess for eta = 6.517510e+00
guess for delta = 8.100803e-01
estimated ranges of R, eta, and delta:
upper bound estimate of R = 3.068319e+00
lower bound estimate of R = 1.534159e+00
upper bound estimate of eta = 6.547510e+00
lower bound estimate of eta = 6.487510e+00
upper bound estimate of delta = 8.120803e-01
lower bound estimate of delta = 8.050803e-01
minimum found at:
    iteration	            R	          eta	        delta	            E	         dEdR	       dEdeta	     dEddelta	    grad norm
           15	 2.431568e+00	 6.526286e+00	 8.110197e-01	-1.175797e+00	-9.759877e-09	-3.602057e-08	-2.999717e-06	 2.999949e-06
success!


parameter values for minimization:
K33 = 2.000000e+01
k24 = 6.600000e-01
Lambda = 1.000000e-01
d0 = 1.000000e+00
omega = 1.000000e+01
gamma_s = 3.093939e-01
initial guesses for R, eta, and delta:
guess for R = 2.431568e+00
guess for eta = 6.526286e+00
guess for delta = 8.110197e-01
estimated ranges of R, eta, and delta:
upper bound estimate of R = 3.647352e+00
lower bound estimate of R = 1.823676e+00
upper bound estimate of eta = 6.556286e+00
lower bound estimate of eta = 6.496286e+00
upper bound estimate of delta = 8.130197e-01
lower bound estimate of delta = 8.060197e-01
the initial guesses were not good, did not successfully find a minimum.
RETRYING!
minimum found at:
    iteration	            R	          eta	        delta	            E	         dEdR	       dEdeta	     dEddelta	    grad norm
            6	 7.480603e+00	 6.651658e+00	 8.150099e-01	-1.173862e+00	 2.810238e-09	 1.383461e-07	 4.006055e-06	 4.008444e-06
success!


parameter values for minimization:
K33 = 2.000000e+01
k24 = 6.600000e-01
Lambda = 1.000000e-01
d0 = 1.000000e+00
omega = 1.000000e+01
gamma_s = 3.133333e-01
initial guesses for R, eta, and delta:
guess for R = 7.480603e+00
guess for eta = 6.651658e+00
guess for delta = 8.150099e-01
estimated ranges of R, eta, and delta:
upper bound estimate of R = 1.122090e+01
lower bound estimate of R = 5.610452e+00
upper bound estimate of eta = 6.681658e+00
lower bound estimate of eta = 6.621658e+00
upper bound estimate of delta = 8.170099e-01
lower bound estimate of delta = 8.100099e-01
ss=3.540750373258e+18, lastss = 8.721835144537e+18
tol = 1.636225187299e-12
failed to integrate at x = (1.700841e+01,6.834696e+00,8.175276e-01)
solvde convergence failed when x = (1.700841e+01,6.834696e+00,8.175276e-01).
Retrying using a constant y value
the initial guesses were not good, did not successfully find a minimum.
RETRYING!
minimum found at:
    iteration	            R	          eta	        delta	            E	         dEdR	       dEdeta	     dEddelta	    grad norm
           14	 1.003390e+01	 6.703832e+00	 8.154626e-01	-1.172961e+00	 2.070263e-09	-5.729984e-08	-4.301189e-06	 4.301571e-06
success!


parameter values for minimization:
K33 = 2.000000e+01
k24 = 6.600000e-01
Lambda = 1.000000e-01
d0 = 1.000000e+00
omega = 1.000000e+01
gamma_s = 3.172727e-01
initial guesses for R, eta, and delta:
guess for R = 1.003390e+01
guess for eta = 6.703832e+00
guess for delta = 8.154626e-01
estimated ranges of R, eta, and delta:
upper bound estimate of R = 1.505085e+01
lower bound estimate of R = 7.525425e+00
upper bound estimate of eta = 6.733832e+00
lower bound estimate of eta = 6.673832e+00
upper bound estimate of delta = 8.174626e-01
lower bound estimate of delta = 8.104626e-01
minimum found at:
    iteration	            R	          eta	        delta	            E	         dEdR	       dEdeta	     dEddelta	    grad norm
            9	 1.234396e+01	 6.745943e+00	 8.156981e-01	-1.172254e+00	 8.753424e-11	-1.727014e-08	-5.196901e-06	 5.196930e-06
success!


parameter values for minimization:
K33 = 2.000000e+01
k24 = 6.600000e-01
Lambda = 1.000000e-01
d0 = 1.000000e+00
omega = 1.000000e+01
gamma_s = 3.212121e-01
initial guesses for R, eta, and delta:
guess for R = 1.234396e+01
guess for eta = 6.745943e+00
guess for delta = 8.156981e-01
estimated ranges of R, eta, and delta:
upper bound estimate of R = 1.851594e+01
lower bound estimate of R = 9.257970e+00
upper bound estimate of eta = 6.775943e+00
lower bound estimate of eta = 6.715943e+00
upper bound estimate of delta = 8.176981e-01
lower bound estimate of delta = 8.106981e-01
likely a maximizing (vs minimizing) solution for psi(r), as y[1][2]=-2.114394e-04  which usually means high energy.
solvde convergence failed when x = (1.234396e+01,6.745943e+00,8.156981e-01).
Retrying using a constant y value
the initial guesses were not good, did not successfully find a minimum.
RETRYING!
minimum found at:
    iteration	            R	          eta	        delta	            E	         dEdR	       dEdeta	     dEddelta	    grad norm
            8	 1.464063e+01	 6.784069e+00	 8.158521e-01	-1.171669e+00	-8.742809e-10	-4.996004e-08	-4.252154e-06	 4.252448e-06
success!


parameter values for minimization:
K33 = 2.000000e+01
k24 = 6.600000e-01
Lambda = 1.000000e-01
d0 = 1.000000e+00
omega = 1.000000e+01
gamma_s = 3.251515e-01
initial guesses for R, eta, and delta:
guess for R = 1.464063e+01
guess for eta = 6.784069e+00
guess for delta = 8.158521e-01
estimated ranges of R, eta, and delta:
upper bound estimate of R = 2.196094e+01
lower bound estimate of R = 1.098047e+01
upper bound estimate of eta = 6.814069e+00
lower bound estimate of eta = 6.754069e+00
upper bound estimate of delta = 8.178521e-01
lower bound estimate of delta = 8.108521e-01
likely a maximizing (vs minimizing) solution for psi(r), as y[1][2]=-2.595891e-04  which usually means high energy.
solvde convergence failed when x = (1.464063e+01,6.784069e+00,8.158521e-01).
Retrying using a constant y value
the initial guesses were not good, did not successfully find a minimum.
RETRYING!
minimum found at:
    iteration	            R	          eta	        delta	            E	         dEdR	       dEdeta	     dEddelta	    grad norm
           11	 1.699800e+01	 6.820063e+00	 8.159630e-01	-1.171170e+00	-5.830099e-10	-1.772656e-07	 2.072416e-06	 2.079984e-06
success!


parameter values for minimization:
K33 = 2.000000e+01
k24 = 6.600000e-01
Lambda = 1.000000e-01
d0 = 1.000000e+00
omega = 1.000000e+01
gamma_s = 3.290909e-01
initial guesses for R, eta, and delta:
guess for R = 1.699800e+01
guess for eta = 6.820063e+00
guess for delta = 8.159630e-01
estimated ranges of R, eta, and delta:
upper bound estimate of R = 2.549700e+01
lower bound estimate of R = 1.274850e+01
upper bound estimate of eta = 6.850063e+00
lower bound estimate of eta = 6.790063e+00
upper bound estimate of delta = 8.179630e-01
lower bound estimate of delta = 8.109630e-01
ss=1.741295956135e+22, lastss = 3.072370799859e+22
tol = 1.631502143247e-12
failed to integrate at x = (1.699800e+01,6.820063e+00,8.159630e-01)
solvde convergence failed when x = (1.699800e+01,6.820063e+00,8.159630e-01).
Retrying using a constant y value
the initial guesses were not good, did not successfully find a minimum.
RETRYING!
minimum found at:
    iteration	            R	          eta	        delta	            E	         dEdR	       dEdeta	     dEddelta	    grad norm
           30	 1.945548e+01	 6.854797e+00	 8.160469e-01	-1.170737e+00	 2.101966e-09	 1.884295e-07	-5.393834e-07	 5.713532e-07
success!


parameter values for minimization:
K33 = 2.000000e+01
k24 = 6.600000e-01
Lambda = 1.000000e-01
d0 = 1.000000e+00
omega = 1.000000e+01
gamma_s = 3.330303e-01
initial guesses for R, eta, and delta:
guess for R = 1.945548e+01
guess for eta = 6.854797e+00
guess for delta = 8.160469e-01
estimated ranges of R, eta, and delta:
upper bound estimate of R = 2.918322e+01
lower bound estimate of R = 1.459161e+01
upper bound estimate of eta = 6.884797e+00
lower bound estimate of eta = 6.824797e+00
upper bound estimate of delta = 8.180000e-01
lower bound estimate of delta = 8.110469e-01
likely a maximizing (vs minimizing) solution for psi(r), as y[1][2]=-6.677970e-04  which usually means high energy.
solvde convergence failed when x = (1.945548e+01,6.854797e+00,8.160469e-01).
Retrying using a constant y value
the initial guesses were not good, did not successfully find a minimum.
RETRYING!
minimum found at:
    iteration	            R	          eta	        delta	            E	         dEdR	       dEdeta	     dEddelta	    grad norm
           10	 2.203670e+01	 6.888690e+00	 8.161128e-01	-1.170356e+00	 2.481942e-09	-3.040778e-08	 1.434038e-07	 1.466132e-07
success!


parameter values for minimization:
K33 = 2.000000e+01
k24 = 6.600000e-01
Lambda = 1.000000e-01
d0 = 1.000000e+00
omega = 1.000000e+01
gamma_s = 3.369697e-01
initial guesses for R, eta, and delta:
guess for R = 2.203670e+01
guess for eta = 6.888690e+00
guess for delta = 8.161128e-01
estimated ranges of R, eta, and delta:
upper bound estimate of R = 3.305505e+01
lower bound estimate of R = 1.652753e+01
upper bound estimate of eta = 6.918690e+00
lower bound estimate of eta = 6.858690e+00
upper bound estimate of delta = 8.180000e-01
lower bound estimate of delta = 8.111128e-01
ss=2.305952341282e+24, lastss = 3.696319065109e+24
tol = 2.760618090747e-12
failed to integrate at x = (2.203670e+01,6.888690e+00,8.161128e-01)
solvde convergence failed when x = (2.203670e+01,6.888690e+00,8.161128e-01).
Retrying using a constant y value
the initial guesses were not good, did not successfully find a minimum.
RETRYING!
minimum found at:
    iteration	            R	          eta	        delta	            E	         dEdR	       dEdeta	     dEddelta	    grad norm
           19	 2.476275e+01	 6.922055e+00	 8.161662e-01	-1.170019e+00	 2.333870e-10	-6.291264e-08	 5.005255e-06	 5.005651e-06
success!


parameter values for minimization:
K33 = 2.000000e+01
k24 = 6.600000e-01
Lambda = 1.000000e-01
d0 = 1.000000e+00
omega = 1.000000e+01
gamma_s = 3.409091e-01
initial guesses for R, eta, and delta:
guess for R = 2.476275e+01
guess for eta = 6.922055e+00
guess for delta = 8.161662e-01
estimated ranges of R, eta, and delta:
upper bound estimate of R = 3.714413e+01
lower bound estimate of R = 1.857206e+01
upper bound estimate of eta = 6.952055e+00
lower bound estimate of eta = 6.892055e+00
upper bound estimate of delta = 8.180000e-01
lower bound estimate of delta = 8.111662e-01
ss=1.377414310827e+22, lastss = 2.361718992750e+22
tol = 3.494712199691e-12
failed to integrate at x = (2.476275e+01,6.922055e+00,8.161662e-01)
solvde convergence failed when x = (2.476275e+01,6.922055e+00,8.161662e-01).
Retrying using a constant y value
the initial guesses were not good, did not successfully find a minimum.
RETRYING!
minimum found at:
    iteration	            R	          eta	        delta	            E	         dEdR	       dEdeta	     dEddelta	    grad norm
           19	 2.765190e+01	 6.955086e+00	 8.162097e-01	-1.169718e+00	-9.202401e-10	-4.447060e-08	 8.224902e-07	 8.236921e-07
success!


parameter values for minimization:
K33 = 2.000000e+01
k24 = 6.600000e-01
Lambda = 1.000000e-01
d0 = 1.000000e+00
omega = 1.000000e+01
gamma_s = 3.448485e-01
initial guesses for R, eta, and delta:
guess for R = 2.765190e+01
guess for eta = 6.955086e+00
guess for delta = 8.162097e-01
estimated ranges of R, eta, and delta:
upper bound estimate of R = 4.147785e+01
lower bound estimate of R = 2.073893e+01
upper bound estimate of eta = 6.985086e+00
lower bound estimate of eta = 6.925086e+00
upper bound estimate of delta = 8.180000e-01
lower bound estimate of delta = 8.112097e-01
ss=8.275420398366e+24, lastss = 3.944808663461e+21
tol = 4.367188865969e-12
failed to integrate at x = (2.765190e+01,6.955086e+00,8.162097e-01)
solvde convergence failed when x = (2.765190e+01,6.955086e+00,8.162097e-01).
Retrying using a constant y value
the initial guesses were not good, did not successfully find a minimum.
RETRYING!
minimum found at:
    iteration	            R	          eta	        delta	            E	         dEdR	       dEdeta	     dEddelta	    grad norm
            1	 3.072156e+01	 6.987915e+00	 8.162460e-01	-1.169447e+00	-4.163107e-10	-2.374644e-08	 1.054712e-07	 1.081122e-07
success!


parameter values for minimization:
K33 = 2.000000e+01
k24 = 6.600000e-01
Lambda = 1.000000e-01
d0 = 1.000000e+00
omega = 1.000000e+01
gamma_s = 3.487879e-01
initial guesses for R, eta, and delta:
guess for R = 3.072156e+01
guess for eta = 6.987915e+00
guess for delta = 8.162460e-01
estimated ranges of R, eta, and delta:
upper bound estimate of R = 4.608234e+01
lower bound estimate of R = 2.304117e+01
upper bound estimate of eta = 7.017915e+00
lower bound estimate of eta = 6.957915e+00
upper bound estimate of delta = 8.180000e-01
lower bound estimate of delta = 8.112460e-01
ss=2.235163418734e+25, lastss = 8.824372061525e+23
tol = 5.400699310090e-12
failed to integrate at x = (3.072156e+01,6.987915e+00,8.162460e-01)
solvde convergence failed when x = (3.072156e+01,6.987915e+00,8.162460e-01).
Retrying using a constant y value
the initial guesses were not good, did not successfully find a minimum.
RETRYING!
minimum found at:
    iteration	            R	          eta	        delta	            E	         dEdR	       dEdeta	     dEddelta	    grad norm
           22	 3.398852e+01	 7.020633e+00	 8.162767e-01	-1.169203e+00	 3.317733e-10	-2.738550e-08	 7.308968e-08	 7.805240e-08
success!


parameter values for minimization:
K33 = 2.000000e+01
k24 = 6.600000e-01
Lambda = 1.000000e-01
d0 = 1.000000e+00
omega = 1.000000e+01
gamma_s = 3.527273e-01
initial guesses for R, eta, and delta:
guess for R = 3.398852e+01
guess for eta = 7.020633e+00
guess for delta = 8.162767e-01
estimated ranges of R, eta, and delta:
upper bound estimate of R = 5.098278e+01
lower bound estimate of R = 2.549139e+01
upper bound estimate of eta = 7.050633e+00
lower bound estimate of eta = 6.990633e+00
upper bound estimate of delta = 8.180000e-01
lower bound estimate of delta = 8.112767e-01
ss=1.292746334080e+23, lastss = 2.947776165952e+23
tol = 6.621212909038e-12
failed to integrate at x = (3.398852e+01,7.020633e+00,8.162767e-01)
solvde convergence failed when x = (3.398852e+01,7.020633e+00,8.162767e-01).
Retrying using a constant y value
the initial guesses were not good, did not successfully find a minimum.
RETRYING!
minimum found at:
    iteration	            R	          eta	        delta	            E	         dEdR	       dEdeta	     dEddelta	    grad norm
           20	 3.747045e+01	 7.053320e+00	 8.163028e-01	-1.168983e+00	-3.689062e-12	 7.037580e-08	-3.154884e-07	 3.232424e-07
success!


parameter values for minimization:
K33 = 2.000000e+01
k24 = 6.600000e-01
Lambda = 1.000000e-01
d0 = 1.000000e+00
omega = 1.000000e+01
gamma_s = 3.566667e-01
initial guesses for R, eta, and delta:
guess for R = 3.747045e+01
guess for eta = 7.053320e+00
guess for delta = 8.163028e-01
estimated ranges of R, eta, and delta:
upper bound estimate of R = 5.620567e+01
lower bound estimate of R = 2.810284e+01
upper bound estimate of eta = 7.083320e+00
lower bound estimate of eta = 7.023320e+00
upper bound estimate of delta = 8.180000e-01
lower bound estimate of delta = 8.113028e-01
likely a maximizing (vs minimizing) solution for psi(r), as y[1][2]=-2.544600e-03  which usually means high energy.
solvde convergence failed when x = (3.747045e+01,7.053320e+00,8.163028e-01).
Retrying using a constant y value
likely a maximizing (vs minimizing) solution for psi(r), as y[1][2]=-8.927175e-04  which usually means high energy.
Retrying with a linear guess and a final twist angle value of pi/4.
likely a maximizing (vs minimizing) solution for psi(r), as y[1][2]=-2.544600e-03  which usually means high energy.
Retrying with a sqrt(r) guess and a final twist angle value of pi/2.01.
ss=4.462792421773e+21, lastss = 1.091238785592e+19
tol = 8.058926144847e-12
failed to integrate at x = (3.747045e+01,7.053320e+00,8.163028e-01)
solvde convergence failed when x = (3.747045e+01,7.053320e+00,8.163028e-01).
Retrying using a constant y value
likely a maximizing (vs minimizing) solution for psi(r), as y[1][2]=-8.927175e-04  which usually means high energy.
Retrying with a linear guess and a final twist angle value of pi/4.
likely a maximizing (vs minimizing) solution for psi(r), as y[1][2]=-2.544600e-03  which usually means high energy.
Retrying with a sqrt(r) guess and a final twist angle value of pi/2.01.
ss=4.462792421773e+21, lastss = 1.091238785592e+19
tol = 8.058926144847e-12
failed to integrate at x = (3.747045e+01,7.053320e+00,8.163028e-01)
interpolating at R = 3.747045e+01, eta = 7.053320e+00, delta = 8.163028e-01...
done interpolating.
ss=1.210370678190e+19, lastss = 2.353101531911e+19
tol = 8.058926143761e-12
failed to integrate at x = (3.747045e+01,7.053320e+00,8.163028e-01)
solvde convergence failed when x = (3.747045e+01,7.053320e+00,8.163028e-01).
Retrying using a constant y value
likely a maximizing (vs minimizing) solution for psi(r), as y[1][2]=-4.463584e-04  which usually means high energy.
Retrying with a linear guess and a final twist angle value of pi/4.
likely a maximizing (vs minimizing) solution for psi(r), as y[1][2]=-1.272864e-03  which usually means high energy.
Retrying with a sqrt(r) guess and a final twist angle value of pi/2.01.
ss=1.210370678190e+19, lastss = 2.353101531911e+19
tol = 8.058926143761e-12
failed to integrate at x = (3.747045e+01,7.053320e+00,8.163028e-01)
interpolating at R = 3.747045e+01, eta = 7.053320e+00, delta = 8.163028e-01...
done interpolating.
ss=8.926798461394e+19, lastss = 1.786317521878e+20
tol = 8.058926143489e-12
failed to integrate at x = (3.747045e+01,7.053320e+00,8.163028e-01)
solvde convergence failed when x = (3.747045e+01,7.053320e+00,8.163028e-01).
Retrying using a constant y value
ss=6.834864559775e+32, lastss = 1.084556792116e+33
tol = 8.058926143489e-12
failed to integrate at x = (3.747045e+01,7.053320e+00,8.163028e-01)
interpolating at R = 3.747045e+01, eta = 7.053320e+00, delta = 8.163028e-01...
done interpolating.
ss=5.219999092362e+33, lastss = 3.107040729912e+34
tol = 8.058926143421e-12
failed to integrate at x = (3.747045e+01,7.053320e+00,8.163028e-01)
solvde convergence failed when x = (3.747045e+01,7.053320e+00,8.163028e-01).
Retrying using a constant y value
likely a maximizing (vs minimizing) solution for psi(r), as y[1][2]=-1.115896e-04  which usually means high energy.
Retrying with a linear guess and a final twist angle value of pi/4.
likely a maximizing (vs minimizing) solution for psi(r), as y[1][2]=-3.192749e-04  which usually means high energy.
Retrying with a sqrt(r) guess and a final twist angle value of pi/2.01.
ss=7.478740386018e+20, lastss = 4.268716601869e+21
tol = 8.058926143421e-12
failed to integrate at x = (3.747045e+01,7.053320e+00,8.163028e-01)
failed calculation!
failed calculation!
failed calculation!
failed calculation!
failed calculation!
abserr is 1.332268e+290, but the convergence criterion CONV_min*(1+p->Escale) is 1.000000e-08!
failed calculation!
failed calculation!
failed calculation!
failed calculation!
abserr is 1.332268e+290, but the convergence criterion CONV_min*(1+p->Escale) is 1.000000e-08!
failed calculation!
failed calculation!
failed calculation!
failed calculation!
abserr is 1.332268e+290, but the convergence criterion CONV_min*(1+p->Escale) is 1.000000e-08!
error: iteration is not making progress towards solution
unclear why the calculation failed.


parameter values for minimization:
K33 = 2.000000e+01
k24 = 6.600000e-01
Lambda = 1.000000e-01
d0 = 1.000000e+00
omega = 1.000000e+01
gamma_s = 3.566667e-01
initial guesses for R, eta, and delta:
guess for R = 1.000000e+00
guess for eta = 7.053320e+00
guess for delta = 8.100000e-01
estimated ranges of R, eta, and delta:
upper bound estimate of R = 1.500000e+00
lower bound estimate of R = 7.500000e-01
upper bound estimate of eta = 7.083320e+00
lower bound estimate of eta = 7.023320e+00
upper bound estimate of delta = 8.160000e-01
lower bound estimate of delta = 8.000000e-01
likely a maximizing (vs minimizing) solution for psi(r), as y[1][2]=-1.018828e-03  which usually means high energy.
solvde convergence failed when x = (2.548615e+01,6.690404e+00,7.961832e-01).
Retrying using a constant y value
the initial guesses were not good, did not successfully find a minimum.
RETRYING!
x[1] = 6.385509e+01, x[2] = 8.332844e+00, x[3] = 8.196535e-01
something is too big or less than zero, so returning failed calculation.
the initial guesses were not good, did not successfully find a minimum.


parameter values for minimization:
K33 = 2.000000e+01
k24 = 6.600000e-01
Lambda = 1.000000e-01
d0 = 1.000000e+00
omega = 1.000000e+01
gamma_s = 3.566667e-01
initial guesses for R, eta, and delta:
guess for R = 1.000000e+00
guess for eta = 7.053320e+00
guess for delta = 0.000000e+00
estimated ranges of R, eta, and delta:
upper bound estimate of R = 1.500000e+00
lower bound estimate of R = 7.500000e-01
upper bound estimate of eta = 7.083320e+00
lower bound estimate of eta = 7.023320e+00
upper bound estimate of delta = 2.000000e-03
lower bound estimate of delta = -5.000000e-03
ss=-7.408105591549e+01, lastss = -7.408440460406e+01
tol = 1.766146870227e-12
failed to integrate at x = (2.591125e+01,7.053320e+00,-3.313468e-12)
interpolating at R = 2.591125e+01, eta = 7.053320e+00, delta = -3.313468e-12...
done interpolating.
ss=-8.052640840650e+01, lastss = -8.052798576533e+01
tol = 1.770898876055e-12
failed to integrate at x = (2.591125e+01,7.053320e+00,-3.313468e-12)
interpolating at R = 2.591125e+01, eta = 7.053320e+00, delta = -3.313468e-12...
done interpolating.
ss=-8.072263258244e+01, lastss = -8.072350990978e+01
tol = 1.770898981852e-12
failed to integrate at x = (2.591125e+01,7.053320e+00,-3.313468e-12)
interpolating at R = 2.591125e+01, eta = 7.053320e+00, delta = -3.313468e-12...
done interpolating.
ss=-8.072425084272e+01, lastss = -8.072464637224e+01
tol = 1.770898982205e-12
failed to integrate at x = (2.591125e+01,7.053320e+00,-3.313468e-12)
failed calculation!
failed calculation!
failed calculation!
failed calculation!
failed calculation!
failed calculation!
failed calculation!
failed calculation!
failed calculation!
failed calculation!
failed calculation!
failed calculation!
failed calculation!
failed calculation!
failed calculation!
failed calculation!
failed calculation!
failed calculation!
failed calculation!
failed calculation!
failed calculation!
failed calculation!
failed calculation!
failed calculation!
failed calculation!
minimum found at:
    iteration	            R	          eta	        delta	            E	         dEdR	       dEdeta	     dEddelta	    grad norm
            1	 3.767875e+00	 7.053320e+00	-3.681578e-13	1.000000e+300	 0.000000e+00	 0.000000e+00	 0.000000e+00	 0.000000e+00
success!
Trying again with Rguess = 1.0
Last guess for Ri was 1.0, setting delta = 0.0
Took 0.3096898211373223 hours to complete.
