Restoring modules from user's standard_modules


parameter values for minimization:
K33 = 2.000000e+01
k24 = -8.200000e-01
Lambda = 1.000000e-01
d0 = 1.000000e+00
omega = 1.000000e-02
gamma_s = 1.000000e-02
initial guesses for R, eta, and delta:
guess for R = 5.000000e-01
guess for eta = 6.300000e+00
guess for delta = 8.100000e-01
estimated ranges of R, eta, and delta:
upper bound estimate of R = 2.000000e+00
lower bound estimate of R = 1.000000e-01
upper bound estimate of eta = 6.430000e+00
lower bound estimate of eta = 6.290000e+00
upper bound estimate of delta = 8.160000e-01
lower bound estimate of delta = 8.000000e-01
the initial guesses were not good, did not successfully find a minimum.
RETRYING!
minimum found at:
    iteration	            R	          eta	        delta	            E	         dEdR	       dEdeta	     dEddelta	    grad norm
           16	 3.431412e-01	 6.323628e+00	 5.706355e-01	 4.607638e-02	 1.706567e-08	-9.453857e-08	-3.244179e-08	 1.013965e-07
success!


parameter values for minimization:
K33 = 2.000000e+01
k24 = -8.200000e-01
Lambda = 1.000000e-01
d0 = 1.000000e+00
omega = 1.000000e-02
gamma_s = 1.393939e-02
initial guesses for R, eta, and delta:
guess for R = 3.431412e-01
guess for eta = 6.323628e+00
guess for delta = 5.706355e-01
estimated ranges of R, eta, and delta:
upper bound estimate of R = 5.147118e-01
lower bound estimate of R = 2.573559e-01
upper bound estimate of eta = 6.353628e+00
lower bound estimate of eta = 6.293628e+00
upper bound estimate of delta = 5.726355e-01
lower bound estimate of delta = 5.656355e-01
x[1] = 4.871429e-01, x[2] = 6.353067e+00, x[3] = -2.304625e+00
something is too big or less than zero, so returning failed calculation.
the initial guesses were not good, did not successfully find a minimum.
RETRYING!
the initial guesses were not good, did not successfully find a minimum.


parameter values for minimization:
K33 = 2.000000e+01
k24 = -8.200000e-01
Lambda = 1.000000e-01
d0 = 1.000000e+00
omega = 1.000000e-02
gamma_s = 1.393939e-02
initial guesses for R, eta, and delta:
guess for R = 1.000000e+00
guess for eta = 6.323628e+00
guess for delta = 8.100000e-01
estimated ranges of R, eta, and delta:
upper bound estimate of R = 1.500000e+00
lower bound estimate of R = 7.500000e-01
upper bound estimate of eta = 6.353628e+00
lower bound estimate of eta = 6.293628e+00
upper bound estimate of delta = 8.160000e-01
lower bound estimate of delta = 8.000000e-01
the initial guesses were not good, did not successfully find a minimum.
RETRYING!
the initial guesses were not good, did not successfully find a minimum.


parameter values for minimization:
K33 = 2.000000e+01
k24 = -8.200000e-01
Lambda = 1.000000e-01
d0 = 1.000000e+00
omega = 1.000000e-02
gamma_s = 1.393939e-02
initial guesses for R, eta, and delta:
guess for R = 1.000000e+00
guess for eta = 6.323628e+00
guess for delta = 0.000000e+00
estimated ranges of R, eta, and delta:
upper bound estimate of R = 1.500000e+00
lower bound estimate of R = 7.500000e-01
upper bound estimate of eta = 6.353628e+00
lower bound estimate of eta = 6.293628e+00
upper bound estimate of delta = 2.000000e-03
lower bound estimate of delta = -5.000000e-03
minimum found at:
    iteration	            R	          eta	        delta	            E	         dEdR	       dEdeta	     dEddelta	    grad norm
            3	 4.155847e-01	 6.323628e+00	-6.706007e-15	 6.700182e-02	 2.152599e-10	 0.000000e+00	 0.000000e+00	 2.152599e-10
success!


parameter values for minimization:
K33 = 2.000000e+01
k24 = -8.200000e-01
Lambda = 1.000000e-01
d0 = 1.000000e+00
omega = 1.000000e-02
gamma_s = 1.787879e-02
initial guesses for R, eta, and delta:
guess for R = 4.155847e-01
guess for eta = 6.323628e+00
guess for delta = -6.706007e-15
estimated ranges of R, eta, and delta:
upper bound estimate of R = 6.233770e-01
lower bound estimate of R = 3.116885e-01
upper bound estimate of eta = 6.353628e+00
lower bound estimate of eta = 6.293628e+00
upper bound estimate of delta = 2.000000e-03
lower bound estimate of delta = -5.000000e-03
minimum found at:
    iteration	            R	          eta	        delta	            E	         dEdR	       dEdeta	     dEddelta	    grad norm
            2	 4.756224e-01	 6.323628e+00	 4.131417e-14	 8.470011e-02	 1.907134e-08	 0.000000e+00	 0.000000e+00	 1.907134e-08
success!


parameter values for minimization:
K33 = 2.000000e+01
k24 = -8.200000e-01
Lambda = 1.000000e-01
d0 = 1.000000e+00
omega = 1.000000e-02
gamma_s = 2.181818e-02
initial guesses for R, eta, and delta:
guess for R = 4.756224e-01
guess for eta = 6.323628e+00
guess for delta = 4.131417e-14
estimated ranges of R, eta, and delta:
upper bound estimate of R = 7.134336e-01
lower bound estimate of R = 3.567168e-01
upper bound estimate of eta = 6.353628e+00
lower bound estimate of eta = 6.293628e+00
upper bound estimate of delta = 2.000000e-03
lower bound estimate of delta = -5.000000e-03
minimum found at:
    iteration	            R	          eta	        delta	            E	         dEdR	       dEdeta	     dEddelta	    grad norm
            2	 5.334725e-01	 6.323628e+00	-2.351288e-14	 1.003287e-01	 1.621009e-10	 0.000000e+00	 6.344132e-09	 6.346202e-09
success!


parameter values for minimization:
K33 = 2.000000e+01
k24 = -8.200000e-01
Lambda = 1.000000e-01
d0 = 1.000000e+00
omega = 1.000000e-02
gamma_s = 2.575758e-02
initial guesses for R, eta, and delta:
guess for R = 5.334725e-01
guess for eta = 6.323628e+00
guess for delta = -2.351288e-14
estimated ranges of R, eta, and delta:
upper bound estimate of R = 8.002088e-01
lower bound estimate of R = 4.001044e-01
upper bound estimate of eta = 6.353628e+00
lower bound estimate of eta = 6.293628e+00
upper bound estimate of delta = 2.000000e-03
lower bound estimate of delta = -5.000000e-03
minimum found at:
    iteration	            R	          eta	        delta	            E	         dEdR	       dEdeta	     dEddelta	    grad norm
            1	 5.901766e-01	 6.323628e+00	-2.351288e-14	 1.143626e-01	 4.844397e-10	-9.251859e-11	-2.643388e-10	 5.595681e-10
success!


parameter values for minimization:
K33 = 2.000000e+01
k24 = -8.200000e-01
Lambda = 1.000000e-01
d0 = 1.000000e+00
omega = 1.000000e-02
gamma_s = 2.969697e-02
initial guesses for R, eta, and delta:
guess for R = 5.901766e-01
guess for eta = 6.323628e+00
guess for delta = -2.351288e-14
estimated ranges of R, eta, and delta:
upper bound estimate of R = 8.852649e-01
lower bound estimate of R = 4.426325e-01
upper bound estimate of eta = 6.353628e+00
lower bound estimate of eta = 6.293628e+00
upper bound estimate of delta = 2.000000e-03
lower bound estimate of delta = -5.000000e-03
minimum found at:
    iteration	            R	          eta	        delta	            E	         dEdR	       dEdeta	     dEddelta	    grad norm
            2	 6.463694e-01	 6.323628e+00	-1.877444e-13	 1.271142e-01	-2.926266e-11	-3.083953e-11	 0.000000e+00	 4.251329e-11
success!


parameter values for minimization:
K33 = 2.000000e+01
k24 = -8.200000e-01
Lambda = 1.000000e-01
d0 = 1.000000e+00
omega = 1.000000e-02
gamma_s = 3.363636e-02
initial guesses for R, eta, and delta:
guess for R = 6.463694e-01
guess for eta = 6.323628e+00
guess for delta = -1.877444e-13
estimated ranges of R, eta, and delta:
upper bound estimate of R = 9.695541e-01
lower bound estimate of R = 4.847770e-01
upper bound estimate of eta = 6.353628e+00
lower bound estimate of eta = 6.293628e+00
upper bound estimate of delta = 2.000000e-03
lower bound estimate of delta = -5.000000e-03
minimum found at:
    iteration	            R	          eta	        delta	            E	         dEdR	       dEdeta	     dEddelta	    grad norm
            2	 7.024734e-01	 6.323628e+00	-1.953303e-13	 1.388033e-01	 1.335934e-11	 1.850372e-10	 5.286776e-10	 5.602832e-10
success!


parameter values for minimization:
K33 = 2.000000e+01
k24 = -8.200000e-01
Lambda = 1.000000e-01
d0 = 1.000000e+00
omega = 1.000000e-02
gamma_s = 3.757576e-02
initial guesses for R, eta, and delta:
guess for R = 7.024734e-01
guess for eta = 6.323628e+00
guess for delta = -1.953303e-13
estimated ranges of R, eta, and delta:
upper bound estimate of R = 1.053710e+00
lower bound estimate of R = 5.268550e-01
upper bound estimate of eta = 6.353628e+00
lower bound estimate of eta = 6.293628e+00
upper bound estimate of delta = 2.000000e-03
lower bound estimate of delta = -5.000000e-03
minimum found at:
    iteration	            R	          eta	        delta	            E	         dEdR	       dEdeta	     dEddelta	    grad norm
            2	 7.587883e-01	 6.323628e+00	-1.953303e-13	 1.495926e-01	-5.268162e-11	-6.167906e-11	 1.321694e-10	 1.550755e-10
success!


parameter values for minimization:
K33 = 2.000000e+01
k24 = -8.200000e-01
Lambda = 1.000000e-01
d0 = 1.000000e+00
omega = 1.000000e-02
gamma_s = 4.151515e-02
initial guesses for R, eta, and delta:
guess for R = 7.587883e-01
guess for eta = 6.323628e+00
guess for delta = -1.953303e-13
estimated ranges of R, eta, and delta:
upper bound estimate of R = 1.138182e+00
lower bound estimate of R = 5.690912e-01
upper bound estimate of eta = 6.353628e+00
lower bound estimate of eta = 6.293628e+00
upper bound estimate of delta = 2.000000e-03
lower bound estimate of delta = -5.000000e-03
minimum found at:
    iteration	            R	          eta	        delta	            E	         dEdR	       dEdeta	     dEddelta	    grad norm
            2	 8.155382e-01	 6.323628e+00	-3.612132e-13	 1.596066e-01	 6.502900e-12	 2.775558e-10	 1.057355e-09	 1.093197e-09
success!


parameter values for minimization:
K33 = 2.000000e+01
k24 = -8.200000e-01
Lambda = 1.000000e-01
d0 = 1.000000e+00
omega = 1.000000e-02
gamma_s = 4.545455e-02
initial guesses for R, eta, and delta:
guess for R = 8.155382e-01
guess for eta = 6.323628e+00
guess for delta = -3.612132e-13
estimated ranges of R, eta, and delta:
upper bound estimate of R = 1.223307e+00
lower bound estimate of R = 6.116537e-01
upper bound estimate of eta = 6.353628e+00
lower bound estimate of eta = 6.293628e+00
upper bound estimate of delta = 2.000000e-03
lower bound estimate of delta = -5.000000e-03
minimum found at:
    iteration	            R	          eta	        delta	            E	         dEdR	       dEdeta	     dEddelta	    grad norm
            2	 8.728986e-01	 6.323628e+00	 3.094387e-13	 1.689435e-01	 2.452980e-08	 6.167906e-11	-3.039896e-09	 2.471752e-08
success!


parameter values for minimization:
K33 = 2.000000e+01
k24 = -8.200000e-01
Lambda = 1.000000e-01
d0 = 1.000000e+00
omega = 1.000000e-02
gamma_s = 4.939394e-02
initial guesses for R, eta, and delta:
guess for R = 8.728986e-01
guess for eta = 6.323628e+00
guess for delta = 3.094387e-13
estimated ranges of R, eta, and delta:
upper bound estimate of R = 1.309348e+00
lower bound estimate of R = 6.546739e-01
upper bound estimate of eta = 6.353628e+00
lower bound estimate of eta = 6.293628e+00
upper bound estimate of delta = 2.000000e-03
lower bound estimate of delta = -5.000000e-03
minimum found at:
    iteration	            R	          eta	        delta	            E	         dEdR	       dEdeta	     dEddelta	    grad norm
            2	 9.310116e-01	 6.323628e+00	 2.060487e-13	 1.776824e-01	 2.624738e-08	-3.083953e-11	-1.057355e-09	 2.626869e-08
success!


parameter values for minimization:
K33 = 2.000000e+01
k24 = -8.200000e-01
Lambda = 1.000000e-01
d0 = 1.000000e+00
omega = 1.000000e-02
gamma_s = 5.333333e-02
initial guesses for R, eta, and delta:
guess for R = 9.310116e-01
guess for eta = 6.323628e+00
guess for delta = 2.060487e-13
estimated ranges of R, eta, and delta:
upper bound estimate of R = 1.396517e+00
lower bound estimate of R = 6.982587e-01
upper bound estimate of eta = 6.353628e+00
lower bound estimate of eta = 6.293628e+00
upper bound estimate of delta = 2.000000e-03
lower bound estimate of delta = -5.000000e-03
minimum found at:
    iteration	            R	          eta	        delta	            E	         dEdR	       dEdeta	     dEddelta	    grad norm
            2	 9.899972e-01	 6.323628e+00	 2.959482e-13	 1.858884e-01	 2.371070e-08	 0.000000e+00	-3.172066e-09	 2.392194e-08
success!


parameter values for minimization:
K33 = 2.000000e+01
k24 = -8.200000e-01
Lambda = 1.000000e-01
d0 = 1.000000e+00
omega = 1.000000e-02
gamma_s = 5.727273e-02
initial guesses for R, eta, and delta:
guess for R = 9.899972e-01
guess for eta = 6.323628e+00
guess for delta = 2.959482e-13
estimated ranges of R, eta, and delta:
upper bound estimate of R = 1.484996e+00
lower bound estimate of R = 7.424979e-01
upper bound estimate of eta = 6.353628e+00
lower bound estimate of eta = 6.293628e+00
upper bound estimate of delta = 2.000000e-03
lower bound estimate of delta = -5.000000e-03
minimum found at:
    iteration	            R	          eta	        delta	            E	         dEdR	       dEdeta	     dEddelta	    grad norm
            2	 1.049959e+00	 6.323628e+00	 2.996223e-13	 1.936157e-01	 7.476270e-11	-3.083953e-11	 2.114711e-09	 2.116256e-09
success!


parameter values for minimization:
K33 = 2.000000e+01
k24 = -8.200000e-01
Lambda = 1.000000e-01
d0 = 1.000000e+00
omega = 1.000000e-02
gamma_s = 6.121212e-02
initial guesses for R, eta, and delta:
guess for R = 1.049959e+00
guess for eta = 6.323628e+00
guess for delta = 2.996223e-13
estimated ranges of R, eta, and delta:
upper bound estimate of R = 1.574939e+00
lower bound estimate of R = 7.874693e-01
upper bound estimate of eta = 6.353628e+00
lower bound estimate of eta = 6.293628e+00
upper bound estimate of delta = 2.000000e-03
lower bound estimate of delta = -5.000000e-03
minimum found at:
    iteration	            R	          eta	        delta	            E	         dEdR	       dEdeta	     dEddelta	    grad norm
            2	 1.110991e+00	 6.323628e+00	 1.947070e-12	 2.009102e-01	 2.937213e-11	 3.083953e-11	 1.718202e-09	 1.718730e-09
success!


parameter values for minimization:
K33 = 2.000000e+01
k24 = -8.200000e-01
Lambda = 1.000000e-01
d0 = 1.000000e+00
omega = 1.000000e-02
gamma_s = 6.515152e-02
initial guesses for R, eta, and delta:
guess for R = 1.110991e+00
guess for eta = 6.323628e+00
guess for delta = 1.947070e-12
estimated ranges of R, eta, and delta:
upper bound estimate of R = 1.666486e+00
lower bound estimate of R = 8.332432e-01
upper bound estimate of eta = 6.353628e+00
lower bound estimate of eta = 6.293628e+00
upper bound estimate of delta = 2.000000e-03
lower bound estimate of delta = -5.000000e-03
minimum found at:
    iteration	            R	          eta	        delta	            E	         dEdR	       dEdeta	     dEddelta	    grad norm
            2	 1.173178e+00	 6.323628e+00	 2.644899e-12	 2.078112e-01	 8.993779e-11	-3.083953e-11	 0.000000e+00	 9.507829e-11
success!


parameter values for minimization:
K33 = 2.000000e+01
k24 = -8.200000e-01
Lambda = 1.000000e-01
d0 = 1.000000e+00
omega = 1.000000e-02
gamma_s = 6.909091e-02
initial guesses for R, eta, and delta:
guess for R = 1.173178e+00
guess for eta = 6.323628e+00
guess for delta = 2.644899e-12
estimated ranges of R, eta, and delta:
upper bound estimate of R = 1.759767e+00
lower bound estimate of R = 8.798835e-01
upper bound estimate of eta = 6.353628e+00
lower bound estimate of eta = 6.293628e+00
upper bound estimate of delta = 2.000000e-03
lower bound estimate of delta = -5.000000e-03
minimum found at:
    iteration	            R	          eta	        delta	            E	         dEdR	       dEdeta	     dEddelta	    grad norm
            2	 1.236601e+00	 6.323628e+00	 2.641264e-12	 2.143523e-01	 1.261784e-11	 3.083953e-11	 2.643388e-10	 2.664307e-10
success!


parameter values for minimization:
K33 = 2.000000e+01
k24 = -8.200000e-01
Lambda = 1.000000e-01
d0 = 1.000000e+00
omega = 1.000000e-02
gamma_s = 7.303030e-02
initial guesses for R, eta, and delta:
guess for R = 1.236601e+00
guess for eta = 6.323628e+00
guess for delta = 2.641264e-12
estimated ranges of R, eta, and delta:
upper bound estimate of R = 1.854901e+00
lower bound estimate of R = 9.274507e-01
upper bound estimate of eta = 6.353628e+00
lower bound estimate of eta = 6.293628e+00
upper bound estimate of delta = 2.000000e-03
lower bound estimate of delta = -5.000000e-03
minimum found at:
    iteration	            R	          eta	        delta	            E	         dEdR	       dEdeta	     dEddelta	    grad norm
            2	 1.301337e+00	 6.323628e+00	 1.127666e-12	 2.205630e-01	 4.588766e-11	-3.083953e-11	 1.057355e-09	 1.058800e-09
success!


parameter values for minimization:
K33 = 2.000000e+01
k24 = -8.200000e-01
Lambda = 1.000000e-01
d0 = 1.000000e+00
omega = 1.000000e-02
gamma_s = 7.696970e-02
initial guesses for R, eta, and delta:
guess for R = 1.301337e+00
guess for eta = 6.323628e+00
guess for delta = 1.127666e-12
estimated ranges of R, eta, and delta:
upper bound estimate of R = 1.952005e+00
lower bound estimate of R = 9.760027e-01
upper bound estimate of eta = 6.353628e+00
lower bound estimate of eta = 6.293628e+00
upper bound estimate of delta = 2.000000e-03
lower bound estimate of delta = -5.000000e-03
minimum found at:
    iteration	            R	          eta	        delta	            E	         dEdR	       dEdeta	     dEddelta	    grad norm
            2	 1.367462e+00	 6.323628e+00	 1.131280e-12	 2.264691e-01	 5.687602e-12	 0.000000e+00	 2.643388e-10	 2.644000e-10
success!


parameter values for minimization:
K33 = 2.000000e+01
k24 = -8.200000e-01
Lambda = 1.000000e-01
d0 = 1.000000e+00
omega = 1.000000e-02
gamma_s = 8.090909e-02
initial guesses for R, eta, and delta:
guess for R = 1.367462e+00
guess for eta = 6.323628e+00
guess for delta = 1.131280e-12
estimated ranges of R, eta, and delta:
upper bound estimate of R = 2.051193e+00
lower bound estimate of R = 1.025597e+00
upper bound estimate of eta = 6.353628e+00
lower bound estimate of eta = 6.293628e+00
upper bound estimate of delta = 2.000000e-03
lower bound estimate of delta = -5.000000e-03
minimum found at:
    iteration	            R	          eta	        delta	            E	         dEdR	       dEdeta	     dEddelta	    grad norm
            1	 1.435055e+00	 6.323628e+00	 9.337323e-13	 2.320933e-01	-9.971762e-09	 4.934325e-10	 5.286776e-10	 9.997951e-09
success!


parameter values for minimization:
K33 = 2.000000e+01
k24 = -8.200000e-01
Lambda = 1.000000e-01
d0 = 1.000000e+00
omega = 1.000000e-02
gamma_s = 8.484848e-02
initial guesses for R, eta, and delta:
guess for R = 1.435055e+00
guess for eta = 6.323628e+00
guess for delta = 9.337323e-13
estimated ranges of R, eta, and delta:
upper bound estimate of R = 2.152582e+00
lower bound estimate of R = 1.076291e+00
upper bound estimate of eta = 6.353628e+00
lower bound estimate of eta = 6.293628e+00
upper bound estimate of delta = 2.000000e-03
lower bound estimate of delta = -5.000000e-03
minimum found at:
    iteration	            R	          eta	        delta	            E	         dEdR	       dEdeta	     dEddelta	    grad norm
            2	 1.504193e+00	 6.323628e+00	 9.014842e-13	 2.374559e-01	 1.242990e-08	 6.167906e-11	 3.965082e-09	 1.304714e-08
success!


parameter values for minimization:
K33 = 2.000000e+01
k24 = -8.200000e-01
Lambda = 1.000000e-01
d0 = 1.000000e+00
omega = 1.000000e-02
gamma_s = 8.878788e-02
initial guesses for R, eta, and delta:
guess for R = 1.504193e+00
guess for eta = 6.323628e+00
guess for delta = 9.014842e-13
estimated ranges of R, eta, and delta:
upper bound estimate of R = 2.256289e+00
lower bound estimate of R = 1.128145e+00
upper bound estimate of eta = 6.353628e+00
lower bound estimate of eta = 6.293628e+00
upper bound estimate of delta = 2.000000e-03
lower bound estimate of delta = -5.000000e-03
minimum found at:
    iteration	            R	          eta	        delta	            E	         dEdR	       dEdeta	     dEddelta	    grad norm
            2	 1.574957e+00	 6.323628e+00	-2.747368e-14	 2.425748e-01	 1.233095e-08	-2.467162e-10	 0.000000e+00	 1.233342e-08
success!


parameter values for minimization:
K33 = 2.000000e+01
k24 = -8.200000e-01
Lambda = 1.000000e-01
d0 = 1.000000e+00
omega = 1.000000e-02
gamma_s = 9.272727e-02
initial guesses for R, eta, and delta:
guess for R = 1.574957e+00
guess for eta = 6.323628e+00
guess for delta = -2.747368e-14
estimated ranges of R, eta, and delta:
upper bound estimate of R = 2.362436e+00
lower bound estimate of R = 1.181218e+00
upper bound estimate of eta = 6.353628e+00
lower bound estimate of eta = 6.293628e+00
upper bound estimate of delta = 2.000000e-03
lower bound estimate of delta = -5.000000e-03
minimum found at:
    iteration	            R	          eta	        delta	            E	         dEdR	       dEdeta	     dEddelta	    grad norm
            2	 1.647433e+00	 6.323628e+00	 2.267060e-12	 2.474660e-01	 1.188421e-08	-3.083953e-11	 1.850372e-09	 1.202744e-08
success!


parameter values for minimization:
K33 = 2.000000e+01
k24 = -8.200000e-01
Lambda = 1.000000e-01
d0 = 1.000000e+00
omega = 1.000000e-02
gamma_s = 9.666667e-02
initial guesses for R, eta, and delta:
guess for R = 1.647433e+00
guess for eta = 6.323628e+00
guess for delta = 2.267060e-12
estimated ranges of R, eta, and delta:
upper bound estimate of R = 2.471150e+00
lower bound estimate of R = 1.235575e+00
upper bound estimate of eta = 6.353628e+00
lower bound estimate of eta = 6.293628e+00
upper bound estimate of delta = 2.000000e-03
lower bound estimate of delta = -5.000000e-03
minimum found at:
    iteration	            R	          eta	        delta	            E	         dEdR	       dEdeta	     dEddelta	    grad norm
            2	 1.721713e+00	 6.323628e+00	-2.972086e-12	 2.521443e-01	 1.136963e-08	 6.167906e-11	 5.286776e-10	 1.138208e-08
success!


parameter values for minimization:
K33 = 2.000000e+01
k24 = -8.200000e-01
Lambda = 1.000000e-01
d0 = 1.000000e+00
omega = 1.000000e-02
gamma_s = 1.006061e-01
initial guesses for R, eta, and delta:
guess for R = 1.721713e+00
guess for eta = 6.323628e+00
guess for delta = -2.972086e-12
estimated ranges of R, eta, and delta:
upper bound estimate of R = 2.582569e+00
lower bound estimate of R = 1.291285e+00
upper bound estimate of eta = 6.353628e+00
lower bound estimate of eta = 6.293628e+00
upper bound estimate of delta = 2.000000e-03
lower bound estimate of delta = -5.000000e-03
minimum found at:
    iteration	            R	          eta	        delta	            E	         dEdR	       dEdeta	     dEddelta	    grad norm
            2	 1.797895e+00	 6.323628e+00	-6.534549e-12	 2.566225e-01	-2.292751e-11	 3.083953e-11	-5.286776e-10	 5.300724e-10
success!


parameter values for minimization:
K33 = 2.000000e+01
k24 = -8.200000e-01
Lambda = 1.000000e-01
d0 = 1.000000e+00
omega = 1.000000e-02
gamma_s = 1.045455e-01
initial guesses for R, eta, and delta:
guess for R = 1.797895e+00
guess for eta = 6.323628e+00
guess for delta = -6.534549e-12
estimated ranges of R, eta, and delta:
upper bound estimate of R = 2.696842e+00
lower bound estimate of R = 1.348421e+00
upper bound estimate of eta = 6.353628e+00
lower bound estimate of eta = 6.293628e+00
upper bound estimate of delta = 2.000000e-03
lower bound estimate of delta = -5.000000e-03
minimum found at:
    iteration	            R	          eta	        delta	            E	         dEdR	       dEdeta	     dEddelta	    grad norm
            2	 1.876089e+00	 6.323628e+00	-3.524341e-12	 2.609125e-01	 1.018210e-08	 0.000000e+00	 0.000000e+00	 1.018210e-08
success!


parameter values for minimization:
K33 = 2.000000e+01
k24 = -8.200000e-01
Lambda = 1.000000e-01
d0 = 1.000000e+00
omega = 1.000000e-02
gamma_s = 1.084848e-01
initial guesses for R, eta, and delta:
guess for R = 1.876089e+00
guess for eta = 6.323628e+00
guess for delta = -3.524341e-12
estimated ranges of R, eta, and delta:
upper bound estimate of R = 2.814133e+00
lower bound estimate of R = 1.407067e+00
upper bound estimate of eta = 6.353628e+00
lower bound estimate of eta = 6.293628e+00
upper bound estimate of delta = 2.000000e-03
lower bound estimate of delta = -5.000000e-03
minimum found at:
    iteration	            R	          eta	        delta	            E	         dEdR	       dEdeta	     dEddelta	    grad norm
            2	 1.956412e+00	 6.323628e+00	-3.204369e-12	 2.650250e-01	 9.569663e-09	 0.000000e+00	-5.286776e-10	 9.584256e-09
success!


parameter values for minimization:
K33 = 2.000000e+01
k24 = -8.200000e-01
Lambda = 1.000000e-01
d0 = 1.000000e+00
omega = 1.000000e-02
gamma_s = 1.124242e-01
initial guesses for R, eta, and delta:
guess for R = 1.956412e+00
guess for eta = 6.323628e+00
guess for delta = -3.204369e-12
estimated ranges of R, eta, and delta:
upper bound estimate of R = 2.934618e+00
lower bound estimate of R = 1.467309e+00
upper bound estimate of eta = 6.353628e+00
lower bound estimate of eta = 6.293628e+00
upper bound estimate of delta = 2.000000e-03
lower bound estimate of delta = -5.000000e-03
minimum found at:
    iteration	            R	          eta	        delta	            E	         dEdR	       dEdeta	     dEddelta	    grad norm
            2	 2.038998e+00	 6.323628e+00	-3.232749e-12	 2.689699e-01	 8.938427e-09	 3.083953e-11	 5.286776e-10	 8.954101e-09
success!


parameter values for minimization:
K33 = 2.000000e+01
k24 = -8.200000e-01
Lambda = 1.000000e-01
d0 = 1.000000e+00
omega = 1.000000e-02
gamma_s = 1.163636e-01
initial guesses for R, eta, and delta:
guess for R = 2.038998e+00
guess for eta = 6.323628e+00
guess for delta = -3.232749e-12
estimated ranges of R, eta, and delta:
upper bound estimate of R = 3.058497e+00
lower bound estimate of R = 1.529249e+00
upper bound estimate of eta = 6.353628e+00
lower bound estimate of eta = 6.293628e+00
upper bound estimate of delta = 2.000000e-03
lower bound estimate of delta = -5.000000e-03
minimum found at:
    iteration	            R	          eta	        delta	            E	         dEdR	       dEdeta	     dEddelta	    grad norm
            2	 2.123998e+00	 6.323628e+00	-1.216847e-12	 2.727560e-01	 8.302935e-09	-3.392348e-10	 0.000000e+00	 8.309862e-09
success!


parameter values for minimization:
K33 = 2.000000e+01
k24 = -8.200000e-01
Lambda = 1.000000e-01
d0 = 1.000000e+00
omega = 1.000000e-02
gamma_s = 1.203030e-01
initial guesses for R, eta, and delta:
guess for R = 2.123998e+00
guess for eta = 6.323628e+00
guess for delta = -1.216847e-12
estimated ranges of R, eta, and delta:
upper bound estimate of R = 3.185997e+00
lower bound estimate of R = 1.592998e+00
upper bound estimate of eta = 6.353628e+00
lower bound estimate of eta = 6.293628e+00
upper bound estimate of delta = 2.000000e-03
lower bound estimate of delta = -5.000000e-03
minimum found at:
    iteration	            R	          eta	        delta	            E	         dEdR	       dEdeta	     dEddelta	    grad norm
            2	 2.211583e+00	 6.323628e+00	-1.216847e-12	 2.763913e-01	 7.782487e-09	 0.000000e+00	-5.286776e-10	 7.800424e-09
success!


parameter values for minimization:
K33 = 2.000000e+01
k24 = -8.200000e-01
Lambda = 1.000000e-01
d0 = 1.000000e+00
omega = 1.000000e-02
gamma_s = 1.242424e-01
initial guesses for R, eta, and delta:
guess for R = 2.211583e+00
guess for eta = 6.323628e+00
guess for delta = -1.216847e-12
estimated ranges of R, eta, and delta:
upper bound estimate of R = 3.317375e+00
lower bound estimate of R = 1.658687e+00
upper bound estimate of eta = 6.353628e+00
lower bound estimate of eta = 6.293628e+00
upper bound estimate of delta = 2.000000e-03
lower bound estimate of delta = -5.000000e-03
minimum found at:
    iteration	            R	          eta	        delta	            E	         dEdR	       dEdeta	     dEddelta	    grad norm
            2	 2.301953e+00	 6.323628e+00	-1.216847e-12	 2.798833e-01	 7.215468e-09	 3.083953e-11	 2.114711e-09	 7.519038e-09
success!


parameter values for minimization:
K33 = 2.000000e+01
k24 = -8.200000e-01
Lambda = 1.000000e-01
d0 = 1.000000e+00
omega = 1.000000e-02
gamma_s = 1.281818e-01
initial guesses for R, eta, and delta:
guess for R = 2.301953e+00
guess for eta = 6.323628e+00
guess for delta = -1.216847e-12
estimated ranges of R, eta, and delta:
upper bound estimate of R = 3.452930e+00
lower bound estimate of R = 1.726465e+00
upper bound estimate of eta = 6.353628e+00
lower bound estimate of eta = 6.293628e+00
upper bound estimate of delta = 2.000000e-03
lower bound estimate of delta = -5.000000e-03
minimum found at:
    iteration	            R	          eta	        delta	            E	         dEdR	       dEdeta	     dEddelta	    grad norm
            2	 2.395338e+00	 6.323628e+00	-9.403524e-13	 2.832388e-01	 6.745715e-09	 2.467162e-10	 2.643388e-10	 6.755399e-09
success!


parameter values for minimization:
K33 = 2.000000e+01
k24 = -8.200000e-01
Lambda = 1.000000e-01
d0 = 1.000000e+00
omega = 1.000000e-02
gamma_s = 1.321212e-01
initial guesses for R, eta, and delta:
guess for R = 2.395338e+00
guess for eta = 6.323628e+00
guess for delta = -9.403524e-13
estimated ranges of R, eta, and delta:
upper bound estimate of R = 3.593007e+00
lower bound estimate of R = 1.796504e+00
upper bound estimate of eta = 6.353628e+00
lower bound estimate of eta = 6.293628e+00
upper bound estimate of delta = 2.000000e-03
lower bound estimate of delta = -5.000000e-03
minimum found at:
    iteration	            R	          eta	        delta	            E	         dEdR	       dEdeta	     dEddelta	    grad norm
            2	 2.492013e+00	 6.323628e+00	 3.580693e-12	 2.864637e-01	 6.328228e-09	-6.167906e-11	-1.850372e-09	 6.593493e-09
success!


parameter values for minimization:
K33 = 2.000000e+01
k24 = -8.200000e-01
Lambda = 1.000000e-01
d0 = 1.000000e+00
omega = 1.000000e-02
gamma_s = 1.360606e-01
initial guesses for R, eta, and delta:
guess for R = 2.492013e+00
guess for eta = 6.323628e+00
guess for delta = 3.580693e-12
estimated ranges of R, eta, and delta:
upper bound estimate of R = 3.738020e+00
lower bound estimate of R = 1.869010e+00
upper bound estimate of eta = 6.353628e+00
lower bound estimate of eta = 6.293628e+00
upper bound estimate of delta = 2.000000e-03
lower bound estimate of delta = -5.000000e-03
minimum found at:
    iteration	            R	          eta	        delta	            E	         dEdR	       dEdeta	     dEddelta	    grad norm
            2	 2.592309e+00	 6.323628e+00	 5.954287e-12	 2.895637e-01	 5.983728e-09	 0.000000e+00	 0.000000e+00	 5.983728e-09
success!


parameter values for minimization:
K33 = 2.000000e+01
k24 = -8.200000e-01
Lambda = 1.000000e-01
d0 = 1.000000e+00
omega = 1.000000e-02
gamma_s = 1.400000e-01
initial guesses for R, eta, and delta:
guess for R = 2.592309e+00
guess for eta = 6.323628e+00
guess for delta = 5.954287e-12
estimated ranges of R, eta, and delta:
upper bound estimate of R = 3.888464e+00
lower bound estimate of R = 1.944232e+00
upper bound estimate of eta = 6.353628e+00
lower bound estimate of eta = 6.293628e+00
upper bound estimate of delta = 2.000000e-03
lower bound estimate of delta = -5.000000e-03
minimum found at:
    iteration	            R	          eta	        delta	            E	         dEdR	       dEdeta	     dEddelta	    grad norm
            2	 2.696630e+00	 6.323628e+00	 1.323731e-12	 2.925439e-01	 5.601847e-09	 3.083953e-11	 2.379049e-09	 6.086174e-09
success!


parameter values for minimization:
K33 = 2.000000e+01
k24 = -8.200000e-01
Lambda = 1.000000e-01
d0 = 1.000000e+00
omega = 1.000000e-02
gamma_s = 1.439394e-01
initial guesses for R, eta, and delta:
guess for R = 2.696630e+00
guess for eta = 6.323628e+00
guess for delta = 1.323731e-12
estimated ranges of R, eta, and delta:
upper bound estimate of R = 4.044945e+00
lower bound estimate of R = 2.022473e+00
upper bound estimate of eta = 6.353628e+00
lower bound estimate of eta = 6.293628e+00
upper bound estimate of delta = 2.000000e-03
lower bound estimate of delta = -5.000000e-03
minimum found at:
    iteration	            R	          eta	        delta	            E	         dEdR	       dEdeta	     dEddelta	    grad norm
            2	 2.805479e+00	 6.323628e+00	 1.609806e-12	 2.954086e-01	 5.352199e-09	 4.934325e-10	 0.000000e+00	 5.374896e-09
success!


parameter values for minimization:
K33 = 2.000000e+01
k24 = -8.200000e-01
Lambda = 1.000000e-01
d0 = 1.000000e+00
omega = 1.000000e-02
gamma_s = 1.478788e-01
initial guesses for R, eta, and delta:
guess for R = 2.805479e+00
guess for eta = 6.323628e+00
guess for delta = 1.609806e-12
estimated ranges of R, eta, and delta:
upper bound estimate of R = 4.208219e+00
lower bound estimate of R = 2.104109e+00
upper bound estimate of eta = 6.353628e+00
lower bound estimate of eta = 6.293628e+00
upper bound estimate of delta = 2.000000e-03
lower bound estimate of delta = -5.000000e-03
minimum found at:
    iteration	            R	          eta	        delta	            E	         dEdR	       dEdeta	     dEddelta	    grad norm
            2	 2.919497e+00	 6.323628e+00	 1.663396e-12	 2.981618e-01	 5.078584e-09	-6.167906e-11	 0.000000e+00	 5.078959e-09
success!


parameter values for minimization:
K33 = 2.000000e+01
k24 = -8.200000e-01
Lambda = 1.000000e-01
d0 = 1.000000e+00
omega = 1.000000e-02
gamma_s = 1.518182e-01
initial guesses for R, eta, and delta:
guess for R = 2.919497e+00
guess for eta = 6.323628e+00
guess for delta = 1.663396e-12
estimated ranges of R, eta, and delta:
upper bound estimate of R = 4.379245e+00
lower bound estimate of R = 2.189623e+00
upper bound estimate of eta = 6.353628e+00
lower bound estimate of eta = 6.293628e+00
upper bound estimate of delta = 2.000000e-03
lower bound estimate of delta = -5.000000e-03
minimum found at:
    iteration	            R	          eta	        delta	            E	         dEdR	       dEdeta	     dEddelta	    grad norm
            2	 3.039528e+00	 6.323628e+00	-8.139071e-13	 3.008070e-01	 4.859119e-09	 0.000000e+00	 5.286776e-10	 4.887795e-09
success!


parameter values for minimization:
K33 = 2.000000e+01
k24 = -8.200000e-01
Lambda = 1.000000e-01
d0 = 1.000000e+00
omega = 1.000000e-02
gamma_s = 1.557576e-01
initial guesses for R, eta, and delta:
guess for R = 3.039528e+00
guess for eta = 6.323628e+00
guess for delta = -8.139071e-13
estimated ranges of R, eta, and delta:
upper bound estimate of R = 4.559292e+00
lower bound estimate of R = 2.279646e+00
upper bound estimate of eta = 6.353628e+00
lower bound estimate of eta = 6.293628e+00
upper bound estimate of delta = 2.000000e-03
lower bound estimate of delta = -5.000000e-03
minimum found at:
    iteration	            R	          eta	        delta	            E	         dEdR	       dEdeta	     dEddelta	    grad norm
            2	 3.166714e+00	 6.323628e+00	 2.102360e-12	 3.033469e-01	 4.634765e-09	 0.000000e+00	 2.114711e-09	 5.094413e-09
success!


parameter values for minimization:
K33 = 2.000000e+01
k24 = -8.200000e-01
Lambda = 1.000000e-01
d0 = 1.000000e+00
omega = 1.000000e-02
gamma_s = 1.596970e-01
initial guesses for R, eta, and delta:
guess for R = 3.166714e+00
guess for eta = 6.323628e+00
guess for delta = 2.102360e-12
estimated ranges of R, eta, and delta:
upper bound estimate of R = 4.750071e+00
lower bound estimate of R = 2.375036e+00
upper bound estimate of eta = 6.353628e+00
lower bound estimate of eta = 6.293628e+00
upper bound estimate of delta = 2.000000e-03
lower bound estimate of delta = -5.000000e-03
minimum found at:
    iteration	            R	          eta	        delta	            E	         dEdR	       dEdeta	     dEddelta	    grad norm
            2	 3.302678e+00	 6.323628e+00	 2.441675e-12	 3.057835e-01	 4.399534e-09	 0.000000e+00	-2.643388e-10	 4.407468e-09
success!


parameter values for minimization:
K33 = 2.000000e+01
k24 = -8.200000e-01
Lambda = 1.000000e-01
d0 = 1.000000e+00
omega = 1.000000e-02
gamma_s = 1.636364e-01
initial guesses for R, eta, and delta:
guess for R = 3.302678e+00
guess for eta = 6.323628e+00
guess for delta = 2.441675e-12
estimated ranges of R, eta, and delta:
upper bound estimate of R = 4.954017e+00
lower bound estimate of R = 2.477008e+00
upper bound estimate of eta = 6.353628e+00
lower bound estimate of eta = 6.293628e+00
upper bound estimate of delta = 2.000000e-03
lower bound estimate of delta = -5.000000e-03
minimum found at:
    iteration	            R	          eta	        delta	            E	         dEdR	       dEdeta	     dEddelta	    grad norm
            2	 3.449862e+00	 6.323628e+00	 2.382950e-12	 3.081182e-01	 4.102627e-09	 6.167906e-11	-3.965082e-09	 5.705894e-09
success!


parameter values for minimization:
K33 = 2.000000e+01
k24 = -8.200000e-01
Lambda = 1.000000e-01
d0 = 1.000000e+00
omega = 1.000000e-02
gamma_s = 1.675758e-01
initial guesses for R, eta, and delta:
guess for R = 3.449862e+00
guess for eta = 6.323628e+00
guess for delta = 2.382950e-12
estimated ranges of R, eta, and delta:
upper bound estimate of R = 5.174793e+00
lower bound estimate of R = 2.587397e+00
upper bound estimate of eta = 6.353628e+00
lower bound estimate of eta = 6.293628e+00
upper bound estimate of delta = 2.000000e-03
lower bound estimate of delta = -5.000000e-03
minimum found at:
    iteration	            R	          eta	        delta	            E	         dEdR	       dEdeta	     dEddelta	    grad norm
            2	 3.612269e+00	 6.323628e+00	 2.405371e-12	 3.103509e-01	 3.772406e-09	-6.167906e-11	 2.643388e-10	 3.782159e-09
success!


parameter values for minimization:
K33 = 2.000000e+01
k24 = -8.200000e-01
Lambda = 1.000000e-01
d0 = 1.000000e+00
omega = 1.000000e-02
gamma_s = 1.715152e-01
initial guesses for R, eta, and delta:
guess for R = 3.612269e+00
guess for eta = 6.323628e+00
guess for delta = 2.405371e-12
estimated ranges of R, eta, and delta:
upper bound estimate of R = 5.418404e+00
lower bound estimate of R = 2.709202e+00
upper bound estimate of eta = 6.353628e+00
lower bound estimate of eta = 6.293628e+00
upper bound estimate of delta = 2.000000e-03
lower bound estimate of delta = -5.000000e-03
minimum found at:
    iteration	            R	          eta	        delta	            E	         dEdR	       dEdeta	     dEddelta	    grad norm
            2	 3.797363e+00	 6.323628e+00	 1.319568e-12	 3.124793e-01	-3.414976e-11	 3.083953e-11	-2.643388e-10	 2.683138e-10
success!


parameter values for minimization:
K33 = 2.000000e+01
k24 = -8.200000e-01
Lambda = 1.000000e-01
d0 = 1.000000e+00
omega = 1.000000e-02
gamma_s = 1.754545e-01
initial guesses for R, eta, and delta:
guess for R = 3.797363e+00
guess for eta = 6.323628e+00
guess for delta = 1.319568e-12
estimated ranges of R, eta, and delta:
upper bound estimate of R = 5.696044e+00
lower bound estimate of R = 2.848022e+00
upper bound estimate of eta = 6.353628e+00
lower bound estimate of eta = 6.293628e+00
upper bound estimate of delta = 2.000000e-03
lower bound estimate of delta = -5.000000e-03
minimum found at:
    iteration	            R	          eta	        delta	            E	         dEdR	       dEdeta	     dEddelta	    grad norm
            2	 4.022739e+00	 6.323628e+00	 7.939821e-12	 3.144973e-01	 3.898225e-12	 6.167906e-11	 2.643388e-09	 2.644111e-09
success!


parameter values for minimization:
K33 = 2.000000e+01
k24 = -8.200000e-01
Lambda = 1.000000e-01
d0 = 1.000000e+00
omega = 1.000000e-02
gamma_s = 1.793939e-01
initial guesses for R, eta, and delta:
guess for R = 4.022739e+00
guess for eta = 6.323628e+00
guess for delta = 7.939821e-12
estimated ranges of R, eta, and delta:
upper bound estimate of R = 6.034108e+00
lower bound estimate of R = 3.017054e+00
upper bound estimate of eta = 6.353628e+00
lower bound estimate of eta = 6.293628e+00
upper bound estimate of delta = 2.000000e-03
lower bound estimate of delta = -5.000000e-03
ss=-2.580747660406e+01, lastss = -2.581113377890e+01
tol = 6.015408960761e-13
failed to integrate at x = (1.515718e+01,6.323628e+00,-4.476476e-10)
interpolating at R = 1.515718e+01, eta = 6.323628e+00, delta = -4.476476e-10...
done interpolating.
ss=1.393553429432e+03, lastss = 8.424359814835e+03
tol = 6.015408973293e-13
failed to integrate at x = (1.515718e+01,6.323628e+00,-4.476476e-10)
interpolating at R = 1.515718e+01, eta = 6.323628e+00, delta = -4.476476e-10...
done interpolating.
ss=3.115584149989e+01, lastss = 6.465229036261e+01
tol = 6.015408965258e-13
failed to integrate at x = (1.515718e+01,6.323628e+00,-4.476476e-10)
interpolating at R = 1.515718e+01, eta = 6.323628e+00, delta = -4.476476e-10...
done interpolating.
ss=1.662383292703e+02, lastss = 3.606572034836e+02
tol = 6.015408960944e-13
failed to integrate at x = (1.515718e+01,6.323628e+00,-4.476476e-10)
failed calculation!
failed calculation!
failed calculation!
failed calculation!
failed calculation!
failed calculation!
failed calculation!
failed calculation!
failed calculation!
failed calculation!
failed calculation!
failed calculation!
failed calculation!
failed calculation!
failed calculation!
failed calculation!
failed calculation!
failed calculation!
failed calculation!
failed calculation!
failed calculation!
failed calculation!
failed calculation!
failed calculation!
minimum found at:
    iteration	            R	          eta	        delta	            E	         dEdR	       dEdeta	     dEddelta	    grad norm
            1	 5.259731e+00	 6.323628e+00	-4.267414e-11	1.000000e+300	 0.000000e+00	 0.000000e+00	 0.000000e+00	 0.000000e+00
success!


parameter values for minimization:
K33 = 2.000000e+01
k24 = -8.200000e-01
Lambda = 1.000000e-01
d0 = 1.000000e+00
omega = 1.000000e-02
gamma_s = 1.793939e-01
initial guesses for R, eta, and delta:
guess for R = 1.000000e+00
guess for eta = 6.323628e+00
guess for delta = -4.267414e-11
estimated ranges of R, eta, and delta:
upper bound estimate of R = 1.500000e+00
lower bound estimate of R = 7.500000e-01
upper bound estimate of eta = 6.353628e+00
lower bound estimate of eta = 6.293628e+00
upper bound estimate of delta = 2.000000e-03
lower bound estimate of delta = -5.000000e-03
ss=1.425968643136e+06, lastss = 2.264438726565e+06
tol = 1.538830163529e-13
failed to integrate at x = (7.517875e+00,6.323628e+00,-3.503622e-08)
interpolating at R = 7.517875e+00, eta = 6.323628e+00, delta = -3.503622e-08...
done interpolating.
ss=2.040398081434e+07, lastss = 4.105970465632e+07
tol = 1.538830152875e-13
failed to integrate at x = (7.517875e+00,6.323628e+00,-3.503622e-08)
interpolating at R = 7.517875e+00, eta = 6.323628e+00, delta = -3.503622e-08...
done interpolating.
ss=4.790990530941e+08, lastss = 9.581633436977e+08
tol = 1.538830141874e-13
failed to integrate at x = (7.517875e+00,6.323628e+00,-3.503622e-08)
interpolating at R = 7.517875e+00, eta = 6.323628e+00, delta = -3.503622e-08...
done interpolating.
ss=1.632243061032e+10, lastss = 3.264486122712e+10
tol = 1.538830134202e-13
failed to integrate at x = (7.517875e+00,6.323628e+00,-3.503622e-08)
solvde convergence failed when x = (7.517875e+00,6.323628e+00,-3.503622e-08).
Retrying using a constant y value
ss=1.634174528262e+10, lastss = 3.288510873721e+10
tol = 1.539386139177e-13
failed to integrate at x = (7.517875e+00,6.323628e+00,-3.503622e-08)
failed calculation!
failed calculation!
failed calculation!
failed calculation!
abserr is 1.332268e+290, but the convergence criterion CONV_min*(1+p->Escale) is 1.316663e-08!
failed calculation!
failed calculation!
failed calculation!
failed calculation!
failed calculation!
failed calculation!
failed calculation!
failed calculation!
failed calculation!
failed calculation!
failed calculation!
failed calculation!
failed calculation!
failed calculation!
failed calculation!
failed calculation!
abserr is 1.332268e+290, but the convergence criterion CONV_min*(1+p->Escale) is 1.316663e-08!
failed calculation!
failed calculation!
failed calculation!
failed calculation!
abserr is 1.332268e+290, but the convergence criterion CONV_min*(1+p->Escale) is 1.316663e-08!
failed calculation!
failed calculation!
failed calculation!
failed calculation!
abserr is 1.332268e+290, but the convergence criterion CONV_min*(1+p->Escale) is 1.316663e-08!
minimum found at:
    iteration	            R	          eta	        delta	            E	         dEdR	       dEdeta	     dEddelta	    grad norm
            2	 7.517875e+00	 6.323628e+00	-3.621591e-11	1.000000e+300	 0.000000e+00	 0.000000e+00	 0.000000e+00	 0.000000e+00
success!
Trying again with Rguess = 1.0
Last guess for Ri was 1.0, setting delta = 0.0
Trying again with Rguess = 1.0
Took 0.04368482298321194 hours to complete.
