Restoring modules from user's standard_modules
parameter values for minimization:
K33 = 3.000000e+01
k24 = 5.000000e-01
Lambda = 1.000000e+00
d0 = 1.000000e+00
omega = 2.000000e+00
gamma_s = 2.000000e-02
initial guesses for R, eta, and delta:
guess for R = 1.000000e-01
guess for eta = 6.300000e+00
guess for delta = 8.100000e-01
estimated ranges of R, eta, and delta:
upper bound estimate of R = 5.000000e-01
lower bound estimate of R = 1.000000e-02
upper bound estimate of eta = 6.350000e+00
lower bound estimate of eta = 6.290000e+00
upper bound estimate of delta = 8.160000e-01
lower bound estimate of delta = 8.000000e-01
    iteration	            R	          eta	        delta	            E	         dEdR	       dEdeta	     dEddelta	    grad norm
a-alpha = 7.677216e-09, fpa = 2.538284e-09
a-alpha = -2.313277e-08, fpa = -8.701419e-10
a-alpha = -3.518698e-08, fpa = -6.657731e-10
a-alpha = 8.239115e-09, fpa = 7.567030e-10
a-alpha = -1.995049e-09, fpa = -8.741577e-09
a-alpha = 1.069494e-08, fpa = 2.322503e-10
minimum found at:
           27	 9.304310e-02	 6.307329e+00	 8.128727e-01	-9.848170e-01	-3.328294e-09	-1.033263e-07	-8.520962e-07	 8.583445e-07
psi(R) = 1.28e-01
parameter values for minimization:
K33 = 3.000000e+01
k24 = 5.000000e-01
Lambda = 1.000000e+00
d0 = 1.000000e+00
omega = 2.000000e+00
gamma_s = 3.000000e-02
initial guesses for R, eta, and delta:
guess for R = 9.304310e-02
guess for eta = 6.307329e+00
guess for delta = 8.128727e-01
estimated ranges of R, eta, and delta:
upper bound estimate of R = 1.395647e-01
lower bound estimate of R = 6.978233e-02
upper bound estimate of eta = 6.407329e+00
lower bound estimate of eta = 6.287329e+00
upper bound estimate of delta = 8.180000e-01
lower bound estimate of delta = 8.100000e-01
    iteration	            R	          eta	        delta	            E	         dEdR	       dEdeta	     dEddelta	    grad norm
a-alpha = -3.311812e-07, fpa = -5.225463e-10
a-alpha = 5.975517e-08, fpa = 2.030337e-09
minimum found at:
           38	 1.245620e-01	 6.316645e+00	 8.091845e-01	-7.996828e-01	-1.468475e-07	-5.081685e-08	-1.112536e-06	 1.123336e-06
psi(R) = 1.52e-01
parameter values for minimization:
K33 = 3.000000e+01
k24 = 5.000000e-01
Lambda = 1.000000e+00
d0 = 1.000000e+00
omega = 2.000000e+00
gamma_s = 4.000000e-02
initial guesses for R, eta, and delta:
guess for R = 1.245620e-01
guess for eta = 6.316645e+00
guess for delta = 8.091845e-01
estimated ranges of R, eta, and delta:
upper bound estimate of R = 1.868430e-01
lower bound estimate of R = 9.342150e-02
upper bound estimate of eta = 6.416645e+00
lower bound estimate of eta = 6.296645e+00
upper bound estimate of delta = 8.180000e-01
lower bound estimate of delta = 7.687253e-01
    iteration	            R	          eta	        delta	            E	         dEdR	       dEdeta	     dEddelta	    grad norm
a-alpha = -8.808350e-09, fpa = -6.959022e-10
minimum found at:
           24	 1.563304e-01	 6.325228e+00	 8.044546e-01	-6.566405e-01	-1.538188e-07	 6.843291e-08	 1.788233e-07	 2.456035e-07
psi(R) = 1.72e-01
parameter values for minimization:
K33 = 3.000000e+01
k24 = 5.000000e-01
Lambda = 1.000000e+00
d0 = 1.000000e+00
omega = 2.000000e+00
gamma_s = 5.000000e-02
initial guesses for R, eta, and delta:
guess for R = 1.563304e-01
guess for eta = 6.325228e+00
guess for delta = 8.044546e-01
estimated ranges of R, eta, and delta:
upper bound estimate of R = 2.344956e-01
lower bound estimate of R = 1.172478e-01
upper bound estimate of eta = 6.425228e+00
lower bound estimate of eta = 6.305228e+00
upper bound estimate of delta = 8.180000e-01
lower bound estimate of delta = 7.642319e-01
    iteration	            R	          eta	        delta	            E	         dEdR	       dEdeta	     dEddelta	    grad norm
minimum found at:
           13	 1.884075e-01	 6.333024e+00	 7.989646e-01	-5.402567e-01	 1.386266e-07	-2.103256e-08	-4.691993e-07	 4.897016e-07
psi(R) = 1.89e-01
parameter values for minimization:
K33 = 3.000000e+01
k24 = 5.000000e-01
Lambda = 1.000000e+00
d0 = 1.000000e+00
omega = 2.000000e+00
gamma_s = 6.000000e-02
initial guesses for R, eta, and delta:
guess for R = 1.884075e-01
guess for eta = 6.333024e+00
guess for delta = 7.989646e-01
estimated ranges of R, eta, and delta:
upper bound estimate of R = 2.826112e-01
lower bound estimate of R = 1.413056e-01
upper bound estimate of eta = 6.433024e+00
lower bound estimate of eta = 6.313024e+00
upper bound estimate of delta = 8.180000e-01
lower bound estimate of delta = 7.590164e-01
    iteration	            R	          eta	        delta	            E	         dEdR	       dEdeta	     dEddelta	    grad norm
a-alpha = -3.733190e-08, fpa = -3.757409e-10
minimum found at:
           22	 2.208165e-01	 6.340021e+00	 7.930269e-01	-4.422904e-01	 1.045098e-07	-1.313918e-07	 3.883722e-08	 1.723207e-07
psi(R) = 2.04e-01
parameter values for minimization:
K33 = 3.000000e+01
k24 = 5.000000e-01
Lambda = 1.000000e+00
d0 = 1.000000e+00
omega = 2.000000e+00
gamma_s = 7.000000e-02
initial guesses for R, eta, and delta:
guess for R = 2.208165e-01
guess for eta = 6.340021e+00
guess for delta = 7.930269e-01
estimated ranges of R, eta, and delta:
upper bound estimate of R = 3.312248e-01
lower bound estimate of R = 1.656124e-01
upper bound estimate of eta = 6.440021e+00
lower bound estimate of eta = 6.320021e+00
upper bound estimate of delta = 8.180000e-01
lower bound estimate of delta = 7.533756e-01
    iteration	            R	          eta	        delta	            E	         dEdR	       dEdeta	     dEddelta	    grad norm
minimum found at:
           21	 2.537096e-01	 6.346260e+00	 7.869213e-01	-3.578424e-01	-3.127297e-08	 2.888122e-08	 3.404427e-08	 5.450812e-08
psi(R) = 2.16e-01
parameter values for minimization:
K33 = 3.000000e+01
k24 = 5.000000e-01
Lambda = 1.000000e+00
d0 = 1.000000e+00
omega = 2.000000e+00
gamma_s = 8.000000e-02
initial guesses for R, eta, and delta:
guess for R = 2.537096e-01
guess for eta = 6.346260e+00
guess for delta = 7.869213e-01
estimated ranges of R, eta, and delta:
upper bound estimate of R = 3.805644e-01
lower bound estimate of R = 1.902822e-01
upper bound estimate of eta = 6.446260e+00
lower bound estimate of eta = 6.326260e+00
upper bound estimate of delta = 8.180000e-01
lower bound estimate of delta = 7.475752e-01
    iteration	            R	          eta	        delta	            E	         dEdR	       dEdeta	     dEddelta	    grad norm
minimum found at:
           14	 2.873705e-01	 6.351808e+00	 7.808776e-01	-2.837991e-01	 2.469986e-08	 2.397773e-08	 9.511350e-09	 3.571387e-08
psi(R) = 2.27e-01
parameter values for minimization:
K33 = 3.000000e+01
k24 = 5.000000e-01
Lambda = 1.000000e+00
d0 = 1.000000e+00
omega = 2.000000e+00
gamma_s = 9.000000e-02
initial guesses for R, eta, and delta:
guess for R = 2.873705e-01
guess for eta = 6.351808e+00
guess for delta = 7.808776e-01
estimated ranges of R, eta, and delta:
upper bound estimate of R = 4.310557e-01
lower bound estimate of R = 2.155279e-01
upper bound estimate of eta = 6.451808e+00
lower bound estimate of eta = 6.331808e+00
upper bound estimate of delta = 8.180000e-01
lower bound estimate of delta = 7.418337e-01
    iteration	            R	          eta	        delta	            E	         dEdR	       dEdeta	     dEddelta	    grad norm
minimum found at:
           19	 3.221932e-01	 6.356741e+00	 7.750816e-01	-2.180818e-01	 9.388027e-09	-6.151715e-08	 3.668370e-09	 6.233740e-08
psi(R) = 2.36e-01
parameter values for minimization:
K33 = 3.000000e+01
k24 = 5.000000e-01
Lambda = 1.000000e+00
d0 = 1.000000e+00
omega = 2.000000e+00
gamma_s = 1.000000e-01
initial guesses for R, eta, and delta:
guess for R = 3.221932e-01
guess for eta = 6.356741e+00
guess for delta = 7.750816e-01
estimated ranges of R, eta, and delta:
upper bound estimate of R = 4.832898e-01
lower bound estimate of R = 2.416449e-01
upper bound estimate of eta = 6.456741e+00
lower bound estimate of eta = 6.336741e+00
upper bound estimate of delta = 8.180000e-01
lower bound estimate of delta = 7.363275e-01
    iteration	            R	          eta	        delta	            E	         dEdR	       dEdeta	     dEddelta	    grad norm
a-alpha = 7.470302e-08, fpa = 1.558612e-10
minimum found at:
           21	 3.586830e-01	 6.361130e+00	 7.696903e-01	-1.592494e-01	 3.613527e-08	-3.153342e-08	 3.319104e-08	 5.832460e-08
psi(R) = 2.44e-01
parameter values for minimization:
K33 = 3.000000e+01
k24 = 5.000000e-01
Lambda = 1.000000e+00
d0 = 1.000000e+00
omega = 2.000000e+00
gamma_s = 1.100000e-01
initial guesses for R, eta, and delta:
guess for R = 3.586830e-01
guess for eta = 6.361130e+00
guess for delta = 7.696903e-01
estimated ranges of R, eta, and delta:
upper bound estimate of R = 5.380245e-01
lower bound estimate of R = 2.690122e-01
upper bound estimate of eta = 6.461130e+00
lower bound estimate of eta = 6.341130e+00
upper bound estimate of delta = 8.180000e-01
lower bound estimate of delta = 7.312058e-01
    iteration	            R	          eta	        delta	            E	         dEdR	       dEdeta	     dEddelta	    grad norm
a-alpha = -5.412053e-08, fpa = -1.109142e-09
a-alpha = 1.126221e-08, fpa = 1.728965e-09
a-alpha = 3.936833e-08, fpa = 1.291994e-09
a-alpha = -2.362999e-08, fpa = -4.084115e-10
minimum found at:
           21	 3.974888e-01	 6.365036e+00	 7.648473e-01	-1.062734e-01	 6.068461e-09	 4.001429e-08	-1.283621e-07	 1.345912e-07
psi(R) = 2.51e-01
parameter values for minimization:
K33 = 3.000000e+01
k24 = 5.000000e-01
Lambda = 1.000000e+00
d0 = 1.000000e+00
omega = 2.000000e+00
gamma_s = 1.200000e-01
initial guesses for R, eta, and delta:
guess for R = 3.974888e-01
guess for eta = 6.365036e+00
guess for delta = 7.648473e-01
estimated ranges of R, eta, and delta:
upper bound estimate of R = 5.962332e-01
lower bound estimate of R = 2.981166e-01
upper bound estimate of eta = 6.465036e+00
lower bound estimate of eta = 6.345036e+00
upper bound estimate of delta = 8.180000e-01
lower bound estimate of delta = 7.266049e-01
    iteration	            R	          eta	        delta	            E	         dEdR	       dEdeta	     dEddelta	    grad norm
minimum found at:
           19	 4.394786e-01	 6.368515e+00	 7.606978e-01	-5.840624e-02	 1.792700e-08	 3.274387e-08	 1.336733e-08	 3.965128e-08
psi(R) = 2.57e-01
parameter values for minimization:
K33 = 3.000000e+01
k24 = 5.000000e-01
Lambda = 1.000000e+00
d0 = 1.000000e+00
omega = 2.000000e+00
gamma_s = 1.300000e-01
initial guesses for R, eta, and delta:
guess for R = 4.394786e-01
guess for eta = 6.368515e+00
guess for delta = 7.606978e-01
estimated ranges of R, eta, and delta:
upper bound estimate of R = 6.592179e-01
lower bound estimate of R = 3.296090e-01
upper bound estimate of eta = 6.468515e+00
lower bound estimate of eta = 6.348515e+00
upper bound estimate of delta = 8.180000e-01
lower bound estimate of delta = 7.226629e-01
    iteration	            R	          eta	        delta	            E	         dEdR	       dEdeta	     dEddelta	    grad norm
minimum found at:
           16	 4.858892e-01	 6.371618e+00	 7.574038e-01	-1.510325e-02	 1.177832e-08	-4.790674e-08	-1.288012e-07	 1.379258e-07
psi(R) = 2.63e-01
parameter values for minimization:
K33 = 3.000000e+01
k24 = 5.000000e-01
Lambda = 1.000000e+00
d0 = 1.000000e+00
omega = 2.000000e+00
gamma_s = 1.400000e-01
initial guesses for R, eta, and delta:
guess for R = 4.858892e-01
guess for eta = 6.371618e+00
guess for delta = 7.574038e-01
estimated ranges of R, eta, and delta:
upper bound estimate of R = 7.288338e-01
lower bound estimate of R = 3.644169e-01
upper bound estimate of eta = 6.471618e+00
lower bound estimate of eta = 6.351618e+00
upper bound estimate of delta = 8.180000e-01
lower bound estimate of delta = 7.195336e-01
    iteration	            R	          eta	        delta	            E	         dEdR	       dEdeta	     dEddelta	    grad norm
a-alpha = -1.365465e-07, fpa = -1.064148e-09
minimum found at:
           12	 5.386297e-01	 6.374405e+00	 7.551661e-01	 2.402246e-02	-3.448976e-08	-1.146845e-07	 7.333295e-09	 1.199827e-07
psi(R) = 2.67e-01
parameter values for minimization:
K33 = 3.000000e+01
k24 = 5.000000e-01
Lambda = 1.000000e+00
d0 = 1.000000e+00
omega = 2.000000e+00
gamma_s = 1.500000e-01
initial guesses for R, eta, and delta:
guess for R = 5.386297e-01
guess for eta = 6.374405e+00
guess for delta = 7.551661e-01
estimated ranges of R, eta, and delta:
upper bound estimate of R = 8.079445e-01
lower bound estimate of R = 4.039723e-01
upper bound estimate of eta = 6.474405e+00
lower bound estimate of eta = 6.354405e+00
upper bound estimate of delta = 8.180000e-01
lower bound estimate of delta = 7.174078e-01
    iteration	            R	          eta	        delta	            E	         dEdR	       dEdeta	     dEddelta	    grad norm
a-alpha = 1.011872e-07, fpa = 1.725064e-09
minimum found at:
           10	 6.009697e-01	 6.376957e+00	 7.542642e-01	 5.921911e-02	-3.624504e-08	 7.586358e-08	 7.340438e-08	 1.116118e-07
psi(R) = 2.71e-01
parameter values for minimization:
K33 = 3.000000e+01
k24 = 5.000000e-01
Lambda = 1.000000e+00
d0 = 1.000000e+00
omega = 2.000000e+00
gamma_s = 1.600000e-01
initial guesses for R, eta, and delta:
guess for R = 6.009697e-01
guess for eta = 6.376957e+00
guess for delta = 7.542642e-01
estimated ranges of R, eta, and delta:
upper bound estimate of R = 9.014546e-01
lower bound estimate of R = 4.507273e-01
upper bound estimate of eta = 6.476957e+00
lower bound estimate of eta = 6.356957e+00
upper bound estimate of delta = 8.180000e-01
lower bound estimate of delta = 7.165510e-01
    iteration	            R	          eta	        delta	            E	         dEdR	       dEdeta	     dEddelta	    grad norm
minimum found at:
           12	 6.794107e-01	 6.379438e+00	 7.551551e-01	 9.058592e-02	-2.741726e-08	-7.053771e-08	-4.087455e-08	 8.601165e-08
psi(R) = 2.75e-01
parameter values for minimization:
K33 = 3.000000e+01
k24 = 5.000000e-01
Lambda = 1.000000e+00
d0 = 1.000000e+00
omega = 2.000000e+00
gamma_s = 1.700000e-01
initial guesses for R, eta, and delta:
guess for R = 6.794107e-01
guess for eta = 6.379438e+00
guess for delta = 7.551551e-01
estimated ranges of R, eta, and delta:
upper bound estimate of R = 1.019116e+00
lower bound estimate of R = 5.095580e-01
upper bound estimate of eta = 6.479438e+00
lower bound estimate of eta = 6.359438e+00
upper bound estimate of delta = 8.180000e-01
lower bound estimate of delta = 7.173973e-01
    iteration	            R	          eta	        delta	            E	         dEdR	       dEdeta	     dEddelta	    grad norm
minimum found at:
           13	 7.906640e-01	 6.382307e+00	 7.588099e-01	 1.179991e-01	-3.786021e-08	 5.379185e-08	 2.771806e-08	 7.138101e-08
psi(R) = 2.78e-01
parameter values for minimization:
K33 = 3.000000e+01
k24 = 5.000000e-01
Lambda = 1.000000e+00
d0 = 1.000000e+00
omega = 2.000000e+00
gamma_s = 1.800000e-01
initial guesses for R, eta, and delta:
guess for R = 7.906640e-01
guess for eta = 6.382307e+00
guess for delta = 7.588099e-01
estimated ranges of R, eta, and delta:
upper bound estimate of R = 1.185996e+00
lower bound estimate of R = 5.929980e-01
upper bound estimate of eta = 6.482307e+00
lower bound estimate of eta = 6.362307e+00
upper bound estimate of delta = 8.180000e-01
lower bound estimate of delta = 7.208694e-01
    iteration	            R	          eta	        delta	            E	         dEdR	       dEdeta	     dEddelta	    grad norm
minimum found at:
           20	 1.017352e+00	 6.388078e+00	 7.690362e-01	 1.407412e-01	 9.216246e-09	-1.037210e-07	 5.127150e-08	 1.160679e-07
psi(R) = 2.81e-01
parameter values for minimization:
K33 = 3.000000e+01
k24 = 5.000000e-01
Lambda = 1.000000e+00
d0 = 1.000000e+00
omega = 2.000000e+00
gamma_s = 1.900000e-01
initial guesses for R, eta, and delta:
guess for R = 1.017352e+00
guess for eta = 6.388078e+00
guess for delta = 7.690362e-01
estimated ranges of R, eta, and delta:
upper bound estimate of R = 1.526028e+00
lower bound estimate of R = 7.630140e-01
upper bound estimate of eta = 6.488078e+00
lower bound estimate of eta = 6.368078e+00
upper bound estimate of delta = 8.180000e-01
lower bound estimate of delta = 7.305844e-01
    iteration	            R	          eta	        delta	            E	         dEdR	       dEdeta	     dEddelta	    grad norm
likely a maximizing (vs minimizing) solution for psi(r), as y[1][2]=-1.883037e-04  which usually means high energy.
solvde convergence failed when x = (5.101919e+00,6.623371e+00,8.378460e-01).
Retrying using a constant y value
a-alpha = 5.826784e-07, fpa = 1.997092e-11
a-alpha = 2.890802e-07, fpa = 1.611555e-11
minimum found at:
           31	 4.191012e+00	 6.478406e+00	 8.081817e-01	 1.513833e-01	 1.438074e-09	 1.003827e-08	-2.573970e-08	 2.766527e-08
psi(R) = 3.19e-01
parameter values for minimization:
K33 = 3.000000e+01
k24 = 5.000000e-01
Lambda = 1.000000e+00
d0 = 1.000000e+00
omega = 2.000000e+00
gamma_s = 2.000000e-01
initial guesses for R, eta, and delta:
guess for R = 4.191012e+00
guess for eta = 6.478406e+00
guess for delta = 8.081817e-01
estimated ranges of R, eta, and delta:
upper bound estimate of R = 6.286518e+00
lower bound estimate of R = 3.143259e+00
upper bound estimate of eta = 6.578406e+00
lower bound estimate of eta = 6.458406e+00
upper bound estimate of delta = 8.180000e-01
lower bound estimate of delta = 7.677726e-01
    iteration	            R	          eta	        delta	            E	         dEdR	       dEdeta	     dEddelta	    grad norm
minimum found at:
           12	 6.860058e+00	 6.536106e+00	 8.120102e-01	 1.550777e-01	-1.933223e-09	 1.040063e-08	 1.071303e-07	 1.076514e-07
psi(R) = 3.43e-01
